Simulation Starting Time 2021-08-31 06:49:02
Welcome to Network-On-Chip ExpressCube Simulator 
This simulator was designed based on The Discrete Event Simulation.
It's a final year project to obtain the Master Degree
Student developer : Ziraoui Zakaria 
Supervisor: Prof. Mohamed Ould-Khaoua

Network Simulation Parameters :

Topology : 32 x 32 Express Cube with 2 Hops
Number of Nodes  : 1024 
Routing : Dimension-ordered (DOR)
Traffic : Uniform Random
Message length : 32 phits
Injection Rate : 200
Transmission Time Normal  Links : 32 Cycles
Transmission Time Express Links : 32 Cycles
Batch Means Method : Yes

Please wait, Simulation has been started...

Batch N° 1 : Mean Response Time : 357.55 cycles	Mean Waiting Time : 55.01 cycles	Throughput : 2.500
Batch N° 2 : Mean Response Time : 584.05 cycles	Mean Waiting Time : 186.59 cycles	Throughput : 3.752
Batch N° 3 : Mean Response Time : 731.62 cycles	Mean Waiting Time : 322.66 cycles	Throughput : 3.824
Batch N° 4 : Mean Response Time : 834.51 cycles	Mean Waiting Time : 427.83 cycles	Throughput : 3.885
Batch N° 5 : Mean Response Time : 965.23 cycles	Mean Waiting Time : 549.35 cycles	Throughput : 3.834
Batch N° 6 : Mean Response Time : 1054.19 cycles	Mean Waiting Time : 641.95 cycles	Throughput : 3.902
Batch N° 7 : Mean Response Time : 1161.65 cycles	Mean Waiting Time : 751.74 cycles	Throughput : 3.953
Batch N° 8 : Mean Response Time : 1257.77 cycles	Mean Waiting Time : 842.99 cycles	Throughput : 3.960
Batch N° 9 : Mean Response Time : 1360.62 cycles	Mean Waiting Time : 941.83 cycles	Throughput : 3.906
Batch N°10 : Mean Response Time : 1474.35 cycles	Mean Waiting Time : 1058.10 cycles	Throughput : 3.906

End Of The Simulation at T= 5440.00 cycles
Injection Rate : 200
Batch Size : 2000
Number of Batches : 10
Number of Clients Served : 20000
Overall Response Time : 978.15 cycles
Overall Waiting  Time : 577.80 cycles
Overall Throughput : 3.742 
Standard Deviation Response Time : 354.67969 cycles
Standard Deviation Waiting  Time : 330.42960 cycles
Standard Deviation Throughput : 0.440961 