Simulation Starting Time 2021-08-31 06:54:33
Welcome to Network-On-Chip ExpressCube Simulator 
This simulator was designed based on The Discrete Event Simulation.
It's a final year project to obtain the Master Degree
Student developer : Ziraoui Zakaria 
Supervisor: Prof. Mohamed Ould-Khaoua

Network Simulation Parameters :

Topology : 32 x 32 Express Cube with 4 Hops
Number of Nodes  : 1024 
Routing : Dimension-ordered (DOR)
Traffic : Uniform Random
Message length : 32 phits
Injection Rate : 300
Transmission Time Normal  Links : 32 Cycles
Transmission Time Express Links : 32 Cycles
Batch Means Method : Yes

Please wait, Simulation has been started...

Batch N° 1 : Mean Response Time : 279.59 cycles	Mean Waiting Time : 17.70 cycles	Throughput : 3.125
Batch N° 2 : Mean Response Time : 337.40 cycles	Mean Waiting Time : 18.96 cycles	Throughput : 3.472
Batch N° 3 : Mean Response Time : 345.63 cycles	Mean Waiting Time : 25.50 cycles	Throughput : 3.509
Batch N° 4 : Mean Response Time : 351.10 cycles	Mean Waiting Time : 30.57 cycles	Throughput : 3.386
Batch N° 5 : Mean Response Time : 352.70 cycles	Mean Waiting Time : 31.01 cycles	Throughput : 3.369
Batch N° 6 : Mean Response Time : 360.90 cycles	Mean Waiting Time : 33.66 cycles	Throughput : 3.452
Batch N° 7 : Mean Response Time : 360.58 cycles	Mean Waiting Time : 38.40 cycles	Throughput : 3.409
Batch N° 8 : Mean Response Time : 362.04 cycles	Mean Waiting Time : 44.16 cycles	Throughput : 3.424
Batch N° 9 : Mean Response Time : 370.31 cycles	Mean Waiting Time : 47.63 cycles	Throughput : 3.398
Batch N°10 : Mean Response Time : 378.41 cycles	Mean Waiting Time : 50.27 cycles	Throughput : 3.369

End Of The Simulation at T= 5902.75 cycles
Injection Rate : 300
Batch Size : 2000
Number of Batches : 10
Number of Clients Served : 20000
Overall Response Time : 349.87 cycles
Overall Waiting  Time : 33.79 cycles
Overall Throughput : 3.391 
Standard Deviation Response Time : 27.36399 cycles
Standard Deviation Waiting  Time : 11.34049 cycles
Standard Deviation Throughput : 0.104072 