Simulation Starting Time 2021-08-31 07:01:13
Welcome to Network-On-Chip ExpressCube Simulator 
This simulator was designed based on The Discrete Event Simulation.
It's a final year project to obtain the Master Degree
Student developer : Ziraoui Zakaria 
Supervisor: Prof. Mohamed Ould-Khaoua

Network Simulation Parameters :

Topology : 32 x 32 Express Cube with 8 Hops
Number of Nodes  : 1024 
Routing : Dimension-ordered (DOR)
Traffic : Uniform Random
Message length : 32 phits
Injection Rate : 200
Transmission Time Normal  Links : 32 Cycles
Transmission Time Express Links : 32 Cycles
Batch Means Method : Yes

Please wait, Simulation has been started...

Batch N° 1 : Mean Response Time : 314.43 cycles	Mean Waiting Time : 21.84 cycles	Throughput : 3.071
Batch N° 2 : Mean Response Time : 417.18 cycles	Mean Waiting Time : 50.61 cycles	Throughput : 4.546
Batch N° 3 : Mean Response Time : 464.74 cycles	Mean Waiting Time : 84.70 cycles	Throughput : 4.700
Batch N° 4 : Mean Response Time : 491.61 cycles	Mean Waiting Time : 115.36 cycles	Throughput : 4.600
Batch N° 5 : Mean Response Time : 545.68 cycles	Mean Waiting Time : 154.69 cycles	Throughput : 4.555
Batch N° 6 : Mean Response Time : 560.73 cycles	Mean Waiting Time : 175.71 cycles	Throughput : 4.395
Batch N° 7 : Mean Response Time : 591.87 cycles	Mean Waiting Time : 209.02 cycles	Throughput : 4.526
Batch N° 8 : Mean Response Time : 637.51 cycles	Mean Waiting Time : 247.60 cycles	Throughput : 4.543
Batch N° 9 : Mean Response Time : 659.18 cycles	Mean Waiting Time : 277.58 cycles	Throughput : 4.544
Batch N°10 : Mean Response Time : 725.38 cycles	Mean Waiting Time : 331.14 cycles	Throughput : 4.464

End Of The Simulation at T= 4615.86 cycles
Injection Rate : 200
Batch Size : 2000
Number of Batches : 10
Number of Clients Served : 20000
Overall Response Time : 540.83 cycles
Overall Waiting  Time : 166.82 cycles
Overall Throughput : 4.394 
Standard Deviation Response Time : 122.56324 cycles
Standard Deviation Waiting  Time : 100.94946 cycles
Standard Deviation Throughput : 0.471567 