Simulation Starting Time 2021-08-31 06:48:19
Welcome to Network-On-Chip ExpressCube Simulator 
This simulator was designed based on The Discrete Event Simulation.
It's a final year project to obtain the Master Degree
Student developer : Ziraoui Zakaria 
Supervisor: Prof. Mohamed Ould-Khaoua

Network Simulation Parameters :

Topology : 32 x 32 Express Cube with 2 Hops
Number of Nodes  : 1024 
Routing : Dimension-ordered (DOR)
Traffic : Uniform Random
Message length : 32 phits
Injection Rate : 400
Transmission Time Normal  Links : 32 Cycles
Transmission Time Express Links : 32 Cycles
Batch Means Method : Yes

Please wait, Simulation has been started...

Batch N° 1 : Mean Response Time : 390.27 cycles	Mean Waiting Time : 44.54 cycles	Throughput : 2.232
Batch N° 2 : Mean Response Time : 487.00 cycles	Mean Waiting Time : 68.66 cycles	Throughput : 2.777
Batch N° 3 : Mean Response Time : 460.60 cycles	Mean Waiting Time : 49.87 cycles	Throughput : 2.659
Batch N° 4 : Mean Response Time : 442.48 cycles	Mean Waiting Time : 38.93 cycles	Throughput : 2.512
Batch N° 5 : Mean Response Time : 451.45 cycles	Mean Waiting Time : 45.53 cycles	Throughput : 2.635
Batch N° 6 : Mean Response Time : 447.03 cycles	Mean Waiting Time : 42.55 cycles	Throughput : 2.656
Batch N° 7 : Mean Response Time : 447.04 cycles	Mean Waiting Time : 36.56 cycles	Throughput : 2.533
Batch N° 8 : Mean Response Time : 460.20 cycles	Mean Waiting Time : 48.85 cycles	Throughput : 2.672
Batch N° 9 : Mean Response Time : 437.83 cycles	Mean Waiting Time : 41.20 cycles	Throughput : 2.569
Batch N°10 : Mean Response Time : 445.31 cycles	Mean Waiting Time : 42.75 cycles	Throughput : 2.540

End Of The Simulation at T= 7780.06 cycles
Injection Rate : 400
Batch Size : 2000
Number of Batches : 10
Number of Clients Served : 20000
Overall Response Time : 446.92 cycles
Overall Waiting  Time : 45.94 cycles
Overall Throughput : 2.579 
Standard Deviation Response Time : 24.27703 cycles
Standard Deviation Waiting  Time : 8.96441 cycles
Standard Deviation Throughput : 0.146078 