Simulation Starting Time 2021-09-04 04:23:40
Welcome to Network-On-Chip ExpressCube Simulator 
This simulator was designed based on The Discrete Event Simulation.
It's a final year project to obtain the Master Degree
Student developer : Ziraoui Zakaria 
Supervisor: Prof. Mohamed Ould-Khaoua

Network Simulation Parameters :

Topology : 16 x 16 Express Cube with 8 Hops
Number of Nodes  : 256 
Routing : Dimension-ordered (DOR)
Traffic : Hotspot [8][8]
Message length : 32 phits
Injection Rate : 1000
Transmission Time Normal  Links : 160 Cycles
Transmission Time Express Links : 160 Cycles
Batch Means Method : Yes

Please wait, Simulation has been started...

Batch N° 1 : Mean Response Time : 1701.78 cycles	Mean Waiting Time : 303.12 cycles	Throughput : 0.203
Batch N° 2 : Mean Response Time : 2104.96 cycles	Mean Waiting Time : 667.00 cycles	Throughput : 0.223
Batch N° 3 : Mean Response Time : 2399.54 cycles	Mean Waiting Time : 936.36 cycles	Throughput : 0.233
Batch N° 4 : Mean Response Time : 3047.00 cycles	Mean Waiting Time : 1615.34 cycles	Throughput : 0.219
Batch N° 5 : Mean Response Time : 3241.44 cycles	Mean Waiting Time : 1796.02 cycles	Throughput : 0.225
Batch N° 6 : Mean Response Time : 3633.48 cycles	Mean Waiting Time : 2176.39 cycles	Throughput : 0.214
Batch N° 7 : Mean Response Time : 4181.93 cycles	Mean Waiting Time : 2706.09 cycles	Throughput : 0.227
Batch N° 8 : Mean Response Time : 4304.94 cycles	Mean Waiting Time : 2852.24 cycles	Throughput : 0.215
Batch N° 9 : Mean Response Time : 4637.89 cycles	Mean Waiting Time : 3179.05 cycles	Throughput : 0.220
Batch N°10 : Mean Response Time : 4956.50 cycles	Mean Waiting Time : 3493.77 cycles	Throughput : 0.228

End Of The Simulation at T= 90808.85 cycles
Injection Rate : 1000
Batch Size : 2000
Number of Batches : 10
Number of Clients Served : 20000
Overall Response Time : 3420.95 cycles
Overall Waiting  Time : 1972.54 cycles
Overall Throughput : 0.221 
Standard Deviation Response Time : 1112.91699 cycles
Standard Deviation Waiting  Time : 1097.83264 cycles
Standard Deviation Throughput : 0.008602 