Simulation Starting Time 2021-09-02 06:59:45
Welcome to Network-On-Chip ExpressCube Simulator 
This simulator was designed based on The Discrete Event Simulation.
It's a final year project to obtain the Master Degree
Student developer : Ziraoui Zakaria 
Supervisor: Prof. Mohamed Ould-Khaoua

Network Simulation Parameters :

Topology : 32 x 32 Express Cube with 8 Hops
Number of Nodes  : 1024 
Routing : Dimension-ordered (DOR)
Traffic : Uniform Random
Message length : 32 phits
Injection Rate : 350
Transmission Time Normal  Links : 160 Cycles
Transmission Time Express Links : 160 Cycles
Batch Means Method : Yes

Please wait, Simulation has been started...

Batch N° 1 : Mean Response Time : 1435.05 cycles	Mean Waiting Time : 192.00 cycles	Throughput : 0.722
Batch N° 2 : Mean Response Time : 2262.72 cycles	Mean Waiting Time : 630.82 cycles	Throughput : 1.292
Batch N° 3 : Mean Response Time : 2854.41 cycles	Mean Waiting Time : 1112.15 cycles	Throughput : 1.389
Batch N° 4 : Mean Response Time : 3319.99 cycles	Mean Waiting Time : 1563.14 cycles	Throughput : 1.472
Batch N° 5 : Mean Response Time : 3837.87 cycles	Mean Waiting Time : 2039.32 cycles	Throughput : 1.469
Batch N° 6 : Mean Response Time : 4116.13 cycles	Mean Waiting Time : 2361.91 cycles	Throughput : 1.546
Batch N° 7 : Mean Response Time : 4565.56 cycles	Mean Waiting Time : 2780.06 cycles	Throughput : 1.402
Batch N° 8 : Mean Response Time : 4988.14 cycles	Mean Waiting Time : 3201.26 cycles	Throughput : 1.537
Batch N° 9 : Mean Response Time : 5364.38 cycles	Mean Waiting Time : 3566.31 cycles	Throughput : 1.524
Batch N°10 : Mean Response Time : 5775.09 cycles	Mean Waiting Time : 3972.85 cycles	Throughput : 1.443

End Of The Simulation at T= 15200.00 cycles
Injection Rate : 350
Batch Size : 2000
Number of Batches : 10
Number of Clients Served : 20000
Overall Response Time : 3851.93 cycles
Overall Waiting  Time : 2141.98 cycles
Overall Throughput : 1.380 
Standard Deviation Response Time : 1394.48120 cycles
Standard Deviation Waiting  Time : 1267.13086 cycles
Standard Deviation Throughput : 0.243841 