Simulation Starting Time 2021-09-02 06:22:06
Welcome to Network-On-Chip ExpressCube Simulator 
This simulator was designed based on The Discrete Event Simulation.
It's a final year project to obtain the Master Degree
Student developer : Ziraoui Zakaria 
Supervisor: Prof. Mohamed Ould-Khaoua

Network Simulation Parameters :

Topology : 16 x 16 Express Cube with 8 Hops
Number of Nodes  : 256 
Routing : Dimension-ordered (DOR)
Traffic : Uniform Random
Message length : 32 phits
Injection Rate : 50
Transmission Time Normal  Links : 160 Cycles
Transmission Time Express Links : 160 Cycles
Batch Means Method : Yes

Please wait, Simulation has been started...

Batch N° 1 : Mean Response Time : 2923.36 cycles	Mean Waiting Time : 1713.66 cycles	Throughput : 0.357
Batch N° 2 : Mean Response Time : 6879.73 cycles	Mean Waiting Time : 5464.48 cycles	Throughput : 0.446
Batch N° 3 : Mean Response Time : 10502.11 cycles	Mean Waiting Time : 9092.37 cycles	Throughput : 0.463
Batch N° 4 : Mean Response Time : 14100.96 cycles	Mean Waiting Time : 12657.61 cycles	Throughput : 0.481
Batch N° 5 : Mean Response Time : 17654.57 cycles	Mean Waiting Time : 16199.98 cycles	Throughput : 0.481
Batch N° 6 : Mean Response Time : 21110.28 cycles	Mean Waiting Time : 19666.93 cycles	Throughput : 0.481
Batch N° 7 : Mean Response Time : 24640.26 cycles	Mean Waiting Time : 23185.07 cycles	Throughput : 0.481
Batch N° 8 : Mean Response Time : 28338.48 cycles	Mean Waiting Time : 26918.84 cycles	Throughput : 0.446
Batch N° 9 : Mean Response Time : 31976.72 cycles	Mean Waiting Time : 30541.79 cycles	Throughput : 0.481
Batch N°10 : Mean Response Time : 35697.45 cycles	Mean Waiting Time : 34257.54 cycles	Throughput : 0.446

End Of The Simulation at T= 44160.00 cycles
Injection Rate : 50
Batch Size : 2000
Number of Batches : 10
Number of Clients Served : 20000
Overall Response Time : 19382.39 cycles
Overall Waiting  Time : 17969.83 cycles
Overall Throughput : 0.456 
Standard Deviation Response Time : 10916.83301 cycles
Standard Deviation Waiting  Time : 10874.61719 cycles
Standard Deviation Throughput : 0.038243 