Simulation Starting Time 2021-09-04 04:13:52
Welcome to Network-On-Chip ExpressCube Simulator 
This simulator was designed based on The Discrete Event Simulation.
It's a final year project to obtain the Master Degree
Student developer : Ziraoui Zakaria 
Supervisor: Prof. Mohamed Ould-Khaoua

Network Simulation Parameters :

Topology : 8 x 8 Express Cube with 2 Hops
Number of Nodes  : 64 
Routing : Dimension-ordered (DOR)
Traffic : Hotspot [4][4]
Message length : 32 phits
Injection Rate : 300
Transmission Time Normal  Links : 64 Cycles
Transmission Time Express Links : 64 Cycles
Batch Means Method : Yes

Please wait, Simulation has been started...

Batch N° 1 : Mean Response Time : 365.22 cycles	Mean Waiting Time : 120.60 cycles	Throughput : 0.208
Batch N° 2 : Mean Response Time : 556.09 cycles	Mean Waiting Time : 313.96 cycles	Throughput : 0.208
Batch N° 3 : Mean Response Time : 711.83 cycles	Mean Waiting Time : 468.79 cycles	Throughput : 0.207
Batch N° 4 : Mean Response Time : 868.37 cycles	Mean Waiting Time : 625.17 cycles	Throughput : 0.209
Batch N° 5 : Mean Response Time : 1086.81 cycles	Mean Waiting Time : 844.53 cycles	Throughput : 0.203
Batch N° 6 : Mean Response Time : 1213.32 cycles	Mean Waiting Time : 969.30 cycles	Throughput : 0.211
Batch N° 7 : Mean Response Time : 1320.37 cycles	Mean Waiting Time : 1072.46 cycles	Throughput : 0.206
Batch N° 8 : Mean Response Time : 1468.97 cycles	Mean Waiting Time : 1221.90 cycles	Throughput : 0.204
Batch N° 9 : Mean Response Time : 1694.27 cycles	Mean Waiting Time : 1456.73 cycles	Throughput : 0.204
Batch N°10 : Mean Response Time : 1865.73 cycles	Mean Waiting Time : 1626.91 cycles	Throughput : 0.204

End Of The Simulation at T= 96952.77 cycles
Injection Rate : 300
Batch Size : 2000
Number of Batches : 10
Number of Clients Served : 20000
Overall Response Time : 1115.10 cycles
Overall Waiting  Time : 872.03 cycles
Overall Throughput : 0.206 
Standard Deviation Response Time : 491.59793 cycles
Standard Deviation Waiting  Time : 492.62808 cycles
Standard Deviation Throughput : 0.002574 