Simulation Starting Time 2021-09-01 06:10:58
Welcome to Network-On-Chip 2D Mesh Simulator 
This simulator was designed based on The Discrete Event Simulation.
It's a final year project to obtain the Master Degree
Student developer : Ziraoui Zakaria 
Supervisor: Prof. Mohamed Ould-Khaoua

Network Simulation Parameters :

Topology : 32 x 32 Mesh 
Number of Nodes  : 1024 
Routing : Dimension-ordered (DOR)
Traffic : Hotspot [16][16]
Message length : 32 phits
Injection Rate : 300
Transmission Time : 32 Cycles
Batch Means Method : Yes

Please wait, Simulation has been started...

Batch N° 1 : Mean Response Time : 547.38 cycles	Mean Waiting Time : 52.91 cycles	Throughput : 1.685
Batch N° 2 : Mean Response Time : 838.43 cycles	Mean Waiting Time : 149.67 cycles	Throughput : 2.596
Batch N° 3 : Mean Response Time : 887.96 cycles	Mean Waiting Time : 206.38 cycles	Throughput : 2.607
Batch N° 4 : Mean Response Time : 928.86 cycles	Mean Waiting Time : 253.07 cycles	Throughput : 2.734
Batch N° 5 : Mean Response Time : 981.26 cycles	Mean Waiting Time : 301.96 cycles	Throughput : 2.670
Batch N° 6 : Mean Response Time : 1039.03 cycles	Mean Waiting Time : 341.79 cycles	Throughput : 2.675
Batch N° 7 : Mean Response Time : 1082.67 cycles	Mean Waiting Time : 389.37 cycles	Throughput : 2.691
Batch N° 8 : Mean Response Time : 1106.64 cycles	Mean Waiting Time : 418.76 cycles	Throughput : 2.824
Batch N° 9 : Mean Response Time : 1173.16 cycles	Mean Waiting Time : 483.99 cycles	Throughput : 2.703
Batch N°10 : Mean Response Time : 1210.80 cycles	Mean Waiting Time : 513.30 cycles	Throughput : 2.632

End Of The Simulation at T= 7904.00 cycles
Injection Rate : 300
Batch Size : 2000
Number of Batches : 10
Number of Clients Served : 20000
Overall Response Time : 979.62 cycles
Overall Waiting  Time : 311.12 cycles
Overall Throughput : 2.582 
Standard Deviation Response Time : 194.05998 cycles
Standard Deviation Waiting  Time : 147.78970 cycles
Standard Deviation Throughput : 0.321831 