Simulation Starting Time 2021-09-01 06:07:44
Welcome to Network-On-Chip ExpressCube Simulator 
This simulator was designed based on The Discrete Event Simulation.
It's a final year project to obtain the Master Degree
Student developer : Ziraoui Zakaria 
Supervisor: Prof. Mohamed Ould-Khaoua

Network Simulation Parameters :

Topology : 16 x 16 Express Cube with 4 Hops
Number of Nodes  : 256 
Routing : Dimension-ordered (DOR)
Traffic : Hotspot [8][8]
Message length : 32 phits
Injection Rate : 160
Transmission Time Normal  Links : 32 Cycles
Transmission Time Express Links : 32 Cycles
Batch Means Method : Yes

Please wait, Simulation has been started...

Batch N° 1 : Mean Response Time : 253.38 cycles	Mean Waiting Time : 46.96 cycles	Throughput : 1.303
Batch N° 2 : Mean Response Time : 322.70 cycles	Mean Waiting Time : 101.70 cycles	Throughput : 1.387
Batch N° 3 : Mean Response Time : 383.98 cycles	Mean Waiting Time : 158.38 cycles	Throughput : 1.360
Batch N° 4 : Mean Response Time : 427.19 cycles	Mean Waiting Time : 206.30 cycles	Throughput : 1.373
Batch N° 5 : Mean Response Time : 463.34 cycles	Mean Waiting Time : 242.00 cycles	Throughput : 1.387
Batch N° 6 : Mean Response Time : 503.46 cycles	Mean Waiting Time : 285.01 cycles	Throughput : 1.323
Batch N° 7 : Mean Response Time : 636.07 cycles	Mean Waiting Time : 421.42 cycles	Throughput : 1.349
Batch N° 8 : Mean Response Time : 644.37 cycles	Mean Waiting Time : 421.67 cycles	Throughput : 1.409
Batch N° 9 : Mean Response Time : 657.72 cycles	Mean Waiting Time : 435.24 cycles	Throughput : 1.371
Batch N°10 : Mean Response Time : 708.42 cycles	Mean Waiting Time : 489.63 cycles	Throughput : 1.331

End Of The Simulation at T= 14721.09 cycles
Injection Rate : 160
Batch Size : 2000
Number of Batches : 10
Number of Clients Served : 20000
Overall Response Time : 500.06 cycles
Overall Waiting  Time : 280.83 cycles
Overall Throughput : 1.359 
Standard Deviation Response Time : 156.36290 cycles
Standard Deviation Waiting  Time : 154.88286 cycles
Standard Deviation Throughput : 0.033010 