Simulation Starting Time 2021-09-04 05:12:42
Welcome to Network-On-Chip ExpressCube Simulator 
This simulator was designed based on The Discrete Event Simulation.
It's a final year project to obtain the Master Degree
Student developer : Ziraoui Zakaria 
Supervisor: Prof. Mohamed Ould-Khaoua

Network Simulation Parameters :

Topology : 32 x 32 Express Cube with 8 Hops
Number of Nodes  : 1024 
Routing : Dimension-ordered (DOR)
Traffic : Hotspot [16][16]
Message length : 32 phits
Injection Rate : 100
Transmission Time Normal  Links : 160 Cycles
Transmission Time Express Links : 160 Cycles
Batch Means Method : Yes

Please wait, Simulation has been started...

Batch N° 1 : Mean Response Time : 1609.14 cycles	Mean Waiting Time : 441.54 cycles	Throughput : 0.694
Batch N° 2 : Mean Response Time : 2991.79 cycles	Mean Waiting Time : 1414.07 cycles	Throughput : 1.344
Batch N° 3 : Mean Response Time : 4099.39 cycles	Mean Waiting Time : 2458.46 cycles	Throughput : 1.289
Batch N° 4 : Mean Response Time : 5204.78 cycles	Mean Waiting Time : 3527.01 cycles	Throughput : 1.250
Batch N° 5 : Mean Response Time : 6247.09 cycles	Mean Waiting Time : 4548.24 cycles	Throughput : 1.389
Batch N° 6 : Mean Response Time : 7316.73 cycles	Mean Waiting Time : 5626.97 cycles	Throughput : 1.389
Batch N° 7 : Mean Response Time : 8305.38 cycles	Mean Waiting Time : 6594.66 cycles	Throughput : 1.389
Batch N° 8 : Mean Response Time : 9393.93 cycles	Mean Waiting Time : 7689.77 cycles	Throughput : 1.389
Batch N° 9 : Mean Response Time : 10527.79 cycles	Mean Waiting Time : 8824.35 cycles	Throughput : 1.389
Batch N°10 : Mean Response Time : 11482.81 cycles	Mean Waiting Time : 9749.56 cycles	Throughput : 1.389

End Of The Simulation at T= 16160.00 cycles
Injection Rate : 100
Batch Size : 2000
Number of Batches : 10
Number of Clients Served : 20000
Overall Response Time : 6717.88 cycles
Overall Waiting  Time : 5087.46 cycles
Overall Throughput : 1.291 
Standard Deviation Response Time : 3276.35571 cycles
Standard Deviation Waiting  Time : 3157.88257 cycles
Standard Deviation Throughput : 0.215466 