Simulation Starting Time 2021-08-17 06:04:42
Welcome to Network-On-Chip ExpressCube Simulator 
This simulator was designed based on The Discrete Event Simulation.
It's a final year project to obtain the Master Degree
Student developer : Ziraoui Zakaria 
Supervisor: Prof. Mohamed Ould-Khaoua

Network Simulation Parameters :

Topology : 8 x 8 Express Cube with 4 Hops
Number of Nodes  : 64 
Routing : Dimension-ordered (DOR)
Traffic : Uniform Random
Message length : 32 phits
Injection Rate : 300
Transmission Time Normal  Links : 32 Cycles
Transmission Time Express Links : 32 Cycles
Batch Means Method : Yes

Please wait, Simulation has been started...

Batch N° 1 : Mean Response Time : 143.55 cycles	Mean Waiting Time : 3.41 cycles	Throughput : 0.217
Batch N° 2 : Mean Response Time : 142.90 cycles	Mean Waiting Time : 3.50 cycles	Throughput : 0.213
Batch N° 3 : Mean Response Time : 144.39 cycles	Mean Waiting Time : 3.61 cycles	Throughput : 0.215
Batch N° 4 : Mean Response Time : 142.68 cycles	Mean Waiting Time : 3.38 cycles	Throughput : 0.207
Batch N° 5 : Mean Response Time : 143.22 cycles	Mean Waiting Time : 3.37 cycles	Throughput : 0.205
Batch N° 6 : Mean Response Time : 143.40 cycles	Mean Waiting Time : 3.53 cycles	Throughput : 0.209
Batch N° 7 : Mean Response Time : 144.32 cycles	Mean Waiting Time : 3.44 cycles	Throughput : 0.209
Batch N° 8 : Mean Response Time : 142.72 cycles	Mean Waiting Time : 3.57 cycles	Throughput : 0.205
Batch N° 9 : Mean Response Time : 143.04 cycles	Mean Waiting Time : 3.57 cycles	Throughput : 0.209
Batch N°10 : Mean Response Time : 143.41 cycles	Mean Waiting Time : 3.49 cycles	Throughput : 0.208
Batch N°11 : Mean Response Time : 143.24 cycles	Mean Waiting Time : 3.37 cycles	Throughput : 0.206
Batch N°12 : Mean Response Time : 142.57 cycles	Mean Waiting Time : 3.32 cycles	Throughput : 0.208
Batch N°13 : Mean Response Time : 142.69 cycles	Mean Waiting Time : 3.00 cycles	Throughput : 0.193
Batch N°14 : Mean Response Time : 142.69 cycles	Mean Waiting Time : 2.80 cycles	Throughput : 0.194
Batch N°15 : Mean Response Time : 141.71 cycles	Mean Waiting Time : 3.06 cycles	Throughput : 0.195
Batch N°16 : Mean Response Time : 142.80 cycles	Mean Waiting Time : 2.95 cycles	Throughput : 0.194
Batch N°17 : Mean Response Time : 139.98 cycles	Mean Waiting Time : 2.86 cycles	Throughput : 0.192
Batch N°18 : Mean Response Time : 141.85 cycles	Mean Waiting Time : 3.01 cycles	Throughput : 0.189
Batch N°19 : Mean Response Time : 141.21 cycles	Mean Waiting Time : 2.75 cycles	Throughput : 0.188
Batch N°20 : Mean Response Time : 143.27 cycles	Mean Waiting Time : 2.79 cycles	Throughput : 0.189
Batch N°21 : Mean Response Time : 142.62 cycles	Mean Waiting Time : 2.76 cycles	Throughput : 0.191
Batch N°22 : Mean Response Time : 142.40 cycles	Mean Waiting Time : 2.81 cycles	Throughput : 0.185
Batch N°23 : Mean Response Time : 142.30 cycles	Mean Waiting Time : 2.99 cycles	Throughput : 0.194
Batch N°24 : Mean Response Time : 143.67 cycles	Mean Waiting Time : 2.92 cycles	Throughput : 0.186
Batch N°25 : Mean Response Time : 141.80 cycles	Mean Waiting Time : 2.89 cycles	Throughput : 0.185
Batch N°26 : Mean Response Time : 142.27 cycles	Mean Waiting Time : 2.93 cycles	Throughput : 0.189
Batch N°27 : Mean Response Time : 141.88 cycles	Mean Waiting Time : 2.86 cycles	Throughput : 0.188
Batch N°28 : Mean Response Time : 142.74 cycles	Mean Waiting Time : 2.73 cycles	Throughput : 0.184
Batch N°29 : Mean Response Time : 142.94 cycles	Mean Waiting Time : 2.99 cycles	Throughput : 0.186
Batch N°30 : Mean Response Time : 142.67 cycles	Mean Waiting Time : 2.95 cycles	Throughput : 0.188
Batch N°31 : Mean Response Time : 142.10 cycles	Mean Waiting Time : 2.66 cycles	Throughput : 0.183
Batch N°32 : Mean Response Time : 142.83 cycles	Mean Waiting Time : 2.91 cycles	Throughput : 0.188
Batch N°33 : Mean Response Time : 141.17 cycles	Mean Waiting Time : 3.00 cycles	Throughput : 0.187
Batch N°34 : Mean Response Time : 141.84 cycles	Mean Waiting Time : 2.63 cycles	Throughput : 0.183
Batch N°35 : Mean Response Time : 141.39 cycles	Mean Waiting Time : 2.57 cycles	Throughput : 0.177
Batch N°36 : Mean Response Time : 142.59 cycles	Mean Waiting Time : 2.94 cycles	Throughput : 0.177

End Of The Simulation at T= 1853096.00 cycles
Injection Rate : 300
Batch Size : 10000
Number of Batches : 36
Number of Clients Served : 360000
Overall Response Time : 142.58 cycles
Overall Waiting  Time : 3.07 cycles
Overall Throughput : 0.195 
Standard Deviation Response Time : 0.88138 cycles
Standard Deviation Waiting  Time : 0.31011 cycles
Standard Deviation Throughput : 0.011194 