Simulation Starting Time 2021-09-02 06:16:07
Welcome to Network-On-Chip ExpressCube Simulator 
This simulator was designed based on The Discrete Event Simulation.
It's a final year project to obtain the Master Degree
Student developer : Ziraoui Zakaria 
Supervisor: Prof. Mohamed Ould-Khaoua

Network Simulation Parameters :

Topology : 16 x 16 Express Cube with 2 Hops
Number of Nodes  : 256 
Routing : Dimension-ordered (DOR)
Traffic : Uniform Random
Message length : 32 phits
Injection Rate : 180
Transmission Time Normal  Links : 64 Cycles
Transmission Time Express Links : 64 Cycles
Batch Means Method : Yes

Please wait, Simulation has been started...

Batch N° 1 : Mean Response Time : 668.52 cycles	Mean Waiting Time : 227.22 cycles	Throughput : 0.842
Batch N° 2 : Mean Response Time : 1189.64 cycles	Mean Waiting Time : 696.38 cycles	Throughput : 1.043
Batch N° 3 : Mean Response Time : 1538.88 cycles	Mean Waiting Time : 1054.48 cycles	Throughput : 1.031
Batch N° 4 : Mean Response Time : 1944.85 cycles	Mean Waiting Time : 1454.39 cycles	Throughput : 1.021
Batch N° 5 : Mean Response Time : 2358.59 cycles	Mean Waiting Time : 1864.22 cycles	Throughput : 1.049
Batch N° 6 : Mean Response Time : 2679.94 cycles	Mean Waiting Time : 2191.64 cycles	Throughput : 1.034
Batch N° 7 : Mean Response Time : 3150.62 cycles	Mean Waiting Time : 2652.11 cycles	Throughput : 1.042
Batch N° 8 : Mean Response Time : 3467.37 cycles	Mean Waiting Time : 2978.88 cycles	Throughput : 1.037
Batch N° 9 : Mean Response Time : 3899.32 cycles	Mean Waiting Time : 3408.61 cycles	Throughput : 1.043
Batch N°10 : Mean Response Time : 4243.95 cycles	Mean Waiting Time : 3740.52 cycles	Throughput : 1.048

End Of The Simulation at T= 19705.25 cycles
Injection Rate : 180
Batch Size : 2000
Number of Batches : 10
Number of Clients Served : 20000
Overall Response Time : 2514.17 cycles
Overall Waiting  Time : 2026.84 cycles
Overall Throughput : 1.019 
Standard Deviation Response Time : 1188.47363 cycles
Standard Deviation Waiting  Time : 1177.51453 cycles
Standard Deviation Throughput : 0.062643 