Simulation Starting Time 2021-08-31 07:13:59
Welcome to Network-On-Chip ExpressCube Simulator 
This simulator was designed based on The Discrete Event Simulation.
It's a final year project to obtain the Master Degree
Student developer : Ziraoui Zakaria 
Supervisor: Prof. Mohamed Ould-Khaoua

Network Simulation Parameters :

Topology : 16 x 16 Express Cube with 8 Hops
Number of Nodes  : 256 
Routing : Dimension-ordered (DOR)
Traffic : Uniform Random
Message length : 32 phits
Injection Rate : 300
Transmission Time Normal  Links : 32 Cycles
Transmission Time Express Links : 32 Cycles
Batch Means Method : Yes

Please wait, Simulation has been started...

Batch N° 1 : Mean Response Time : 293.39 cycles	Mean Waiting Time : 11.75 cycles	Throughput : 0.834
Batch N° 2 : Mean Response Time : 302.35 cycles	Mean Waiting Time : 12.09 cycles	Throughput : 0.866
Batch N° 3 : Mean Response Time : 297.91 cycles	Mean Waiting Time : 11.66 cycles	Throughput : 0.840
Batch N° 4 : Mean Response Time : 293.80 cycles	Mean Waiting Time : 10.35 cycles	Throughput : 0.859
Batch N° 5 : Mean Response Time : 301.44 cycles	Mean Waiting Time : 11.12 cycles	Throughput : 0.838
Batch N° 6 : Mean Response Time : 298.29 cycles	Mean Waiting Time : 11.77 cycles	Throughput : 0.822
Batch N° 7 : Mean Response Time : 309.80 cycles	Mean Waiting Time : 14.27 cycles	Throughput : 0.863
Batch N° 8 : Mean Response Time : 294.82 cycles	Mean Waiting Time : 11.06 cycles	Throughput : 0.842
Batch N° 9 : Mean Response Time : 303.54 cycles	Mean Waiting Time : 14.92 cycles	Throughput : 0.859
Batch N°10 : Mean Response Time : 298.29 cycles	Mean Waiting Time : 12.70 cycles	Throughput : 0.866

End Of The Simulation at T= 23566.80 cycles
Injection Rate : 300
Batch Size : 2000
Number of Batches : 10
Number of Clients Served : 20000
Overall Response Time : 299.36 cycles
Overall Waiting  Time : 12.17 cycles
Overall Throughput : 0.849 
Standard Deviation Response Time : 5.06854 cycles
Standard Deviation Waiting  Time : 1.43605 cycles
Standard Deviation Throughput : 0.015582 