Simulation Starting Time 2021-09-01 06:06:13
Welcome to Network-On-Chip ExpressCube Simulator 
This simulator was designed based on The Discrete Event Simulation.
It's a final year project to obtain the Master Degree
Student developer : Ziraoui Zakaria 
Supervisor: Prof. Mohamed Ould-Khaoua

Network Simulation Parameters :

Topology : 16 x 16 Express Cube with 2 Hops
Number of Nodes  : 256 
Routing : Dimension-ordered (DOR)
Traffic : Hotspot [8][8]
Message length : 32 phits
Injection Rate : 9200
Transmission Time Normal  Links : 32 Cycles
Transmission Time Express Links : 32 Cycles
Batch Means Method : Yes

Please wait, Simulation has been started...

Batch N° 1 : Mean Response Time : 202.15 cycles	Mean Waiting Time : 1.91 cycles	Throughput : 0.031
Batch N° 2 : Mean Response Time : 191.32 cycles	Mean Waiting Time : 0.16 cycles	Throughput : 0.027
Batch N° 3 : Mean Response Time : 191.47 cycles	Mean Waiting Time : 0.19 cycles	Throughput : 0.027
Batch N° 4 : Mean Response Time : 196.58 cycles	Mean Waiting Time : 0.17 cycles	Throughput : 0.028
Batch N° 5 : Mean Response Time : 198.60 cycles	Mean Waiting Time : 0.17 cycles	Throughput : 0.028
Batch N° 6 : Mean Response Time : 193.64 cycles	Mean Waiting Time : 0.18 cycles	Throughput : 0.029
Batch N° 7 : Mean Response Time : 196.77 cycles	Mean Waiting Time : 0.18 cycles	Throughput : 0.028
Batch N° 8 : Mean Response Time : 195.25 cycles	Mean Waiting Time : 0.10 cycles	Throughput : 0.027
Batch N° 9 : Mean Response Time : 197.21 cycles	Mean Waiting Time : 0.11 cycles	Throughput : 0.027
Batch N°10 : Mean Response Time : 197.74 cycles	Mean Waiting Time : 0.10 cycles	Throughput : 0.028

End Of The Simulation at T= 713497.38 cycles
Injection Rate : 9200
Batch Size : 2000
Number of Batches : 10
Number of Clients Served : 20000
Overall Response Time : 196.07 cycles
Overall Waiting  Time : 0.33 cycles
Overall Throughput : 0.028 
Standard Deviation Response Time : 3.30746 cycles
Standard Deviation Waiting  Time : 0.55799 cycles
Standard Deviation Throughput : 0.001309 