Simulation Starting Time 2021-08-31 05:30:21
Welcome to Network-On-Chip ExpressCube Simulator 
This simulator was designed based on The Discrete Event Simulation.
It's a final year project to obtain the Master Degree
Student developer : Ziraoui Zakaria 
Supervisor: Prof. Mohamed Ould-Khaoua

Network Simulation Parameters :

Topology : 8 x 8 Express Cube with 2 Hops
Number of Nodes  : 64 
Routing : Dimension-ordered (DOR)
Traffic : Uniform Random
Message length : 32 phits
Injection Rate : 180
Transmission Time Normal  Links : 32 Cycles
Transmission Time Express Links : 32 Cycles
Batch Means Method : Yes

Please wait, Simulation has been started...

Batch N° 1 : Mean Response Time : 131.21 cycles	Mean Waiting Time : 7.10 cycles	Throughput : 0.359
Batch N° 2 : Mean Response Time : 127.08 cycles	Mean Waiting Time : 7.10 cycles	Throughput : 0.344
Batch N° 3 : Mean Response Time : 129.61 cycles	Mean Waiting Time : 6.50 cycles	Throughput : 0.344
Batch N° 4 : Mean Response Time : 130.29 cycles	Mean Waiting Time : 7.27 cycles	Throughput : 0.355
Batch N° 5 : Mean Response Time : 133.24 cycles	Mean Waiting Time : 8.14 cycles	Throughput : 0.363
Batch N° 6 : Mean Response Time : 128.69 cycles	Mean Waiting Time : 5.97 cycles	Throughput : 0.338
Batch N° 7 : Mean Response Time : 129.97 cycles	Mean Waiting Time : 8.07 cycles	Throughput : 0.353
Batch N° 8 : Mean Response Time : 132.52 cycles	Mean Waiting Time : 7.90 cycles	Throughput : 0.354
Batch N° 9 : Mean Response Time : 129.65 cycles	Mean Waiting Time : 7.24 cycles	Throughput : 0.359
Batch N°10 : Mean Response Time : 133.07 cycles	Mean Waiting Time : 7.14 cycles	Throughput : 0.351

End Of The Simulation at T= 56826.59 cycles
Injection Rate : 180
Batch Size : 2000
Number of Batches : 10
Number of Clients Served : 20000
Overall Response Time : 130.53 cycles
Overall Waiting  Time : 7.24 cycles
Overall Throughput : 0.352 
Standard Deviation Response Time : 1.98723 cycles
Standard Deviation Waiting  Time : 0.67884 cycles
Standard Deviation Throughput : 0.007808 