Simulation Starting Time 2021-09-04 04:19:48
Welcome to Network-On-Chip ExpressCube Simulator 
This simulator was designed based on The Discrete Event Simulation.
It's a final year project to obtain the Master Degree
Student developer : Ziraoui Zakaria 
Supervisor: Prof. Mohamed Ould-Khaoua

Network Simulation Parameters :

Topology : 16 x 16 Express Cube with 2 Hops
Number of Nodes  : 256 
Routing : Dimension-ordered (DOR)
Traffic : Hotspot [8][8]
Message length : 32 phits
Injection Rate : 32000
Transmission Time Normal  Links : 64 Cycles
Transmission Time Express Links : 64 Cycles
Batch Means Method : Yes

Please wait, Simulation has been started...

Batch N° 1 : Mean Response Time : 402.28 cycles	Mean Waiting Time : 2.58 cycles	Throughput : 0.009
Batch N° 2 : Mean Response Time : 386.62 cycles	Mean Waiting Time : 0.27 cycles	Throughput : 0.008
Batch N° 3 : Mean Response Time : 392.71 cycles	Mean Waiting Time : 0.23 cycles	Throughput : 0.008
Batch N° 4 : Mean Response Time : 389.86 cycles	Mean Waiting Time : 0.16 cycles	Throughput : 0.008
Batch N° 5 : Mean Response Time : 401.87 cycles	Mean Waiting Time : 0.15 cycles	Throughput : 0.008
Batch N° 6 : Mean Response Time : 392.81 cycles	Mean Waiting Time : 0.19 cycles	Throughput : 0.008
Batch N° 7 : Mean Response Time : 392.68 cycles	Mean Waiting Time : 0.23 cycles	Throughput : 0.008
Batch N° 8 : Mean Response Time : 388.65 cycles	Mean Waiting Time : 0.11 cycles	Throughput : 0.008
Batch N° 9 : Mean Response Time : 393.20 cycles	Mean Waiting Time : 0.15 cycles	Throughput : 0.008
Batch N°10 : Mean Response Time : 395.83 cycles	Mean Waiting Time : 0.17 cycles	Throughput : 0.008

End Of The Simulation at T= 2478711.00 cycles
Injection Rate : 32000
Batch Size : 2000
Number of Batches : 10
Number of Clients Served : 20000
Overall Response Time : 393.65 cycles
Overall Waiting  Time : 0.42 cycles
Overall Throughput : 0.008 
Standard Deviation Response Time : 5.14667 cycles
Standard Deviation Waiting  Time : 0.75988 cycles
Standard Deviation Throughput : 0.000362 