Simulation Starting Time 2021-08-17 05:59:26
Welcome to Network-On-Chip ExpressCube Simulator 
This simulator was designed based on The Discrete Event Simulation.
It's a final year project to obtain the Master Degree
Student developer : Ziraoui Zakaria 
Supervisor: Prof. Mohamed Ould-Khaoua

Network Simulation Parameters :

Topology : 8 x 8 Express Cube with 2 Hops
Number of Nodes  : 64 
Routing : Dimension-ordered (DOR)
Traffic : Uniform Random
Message length : 32 phits
Injection Rate : 250
Transmission Time Normal  Links : 32 Cycles
Transmission Time Express Links : 32 Cycles
Batch Means Method : Yes

Please wait, Simulation has been started...

Batch N° 1 : Mean Response Time : 123.76 cycles	Mean Waiting Time : 3.57 cycles	Throughput : 0.254
Batch N° 2 : Mean Response Time : 124.78 cycles	Mean Waiting Time : 3.95 cycles	Throughput : 0.252
Batch N° 3 : Mean Response Time : 123.82 cycles	Mean Waiting Time : 3.65 cycles	Throughput : 0.250
Batch N° 4 : Mean Response Time : 123.49 cycles	Mean Waiting Time : 3.66 cycles	Throughput : 0.248
Batch N° 5 : Mean Response Time : 123.18 cycles	Mean Waiting Time : 3.49 cycles	Throughput : 0.249
Batch N° 6 : Mean Response Time : 124.05 cycles	Mean Waiting Time : 3.74 cycles	Throughput : 0.248
Batch N° 7 : Mean Response Time : 124.13 cycles	Mean Waiting Time : 3.68 cycles	Throughput : 0.250
Batch N° 8 : Mean Response Time : 123.38 cycles	Mean Waiting Time : 3.53 cycles	Throughput : 0.245
Batch N° 9 : Mean Response Time : 124.19 cycles	Mean Waiting Time : 3.60 cycles	Throughput : 0.247
Batch N°10 : Mean Response Time : 123.86 cycles	Mean Waiting Time : 3.71 cycles	Throughput : 0.251
Batch N°11 : Mean Response Time : 122.32 cycles	Mean Waiting Time : 3.48 cycles	Throughput : 0.251
Batch N°12 : Mean Response Time : 123.39 cycles	Mean Waiting Time : 3.47 cycles	Throughput : 0.240
Batch N°13 : Mean Response Time : 123.90 cycles	Mean Waiting Time : 3.49 cycles	Throughput : 0.247
Batch N°14 : Mean Response Time : 124.49 cycles	Mean Waiting Time : 3.78 cycles	Throughput : 0.243
Batch N°15 : Mean Response Time : 123.89 cycles	Mean Waiting Time : 3.65 cycles	Throughput : 0.242
Batch N°16 : Mean Response Time : 123.80 cycles	Mean Waiting Time : 3.51 cycles	Throughput : 0.240
Batch N°17 : Mean Response Time : 123.22 cycles	Mean Waiting Time : 3.42 cycles	Throughput : 0.239
Batch N°18 : Mean Response Time : 122.90 cycles	Mean Waiting Time : 3.53 cycles	Throughput : 0.238
Batch N°19 : Mean Response Time : 122.86 cycles	Mean Waiting Time : 3.62 cycles	Throughput : 0.242
Batch N°20 : Mean Response Time : 123.04 cycles	Mean Waiting Time : 3.46 cycles	Throughput : 0.242
Batch N°21 : Mean Response Time : 123.64 cycles	Mean Waiting Time : 3.72 cycles	Throughput : 0.238
Batch N°22 : Mean Response Time : 123.41 cycles	Mean Waiting Time : 3.78 cycles	Throughput : 0.237
Batch N°23 : Mean Response Time : 122.79 cycles	Mean Waiting Time : 3.37 cycles	Throughput : 0.235
Batch N°24 : Mean Response Time : 123.80 cycles	Mean Waiting Time : 3.35 cycles	Throughput : 0.236
Batch N°25 : Mean Response Time : 121.72 cycles	Mean Waiting Time : 3.28 cycles	Throughput : 0.232
Batch N°26 : Mean Response Time : 123.20 cycles	Mean Waiting Time : 3.20 cycles	Throughput : 0.230
Batch N°27 : Mean Response Time : 121.60 cycles	Mean Waiting Time : 3.36 cycles	Throughput : 0.231
Batch N°28 : Mean Response Time : 122.05 cycles	Mean Waiting Time : 3.25 cycles	Throughput : 0.232
Batch N°29 : Mean Response Time : 122.79 cycles	Mean Waiting Time : 3.23 cycles	Throughput : 0.223
Batch N°30 : Mean Response Time : 121.79 cycles	Mean Waiting Time : 2.80 cycles	Throughput : 0.216
Batch N°31 : Mean Response Time : 122.12 cycles	Mean Waiting Time : 3.04 cycles	Throughput : 0.220
Batch N°32 : Mean Response Time : 122.95 cycles	Mean Waiting Time : 3.31 cycles	Throughput : 0.219
Batch N°33 : Mean Response Time : 121.94 cycles	Mean Waiting Time : 2.93 cycles	Throughput : 0.216
Batch N°34 : Mean Response Time : 121.66 cycles	Mean Waiting Time : 3.06 cycles	Throughput : 0.218
Batch N°35 : Mean Response Time : 123.17 cycles	Mean Waiting Time : 3.15 cycles	Throughput : 0.216
Batch N°36 : Mean Response Time : 123.00 cycles	Mean Waiting Time : 2.96 cycles	Throughput : 0.215

End Of The Simulation at T= 1522462.00 cycles
Injection Rate : 250
Batch Size : 10000
Number of Batches : 36
Number of Clients Served : 360000
Overall Response Time : 123.17 cycles
Overall Waiting  Time : 3.44 cycles
Overall Throughput : 0.237 
Standard Deviation Response Time : 0.83745 cycles
Standard Deviation Waiting  Time : 0.26809 cycles
Standard Deviation Throughput : 0.012157 