Simulation Starting Time 2021-08-17 05:43:45
Welcome to Network-On-Chip 2D Mesh Simulator 
This simulator was designed based on The Discrete Event Simulation.
It's a final year project to obtain the Master Degree
Student developer : Ziraoui Zakaria 
Supervisor: Prof. Mohamed Ould-Khaoua

Network Simulation Parameters :

Topology : 8 x 8 Mesh 
Number of Nodes  : 64 
Routing : Dimension-ordered (DOR)
Traffic : Uniform Random
Message length : 32 phits
Injection Rate : 9200
Transmission Time : 32 Cycles
Batch Means Method : Yes

Please wait, Simulation has been started...

Batch N° 1 : Mean Response Time : 153.13 cycles	Mean Waiting Time : 0.08 cycles	Throughput : 0.007
Batch N° 2 : Mean Response Time : 152.82 cycles	Mean Waiting Time : 0.06 cycles	Throughput : 0.007
Batch N° 3 : Mean Response Time : 154.52 cycles	Mean Waiting Time : 0.06 cycles	Throughput : 0.007
Batch N° 4 : Mean Response Time : 154.01 cycles	Mean Waiting Time : 0.06 cycles	Throughput : 0.007
Batch N° 5 : Mean Response Time : 154.21 cycles	Mean Waiting Time : 0.06 cycles	Throughput : 0.007
Batch N° 6 : Mean Response Time : 152.73 cycles	Mean Waiting Time : 0.07 cycles	Throughput : 0.007
Batch N° 7 : Mean Response Time : 154.73 cycles	Mean Waiting Time : 0.06 cycles	Throughput : 0.007
Batch N° 8 : Mean Response Time : 153.32 cycles	Mean Waiting Time : 0.07 cycles	Throughput : 0.007
Batch N° 9 : Mean Response Time : 153.49 cycles	Mean Waiting Time : 0.06 cycles	Throughput : 0.007
Batch N°10 : Mean Response Time : 153.41 cycles	Mean Waiting Time : 0.06 cycles	Throughput : 0.007
Batch N°11 : Mean Response Time : 152.37 cycles	Mean Waiting Time : 0.05 cycles	Throughput : 0.006
Batch N°12 : Mean Response Time : 152.13 cycles	Mean Waiting Time : 0.05 cycles	Throughput : 0.006
Batch N°13 : Mean Response Time : 153.42 cycles	Mean Waiting Time : 0.06 cycles	Throughput : 0.006
Batch N°14 : Mean Response Time : 154.30 cycles	Mean Waiting Time : 0.05 cycles	Throughput : 0.006
Batch N°15 : Mean Response Time : 153.64 cycles	Mean Waiting Time : 0.06 cycles	Throughput : 0.006
Batch N°16 : Mean Response Time : 153.87 cycles	Mean Waiting Time : 0.07 cycles	Throughput : 0.006
Batch N°17 : Mean Response Time : 152.46 cycles	Mean Waiting Time : 0.07 cycles	Throughput : 0.006
Batch N°18 : Mean Response Time : 152.76 cycles	Mean Waiting Time : 0.07 cycles	Throughput : 0.006
Batch N°19 : Mean Response Time : 154.75 cycles	Mean Waiting Time : 0.06 cycles	Throughput : 0.006
Batch N°20 : Mean Response Time : 153.67 cycles	Mean Waiting Time : 0.05 cycles	Throughput : 0.006
Batch N°21 : Mean Response Time : 155.04 cycles	Mean Waiting Time : 0.05 cycles	Throughput : 0.006
Batch N°22 : Mean Response Time : 153.14 cycles	Mean Waiting Time : 0.05 cycles	Throughput : 0.006
Batch N°23 : Mean Response Time : 153.55 cycles	Mean Waiting Time : 0.05 cycles	Throughput : 0.006
Batch N°24 : Mean Response Time : 153.93 cycles	Mean Waiting Time : 0.06 cycles	Throughput : 0.006
Batch N°25 : Mean Response Time : 155.18 cycles	Mean Waiting Time : 0.05 cycles	Throughput : 0.006
Batch N°26 : Mean Response Time : 153.63 cycles	Mean Waiting Time : 0.05 cycles	Throughput : 0.006
Batch N°27 : Mean Response Time : 153.00 cycles	Mean Waiting Time : 0.06 cycles	Throughput : 0.006
Batch N°28 : Mean Response Time : 154.17 cycles	Mean Waiting Time : 0.06 cycles	Throughput : 0.006
Batch N°29 : Mean Response Time : 154.17 cycles	Mean Waiting Time : 0.06 cycles	Throughput : 0.006
Batch N°30 : Mean Response Time : 155.17 cycles	Mean Waiting Time : 0.04 cycles	Throughput : 0.006
Batch N°31 : Mean Response Time : 154.60 cycles	Mean Waiting Time : 0.06 cycles	Throughput : 0.006
Batch N°32 : Mean Response Time : 154.04 cycles	Mean Waiting Time : 0.03 cycles	Throughput : 0.006
Batch N°33 : Mean Response Time : 153.12 cycles	Mean Waiting Time : 0.07 cycles	Throughput : 0.006
Batch N°34 : Mean Response Time : 153.84 cycles	Mean Waiting Time : 0.06 cycles	Throughput : 0.006
Batch N°35 : Mean Response Time : 153.34 cycles	Mean Waiting Time : 0.05 cycles	Throughput : 0.006
Batch N°36 : Mean Response Time : 154.03 cycles	Mean Waiting Time : 0.05 cycles	Throughput : 0.006

End Of The Simulation at T= 57685240.00 cycles
Injection Rate : 9200
Batch Size : 10000
Number of Batches : 36
Number of Clients Served : 360000
Overall Response Time : 153.71 cycles
Overall Waiting  Time : 0.06 cycles
Overall Throughput : 0.006 
Standard Deviation Response Time : 0.78575 cycles
Standard Deviation Waiting  Time : 0.00929 cycles
Standard Deviation Throughput : 0.000379 