Simulation Starting Time 2021-09-01 06:33:20
Welcome to Network-On-Chip ExpressCube Simulator 
This simulator was designed based on The Discrete Event Simulation.
It's a final year project to obtain the Master Degree
Student developer : Ziraoui Zakaria 
Supervisor: Prof. Mohamed Ould-Khaoua

Network Simulation Parameters :

Topology : 32 x 32 Express Cube with 4 Hops
Number of Nodes  : 1024 
Routing : Dimension-ordered (DOR)
Traffic : Hotspot [16][16]
Message length : 32 phits
Injection Rate : 10500
Transmission Time Normal  Links : 32 Cycles
Transmission Time Express Links : 32 Cycles
Batch Means Method : Yes

Please wait, Simulation has been started...

Batch N° 1 : Mean Response Time : 332.07 cycles	Mean Waiting Time : 26.28 cycles	Throughput : 0.186
Batch N° 2 : Mean Response Time : 292.06 cycles	Mean Waiting Time : 0.35 cycles	Throughput : 0.099
Batch N° 3 : Mean Response Time : 298.72 cycles	Mean Waiting Time : 0.60 cycles	Throughput : 0.097
Batch N° 4 : Mean Response Time : 289.15 cycles	Mean Waiting Time : 0.54 cycles	Throughput : 0.099
Batch N° 5 : Mean Response Time : 285.69 cycles	Mean Waiting Time : 0.62 cycles	Throughput : 0.102
Batch N° 6 : Mean Response Time : 290.77 cycles	Mean Waiting Time : 0.41 cycles	Throughput : 0.101
Batch N° 7 : Mean Response Time : 286.45 cycles	Mean Waiting Time : 0.74 cycles	Throughput : 0.098
Batch N° 8 : Mean Response Time : 292.08 cycles	Mean Waiting Time : 0.60 cycles	Throughput : 0.095
Batch N° 9 : Mean Response Time : 289.51 cycles	Mean Waiting Time : 0.73 cycles	Throughput : 0.095
Batch N°10 : Mean Response Time : 287.77 cycles	Mean Waiting Time : 0.77 cycles	Throughput : 0.098

End Of The Simulation at T= 193845.36 cycles
Injection Rate : 10500
Batch Size : 2000
Number of Batches : 10
Number of Clients Served : 20000
Overall Response Time : 294.43 cycles
Overall Waiting  Time : 3.16 cycles
Overall Throughput : 0.107 
Standard Deviation Response Time : 13.72830 cycles
Standard Deviation Waiting  Time : 8.12366 cycles
Standard Deviation Throughput : 0.027931 