Simulation Starting Time 2021-09-02 06:49:07
Welcome to Network-On-Chip ExpressCube Simulator 
This simulator was designed based on The Discrete Event Simulation.
It's a final year project to obtain the Master Degree
Student developer : Ziraoui Zakaria 
Supervisor: Prof. Mohamed Ould-Khaoua

Network Simulation Parameters :

Topology : 32 x 32 Express Cube with 4 Hops
Number of Nodes  : 1024 
Routing : Dimension-ordered (DOR)
Traffic : Uniform Random
Message length : 32 phits
Injection Rate : 32000
Transmission Time Normal  Links : 96 Cycles
Transmission Time Express Links : 96 Cycles
Batch Means Method : Yes

Please wait, Simulation has been started...

Batch N° 1 : Mean Response Time : 931.55 cycles	Mean Waiting Time : 12.12 cycles	Throughput : 0.064
Batch N° 2 : Mean Response Time : 899.64 cycles	Mean Waiting Time : 0.06 cycles	Throughput : 0.031
Batch N° 3 : Mean Response Time : 913.81 cycles	Mean Waiting Time : 0.18 cycles	Throughput : 0.032
Batch N° 4 : Mean Response Time : 903.23 cycles	Mean Waiting Time : 0.21 cycles	Throughput : 0.033
Batch N° 5 : Mean Response Time : 921.14 cycles	Mean Waiting Time : 0.21 cycles	Throughput : 0.032
Batch N° 6 : Mean Response Time : 910.92 cycles	Mean Waiting Time : 0.24 cycles	Throughput : 0.033
Batch N° 7 : Mean Response Time : 900.40 cycles	Mean Waiting Time : 0.13 cycles	Throughput : 0.032
Batch N° 8 : Mean Response Time : 922.15 cycles	Mean Waiting Time : 0.14 cycles	Throughput : 0.032
Batch N° 9 : Mean Response Time : 945.75 cycles	Mean Waiting Time : 0.23 cycles	Throughput : 0.031
Batch N°10 : Mean Response Time : 910.90 cycles	Mean Waiting Time : 0.22 cycles	Throughput : 0.031

End Of The Simulation at T= 596463.81 cycles
Injection Rate : 32000
Batch Size : 2000
Number of Batches : 10
Number of Clients Served : 20000
Overall Response Time : 915.95 cycles
Overall Waiting  Time : 1.37 cycles
Overall Throughput : 0.035 
Standard Deviation Response Time : 14.61330 cycles
Standard Deviation Waiting  Time : 3.77650 cycles
Standard Deviation Throughput : 0.010085 