Simulation Starting Time 2021-09-04 04:12:57
Welcome to Network-On-Chip 2D Mesh Simulator 
This simulator was designed based on The Discrete Event Simulation.
It's a final year project to obtain the Master Degree
Student developer : Ziraoui Zakaria 
Supervisor: Prof. Mohamed Ould-Khaoua

Network Simulation Parameters :

Topology : 8 x 8 Mesh 
Number of Nodes  : 64 
Routing : Dimension-ordered (DOR)
Traffic : Hotspot [4][4]
Message length : 32 phits
Injection Rate : 9200
Transmission Time : 32 Cycles
Batch Means Method : Yes

Please wait, Simulation has been started...

Batch N° 1 : Mean Response Time : 153.02 cycles	Mean Waiting Time : 0.21 cycles	Throughput : 0.007
Batch N° 2 : Mean Response Time : 154.08 cycles	Mean Waiting Time : 0.07 cycles	Throughput : 0.007
Batch N° 3 : Mean Response Time : 146.08 cycles	Mean Waiting Time : 0.06 cycles	Throughput : 0.007
Batch N° 4 : Mean Response Time : 148.58 cycles	Mean Waiting Time : 0.06 cycles	Throughput : 0.007
Batch N° 5 : Mean Response Time : 148.14 cycles	Mean Waiting Time : 0.07 cycles	Throughput : 0.007
Batch N° 6 : Mean Response Time : 148.63 cycles	Mean Waiting Time : 0.11 cycles	Throughput : 0.007
Batch N° 7 : Mean Response Time : 150.25 cycles	Mean Waiting Time : 0.05 cycles	Throughput : 0.007
Batch N° 8 : Mean Response Time : 150.39 cycles	Mean Waiting Time : 0.07 cycles	Throughput : 0.007
Batch N° 9 : Mean Response Time : 145.76 cycles	Mean Waiting Time : 0.03 cycles	Throughput : 0.007
Batch N°10 : Mean Response Time : 147.69 cycles	Mean Waiting Time : 0.08 cycles	Throughput : 0.007

End Of The Simulation at T= 2897684.00 cycles
Injection Rate : 9200
Batch Size : 2000
Number of Batches : 10
Number of Clients Served : 20000
Overall Response Time : 149.26 cycles
Overall Waiting  Time : 0.08 cycles
Overall Throughput : 0.007 
Standard Deviation Response Time : 2.72053 cycles
Standard Deviation Waiting  Time : 0.04919 cycles
Standard Deviation Throughput : 0.000147 