Simulation Starting Time 2021-08-31 05:29:03
Welcome to Network-On-Chip 2D Mesh Simulator 
This simulator was designed based on The Discrete Event Simulation.
It's a final year project to obtain the Master Degree
Student developer : Ziraoui Zakaria 
Supervisor: Prof. Mohamed Ould-Khaoua

Network Simulation Parameters :

Topology : 8 x 8 Mesh 
Number of Nodes  : 64 
Routing : Dimension-ordered (DOR)
Traffic : Uniform Random
Message length : 32 phits
Injection Rate : 250
Transmission Time : 32 Cycles
Batch Means Method : Yes

Please wait, Simulation has been started...

Batch N° 1 : Mean Response Time : 167.08 cycles	Mean Waiting Time : 6.29 cycles	Throughput : 0.249
Batch N° 2 : Mean Response Time : 170.91 cycles	Mean Waiting Time : 6.81 cycles	Throughput : 0.266
Batch N° 3 : Mean Response Time : 169.09 cycles	Mean Waiting Time : 5.82 cycles	Throughput : 0.252
Batch N° 4 : Mean Response Time : 168.65 cycles	Mean Waiting Time : 5.78 cycles	Throughput : 0.251
Batch N° 5 : Mean Response Time : 168.17 cycles	Mean Waiting Time : 5.92 cycles	Throughput : 0.247
Batch N° 6 : Mean Response Time : 166.89 cycles	Mean Waiting Time : 6.02 cycles	Throughput : 0.249
Batch N° 7 : Mean Response Time : 168.15 cycles	Mean Waiting Time : 6.85 cycles	Throughput : 0.252
Batch N° 8 : Mean Response Time : 166.72 cycles	Mean Waiting Time : 5.52 cycles	Throughput : 0.246
Batch N° 9 : Mean Response Time : 170.66 cycles	Mean Waiting Time : 5.54 cycles	Throughput : 0.249
Batch N°10 : Mean Response Time : 168.52 cycles	Mean Waiting Time : 6.14 cycles	Throughput : 0.250

End Of The Simulation at T= 79733.38 cycles
Injection Rate : 250
Batch Size : 2000
Number of Batches : 10
Number of Clients Served : 20000
Overall Response Time : 168.48 cycles
Overall Waiting  Time : 6.07 cycles
Overall Throughput : 0.251 
Standard Deviation Response Time : 1.44819 cycles
Standard Deviation Waiting  Time : 0.46831 cycles
Standard Deviation Throughput : 0.005515 