Simulation Starting Time 2021-09-04 04:23:59
Welcome to Network-On-Chip ExpressCube Simulator 
This simulator was designed based on The Discrete Event Simulation.
It's a final year project to obtain the Master Degree
Student developer : Ziraoui Zakaria 
Supervisor: Prof. Mohamed Ould-Khaoua

Network Simulation Parameters :

Topology : 16 x 16 Express Cube with 8 Hops
Number of Nodes  : 256 
Routing : Dimension-ordered (DOR)
Traffic : Hotspot [8][8]
Message length : 32 phits
Injection Rate : 200
Transmission Time Normal  Links : 160 Cycles
Transmission Time Express Links : 160 Cycles
Batch Means Method : Yes

Please wait, Simulation has been started...

Batch N° 1 : Mean Response Time : 2221.19 cycles	Mean Waiting Time : 1003.53 cycles	Throughput : 0.338
Batch N° 2 : Mean Response Time : 4572.40 cycles	Mean Waiting Time : 3141.95 cycles	Throughput : 0.435
Batch N° 3 : Mean Response Time : 6601.17 cycles	Mean Waiting Time : 5174.19 cycles	Throughput : 0.423
Batch N° 4 : Mean Response Time : 8715.94 cycles	Mean Waiting Time : 7287.98 cycles	Throughput : 0.433
Batch N° 5 : Mean Response Time : 10541.67 cycles	Mean Waiting Time : 9098.89 cycles	Throughput : 0.442
Batch N° 6 : Mean Response Time : 12448.25 cycles	Mean Waiting Time : 11000.68 cycles	Throughput : 0.434
Batch N° 7 : Mean Response Time : 14601.88 cycles	Mean Waiting Time : 13164.86 cycles	Throughput : 0.407
Batch N° 8 : Mean Response Time : 16516.30 cycles	Mean Waiting Time : 15107.14 cycles	Throughput : 0.436
Batch N° 9 : Mean Response Time : 18317.34 cycles	Mean Waiting Time : 16857.81 cycles	Throughput : 0.433
Batch N°10 : Mean Response Time : 20512.39 cycles	Mean Waiting Time : 19055.69 cycles	Throughput : 0.439

End Of The Simulation at T= 47680.00 cycles
Injection Rate : 200
Batch Size : 2000
Number of Batches : 10
Number of Clients Served : 20000
Overall Response Time : 11504.85 cycles
Overall Waiting  Time : 10089.27 cycles
Overall Throughput : 0.422 
Standard Deviation Response Time : 6056.57666 cycles
Standard Deviation Waiting  Time : 6013.69385 cycles
Standard Deviation Throughput : 0.031155 