Simulation Starting Time 2021-09-04 04:13:55
Welcome to Network-On-Chip ExpressCube Simulator 
This simulator was designed based on The Discrete Event Simulation.
It's a final year project to obtain the Master Degree
Student developer : Ziraoui Zakaria 
Supervisor: Prof. Mohamed Ould-Khaoua

Network Simulation Parameters :

Topology : 8 x 8 Express Cube with 2 Hops
Number of Nodes  : 64 
Routing : Dimension-ordered (DOR)
Traffic : Hotspot [4][4]
Message length : 32 phits
Injection Rate : 160
Transmission Time Normal  Links : 64 Cycles
Transmission Time Express Links : 64 Cycles
Batch Means Method : Yes

Please wait, Simulation has been started...

Batch N° 1 : Mean Response Time : 445.26 cycles	Mean Waiting Time : 176.19 cycles	Throughput : 0.358
Batch N° 2 : Mean Response Time : 686.85 cycles	Mean Waiting Time : 420.40 cycles	Throughput : 0.361
Batch N° 3 : Mean Response Time : 880.92 cycles	Mean Waiting Time : 604.15 cycles	Throughput : 0.368
Batch N° 4 : Mean Response Time : 1088.28 cycles	Mean Waiting Time : 815.24 cycles	Throughput : 0.369
Batch N° 5 : Mean Response Time : 1278.50 cycles	Mean Waiting Time : 1009.93 cycles	Throughput : 0.371
Batch N° 6 : Mean Response Time : 1535.56 cycles	Mean Waiting Time : 1271.41 cycles	Throughput : 0.369
Batch N° 7 : Mean Response Time : 1811.56 cycles	Mean Waiting Time : 1538.50 cycles	Throughput : 0.356
Batch N° 8 : Mean Response Time : 1870.96 cycles	Mean Waiting Time : 1602.04 cycles	Throughput : 0.372
Batch N° 9 : Mean Response Time : 2103.77 cycles	Mean Waiting Time : 1839.37 cycles	Throughput : 0.362
Batch N°10 : Mean Response Time : 2168.00 cycles	Mean Waiting Time : 1894.70 cycles	Throughput : 0.374

End Of The Simulation at T= 54644.79 cycles
Injection Rate : 160
Batch Size : 2000
Number of Batches : 10
Number of Clients Served : 20000
Overall Response Time : 1386.97 cycles
Overall Waiting  Time : 1117.19 cycles
Overall Throughput : 0.366 
Standard Deviation Response Time : 605.02283 cycles
Standard Deviation Waiting  Time : 605.46613 cycles
Standard Deviation Throughput : 0.006178 