Simulation Starting Time 2021-09-01 06:03:41
Welcome to Network-On-Chip ExpressCube Simulator 
This simulator was designed based on The Discrete Event Simulation.
It's a final year project to obtain the Master Degree
Student developer : Ziraoui Zakaria 
Supervisor: Prof. Mohamed Ould-Khaoua

Network Simulation Parameters :

Topology : 8 x 8 Express Cube with 2 Hops
Number of Nodes  : 64 
Routing : Dimension-ordered (DOR)
Traffic : Hotspot [4][4]
Message length : 32 phits
Injection Rate : 70
Transmission Time Normal  Links : 32 Cycles
Transmission Time Express Links : 32 Cycles
Batch Means Method : Yes

Please wait, Simulation has been started...

Batch N° 1 : Mean Response Time : 234.23 cycles	Mean Waiting Time : 101.92 cycles	Throughput : 0.774
Batch N° 2 : Mean Response Time : 383.78 cycles	Mean Waiting Time : 248.14 cycles	Throughput : 0.796
Batch N° 3 : Mean Response Time : 561.61 cycles	Mean Waiting Time : 421.06 cycles	Throughput : 0.866
Batch N° 4 : Mean Response Time : 673.81 cycles	Mean Waiting Time : 536.91 cycles	Throughput : 0.817
Batch N° 5 : Mean Response Time : 816.21 cycles	Mean Waiting Time : 676.68 cycles	Throughput : 0.804
Batch N° 6 : Mean Response Time : 870.50 cycles	Mean Waiting Time : 734.72 cycles	Throughput : 0.802
Batch N° 7 : Mean Response Time : 953.42 cycles	Mean Waiting Time : 813.80 cycles	Throughput : 0.837
Batch N° 8 : Mean Response Time : 1035.02 cycles	Mean Waiting Time : 897.41 cycles	Throughput : 0.823
Batch N° 9 : Mean Response Time : 1174.78 cycles	Mean Waiting Time : 1037.67 cycles	Throughput : 0.806
Batch N°10 : Mean Response Time : 1380.96 cycles	Mean Waiting Time : 1246.13 cycles	Throughput : 0.803

End Of The Simulation at T= 24623.75 cycles
Injection Rate : 70
Batch Size : 2000
Number of Batches : 10
Number of Clients Served : 20000
Overall Response Time : 808.43 cycles
Overall Waiting  Time : 671.44 cycles
Overall Throughput : 0.813 
Standard Deviation Response Time : 353.92563 cycles
Standard Deviation Waiting  Time : 353.40891 cycles
Standard Deviation Throughput : 0.025101 