Simulation Starting Time 2021-08-31 05:59:08
Welcome to Network-On-Chip ExpressCube Simulator 
This simulator was designed based on The Discrete Event Simulation.
It's a final year project to obtain the Master Degree
Student developer : Ziraoui Zakaria 
Supervisor: Prof. Mohamed Ould-Khaoua

Network Simulation Parameters :

Topology : 16 x 16 Express Cube with 4 Hops
Number of Nodes  : 256 
Routing : Dimension-ordered (DOR)
Traffic : Uniform Random
Message length : 32 phits
Injection Rate : 9200
Transmission Time Normal  Links : 32 Cycles
Transmission Time Express Links : 32 Cycles
Batch Means Method : Yes

Please wait, Simulation has been started...

Batch N° 1 : Mean Response Time : 202.38 cycles	Mean Waiting Time : 1.12 cycles	Throughput : 0.031
Batch N° 2 : Mean Response Time : 203.26 cycles	Mean Waiting Time : 0.01 cycles	Throughput : 0.027
Batch N° 3 : Mean Response Time : 202.53 cycles	Mean Waiting Time : 0.06 cycles	Throughput : 0.027
Batch N° 4 : Mean Response Time : 203.79 cycles	Mean Waiting Time : 0.05 cycles	Throughput : 0.028
Batch N° 5 : Mean Response Time : 205.12 cycles	Mean Waiting Time : 0.09 cycles	Throughput : 0.028
Batch N° 6 : Mean Response Time : 206.96 cycles	Mean Waiting Time : 0.08 cycles	Throughput : 0.027
Batch N° 7 : Mean Response Time : 206.17 cycles	Mean Waiting Time : 0.07 cycles	Throughput : 0.027
Batch N° 8 : Mean Response Time : 202.78 cycles	Mean Waiting Time : 0.08 cycles	Throughput : 0.027
Batch N° 9 : Mean Response Time : 199.30 cycles	Mean Waiting Time : 0.11 cycles	Throughput : 0.028
Batch N°10 : Mean Response Time : 205.61 cycles	Mean Waiting Time : 0.09 cycles	Throughput : 0.027

End Of The Simulation at T= 717563.38 cycles
Injection Rate : 9200
Batch Size : 2000
Number of Batches : 10
Number of Clients Served : 20000
Overall Response Time : 203.79 cycles
Overall Waiting  Time : 0.17 cycles
Overall Throughput : 0.028 
Standard Deviation Response Time : 2.25689 cycles
Standard Deviation Waiting  Time : 0.33235 cycles
Standard Deviation Throughput : 0.001228 