Simulation Starting Time 2021-09-04 04:19:52
Welcome to Network-On-Chip ExpressCube Simulator 
This simulator was designed based on The Discrete Event Simulation.
It's a final year project to obtain the Master Degree
Student developer : Ziraoui Zakaria 
Supervisor: Prof. Mohamed Ould-Khaoua

Network Simulation Parameters :

Topology : 16 x 16 Express Cube with 2 Hops
Number of Nodes  : 256 
Routing : Dimension-ordered (DOR)
Traffic : Hotspot [8][8]
Message length : 32 phits
Injection Rate : 350
Transmission Time Normal  Links : 64 Cycles
Transmission Time Express Links : 64 Cycles
Batch Means Method : Yes

Please wait, Simulation has been started...

Batch N° 1 : Mean Response Time : 542.54 cycles	Mean Waiting Time : 112.55 cycles	Throughput : 0.600
Batch N° 2 : Mean Response Time : 724.27 cycles	Mean Waiting Time : 273.76 cycles	Throughput : 0.643
Batch N° 3 : Mean Response Time : 839.74 cycles	Mean Waiting Time : 379.23 cycles	Throughput : 0.652
Batch N° 4 : Mean Response Time : 865.41 cycles	Mean Waiting Time : 425.93 cycles	Throughput : 0.633
Batch N° 5 : Mean Response Time : 990.01 cycles	Mean Waiting Time : 539.14 cycles	Throughput : 0.624
Batch N° 6 : Mean Response Time : 1107.49 cycles	Mean Waiting Time : 650.98 cycles	Throughput : 0.651
Batch N° 7 : Mean Response Time : 1238.92 cycles	Mean Waiting Time : 784.00 cycles	Throughput : 0.645
Batch N° 8 : Mean Response Time : 1406.65 cycles	Mean Waiting Time : 946.30 cycles	Throughput : 0.638
Batch N° 9 : Mean Response Time : 1472.25 cycles	Mean Waiting Time : 1022.07 cycles	Throughput : 0.627
Batch N°10 : Mean Response Time : 1668.45 cycles	Mean Waiting Time : 1201.38 cycles	Throughput : 0.630

End Of The Simulation at T= 31546.72 cycles
Injection Rate : 350
Batch Size : 2000
Number of Batches : 10
Number of Clients Served : 20000
Overall Response Time : 1085.57 cycles
Overall Waiting  Time : 633.53 cycles
Overall Throughput : 0.634 
Standard Deviation Response Time : 358.98306 cycles
Standard Deviation Waiting  Time : 351.45963 cycles
Standard Deviation Throughput : 0.015521 