Simulation Starting Time 2021-08-17 05:59:13
Welcome to Network-On-Chip ExpressCube Simulator 
This simulator was designed based on The Discrete Event Simulation.
It's a final year project to obtain the Master Degree
Student developer : Ziraoui Zakaria 
Supervisor: Prof. Mohamed Ould-Khaoua

Network Simulation Parameters :

Topology : 8 x 8 Express Cube with 2 Hops
Number of Nodes  : 64 
Routing : Dimension-ordered (DOR)
Traffic : Uniform Random
Message length : 32 phits
Injection Rate : 350
Transmission Time Normal  Links : 32 Cycles
Transmission Time Express Links : 32 Cycles
Batch Means Method : Yes

Please wait, Simulation has been started...

Batch N° 1 : Mean Response Time : 121.26 cycles	Mean Waiting Time : 2.35 cycles	Throughput : 0.182
Batch N° 2 : Mean Response Time : 120.99 cycles	Mean Waiting Time : 2.52 cycles	Throughput : 0.181
Batch N° 3 : Mean Response Time : 120.53 cycles	Mean Waiting Time : 2.45 cycles	Throughput : 0.182
Batch N° 4 : Mean Response Time : 121.17 cycles	Mean Waiting Time : 2.40 cycles	Throughput : 0.181
Batch N° 5 : Mean Response Time : 120.63 cycles	Mean Waiting Time : 2.19 cycles	Throughput : 0.181
Batch N° 6 : Mean Response Time : 120.25 cycles	Mean Waiting Time : 2.34 cycles	Throughput : 0.180
Batch N° 7 : Mean Response Time : 120.72 cycles	Mean Waiting Time : 2.27 cycles	Throughput : 0.178
Batch N° 8 : Mean Response Time : 120.09 cycles	Mean Waiting Time : 2.23 cycles	Throughput : 0.178
Batch N° 9 : Mean Response Time : 121.10 cycles	Mean Waiting Time : 2.35 cycles	Throughput : 0.179
Batch N°10 : Mean Response Time : 121.68 cycles	Mean Waiting Time : 2.38 cycles	Throughput : 0.182
Batch N°11 : Mean Response Time : 121.61 cycles	Mean Waiting Time : 2.46 cycles	Throughput : 0.182
Batch N°12 : Mean Response Time : 121.70 cycles	Mean Waiting Time : 2.43 cycles	Throughput : 0.180
Batch N°13 : Mean Response Time : 121.03 cycles	Mean Waiting Time : 2.42 cycles	Throughput : 0.177
Batch N°14 : Mean Response Time : 120.54 cycles	Mean Waiting Time : 2.17 cycles	Throughput : 0.176
Batch N°15 : Mean Response Time : 119.12 cycles	Mean Waiting Time : 2.24 cycles	Throughput : 0.173
Batch N°16 : Mean Response Time : 120.88 cycles	Mean Waiting Time : 2.26 cycles	Throughput : 0.176
Batch N°17 : Mean Response Time : 120.93 cycles	Mean Waiting Time : 2.28 cycles	Throughput : 0.174
Batch N°18 : Mean Response Time : 121.13 cycles	Mean Waiting Time : 2.41 cycles	Throughput : 0.173
Batch N°19 : Mean Response Time : 120.81 cycles	Mean Waiting Time : 2.19 cycles	Throughput : 0.171
Batch N°20 : Mean Response Time : 120.85 cycles	Mean Waiting Time : 2.14 cycles	Throughput : 0.172
Batch N°21 : Mean Response Time : 120.63 cycles	Mean Waiting Time : 2.18 cycles	Throughput : 0.171
Batch N°22 : Mean Response Time : 120.37 cycles	Mean Waiting Time : 2.22 cycles	Throughput : 0.167
Batch N°23 : Mean Response Time : 121.12 cycles	Mean Waiting Time : 2.04 cycles	Throughput : 0.164
Batch N°24 : Mean Response Time : 119.46 cycles	Mean Waiting Time : 2.16 cycles	Throughput : 0.165
Batch N°25 : Mean Response Time : 121.16 cycles	Mean Waiting Time : 2.22 cycles	Throughput : 0.166
Batch N°26 : Mean Response Time : 120.99 cycles	Mean Waiting Time : 2.04 cycles	Throughput : 0.162
Batch N°27 : Mean Response Time : 119.85 cycles	Mean Waiting Time : 2.08 cycles	Throughput : 0.160
Batch N°28 : Mean Response Time : 119.67 cycles	Mean Waiting Time : 1.71 cycles	Throughput : 0.154
Batch N°29 : Mean Response Time : 120.45 cycles	Mean Waiting Time : 1.82 cycles	Throughput : 0.154
Batch N°30 : Mean Response Time : 120.03 cycles	Mean Waiting Time : 1.81 cycles	Throughput : 0.158
Batch N°31 : Mean Response Time : 120.42 cycles	Mean Waiting Time : 1.71 cycles	Throughput : 0.154
Batch N°32 : Mean Response Time : 120.09 cycles	Mean Waiting Time : 1.79 cycles	Throughput : 0.154
Batch N°33 : Mean Response Time : 120.39 cycles	Mean Waiting Time : 1.95 cycles	Throughput : 0.154
Batch N°34 : Mean Response Time : 119.60 cycles	Mean Waiting Time : 1.89 cycles	Throughput : 0.152
Batch N°35 : Mean Response Time : 119.60 cycles	Mean Waiting Time : 1.85 cycles	Throughput : 0.153
Batch N°36 : Mean Response Time : 121.35 cycles	Mean Waiting Time : 1.81 cycles	Throughput : 0.151

End Of The Simulation at T= 2133740.25 cycles
Injection Rate : 350
Batch Size : 10000
Number of Batches : 36
Number of Clients Served : 360000
Overall Response Time : 120.62 cycles
Overall Waiting  Time : 2.16 cycles
Overall Throughput : 0.169 
Standard Deviation Response Time : 0.64803 cycles
Standard Deviation Waiting  Time : 0.23486 cycles
Standard Deviation Throughput : 0.010877 