Simulation Starting Time 2021-08-17 05:58:59
Welcome to Network-On-Chip ExpressCube Simulator 
This simulator was designed based on The Discrete Event Simulation.
It's a final year project to obtain the Master Degree
Student developer : Ziraoui Zakaria 
Supervisor: Prof. Mohamed Ould-Khaoua

Network Simulation Parameters :

Topology : 8 x 8 Express Cube with 2 Hops
Number of Nodes  : 64 
Routing : Dimension-ordered (DOR)
Traffic : Uniform Random
Message length : 32 phits
Injection Rate : 9200
Transmission Time Normal  Links : 32 Cycles
Transmission Time Express Links : 32 Cycles
Batch Means Method : Yes

Please wait, Simulation has been started...

Batch N° 1 : Mean Response Time : 115.04 cycles	Mean Waiting Time : 0.07 cycles	Throughput : 0.007
Batch N° 2 : Mean Response Time : 115.82 cycles	Mean Waiting Time : 0.07 cycles	Throughput : 0.007
Batch N° 3 : Mean Response Time : 115.52 cycles	Mean Waiting Time : 0.08 cycles	Throughput : 0.007
Batch N° 4 : Mean Response Time : 115.24 cycles	Mean Waiting Time : 0.05 cycles	Throughput : 0.007
Batch N° 5 : Mean Response Time : 115.15 cycles	Mean Waiting Time : 0.08 cycles	Throughput : 0.007
Batch N° 6 : Mean Response Time : 115.59 cycles	Mean Waiting Time : 0.07 cycles	Throughput : 0.007
Batch N° 7 : Mean Response Time : 117.01 cycles	Mean Waiting Time : 0.06 cycles	Throughput : 0.007
Batch N° 8 : Mean Response Time : 115.55 cycles	Mean Waiting Time : 0.06 cycles	Throughput : 0.007
Batch N° 9 : Mean Response Time : 115.01 cycles	Mean Waiting Time : 0.07 cycles	Throughput : 0.007
Batch N°10 : Mean Response Time : 115.73 cycles	Mean Waiting Time : 0.06 cycles	Throughput : 0.007
Batch N°11 : Mean Response Time : 115.86 cycles	Mean Waiting Time : 0.08 cycles	Throughput : 0.007
Batch N°12 : Mean Response Time : 115.08 cycles	Mean Waiting Time : 0.07 cycles	Throughput : 0.007
Batch N°13 : Mean Response Time : 115.41 cycles	Mean Waiting Time : 0.06 cycles	Throughput : 0.007
Batch N°14 : Mean Response Time : 115.22 cycles	Mean Waiting Time : 0.07 cycles	Throughput : 0.007
Batch N°15 : Mean Response Time : 116.59 cycles	Mean Waiting Time : 0.05 cycles	Throughput : 0.007
Batch N°16 : Mean Response Time : 115.05 cycles	Mean Waiting Time : 0.07 cycles	Throughput : 0.007
Batch N°17 : Mean Response Time : 115.51 cycles	Mean Waiting Time : 0.06 cycles	Throughput : 0.007
Batch N°18 : Mean Response Time : 115.23 cycles	Mean Waiting Time : 0.07 cycles	Throughput : 0.007
Batch N°19 : Mean Response Time : 114.44 cycles	Mean Waiting Time : 0.06 cycles	Throughput : 0.006
Batch N°20 : Mean Response Time : 115.72 cycles	Mean Waiting Time : 0.04 cycles	Throughput : 0.006
Batch N°21 : Mean Response Time : 115.59 cycles	Mean Waiting Time : 0.07 cycles	Throughput : 0.006
Batch N°22 : Mean Response Time : 115.44 cycles	Mean Waiting Time : 0.04 cycles	Throughput : 0.006
Batch N°23 : Mean Response Time : 116.12 cycles	Mean Waiting Time : 0.05 cycles	Throughput : 0.006
Batch N°24 : Mean Response Time : 115.37 cycles	Mean Waiting Time : 0.06 cycles	Throughput : 0.006
Batch N°25 : Mean Response Time : 117.44 cycles	Mean Waiting Time : 0.05 cycles	Throughput : 0.006
Batch N°26 : Mean Response Time : 115.65 cycles	Mean Waiting Time : 0.05 cycles	Throughput : 0.006
Batch N°27 : Mean Response Time : 115.07 cycles	Mean Waiting Time : 0.04 cycles	Throughput : 0.006
Batch N°28 : Mean Response Time : 114.91 cycles	Mean Waiting Time : 0.06 cycles	Throughput : 0.006
Batch N°29 : Mean Response Time : 114.27 cycles	Mean Waiting Time : 0.06 cycles	Throughput : 0.006
Batch N°30 : Mean Response Time : 115.10 cycles	Mean Waiting Time : 0.05 cycles	Throughput : 0.006
Batch N°31 : Mean Response Time : 115.11 cycles	Mean Waiting Time : 0.04 cycles	Throughput : 0.006
Batch N°32 : Mean Response Time : 115.69 cycles	Mean Waiting Time : 0.04 cycles	Throughput : 0.006
Batch N°33 : Mean Response Time : 115.08 cycles	Mean Waiting Time : 0.06 cycles	Throughput : 0.006
Batch N°34 : Mean Response Time : 116.47 cycles	Mean Waiting Time : 0.07 cycles	Throughput : 0.006
Batch N°35 : Mean Response Time : 115.02 cycles	Mean Waiting Time : 0.05 cycles	Throughput : 0.006
Batch N°36 : Mean Response Time : 115.23 cycles	Mean Waiting Time : 0.07 cycles	Throughput : 0.006

End Of The Simulation at T= 56388044.00 cycles
Injection Rate : 9200
Batch Size : 10000
Number of Batches : 36
Number of Clients Served : 360000
Overall Response Time : 115.48 cycles
Overall Waiting  Time : 0.06 cycles
Overall Throughput : 0.006 
Standard Deviation Response Time : 0.63487 cycles
Standard Deviation Waiting  Time : 0.01135 cycles
Standard Deviation Throughput : 0.000431 