Simulation Starting Time 2021-08-31 05:31:29
Welcome to Network-On-Chip ExpressCube Simulator 
This simulator was designed based on The Discrete Event Simulation.
It's a final year project to obtain the Master Degree
Student developer : Ziraoui Zakaria 
Supervisor: Prof. Mohamed Ould-Khaoua

Network Simulation Parameters :

Topology : 8 x 8 Express Cube with 4 Hops
Number of Nodes  : 64 
Routing : Dimension-ordered (DOR)
Traffic : Uniform Random
Message length : 32 phits
Injection Rate : 250
Transmission Time Normal  Links : 32 Cycles
Transmission Time Express Links : 32 Cycles
Batch Means Method : Yes

Please wait, Simulation has been started...

Batch N° 1 : Mean Response Time : 146.54 cycles	Mean Waiting Time : 5.31 cycles	Throughput : 0.266
Batch N° 2 : Mean Response Time : 148.24 cycles	Mean Waiting Time : 5.77 cycles	Throughput : 0.260
Batch N° 3 : Mean Response Time : 146.16 cycles	Mean Waiting Time : 5.20 cycles	Throughput : 0.263
Batch N° 4 : Mean Response Time : 144.99 cycles	Mean Waiting Time : 4.39 cycles	Throughput : 0.254
Batch N° 5 : Mean Response Time : 144.88 cycles	Mean Waiting Time : 4.45 cycles	Throughput : 0.256
Batch N° 6 : Mean Response Time : 144.44 cycles	Mean Waiting Time : 5.09 cycles	Throughput : 0.256
Batch N° 7 : Mean Response Time : 146.89 cycles	Mean Waiting Time : 5.02 cycles	Throughput : 0.259
Batch N° 8 : Mean Response Time : 149.07 cycles	Mean Waiting Time : 4.99 cycles	Throughput : 0.256
Batch N° 9 : Mean Response Time : 146.41 cycles	Mean Waiting Time : 5.11 cycles	Throughput : 0.251
Batch N°10 : Mean Response Time : 145.13 cycles	Mean Waiting Time : 4.95 cycles	Throughput : 0.263

End Of The Simulation at T= 77402.10 cycles
Injection Rate : 250
Batch Size : 2000
Number of Batches : 10
Number of Clients Served : 20000
Overall Response Time : 146.28 cycles
Overall Waiting  Time : 5.03 cycles
Overall Throughput : 0.258 
Standard Deviation Response Time : 1.50488 cycles
Standard Deviation Waiting  Time : 0.39567 cycles
Standard Deviation Throughput : 0.004379 