Simulation Starting Time 2021-09-02 06:58:46
Welcome to Network-On-Chip ExpressCube Simulator 
This simulator was designed based on The Discrete Event Simulation.
It's a final year project to obtain the Master Degree
Student developer : Ziraoui Zakaria 
Supervisor: Prof. Mohamed Ould-Khaoua

Network Simulation Parameters :

Topology : 32 x 32 Express Cube with 8 Hops
Number of Nodes  : 1024 
Routing : Dimension-ordered (DOR)
Traffic : Uniform Random
Message length : 32 phits
Injection Rate : 10500
Transmission Time Normal  Links : 160 Cycles
Transmission Time Express Links : 160 Cycles
Batch Means Method : Yes

Please wait, Simulation has been started...

Batch N° 1 : Mean Response Time : 1925.44 cycles	Mean Waiting Time : 21.10 cycles	Throughput : 0.170
Batch N° 2 : Mean Response Time : 1870.33 cycles	Mean Waiting Time : 1.55 cycles	Throughput : 0.099
Batch N° 3 : Mean Response Time : 1898.45 cycles	Mean Waiting Time : 2.36 cycles	Throughput : 0.098
Batch N° 4 : Mean Response Time : 1848.99 cycles	Mean Waiting Time : 2.18 cycles	Throughput : 0.096
Batch N° 5 : Mean Response Time : 1873.03 cycles	Mean Waiting Time : 2.44 cycles	Throughput : 0.102
Batch N° 6 : Mean Response Time : 1880.19 cycles	Mean Waiting Time : 2.27 cycles	Throughput : 0.099
Batch N° 7 : Mean Response Time : 1891.17 cycles	Mean Waiting Time : 1.99 cycles	Throughput : 0.098
Batch N° 8 : Mean Response Time : 1889.21 cycles	Mean Waiting Time : 1.73 cycles	Throughput : 0.099
Batch N° 9 : Mean Response Time : 1921.33 cycles	Mean Waiting Time : 2.32 cycles	Throughput : 0.099
Batch N°10 : Mean Response Time : 1915.06 cycles	Mean Waiting Time : 2.18 cycles	Throughput : 0.097

End Of The Simulation at T= 194487.25 cycles
Injection Rate : 10500
Batch Size : 2000
Number of Batches : 10
Number of Clients Served : 20000
Overall Response Time : 1891.32 cycles
Overall Waiting  Time : 4.01 cycles
Overall Throughput : 0.106 
Standard Deviation Response Time : 24.43606 cycles
Standard Deviation Waiting  Time : 6.01063 cycles
Standard Deviation Throughput : 0.022666 