Simulation Starting Time 2021-08-05 00:26:16
Welcome to Network-On-Chip ExpressCube Simulator 
This simulator was designed based on The Discrete Event Simulation.
It's a final year project to obtain the Master Degree
Student developer : Ziraoui Zakaria 
Supervisor: Prof. Mohamed Ould-Khaoua

Network Simulation Parameters :

Topology : 8 x 8 Express Cube with 2 Hops
Number of Nodes  : 64 
Routing : Dimension-ordered (DOR)
Traffic : Uniform Random
Message length : 32 phits
Injection Rate : 80
Transmission Time Normal  Links : 32 Cycles
Transmission Time Express Links : 32 Cycles

Please wait, Simulation has been started.

 (    0.00 ) Msg[1] Arrives in PEQ[7][7] -> [3][6] 
 (    0.00 ) Msg[1] Decides in PEQ[7][7] -> [3][6]E2Q 
 (    0.00 ) Start Transmit from  PEQ[7][7] -> [5][7]E2Q 
 (    0.00 ) Msg[2] Arrives in PEQ[7][6] -> [6][1] 
 (    0.00 ) Msg[2] Decides in PEQ[7][6] -> [6][1]X2Q 
 (    0.00 ) Start Transmit from  PEQ[7][6] -> [6][6]X2Q 
 (    0.00 ) Msg[3] Arrives in PEQ[7][5] -> [6][2] 
 (    0.00 ) Msg[3] Decides in PEQ[7][5] -> [6][2]X2Q 
 (    0.00 ) Start Transmit from  PEQ[7][5] -> [6][5]X2Q 
 (    0.00 ) Msg[4] Arrives in PEQ[7][4] -> [2][2] 
 (    0.00 ) Msg[4] Decides in PEQ[7][4] -> [2][2]X2Q 
 (    0.00 ) Start Transmit from  PEQ[7][4] -> [6][4]X2Q 
 (    0.00 ) Msg[5] Arrives in PEQ[7][3] -> [1][6] 
 (    0.00 ) Msg[5] Decides in PEQ[7][3] -> [1][6]E2Q 
 (    0.00 ) Start Transmit from  PEQ[7][3] -> [5][3]E2Q 
 (    0.00 ) Msg[6] Arrives in PEQ[7][2] -> [5][4] 
 (    0.00 ) Msg[6] Decides in PEQ[7][2] -> [5][4]X2Q 
 (    0.00 ) Start Transmit from  PEQ[7][2] -> [6][2]X2Q 
 (    0.00 ) Msg[7] Arrives in PEQ[7][1] -> [5][0] 
 (    0.00 ) Msg[7] Decides in PEQ[7][1] -> [5][0]X2Q 
 (    0.00 ) Start Transmit from  PEQ[7][1] -> [6][1]X2Q 
 (    0.00 ) Msg[8] Arrives in PEQ[7][0] -> [6][1] 
 (    0.00 ) Msg[8] Decides in PEQ[7][0] -> [6][1]X2Q 
 (    0.00 ) Start Transmit from  PEQ[7][0] -> [6][0]X2Q 
 (    0.00 ) Msg[9] Arrives in PEQ[6][7] -> [6][5] 
 (    0.00 ) Msg[9] Decides in PEQ[6][7] -> [6][5]E2Q 
 (    0.00 ) Start Transmit from  PEQ[6][7] -> [6][5]E2Q 
 (    0.00 ) Msg[10] Arrives in PEQ[6][6] -> [2][4] 
 (    0.00 ) Msg[10] Decides in PEQ[6][6] -> [2][4]E2Q 
 (    0.00 ) Start Transmit from  PEQ[6][6] -> [4][6]E2Q 
 (    0.00 ) Msg[11] Arrives in PEQ[6][5] -> [1][1] 
 (    0.00 ) Msg[11] Decides in PEQ[6][5] -> [1][1]X2Q 
 (    0.00 ) Start Transmit from  PEQ[6][5] -> [5][5]X2Q 
 (    0.00 ) Msg[12] Arrives in PEQ[6][4] -> [2][4] 
 (    0.00 ) Msg[12] Decides in PEQ[6][4] -> [2][4]E2Q 
 (    0.00 ) Start Transmit from  PEQ[6][4] -> [4][4]E2Q 
 (    0.00 ) Msg[13] Arrives in PEQ[6][3] -> [0][1] 
 (    0.00 ) Msg[13] Decides in PEQ[6][3] -> [0][1]X2Q 
 (    0.00 ) Start Transmit from  PEQ[6][3] -> [5][3]X2Q 
 (    0.00 ) Msg[14] Arrives in PEQ[6][2] -> [5][2] 
 (    0.00 ) Msg[14] Decides in PEQ[6][2] -> [5][2]X2Q 
 (    0.00 ) Start Transmit from  PEQ[6][2] -> [5][2]X2Q 
 (    0.00 ) Msg[15] Arrives in PEQ[6][1] -> [3][7] 
 (    0.00 ) Msg[15] Decides in PEQ[6][1] -> [3][7]X2Q 
 (    0.00 ) Start Transmit from  PEQ[6][1] -> [5][1]X2Q 
 (    0.00 ) Msg[16] Arrives in PEQ[6][0] -> [4][5] 
 (    0.00 ) Msg[16] Decides in PEQ[6][0] -> [4][5]X2Q 
 (    0.00 ) Start Transmit from  PEQ[6][0] -> [5][0]X2Q 
 (    0.00 ) Msg[17] Arrives in PEQ[5][7] -> [3][4] 
 (    0.00 ) Msg[17] Decides in PEQ[5][7] -> [3][4]E2Q 
 (    0.00 ) Start Transmit from  PEQ[5][7] -> [3][7]E2Q 
 (    0.00 ) Msg[18] Arrives in PEQ[5][6] -> [0][2] 
 (    0.00 ) Msg[18] Decides in PEQ[5][6] -> [0][2]X2Q 
 (    0.00 ) Start Transmit from  PEQ[5][6] -> [4][6]X2Q 
 (    0.00 ) Msg[19] Arrives in PEQ[5][5] -> [3][6] 
 (    0.00 ) Msg[19] Decides in PEQ[5][5] -> [3][6]E2Q 
 (    0.00 ) Start Transmit from  PEQ[5][5] -> [3][5]E2Q 
 (    0.00 ) Msg[20] Arrives in PEQ[5][4] -> [7][6] 
 (    0.00 ) Msg[20] Decides in PEQ[5][4] -> [7][6]X1Q 
 (    0.00 ) Start Transmit from  PEQ[5][4] -> [6][4]X1Q 
 (    0.00 ) Msg[21] Arrives in PEQ[5][3] -> [0][0] 
 (    0.00 ) Msg[21] Decides in PEQ[5][3] -> [0][0]E2Q 
 (    0.00 ) Start Transmit from  PEQ[5][3] -> [3][3]E2Q 
 (    0.00 ) Msg[22] Arrives in PEQ[5][2] -> [5][1] 
 (    0.00 ) Msg[22] Decides in PEQ[5][2] -> [5][1]Y2Q 
 (    0.00 ) Start Transmit from  PEQ[5][2] -> [5][1]Y2Q 
 (    0.00 ) Msg[23] Arrives in PEQ[5][1] -> [6][0] 
 (    0.00 ) Msg[23] Decides in PEQ[5][1] -> [6][0]X1Q 
 (    0.00 ) Start Transmit from  PEQ[5][1] -> [6][1]X1Q 
 (    0.00 ) Msg[24] Arrives in PEQ[5][0] -> [4][1] 
 (    0.00 ) Msg[24] Decides in PEQ[5][0] -> [4][1]X2Q 
 (    0.00 ) Start Transmit from  PEQ[5][0] -> [4][0]X2Q 
 (    0.00 ) Msg[25] Arrives in PEQ[4][7] -> [2][6] 
 (    0.00 ) Msg[25] Decides in PEQ[4][7] -> [2][6]X2Q 
 (    0.00 ) Start Transmit from  PEQ[4][7] -> [3][7]X2Q 
 (    0.00 ) Msg[26] Arrives in PEQ[4][6] -> [3][5] 
 (    0.00 ) Msg[26] Decides in PEQ[4][6] -> [3][5]X2Q 
 (    0.00 ) Start Transmit from  PEQ[4][6] -> [3][6]X2Q 
 (    0.00 ) Msg[27] Arrives in PEQ[4][5] -> [5][5] 
 (    0.00 ) Msg[27] Decides in PEQ[4][5] -> [5][5]X1Q 
 (    0.00 ) Start Transmit from  PEQ[4][5] -> [5][5]X1Q 
 (    0.00 ) Msg[28] Arrives in PEQ[4][4] -> [6][1] 
 (    0.00 ) Msg[28] Decides in PEQ[4][4] -> [6][1]E1Q 
 (    0.00 ) Start Transmit from  PEQ[4][4] -> [6][4]E1Q 
 (    0.00 ) Msg[29] Arrives in PEQ[4][3] -> [2][2] 
 (    0.00 ) Msg[29] Decides in PEQ[4][3] -> [2][2]X2Q 
 (    0.00 ) Start Transmit from  PEQ[4][3] -> [3][3]X2Q 
 (    0.00 ) Msg[30] Arrives in PEQ[4][2] -> [7][4] 
 (    0.00 ) Msg[30] Decides in PEQ[4][2] -> [7][4]E1Q 
 (    0.00 ) Start Transmit from  PEQ[4][2] -> [6][2]E1Q 
 (    0.00 ) Msg[31] Arrives in PEQ[4][1] -> [0][6] 
 (    0.00 ) Msg[31] Decides in PEQ[4][1] -> [0][6]X2Q 
 (    0.00 ) Start Transmit from  PEQ[4][1] -> [3][1]X2Q 
 (    0.00 ) Msg[32] Arrives in PEQ[4][0] -> [7][5] 
 (    0.00 ) Msg[32] Decides in PEQ[4][0] -> [7][5]E1Q 
 (    0.00 ) Start Transmit from  PEQ[4][0] -> [6][0]E1Q 
 (    0.00 ) Msg[33] Arrives in PEQ[3][7] -> [4][5] 
 (    0.00 ) Msg[33] Decides in PEQ[3][7] -> [4][5]X1Q 
 (    0.00 ) Start Transmit from  PEQ[3][7] -> [4][7]X1Q 
 (    0.00 ) Msg[34] Arrives in PEQ[3][6] -> [3][3] 
 (    0.00 ) Msg[34] Decides in PEQ[3][6] -> [3][3]E2Q 
 (    0.00 ) Start Transmit from  PEQ[3][6] -> [3][4]E2Q 
 (    0.00 ) Msg[35] Arrives in PEQ[3][5] -> [2][2] 
 (    0.00 ) Msg[35] Decides in PEQ[3][5] -> [2][2]X2Q 
 (    0.00 ) Start Transmit from  PEQ[3][5] -> [2][5]X2Q 
 (    0.00 ) Msg[36] Arrives in PEQ[3][4] -> [6][1] 
 (    0.00 ) Msg[36] Decides in PEQ[3][4] -> [6][1]X1Q 
 (    0.00 ) Start Transmit from  PEQ[3][4] -> [4][4]X1Q 
 (    0.00 ) Msg[37] Arrives in PEQ[3][3] -> [2][7] 
 (    0.00 ) Msg[37] Decides in PEQ[3][3] -> [2][7]X2Q 
 (    0.00 ) Start Transmit from  PEQ[3][3] -> [2][3]X2Q 
 (    0.00 ) Msg[38] Arrives in PEQ[3][2] -> [6][7] 
 (    0.00 ) Msg[38] Decides in PEQ[3][2] -> [6][7]X1Q 
 (    0.00 ) Start Transmit from  PEQ[3][2] -> [4][2]X1Q 
 (    0.00 ) Msg[39] Arrives in PEQ[3][1] -> [0][5] 
 (    0.00 ) Msg[39] Decides in PEQ[3][1] -> [0][5]X2Q 
 (    0.00 ) Start Transmit from  PEQ[3][1] -> [2][1]X2Q 
 (    0.00 ) Msg[40] Arrives in PEQ[3][0] -> [1][4] 
 (    0.00 ) Msg[40] Decides in PEQ[3][0] -> [1][4]X2Q 
 (    0.00 ) Start Transmit from  PEQ[3][0] -> [2][0]X2Q 
 (    0.00 ) Msg[41] Arrives in PEQ[2][7] -> [3][2] 
 (    0.00 ) Msg[41] Decides in PEQ[2][7] -> [3][2]X1Q 
 (    0.00 ) Start Transmit from  PEQ[2][7] -> [3][7]X1Q 
 (    0.00 ) Msg[42] Arrives in PEQ[2][6] -> [7][0] 
 (    0.00 ) Msg[42] Decides in PEQ[2][6] -> [7][0]X1Q 
 (    0.00 ) Start Transmit from  PEQ[2][6] -> [3][6]X1Q 
 (    0.00 ) Msg[43] Arrives in PEQ[2][5] -> [4][2] 
 (    0.00 ) Msg[43] Decides in PEQ[2][5] -> [4][2]X1Q 
 (    0.00 ) Start Transmit from  PEQ[2][5] -> [3][5]X1Q 
 (    0.00 ) Msg[44] Arrives in PEQ[2][4] -> [5][6] 
 (    0.00 ) Msg[44] Decides in PEQ[2][4] -> [5][6]E1Q 
 (    0.00 ) Start Transmit from  PEQ[2][4] -> [4][4]E1Q 
 (    0.00 ) Msg[45] Arrives in PEQ[2][3] -> [2][6] 
 (    0.00 ) Msg[45] Decides in PEQ[2][3] -> [2][6]E1Q 
 (    0.00 ) Start Transmit from  PEQ[2][3] -> [2][5]E1Q 
 (    0.00 ) Msg[46] Arrives in PEQ[2][2] -> [7][4] 
 (    0.00 ) Msg[46] Decides in PEQ[2][2] -> [7][4]E1Q 
 (    0.00 ) Start Transmit from  PEQ[2][2] -> [4][2]E1Q 
 (    0.00 ) Msg[47] Arrives in PEQ[2][1] -> [3][0] 
 (    0.00 ) Msg[47] Decides in PEQ[2][1] -> [3][0]X1Q 
 (    0.00 ) Start Transmit from  PEQ[2][1] -> [3][1]X1Q 
 (    0.00 ) Msg[48] Arrives in PEQ[2][0] -> [0][3] 
 (    0.00 ) Msg[48] Decides in PEQ[2][0] -> [0][3]X2Q 
 (    0.00 ) Start Transmit from  PEQ[2][0] -> [1][0]X2Q 
 (    0.00 ) Msg[49] Arrives in PEQ[1][7] -> [5][1] 
 (    0.00 ) Msg[49] Decides in PEQ[1][7] -> [5][1]X1Q 
 (    0.00 ) Start Transmit from  PEQ[1][7] -> [2][7]X1Q 
 (    0.00 ) Msg[50] Arrives in PEQ[1][6] -> [5][3] 
 (    0.00 ) Msg[50] Decides in PEQ[1][6] -> [5][3]X1Q 
 (    0.00 ) Start Transmit from  PEQ[1][6] -> [2][6]X1Q 
 (    0.00 ) Msg[51] Arrives in PEQ[1][5] -> [1][3] 
 (    0.00 ) Msg[51] Decides in PEQ[1][5] -> [1][3]Y2Q 
 (    0.00 ) Start Transmit from  PEQ[1][5] -> [1][4]Y2Q 
 (    0.00 ) Msg[52] Arrives in PEQ[1][4] -> [2][5] 
 (    0.00 ) Msg[52] Decides in PEQ[1][4] -> [2][5]X1Q 
 (    0.00 ) Start Transmit from  PEQ[1][4] -> [2][4]X1Q 
 (    0.00 ) Msg[53] Arrives in PEQ[1][3] -> [1][4] 
 (    0.00 ) Msg[53] Decides in PEQ[1][3] -> [1][4]Y1Q 
 (    0.00 ) Start Transmit from  PEQ[1][3] -> [1][4]Y1Q 
 (    0.00 ) Msg[54] Arrives in PEQ[1][2] -> [6][2] 
 (    0.00 ) Msg[54] Decides in PEQ[1][2] -> [6][2]X1Q 
 (    0.00 ) Start Transmit from  PEQ[1][2] -> [2][2]X1Q 
 (    0.00 ) Msg[55] Arrives in PEQ[1][1] -> [0][1] 
 (    0.00 ) Msg[55] Decides in PEQ[1][1] -> [0][1]X2Q 
 (    0.00 ) Start Transmit from  PEQ[1][1] -> [0][1]X2Q 
 (    0.00 ) Msg[56] Arrives in PEQ[1][0] -> [4][3] 
 (    0.00 ) Msg[56] Decides in PEQ[1][0] -> [4][3]X1Q 
 (    0.00 ) Start Transmit from  PEQ[1][0] -> [2][0]X1Q 
 (    0.00 ) Msg[57] Arrives in PEQ[0][7] -> [3][3] 
 (    0.00 ) Msg[57] Decides in PEQ[0][7] -> [3][3]X1Q 
 (    0.00 ) Start Transmit from  PEQ[0][7] -> [1][7]X1Q 
 (    0.00 ) Msg[58] Arrives in PEQ[0][6] -> [5][7] 
 (    0.00 ) Msg[58] Decides in PEQ[0][6] -> [5][7]X1Q 
 (    0.00 ) Start Transmit from  PEQ[0][6] -> [1][6]X1Q 
 (    0.00 ) Msg[59] Arrives in PEQ[0][5] -> [3][1] 
 (    0.00 ) Msg[59] Decides in PEQ[0][5] -> [3][1]X1Q 
 (    0.00 ) Start Transmit from  PEQ[0][5] -> [1][5]X1Q 
 (    0.00 ) Msg[60] Arrives in PEQ[0][4] -> [4][7] 
 (    0.00 ) Msg[60] Decides in PEQ[0][4] -> [4][7]E1Q 
 (    0.00 ) Start Transmit from  PEQ[0][4] -> [2][4]E1Q 
 (    0.00 ) Msg[61] Arrives in PEQ[0][3] -> [5][0] 
 (    0.00 ) Msg[61] Decides in PEQ[0][3] -> [5][0]X1Q 
 (    0.00 ) Start Transmit from  PEQ[0][3] -> [1][3]X1Q 
 (    0.00 ) Msg[62] Arrives in PEQ[0][2] -> [2][0] 
 (    0.00 ) Msg[62] Decides in PEQ[0][2] -> [2][0]E1Q 
 (    0.00 ) Start Transmit from  PEQ[0][2] -> [2][2]E1Q 
 (    0.00 ) Msg[63] Arrives in PEQ[0][1] -> [4][5] 
 (    0.00 ) Msg[63] Decides in PEQ[0][1] -> [4][5]X1Q 
 (    0.00 ) Start Transmit from  PEQ[0][1] -> [1][1]X1Q 
 (    0.00 ) Msg[64] Arrives in PEQ[0][0] -> [6][3] 
 (    0.00 ) Msg[64] Decides in PEQ[0][0] -> [6][3]E1Q 
 (    0.00 ) Start Transmit from  PEQ[0][0] -> [2][0]E1Q 
 (    3.55 ) Msg[65] Arrives in PEQ[4][3] -> [6][5] 
 (    3.55 ) Msg[65] Not Head Of Queue in PEQ[4][3] -> [6][5] 
 (    3.71 ) Msg[66] Arrives in PEQ[5][4] -> [3][4] 
 (    3.71 ) Msg[66] Not Head Of Queue in PEQ[5][4] -> [3][4] 
 (    4.70 ) Msg[67] Arrives in PEQ[0][0] -> [3][7] 
 (    4.70 ) Msg[67] Not Head Of Queue in PEQ[0][0] -> [3][7] 
 (    5.71 ) Msg[68] Arrives in PEQ[5][5] -> [4][3] 
 (    5.71 ) Msg[68] Not Head Of Queue in PEQ[5][5] -> [4][3] 
 (    6.22 ) Msg[69] Arrives in PEQ[5][6] -> [1][1] 
 (    6.22 ) Msg[69] Not Head Of Queue in PEQ[5][6] -> [1][1] 
 (    6.32 ) Msg[70] Arrives in PEQ[2][4] -> [5][6] 
 (    6.32 ) Msg[70] Not Head Of Queue in PEQ[2][4] -> [5][6] 
 (    8.96 ) Msg[71] Arrives in PEQ[3][5] -> [2][6] 
 (    8.96 ) Msg[71] Not Head Of Queue in PEQ[3][5] -> [2][6] 
 (    9.69 ) Msg[72] Arrives in PEQ[2][2] -> [2][3] 
 (    9.69 ) Msg[72] Not Head Of Queue in PEQ[2][2] -> [2][3] 
 (   11.56 ) Msg[73] Arrives in PEQ[7][4] -> [0][2] 
 (   11.56 ) Msg[73] Not Head Of Queue in PEQ[7][4] -> [0][2] 
 (   15.37 ) Msg[74] Arrives in PEQ[3][1] -> [7][7] 
 (   15.37 ) Msg[74] Not Head Of Queue in PEQ[3][1] -> [7][7] 
 (   19.27 ) Msg[75] Arrives in PEQ[3][6] -> [7][1] 
 (   19.27 ) Msg[75] Not Head Of Queue in PEQ[3][6] -> [7][1] 
 (   19.74 ) Msg[76] Arrives in PEQ[6][7] -> [2][5] 
 (   19.74 ) Msg[76] Not Head Of Queue in PEQ[6][7] -> [2][5] 
 (   20.58 ) Msg[77] Arrives in PEQ[4][7] -> [2][6] 
 (   20.58 ) Msg[77] Not Head Of Queue in PEQ[4][7] -> [2][6] 
 (   21.63 ) Msg[78] Arrives in PEQ[2][5] -> [1][4] 
 (   21.63 ) Msg[78] Not Head Of Queue in PEQ[2][5] -> [1][4] 
 (   24.62 ) Msg[79] Arrives in PEQ[5][0] -> [1][6] 
 (   24.62 ) Msg[79] Not Head Of Queue in PEQ[5][0] -> [1][6] 
 (   24.67 ) Msg[80] Arrives in PEQ[2][6] -> [7][5] 
 (   24.67 ) Msg[80] Not Head Of Queue in PEQ[2][6] -> [7][5] 
 (   24.78 ) Msg[81] Arrives in PEQ[6][2] -> [3][0] 
 (   24.78 ) Msg[81] Not Head Of Queue in PEQ[6][2] -> [3][0] 
 (   27.54 ) Msg[82] Arrives in PEQ[4][1] -> [7][5] 
 (   27.54 ) Msg[82] Not Head Of Queue in PEQ[4][1] -> [7][5] 
 (   28.88 ) Msg[83] Arrives in PEQ[7][5] -> [0][5] 
 (   28.88 ) Msg[83] Not Head Of Queue in PEQ[7][5] -> [0][5] 
 (   31.93 ) Msg[84] Arrives in PEQ[5][0] -> [5][7] 
 (   31.93 ) Msg[84] Not Head Of Queue in PEQ[5][0] -> [5][7] 
 (   32.00 ) Msg[1] Ends Trans PEQ[5][7] -> [3][6]E2Q
 (   32.00 ) Msg[1] Decides in E2Q[5][7] -> [3][6]Q 
 (   32.00 ) Msg[2] Ends Trans PEQ[6][6] -> [6][1]X2Q
 (   32.00 ) Msg[2] Decides in X2Q[6][6] -> [6][1]Y2Q 
 (   32.00 ) Start Transmit from  X2Q[6][6] -> [6][5]Y2Q 
 (   32.00 ) Msg[3] Ends Trans PEQ[6][5] -> [6][2]X2Q
 (   32.00 ) Msg[83] Decides in PEQ[7][5] -> [0][5]E2Q 
 (   32.00 ) Start Transmit from  PEQ[7][5] -> [5][5]E2Q 
 (   32.00 ) Msg[3] Decides in X2Q[6][5] -> [6][2]E2Q 
 (   32.00 ) Start Transmit from  X2Q[6][5] -> [6][3]E2Q 
 (   32.00 ) Msg[4] Ends Trans PEQ[6][4] -> [2][2]X2Q
 (   32.00 ) Msg[73] Decides in PEQ[7][4] -> [0][2]X2Q 
 (   32.00 ) Start Transmit from  PEQ[7][4] -> [6][4]X2Q 
 (   32.00 ) Msg[4] Decides in X2Q[6][4] -> [2][2]Q 
 (   32.00 ) Msg[5] Ends Trans PEQ[5][3] -> [1][6]E2Q
 (   32.00 ) Msg[5] Decides in E2Q[5][3] -> [1][6]Q 
 (   32.00 ) Msg[6] Ends Trans PEQ[6][2] -> [5][4]X2Q
 (   32.00 ) Msg[6] Decides in X2Q[6][2] -> [5][4]Q 
 (   32.00 ) Msg[7] Ends Trans PEQ[6][1] -> [5][0]X2Q
 (   32.00 ) Msg[7] Decides in X2Q[6][1] -> [5][0]Q 
 (   32.00 ) Msg[8] Ends Trans PEQ[6][0] -> [6][1]X2Q
 (   32.00 ) Msg[8] Decides in X2Q[6][0] -> [6][1]Y1Q 
 (   32.00 ) Start Transmit from  X2Q[6][0] -> [6][1]Y1Q 
 (   32.00 ) Msg[9] Ends Trans PEQ[6][5] -> [6][5]E2Q
 (   32.00 ) Msg[76] Decides in PEQ[6][7] -> [2][5]X2Q 
 (   32.00 ) Start Transmit from  PEQ[6][7] -> [5][7]X2Q 
 (   32.00 ) Msg[9] Decides in E2Q[6][5] -> [6][5]PEQ 
 (   32.00 ) Start Transmit from  E2Q[6][5] -> [6][5]PEQ 
 (   32.00 ) Msg[10] Ends Trans PEQ[4][6] -> [2][4]E2Q
 (   32.00 ) Msg[10] Decides in E2Q[4][6] -> [2][4]E2Q 
 (   32.00 ) Start Transmit from  E2Q[4][6] -> [2][6]E2Q 
 (   32.00 ) Msg[11] Ends Trans PEQ[5][5] -> [1][1]X2Q
 (   32.00 ) Msg[11] Decides in X2Q[5][5] -> [1][1]Q 
 (   32.00 ) Msg[12] Ends Trans PEQ[4][4] -> [2][4]E2Q
 (   32.00 ) Start Transmit from  X2Q[6][4] -> [4][4]E2Q 
 (   32.00 ) Msg[12] Decides in E2Q[4][4] -> [2][4]E2Q 
 (   32.00 ) Start Transmit from  E2Q[4][4] -> [2][4]E2Q 
 (   32.00 ) Msg[13] Ends Trans PEQ[5][3] -> [0][1]X2Q
 (   32.00 ) Msg[13] Decides in X2Q[5][3] -> [0][1]Q 
 (   32.00 ) Msg[14] Ends Trans PEQ[5][2] -> [5][2]X2Q
 (   32.00 ) Start Transmit from  X2Q[6][2] -> [5][2]X2Q 
 (   32.00 ) Msg[81] Decides in PEQ[6][2] -> [3][0]E2Q 
 (   32.00 ) Start Transmit from  PEQ[6][2] -> [4][2]E2Q 
 (   32.00 ) Msg[14] Decides in X2Q[5][2] -> [5][2]PEQ 
 (   32.00 ) Start Transmit from  X2Q[5][2] -> [5][2]PEQ 
 (   32.00 ) Msg[15] Ends Trans PEQ[5][1] -> [3][7]X2Q
 (   32.00 ) Start Transmit from  X2Q[6][1] -> [5][1]X2Q 
 (   32.00 ) Msg[15] Decides in X2Q[5][1] -> [3][7]X2Q 
 (   32.00 ) Start Transmit from  X2Q[5][1] -> [4][1]X2Q 
 (   32.00 ) Msg[16] Ends Trans PEQ[5][0] -> [4][5]X2Q
 (   32.00 ) Msg[16] Decides in X2Q[5][0] -> [4][5]Q 
 (   32.00 ) Msg[17] Ends Trans PEQ[3][7] -> [3][4]E2Q
 (   32.00 ) Start Transmit from  E2Q[5][7] -> [3][7]E2Q 
 (   32.00 ) Msg[17] Decides in E2Q[3][7] -> [3][4]Y2Q 
 (   32.00 ) Start Transmit from  E2Q[3][7] -> [3][6]Y2Q 
 (   32.00 ) Msg[18] Ends Trans PEQ[4][6] -> [0][2]X2Q
 (   32.00 ) Msg[69] Decides in PEQ[5][6] -> [1][1]X2Q 
 (   32.00 ) Start Transmit from  PEQ[5][6] -> [4][6]X2Q 
 (   32.00 ) Msg[18] Decides in X2Q[4][6] -> [0][2]Q 
 (   32.00 ) Msg[19] Ends Trans PEQ[3][5] -> [3][6]E2Q
 (   32.00 ) Start Transmit from  X2Q[5][5] -> [3][5]E2Q 
 (   32.00 ) Msg[68] Decides in PEQ[5][5] -> [4][3]X2Q 
 (   32.00 ) Start Transmit from  PEQ[5][5] -> [4][5]X2Q 
 (   32.00 ) Msg[19] Decides in E2Q[3][5] -> [3][6]Y1Q 
 (   32.00 ) Start Transmit from  E2Q[3][5] -> [3][6]Y1Q 
 (   32.00 ) Msg[20] Ends Trans PEQ[6][4] -> [7][6]X1Q
 (   32.00 ) Msg[66] Decides in PEQ[5][4] -> [3][4]X2Q 
 (   32.00 ) Start Transmit from  PEQ[5][4] -> [4][4]X2Q 
 (   32.00 ) Msg[20] Decides in X1Q[6][4] -> [7][6]X1Q 
 (   32.00 ) Start Transmit from  X1Q[6][4] -> [7][4]X1Q 
 (   32.00 ) Msg[21] Ends Trans PEQ[3][3] -> [0][0]E2Q
 (   32.00 ) Start Transmit from  X2Q[5][3] -> [3][3]E2Q 
 (   32.00 ) Msg[21] Decides in E2Q[3][3] -> [0][0]E2Q 
 (   32.00 ) Start Transmit from  E2Q[3][3] -> [1][3]E2Q 
 (   32.00 ) Msg[22] Ends Trans PEQ[5][1] -> [5][1]Y2Q
 (   32.00 ) Msg[22] Decides in Y2Q[5][1] -> [5][1]PEQ 
 (   32.00 ) Start Transmit from  Y2Q[5][1] -> [5][1]PEQ 
 (   32.00 ) Msg[23] Ends Trans PEQ[6][1] -> [6][0]X1Q
 (   32.00 ) Msg[23] Decides in X1Q[6][1] -> [6][0]Y2Q 
 (   32.00 ) Start Transmit from  X1Q[6][1] -> [6][0]Y2Q 
 (   32.00 ) Msg[24] Ends Trans PEQ[4][0] -> [4][1]X2Q
 (   32.00 ) Start Transmit from  X2Q[5][0] -> [4][0]X2Q 
 (   32.00 ) Msg[79] Decides in PEQ[5][0] -> [1][6]Q 
 (   32.00 ) Msg[24] Decides in X2Q[4][0] -> [4][1]Y1Q 
 (   32.00 ) Start Transmit from  X2Q[4][0] -> [4][1]Y1Q 
 (   32.00 ) Msg[25] Ends Trans PEQ[3][7] -> [2][6]X2Q
 (   32.00 ) Msg[77] Decides in PEQ[4][7] -> [2][6]X2Q 
 (   32.00 ) Start Transmit from  PEQ[4][7] -> [3][7]X2Q 
 (   32.00 ) Msg[25] Decides in X2Q[3][7] -> [2][6]X2Q 
 (   32.00 ) Start Transmit from  X2Q[3][7] -> [2][7]X2Q 
 (   32.00 ) Msg[26] Ends Trans PEQ[3][6] -> [3][5]X2Q
 (   32.00 ) Msg[26] Decides in X2Q[3][6] -> [3][5]Y2Q 
 (   32.00 ) Start Transmit from  X2Q[3][6] -> [3][5]Y2Q 
 (   32.00 ) Msg[27] Ends Trans PEQ[5][5] -> [5][5]X1Q
 (   32.00 ) Msg[27] Decides in X1Q[5][5] -> [5][5]PEQ 
 (   32.00 ) Start Transmit from  X1Q[5][5] -> [5][5]PEQ 
 (   32.00 ) Msg[28] Ends Trans PEQ[6][4] -> [6][1]E1Q
 (   32.00 ) Msg[28] Decides in E1Q[6][4] -> [6][1]Y2Q 
 (   32.00 ) Start Transmit from  E1Q[6][4] -> [6][3]Y2Q 
 (   32.00 ) Msg[29] Ends Trans PEQ[3][3] -> [2][2]X2Q
 (   32.00 ) Msg[65] Decides in PEQ[4][3] -> [6][5]X1Q 
 (   32.00 ) Start Transmit from  PEQ[4][3] -> [5][3]X1Q 
 (   32.00 ) Msg[29] Decides in X2Q[3][3] -> [2][2]Q 
 (   32.00 ) Msg[30] Ends Trans PEQ[6][2] -> [7][4]E1Q
 (   32.00 ) Msg[30] Decides in E1Q[6][2] -> [7][4]X1Q 
 (   32.00 ) Start Transmit from  E1Q[6][2] -> [7][2]X1Q 
 (   32.00 ) Msg[31] Ends Trans PEQ[3][1] -> [0][6]X2Q
 (   32.00 ) Msg[82] Decides in PEQ[4][1] -> [7][5]X1Q 
 (   32.00 ) Start Transmit from  PEQ[4][1] -> [5][1]X1Q 
 (   32.00 ) Msg[31] Decides in X2Q[3][1] -> [0][6]Q 
 (   32.00 ) Msg[32] Ends Trans PEQ[6][0] -> [7][5]E1Q
 (   32.00 ) Msg[32] Decides in E1Q[6][0] -> [7][5]X1Q 
 (   32.00 ) Start Transmit from  E1Q[6][0] -> [7][0]X1Q 
 (   32.00 ) Msg[33] Ends Trans PEQ[4][7] -> [4][5]X1Q
 (   32.00 ) Msg[33] Decides in X1Q[4][7] -> [4][5]E2Q 
 (   32.00 ) Start Transmit from  X1Q[4][7] -> [4][5]E2Q 
 (   32.00 ) Msg[34] Ends Trans PEQ[3][4] -> [3][3]E2Q
 (   32.00 ) Msg[75] Decides in PEQ[3][6] -> [7][1]X1Q 
 (   32.00 ) Start Transmit from  PEQ[3][6] -> [4][6]X1Q 
 (   32.00 ) Msg[34] Decides in E2Q[3][4] -> [3][3]Y2Q 
 (   32.00 ) Start Transmit from  E2Q[3][4] -> [3][3]Y2Q 
 (   32.00 ) Msg[35] Ends Trans PEQ[2][5] -> [2][2]X2Q
 (   32.00 ) Msg[71] Decides in PEQ[3][5] -> [2][6]X2Q 
 (   32.00 ) Start Transmit from  PEQ[3][5] -> [2][5]X2Q 
 (   32.00 ) Msg[35] Decides in X2Q[2][5] -> [2][2]E2Q 
 (   32.00 ) Start Transmit from  X2Q[2][5] -> [2][3]E2Q 
 (   32.00 ) Msg[36] Ends Trans PEQ[4][4] -> [6][1]X1Q
 (   32.00 ) Msg[36] Decides in X1Q[4][4] -> [6][1]E1Q 
 (   32.00 ) Start Transmit from  X1Q[4][4] -> [6][4]E1Q 
 (   32.00 ) Msg[37] Ends Trans PEQ[2][3] -> [2][7]X2Q
 (   32.00 ) Start Transmit from  X2Q[3][3] -> [2][3]X2Q 
 (   32.00 ) Msg[37] Decides in X2Q[2][3] -> [2][7]Q 
 (   32.00 ) Msg[38] Ends Trans PEQ[4][2] -> [6][7]X1Q
 (   32.00 ) Msg[38] Decides in X1Q[4][2] -> [6][7]E1Q 
 (   32.00 ) Start Transmit from  X1Q[4][2] -> [6][2]E1Q 
 (   32.00 ) Msg[39] Ends Trans PEQ[2][1] -> [0][5]X2Q
 (   32.00 ) Start Transmit from  X2Q[3][1] -> [2][1]X2Q 
 (   32.00 ) Msg[74] Decides in PEQ[3][1] -> [7][7]E1Q 
 (   32.00 ) Start Transmit from  PEQ[3][1] -> [5][1]E1Q 
 (   32.00 ) Msg[39] Decides in X2Q[2][1] -> [0][5]X2Q 
 (   32.00 ) Start Transmit from  X2Q[2][1] -> [1][1]X2Q 
 (   32.00 ) Msg[40] Ends Trans PEQ[2][0] -> [1][4]X2Q
 (   32.00 ) Msg[40] Decides in X2Q[2][0] -> [1][4]Q 
 (   32.00 ) Msg[41] Ends Trans PEQ[3][7] -> [3][2]X1Q
 (   32.00 ) Msg[41] Decides in X1Q[3][7] -> [3][2]Q 
 (   32.00 ) Msg[42] Ends Trans PEQ[3][6] -> [7][0]X1Q
 (   32.00 ) Msg[80] Decides in PEQ[2][6] -> [7][5]X1Q 
 (   32.00 ) Start Transmit from  PEQ[2][6] -> [3][6]X1Q 
 (   32.00 ) Msg[42] Decides in X1Q[3][6] -> [7][0]Q 
 (   32.00 ) Msg[43] Ends Trans PEQ[3][5] -> [4][2]X1Q
 (   32.00 ) Msg[78] Decides in PEQ[2][5] -> [1][4]X2Q 
 (   32.00 ) Start Transmit from  PEQ[2][5] -> [1][5]X2Q 
 (   32.00 ) Msg[43] Decides in X1Q[3][5] -> [4][2]X1Q 
 (   32.00 ) Start Transmit from  X1Q[3][5] -> [4][5]X1Q 
 (   32.00 ) Msg[44] Ends Trans PEQ[4][4] -> [5][6]E1Q
 (   32.00 ) Msg[70] Decides in PEQ[2][4] -> [5][6]E1Q 
 (   32.00 ) Start Transmit from  PEQ[2][4] -> [4][4]E1Q 
 (   32.00 ) Msg[44] Decides in E1Q[4][4] -> [5][6]X1Q 
 (   32.00 ) Start Transmit from  E1Q[4][4] -> [5][4]X1Q 
 (   32.00 ) Msg[45] Ends Trans PEQ[2][5] -> [2][6]E1Q
 (   32.00 ) Start Transmit from  X2Q[2][3] -> [2][5]E1Q 
 (   32.00 ) Msg[45] Decides in E1Q[2][5] -> [2][6]Y1Q 
 (   32.00 ) Start Transmit from  E1Q[2][5] -> [2][6]Y1Q 
 (   32.00 ) Msg[46] Ends Trans PEQ[4][2] -> [7][4]E1Q
 (   32.00 ) Msg[72] Decides in PEQ[2][2] -> [2][3]Y1Q 
 (   32.00 ) Start Transmit from  PEQ[2][2] -> [2][3]Y1Q 
 (   32.00 ) Msg[46] Decides in E1Q[4][2] -> [7][4]Q 
 (   32.00 ) Msg[47] Ends Trans PEQ[3][1] -> [3][0]X1Q
 (   32.00 ) Msg[47] Decides in X1Q[3][1] -> [3][0]Y2Q 
 (   32.00 ) Start Transmit from  X1Q[3][1] -> [3][0]Y2Q 
 (   32.00 ) Msg[48] Ends Trans PEQ[1][0] -> [0][3]X2Q
 (   32.00 ) Start Transmit from  X2Q[2][0] -> [1][0]X2Q 
 (   32.00 ) Msg[48] Decides in X2Q[1][0] -> [0][3]X2Q 
 (   32.00 ) Start Transmit from  X2Q[1][0] -> [0][0]X2Q 
 (   32.00 ) Msg[49] Ends Trans PEQ[2][7] -> [5][1]X1Q
 (   32.00 ) Msg[49] Decides in X1Q[2][7] -> [5][1]X1Q 
 (   32.00 ) Start Transmit from  X1Q[2][7] -> [3][7]X1Q 
 (   32.00 ) Msg[50] Ends Trans PEQ[2][6] -> [5][3]X1Q
 (   32.00 ) Msg[50] Decides in X1Q[2][6] -> [5][3]Q 
 (   32.00 ) Msg[51] Ends Trans PEQ[1][4] -> [1][3]Y2Q
 (   32.00 ) Msg[51] Decides in Y2Q[1][4] -> [1][3]Y2Q 
 (   32.00 ) Start Transmit from  Y2Q[1][4] -> [1][3]Y2Q 
 (   32.00 ) Msg[52] Ends Trans PEQ[2][4] -> [2][5]X1Q
 (   32.00 ) Msg[52] Decides in X1Q[2][4] -> [2][5]Y1Q 
 (   32.00 ) Start Transmit from  X1Q[2][4] -> [2][5]Y1Q 
 (   32.00 ) Msg[53] Ends Trans PEQ[1][4] -> [1][4]Y1Q
 (   32.00 ) Msg[53] Decides in Y1Q[1][4] -> [1][4]PEQ 
 (   32.00 ) Start Transmit from  Y1Q[1][4] -> [1][4]PEQ 
 (   32.00 ) Msg[54] Ends Trans PEQ[2][2] -> [6][2]X1Q
 (   32.00 ) Msg[54] Decides in X1Q[2][2] -> [6][2]E1Q 
 (   32.00 ) Start Transmit from  X1Q[2][2] -> [4][2]E1Q 
 (   32.00 ) Msg[55] Ends Trans PEQ[0][1] -> [0][1]X2Q
 (   32.00 ) Msg[55] Decides in X2Q[0][1] -> [0][1]PEQ 
 (   32.00 ) Start Transmit from  X2Q[0][1] -> [0][1]PEQ 
 (   32.00 ) Msg[56] Ends Trans PEQ[2][0] -> [4][3]X1Q
 (   32.00 ) Msg[56] Decides in X1Q[2][0] -> [4][3]E1Q 
 (   32.00 ) Start Transmit from  X1Q[2][0] -> [4][0]E1Q 
 (   32.00 ) Msg[57] Ends Trans PEQ[1][7] -> [3][3]X1Q
 (   32.00 ) Msg[57] Decides in X1Q[1][7] -> [3][3]X1Q 
 (   32.00 ) Start Transmit from  X1Q[1][7] -> [2][7]X1Q 
 (   32.00 ) Msg[58] Ends Trans PEQ[1][6] -> [5][7]X1Q
 (   32.00 ) Msg[58] Decides in X1Q[1][6] -> [5][7]X1Q 
 (   32.00 ) Start Transmit from  X1Q[1][6] -> [2][6]X1Q 
 (   32.00 ) Msg[59] Ends Trans PEQ[1][5] -> [3][1]X1Q
 (   32.00 ) Msg[59] Decides in X1Q[1][5] -> [3][1]E1Q 
 (   32.00 ) Start Transmit from  X1Q[1][5] -> [3][5]E1Q 
 (   32.00 ) Msg[60] Ends Trans PEQ[2][4] -> [4][7]E1Q
 (   32.00 ) Msg[60] Decides in E1Q[2][4] -> [4][7]Q 
 (   32.00 ) Msg[61] Ends Trans PEQ[1][3] -> [5][0]X1Q
 (   32.00 ) Msg[61] Decides in X1Q[1][3] -> [5][0]E1Q 
 (   32.00 ) Start Transmit from  X1Q[1][3] -> [3][3]E1Q 
 (   32.00 ) Msg[62] Ends Trans PEQ[2][2] -> [2][0]E1Q
 (   32.00 ) Msg[62] Decides in E1Q[2][2] -> [2][0]Y2Q 
 (   32.00 ) Start Transmit from  E1Q[2][2] -> [2][1]Y2Q 
 (   32.00 ) Msg[63] Ends Trans PEQ[1][1] -> [4][5]X1Q
 (   32.00 ) Msg[63] Decides in X1Q[1][1] -> [4][5]E1Q 
 (   32.00 ) Start Transmit from  X1Q[1][1] -> [3][1]E1Q 
 (   32.00 ) Msg[64] Ends Trans PEQ[2][0] -> [6][3]E1Q
 (   32.00 ) Msg[67] Decides in PEQ[0][0] -> [3][7]E1Q 
 (   32.00 ) Start Transmit from  PEQ[0][0] -> [2][0]E1Q 
 (   32.00 ) Msg[64] Decides in E1Q[2][0] -> [6][3]Q 
 (   33.72 ) Msg[85] Arrives in PEQ[6][1] -> [4][0] 
 (   33.72 ) Msg[85] Decides in PEQ[6][1] -> [4][0]Q 
 (   33.97 ) Msg[86] Arrives in PEQ[1][1] -> [0][3] 
 (   33.97 ) Msg[86] Decides in PEQ[1][1] -> [0][3]X2Q 
 (   33.97 ) Start Transmit from  PEQ[1][1] -> [0][1]X2Q 
 (   34.48 ) Msg[87] Arrives in PEQ[6][5] -> [4][7] 
 (   34.48 ) Msg[87] Decides in PEQ[6][5] -> [4][7]X2Q 
 (   34.48 ) Start Transmit from  PEQ[6][5] -> [5][5]X2Q 
 (   34.80 ) Msg[88] Arrives in PEQ[7][5] -> [4][5] 
 (   34.80 ) Msg[88] Not Head Of Queue in PEQ[7][5] -> [4][5] 
 (   37.30 ) Msg[89] Arrives in PEQ[7][1] -> [3][3] 
 (   37.30 ) Msg[89] Decides in PEQ[7][1] -> [3][3]X2Q 
 (   37.30 ) Start Transmit from  PEQ[7][1] -> [6][1]X2Q 
 (   38.10 ) Msg[90] Arrives in PEQ[6][1] -> [2][5] 
 (   38.10 ) Msg[90] Not Head Of Queue in PEQ[6][1] -> [2][5] 
 (   41.33 ) Msg[91] Arrives in PEQ[4][5] -> [3][0] 
 (   41.33 ) Msg[91] Decides in PEQ[4][5] -> [3][0]X2Q 
 (   41.33 ) Start Transmit from  PEQ[4][5] -> [3][5]X2Q 
 (   41.84 ) Msg[92] Arrives in PEQ[6][3] -> [1][7] 
 (   41.84 ) Msg[92] Decides in PEQ[6][3] -> [1][7]X2Q 
 (   41.84 ) Start Transmit from  PEQ[6][3] -> [5][3]X2Q 
 (   43.04 ) Msg[93] Arrives in PEQ[2][7] -> [1][3] 
 (   43.04 ) Msg[93] Decides in PEQ[2][7] -> [1][3]X2Q 
 (   43.04 ) Start Transmit from  PEQ[2][7] -> [1][7]X2Q 
 (   47.43 ) Msg[94] Arrives in PEQ[2][2] -> [6][4] 
 (   47.43 ) Msg[94] Not Head Of Queue in PEQ[2][2] -> [6][4] 
 (   47.90 ) Msg[95] Arrives in PEQ[1][4] -> [3][6] 
 (   47.90 ) Msg[95] Decides in PEQ[1][4] -> [3][6]X1Q 
 (   47.90 ) Start Transmit from  PEQ[1][4] -> [2][4]X1Q 
 (   48.96 ) Msg[96] Arrives in PEQ[3][7] -> [5][2] 
 (   48.96 ) Msg[96] Decides in PEQ[3][7] -> [5][2]X1Q 
 (   48.96 ) Start Transmit from  PEQ[3][7] -> [4][7]X1Q 
 (   50.97 ) Msg[97] Arrives in PEQ[7][0] -> [1][1] 
 (   50.97 ) Msg[97] Decides in PEQ[7][0] -> [1][1]X2Q 
 (   50.97 ) Start Transmit from  PEQ[7][0] -> [6][0]X2Q 
 (   52.17 ) Msg[98] Arrives in PEQ[0][1] -> [3][7] 
 (   52.17 ) Msg[98] Decides in PEQ[0][1] -> [3][7]X1Q 
 (   52.17 ) Start Transmit from  PEQ[0][1] -> [1][1]X1Q 
 (   52.96 ) Msg[99] Arrives in PEQ[6][2] -> [7][7] 
 (   52.96 ) Msg[99] Not Head Of Queue in PEQ[6][2] -> [7][7] 
 (   53.81 ) Msg[100] Arrives in PEQ[1][1] -> [3][0] 
 (   53.81 ) Msg[100] Not Head Of Queue in PEQ[1][1] -> [3][0] 
 (   53.96 ) Msg[101] Arrives in PEQ[2][0] -> [2][2] 
 (   53.96 ) Msg[101] Decides in PEQ[2][0] -> [2][2]Y1Q 
 (   53.96 ) Start Transmit from  PEQ[2][0] -> [2][1]Y1Q 
 (   54.20 ) Msg[102] Arrives in PEQ[1][4] -> [4][4] 
 (   54.20 ) Msg[102] Not Head Of Queue in PEQ[1][4] -> [4][4] 
 (   54.74 ) Msg[103] Arrives in PEQ[1][7] -> [4][6] 
 (   54.74 ) Msg[103] Decides in PEQ[1][7] -> [4][6]Q 
 (   56.19 ) Msg[104] Arrives in PEQ[3][2] -> [5][4] 
 (   56.19 ) Msg[104] Decides in PEQ[3][2] -> [5][4]X1Q 
 (   56.19 ) Start Transmit from  PEQ[3][2] -> [4][2]X1Q 
 (   56.47 ) Msg[105] Arrives in PEQ[2][4] -> [2][2] 
 (   56.47 ) Msg[105] Not Head Of Queue in PEQ[2][4] -> [2][2] 
 (   57.92 ) Msg[106] Arrives in PEQ[3][0] -> [1][4] 
 (   57.92 ) Msg[106] Decides in PEQ[3][0] -> [1][4]X2Q 
 (   57.92 ) Start Transmit from  PEQ[3][0] -> [2][0]X2Q 
 (   58.66 ) Msg[107] Arrives in PEQ[1][6] -> [2][0] 
 (   58.66 ) Msg[107] Decides in PEQ[1][6] -> [2][0]Q 
 (   59.02 ) Msg[108] Arrives in PEQ[4][4] -> [2][5] 
 (   59.02 ) Msg[108] Decides in PEQ[4][4] -> [2][5]Q 
 (   59.95 ) Msg[109] Arrives in PEQ[5][7] -> [0][6] 
 (   59.95 ) Msg[109] Decides in PEQ[5][7] -> [0][6]Q 
 (   60.32 ) Msg[110] Arrives in PEQ[3][3] -> [1][3] 
 (   60.32 ) Msg[110] Decides in PEQ[3][3] -> [1][3]Q 
 (   61.50 ) Msg[111] Arrives in PEQ[4][6] -> [4][1] 
 (   61.50 ) Msg[111] Decides in PEQ[4][6] -> [4][1]Y2Q 
 (   61.50 ) Start Transmit from  PEQ[4][6] -> [4][5]Y2Q 
 (   63.75 ) Msg[112] Arrives in PEQ[7][7] -> [1][3] 
 (   63.75 ) Msg[112] Decides in PEQ[7][7] -> [1][3]E2Q 
 (   63.75 ) Start Transmit from  PEQ[7][7] -> [5][7]E2Q 
 (   64.00 ) Msg[2] Ends Trans X2Q[6][5] -> [6][1]Y2Q
 (   64.00 ) Msg[2] Decides in Y2Q[6][5] -> [6][1]Q 
 (   64.00 ) Msg[83] Ends Trans PEQ[5][5] -> [0][5]E2Q
 (   64.00 ) Msg[88] Decides in PEQ[7][5] -> [4][5]E2Q 
 (   64.00 ) Start Transmit from  PEQ[7][5] -> [5][5]E2Q 
 (   64.00 ) Msg[83] Decides in E2Q[5][5] -> [0][5]Q 
 (   64.00 ) Msg[3] Ends Trans X2Q[6][3] -> [6][2]E2Q
 (   64.00 ) Msg[3] Decides in E2Q[6][3] -> [6][2]Y2Q 
 (   64.00 ) Start Transmit from  E2Q[6][3] -> [6][2]Y2Q 
 (   64.00 ) Msg[73] Ends Trans PEQ[6][4] -> [0][2]X2Q
 (   64.00 ) Msg[8] Ends Trans X2Q[6][1] -> [6][1]Y1Q
 (   64.00 ) Msg[8] Decides in Y1Q[6][1] -> [6][1]PEQ 
 (   64.00 ) Start Transmit from  Y1Q[6][1] -> [6][1]PEQ 
 (   64.00 ) Msg[76] Ends Trans PEQ[5][7] -> [2][5]X2Q
 (   64.00 ) Msg[76] Decides in X2Q[5][7] -> [2][5]Q 
 (   64.00 ) Msg[9] Ends Trans E2Q[6][5] -> [6][5]PEQ 
               Msg[9] Response Time : 64.00 cycles   Mean Response Time : 64.00 cycles
 (   64.00 ) Msg[10] Ends Trans E2Q[2][6] -> [2][4]E2Q
 (   64.00 ) Start Transmit from  X2Q[4][6] -> [2][6]E2Q 
 (   64.00 ) Msg[10] Decides in E2Q[2][6] -> [2][4]Y2Q 
 (   64.00 ) Start Transmit from  E2Q[2][6] -> [2][5]Y2Q 
 (   64.00 ) Msg[4] Ends Trans X2Q[4][4] -> [2][2]E2Q
 (   64.00 ) Msg[73] Decides in X2Q[6][4] -> [0][2]E2Q 
 (   64.00 ) Start Transmit from  X2Q[6][4] -> [4][4]E2Q 
 (   64.00 ) Msg[12] Ends Trans E2Q[2][4] -> [2][4]E2Q
 (   64.00 ) Start Transmit from  PEQ[4][4] -> [2][4]E2Q 
 (   64.00 ) Msg[4] Decides in E2Q[4][4] -> [2][2]Q 
 (   64.00 ) Msg[12] Decides in E2Q[2][4] -> [2][4]PEQ 
 (   64.00 ) Start Transmit from  E2Q[2][4] -> [2][4]PEQ 
 (   64.00 ) Msg[6] Ends Trans X2Q[5][2] -> [5][4]X2Q
 (   64.00 ) Msg[81] Ends Trans PEQ[4][2] -> [3][0]E2Q
 (   64.00 ) Msg[99] Decides in PEQ[6][2] -> [7][7]Q 
 (   64.00 ) Msg[81] Decides in E2Q[4][2] -> [3][0]X2Q 
 (   64.00 ) Start Transmit from  E2Q[4][2] -> [3][2]X2Q 
 (   64.00 ) Msg[14] Ends Trans X2Q[5][2] -> [5][2]PEQ 
               Msg[14] Response Time : 64.00 cycles   Mean Response Time : 64.00 cycles
 (   64.00 ) Msg[6] Decides in X2Q[5][2] -> [5][4]E1Q 
 (   64.00 ) Start Transmit from  X2Q[5][2] -> [5][4]E1Q 
 (   64.00 ) Msg[7] Ends Trans X2Q[5][1] -> [5][0]X2Q
 (   64.00 ) Start Transmit from  PEQ[6][1] -> [5][1]X2Q 
 (   64.00 ) Msg[15] Ends Trans X2Q[4][1] -> [3][7]X2Q
 (   64.00 ) Msg[7] Decides in X2Q[5][1] -> [5][0]Y2Q 
 (   64.00 ) Start Transmit from  X2Q[5][1] -> [5][0]Y2Q 
 (   64.00 ) Msg[15] Decides in X2Q[4][1] -> [3][7]X2Q 
 (   64.00 ) Start Transmit from  X2Q[4][1] -> [3][1]X2Q 
 (   64.00 ) Msg[1] Ends Trans E2Q[3][7] -> [3][6]E2Q
 (   64.00 ) Start Transmit from  PEQ[5][7] -> [3][7]E2Q 
 (   64.00 ) Msg[17] Ends Trans E2Q[3][6] -> [3][4]Y2Q
 (   64.00 ) Start Transmit from  X1Q[3][7] -> [3][6]Y2Q 
 (   64.00 ) Msg[1] Decides in E2Q[3][7] -> [3][6]Q 
 (   64.00 ) Msg[17] Decides in Y2Q[3][6] -> [3][4]E2Q 
 (   64.00 ) Start Transmit from  Y2Q[3][6] -> [3][4]E2Q 
 (   64.00 ) Msg[69] Ends Trans PEQ[4][6] -> [1][1]X2Q
 (   64.00 ) Msg[11] Ends Trans X2Q[3][5] -> [1][1]E2Q
 (   64.00 ) Start Transmit from  E2Q[5][5] -> [3][5]E2Q 
 (   64.00 ) Msg[68] Ends Trans PEQ[4][5] -> [4][3]X2Q
 (   64.00 ) Msg[68] Decides in X2Q[4][5] -> [4][3]E2Q 
 (   64.00 ) Start Transmit from  X2Q[4][5] -> [4][3]E2Q 
 (   64.00 ) Msg[19] Ends Trans E2Q[3][6] -> [3][6]Y1Q
 (   64.00 ) Msg[11] Decides in E2Q[3][5] -> [1][1]E2Q 
 (   64.00 ) Start Transmit from  E2Q[3][5] -> [1][5]E2Q 
 (   64.00 ) Msg[19] Decides in Y1Q[3][6] -> [3][6]PEQ 
 (   64.00 ) Start Transmit from  Y1Q[3][6] -> [3][6]PEQ 
 (   64.00 ) Msg[66] Ends Trans PEQ[4][4] -> [3][4]X2Q
 (   64.00 ) Msg[66] Decides in X2Q[4][4] -> [3][4]X2Q 
 (   64.00 ) Start Transmit from  X2Q[4][4] -> [3][4]X2Q 
 (   64.00 ) Msg[20] Ends Trans X1Q[7][4] -> [7][6]X1Q
 (   64.00 ) Msg[20] Decides in X1Q[7][4] -> [7][6]Y1Q 
 (   64.00 ) Start Transmit from  X1Q[7][4] -> [7][5]Y1Q 
 (   64.00 ) Msg[13] Ends Trans X2Q[3][3] -> [0][1]E2Q
 (   64.00 ) Start Transmit from  E2Q[5][3] -> [3][3]E2Q 
 (   64.00 ) Msg[21] Ends Trans E2Q[1][3] -> [0][0]E2Q
 (   64.00 ) Start Transmit from  PEQ[3][3] -> [1][3]E2Q 
 (   64.00 ) Msg[13] Decides in E2Q[3][3] -> [0][1]Q 
 (   64.00 ) Msg[21] Decides in E2Q[1][3] -> [0][0]X2Q 
 (   64.00 ) Start Transmit from  E2Q[1][3] -> [0][3]X2Q 
 (   64.00 ) Msg[22] Ends Trans Y2Q[5][1] -> [5][1]PEQ 
               Msg[22] Response Time : 64.00 cycles   Mean Response Time : 64.00 cycles
 (   64.00 ) Msg[23] Ends Trans X1Q[6][0] -> [6][0]Y2Q
 (   64.00 ) Msg[23] Decides in Y2Q[6][0] -> [6][0]PEQ 
 (   64.00 ) Start Transmit from  Y2Q[6][0] -> [6][0]PEQ 
 (   64.00 ) Msg[16] Ends Trans X2Q[4][0] -> [4][5]X2Q
 (   64.00 ) Start Transmit from  PEQ[5][0] -> [4][0]X2Q 
 (   64.00 ) Msg[24] Ends Trans X2Q[4][1] -> [4][1]Y1Q
 (   64.00 ) Msg[16] Decides in X2Q[4][0] -> [4][5]Y1Q 
 (   64.00 ) Start Transmit from  X2Q[4][0] -> [4][1]Y1Q 
 (   64.00 ) Msg[24] Decides in Y1Q[4][1] -> [4][1]PEQ 
 (   64.00 ) Start Transmit from  Y1Q[4][1] -> [4][1]PEQ 
 (   64.00 ) Msg[77] Ends Trans PEQ[3][7] -> [2][6]X2Q
 (   64.00 ) Msg[25] Ends Trans X2Q[2][7] -> [2][6]X2Q
 (   64.00 ) Msg[77] Decides in X2Q[3][7] -> [2][6]X2Q 
 (   64.00 ) Start Transmit from  X2Q[3][7] -> [2][7]X2Q 
 (   64.00 ) Msg[25] Decides in X2Q[2][7] -> [2][6]Y2Q 
 (   64.00 ) Start Transmit from  X2Q[2][7] -> [2][6]Y2Q 
 (   64.00 ) Msg[26] Ends Trans X2Q[3][5] -> [3][5]Y2Q
 (   64.00 ) Msg[26] Decides in Y2Q[3][5] -> [3][5]PEQ 
 (   64.00 ) Start Transmit from  Y2Q[3][5] -> [3][5]PEQ 
 (   64.00 ) Msg[27] Ends Trans X1Q[5][5] -> [5][5]PEQ 
               Msg[27] Response Time : 64.00 cycles   Mean Response Time : 64.00 cycles
 (   64.00 ) Msg[28] Ends Trans E1Q[6][3] -> [6][1]Y2Q
 (   64.00 ) Msg[28] Decides in Y2Q[6][3] -> [6][1]E2Q 
 (   64.00 ) Start Transmit from  Y2Q[6][3] -> [6][1]E2Q 
 (   64.00 ) Msg[65] Ends Trans PEQ[5][3] -> [6][5]X1Q
 (   64.00 ) Msg[65] Decides in X1Q[5][3] -> [6][5]X1Q 
 (   64.00 ) Start Transmit from  X1Q[5][3] -> [6][3]X1Q 
 (   64.00 ) Msg[30] Ends Trans E1Q[7][2] -> [7][4]X1Q
 (   64.00 ) Start Transmit from  PEQ[6][2] -> [7][2]X1Q 
 (   64.00 ) Msg[30] Decides in X1Q[7][2] -> [7][4]Y1Q 
 (   64.00 ) Start Transmit from  X1Q[7][2] -> [7][3]Y1Q 
 (   64.00 ) Msg[82] Ends Trans PEQ[5][1] -> [7][5]X1Q
 (   64.00 ) Msg[82] Decides in X1Q[5][1] -> [7][5]E1Q 
 (   64.00 ) Start Transmit from  X1Q[5][1] -> [7][1]E1Q 
 (   64.00 ) Msg[32] Ends Trans E1Q[7][0] -> [7][5]X1Q
 (   64.00 ) Msg[32] Decides in X1Q[7][0] -> [7][5]Y1Q 
 (   64.00 ) Start Transmit from  X1Q[7][0] -> [7][1]Y1Q 
 (   64.00 ) Msg[33] Ends Trans X1Q[4][5] -> [4][5]E2Q
 (   64.00 ) Msg[33] Decides in E2Q[4][5] -> [4][5]PEQ 
 (   64.00 ) Start Transmit from  E2Q[4][5] -> [4][5]PEQ 
 (   64.00 ) Msg[75] Ends Trans PEQ[4][6] -> [7][1]X1Q
 (   64.00 ) Start Transmit from  X1Q[3][6] -> [4][6]X1Q 
 (   64.00 ) Msg[75] Decides in X1Q[4][6] -> [7][1]X1Q 
 (   64.00 ) Start Transmit from  X1Q[4][6] -> [5][6]X1Q 
 (   64.00 ) Msg[34] Ends Trans E2Q[3][3] -> [3][3]Y2Q
 (   64.00 ) Msg[34] Decides in Y2Q[3][3] -> [3][3]PEQ 
 (   64.00 ) Start Transmit from  Y2Q[3][3] -> [3][3]PEQ 
 (   64.00 ) Msg[71] Ends Trans PEQ[2][5] -> [2][6]X2Q
 (   64.00 ) Msg[35] Ends Trans X2Q[2][3] -> [2][2]E2Q
 (   64.00 ) Msg[71] Decides in X2Q[2][5] -> [2][6]Q 
 (   64.00 ) Msg[35] Decides in E2Q[2][3] -> [2][2]Y2Q 
 (   64.00 ) Start Transmit from  E2Q[2][3] -> [2][2]Y2Q 
 (   64.00 ) Msg[36] Ends Trans X1Q[6][4] -> [6][1]E1Q
 (   64.00 ) Msg[36] Decides in E1Q[6][4] -> [6][1]Y2Q 
 (   64.00 ) Start Transmit from  E1Q[6][4] -> [6][3]Y2Q 
 (   64.00 ) Msg[29] Ends Trans X2Q[2][3] -> [2][2]X2Q
 (   64.00 ) Msg[38] Ends Trans X1Q[6][2] -> [6][7]E1Q
 (   64.00 ) Start Transmit from  E1Q[4][2] -> [6][2]E1Q 
 (   64.00 ) Msg[38] Decides in E1Q[6][2] -> [6][7]Y1Q 
 (   64.00 ) Start Transmit from  E1Q[6][2] -> [6][3]Y1Q 
 (   64.00 ) Msg[31] Ends Trans X2Q[2][1] -> [0][6]X2Q
 (   64.00 ) Msg[74] Ends Trans PEQ[5][1] -> [7][7]E1Q
 (   64.00 ) Msg[74] Decides in E1Q[5][1] -> [7][7]Q 
 (   64.00 ) Msg[39] Ends Trans X2Q[1][1] -> [0][5]X2Q
 (   64.00 ) Msg[31] Decides in X2Q[2][1] -> [0][6]X2Q 
 (   64.00 ) Start Transmit from  X2Q[2][1] -> [1][1]X2Q 
 (   64.00 ) Msg[39] Decides in X2Q[1][1] -> [0][5]Q 
 (   64.00 ) Msg[80] Ends Trans PEQ[3][6] -> [7][5]X1Q
 (   64.00 ) Start Transmit from  X1Q[2][6] -> [3][6]X1Q 
 (   64.00 ) Msg[78] Ends Trans PEQ[1][5] -> [1][4]X2Q
 (   64.00 ) Msg[78] Decides in X2Q[1][5] -> [1][4]Y2Q 
 (   64.00 ) Start Transmit from  X2Q[1][5] -> [1][4]Y2Q 
 (   64.00 ) Msg[43] Ends Trans X1Q[4][5] -> [4][2]X1Q
 (   64.00 ) Msg[43] Decides in X1Q[4][5] -> [4][2]Q 
 (   64.00 ) Msg[70] Ends Trans PEQ[4][4] -> [5][6]E1Q
 (   64.00 ) Start Transmit from  E1Q[2][4] -> [4][4]E1Q 
 (   64.00 ) Msg[105] Decides in PEQ[2][4] -> [2][2]Y2Q 
 (   64.00 ) Start Transmit from  PEQ[2][4] -> [2][3]Y2Q 
 (   64.00 ) Msg[44] Ends Trans E1Q[5][4] -> [5][6]X1Q
 (   64.00 ) Msg[70] Decides in E1Q[4][4] -> [5][6]X1Q 
 (   64.00 ) Start Transmit from  E1Q[4][4] -> [5][4]X1Q 
 (   64.00 ) Msg[44] Decides in X1Q[5][4] -> [5][6]E1Q 
 (   64.00 ) Start Transmit from  X1Q[5][4] -> [5][6]E1Q 
 (   64.00 ) Msg[37] Ends Trans X2Q[2][5] -> [2][7]E1Q
 (   64.00 ) Msg[29] Decides in X2Q[2][3] -> [2][2]Q 
 (   64.00 ) Msg[45] Ends Trans E1Q[2][6] -> [2][6]Y1Q
 (   64.00 ) Start Transmit from  X2Q[2][5] -> [2][6]Y1Q 
 (   64.00 ) Msg[37] Decides in E1Q[2][5] -> [2][7]E1Q 
 (   64.00 ) Start Transmit from  E1Q[2][5] -> [2][7]E1Q 
 (   64.00 ) Msg[45] Decides in Y1Q[2][6] -> [2][6]PEQ 
 (   64.00 ) Start Transmit from  Y1Q[2][6] -> [2][6]PEQ 
 (   64.00 ) Msg[72] Ends Trans PEQ[2][3] -> [2][3]Y1Q
 (   64.00 ) Msg[94] Decides in PEQ[2][2] -> [6][4]Q 
 (   64.00 ) Msg[72] Decides in Y1Q[2][3] -> [2][3]PEQ 
 (   64.00 ) Start Transmit from  Y1Q[2][3] -> [2][3]PEQ 
 (   64.00 ) Msg[47] Ends Trans X1Q[3][0] -> [3][0]Y2Q
 (   64.00 ) Msg[47] Decides in Y2Q[3][0] -> [3][0]PEQ 
 (   64.00 ) Start Transmit from  Y2Q[3][0] -> [3][0]PEQ 
 (   64.00 ) Msg[40] Ends Trans X2Q[1][0] -> [1][4]X2Q
 (   64.00 ) Msg[48] Ends Trans X2Q[0][0] -> [0][3]X2Q
 (   64.00 ) Msg[40] Decides in X2Q[1][0] -> [1][4]E1Q 
 (   64.00 ) Start Transmit from  X2Q[1][0] -> [1][2]E1Q 
 (   64.00 ) Msg[48] Decides in X2Q[0][0] -> [0][3]Y1Q 
 (   64.00 ) Start Transmit from  X2Q[0][0] -> [0][1]Y1Q 
 (   64.00 ) Msg[49] Ends Trans X1Q[3][7] -> [5][1]X1Q
 (   64.00 ) Msg[51] Ends Trans Y2Q[1][3] -> [1][3]Y2Q
 (   64.00 ) Msg[51] Decides in Y2Q[1][3] -> [1][3]PEQ 
 (   64.00 ) Start Transmit from  Y2Q[1][3] -> [1][3]PEQ 
 (   64.00 ) Msg[52] Ends Trans X1Q[2][5] -> [2][5]Y1Q
 (   64.00 ) Msg[52] Decides in Y1Q[2][5] -> [2][5]PEQ 
 (   64.00 ) Start Transmit from  Y1Q[2][5] -> [2][5]PEQ 
 (   64.00 ) Msg[53] Ends Trans Y1Q[1][4] -> [1][4]PEQ 
               Msg[53] Response Time : 64.00 cycles   Mean Response Time : 64.00 cycles
 (   64.00 ) Msg[54] Ends Trans X1Q[4][2] -> [6][2]E1Q
 (   64.00 ) Start Transmit from  PEQ[2][2] -> [4][2]E1Q 
 (   64.00 ) Msg[55] Ends Trans X2Q[0][1] -> [0][1]PEQ 
               Msg[55] Response Time : 64.00 cycles   Mean Response Time : 64.00 cycles
 (   64.00 ) Msg[56] Ends Trans X1Q[4][0] -> [4][3]E1Q
 (   64.00 ) Start Transmit from  E1Q[2][0] -> [4][0]E1Q 
 (   64.00 ) Msg[56] Decides in E1Q[4][0] -> [4][3]Q 
 (   64.00 ) Msg[57] Ends Trans X1Q[2][7] -> [3][3]X1Q
 (   64.00 ) Start Transmit from  PEQ[1][7] -> [2][7]X1Q 
 (   64.00 ) Msg[57] Decides in X1Q[2][7] -> [3][3]X1Q 
 (   64.00 ) Start Transmit from  X1Q[2][7] -> [3][7]X1Q 
 (   64.00 ) Msg[58] Ends Trans X1Q[2][6] -> [5][7]X1Q
 (   64.00 ) Start Transmit from  PEQ[1][6] -> [2][6]X1Q 
 (   64.00 ) Msg[59] Ends Trans X1Q[3][5] -> [3][1]E1Q
 (   64.00 ) Msg[59] Decides in E1Q[3][5] -> [3][1]Y2Q 
 (   64.00 ) Start Transmit from  E1Q[3][5] -> [3][4]Y2Q 
 (   64.00 ) Msg[61] Ends Trans X1Q[3][3] -> [5][0]E1Q
 (   64.00 ) Msg[61] Decides in E1Q[3][3] -> [5][0]E1Q 
 (   64.00 ) Start Transmit from  E1Q[3][3] -> [5][3]E1Q 
 (   64.00 ) Msg[62] Ends Trans E1Q[2][1] -> [2][0]Y2Q
 (   64.00 ) Msg[62] Decides in Y2Q[2][1] -> [2][0]Y2Q 
 (   64.00 ) Start Transmit from  Y2Q[2][1] -> [2][0]Y2Q 
 (   64.00 ) Msg[63] Ends Trans X1Q[3][1] -> [4][5]E1Q
 (   64.00 ) Msg[63] Decides in E1Q[3][1] -> [4][5]X1Q 
 (   64.00 ) Start Transmit from  E1Q[3][1] -> [4][1]X1Q 
 (   64.00 ) Msg[67] Ends Trans PEQ[2][0] -> [3][7]E1Q
 (   64.37 ) Msg[113] Arrives in PEQ[2][2] -> [4][1] 
 (   64.37 ) Msg[113] Not Head Of Queue in PEQ[2][2] -> [4][1] 
 (   64.45 ) Msg[114] Arrives in PEQ[4][5] -> [6][5] 
 (   64.45 ) Msg[114] Not Head Of Queue in PEQ[4][5] -> [6][5] 
 (   65.97 ) Msg[86] Ends Trans PEQ[0][1] -> [0][3]X2Q
 (   65.97 ) Start Transmit from  X2Q[1][1] -> [0][1]X2Q 
 (   65.97 ) Msg[100] Decides in PEQ[1][1] -> [3][0]E1Q 
 (   65.97 ) Start Transmit from  PEQ[1][1] -> [3][1]E1Q 
 (   65.97 ) Msg[86] Decides in X2Q[0][1] -> [0][3]E1Q 
 (   65.97 ) Start Transmit from  X2Q[0][1] -> [0][3]E1Q 
 (   66.48 ) Msg[87] Ends Trans PEQ[5][5] -> [4][7]X2Q
 (   66.48 ) Msg[87] Decides in X2Q[5][5] -> [4][7]X2Q 
 (   66.48 ) Start Transmit from  X2Q[5][5] -> [4][5]X2Q 
 (   66.78 ) Msg[115] Arrives in PEQ[6][1] -> [2][4] 
 (   66.78 ) Msg[115] Not Head Of Queue in PEQ[6][1] -> [2][4] 
 (   69.30 ) Msg[116] Arrives in PEQ[4][1] -> [3][0] 
 (   69.30 ) Msg[116] Decides in PEQ[4][1] -> [3][0]Q 
 (   69.30 ) Msg[89] Ends Trans PEQ[6][1] -> [3][3]X2Q
 (   69.30 ) Msg[89] Decides in X2Q[6][1] -> [3][3]Q 
 (   69.59 ) Msg[117] Arrives in PEQ[7][7] -> [4][3] 
 (   69.59 ) Msg[117] Not Head Of Queue in PEQ[7][7] -> [4][3] 
 (   73.33 ) Msg[91] Ends Trans PEQ[3][5] -> [3][0]X2Q
 (   73.33 ) Msg[114] Decides in PEQ[4][5] -> [6][5]X1Q 
 (   73.33 ) Start Transmit from  PEQ[4][5] -> [5][5]X1Q 
 (   73.33 ) Msg[91] Decides in X2Q[3][5] -> [3][0]Q 
 (   73.84 ) Msg[92] Ends Trans PEQ[5][3] -> [1][7]X2Q
 (   73.84 ) Msg[92] Decides in X2Q[5][3] -> [1][7]Q 
 (   75.04 ) Msg[93] Ends Trans PEQ[1][7] -> [1][3]X2Q
 (   75.04 ) Msg[93] Decides in X2Q[1][7] -> [1][3]Y2Q 
 (   75.04 ) Start Transmit from  X2Q[1][7] -> [1][6]Y2Q 
 (   76.86 ) Msg[118] Arrives in PEQ[3][0] -> [4][5] 
 (   76.86 ) Msg[118] Not Head Of Queue in PEQ[3][0] -> [4][5] 
 (   77.53 ) Msg[119] Arrives in PEQ[5][7] -> [1][5] 
 (   77.53 ) Msg[119] Not Head Of Queue in PEQ[5][7] -> [1][5] 
 (   77.67 ) Msg[120] Arrives in PEQ[4][7] -> [2][0] 
 (   77.67 ) Msg[120] Decides in PEQ[4][7] -> [2][0]X2Q 
 (   77.67 ) Start Transmit from  PEQ[4][7] -> [3][7]X2Q 
 (   79.90 ) Msg[95] Ends Trans PEQ[2][4] -> [3][6]X1Q
 (   79.90 ) Msg[102] Decides in PEQ[1][4] -> [4][4]X1Q 
 (   79.90 ) Start Transmit from  PEQ[1][4] -> [2][4]X1Q 
 (   79.90 ) Msg[95] Decides in X1Q[2][4] -> [3][6]X1Q 
 (   79.90 ) Start Transmit from  X1Q[2][4] -> [3][4]X1Q 
 (   80.96 ) Msg[96] Ends Trans PEQ[4][7] -> [5][2]X1Q
 (   80.96 ) Msg[96] Decides in X1Q[4][7] -> [5][2]X1Q 
 (   80.96 ) Start Transmit from  X1Q[4][7] -> [5][7]X1Q 
 (   82.26 ) Msg[121] Arrives in PEQ[1][1] -> [7][3] 
 (   82.26 ) Msg[121] Not Head Of Queue in PEQ[1][1] -> [7][3] 
 (   82.97 ) Msg[97] Ends Trans PEQ[6][0] -> [1][1]X2Q
 (   82.97 ) Msg[97] Decides in X2Q[6][0] -> [1][1]X2Q 
 (   82.97 ) Start Transmit from  X2Q[6][0] -> [5][0]X2Q 
 (   83.56 ) Msg[122] Arrives in PEQ[0][5] -> [4][2] 
 (   83.56 ) Msg[122] Decides in PEQ[0][5] -> [4][2]X1Q 
 (   83.56 ) Start Transmit from  PEQ[0][5] -> [1][5]X1Q 
 (   84.17 ) Msg[98] Ends Trans PEQ[1][1] -> [3][7]X1Q
 (   84.17 ) Msg[98] Decides in X1Q[1][1] -> [3][7]Q 
 (   84.17 ) Msg[123] Arrives in PEQ[2][6] -> [3][3] 
 (   84.17 ) Msg[123] Decides in PEQ[2][6] -> [3][3]Q 
 (   85.50 ) Msg[124] Arrives in PEQ[3][4] -> [4][4] 
 (   85.50 ) Msg[124] Decides in PEQ[3][4] -> [4][4]X1Q 
 (   85.50 ) Start Transmit from  PEQ[3][4] -> [4][4]X1Q 
 (   85.96 ) Msg[101] Ends Trans PEQ[2][1] -> [2][2]Y1Q
 (   85.96 ) Msg[101] Decides in Y1Q[2][1] -> [2][2]Y1Q 
 (   85.96 ) Start Transmit from  Y1Q[2][1] -> [2][2]Y1Q 
 (   87.75 ) Msg[125] Arrives in PEQ[3][6] -> [4][4] 
 (   87.75 ) Msg[125] Decides in PEQ[3][6] -> [4][4]Q 
 (   87.83 ) Msg[126] Arrives in PEQ[1][4] -> [5][1] 
 (   87.83 ) Msg[126] Not Head Of Queue in PEQ[1][4] -> [5][1] 
 (   88.19 ) Msg[104] Ends Trans PEQ[4][2] -> [5][4]X1Q
 (   88.19 ) Msg[104] Decides in X1Q[4][2] -> [5][4]X1Q 
 (   88.19 ) Start Transmit from  X1Q[4][2] -> [5][2]X1Q 
 (   88.53 ) Msg[127] Arrives in PEQ[3][0] -> [1][3] 
 (   88.53 ) Msg[127] Not Head Of Queue in PEQ[3][0] -> [1][3] 
 (   89.92 ) Msg[106] Ends Trans PEQ[2][0] -> [1][4]X2Q
 (   89.92 ) Msg[118] Decides in PEQ[3][0] -> [4][5]X1Q 
 (   89.92 ) Start Transmit from  PEQ[3][0] -> [4][0]X1Q 
 (   89.92 ) Msg[106] Decides in X2Q[2][0] -> [1][4]X2Q 
 (   89.92 ) Start Transmit from  X2Q[2][0] -> [1][0]X2Q 
 (   92.27 ) Msg[128] Arrives in PEQ[0][6] -> [7][5] 
 (   92.27 ) Msg[128] Decides in PEQ[0][6] -> [7][5]X1Q 
 (   92.27 ) Start Transmit from  PEQ[0][6] -> [1][6]X1Q 
 (   93.50 ) Msg[111] Ends Trans PEQ[4][5] -> [4][1]Y2Q
 (   93.50 ) Msg[111] Decides in Y2Q[4][5] -> [4][1]Q 
 (   93.67 ) Msg[129] Arrives in PEQ[2][6] -> [1][3] 
 (   93.67 ) Msg[129] Not Head Of Queue in PEQ[2][6] -> [1][3] 
 (   95.16 ) Msg[130] Arrives in PEQ[7][5] -> [6][6] 
 (   95.16 ) Msg[130] Not Head Of Queue in PEQ[7][5] -> [6][6] 
 (   95.74 ) Msg[131] Arrives in PEQ[3][6] -> [6][4] 
 (   95.74 ) Msg[131] Not Head Of Queue in PEQ[3][6] -> [6][4] 
 (   95.75 ) Msg[112] Ends Trans PEQ[5][7] -> [1][3]E2Q
 (   95.75 ) Msg[117] Decides in PEQ[7][7] -> [4][3]E2Q 
 (   95.75 ) Start Transmit from  PEQ[7][7] -> [5][7]E2Q 
 (   95.75 ) Msg[112] Decides in E2Q[5][7] -> [1][3]Q 
 (   95.78 ) Msg[132] Arrives in PEQ[1][6] -> [0][1] 
 (   95.78 ) Msg[132] Not Head Of Queue in PEQ[1][6] -> [0][1] 
 (   96.00 ) Msg[88] Ends Trans PEQ[5][5] -> [4][5]E2Q
 (   96.00 ) Msg[130] Decides in PEQ[7][5] -> [6][6]X2Q 
 (   96.00 ) Start Transmit from  PEQ[7][5] -> [6][5]X2Q 
 (   96.00 ) Msg[3] Ends Trans E2Q[6][2] -> [6][2]Y2Q
 (   96.00 ) Msg[3] Decides in Y2Q[6][2] -> [6][2]PEQ 
 (   96.00 ) Start Transmit from  Y2Q[6][2] -> [6][2]PEQ 
 (   96.00 ) Msg[8] Ends Trans Y1Q[6][1] -> [6][1]PEQ 
               Msg[8] Response Time : 96.00 cycles   Mean Response Time : 68.57 cycles
 (   96.00 ) Msg[18] Ends Trans X2Q[2][6] -> [0][2]E2Q
 (   96.00 ) Msg[69] Decides in X2Q[4][6] -> [1][1]E2Q 
 (   96.00 ) Start Transmit from  X2Q[4][6] -> [2][6]E2Q 
 (   96.00 ) Msg[10] Ends Trans E2Q[2][5] -> [2][4]Y2Q
 (   96.00 ) Msg[18] Decides in E2Q[2][6] -> [0][2]E2Q 
 (   96.00 ) Start Transmit from  E2Q[2][6] -> [0][6]E2Q 
 (   96.00 ) Msg[10] Decides in Y2Q[2][5] -> [2][4]Y2Q 
 (   96.00 ) Start Transmit from  Y2Q[2][5] -> [2][4]Y2Q 
 (   96.00 ) Msg[73] Ends Trans X2Q[4][4] -> [0][2]E2Q
 (   96.00 ) Msg[108] Ends Trans PEQ[2][4] -> [2][5]E2Q
 (   96.00 ) Start Transmit from  E2Q[4][4] -> [2][4]E2Q 
 (   96.00 ) Msg[12] Ends Trans E2Q[2][4] -> [2][4]PEQ 
               Msg[12] Response Time : 96.00 cycles   Mean Response Time : 72.00 cycles
 (   96.00 ) Msg[108] Decides in E2Q[2][4] -> [2][5]Y1Q 
 (   96.00 ) Start Transmit from  E2Q[2][4] -> [2][5]Y1Q 
 (   96.00 ) Msg[81] Ends Trans E2Q[3][2] -> [3][0]X2Q
 (   96.00 ) Msg[81] Decides in X2Q[3][2] -> [3][0]E2Q 
 (   96.00 ) Start Transmit from  X2Q[3][2] -> [3][0]E2Q 
 (   96.00 ) Msg[6] Ends Trans X2Q[5][4] -> [5][4]E1Q
 (   96.00 ) Msg[6] Decides in E1Q[5][4] -> [5][4]PEQ 
 (   96.00 ) Start Transmit from  E1Q[5][4] -> [5][4]PEQ 
 (   96.00 ) Msg[85] Ends Trans PEQ[5][1] -> [4][0]X2Q
 (   96.00 ) Start Transmit from  X2Q[6][1] -> [5][1]X2Q 
 (   96.00 ) Msg[90] Decides in PEQ[6][1] -> [2][5]Q 
 (   96.00 ) Msg[7] Ends Trans X2Q[5][0] -> [5][0]Y2Q
 (   96.00 ) Msg[85] Decides in X2Q[5][1] -> [4][0]X2Q 
 (   96.00 ) Start Transmit from  X2Q[5][1] -> [4][1]X2Q 
 (   96.00 ) Msg[7] Decides in Y2Q[5][0] -> [5][0]PEQ 
 (   96.00 ) Start Transmit from  Y2Q[5][0] -> [5][0]PEQ 
 (   96.00 ) Msg[15] Ends Trans X2Q[3][1] -> [3][7]X2Q
 (   96.00 ) Start Transmit from  PEQ[4][1] -> [3][1]X2Q 
 (   96.00 ) Msg[15] Decides in X2Q[3][1] -> [3][7]Y1Q 
 (   96.00 ) Start Transmit from  X2Q[3][1] -> [3][2]Y1Q 
 (   96.00 ) Msg[109] Ends Trans PEQ[3][7] -> [0][6]E2Q
 (   96.00 ) Start Transmit from  X2Q[5][7] -> [3][7]E2Q 
 (   96.00 ) Msg[119] Decides in PEQ[5][7] -> [1][5]Q 
 (   96.00 ) Msg[41] Ends Trans X1Q[3][6] -> [3][2]Y2Q
 (   96.00 ) Start Transmit from  E2Q[3][7] -> [3][6]Y2Q 
 (   96.00 ) Msg[49] Decides in X1Q[3][7] -> [5][1]X1Q 
 (   96.00 ) Start Transmit from  X1Q[3][7] -> [4][7]X1Q 
 (   96.00 ) Msg[17] Ends Trans Y2Q[3][4] -> [3][4]E2Q
 (   96.00 ) Msg[41] Decides in Y2Q[3][6] -> [3][2]E2Q 
 (   96.00 ) Start Transmit from  Y2Q[3][6] -> [3][4]E2Q 
 (   96.00 ) Msg[17] Decides in E2Q[3][4] -> [3][4]PEQ 
 (   96.00 ) Start Transmit from  E2Q[3][4] -> [3][4]PEQ 
 (   96.00 ) Msg[83] Ends Trans E2Q[3][5] -> [0][5]E2Q
 (   96.00 ) Msg[88] Decides in E2Q[5][5] -> [4][5]Q 
 (   96.00 ) Msg[68] Ends Trans X2Q[4][3] -> [4][3]E2Q
 (   96.00 ) Start Transmit from  X1Q[4][5] -> [4][3]E2Q 
 (   96.00 ) Msg[68] Decides in E2Q[4][3] -> [4][3]PEQ 
 (   96.00 ) Start Transmit from  E2Q[4][3] -> [4][3]PEQ 
 (   96.00 ) Msg[11] Ends Trans E2Q[1][5] -> [1][1]E2Q
 (   96.00 ) Msg[83] Decides in E2Q[3][5] -> [0][5]E2Q 
 (   96.00 ) Start Transmit from  E2Q[3][5] -> [1][5]E2Q 
 (   96.00 ) Msg[11] Decides in E2Q[1][5] -> [1][1]Q 
 (   96.00 ) Msg[19] Ends Trans Y1Q[3][6] -> [3][6]PEQ 
               Msg[19] Response Time : 96.00 cycles   Mean Response Time : 74.67 cycles
 (   96.00 ) Msg[66] Ends Trans X2Q[3][4] -> [3][4]X2Q
 (   96.00 ) Msg[66] Decides in X2Q[3][4] -> [3][4]Q 
 (   96.00 ) Msg[20] Ends Trans X1Q[7][5] -> [7][6]Y1Q
 (   96.00 ) Msg[20] Decides in Y1Q[7][5] -> [7][6]Y1Q 
 (   96.00 ) Start Transmit from  Y1Q[7][5] -> [7][6]Y1Q 
 (   96.00 ) Msg[5] Ends Trans E2Q[3][3] -> [1][6]E2Q
 (   96.00 ) Start Transmit from  X2Q[5][3] -> [3][3]E2Q 
 (   96.00 ) Msg[110] Ends Trans PEQ[1][3] -> [1][3]E2Q
 (   96.00 ) Start Transmit from  E2Q[3][3] -> [1][3]E2Q 
 (   96.00 ) Msg[21] Ends Trans E2Q[0][3] -> [0][0]X2Q
 (   96.00 ) Msg[110] Decides in E2Q[1][3] -> [1][3]Q 
 (   96.00 ) Msg[21] Decides in X2Q[0][3] -> [0][0]Y2Q 
 (   96.00 ) Start Transmit from  X2Q[0][3] -> [0][2]Y2Q 
 (   96.00 ) Msg[23] Ends Trans Y2Q[6][0] -> [6][0]PEQ 
               Msg[23] Response Time : 96.00 cycles   Mean Response Time : 76.80 cycles
 (   96.00 ) Msg[79] Ends Trans PEQ[4][0] -> [1][6]X2Q
 (   96.00 ) Msg[84] Decides in PEQ[5][0] -> [5][7]E1Q 
 (   96.00 ) Start Transmit from  PEQ[5][0] -> [5][2]E1Q 
 (   96.00 ) Msg[16] Ends Trans X2Q[4][1] -> [4][5]Y1Q
 (   96.00 ) Start Transmit from  E1Q[4][0] -> [4][1]Y1Q 
 (   96.00 ) Msg[79] Decides in X2Q[4][0] -> [1][6]X2Q 
 (   96.00 ) Start Transmit from  X2Q[4][0] -> [3][0]X2Q 
 (   96.00 ) Msg[24] Ends Trans Y1Q[4][1] -> [4][1]PEQ 
               Msg[24] Response Time : 96.00 cycles   Mean Response Time : 78.55 cycles
 (   96.00 ) Msg[16] Decides in Y1Q[4][1] -> [4][5]E1Q 
 (   96.00 ) Start Transmit from  Y1Q[4][1] -> [4][3]E1Q 
 (   96.00 ) Msg[77] Ends Trans X2Q[2][7] -> [2][6]X2Q
 (   96.00 ) Msg[25] Ends Trans X2Q[2][6] -> [2][6]Y2Q
 (   96.00 ) Msg[77] Decides in X2Q[2][7] -> [2][6]Y2Q 
 (   96.00 ) Start Transmit from  X2Q[2][7] -> [2][6]Y2Q 
 (   96.00 ) Msg[25] Decides in Y2Q[2][6] -> [2][6]Q 
 (   96.00 ) Msg[26] Ends Trans Y2Q[3][5] -> [3][5]PEQ 
               Msg[26] Response Time : 96.00 cycles   Mean Response Time : 80.00 cycles
 (   96.00 ) Msg[28] Ends Trans Y2Q[6][1] -> [6][1]E2Q
 (   96.00 ) Msg[28] Decides in E2Q[6][1] -> [6][1]PEQ 
 (   96.00 ) Start Transmit from  E2Q[6][1] -> [6][1]PEQ 
 (   96.00 ) Msg[65] Ends Trans X1Q[6][3] -> [6][5]X1Q
 (   96.00 ) Msg[65] Decides in X1Q[6][3] -> [6][5]Y1Q 
 (   96.00 ) Start Transmit from  X1Q[6][3] -> [6][4]Y1Q 
 (   96.00 ) Msg[99] Ends Trans PEQ[7][2] -> [7][7]X1Q
 (   96.00 ) Msg[30] Ends Trans X1Q[7][3] -> [7][4]Y1Q
 (   96.00 ) Msg[99] Decides in X1Q[7][2] -> [7][7]Y1Q 
 (   96.00 ) Start Transmit from  X1Q[7][2] -> [7][3]Y1Q 
 (   96.00 ) Msg[30] Decides in Y1Q[7][3] -> [7][4]Y1Q 
 (   96.00 ) Start Transmit from  Y1Q[7][3] -> [7][4]Y1Q 
 (   96.00 ) Msg[82] Ends Trans X1Q[7][1] -> [7][5]E1Q
 (   96.00 ) Start Transmit from  E1Q[5][1] -> [7][1]E1Q 
 (   96.00 ) Msg[82] Decides in E1Q[7][1] -> [7][5]Y1Q 
 (   96.00 ) Start Transmit from  E1Q[7][1] -> [7][2]Y1Q 
 (   96.00 ) Msg[32] Ends Trans X1Q[7][1] -> [7][5]Y1Q
 (   96.00 ) Msg[32] Decides in Y1Q[7][1] -> [7][5]Q 
 (   96.00 ) Msg[33] Ends Trans E2Q[4][5] -> [4][5]PEQ 
               Msg[33] Response Time : 96.00 cycles   Mean Response Time : 81.23 cycles
 (   96.00 ) Msg[42] Ends Trans X1Q[4][6] -> [7][0]X1Q
 (   96.00 ) Start Transmit from  PEQ[3][6] -> [4][6]X1Q 
 (   96.00 ) Msg[80] Decides in X1Q[3][6] -> [7][5]Q 
 (   96.00 ) Msg[75] Ends Trans X1Q[5][6] -> [7][1]X1Q
 (   96.00 ) Msg[42] Decides in X1Q[4][6] -> [7][0]X1Q 
 (   96.00 ) Start Transmit from  X1Q[4][6] -> [5][6]X1Q 
 (   96.00 ) Msg[75] Decides in X1Q[5][6] -> [7][1]X1Q 
 (   96.00 ) Start Transmit from  X1Q[5][6] -> [6][6]X1Q 
 (   96.00 ) Msg[34] Ends Trans Y2Q[3][3] -> [3][3]PEQ 
               Msg[34] Response Time : 96.00 cycles   Mean Response Time : 82.29 cycles
 (   96.00 ) Msg[35] Ends Trans E2Q[2][2] -> [2][2]Y2Q
 (   96.00 ) Start Transmit from  X2Q[2][3] -> [2][2]Y2Q 
 (   96.00 ) Msg[35] Decides in Y2Q[2][2] -> [2][2]PEQ 
 (   96.00 ) Start Transmit from  Y2Q[2][2] -> [2][2]PEQ 
 (   96.00 ) Msg[36] Ends Trans E1Q[6][3] -> [6][1]Y2Q
 (   96.00 ) Msg[36] Decides in Y2Q[6][3] -> [6][1]E2Q 
 (   96.00 ) Start Transmit from  Y2Q[6][3] -> [6][1]E2Q 
 (   96.00 ) Msg[46] Ends Trans E1Q[6][2] -> [7][4]E1Q
 (   96.00 ) Msg[54] Decides in E1Q[4][2] -> [6][2]E1Q 
 (   96.00 ) Start Transmit from  E1Q[4][2] -> [6][2]E1Q 
 (   96.00 ) Msg[38] Ends Trans E1Q[6][3] -> [6][7]Y1Q
 (   96.00 ) Msg[46] Decides in E1Q[6][2] -> [7][4]X1Q 
 (   96.00 ) Start Transmit from  E1Q[6][2] -> [7][2]X1Q 
 (   96.00 ) Msg[38] Decides in Y1Q[6][3] -> [6][7]Q 
 (   96.00 ) Msg[31] Ends Trans X2Q[1][1] -> [0][6]X2Q
 (   96.00 ) Msg[50] Ends Trans X1Q[3][6] -> [5][3]X1Q
 (   96.00 ) Start Transmit from  PEQ[2][6] -> [3][6]X1Q 
 (   96.00 ) Msg[58] Decides in X1Q[2][6] -> [5][7]Q 
 (   96.00 ) Msg[78] Ends Trans X2Q[1][4] -> [1][4]Y2Q
 (   96.00 ) Start Transmit from  E2Q[1][5] -> [1][4]Y2Q 
 (   96.00 ) Msg[78] Decides in Y2Q[1][4] -> [1][4]PEQ 
 (   96.00 ) Start Transmit from  Y2Q[1][4] -> [1][4]PEQ 
 (   96.00 ) Msg[60] Ends Trans E1Q[4][4] -> [4][7]E1Q
 (   96.00 ) Msg[105] Ends Trans PEQ[2][3] -> [2][2]Y2Q
 (   96.00 ) Msg[105] Decides in Y2Q[2][3] -> [2][2]Q 
 (   96.00 ) Msg[70] Ends Trans E1Q[5][4] -> [5][6]X1Q
 (   96.00 ) Msg[60] Decides in E1Q[4][4] -> [4][7]Y1Q 
 (   96.00 ) Start Transmit from  E1Q[4][4] -> [4][5]Y1Q 
 (   96.00 ) Msg[44] Ends Trans X1Q[5][6] -> [5][6]E1Q
 (   96.00 ) Msg[70] Decides in X1Q[5][4] -> [5][6]E1Q 
 (   96.00 ) Start Transmit from  X1Q[5][4] -> [5][6]E1Q 
 (   96.00 ) Msg[44] Decides in E1Q[5][6] -> [5][6]PEQ 
 (   96.00 ) Start Transmit from  E1Q[5][6] -> [5][6]PEQ 
 (   96.00 ) Msg[71] Ends Trans X2Q[2][6] -> [2][6]Y1Q
 (   96.00 ) Msg[37] Ends Trans E1Q[2][7] -> [2][7]E1Q
 (   96.00 ) Msg[37] Decides in E1Q[2][7] -> [2][7]PEQ 
 (   96.00 ) Start Transmit from  E1Q[2][7] -> [2][7]PEQ 
 (   96.00 ) Msg[45] Ends Trans Y1Q[2][6] -> [2][6]PEQ 
               Msg[45] Response Time : 96.00 cycles   Mean Response Time : 83.20 cycles
 (   96.00 ) Start Transmit from  Y2Q[2][6] -> [2][6]PEQ 
 (   96.00 ) Msg[71] Decides in Y1Q[2][6] -> [2][6]Q 
 (   96.00 ) Msg[72] Ends Trans Y1Q[2][3] -> [2][3]PEQ 
               Msg[72] Response Time : 86.31 cycles   Mean Response Time : 83.39 cycles
 (   96.00 ) Msg[47] Ends Trans Y2Q[3][0] -> [3][0]PEQ 
               Msg[47] Response Time : 96.00 cycles   Mean Response Time : 84.14 cycles
 (   96.00 ) Msg[40] Ends Trans X2Q[1][2] -> [1][4]E1Q
 (   96.00 ) Msg[40] Decides in E1Q[1][2] -> [1][4]E1Q 
 (   96.00 ) Start Transmit from  E1Q[1][2] -> [1][4]E1Q 
 (   96.00 ) Msg[48] Ends Trans X2Q[0][1] -> [0][3]Y1Q
 (   96.00 ) Msg[48] Decides in Y1Q[0][1] -> [0][3]Q 
 (   96.00 ) Msg[51] Ends Trans Y2Q[1][3] -> [1][3]PEQ 
               Msg[51] Response Time : 96.00 cycles   Mean Response Time : 84.79 cycles
 (   96.00 ) Start Transmit from  E2Q[1][3] -> [1][3]PEQ 
 (   96.00 ) Msg[52] Ends Trans Y1Q[2][5] -> [2][5]PEQ 
               Msg[52] Response Time : 96.00 cycles   Mean Response Time : 85.38 cycles
 (   96.00 ) Msg[94] Ends Trans PEQ[4][2] -> [6][4]E1Q
 (   96.00 ) Msg[113] Decides in PEQ[2][2] -> [4][1]E1Q 
 (   96.00 ) Start Transmit from  PEQ[2][2] -> [4][2]E1Q 
 (   96.00 ) Msg[64] Ends Trans E1Q[4][0] -> [6][3]E1Q
 (   96.00 ) Msg[67] Decides in E1Q[2][0] -> [3][7]X1Q 
 (   96.00 ) Start Transmit from  E1Q[2][0] -> [3][0]X1Q 
 (   96.00 ) Msg[103] Ends Trans PEQ[2][7] -> [4][6]X1Q
 (   96.00 ) Msg[57] Ends Trans X1Q[3][7] -> [3][3]X1Q
 (   96.00 ) Msg[103] Decides in X1Q[2][7] -> [4][6]X1Q 
 (   96.00 ) Start Transmit from  X1Q[2][7] -> [3][7]X1Q 
 (   96.00 ) Msg[107] Ends Trans PEQ[2][6] -> [2][0]X1Q
 (   96.00 ) Msg[132] Decides in PEQ[1][6] -> [0][1]X2Q 
 (   96.00 ) Start Transmit from  PEQ[1][6] -> [0][6]X2Q 
 (   96.00 ) Msg[59] Ends Trans E1Q[3][4] -> [3][1]Y2Q
 (   96.00 ) Start Transmit from  X2Q[3][5] -> [3][4]Y2Q 
 (   96.00 ) Msg[59] Decides in Y2Q[3][4] -> [3][1]E2Q 
 (   96.00 ) Start Transmit from  Y2Q[3][4] -> [3][2]E2Q 
 (   96.00 ) Msg[61] Ends Trans E1Q[5][3] -> [5][0]E1Q
 (   96.00 ) Msg[61] Decides in E1Q[5][3] -> [5][0]Y2Q 
 (   96.00 ) Start Transmit from  E1Q[5][3] -> [5][2]Y2Q 
 (   96.00 ) Msg[62] Ends Trans Y2Q[2][0] -> [2][0]Y2Q
 (   96.00 ) Msg[62] Decides in Y2Q[2][0] -> [2][0]PEQ 
 (   96.00 ) Start Transmit from  Y2Q[2][0] -> [2][0]PEQ 
 (   96.00 ) Msg[63] Ends Trans E1Q[4][1] -> [4][5]X1Q
 (   96.00 ) Msg[63] Decides in X1Q[4][1] -> [4][5]Q 
 (   97.97 ) Msg[39] Ends Trans X2Q[0][1] -> [0][5]X2Q
 (   97.97 ) Msg[31] Decides in X2Q[1][1] -> [0][6]X2Q 
 (   97.97 ) Start Transmit from  X2Q[1][1] -> [0][1]X2Q 
 (   97.97 ) Msg[100] Ends Trans PEQ[3][1] -> [3][0]E1Q
 (   97.97 ) Start Transmit from  X1Q[1][1] -> [3][1]E1Q 
 (   97.97 ) Msg[121] Decides in PEQ[1][1] -> [7][3]Q 
 (   97.97 ) Msg[100] Decides in E1Q[3][1] -> [3][0]Y2Q 
 (   97.97 ) Start Transmit from  E1Q[3][1] -> [3][0]Y2Q 
 (   97.97 ) Msg[86] Ends Trans X2Q[0][3] -> [0][3]E1Q
 (   97.97 ) Start Transmit from  Y1Q[0][1] -> [0][3]E1Q 
 (   97.97 ) Msg[39] Decides in X2Q[0][1] -> [0][5]Q 
 (   97.97 ) Msg[86] Decides in E1Q[0][3] -> [0][3]PEQ 
 (   97.97 ) Start Transmit from  E1Q[0][3] -> [0][3]PEQ 
 (   98.48 ) Msg[87] Ends Trans X2Q[4][5] -> [4][7]X2Q
 (   98.48 ) Start Transmit from  E2Q[5][5] -> [4][5]X2Q 
 (   98.48 ) Msg[87] Decides in X2Q[4][5] -> [4][7]E1Q 
 (   98.48 ) Start Transmit from  X2Q[4][5] -> [4][7]E1Q 
 (   99.52 ) Msg[133] Arrives in PEQ[4][5] -> [5][5] 
 (   99.52 ) Msg[133] Not Head Of Queue in PEQ[4][5] -> [5][5] 
 (  100.83 ) Msg[134] Arrives in PEQ[6][4] -> [0][6] 
 (  100.83 ) Msg[134] Decides in PEQ[6][4] -> [0][6]E2Q 
 (  100.83 ) Start Transmit from  PEQ[6][4] -> [4][4]E2Q 
 (  100.93 ) Msg[135] Arrives in PEQ[1][3] -> [4][6] 
 (  100.93 ) Msg[135] Decides in PEQ[1][3] -> [4][6]E1Q 
 (  100.93 ) Start Transmit from  PEQ[1][3] -> [3][3]E1Q 
 (  102.60 ) Msg[136] Arrives in PEQ[1][3] -> [0][1] 
 (  102.60 ) Msg[136] Not Head Of Queue in PEQ[1][3] -> [0][1] 
 (  102.77 ) Msg[137] Arrives in PEQ[3][3] -> [5][5] 
 (  102.7