Simulation Starting Time 2021-08-31 05:57:57
Welcome to Network-On-Chip ExpressCube Simulator 
This simulator was designed based on The Discrete Event Simulation.
It's a final year project to obtain the Master Degree
Student developer : Ziraoui Zakaria 
Supervisor: Prof. Mohamed Ould-Khaoua

Network Simulation Parameters :

Topology : 16 x 16 Express Cube with 2 Hops
Number of Nodes  : 256 
Routing : Dimension-ordered (DOR)
Traffic : Uniform Random
Message length : 32 phits
Injection Rate : 160
Transmission Time Normal  Links : 32 Cycles
Transmission Time Express Links : 32 Cycles
Batch Means Method : Yes

Please wait, Simulation has been started...

Batch N° 1 : Mean Response Time : 279.65 cycles	Mean Waiting Time : 57.84 cycles	Throughput : 1.467
Batch N° 2 : Mean Response Time : 308.73 cycles	Mean Waiting Time : 73.48 cycles	Throughput : 1.591
Batch N° 3 : Mean Response Time : 311.20 cycles	Mean Waiting Time : 76.59 cycles	Throughput : 1.620
Batch N° 4 : Mean Response Time : 303.73 cycles	Mean Waiting Time : 68.51 cycles	Throughput : 1.528
Batch N° 5 : Mean Response Time : 306.79 cycles	Mean Waiting Time : 73.15 cycles	Throughput : 1.596
Batch N° 6 : Mean Response Time : 305.75 cycles	Mean Waiting Time : 69.85 cycles	Throughput : 1.537
Batch N° 7 : Mean Response Time : 315.40 cycles	Mean Waiting Time : 78.96 cycles	Throughput : 1.597
Batch N° 8 : Mean Response Time : 322.25 cycles	Mean Waiting Time : 85.64 cycles	Throughput : 1.615
Batch N° 9 : Mean Response Time : 324.60 cycles	Mean Waiting Time : 86.59 cycles	Throughput : 1.583
Batch N°10 : Mean Response Time : 350.33 cycles	Mean Waiting Time : 106.79 cycles	Throughput : 1.671

End Of The Simulation at T= 12669.79 cycles
Injection Rate : 160
Batch Size : 2000
Number of Batches : 10
Number of Clients Served : 20000
Overall Response Time : 312.84 cycles
Overall Waiting  Time : 77.74 cycles
Overall Throughput : 1.580 
Standard Deviation Response Time : 18.04190 cycles
Standard Deviation Waiting  Time : 13.20691 cycles
Standard Deviation Throughput : 0.056980 