Simulation Starting Time 2021-08-31 05:30:25
Welcome to Network-On-Chip ExpressCube Simulator 
This simulator was designed based on The Discrete Event Simulation.
It's a final year project to obtain the Master Degree
Student developer : Ziraoui Zakaria 
Supervisor: Prof. Mohamed Ould-Khaoua

Network Simulation Parameters :

Topology : 8 x 8 Express Cube with 2 Hops
Number of Nodes  : 64 
Routing : Dimension-ordered (DOR)
Traffic : Uniform Random
Message length : 32 phits
Injection Rate : 50
Transmission Time Normal  Links : 32 Cycles
Transmission Time Express Links : 32 Cycles
Batch Means Method : Yes

Please wait, Simulation has been started...

Batch N° 1 : Mean Response Time : 331.98 cycles	Mean Waiting Time : 194.09 cycles	Throughput : 0.959
Batch N° 2 : Mean Response Time : 647.86 cycles	Mean Waiting Time : 500.31 cycles	Throughput : 1.079
Batch N° 3 : Mean Response Time : 882.47 cycles	Mean Waiting Time : 735.33 cycles	Throughput : 1.086
Batch N° 4 : Mean Response Time : 1141.15 cycles	Mean Waiting Time : 990.79 cycles	Throughput : 1.074
Batch N° 5 : Mean Response Time : 1318.67 cycles	Mean Waiting Time : 1170.98 cycles	Throughput : 1.058
Batch N° 6 : Mean Response Time : 1546.24 cycles	Mean Waiting Time : 1398.53 cycles	Throughput : 1.056
Batch N° 7 : Mean Response Time : 1826.57 cycles	Mean Waiting Time : 1677.14 cycles	Throughput : 1.048
Batch N° 8 : Mean Response Time : 1963.64 cycles	Mean Waiting Time : 1815.73 cycles	Throughput : 1.113
Batch N° 9 : Mean Response Time : 2175.17 cycles	Mean Waiting Time : 2022.16 cycles	Throughput : 1.053
Batch N°10 : Mean Response Time : 2513.41 cycles	Mean Waiting Time : 2360.59 cycles	Throughput : 1.092

End Of The Simulation at T= 18863.17 cycles
Injection Rate : 50
Batch Size : 2000
Number of Batches : 10
Number of Clients Served : 20000
Overall Response Time : 1434.72 cycles
Overall Waiting  Time : 1286.57 cycles
Overall Throughput : 1.062 
Standard Deviation Response Time : 698.99982 cycles
Standard Deviation Waiting  Time : 695.71149 cycles
Standard Deviation Throughput : 0.041396 