Simulation Starting Time 2021-08-31 06:33:10
Welcome to Network-On-Chip 2D Mesh Simulator 
This simulator was designed based on The Discrete Event Simulation.
It's a final year project to obtain the Master Degree
Student developer : Ziraoui Zakaria 
Supervisor: Prof. Mohamed Ould-Khaoua

Network Simulation Parameters :

Topology : 32 x 32 Mesh 
Number of Nodes  : 1024 
Routing : Dimension-ordered (DOR)
Traffic : Uniform Random
Message length : 32 phits
Injection Rate : 1000
Transmission Time : 32 Cycles
Batch Means Method : Yes

Please wait, Simulation has been started...

Batch N° 1 : Mean Response Time : 624.09 cycles	Mean Waiting Time : 9.57 cycles	Throughput : 1.172
Batch N° 2 : Mean Response Time : 681.50 cycles	Mean Waiting Time : 4.94 cycles	Throughput : 1.037
Batch N° 3 : Mean Response Time : 681.35 cycles	Mean Waiting Time : 3.93 cycles	Throughput : 1.000
Batch N° 4 : Mean Response Time : 669.01 cycles	Mean Waiting Time : 4.24 cycles	Throughput : 1.046
Batch N° 5 : Mean Response Time : 669.43 cycles	Mean Waiting Time : 4.74 cycles	Throughput : 1.071
Batch N° 6 : Mean Response Time : 682.27 cycles	Mean Waiting Time : 3.81 cycles	Throughput : 1.036
Batch N° 7 : Mean Response Time : 683.77 cycles	Mean Waiting Time : 4.75 cycles	Throughput : 1.046
Batch N° 8 : Mean Response Time : 674.08 cycles	Mean Waiting Time : 4.44 cycles	Throughput : 1.043
Batch N° 9 : Mean Response Time : 668.05 cycles	Mean Waiting Time : 3.82 cycles	Throughput : 1.025
Batch N°10 : Mean Response Time : 675.13 cycles	Mean Waiting Time : 3.89 cycles	Throughput : 1.012

End Of The Simulation at T= 19102.67 cycles
Injection Rate : 1000
Batch Size : 2000
Number of Batches : 10
Number of Clients Served : 20000
Overall Response Time : 670.87 cycles
Overall Waiting  Time : 4.81 cycles
Overall Throughput : 1.049 
Standard Deviation Response Time : 17.47804 cycles
Standard Deviation Waiting  Time : 1.72444 cycles
Standard Deviation Throughput : 0.047549 