Simulation Starting Time 2021-09-02 05:21:12
Welcome to Network-On-Chip ExpressCube Simulator 
This simulator was designed based on The Discrete Event Simulation.
It's a final year project to obtain the Master Degree
Student developer : Ziraoui Zakaria 
Supervisor: Prof. Mohamed Ould-Khaoua

Network Simulation Parameters :

Topology : 8 x 8 Express Cube with 2 Hops
Number of Nodes  : 64 
Routing : Dimension-ordered (DOR)
Traffic : Uniform Random
Message length : 32 phits
Injection Rate : 10500
Transmission Time Normal  Links : 64 Cycles
Transmission Time Express Links : 64 Cycles
Batch Means Method : Yes

Please wait, Simulation has been started...

Batch N° 1 : Mean Response Time : 236.27 cycles	Mean Waiting Time : 0.35 cycles	Throughput : 0.006
Batch N° 2 : Mean Response Time : 230.41 cycles	Mean Waiting Time : 0.27 cycles	Throughput : 0.006
Batch N° 3 : Mean Response Time : 230.84 cycles	Mean Waiting Time : 0.24 cycles	Throughput : 0.006
Batch N° 4 : Mean Response Time : 230.06 cycles	Mean Waiting Time : 0.17 cycles	Throughput : 0.006
Batch N° 5 : Mean Response Time : 225.02 cycles	Mean Waiting Time : 0.31 cycles	Throughput : 0.006
Batch N° 6 : Mean Response Time : 236.32 cycles	Mean Waiting Time : 0.19 cycles	Throughput : 0.006
Batch N° 7 : Mean Response Time : 227.90 cycles	Mean Waiting Time : 0.18 cycles	Throughput : 0.006
Batch N° 8 : Mean Response Time : 234.19 cycles	Mean Waiting Time : 0.17 cycles	Throughput : 0.006
Batch N° 9 : Mean Response Time : 232.86 cycles	Mean Waiting Time : 0.25 cycles	Throughput : 0.006
Batch N°10 : Mean Response Time : 228.48 cycles	Mean Waiting Time : 0.22 cycles	Throughput : 0.006

End Of The Simulation at T= 3263742.00 cycles
Injection Rate : 10500
Batch Size : 2000
Number of Batches : 10
Number of Clients Served : 20000
Overall Response Time : 231.23 cycles
Overall Waiting  Time : 0.23 cycles
Overall Throughput : 0.006 
Standard Deviation Response Time : 3.68252 cycles
Standard Deviation Waiting  Time : 0.06188 cycles
Standard Deviation Throughput : 0.000106 