Simulation Starting Time 2021-08-31 06:54:15
Welcome to Network-On-Chip ExpressCube Simulator 
This simulator was designed based on The Discrete Event Simulation.
It's a final year project to obtain the Master Degree
Student developer : Ziraoui Zakaria 
Supervisor: Prof. Mohamed Ould-Khaoua

Network Simulation Parameters :

Topology : 32 x 32 Express Cube with 4 Hops
Number of Nodes  : 1024 
Routing : Dimension-ordered (DOR)
Traffic : Uniform Random
Message length : 32 phits
Injection Rate : 32000
Transmission Time Normal  Links : 32 Cycles
Transmission Time Express Links : 32 Cycles
Batch Means Method : Yes

Please wait, Simulation has been started...

Batch N° 1 : Mean Response Time : 313.44 cycles	Mean Waiting Time : 4.44 cycles	Throughput : 0.064
Batch N° 2 : Mean Response Time : 304.44 cycles	Mean Waiting Time : 0.02 cycles	Throughput : 0.032
Batch N° 3 : Mean Response Time : 293.68 cycles	Mean Waiting Time : 0.03 cycles	Throughput : 0.032
Batch N° 4 : Mean Response Time : 301.81 cycles	Mean Waiting Time : 0.04 cycles	Throughput : 0.032
Batch N° 5 : Mean Response Time : 303.36 cycles	Mean Waiting Time : 0.03 cycles	Throughput : 0.032
Batch N° 6 : Mean Response Time : 309.23 cycles	Mean Waiting Time : 0.02 cycles	Throughput : 0.032
Batch N° 7 : Mean Response Time : 299.94 cycles	Mean Waiting Time : 0.03 cycles	Throughput : 0.032
Batch N° 8 : Mean Response Time : 301.89 cycles	Mean Waiting Time : 0.00 cycles	Throughput : 0.032
Batch N° 9 : Mean Response Time : 299.81 cycles	Mean Waiting Time : 0.02 cycles	Throughput : 0.032
Batch N°10 : Mean Response Time : 301.71 cycles	Mean Waiting Time : 0.00 cycles	Throughput : 0.032

End Of The Simulation at T= 592262.50 cycles
Injection Rate : 32000
Batch Size : 2000
Number of Batches : 10
Number of Clients Served : 20000
Overall Response Time : 302.93 cycles
Overall Waiting  Time : 0.46 cycles
Overall Throughput : 0.035 
Standard Deviation Response Time : 5.38214 cycles
Standard Deviation Waiting  Time : 1.39798 cycles
Standard Deviation Throughput : 0.010090 