Simulation Starting Time 2021-09-02 06:20:36
Welcome to Network-On-Chip ExpressCube Simulator 
This simulator was designed based on The Discrete Event Simulation.
It's a final year project to obtain the Master Degree
Student developer : Ziraoui Zakaria 
Supervisor: Prof. Mohamed Ould-Khaoua

Network Simulation Parameters :

Topology : 16 x 16 Express Cube with 8 Hops
Number of Nodes  : 256 
Routing : Dimension-ordered (DOR)
Traffic : Uniform Random
Message length : 32 phits
Injection Rate : 350
Transmission Time Normal  Links : 160 Cycles
Transmission Time Express Links : 160 Cycles
Batch Means Method : Yes

Please wait, Simulation has been started...

Batch N° 1 : Mean Response Time : 1954.88 cycles	Mean Waiting Time : 681.03 cycles	Throughput : 0.336
Batch N° 2 : Mean Response Time : 3546.72 cycles	Mean Waiting Time : 2099.27 cycles	Throughput : 0.434
Batch N° 3 : Mean Response Time : 4922.65 cycles	Mean Waiting Time : 3439.57 cycles	Throughput : 0.442
Batch N° 4 : Mean Response Time : 6026.22 cycles	Mean Waiting Time : 4569.85 cycles	Throughput : 0.432
Batch N° 5 : Mean Response Time : 7331.00 cycles	Mean Waiting Time : 5836.83 cycles	Throughput : 0.435
Batch N° 6 : Mean Response Time : 8506.43 cycles	Mean Waiting Time : 7003.74 cycles	Throughput : 0.431
Batch N° 7 : Mean Response Time : 9411.05 cycles	Mean Waiting Time : 7957.86 cycles	Throughput : 0.443
Batch N° 8 : Mean Response Time : 10791.28 cycles	Mean Waiting Time : 9302.27 cycles	Throughput : 0.444
Batch N° 9 : Mean Response Time : 12022.68 cycles	Mean Waiting Time : 10512.12 cycles	Throughput : 0.437
Batch N°10 : Mean Response Time : 12980.74 cycles	Mean Waiting Time : 11486.64 cycles	Throughput : 0.433

End Of The Simulation at T= 47176.34 cycles
Injection Rate : 350
Batch Size : 2000
Number of Batches : 10
Number of Clients Served : 20000
Overall Response Time : 7749.37 cycles
Overall Waiting  Time : 6288.92 cycles
Overall Throughput : 0.427 
Standard Deviation Response Time : 3660.43286 cycles
Standard Deviation Waiting  Time : 3613.37573 cycles
Standard Deviation Throughput : 0.032159 