Simulation Starting Time 2021-09-02 06:23:18
Welcome to Network-On-Chip 2D Mesh Simulator 
This simulator was designed based on The Discrete Event Simulation.
It's a final year project to obtain the Master Degree
Student developer : Ziraoui Zakaria 
Supervisor: Prof. Mohamed Ould-Khaoua

Network Simulation Parameters :

Topology : 32 x 32 Mesh 
Number of Nodes  : 1024 
Routing : Dimension-ordered (DOR)
Traffic : Uniform Random
Message length : 32 phits
Injection Rate : 400
Transmission Time : 32 Cycles
Batch Means Method : Yes

Please wait, Simulation has been started...

Batch N° 1 : Mean Response Time : 562.45 cycles	Mean Waiting Time : 32.13 cycles	Throughput : 1.689
Batch N° 2 : Mean Response Time : 759.37 cycles	Mean Waiting Time : 66.98 cycles	Throughput : 2.500
Batch N° 3 : Mean Response Time : 759.17 cycles	Mean Waiting Time : 68.12 cycles	Throughput : 2.562
Batch N° 4 : Mean Response Time : 773.41 cycles	Mean Waiting Time : 70.94 cycles	Throughput : 2.619
Batch N° 5 : Mean Response Time : 765.63 cycles	Mean Waiting Time : 65.97 cycles	Throughput : 2.596
Batch N° 6 : Mean Response Time : 757.68 cycles	Mean Waiting Time : 60.97 cycles	Throughput : 2.468
Batch N° 7 : Mean Response Time : 758.66 cycles	Mean Waiting Time : 57.48 cycles	Throughput : 2.471
Batch N° 8 : Mean Response Time : 741.48 cycles	Mean Waiting Time : 58.13 cycles	Throughput : 2.558
Batch N° 9 : Mean Response Time : 752.70 cycles	Mean Waiting Time : 70.31 cycles	Throughput : 2.635
Batch N°10 : Mean Response Time : 772.88 cycles	Mean Waiting Time : 72.92 cycles	Throughput : 2.622

End Of The Simulation at T= 8221.97 cycles
Injection Rate : 400
Batch Size : 2000
Number of Batches : 10
Number of Clients Served : 20000
Overall Response Time : 740.34 cycles
Overall Waiting  Time : 62.40 cycles
Overall Throughput : 2.472 
Standard Deviation Response Time : 63.19750 cycles
Standard Deviation Waiting  Time : 11.89523 cycles
Standard Deviation Throughput : 0.281930 