Simulation Starting Time 2021-09-04 04:21:45
Welcome to Network-On-Chip ExpressCube Simulator 
This simulator was designed based on The Discrete Event Simulation.
It's a final year project to obtain the Master Degree
Student developer : Ziraoui Zakaria 
Supervisor: Prof. Mohamed Ould-Khaoua

Network Simulation Parameters :

Topology : 16 x 16 Express Cube with 4 Hops
Number of Nodes  : 256 
Routing : Dimension-ordered (DOR)
Traffic : Hotspot [8][8]
Message length : 32 phits
Injection Rate : 70
Transmission Time Normal  Links : 96 Cycles
Transmission Time Express Links : 96 Cycles
Batch Means Method : Yes

Please wait, Simulation has been started...

Batch N° 1 : Mean Response Time : 1108.87 cycles	Mean Waiting Time : 527.94 cycles	Throughput : 0.751
Batch N° 2 : Mean Response Time : 2422.36 cycles	Mean Waiting Time : 1756.15 cycles	Throughput : 1.028
Batch N° 3 : Mean Response Time : 3492.28 cycles	Mean Waiting Time : 2818.48 cycles	Throughput : 1.096
Batch N° 4 : Mean Response Time : 4552.43 cycles	Mean Waiting Time : 3870.76 cycles	Throughput : 1.042
Batch N° 5 : Mean Response Time : 5556.54 cycles	Mean Waiting Time : 4870.13 cycles	Throughput : 1.042
Batch N° 6 : Mean Response Time : 6696.57 cycles	Mean Waiting Time : 6010.33 cycles	Throughput : 1.042
Batch N° 7 : Mean Response Time : 7725.97 cycles	Mean Waiting Time : 7033.64 cycles	Throughput : 1.070
Batch N° 8 : Mean Response Time : 8710.88 cycles	Mean Waiting Time : 8019.77 cycles	Throughput : 1.014
Batch N° 9 : Mean Response Time : 9839.93 cycles	Mean Waiting Time : 9154.75 cycles	Throughput : 1.096
Batch N°10 : Mean Response Time : 10858.05 cycles	Mean Waiting Time : 10159.01 cycles	Throughput : 1.096

End Of The Simulation at T= 19680.00 cycles
Injection Rate : 70
Batch Size : 2000
Number of Batches : 10
Number of Clients Served : 20000
Overall Response Time : 6096.39 cycles
Overall Waiting  Time : 5422.10 cycles
Overall Throughput : 1.028 
Standard Deviation Response Time : 3238.12891 cycles
Standard Deviation Waiting  Time : 3213.58618 cycles
Standard Deviation Throughput : 0.101842 