Simulation Starting Time 2021-09-01 06:40:26
Welcome to Network-On-Chip ExpressCube Simulator 
This simulator was designed based on The Discrete Event Simulation.
It's a final year project to obtain the Master Degree
Student developer : Ziraoui Zakaria 
Supervisor: Prof. Mohamed Ould-Khaoua

Network Simulation Parameters :

Topology : 32 x 32 Express Cube with 8 Hops
Number of Nodes  : 1024 
Routing : Dimension-ordered (DOR)
Traffic : Hotspot [16][16]
Message length : 32 phits
Injection Rate : 10500
Transmission Time Normal  Links : 32 Cycles
Transmission Time Express Links : 32 Cycles
Batch Means Method : Yes

Please wait, Simulation has been started...

Batch N° 1 : Mean Response Time : 404.75 cycles	Mean Waiting Time : 29.82 cycles	Throughput : 0.192
Batch N° 2 : Mean Response Time : 365.29 cycles	Mean Waiting Time : 0.83 cycles	Throughput : 0.104
Batch N° 3 : Mean Response Time : 360.32 cycles	Mean Waiting Time : 0.91 cycles	Throughput : 0.098
Batch N° 4 : Mean Response Time : 368.20 cycles	Mean Waiting Time : 0.51 cycles	Throughput : 0.101
Batch N° 5 : Mean Response Time : 368.32 cycles	Mean Waiting Time : 0.56 cycles	Throughput : 0.100
Batch N° 6 : Mean Response Time : 368.41 cycles	Mean Waiting Time : 0.72 cycles	Throughput : 0.095
Batch N° 7 : Mean Response Time : 362.16 cycles	Mean Waiting Time : 0.50 cycles	Throughput : 0.096
Batch N° 8 : Mean Response Time : 361.74 cycles	Mean Waiting Time : 0.74 cycles	Throughput : 0.100
Batch N° 9 : Mean Response Time : 362.83 cycles	Mean Waiting Time : 0.79 cycles	Throughput : 0.103
Batch N°10 : Mean Response Time : 361.66 cycles	Mean Waiting Time : 0.80 cycles	Throughput : 0.101

End Of The Simulation at T= 191067.08 cycles
Injection Rate : 10500
Batch Size : 2000
Number of Batches : 10
Number of Clients Served : 20000
Overall Response Time : 368.37 cycles
Overall Waiting  Time : 3.62 cycles
Overall Throughput : 0.109 
Standard Deviation Response Time : 13.14901 cycles
Standard Deviation Waiting  Time : 9.20967 cycles
Standard Deviation Throughput : 0.029374 