Simulation Starting Time 2021-09-01 06:04:57
Welcome to Network-On-Chip 2D Mesh Simulator 
This simulator was designed based on The Discrete Event Simulation.
It's a final year project to obtain the Master Degree
Student developer : Ziraoui Zakaria 
Supervisor: Prof. Mohamed Ould-Khaoua

Network Simulation Parameters :

Topology : 16 x 16 Mesh 
Number of Nodes  : 256 
Routing : Dimension-ordered (DOR)
Traffic : Hotspot [8][8]
Message length : 32 phits
Injection Rate : 10500
Transmission Time : 32 Cycles
Batch Means Method : Yes

Please wait, Simulation has been started...

Batch N° 1 : Mean Response Time : 317.33 cycles	Mean Waiting Time : 2.22 cycles	Throughput : 0.028
Batch N° 2 : Mean Response Time : 299.68 cycles	Mean Waiting Time : 0.12 cycles	Throughput : 0.025
Batch N° 3 : Mean Response Time : 318.66 cycles	Mean Waiting Time : 0.19 cycles	Throughput : 0.025
Batch N° 4 : Mean Response Time : 304.27 cycles	Mean Waiting Time : 0.17 cycles	Throughput : 0.025
Batch N° 5 : Mean Response Time : 309.00 cycles	Mean Waiting Time : 0.11 cycles	Throughput : 0.025
Batch N° 6 : Mean Response Time : 305.45 cycles	Mean Waiting Time : 0.11 cycles	Throughput : 0.025
Batch N° 7 : Mean Response Time : 306.53 cycles	Mean Waiting Time : 0.17 cycles	Throughput : 0.024
Batch N° 8 : Mean Response Time : 309.44 cycles	Mean Waiting Time : 0.13 cycles	Throughput : 0.026
Batch N° 9 : Mean Response Time : 310.82 cycles	Mean Waiting Time : 0.15 cycles	Throughput : 0.024
Batch N°10 : Mean Response Time : 303.21 cycles	Mean Waiting Time : 0.10 cycles	Throughput : 0.023

End Of The Simulation at T= 802411.75 cycles
Injection Rate : 10500
Batch Size : 2000
Number of Batches : 10
Number of Clients Served : 20000
Overall Response Time : 308.44 cycles
Overall Waiting  Time : 0.35 cycles
Overall Throughput : 0.025 
Standard Deviation Response Time : 6.00318 cycles
Standard Deviation Waiting  Time : 0.65808 cycles
Standard Deviation Throughput : 0.001304 