Simulation Starting Time 2021-09-01 06:41:33
Welcome to Network-On-Chip ExpressCube Simulator 
This simulator was designed based on The Discrete Event Simulation.
It's a final year project to obtain the Master Degree
Student developer : Ziraoui Zakaria 
Supervisor: Prof. Mohamed Ould-Khaoua

Network Simulation Parameters :

Topology : 32 x 32 Express Cube with 8 Hops
Number of Nodes  : 1024 
Routing : Dimension-ordered (DOR)
Traffic : Hotspot [16][16]
Message length : 32 phits
Injection Rate : 180
Transmission Time Normal  Links : 32 Cycles
Transmission Time Express Links : 32 Cycles
Batch Means Method : Yes

Please wait, Simulation has been started...

Batch N° 1 : Mean Response Time : 315.06 cycles	Mean Waiting Time : 22.45 cycles	Throughput : 2.901
Batch N° 2 : Mean Response Time : 430.72 cycles	Mean Waiting Time : 64.24 cycles	Throughput : 4.100
Batch N° 3 : Mean Response Time : 487.12 cycles	Mean Waiting Time : 105.31 cycles	Throughput : 4.109
Batch N° 4 : Mean Response Time : 533.53 cycles	Mean Waiting Time : 150.29 cycles	Throughput : 4.167
Batch N° 5 : Mean Response Time : 544.20 cycles	Mean Waiting Time : 168.73 cycles	Throughput : 4.217
Batch N° 6 : Mean Response Time : 628.01 cycles	Mean Waiting Time : 237.50 cycles	Throughput : 4.319
Batch N° 7 : Mean Response Time : 619.47 cycles	Mean Waiting Time : 241.33 cycles	Throughput : 4.160
Batch N° 8 : Mean Response Time : 706.56 cycles	Mean Waiting Time : 313.75 cycles	Throughput : 4.214
Batch N° 9 : Mean Response Time : 731.07 cycles	Mean Waiting Time : 345.62 cycles	Throughput : 4.118
Batch N°10 : Mean Response Time : 743.46 cycles	Mean Waiting Time : 364.12 cycles	Throughput : 4.093

End Of The Simulation at T= 5010.99 cycles
Injection Rate : 180
Batch Size : 2000
Number of Batches : 10
Number of Clients Served : 20000
Overall Response Time : 573.92 cycles
Overall Waiting  Time : 201.33 cycles
Overall Throughput : 4.040 
Standard Deviation Response Time : 138.88481 cycles
Standard Deviation Waiting  Time : 118.57755 cycles
Standard Deviation Throughput : 0.406203 