Simulation Starting Time 2021-08-31 05:59:32
Welcome to Network-On-Chip ExpressCube Simulator 
This simulator was designed based on The Discrete Event Simulation.
It's a final year project to obtain the Master Degree
Student developer : Ziraoui Zakaria 
Supervisor: Prof. Mohamed Ould-Khaoua

Network Simulation Parameters :

Topology : 16 x 16 Express Cube with 4 Hops
Number of Nodes  : 256 
Routing : Dimension-ordered (DOR)
Traffic : Uniform Random
Message length : 32 phits
Injection Rate : 50
Transmission Time Normal  Links : 32 Cycles
Transmission Time Express Links : 32 Cycles
Batch Means Method : Yes

Please wait, Simulation has been started...

Batch N° 1 : Mean Response Time : 291.19 cycles	Mean Waiting Time : 97.55 cycles	Throughput : 2.376
Batch N° 2 : Mean Response Time : 509.24 cycles	Mean Waiting Time : 287.16 cycles	Throughput : 3.046
Batch N° 3 : Mean Response Time : 685.48 cycles	Mean Waiting Time : 456.58 cycles	Throughput : 3.207
Batch N° 4 : Mean Response Time : 854.15 cycles	Mean Waiting Time : 624.63 cycles	Throughput : 3.344
Batch N° 5 : Mean Response Time : 963.61 cycles	Mean Waiting Time : 733.06 cycles	Throughput : 3.246
Batch N° 6 : Mean Response Time : 1138.49 cycles	Mean Waiting Time : 907.43 cycles	Throughput : 3.286
Batch N° 7 : Mean Response Time : 1289.62 cycles	Mean Waiting Time : 1060.14 cycles	Throughput : 3.337
Batch N° 8 : Mean Response Time : 1439.70 cycles	Mean Waiting Time : 1206.40 cycles	Throughput : 3.412
Batch N° 9 : Mean Response Time : 1545.11 cycles	Mean Waiting Time : 1318.12 cycles	Throughput : 3.298
Batch N°10 : Mean Response Time : 1693.34 cycles	Mean Waiting Time : 1463.17 cycles	Throughput : 3.309

End Of The Simulation at T= 6341.10 cycles
Injection Rate : 50
Batch Size : 2000
Number of Batches : 10
Number of Clients Served : 20000
Overall Response Time : 1040.99 cycles
Overall Waiting  Time : 815.42 cycles
Overall Throughput : 3.186 
Standard Deviation Response Time : 462.14883 cycles
Standard Deviation Waiting  Time : 454.58618 cycles
Standard Deviation Throughput : 0.301174 