Simulation Starting Time 2021-08-31 07:14:31
Welcome to Network-On-Chip ExpressCube Simulator 
This simulator was designed based on The Discrete Event Simulation.
It's a final year project to obtain the Master Degree
Student developer : Ziraoui Zakaria 
Supervisor: Prof. Mohamed Ould-Khaoua

Network Simulation Parameters :

Topology : 16 x 16 Express Cube with 8 Hops
Number of Nodes  : 256 
Routing : Dimension-ordered (DOR)
Traffic : Uniform Random
Message length : 32 phits
Injection Rate : 50
Transmission Time Normal  Links : 32 Cycles
Transmission Time Express Links : 32 Cycles
Batch Means Method : Yes

Please wait, Simulation has been started...

Batch N° 1 : Mean Response Time : 435.67 cycles	Mean Waiting Time : 179.13 cycles	Throughput : 1.689
Batch N° 2 : Mean Response Time : 855.84 cycles	Mean Waiting Time : 568.92 cycles	Throughput : 2.155
Batch N° 3 : Mean Response Time : 1208.36 cycles	Mean Waiting Time : 921.66 cycles	Throughput : 2.219
Batch N° 4 : Mean Response Time : 1540.03 cycles	Mean Waiting Time : 1252.34 cycles	Throughput : 2.245
Batch N° 5 : Mean Response Time : 1875.64 cycles	Mean Waiting Time : 1586.16 cycles	Throughput : 2.315
Batch N° 6 : Mean Response Time : 2192.22 cycles	Mean Waiting Time : 1904.16 cycles	Throughput : 2.232
Batch N° 7 : Mean Response Time : 2492.51 cycles	Mean Waiting Time : 2200.48 cycles	Throughput : 2.300
Batch N° 8 : Mean Response Time : 2853.07 cycles	Mean Waiting Time : 2561.06 cycles	Throughput : 2.253
Batch N° 9 : Mean Response Time : 3232.90 cycles	Mean Waiting Time : 2941.82 cycles	Throughput : 2.293
Batch N°10 : Mean Response Time : 3403.47 cycles	Mean Waiting Time : 3116.35 cycles	Throughput : 2.256

End Of The Simulation at T= 9180.03 cycles
Injection Rate : 50
Batch Size : 2000
Number of Batches : 10
Number of Clients Served : 20000
Overall Response Time : 2008.97 cycles
Overall Waiting  Time : 1723.21 cycles
Overall Throughput : 2.196 
Standard Deviation Response Time : 1005.88013 cycles
Standard Deviation Waiting  Time : 999.32874 cycles
Standard Deviation Throughput : 0.183773 