Simulation Starting Time 2021-08-31 06:56:53
Welcome to Network-On-Chip ExpressCube Simulator 
This simulator was designed based on The Discrete Event Simulation.
It's a final year project to obtain the Master Degree
Student developer : Ziraoui Zakaria 
Supervisor: Prof. Mohamed Ould-Khaoua

Network Simulation Parameters :

Topology : 32 x 32 Express Cube with 4 Hops
Number of Nodes  : 1024 
Routing : Dimension-ordered (DOR)
Traffic : Uniform Random
Message length : 32 phits
Injection Rate : 70
Transmission Time Normal  Links : 32 Cycles
Transmission Time Express Links : 32 Cycles
Batch Means Method : Yes

Please wait, Simulation has been started...

Batch N° 1 : Mean Response Time : 254.41 cycles	Mean Waiting Time : 33.53 cycles	Throughput : 4.140
Batch N° 2 : Mean Response Time : 396.90 cycles	Mean Waiting Time : 113.77 cycles	Throughput : 7.020
Batch N° 3 : Mean Response Time : 510.18 cycles	Mean Waiting Time : 206.20 cycles	Throughput : 6.944
Batch N° 4 : Mean Response Time : 593.17 cycles	Mean Waiting Time : 290.16 cycles	Throughput : 7.813
Batch N° 5 : Mean Response Time : 683.01 cycles	Mean Waiting Time : 370.81 cycles	Throughput : 7.643
Batch N° 6 : Mean Response Time : 750.15 cycles	Mean Waiting Time : 442.80 cycles	Throughput : 7.896
Batch N° 7 : Mean Response Time : 827.57 cycles	Mean Waiting Time : 517.68 cycles	Throughput : 7.904
Batch N° 8 : Mean Response Time : 905.93 cycles	Mean Waiting Time : 593.45 cycles	Throughput : 7.813
Batch N° 9 : Mean Response Time : 986.44 cycles	Mean Waiting Time : 675.47 cycles	Throughput : 7.662
Batch N°10 : Mean Response Time : 1061.22 cycles	Mean Waiting Time : 744.87 cycles	Throughput : 7.969

End Of The Simulation at T= 2848.00 cycles
Injection Rate : 70
Batch Size : 2000
Number of Batches : 10
Number of Clients Served : 20000
Overall Response Time : 696.90 cycles
Overall Waiting  Time : 398.87 cycles
Overall Throughput : 7.280 
Standard Deviation Response Time : 260.72186 cycles
Standard Deviation Waiting  Time : 239.12184 cycles
Standard Deviation Throughput : 1.160828 