Simulation Starting Time 2021-09-01 06:11:31
Welcome to Network-On-Chip 2D Mesh Simulator 
This simulator was designed based on The Discrete Event Simulation.
It's a final year project to obtain the Master Degree
Student developer : Ziraoui Zakaria 
Supervisor: Prof. Mohamed Ould-Khaoua

Network Simulation Parameters :

Topology : 32 x 32 Mesh 
Number of Nodes  : 1024 
Routing : Dimension-ordered (DOR)
Traffic : Hotspot [16][16]
Message length : 32 phits
Injection Rate : 250
Transmission Time : 32 Cycles
Batch Means Method : Yes

Please wait, Simulation has been started...

Batch N° 1 : Mean Response Time : 527.39 cycles	Mean Waiting Time : 55.11 cycles	Throughput : 1.736
Batch N° 2 : Mean Response Time : 853.57 cycles	Mean Waiting Time : 193.20 cycles	Throughput : 2.841
Batch N° 3 : Mean Response Time : 981.44 cycles	Mean Waiting Time : 306.19 cycles	Throughput : 2.841
Batch N° 4 : Mean Response Time : 1077.15 cycles	Mean Waiting Time : 394.58 cycles	Throughput : 2.976
Batch N° 5 : Mean Response Time : 1176.72 cycles	Mean Waiting Time : 502.23 cycles	Throughput : 2.976
Batch N° 6 : Mean Response Time : 1250.23 cycles	Mean Waiting Time : 575.24 cycles	Throughput : 2.942
Batch N° 7 : Mean Response Time : 1327.71 cycles	Mean Waiting Time : 647.95 cycles	Throughput : 3.011
Batch N° 8 : Mean Response Time : 1429.28 cycles	Mean Waiting Time : 746.95 cycles	Throughput : 2.951
Batch N° 9 : Mean Response Time : 1502.56 cycles	Mean Waiting Time : 825.31 cycles	Throughput : 3.028
Batch N°10 : Mean Response Time : 1585.30 cycles	Mean Waiting Time : 910.08 cycles	Throughput : 2.985

End Of The Simulation at T= 7256.39 cycles
Injection Rate : 250
Batch Size : 2000
Number of Batches : 10
Number of Clients Served : 20000
Overall Response Time : 1171.14 cycles
Overall Waiting  Time : 515.68 cycles
Overall Throughput : 2.829 
Standard Deviation Response Time : 322.98660 cycles
Standard Deviation Waiting  Time : 279.04791 cycles
Standard Deviation Throughput : 0.389106 