Simulation Starting Time 2021-09-04 04:54:21
Welcome to Network-On-Chip ExpressCube Simulator 
This simulator was designed based on The Discrete Event Simulation.
It's a final year project to obtain the Master Degree
Student developer : Ziraoui Zakaria 
Supervisor: Prof. Mohamed Ould-Khaoua

Network Simulation Parameters :

Topology : 32 x 32 Express Cube with 4 Hops
Number of Nodes  : 1024 
Routing : Dimension-ordered (DOR)
Traffic : Hotspot [16][16]
Message length : 32 phits
Injection Rate : 400
Transmission Time Normal  Links : 96 Cycles
Transmission Time Express Links : 96 Cycles
Batch Means Method : Yes

Please wait, Simulation has been started...

Batch N° 1 : Mean Response Time : 807.29 cycles	Mean Waiting Time : 78.88 cycles	Throughput : 1.157
Batch N° 2 : Mean Response Time : 1127.20 cycles	Mean Waiting Time : 218.02 cycles	Throughput : 1.819
Batch N° 3 : Mean Response Time : 1236.21 cycles	Mean Waiting Time : 302.29 cycles	Throughput : 1.850
Batch N° 4 : Mean Response Time : 1340.92 cycles	Mean Waiting Time : 381.31 cycles	Throughput : 1.797
Batch N° 5 : Mean Response Time : 1405.95 cycles	Mean Waiting Time : 448.05 cycles	Throughput : 1.890
Batch N° 6 : Mean Response Time : 1454.69 cycles	Mean Waiting Time : 504.57 cycles	Throughput : 1.892
Batch N° 7 : Mean Response Time : 1559.05 cycles	Mean Waiting Time : 589.53 cycles	Throughput : 1.851
Batch N° 8 : Mean Response Time : 1589.05 cycles	Mean Waiting Time : 633.50 cycles	Throughput : 1.893
Batch N° 9 : Mean Response Time : 1585.99 cycles	Mean Waiting Time : 646.92 cycles	Throughput : 1.903
Batch N°10 : Mean Response Time : 1764.64 cycles	Mean Waiting Time : 794.22 cycles	Throughput : 1.945

End Of The Simulation at T= 11353.28 cycles
Injection Rate : 400
Batch Size : 2000
Number of Batches : 10
Number of Clients Served : 20000
Overall Response Time : 1387.10 cycles
Overall Waiting  Time : 459.73 cycles
Overall Throughput : 1.800 
Standard Deviation Response Time : 276.08261 cycles
Standard Deviation Waiting  Time : 218.71400 cycles
Standard Deviation Throughput : 0.229755 