Simulation Starting Time 2021-09-04 04:54:13
Welcome to Network-On-Chip ExpressCube Simulator 
This simulator was designed based on The Discrete Event Simulation.
It's a final year project to obtain the Master Degree
Student developer : Ziraoui Zakaria 
Supervisor: Prof. Mohamed Ould-Khaoua

Network Simulation Parameters :

Topology : 32 x 32 Express Cube with 4 Hops
Number of Nodes  : 1024 
Routing : Dimension-ordered (DOR)
Traffic : Hotspot [16][16]
Message length : 32 phits
Injection Rate : 9200
Transmission Time Normal  Links : 96 Cycles
Transmission Time Express Links : 96 Cycles
Batch Means Method : Yes

Please wait, Simulation has been started...

Batch N° 1 : Mean Response Time : 1081.37 cycles	Mean Waiting Time : 168.98 cycles	Throughput : 0.208
Batch N° 2 : Mean Response Time : 950.79 cycles	Mean Waiting Time : 64.48 cycles	Throughput : 0.115
Batch N° 3 : Mean Response Time : 924.05 cycles	Mean Waiting Time : 42.92 cycles	Throughput : 0.111
Batch N° 4 : Mean Response Time : 916.94 cycles	Mean Waiting Time : 62.12 cycles	Throughput : 0.110
Batch N° 5 : Mean Response Time : 913.99 cycles	Mean Waiting Time : 30.82 cycles	Throughput : 0.107
Batch N° 6 : Mean Response Time : 1108.99 cycles	Mean Waiting Time : 220.48 cycles	Throughput : 0.113
Batch N° 7 : Mean Response Time : 1104.98 cycles	Mean Waiting Time : 233.07 cycles	Throughput : 0.108
Batch N° 8 : Mean Response Time : 1032.82 cycles	Mean Waiting Time : 180.47 cycles	Throughput : 0.112
Batch N° 9 : Mean Response Time : 905.86 cycles	Mean Waiting Time : 31.87 cycles	Throughput : 0.105
Batch N°10 : Mean Response Time : 914.00 cycles	Mean Waiting Time : 46.94 cycles	Throughput : 0.111

End Of The Simulation at T= 173156.27 cycles
Injection Rate : 9200
Batch Size : 2000
Number of Batches : 10
Number of Clients Served : 20000
Overall Response Time : 985.38 cycles
Overall Waiting  Time : 108.21 cycles
Overall Throughput : 0.120 
Standard Deviation Response Time : 86.41200 cycles
Standard Deviation Waiting  Time : 82.31245 cycles
Standard Deviation Throughput : 0.031214 