Simulation Starting Time 2021-09-01 06:45:42
Welcome to Network-On-Chip ExpressCube Simulator 
This simulator was designed based on The Discrete Event Simulation.
It's a final year project to obtain the Master Degree
Student developer : Ziraoui Zakaria 
Supervisor: Prof. Mohamed Ould-Khaoua

Network Simulation Parameters :

Topology : 32 x 32 Express Cube with 8 Hops
Number of Nodes  : 1024 
Routing : Dimension-ordered (DOR)
Traffic : Hotspot [16][16]
Message length : 32 phits
Injection Rate : 50
Transmission Time Normal  Links : 32 Cycles
Transmission Time Express Links : 32 Cycles
Batch Means Method : Yes

Please wait, Simulation has been started...

Batch N° 1 : Mean Response Time : 298.11 cycles	Mean Waiting Time : 49.76 cycles	Throughput : 3.472
Batch N° 2 : Mean Response Time : 488.79 cycles	Mean Waiting Time : 165.42 cycles	Throughput : 6.250
Batch N° 3 : Mean Response Time : 625.97 cycles	Mean Waiting Time : 287.13 cycles	Throughput : 6.558
Batch N° 4 : Mean Response Time : 738.60 cycles	Mean Waiting Time : 400.83 cycles	Throughput : 6.600
Batch N° 5 : Mean Response Time : 866.70 cycles	Mean Waiting Time : 522.68 cycles	Throughput : 6.552
Batch N° 6 : Mean Response Time : 1003.95 cycles	Mean Waiting Time : 649.74 cycles	Throughput : 6.606
Batch N° 7 : Mean Response Time : 1074.25 cycles	Mean Waiting Time : 727.78 cycles	Throughput : 6.944
Batch N° 8 : Mean Response Time : 1224.03 cycles	Mean Waiting Time : 873.03 cycles	Throughput : 6.944
Batch N° 9 : Mean Response Time : 1322.44 cycles	Mean Waiting Time : 970.98 cycles	Throughput : 6.936
Batch N°10 : Mean Response Time : 1411.92 cycles	Mean Waiting Time : 1063.32 cycles	Throughput : 6.953

End Of The Simulation at T= 3264.00 cycles
Injection Rate : 50
Batch Size : 2000
Number of Batches : 10
Number of Clients Served : 20000
Overall Response Time : 905.48 cycles
Overall Waiting  Time : 571.07 cycles
Overall Throughput : 6.382 
Standard Deviation Response Time : 368.17892 cycles
Standard Deviation Waiting  Time : 345.19385 cycles
Standard Deviation Throughput : 1.049204 