Simulation Starting Time 2021-09-01 06:34:30
Welcome to Network-On-Chip ExpressCube Simulator 
This simulator was designed based on The Discrete Event Simulation.
It's a final year project to obtain the Master Degree
Student developer : Ziraoui Zakaria 
Supervisor: Prof. Mohamed Ould-Khaoua

Network Simulation Parameters :

Topology : 32 x 32 Express Cube with 4 Hops
Number of Nodes  : 1024 
Routing : Dimension-ordered (DOR)
Traffic : Hotspot [16][16]
Message length : 32 phits
Injection Rate : 150
Transmission Time Normal  Links : 32 Cycles
Transmission Time Express Links : 32 Cycles
Batch Means Method : Yes

Please wait, Simulation has been started...

Batch N° 1 : Mean Response Time : 275.62 cycles	Mean Waiting Time : 25.89 cycles	Throughput : 3.472
Batch N° 2 : Mean Response Time : 367.35 cycles	Mean Waiting Time : 59.91 cycles	Throughput : 5.008
Batch N° 3 : Mean Response Time : 397.56 cycles	Mean Waiting Time : 84.79 cycles	Throughput : 5.352
Batch N° 4 : Mean Response Time : 428.97 cycles	Mean Waiting Time : 110.22 cycles	Throughput : 5.278
Batch N° 5 : Mean Response Time : 444.44 cycles	Mean Waiting Time : 126.20 cycles	Throughput : 5.224
Batch N° 6 : Mean Response Time : 471.64 cycles	Mean Waiting Time : 150.39 cycles	Throughput : 5.048
Batch N° 7 : Mean Response Time : 487.79 cycles	Mean Waiting Time : 169.09 cycles	Throughput : 5.223
Batch N° 8 : Mean Response Time : 512.55 cycles	Mean Waiting Time : 188.85 cycles	Throughput : 5.193
Batch N° 9 : Mean Response Time : 535.76 cycles	Mean Waiting Time : 216.13 cycles	Throughput : 5.140
Batch N°10 : Mean Response Time : 539.13 cycles	Mean Waiting Time : 221.73 cycles	Throughput : 5.429

End Of The Simulation at T= 4032.61 cycles
Injection Rate : 150
Batch Size : 2000
Number of Batches : 10
Number of Clients Served : 20000
Overall Response Time : 446.08 cycles
Overall Waiting  Time : 135.32 cycles
Overall Throughput : 5.037 
Standard Deviation Response Time : 82.60686 cycles
Standard Deviation Waiting  Time : 65.96111 cycles
Standard Deviation Throughput : 0.564228 