Simulation Starting Time 2021-09-01 06:07:38
Welcome to Network-On-Chip ExpressCube Simulator 
This simulator was designed based on The Discrete Event Simulation.
It's a final year project to obtain the Master Degree
Student developer : Ziraoui Zakaria 
Supervisor: Prof. Mohamed Ould-Khaoua

Network Simulation Parameters :

Topology : 16 x 16 Express Cube with 4 Hops
Number of Nodes  : 256 
Routing : Dimension-ordered (DOR)
Traffic : Hotspot [8][8]
Message length : 32 phits
Injection Rate : 350
Transmission Time Normal  Links : 32 Cycles
Transmission Time Express Links : 32 Cycles
Batch Means Method : Yes

Please wait, Simulation has been started...

Batch N° 1 : Mean Response Time : 267.34 cycles	Mean Waiting Time : 59.94 cycles	Throughput : 0.710
Batch N° 2 : Mean Response Time : 364.07 cycles	Mean Waiting Time : 152.51 cycles	Throughput : 0.682
Batch N° 3 : Mean Response Time : 451.97 cycles	Mean Waiting Time : 244.36 cycles	Throughput : 0.683
Batch N° 4 : Mean Response Time : 534.26 cycles	Mean Waiting Time : 328.60 cycles	Throughput : 0.662
Batch N° 5 : Mean Response Time : 612.73 cycles	Mean Waiting Time : 402.70 cycles	Throughput : 0.678
Batch N° 6 : Mean Response Time : 734.27 cycles	Mean Waiting Time : 524.82 cycles	Throughput : 0.684
Batch N° 7 : Mean Response Time : 844.31 cycles	Mean Waiting Time : 639.35 cycles	Throughput : 0.678
Batch N° 8 : Mean Response Time : 903.15 cycles	Mean Waiting Time : 698.39 cycles	Throughput : 0.686
Batch N° 9 : Mean Response Time : 966.70 cycles	Mean Waiting Time : 758.21 cycles	Throughput : 0.702
Batch N°10 : Mean Response Time : 1121.16 cycles	Mean Waiting Time : 913.28 cycles	Throughput : 0.682

End Of The Simulation at T= 29218.45 cycles
Injection Rate : 350
Batch Size : 2000
Number of Batches : 10
Number of Clients Served : 20000
Overall Response Time : 680.00 cycles
Overall Waiting  Time : 472.22 cycles
Overall Throughput : 0.685 
Standard Deviation Response Time : 279.76718 cycles
Standard Deviation Waiting  Time : 280.42609 cycles
Standard Deviation Throughput : 0.013364 