Simulation Starting Time 2021-07-20 04:17:18
Welcome to Network-On-Chip ExpressCube Simulator 
This simulator was designed based on The Discrete Event Simulation.
It's a final year project to obtain the Master Degree
Student developer : Ziraoui Zakaria 
Supervisor: Prof. Mohamed Ould-Khaoua

Network Simulation Parameters :

Topology : 8 x 8 Express Cube with 2 Hops
Number of Nodes  : 64 
Routing : Dimension-ordered (DOR)
Traffic : Uniform Random
Message length : 32 phits
Injection Rate : 300
Transmission Time Normal  Links : 32 Cycles
Transmission Time Express Links : 32 Cycles

Please wait, Simulation has been started.

 (    0.00 ) Msg[1] Arrives in PEQ[7][7] -> [0][3] 
 (    0.00 ) Msg[1] Decides in PEQ[7][7] -> [0][3]E2Q 
 (    0.00 ) Start Transmit from  PEQ[7][7] -> [5][7]E2Q 
 (    0.00 ) Msg[2] Arrives in PEQ[7][6] -> [3][3] 
 (    0.00 ) Msg[2] Decides in PEQ[7][6] -> [3][3]X2Q 
 (    0.00 ) Start Transmit from  PEQ[7][6] -> [6][6]X2Q 
 (    0.00 ) Msg[3] Arrives in PEQ[7][5] -> [0][2] 
 (    0.00 ) Msg[3] Decides in PEQ[7][5] -> [0][2]E2Q 
 (    0.00 ) Start Transmit from  PEQ[7][5] -> [5][5]E2Q 
 (    0.00 ) Msg[4] Arrives in PEQ[7][4] -> [5][6] 
 (    0.00 ) Msg[4] Decides in PEQ[7][4] -> [5][6]X2Q 
 (    0.00 ) Start Transmit from  PEQ[7][4] -> [6][4]X2Q 
 (    0.00 ) Msg[5] Arrives in PEQ[7][3] -> [7][5] 
 (    0.00 ) Msg[5] Decides in PEQ[7][3] -> [7][5]Y1Q 
 (    0.00 ) Start Transmit from  PEQ[7][3] -> [7][4]Y1Q 
 (    0.00 ) Msg[6] Arrives in PEQ[7][2] -> [5][3] 
 (    0.00 ) Msg[6] Decides in PEQ[7][2] -> [5][3]X2Q 
 (    0.00 ) Start Transmit from  PEQ[7][2] -> [6][2]X2Q 
 (    0.00 ) Msg[7] Arrives in PEQ[7][1] -> [4][5] 
 (    0.00 ) Msg[7] Decides in PEQ[7][1] -> [4][5]E2Q 
 (    0.00 ) Start Transmit from  PEQ[7][1] -> [5][1]E2Q 
 (    0.00 ) Msg[8] Arrives in PEQ[7][0] -> [6][1] 
 (    0.00 ) Msg[8] Decides in PEQ[7][0] -> [6][1]X2Q 
 (    0.00 ) Start Transmit from  PEQ[7][0] -> [6][0]X2Q 
 (    0.00 ) Msg[9] Arrives in PEQ[6][7] -> [5][2] 
 (    0.00 ) Msg[9] Decides in PEQ[6][7] -> [5][2]X2Q 
 (    0.00 ) Start Transmit from  PEQ[6][7] -> [5][7]X2Q 
 (    0.00 ) Msg[10] Arrives in PEQ[6][6] -> [4][0] 
 (    0.00 ) Msg[10] Decides in PEQ[6][6] -> [4][0]E2Q 
 (    0.00 ) Start Transmit from  PEQ[6][6] -> [4][6]E2Q 
 (    0.00 ) Msg[11] Arrives in PEQ[6][5] -> [5][2] 
 (    0.00 ) Msg[11] Decides in PEQ[6][5] -> [5][2]X2Q 
 (    0.00 ) Start Transmit from  PEQ[6][5] -> [5][5]X2Q 
 (    0.00 ) Msg[12] Arrives in PEQ[6][4] -> [4][0] 
 (    0.00 ) Msg[12] Decides in PEQ[6][4] -> [4][0]E2Q 
 (    0.00 ) Start Transmit from  PEQ[6][4] -> [4][4]E2Q 
 (    0.00 ) Msg[13] Arrives in PEQ[6][3] -> [3][1] 
 (    0.00 ) Msg[13] Decides in PEQ[6][3] -> [3][1]X2Q 
 (    0.00 ) Start Transmit from  PEQ[6][3] -> [5][3]X2Q 
 (    0.00 ) Msg[14] Arrives in PEQ[6][2] -> [7][2] 
 (    0.00 ) Msg[14] Decides in PEQ[6][2] -> [7][2]X1Q 
 (    0.00 ) Start Transmit from  PEQ[6][2] -> [7][2]X1Q 
 (    0.00 ) Msg[15] Arrives in PEQ[6][1] -> [1][3] 
 (    0.00 ) Msg[15] Decides in PEQ[6][1] -> [1][3]X2Q 
 (    0.00 ) Start Transmit from  PEQ[6][1] -> [5][1]X2Q 
 (    0.00 ) Msg[16] Arrives in PEQ[6][0] -> [6][6] 
 (    0.00 ) Msg[16] Decides in PEQ[6][0] -> [6][6]Y1Q 
 (    0.00 ) Start Transmit from  PEQ[6][0] -> [6][1]Y1Q 
 (    0.00 ) Msg[17] Arrives in PEQ[5][7] -> [0][5] 
 (    0.00 ) Msg[17] Decides in PEQ[5][7] -> [0][5]E2Q 
 (    0.00 ) Start Transmit from  PEQ[5][7] -> [3][7]E2Q 
 (    0.00 ) Msg[18] Arrives in PEQ[5][6] -> [1][6] 
 (    0.00 ) Msg[18] Decides in PEQ[5][6] -> [1][6]X2Q 
 (    0.00 ) Start Transmit from  PEQ[5][6] -> [4][6]X2Q 
 (    0.00 ) Msg[19] Arrives in PEQ[5][5] -> [6][4] 
 (    0.00 ) Msg[19] Decides in PEQ[5][5] -> [6][4]X1Q 
 (    0.00 ) Start Transmit from  PEQ[5][5] -> [6][5]X1Q 
 (    0.00 ) Msg[20] Arrives in PEQ[5][4] -> [1][1] 
 (    0.00 ) Msg[20] Decides in PEQ[5][4] -> [1][1]X2Q 
 (    0.00 ) Start Transmit from  PEQ[5][4] -> [4][4]X2Q 
 (    0.00 ) Msg[21] Arrives in PEQ[5][3] -> [6][3] 
 (    0.00 ) Msg[21] Decides in PEQ[5][3] -> [6][3]X1Q 
 (    0.00 ) Start Transmit from  PEQ[5][3] -> [6][3]X1Q 
 (    0.00 ) Msg[22] Arrives in PEQ[5][2] -> [2][7] 
 (    0.00 ) Msg[22] Decides in PEQ[5][2] -> [2][7]X2Q 
 (    0.00 ) Start Transmit from  PEQ[5][2] -> [4][2]X2Q 
 (    0.00 ) Msg[23] Arrives in PEQ[5][1] -> [1][1] 
 (    0.00 ) Msg[23] Decides in PEQ[5][1] -> [1][1]E2Q 
 (    0.00 ) Start Transmit from  PEQ[5][1] -> [3][1]E2Q 
 (    0.00 ) Msg[24] Arrives in PEQ[5][0] -> [3][1] 
 (    0.00 ) Msg[24] Decides in PEQ[5][0] -> [3][1]X2Q 
 (    0.00 ) Start Transmit from  PEQ[5][0] -> [4][0]X2Q 
 (    0.00 ) Msg[25] Arrives in PEQ[4][7] -> [6][4] 
 (    0.00 ) Msg[25] Decides in PEQ[4][7] -> [6][4]X1Q 
 (    0.00 ) Start Transmit from  PEQ[4][7] -> [5][7]X1Q 
 (    0.00 ) Msg[26] Arrives in PEQ[4][6] -> [4][7] 
 (    0.00 ) Msg[26] Decides in PEQ[4][6] -> [4][7]Y1Q 
 (    0.00 ) Start Transmit from  PEQ[4][6] -> [4][7]Y1Q 
 (    0.00 ) Msg[27] Arrives in PEQ[4][5] -> [1][6] 
 (    0.00 ) Msg[27] Decides in PEQ[4][5] -> [1][6]X2Q 
 (    0.00 ) Start Transmit from  PEQ[4][5] -> [3][5]X2Q 
 (    0.00 ) Msg[28] Arrives in PEQ[4][4] -> [4][3] 
 (    0.00 ) Msg[28] Decides in PEQ[4][4] -> [4][3]Y2Q 
 (    0.00 ) Start Transmit from  PEQ[4][4] -> [4][3]Y2Q 
 (    0.00 ) Msg[29] Arrives in PEQ[4][3] -> [4][6] 
 (    0.00 ) Msg[29] Decides in PEQ[4][3] -> [4][6]E1Q 
 (    0.00 ) Start Transmit from  PEQ[4][3] -> [4][5]E1Q 
 (    0.00 ) Msg[30] Arrives in PEQ[4][2] -> [2][2] 
 (    0.00 ) Msg[30] Decides in PEQ[4][2] -> [2][2]E2Q 
 (    0.00 ) Start Transmit from  PEQ[4][2] -> [2][2]E2Q 
 (    0.00 ) Msg[31] Arrives in PEQ[4][1] -> [4][3] 
 (    0.00 ) Msg[31] Decides in PEQ[4][1] -> [4][3]E1Q 
 (    0.00 ) Start Transmit from  PEQ[4][1] -> [4][3]E1Q 
 (    0.00 ) Msg[32] Arrives in PEQ[4][0] -> [3][5] 
 (    0.00 ) Msg[32] Decides in PEQ[4][0] -> [3][5]X2Q 
 (    0.00 ) Start Transmit from  PEQ[4][0] -> [3][0]X2Q 
 (    0.00 ) Msg[33] Arrives in PEQ[3][7] -> [6][2] 
 (    0.00 ) Msg[33] Decides in PEQ[3][7] -> [6][2]E1Q 
 (    0.00 ) Start Transmit from  PEQ[3][7] -> [5][7]E1Q 
 (    0.00 ) Msg[34] Arrives in PEQ[3][6] -> [3][0] 
 (    0.00 ) Msg[34] Decides in PEQ[3][6] -> [3][0]E2Q 
 (    0.00 ) Start Transmit from  PEQ[3][6] -> [3][4]E2Q 
 (    0.00 ) Msg[35] Arrives in PEQ[3][5] -> [2][3] 
 (    0.00 ) Msg[35] Decides in PEQ[3][5] -> [2][3]X2Q 
 (    0.00 ) Start Transmit from  PEQ[3][5] -> [2][5]X2Q 
 (    0.00 ) Msg[36] Arrives in PEQ[3][4] -> [2][7] 
 (    0.00 ) Msg[36] Decides in PEQ[3][4] -> [2][7]X2Q 
 (    0.00 ) Start Transmit from  PEQ[3][4] -> [2][4]X2Q 
 (    0.00 ) Msg[37] Arrives in PEQ[3][3] -> [1][4] 
 (    0.00 ) Msg[37] Decides in PEQ[3][3] -> [1][4]E2Q 
 (    0.00 ) Start Transmit from  PEQ[3][3] -> [1][3]E2Q 
 (    0.00 ) Msg[38] Arrives in PEQ[3][2] -> [3][4] 
 (    0.00 ) Msg[38] Decides in PEQ[3][2] -> [3][4]E1Q 
 (    0.00 ) Start Transmit from  PEQ[3][2] -> [3][4]E1Q 
 (    0.00 ) Msg[39] Arrives in PEQ[3][1] -> [6][3] 
 (    0.00 ) Msg[39] Decides in PEQ[3][1] -> [6][3]E1Q 
 (    0.00 ) Start Transmit from  PEQ[3][1] -> [5][1]E1Q 
 (    0.00 ) Msg[40] Arrives in PEQ[3][0] -> [5][0] 
 (    0.00 ) Msg[40] Decides in PEQ[3][0] -> [5][0]X1Q 
 (    0.00 ) Start Transmit from  PEQ[3][0] -> [4][0]X1Q 
 (    0.00 ) Msg[41] Arrives in PEQ[2][7] -> [3][3] 
 (    0.00 ) Msg[41] Decides in PEQ[2][7] -> [3][3]X1Q 
 (    0.00 ) Start Transmit from  PEQ[2][7] -> [3][7]X1Q 
 (    0.00 ) Msg[42] Arrives in PEQ[2][6] -> [4][4] 
 (    0.00 ) Msg[42] Decides in PEQ[2][6] -> [4][4]E1Q 
 (    0.00 ) Start Transmit from  PEQ[2][6] -> [4][6]E1Q 
 (    0.00 ) Msg[43] Arrives in PEQ[2][5] -> [4][1] 
 (    0.00 ) Msg[43] Decides in PEQ[2][5] -> [4][1]X1Q 
 (    0.00 ) Start Transmit from  PEQ[2][5] -> [3][5]X1Q 
 (    0.00 ) Msg[44] Arrives in PEQ[2][4] -> [2][1] 
 (    0.00 ) Msg[44] Decides in PEQ[2][4] -> [2][1]Y2Q 
 (    0.00 ) Start Transmit from  PEQ[2][4] -> [2][3]Y2Q 
 (    0.00 ) Msg[45] Arrives in PEQ[2][3] -> [7][6] 
 (    0.00 ) Msg[45] Decides in PEQ[2][3] -> [7][6]X1Q 
 (    0.00 ) Start Transmit from  PEQ[2][3] -> [3][3]X1Q 
 (    0.00 ) Msg[46] Arrives in PEQ[2][2] -> [4][1] 
 (    0.00 ) Msg[46] Decides in PEQ[2][2] -> [4][1]E1Q 
 (    0.00 ) Start Transmit from  PEQ[2][2] -> [4][2]E1Q 
 (    0.00 ) Msg[47] Arrives in PEQ[2][1] -> [2][3] 
 (    0.00 ) Msg[47] Decides in PEQ[2][1] -> [2][3]E1Q 
 (    0.00 ) Start Transmit from  PEQ[2][1] -> [2][3]E1Q 
 (    0.00 ) Msg[48] Arrives in PEQ[2][0] -> [0][2] 
 (    0.00 ) Msg[48] Decides in PEQ[2][0] -> [0][2]E2Q 
 (    0.00 ) Start Transmit from  PEQ[2][0] -> [0][0]E2Q 
 (    0.00 ) Msg[49] Arrives in PEQ[1][7] -> [0][3] 
 (    0.00 ) Msg[49] Decides in PEQ[1][7] -> [0][3]X2Q 
 (    0.00 ) Start Transmit from  PEQ[1][7] -> [0][7]X2Q 
 (    0.00 ) Msg[50] Arrives in PEQ[1][6] -> [6][3] 
 (    0.00 ) Msg[50] Decides in PEQ[1][6] -> [6][3]X1Q 
 (    0.00 ) Start Transmit from  PEQ[1][6] -> [2][6]X1Q 
 (    0.00 ) Msg[51] Arrives in PEQ[1][5] -> [1][4] 
 (    0.00 ) Msg[51] Decides in PEQ[1][5] -> [1][4]Y2Q 
 (    0.00 ) Start Transmit from  PEQ[1][5] -> [1][4]Y2Q 
 (    0.00 ) Msg[52] Arrives in PEQ[1][4] -> [4][2] 
 (    0.00 ) Msg[52] Decides in PEQ[1][4] -> [4][2]X1Q 
 (    0.00 ) Start Transmit from  PEQ[1][4] -> [2][4]X1Q 
 (    0.00 ) Msg[53] Arrives in PEQ[1][3] -> [3][2] 
 (    0.00 ) Msg[53] Decides in PEQ[1][3] -> [3][2]E1Q 
 (    0.00 ) Start Transmit from  PEQ[1][3] -> [3][3]E1Q 
 (    0.00 ) Msg[54] Arrives in PEQ[1][2] -> [6][0] 
 (    0.00 ) Msg[54] Decides in PEQ[1][2] -> [6][0]X1Q 
 (    0.00 ) Start Transmit from  PEQ[1][2] -> [2][2]X1Q 
 (    0.00 ) Msg[55] Arrives in PEQ[1][1] -> [4][3] 
 (    0.00 ) Msg[55] Decides in PEQ[1][1] -> [4][3]E1Q 
 (    0.00 ) Start Transmit from  PEQ[1][1] -> [3][1]E1Q 
 (    0.00 ) Msg[56] Arrives in PEQ[1][0] -> [1][1] 
 (    0.00 ) Msg[56] Decides in PEQ[1][0] -> [1][1]Y1Q 
 (    0.00 ) Start Transmit from  PEQ[1][0] -> [1][1]Y1Q 
 (    0.00 ) Msg[57] Arrives in PEQ[0][7] -> [4][5] 
 (    0.00 ) Msg[57] Decides in PEQ[0][7] -> [4][5]X1Q 
 (    0.00 ) Start Transmit from  PEQ[0][7] -> [1][7]X1Q 
 (    0.00 ) Msg[58] Arrives in PEQ[0][6] -> [1][3] 
 (    0.00 ) Msg[58] Decides in PEQ[0][6] -> [1][3]X1Q 
 (    0.00 ) Start Transmit from  PEQ[0][6] -> [1][6]X1Q 
 (    0.00 ) Msg[59] Arrives in PEQ[0][5] -> [1][6] 
 (    0.00 ) Msg[59] Decides in PEQ[0][5] -> [1][6]X1Q 
 (    0.00 ) Start Transmit from  PEQ[0][5] -> [1][5]X1Q 
 (    0.00 ) Msg[60] Arrives in PEQ[0][4] -> [5][0] 
 (    0.00 ) Msg[60] Decides in PEQ[0][4] -> [5][0]E1Q 
 (    0.00 ) Start Transmit from  PEQ[0][4] -> [2][4]E1Q 
 (    0.00 ) Msg[61] Arrives in PEQ[0][3] -> [3][2] 
 (    0.00 ) Msg[61] Decides in PEQ[0][3] -> [3][2]X1Q 
 (    0.00 ) Start Transmit from  PEQ[0][3] -> [1][3]X1Q 
 (    0.00 ) Msg[62] Arrives in PEQ[0][2] -> [5][4] 
 (    0.00 ) Msg[62] Decides in PEQ[0][2] -> [5][4]E1Q 
 (    0.00 ) Start Transmit from  PEQ[0][2] -> [2][2]E1Q 
 (    0.00 ) Msg[63] Arrives in PEQ[0][1] -> [7][1] 
 (    0.00 ) Msg[63] Decides in PEQ[0][1] -> [7][1]X1Q 
 (    0.00 ) Start Transmit from  PEQ[0][1] -> [1][1]X1Q 
 (    0.00 ) Msg[64] Arrives in PEQ[0][0] -> [0][2] 
 (    0.00 ) Msg[64] Decides in PEQ[0][0] -> [0][2]Y1Q 
 (    0.00 ) Start Transmit from  PEQ[0][0] -> [0][1]Y1Q 
 (    0.75 ) Msg[65] Arrives in PEQ[3][3] -> [0][5] 
 (    0.75 ) Msg[65] Not Head Of Queue in PEQ[3][3] -> [0][5] 
 (    7.17 ) Msg[66] Arrives in PEQ[6][0] -> [2][5] 
 (    7.17 ) Msg[66] Not Head Of Queue in PEQ[6][0] -> [2][5] 
 (    8.83 ) Msg[67] Arrives in PEQ[4][5] -> [2][4] 
 (    8.83 ) Msg[67] Not Head Of Queue in PEQ[4][5] -> [2][4] 
 (   24.62 ) Msg[68] Arrives in PEQ[3][3] -> [5][3] 
 (   24.62 ) Msg[68] Not Head Of Queue in PEQ[3][3] -> [5][3] 
 (   29.46 ) Msg[69] Arrives in PEQ[0][5] -> [0][1] 
 (   29.46 ) Msg[69] Not Head Of Queue in PEQ[0][5] -> [0][1] 
 (   32.00 ) Msg[1] Ends Trans PEQ[5][7] -> [0][3]E2Q
 (   32.00 ) Msg[1] Decides in E2Q[5][7] -> [0][3]Q 
 (   32.00 ) Msg[2] Ends Trans PEQ[6][6] -> [3][3]X2Q
 (   32.00 ) Msg[2] Decides in X2Q[6][6] -> [3][3]Q 
 (   32.00 ) Msg[3] Ends Trans PEQ[5][5] -> [0][2]E2Q
 (   32.00 ) Msg[3] Decides in E2Q[5][5] -> [0][2]E2Q 
 (   32.00 ) Start Transmit from  E2Q[5][5] -> [3][5]E2Q 
 (   32.00 ) Msg[4] Ends Trans PEQ[6][4] -> [5][6]X2Q
 (   32.00 ) Msg[4] Decides in X2Q[6][4] -> [5][6]X2Q 
 (   32.00 ) Start Transmit from  X2Q[6][4] -> [5][4]X2Q 
 (   32.00 ) Msg[5] Ends Trans PEQ[7][4] -> [7][5]Y1Q
 (   32.00 ) Msg[5] Decides in Y1Q[7][4] -> [7][5]Y1Q 
 (   32.00 ) Start Transmit from  Y1Q[7][4] -> [7][5]Y1Q 
 (   32.00 ) Msg[6] Ends Trans PEQ[6][2] -> [5][3]X2Q
 (   32.00 ) Msg[6] Decides in X2Q[6][2] -> [5][3]X2Q 
 (   32.00 ) Start Transmit from  X2Q[6][2] -> [5][2]X2Q 
 (   32.00 ) Msg[7] Ends Trans PEQ[5][1] -> [4][5]E2Q
 (   32.00 ) Msg[7] Decides in E2Q[5][1] -> [4][5]X2Q 
 (   32.00 ) Start Transmit from  E2Q[5][1] -> [4][1]X2Q 
 (   32.00 ) Msg[8] Ends Trans PEQ[6][0] -> [6][1]X2Q
 (   32.00 ) Msg[8] Decides in X2Q[6][0] -> [6][1]Q 
 (   32.00 ) Msg[9] Ends Trans PEQ[5][7] -> [5][2]X2Q
 (   32.00 ) Msg[9] Decides in X2Q[5][7] -> [5][2]Y2Q 
 (   32.00 ) Start Transmit from  X2Q[5][7] -> [5][6]Y2Q 
 (   32.00 ) Msg[10] Ends Trans PEQ[4][6] -> [4][0]E2Q
 (   32.00 ) Start Transmit from  X2Q[6][6] -> [4][6]E2Q 
 (   32.00 ) Msg[10] Decides in E2Q[4][6] -> [4][0]Y2Q 
 (   32.00 ) Start Transmit from  E2Q[4][6] -> [4][5]Y2Q 
 (   32.00 ) Msg[11] Ends Trans PEQ[5][5] -> [5][2]X2Q
 (   32.00 ) Msg[11] Decides in X2Q[5][5] -> [5][2]Y2Q 
 (   32.00 ) Start Transmit from  X2Q[5][5] -> [5][4]Y2Q 
 (   32.00 ) Msg[12] Ends Trans PEQ[4][4] -> [4][0]E2Q
 (   32.00 ) Msg[12] Decides in E2Q[4][4] -> [4][0]Q 
 (   32.00 ) Msg[13] Ends Trans PEQ[5][3] -> [3][1]X2Q
 (   32.00 ) Msg[13] Decides in X2Q[5][3] -> [3][1]E2Q 
 (   32.00 ) Start Transmit from  X2Q[5][3] -> [3][3]E2Q 
 (   32.00 ) Msg[14] Ends Trans PEQ[7][2] -> [7][2]X1Q
 (   32.00 ) Msg[14] Decides in X1Q[7][2] -> [7][2]PEQ 
 (   32.00 ) Start Transmit from  X1Q[7][2] -> [7][2]PEQ 
 (   32.00 ) Msg[15] Ends Trans PEQ[5][1] -> [1][3]X2Q
 (   32.00 ) Msg[15] Decides in X2Q[5][1] -> [1][3]Q 
 (   32.00 ) Msg[16] Ends Trans PEQ[6][1] -> [6][6]Y1Q
 (   32.00 ) Start Transmit from  X2Q[6][0] -> [6][1]Y1Q 
 (   32.00 ) Msg[66] Decides in PEQ[6][0] -> [2][5]E2Q 
 (   32.00 ) Start Transmit from  PEQ[6][0] -> [4][0]E2Q 
 (   32.00 ) Msg[16] Decides in Y1Q[6][1] -> [6][6]E1Q 
 (   32.00 ) Start Transmit from  Y1Q[6][1] -> [6][3]E1Q 
 (   32.00 ) Msg[17] Ends Trans PEQ[3][7] -> [0][5]E2Q
 (   32.00 ) Start Transmit from  E2Q[5][7] -> [3][7]E2Q 
 (   32.00 ) Msg[17] Decides in E2Q[3][7] -> [0][5]E2Q 
 (   32.00 ) Start Transmit from  E2Q[3][7] -> [1][7]E2Q 
 (   32.00 ) Msg[18] Ends Trans PEQ[4][6] -> [1][6]X2Q
 (   32.00 ) Msg[18] Decides in X2Q[4][6] -> [1][6]E2Q 
 (   32.00 ) Start Transmit from  X2Q[4][6] -> [2][6]E2Q 
 (   32.00 ) Msg[19] Ends Trans PEQ[6][5] -> [6][4]X1Q
 (   32.00 ) Msg[19] Decides in X1Q[6][5] -> [6][4]Y2Q 
 (   32.00 ) Start Transmit from  X1Q[6][5] -> [6][4]Y2Q 
 (   32.00 ) Msg[20] Ends Trans PEQ[4][4] -> [1][1]X2Q
 (   32.00 ) Msg[20] Decides in X2Q[4][4] -> [1][1]E2Q 
 (   32.00 ) Start Transmit from  X2Q[4][4] -> [2][4]E2Q 
 (   32.00 ) Msg[21] Ends Trans PEQ[6][3] -> [6][3]X1Q
 (   32.00 ) Msg[21] Decides in X1Q[6][3] -> [6][3]PEQ 
 (   32.00 ) Start Transmit from  X1Q[6][3] -> [6][3]PEQ 
 (   32.00 ) Msg[22] Ends Trans PEQ[4][2] -> [2][7]X2Q
 (   32.00 ) Msg[22] Decides in X2Q[4][2] -> [2][7]Q 
 (   32.00 ) Msg[23] Ends Trans PEQ[3][1] -> [1][1]E2Q
 (   32.00 ) Start Transmit from  X2Q[5][1] -> [3][1]E2Q 
 (   32.00 ) Msg[23] Decides in E2Q[3][1] -> [1][1]E2Q 
 (   32.00 ) Start Transmit from  E2Q[3][1] -> [1][1]E2Q 
 (   32.00 ) Msg[24] Ends Trans PEQ[4][0] -> [3][1]X2Q
 (   32.00 ) Msg[24] Decides in X2Q[4][0] -> [3][1]Q 
 (   32.00 ) Msg[25] Ends Trans PEQ[5][7] -> [6][4]X1Q
 (   32.00 ) Msg[25] Decides in X1Q[5][7] -> [6][4]X1Q 
 (   32.00 ) Start Transmit from  X1Q[5][7] -> [6][7]X1Q 
 (   32.00 ) Msg[26] Ends Trans PEQ[4][7] -> [4][7]Y1Q
 (   32.00 ) Msg[26] Decides in Y1Q[4][7] -> [4][7]PEQ 
 (   32.00 ) Start Transmit from  Y1Q[4][7] -> [4][7]PEQ 
 (   32.00 ) Msg[27] Ends Trans PEQ[3][5] -> [1][6]X2Q
 (   32.00 ) Msg[67] Decides in PEQ[4][5] -> [2][4]X2Q 
 (   32.00 ) Start Transmit from  PEQ[4][5] -> [3][5]X2Q 
 (   32.00 ) Msg[27] Decides in X2Q[3][5] -> [1][6]E2Q 
 (   32.00 ) Start Transmit from  X2Q[3][5] -> [1][5]E2Q 
 (   32.00 ) Msg[28] Ends Trans PEQ[4][3] -> [4][3]Y2Q
 (   32.00 ) Start Transmit from  E2Q[4][4] -> [4][3]Y2Q 
 (   32.00 ) Msg[28] Decides in Y2Q[4][3] -> [4][3]PEQ 
 (   32.00 ) Start Transmit from  Y2Q[4][3] -> [4][3]PEQ 
 (   32.00 ) Msg[29] Ends Trans PEQ[4][5] -> [4][6]E1Q
 (   32.00 ) Msg[29] Decides in E1Q[4][5] -> [4][6]Y1Q 
 (   32.00 ) Start Transmit from  E1Q[4][5] -> [4][6]Y1Q 
 (   32.00 ) Msg[30] Ends Trans PEQ[2][2] -> [2][2]E2Q
 (   32.00 ) Start Transmit from  X2Q[4][2] -> [2][2]E2Q 
 (   32.00 ) Msg[30] Decides in E2Q[2][2] -> [2][2]PEQ 
 (   32.00 ) Start Transmit from  E2Q[2][2] -> [2][2]PEQ 
 (   32.00 ) Msg[31] Ends Trans PEQ[4][3] -> [4][3]E1Q
 (   32.00 ) Msg[31] Decides in E1Q[4][3] -> [4][3]Q 
 (   32.00 ) Msg[32] Ends Trans PEQ[3][0] -> [3][5]X2Q
 (   32.00 ) Start Transmit from  X2Q[4][0] -> [3][0]X2Q 
 (   32.00 ) Msg[32] Decides in X2Q[3][0] -> [3][5]E1Q 
 (   32.00 ) Start Transmit from  X2Q[3][0] -> [3][2]E1Q 
 (   32.00 ) Msg[33] Ends Trans PEQ[5][7] -> [6][2]E1Q
 (   32.00 ) Msg[33] Decides in E1Q[5][7] -> [6][2]Q 
 (   32.00 ) Msg[34] Ends Trans PEQ[3][4] -> [3][0]E2Q
 (   32.00 ) Msg[34] Decides in E2Q[3][4] -> [3][0]E2Q 
 (   32.00 ) Start Transmit from  E2Q[3][4] -> [3][2]E2Q 
 (   32.00 ) Msg[35] Ends Trans PEQ[2][5] -> [2][3]X2Q
 (   32.00 ) Msg[35] Decides in X2Q[2][5] -> [2][3]E2Q 
 (   32.00 ) Start Transmit from  X2Q[2][5] -> [2][3]E2Q 
 (   32.00 ) Msg[36] Ends Trans PEQ[2][4] -> [2][7]X2Q
 (   32.00 ) Msg[36] Decides in X2Q[2][4] -> [2][7]Y1Q 
 (   32.00 ) Start Transmit from  X2Q[2][4] -> [2][5]Y1Q 
 (   32.00 ) Msg[37] Ends Trans PEQ[1][3] -> [1][4]E2Q
 (   32.00 ) Msg[65] Decides in PEQ[3][3] -> [0][5]E2Q 
 (   32.00 ) Start Transmit from  PEQ[3][3] -> [1][3]E2Q 
 (   32.00 ) Msg[37] Decides in E2Q[1][3] -> [1][4]Y1Q 
 (   32.00 ) Start Transmit from  E2Q[1][3] -> [1][4]Y1Q 
 (   32.00 ) Msg[38] Ends Trans PEQ[3][4] -> [3][4]E1Q
 (   32.00 ) Msg[38] Decides in E1Q[3][4] -> [3][4]PEQ 
 (   32.00 ) Start Transmit from  E1Q[3][4] -> [3][4]PEQ 
 (   32.00 ) Msg[39] Ends Trans PEQ[5][1] -> [6][3]E1Q
 (   32.00 ) Msg[39] Decides in E1Q[5][1] -> [6][3]X1Q 
 (   32.00 ) Start Transmit from  E1Q[5][1] -> [6][1]X1Q 
 (   32.00 ) Msg[40] Ends Trans PEQ[4][0] -> [5][0]X1Q
 (   32.00 ) Msg[40] Decides in X1Q[4][0] -> [5][0]X1Q 
 (   32.00 ) Start Transmit from  X1Q[4][0] -> [5][0]X1Q 
 (   32.00 ) Msg[41] Ends Trans PEQ[3][7] -> [3][3]X1Q
 (   32.00 ) Msg[41] Decides in X1Q[3][7] -> [3][3]Y2Q 
 (   32.00 ) Start Transmit from  X1Q[3][7] -> [3][6]Y2Q 
 (   32.00 ) Msg[42] Ends Trans PEQ[4][6] -> [4][4]E1Q
 (   32.00 ) Msg[42] Decides in E1Q[4][6] -> [4][4]Q 
 (   32.00 ) Msg[43] Ends Trans PEQ[3][5] -> [4][1]X1Q
 (   32.00 ) Msg[43] Decides in X1Q[3][5] -> [4][1]X1Q 
 (   32.00 ) Start Transmit from  X1Q[3][5] -> [4][5]X1Q 
 (   32.00 ) Msg[44] Ends Trans PEQ[2][3] -> [2][1]Y2Q
 (   32.00 ) Msg[44] Decides in Y2Q[2][3] -> [2][1]E2Q 
 (   32.00 ) Start Transmit from  Y2Q[2][3] -> [2][1]E2Q 
 (   32.00 ) Msg[45] Ends Trans PEQ[3][3] -> [7][6]X1Q
 (   32.00 ) Msg[45] Decides in X1Q[3][3] -> [7][6]E1Q 
 (   32.00 ) Start Transmit from  X1Q[3][3] -> [5][3]E1Q 
 (   32.00 ) Msg[46] Ends Trans PEQ[4][2] -> [4][1]E1Q
 (   32.00 ) Msg[46] Decides in E1Q[4][2] -> [4][1]Y2Q 
 (   32.00 ) Start Transmit from  E1Q[4][2] -> [4][1]Y2Q 
 (   32.00 ) Msg[47] Ends Trans PEQ[2][3] -> [2][3]E1Q
 (   32.00 ) Msg[47] Decides in E1Q[2][3] -> [2][3]PEQ 
 (   32.00 ) Start Transmit from  E1Q[2][3] -> [2][3]PEQ 
 (   32.00 ) Msg[48] Ends Trans PEQ[0][0] -> [0][2]E2Q
 (   32.00 ) Msg[48] Decides in E2Q[0][0] -> [0][2]Q 
 (   32.00 ) Msg[49] Ends Trans PEQ[0][7] -> [0][3]X2Q
 (   32.00 ) Msg[49] Decides in X2Q[0][7] -> [0][3]E2Q 
 (   32.00 ) Start Transmit from  X2Q[0][7] -> [0][5]E2Q 
 (   32.00 ) Msg[50] Ends Trans PEQ[2][6] -> [6][3]X1Q
 (   32.00 ) Msg[50] Decides in X1Q[2][6] -> [6][3]E1Q 
 (   32.00 ) Start Transmit from  X1Q[2][6] -> [4][6]E1Q 
 (   32.00 ) Msg[51] Ends Trans PEQ[1][4] -> [1][4]Y2Q
 (   32.00 ) Msg[51] Decides in Y2Q[1][4] -> [1][4]PEQ 
 (   32.00 ) Start Transmit from  Y2Q[1][4] -> [1][4]PEQ 
 (   32.00 ) Msg[52] Ends Trans PEQ[2][4] -> [4][2]X1Q
 (   32.00 ) Msg[52] Decides in X1Q[2][4] -> [4][2]E1Q 
 (   32.00 ) Start Transmit from  X1Q[2][4] -> [4][4]E1Q 
 (   32.00 ) Msg[53] Ends Trans PEQ[3][3] -> [3][2]E1Q
 (   32.00 ) Msg[53] Decides in E1Q[3][3] -> [3][2]Y2Q 
 (   32.00 ) Start Transmit from  E1Q[3][3] -> [3][2]Y2Q 
 (   32.00 ) Msg[54] Ends Trans PEQ[2][2] -> [6][0]X1Q
 (   32.00 ) Msg[54] Decides in X1Q[2][2] -> [6][0]E1Q 
 (   32.00 ) Start Transmit from  X1Q[2][2] -> [4][2]E1Q 
 (   32.00 ) Msg[55] Ends Trans PEQ[3][1] -> [4][3]E1Q
 (   32.00 ) Msg[55] Decides in E1Q[3][1] -> [4][3]X1Q 
 (   32.00 ) Start Transmit from  E1Q[3][1] -> [4][1]X1Q 
 (   32.00 ) Msg[56] Ends Trans PEQ[1][1] -> [1][1]Y1Q
 (   32.00 ) Msg[56] Decides in Y1Q[1][1] -> [1][1]PEQ 
 (   32.00 ) Start Transmit from  Y1Q[1][1] -> [1][1]PEQ 
 (   32.00 ) Msg[57] Ends Trans PEQ[1][7] -> [4][5]X1Q
 (   32.00 ) Msg[57] Decides in X1Q[1][7] -> [4][5]E1Q 
 (   32.00 ) Start Transmit from  X1Q[1][7] -> [3][7]E1Q 
 (   32.00 ) Msg[58] Ends Trans PEQ[1][6] -> [1][3]X1Q
 (   32.00 ) Msg[58] Decides in X1Q[1][6] -> [1][3]E2Q 
 (   32.00 ) Start Transmit from  X1Q[1][6] -> [1][4]E2Q 
 (   32.00 ) Msg[59] Ends Trans PEQ[1][5] -> [1][6]X1Q
 (   32.00 ) Msg[69] Decides in PEQ[0][5] -> [0][1]E2Q 
 (   32.00 ) Start Transmit from  PEQ[0][5] -> [0][3]E2Q 
 (   32.00 ) Msg[59] Decides in X1Q[1][5] -> [1][6]Y1Q 
 (   32.00 ) Start Transmit from  X1Q[1][5] -> [1][6]Y1Q 
 (   32.00 ) Msg[60] Ends Trans PEQ[2][4] -> [5][0]E1Q
 (   32.00 ) Msg[60] Decides in E1Q[2][4] -> [5][0]Q 
 (   32.00 ) Msg[61] Ends Trans PEQ[1][3] -> [3][2]X1Q
 (   32.00 ) Msg[61] Decides in X1Q[1][3] -> [3][2]E1Q 
 (   32.00 ) Start Transmit from  X1Q[1][3] -> [3][3]E1Q 
 (   32.00 ) Msg[62] Ends Trans PEQ[2][2] -> [5][4]E1Q
 (   32.00 ) Msg[62] Decides in E1Q[2][2] -> [5][4]Q 
 (   32.00 ) Msg[63] Ends Trans PEQ[1][1] -> [7][1]X1Q
 (   32.00 ) Msg[63] Decides in X1Q[1][1] -> [7][1]E1Q 
 (   32.00 ) Start Transmit from  X1Q[1][1] -> [3][1]E1Q 
 (   32.00 ) Msg[64] Ends Trans PEQ[0][1] -> [0][2]Y1Q
 (   32.00 ) Start Transmit from  E2Q[0][0] -> [0][1]Y1Q 
 (   32.00 ) Msg[64] Decides in Y1Q[0][1] -> [0][2]Y1Q 
 (   32.00 ) Start Transmit from  Y1Q[0][1] -> [0][2]Y1Q 
 (   33.66 ) Msg[70] Arrives in PEQ[0][3] -> [5][3] 
 (   33.66 ) Msg[70] Decides in PEQ[0][3] -> [5][3]X1Q 
 (   33.66 ) Start Transmit from  PEQ[0][3] -> [1][3]X1Q 
 (   38.73 ) Msg[71] Arrives in PEQ[5][3] -> [3][3] 
 (   38.73 ) Msg[71] Decides in PEQ[5][3] -> [3][3]Q 
 (   47.38 ) Msg[72] Arrives in PEQ[2][7] -> [6][5] 
 (   47.38 ) Msg[72] Decides in PEQ[2][7] -> [6][5]X1Q 
 (   47.38 ) Start Transmit from  PEQ[2][7] -> [3][7]X1Q 
 (   54.57 ) Msg[73] Arrives in PEQ[2][7] -> [0][5] 
 (   54.57 ) Msg[73] Not Head Of Queue in PEQ[2][7] -> [0][5] 
 (   59.96 ) Msg[74] Arrives in PEQ[6][4] -> [5][2] 
 (   59.96 ) Msg[74] Decides in PEQ[6][4] -> [5][2]Q 
 (   64.00 ) Msg[3] Ends Trans E2Q[3][5] -> [0][2]E2Q
 (   64.00 ) Msg[3] Decides in E2Q[3][5] -> [0][2]Q 
 (   64.00 ) Msg[4] Ends Trans X2Q[5][4] -> [5][6]X2Q
 (   64.00 ) Start Transmit from  PEQ[6][4] -> [5][4]X2Q 
 (   64.00 ) Msg[4] Decides in X2Q[5][4] -> [5][6]E1Q 
 (   64.00 ) Start Transmit from  X2Q[5][4] -> [5][6]E1Q 
 (   64.00 ) Msg[5] Ends Trans Y1Q[7][5] -> [7][5]Y1Q
 (   64.00 ) Msg[5] Decides in Y1Q[7][5] -> [7][5]PEQ 
 (   64.00 ) Start Transmit from  Y1Q[7][5] -> [7][5]PEQ 
 (   64.00 ) Msg[6] Ends Trans X2Q[5][2] -> [5][3]X2Q
 (   64.00 ) Msg[6] Decides in X2Q[5][2] -> [5][3]Y1Q 
 (   64.00 ) Start Transmit from  X2Q[5][2] -> [5][3]Y1Q 
 (   64.00 ) Msg[7] Ends Trans E2Q[4][1] -> [4][5]X2Q
 (   64.00 ) Msg[7] Decides in X2Q[4][1] -> [4][5]E1Q 
 (   64.00 ) Start Transmit from  X2Q[4][1] -> [4][3]E1Q 
 (   64.00 ) Msg[9] Ends Trans X2Q[5][6] -> [5][2]Y2Q
 (   64.00 ) Msg[9] Decides in Y2Q[5][6] -> [5][2]E2Q 
 (   64.00 ) Start Transmit from  Y2Q[5][6] -> [5][4]E2Q 
 (   64.00 ) Msg[2] Ends Trans X2Q[4][6] -> [3][3]E2Q
 (   64.00 ) Msg[10] Ends Trans E2Q[4][5] -> [4][0]Y2Q
 (   64.00 ) Start Transmit from  E1Q[4][6] -> [4][5]Y2Q 
 (   64.00 ) Msg[2] Decides in E2Q[4][6] -> [3][3]X2Q 
 (   64.00 ) Start Transmit from  E2Q[4][6] -> [3][6]X2Q 
 (   64.00 ) Msg[10] Decides in Y2Q[4][5] -> [4][0]E2Q 
 (   64.00 ) Start Transmit from  Y2Q[4][5] -> [4][3]E2Q 
 (   64.00 ) Msg[11] Ends Trans X2Q[5][4] -> [5][2]Y2Q
 (   64.00 ) Msg[11] Decides in Y2Q[5][4] -> [5][2]E2Q 
 (   64.00 ) Start Transmit from  Y2Q[5][4] -> [5][2]E2Q 
 (   64.00 ) Msg[13] Ends Trans X2Q[3][3] -> [3][1]E2Q
 (   64.00 ) Start Transmit from  PEQ[5][3] -> [3][3]E2Q 
 (   64.00 ) Msg[13] Decides in E2Q[3][3] -> [3][1]Q 
 (   64.00 ) Msg[14] Ends Trans X1Q[7][2] -> [7][2]PEQ 
               Msg[14] Response Time : 64.00 cycles   Mean Response Time : 64.00 cycles
 (   64.00 ) Msg[8] Ends Trans X2Q[6][1] -> [6][1]Y1Q
 (   64.00 ) Msg[66] Ends Trans PEQ[4][0] -> [2][5]E2Q
 (   64.00 ) Msg[66] Decides in E2Q[4][0] -> [2][5]E2Q 
 (   64.00 ) Start Transmit from  E2Q[4][0] -> [2][0]E2Q 
 (   64.00 ) Msg[16] Ends Trans Y1Q[6][3] -> [6][6]E1Q
 (   64.00 ) Msg[8] Decides in Y1Q[6][1] -> [6][1]PEQ 
 (   64.00 ) Start Transmit from  Y1Q[6][1] -> [6][1]PEQ 
 (   64.00 ) Msg[16] Decides in E1Q[6][3] -> [6][6]E1Q 
 (   64.00 ) Start Transmit from  E1Q[6][3] -> [6][5]E1Q 
 (   64.00 ) Msg[1] Ends Trans E2Q[3][7] -> [0][3]E2Q
 (   64.00 ) Msg[17] Ends Trans E2Q[1][7] -> [0][5]E2Q
 (   64.00 ) Msg[1] Decides in E2Q[3][7] -> [0][3]E2Q 
 (   64.00 ) Start Transmit from  E2Q[3][7] -> [1][7]E2Q 
 (   64.00 ) Msg[17] Decides in E2Q[1][7] -> [0][5]X2Q 
 (   64.00 ) Start Transmit from  E2Q[1][7] -> [0][7]X2Q 
 (   64.00 ) Msg[18] Ends Trans X2Q[2][6] -> [1][6]E2Q
 (   64.00 ) Msg[18] Decides in E2Q[2][6] -> [1][6]X2Q 
 (   64.00 ) Start Transmit from  E2Q[2][6] -> [1][6]X2Q 
 (   64.00 ) Msg[19] Ends Trans X1Q[6][4] -> [6][4]Y2Q
 (   64.00 ) Msg[19] Decides in Y2Q[6][4] -> [6][4]PEQ 
 (   64.00 ) Start Transmit from  Y2Q[6][4] -> [6][4]PEQ 
 (   64.00 ) Msg[20] Ends Trans X2Q[2][4] -> [1][1]E2Q
 (   64.00 ) Msg[20] Decides in E2Q[2][4] -> [1][1]X2Q 
 (   64.00 ) Start Transmit from  E2Q[2][4] -> [1][4]X2Q 
 (   64.00 ) Msg[21] Ends Trans X1Q[6][3] -> [6][3]PEQ 
               Msg[21] Response Time : 64.00 cycles   Mean Response Time : 64.00 cycles
 (   64.00 ) Msg[15] Ends Trans X2Q[3][1] -> [1][3]E2Q
 (   64.00 ) Msg[23] Ends Trans E2Q[1][1] -> [1][1]E2Q
 (   64.00 ) Msg[15] Decides in E2Q[3][1] -> [1][3]E2Q 
 (   64.00 ) Start Transmit from  E2Q[3][1] -> [1][1]E2Q 
 (   64.00 ) Msg[23] Decides in E2Q[1][1] -> [1][1]Q 
 (   64.00 ) Msg[25] Ends Trans X1Q[6][7] -> [6][4]X1Q
 (   64.00 ) Start Transmit from  E1Q[5][7] -> [6][7]X1Q 
 (   64.00 ) Msg[25] Decides in X1Q[6][7] -> [6][4]E2Q 
 (   64.00 ) Start Transmit from  X1Q[6][7] -> [6][5]E2Q 
 (   64.00 ) Msg[26] Ends Trans Y1Q[4][7] -> [4][7]PEQ 
               Msg[26] Response Time : 64.00 cycles   Mean Response Time : 64.00 cycles
 (   64.00 ) Msg[67] Ends Trans PEQ[3][5] -> [2][4]X2Q
 (   64.00 ) Msg[27] Ends Trans X2Q[1][5] -> [1][6]E2Q
 (   64.00 ) Start Transmit from  E2Q[3][5] -> [1][5]E2Q 
 (   64.00 ) Msg[67] Decides in X2Q[3][5] -> [2][4]X2Q 
 (   64.00 ) Start Transmit from  X2Q[3][5] -> [2][5]X2Q 
 (   64.00 ) Msg[27] Decides in E2Q[1][5] -> [1][6]Q 
 (   64.00 ) Msg[12] Ends Trans E2Q[4][3] -> [4][0]Y2Q
 (   64.00 ) Msg[28] Ends Trans Y2Q[4][3] -> [4][3]PEQ 
               Msg[28] Response Time : 64.00 cycles   Mean Response Time : 64.00 cycles
 (   64.00 ) Start Transmit from  E1Q[4][3] -> [4][3]PEQ 
 (   64.00 ) Msg[12] Decides in Y2Q[4][3] -> [4][0]E2Q 
 (   64.00 ) Start Transmit from  Y2Q[4][3] -> [4][1]E2Q 
 (   64.00 ) Msg[29] Ends Trans E1Q[4][6] -> [4][6]Y1Q
 (   64.00 ) Msg[29] Decides in Y1Q[4][6] -> [4][6]PEQ 
 (   64.00 ) Start Transmit from  Y1Q[4][6] -> [4][6]PEQ 
 (   64.00 ) Msg[22] Ends Trans X2Q[2][2] -> [2][7]E2Q
 (   64.00 ) Msg[30] Ends Trans E2Q[2][2] -> [2][2]PEQ 
               Msg[30] Response Time : 64.00 cycles   Mean Response Time : 64.00 cycles
 (   64.00 ) Msg[22] Decides in E2Q[2][2] -> [2][7]Y1Q 
 (   64.00 ) Start Transmit from  E2Q[2][2] -> [2][3]Y1Q 
 (   64.00 ) Msg[24] Ends Trans X2Q[3][0] -> [3][1]X2Q
 (   64.00 ) Msg[32] Ends Trans X2Q[3][2] -> [3][5]E1Q
 (   64.00 ) Msg[24] Decides in X2Q[3][0] -> [3][1]Y1Q 
 (   64.00 ) Start Transmit from  X2Q[3][0] -> [3][1]Y1Q 
 (   64.00 ) Msg[32] Decides in E1Q[3][2] -> [3][5]E1Q 
 (   64.00 ) Start Transmit from  E1Q[3][2] -> [3][4]E1Q 
 (   64.00 ) Msg[34] Ends Trans E2Q[3][2] -> [3][0]E2Q
 (   64.00 ) Msg[34] Decides in E2Q[3][2] -> [3][0]E2Q 
 (   64.00 ) Start Transmit from  E2Q[3][2] -> [3][0]E2Q 
 (   64.00 ) Msg[35] Ends Trans X2Q[2][3] -> [2][3]E2Q
 (   64.00 ) Msg[35] Decides in E2Q[2][3] -> [2][3]Q 
 (   64.00 ) Msg[36] Ends Trans X2Q[2][5] -> [2][7]Y1Q
 (   64.00 ) Msg[36] Decides in Y1Q[2][5] -> [2][7]E1Q 
 (   64.00 ) Start Transmit from  Y1Q[2][5] -> [2][7]E1Q 
 (   64.00 ) Msg[65] Ends Trans PEQ[1][3] -> [0][5]E2Q
 (   64.00 ) Msg[68] Decides in PEQ[3][3] -> [5][3]Q 
 (   64.00 ) Msg[37] Ends Trans E2Q[1][4] -> [1][4]Y1Q
 (   64.00 ) Msg[65] Decides in E2Q[1][3] -> [0][5]X2Q 
 (   64.00 ) Start Transmit from  E2Q[1][3] -> [0][3]X2Q 
 (   64.00 ) Msg[37] Decides in Y1Q[1][4] -> [1][4]Q 
 (   64.00 ) Msg[38] Ends Trans E1Q[3][4] -> [3][4]PEQ 
               Msg[38] Response Time : 64.00 cycles   Mean Response Time : 64.00 cycles
 (   64.00 ) Msg[39] Ends Trans E1Q[6][1] -> [6][3]X1Q
 (   64.00 ) Msg[39] Decides in X1Q[6][1] -> [6][3]E1Q 
 (   64.00 ) Start Transmit from  X1Q[6][1] -> [6][3]E1Q 
 (   64.00 ) Msg[40] Ends Trans X1Q[5][0] -> [5][0]X1Q
 (   64.00 ) Msg[40] Decides in X1Q[5][0] -> [5][0]PEQ 
 (   64.00 ) Start Transmit from  X1Q[5][0] -> [5][0]PEQ 
 (   64.00 ) Msg[41] Ends Trans X1Q[3][6] -> [3][3]Y2Q
 (   64.00 ) Msg[41] Decides in Y2Q[3][6] -> [3][3]E2Q 
 (   64.00 ) Start Transmit from  Y2Q[3][6] -> [3][4]E2Q 
 (   64.00 ) Msg[43] Ends Trans X1Q[4][5] -> [4][1]X1Q
 (   64.00 ) Msg[43] Decides in X1Q[4][5] -> [4][1]Q 
 (   64.00 ) Msg[44] Ends Trans Y2Q[2][1] -> [2][1]E2Q
 (   64.00 ) Msg[44] Decides in E2Q[2][1] -> [2][1]PEQ 
 (   64.00 ) Start Transmit from  E2Q[2][1] -> [2][1]PEQ 
 (   64.00 ) Msg[45] Ends Trans X1Q[5][3] -> [7][6]E1Q
 (   64.00 ) Start Transmit from  PEQ[3][3] -> [5][3]E1Q 
 (   64.00 ) Msg[45] Decides in E1Q[5][3] -> [7][6]E1Q 
 (   64.00 ) Start Transmit from  E1Q[5][3] -> [7][3]E1Q 
 (   64.00 ) Msg[46] Ends Trans E1Q[4][1] -> [4][1]Y2Q
 (   64.00 ) Msg[46] Decides in Y2Q[4][1] -> [4][1]PEQ 
 (   64.00 ) Start Transmit from  Y2Q[4][1] -> [4][1]PEQ 
 (   64.00 ) Msg[47] Ends Trans E1Q[2][3] -> [2][3]PEQ 
               Msg[47] Response Time : 64.00 cycles   Mean Response Time : 64.00 cycles
 (   64.00 ) Start Transmit from  E2Q[2][3] -> [2][3]PEQ 
 (   64.00 ) Msg[49] Ends Trans X2Q[0][5] -> [0][3]E2Q
 (   64.00 ) Msg[49] Decides in E2Q[0][5] -> [0][3]Q 
 (   64.00 ) Msg[50] Ends Trans X1Q[4][6] -> [6][3]E1Q
 (   64.00 ) Msg[51] Ends Trans Y2Q[1][4] -> [1][4]PEQ 
               Msg[51] Response Time : 64.00 cycles   Mean Response Time : 64.00 cycles
 (   64.00 ) Start Transmit from  Y1Q[1][4] -> [1][4]PEQ 
 (   64.00 ) Msg[52] Ends Trans X1Q[4][4] -> [4][2]E1Q
 (   64.00 ) Start Transmit from  E1Q[2][4] -> [4][4]E1Q 
 (   64.00 ) Msg[52] Decides in E1Q[4][4] -> [4][2]Y2Q 
 (   64.00 ) Start Transmit from  E1Q[4][4] -> [4][3]Y2Q 
 (   64.00 ) Msg[53] Ends Trans E1Q[3][2] -> [3][2]Y2Q
 (   64.00 ) Start Transmit from  E2Q[3][3] -> [3][2]Y2Q 
 (   64.00 ) Msg[53] Decides in Y2Q[3][2] -> [3][2]PEQ 
 (   64.00 ) Start Transmit from  Y2Q[3][2] -> [3][2]PEQ 
 (   64.00 ) Msg[54] Ends Trans X1Q[4][2] -> [6][0]E1Q
 (   64.00 ) Start Transmit from  E1Q[2][2] -> [4][2]E1Q 
 (   64.00 ) Msg[54] Decides in E1Q[4][2] -> [6][0]E1Q 
 (   64.00 ) Start Transmit from  E1Q[4][2] -> [6][2]E1Q 
 (   64.00 ) Msg[55] Ends Trans E1Q[4][1] -> [4][3]X1Q
 (   64.00 ) Msg[55] Decides in X1Q[4][1] -> [4][3]Q 
 (   64.00 ) Msg[56] Ends Trans Y1Q[1][1] -> [1][1]PEQ 
               Msg[56] Response Time : 64.00 cycles   Mean Response Time : 64.00 cycles
 (   64.00 ) Start Transmit from  E2Q[1][1] -> [1][1]PEQ 
 (   64.00 ) Msg[57] Ends Trans X1Q[3][7] -> [4][5]E1Q
 (   64.00 ) Msg[57] Decides in E1Q[3][7] -> [4][5]X1Q 
 (   64.00 ) Start Transmit from  E1Q[3][7] -> [4][7]X1Q 
 (   64.00 ) Msg[58] Ends Trans X1Q[1][4] -> [1][3]E2Q
 (   64.00 ) Msg[58] Decides in E2Q[1][4] -> [1][3]Y2Q 
 (   64.00 ) Start Transmit from  E2Q[1][4] -> [1][3]Y2Q 
 (   64.00 ) Msg[69] Ends Trans PEQ[0][3] -> [0][1]E2Q
 (   64.00 ) Start Transmit from  E2Q[0][5] -> [0][3]E2Q 
 (   64.00 ) Msg[69] Decides in E2Q[0][3] -> [0][1]E2Q 
 (   64.00 ) Start Transmit from  E2Q[0][3] -> [0][1]E2Q 
 (   64.00 ) Msg[59] Ends Trans X1Q[1][6] -> [1][6]Y1Q
 (   64.00 ) Start Transmit from  E2Q[1][5] -> [1][6]Y1Q 
 (   64.00 ) Msg[59] Decides in Y1Q[1][6] -> [1][6]PEQ 
 (   64.00 ) Start Transmit from  Y1Q[1][6] -> [1][6]PEQ 
 (   64.00 ) Msg[61] Ends Trans X1Q[3][3] -> [3][2]E1Q
 (   64.00 ) Msg[61] Decides in E1Q[3][3] -> [3][2]Q 
 (   64.00 ) Msg[63] Ends Trans X1Q[3][1] -> [7][1]E1Q
 (   64.00 ) Msg[63] Decides in E1Q[3][1] -> [7][1]E1Q 
 (   64.00 ) Start Transmit from  E1Q[3][1] -> [5][1]E1Q 
 (   64.00 ) Msg[48] Ends Trans E2Q[0][1] -> [0][2]Y1Q
 (   64.00 ) Msg[64] Ends Trans Y1Q[0][2] -> [0][2]Y1Q
 (   64.00 ) Msg[48] Decides in Y1Q[0][1] -> [0][2]Y1Q 
 (   64.00 ) Start Transmit from  Y1Q[0][1] -> [0][2]Y1Q 
 (   64.00 ) Msg[64] Decides in Y1Q[0][2] -> [0][2]PEQ 
 (   64.00 ) Start Transmit from  Y1Q[0][2] -> [0][2]PEQ 
 (   65.66 ) Msg[70] Ends Trans PEQ[1][3] -> [5][3]X1Q
 (   65.66 ) Msg[70] Decides in X1Q[1][3] -> [5][3]E1Q 
 (   65.66 ) Start Transmit from  X1Q[1][3] -> [3][3]E1Q 
 (   67.16 ) Msg[75] Arrives in PEQ[7][6] -> [7][0] 
 (   67.16 ) Msg[75] Decides in PEQ[7][6] -> [7][0]E2Q 
 (   67.16 ) Start Transmit from  PEQ[7][6] -> [7][4]E2Q 
 (   72.32 ) Msg[76] Arrives in PEQ[5][3] -> [5][5] 
 (   72.32 ) Msg[76] Not Head Of Queue in PEQ[5][3] -> [5][5] 
 (   79.38 ) Msg[72] Ends Trans PEQ[3][7] -> [6][5]X1Q
 (   79.38 ) Msg[73] Decides in PEQ[2][7] -> [0][5]X2Q 
 (   79.38 ) Start Transmit from  PEQ[2][7] -> [1][7]X2Q 
 (   79.38 ) Msg[72] Decides in X1Q[3][7] -> [6][5]E1Q 
 (   79.38 ) Start Transmit from  X1Q[3][7] -> [5][7]E1Q 
 (   83.03 ) Msg[77] Arrives in PEQ[4][5] -> [3][3] 
 (   83.03 ) Msg[77] Decides in PEQ[4][5] -> [3][3]X2Q 
 (   83.03 ) Start Transmit from  PEQ[4][5] -> [3][5]X2Q 
 (   85.16 ) Msg[78] Arrives in PEQ[4][7] -> [5][3] 
 (   85.16 ) Msg[78] Decides in PEQ[4][7] -> [5][3]X1Q 
 (   85.16 ) Start Transmit from  PEQ[4][7] -> [5][7]X1Q 
 (   86.60 ) Msg[79] Arrives in PEQ[0][5] -> [7][6] 
 (   86.60 ) Msg[79] Decides in PEQ[0][5] -> [7][6]X1Q 
 (   86.60 ) Start Transmit from  PEQ[0][5] -> [1][5]X1Q 
 (   89.20 ) Msg[80] Arrives in PEQ[0][2] -> [6][3] 
 (   89.20 ) Msg[80] Decides in PEQ[0][2] -> [6][3]E1Q 
 (   89.20 ) Start Transmit from  PEQ[0][2] -> [2][2]E1Q 
 (   96.00 ) Msg[74] Ends Trans PEQ[5][4] -> [5][2]X2Q
 (   96.00 ) Msg[4] Ends Trans X2Q[5][6] -> [5][6]E1Q
 (   96.00 ) Msg[74] Decides in X2Q[5][4] -> [5][2]Q 
 (   96.00 ) Msg[4] Decides in E1Q[5][6] -> [5][6]PEQ 
 (   96.00 ) Start Transmit from  E1Q[5][6] -> [5][6]PEQ 
 (   96.00 ) Msg[5] Ends Trans Y1Q[7][5] -> [7][5]PEQ 
               Msg[5] Response Time : 96.00 cycles   Mean Response Time : 67.20 cycles
 (   96.00 ) Msg[6] Ends Trans X2Q[5][3] -> [5][3]Y1Q
 (   96.00 ) Msg[6] Decides in Y1Q[5][3] -> [5][3]PEQ 
 (   96.00 ) Start Transmit from  Y1Q[5][3] -> [5][3]PEQ 
 (   96.00 ) Msg[7] Ends Trans X2Q[4][3] -> [4][5]E1Q
 (   96.00 ) Start Transmit from  X1Q[4][1] -> [4][3]E1Q 
 (   96.00 ) Msg[9] Ends Trans Y2Q[5][4] -> [5][2]E2Q
 (   96.00 ) Msg[9] Decides in E2Q[5][4] -> [5][2]Q 
 (   96.00 ) Msg[42] Ends Trans E1Q[4][5] -> [4][4]Y2Q
 (   96.00 ) Msg[50] Decides in E1Q[4][6] -> [6][3]E1Q 
 (   96.00 ) Start Transmit from  E1Q[4][6] -> [6][6]E1Q 
 (   96.00 ) Msg[2] Ends Trans E2Q[3][6] -> [3][3]X2Q
 (   96.00 ) Msg[2] Decides in X2Q[3][6] -> [3][3]Q 
 (   96.00 ) Msg[10] Ends Trans Y2Q[4][3] -> [4][0]E2Q
 (   96.00 ) Start Transmit from  X1Q[4][5] -> [4][3]E2Q 
 (   96.00 ) Msg[42] Decides in Y2Q[4][5] -> [4][4]Y2Q 
 (   96.00 ) Start Transmit from  Y2Q[4][5] -> [4][4]Y2Q 
 (   96.00 ) Msg[10] Decides in E2Q[4][3] -> [4][0]Q 
 (   96.00 ) Msg[11] Ends Trans Y2Q[5][2] -> [5][2]E2Q
 (   96.00 ) Start Transmit from  X2Q[5][4] -> [5][2]E2Q 
 (   96.00 ) Msg[11] Decides in E2Q[5][2] -> [5][2]PEQ 
 (   96.00 ) Start Transmit from  E2Q[5][2] -> [5][2]PEQ 
 (   96.00 ) Msg[71] Ends Trans PEQ[3][3] -> [3][3]E2Q
 (   96.00 ) Msg[76] Decides in PEQ[5][3] -> [5][5]Y1Q 
 (   96.00 ) Start Transmit from  PEQ[5][3] -> [5][4]Y1Q 
 (   96.00 ) Msg[66] Ends Trans E2Q[2][0] -> [2][5]E2Q
 (   96.00 ) Msg[66] Decides in E2Q[2][0] -> [2][5]Y1Q 
 (   96.00 ) Start Transmit from  E2Q[2][0] -> [2][1]Y1Q 
 (   96.00 ) Msg[8] Ends Trans Y1Q[6][1] -> [6][1]PEQ 
               Msg[8] Response Time : 96.00 cycles   Mean Response Time : 69.82 cycles
 (   96.00 ) Msg[16] Ends Trans E1Q[6][5] -> [6][6]E1Q
 (   96.00 ) Msg[16] Decides in E1Q[6][5] -> [6][6]Y1Q 
 (   96.00 ) Start Transmit from  E1Q[6][5] -> [6][6]Y1Q 
 (   96.00 ) Msg[1] Ends Trans E2Q[1][7] -> [0][3]E2Q
 (   96.00 ) Msg[17] Ends Trans E2Q[0][7] -> [0][5]X2Q
 (   96.00 ) Msg[1] Decides in E2Q[1][7] -> [0][3]X2Q 
 (   96.00 ) Start Transmit from  E2Q[1][7] -> [0][7]X2Q 
 (   96.00 ) Msg[17] Decides in X2Q[0][7] -> [0][5]E2Q 
 (   96.00 ) Start Transmit from  X2Q[0][7] -> [0][5]E2Q 
 (   96.00 ) Msg[18] Ends Trans E2Q[1][6] -> [1][6]X2Q
 (   96.00 ) Msg[18] Decides in X2Q[1][6] -> [1][6]Q 
 (   96.00 ) Msg[19] Ends Trans Y2Q[6][4] -> [6][4]PEQ 
               Msg[19] Response Time : 96.00 cycles   Mean Response Time : 72.00 cycles
 (   96.00 ) Msg[20] Ends Trans E2Q[1][4] -> [1][1]X2Q
 (   96.00 ) Msg[20] Decides in X2Q[1][4] -> [1][1]E2Q 
 (   96.00 ) Start Transmit from  X2Q[1][4] -> [1][2]E2Q 
 (   96.00 ) Msg[15] Ends Trans E2Q[1][1] -> [1][3]E2Q
 (   96.00 ) Msg[33] Ends Trans E1Q[6][7] -> [6][2]X1Q
 (   96.00 ) Msg[25] Ends Trans X1Q[6][5] -> [6][4]E2Q
 (   96.00 ) Msg[33] Decides in X1Q[6][7] -> [6][2]E2Q 
 (   96.00 ) Start Transmit from  X1Q[6][7] -> [6][5]E2Q 
 (   96.00 ) Msg[25] Decides in E2Q[6][5] -> [6][4]Y2Q 
 (   96.00 ) Start Transmit from  E2Q[6][5] -> [6][4]Y2Q 
 (   96.00 ) Msg[3] Ends Trans E2Q[1][5] -> [0][2]E2Q
 (   96.00 ) Msg[67] Ends Trans X2Q[2][5] -> [2][4]X2Q
 (   96.00 ) Msg[67] Decides in X2Q[2][5] -> [2][4]Y2Q 
 (   96.00 ) Start Transmit from  X2Q[2][5] -> [2][4]Y2Q 
 (   96.00 ) Msg[31] Ends Trans E1Q[4][3] -> [4][3]PEQ 
               Msg[31] Response Time : 96.00 cycles   Mean Response Time : 73.85 cycles
 (   96.00 ) Msg[7] Decides in E1Q[4][3] -> [4][5]E1Q 
 (   96.00 ) Start Transmit from  E1Q[4][3] -> [4][5]E1Q 
 (   96.00 ) Msg[12] Ends Trans Y2Q[4][1] -> [4][0]E2Q
 (   96.00 ) Start Transmit from  E2Q[4][3] -> [4][1]E2Q 
 (   96.00 ) Msg[12] Decides in E2Q[4][1] -> [4][0]Y2Q 
 (   96.00 ) Start Transmit from  E2Q[4][1] -> [4][0]Y2Q 
 (   96.00 ) Msg[29] Ends Trans Y1Q[4][6] -> [4][6]PEQ 
               Msg[29] Response Time : 96.00 cycles   Mean Response Time : 75.43 cycles
 (   96.00 ) Msg[22] Ends Trans E2Q[2][3] -> [2][7]Y1Q
 (   96.00 ) Msg[22] Decides in Y1Q[2][3] -> [2][7]E1Q 
 (   96.00 ) Start Transmit from  Y1Q[2][3] -> [2][5]E1Q 
 (   96.00 ) Msg[24] Ends Trans X2Q[3][1] -> [3][1]Y1Q
 (   96.00 ) Msg[24] Decides in Y1Q[3][1] -> [3][1]PEQ 
 (   96.00 ) Start Transmit from  Y1Q[3][1] -> [3][1]PEQ 
 (   96.00 ) Msg[32] Ends Trans E1Q[3][4] -> [3][5]E1Q
 (   96.00 ) Msg[32] Decides in E1Q[3][4] -> [3][5]Y1Q 
 (   96.00 ) Start Transmit from  E1Q[3][4] -> [3][5]Y1Q 
 (   96.00 ) Msg[34] Ends Trans E2Q[3][0] -> [3][0]E2Q
 (   96.00 ) Msg[34] Decides in E2Q[3][0] -> [3][0]PEQ 
 (   96.00 ) Start Transmit from  E2Q[3][0] -> [3][0]PEQ 
 (   96.00 ) Msg[36] Ends Trans Y1Q[2][7] -> [2][7]E1Q
 (   96.00 ) Msg[36] Decides in E1Q[2][7] -> [2][7]PEQ 
 (   96.00 ) Start Transmit from  E1Q[2][7] -> [2][7]PEQ 
 (   96.00 ) Msg[65] Ends Trans E2Q[0][3] -> [0][5]X2Q
 (   96.00 ) Msg[65] Decides in X2Q[0][3] -> [0][5]E1Q 
 (   96.00 ) Start Transmit from  X2Q[0][3] -> [0][5]E1Q 
 (   96.00 ) Msg[39] Ends Trans X1Q[6][3] -> [6][3]E1Q
 (   96.00 ) Msg[39] Decides in E1Q[6][3] -> [6][3]PEQ 
 (   96.00 ) Start Transmit from  E1Q[6][3] -> [6][3]PEQ 
 (   96.00 ) Msg[40] Ends Trans X1Q[5][0] -> [5][0]PEQ 
               Msg[40] Response Time : 96.00 cycles   Mean Response Time : 76.80 cycles
 (   96.00 ) Msg[41] Ends Trans Y2Q[3][4] -> [3][3]E2Q
 (   96.00 ) Start Transmit from  X2Q[3][6] -> [3][4]E2Q 
 (   96.00 ) Msg[41] Decides in E2Q[3][4] -> [3][3]Y2Q 
 (   96.00 ) Start Transmit from  E2Q[3][4] -> [3][3]Y2Q 
 (   96.00 ) Msg[44] Ends Trans E2Q[2][1] -> [2][1]PEQ 
               Msg[44] Response Time : 96.00 cycles   Mean Response Time : 78.00 cycles
 (   96.00 ) Msg[68] Ends Trans PEQ[5][3] -> [5][3]E1Q
 (   96.00 ) Msg[45] Ends Trans E1Q[7][3] -> [7][6]E1Q
 (   96.00 ) Msg[68] Decides in E1Q[5][3] -> [5][3]Q 
 (   96.00 ) Msg[45] Decides in E1Q[7][3] -> [7][6]Y1Q 
 (   96.00 ) Start Transmit from  E1Q[7][3] -> [7][4]Y1Q 
 (   96.00 ) Msg[46] Ends Trans Y2Q[4][1] -> [4][1]PEQ 
               Msg[46] Response Time : 96.00 cycles   Mean Response Time : 79.06 cycles
 (   96.00 ) Msg[35] Ends Trans E2Q[2][3] -> [2][3]PEQ 
               Msg[35] Response Time : 96.00 cycles   Mean Response Time : 80.00 cycles
 (   96.00 ) Msg[37] Ends Trans Y1Q[1][4] -> [1][4]PEQ 
               Msg[37] Response Time : 96.00 cycles   Mean Response Time : 80.84 cycles
 (   96.00 ) Msg[60] Ends Trans E1Q[4][4] -> [5][0]E1Q
 (   96.00 ) Msg[52] Ends Trans E1Q[4][3] -> [4][2]Y2Q
 (   96.00 ) Msg[60] Decides in E1Q[4][4] -> [5][0]X1Q 
 (   96.00 ) Start Transmit from  E1Q[4][4] -> [5][4]X1Q 
 (   96.00 ) Msg[52] Decides in Y2Q[4][3] -> [4][2]Y2Q 
 (   96.00 ) Start Transmit from  Y2Q[4][3] -> [4][2]Y2Q 
 (   96.00 ) Msg[13] Ends Trans E2Q[3][2] -> [3][1]Y2Q
 (   96.00 ) Start Transmit from  E1Q[3][3] -> [3][2]Y2Q 
 (   96.00 ) Msg[71] Decides in E2Q[3][3] -> [3][3]PEQ 
 (   96.00 ) Start Transmit from  E2Q[3][3] -> [3][3]PEQ 
 (   96.00 ) Msg[53] Ends Trans Y2Q[3][2] -> [3][2]PEQ 
               Msg[53] Response Time : 96.00 cycles   Mean Response Time : 81.60 cycles
 (   96.00 ) Msg[13] Decides in Y2Q[3][2] -> [3][1]Y2Q 
 (   96.00 ) Start Transmit from  Y2Q[3][2] -> [3][1]Y2Q 
 (   96.00 ) Msg[62] Ends Trans E1Q[4][2] -> [5][4]E1Q
 (   96.00 ) Msg[54] Ends Trans E1Q[6][2] -> [6][0]E1Q
 (   96.00 ) Msg[62] Decides in E1Q[4][2] -> [5][4]X1Q 
 (   96.00 ) Start Transmit from  E1Q[4][2] -> [5][2]X1Q 
 (   96.00 ) Msg[54] Decides in E1Q[6][2] -> [6][0]Y2Q 
 (   96.00 ) Start Transmit from  E1Q[6][2] -> [6][1]Y2Q 
 (   96.00 ) Msg[23] Ends Trans E2Q[1][1] -> [1][1]PEQ 
               Msg[23] Response Time : 96.00 cycles   Mean Response Time : 82.29 cycles
 (   96.00 ) Msg[15] Decides in E2Q[1][1] -> [1][3]Y1Q 
 (   96.00 ) Start Transmit from  E2Q[1][1] -> [1][2]Y1Q 
 (   96.00 ) Msg[57] Ends Trans E1Q[4][7] -> [4][5]X1Q
 (   96.00 ) Msg[57] Decides in X1Q[4][7] -> [4][5]E2Q 
 (   96.00 ) Start Transmit from  X1Q[4][7] -> [4][5]E2Q 
 (   96.00 ) Msg[58] Ends Trans E2Q[1][3] -> [1][3]Y2Q
 (   96.00 ) Msg[58] Decides in Y2Q[1][3] -> [1][3]PEQ 
 (   96.00 ) Start Transmit from  Y2Q[1][3] -> [1][3]PEQ 
 (   96.00 ) Msg[49] Ends Trans E2Q[0][3] -> [0][3]E2Q
 (   96.00 ) Msg[69] Ends Trans E2Q[0][1] -> [0][1]E2Q
 (   96.00 ) Msg[49] Decides in E2Q[0][3] -> [0][3]PEQ 
 (   96.00 ) Start Transmit from  E2Q[0][3] -> [0][3]PEQ 
 (   96.00 ) Msg[69] Decides in E2Q[0][1] -> [0][1]PEQ 
 (   96.00 ) Start Transmit from  E2Q[0][1] -> [0][1]PEQ 
 (   96.00 ) Msg[27] Ends Trans E2Q[1][6] -> [1][6]Y1Q
 (   96.00 ) Msg[3] Decides in E2Q[1][5] -> [0][2]X2Q 
 (   96.00 ) Start Transmit from  E2Q[1][5] -> [0][5]X2Q 
 (   96.00 ) Msg[59] Ends Trans Y1Q[1][6] -> [1][6]PEQ 
               Msg[59] Response Time : 96.00 cycles   Mean Response Time : 82.91 cycles
 (   96.00 ) Start Transmit from  X2Q[1][6] -> [1][6]PEQ 
 (   96.00 ) Msg[27] Decides in Y1Q[1][6] -> [1][6]Q 
 (   96.00 ) Msg[63] Ends Trans E1Q[5][1] -> [7][1]E1Q
 (   96.00 ) Msg[63] Decides in E1Q[5][1] -> [7][1]E1Q 
 (   96.00 ) Start Transmit from  E1Q[5][1] -> [7][1]E1Q 
 (   96.00 ) Msg[48] Ends Trans Y1Q[0][2] -> [0][2]Y1Q
 (   96.00 ) Msg[64] Ends Trans Y1Q[0][2] -> [0][2]PEQ 
               Msg[64] Response Time : 96.00 cycles   Mean Response Time : 83.48 cycles
 (   96.00 ) Msg[48] Decides in Y1Q[0][2] -> [0][2]PEQ 
 (   96.00 ) Start Transmit from  Y1Q[0][2] -> [0][2]PEQ 
 (   97.66 ) Msg[70] Ends Trans X1Q[3][3] -> [5][3]E1Q
 (   99.16 ) Msg[75] Ends Trans PEQ[7][4] -> [7][0]E2Q
 (   99.16 ) Msg[75] Decides in E2Q[7][4] -> [7][0]E2Q 
 (   99.16 ) Start Transmit from  E2Q[7][4] -> [7][2]E2Q 
 (  107.83 ) Msg[81] Arrives in PEQ[5][3] -> [2][5] 
 (  107.83 ) Msg[81] Not Head Of Queue in PEQ[5][3] -> [2][5] 
 (  109.42 ) Msg[82] Arrives in PEQ[2][4] -> [4][5] 
 (  109.42 ) Msg[82] Decides in PEQ[2][4] -> [4][5]E1Q 
 (  109.42 ) Start Transmit from  PEQ[2][4] -> [4][4]E1Q 
 (  111.38 ) Msg[73] Ends Trans PEQ[1][7] -> [0][5]X2Q
 (  111.38 ) Msg[73] Decides in X2Q[1][7] -> [0][5]Q 
 (  111.38 ) Msg[72] Ends Trans X1Q[5][7] -> [6][5]E1Q
 (  111.38 ) Msg[72] Decides in E1Q[5][7] -> [6][5]X1Q 
 (  111.38 ) Start Transmit from  E1Q[5][7] -> [6][7]X1Q 
 (  112.25 ) Msg[83] Arrives in PEQ[6][3] -> [6][0] 
 (  112.25 ) Msg[83] Decides in PEQ[6][3] -> [6][0]E2Q 
 (  112.25 ) Start Transmit from  PEQ[6][3] -> [6][1]E2Q 
 (  114.42 ) Msg[84] Arrives in PEQ[5][0] -> [2][1] 
 (  114.42 ) Msg[84] Decides in PEQ[5][0] -> [2][1]X2Q 
 (  114.42 ) Start Transmit from  PEQ[5][0] -> [4][0]X2Q 
 (  114.85 ) Msg[85] Arrives in PEQ[1][1] -> [2][1] 
 (  114.85 ) Msg[85] Decides in PEQ[1][1] -> [2][1]X1Q 
 (  114.85 ) Start Transmit from  PEQ[1][1] -> [2][1]X1Q 
 (  115.03 ) Msg[77] Ends Trans PEQ[3][5] -> [3][3]X2Q
 (  115.03 ) Msg[77] Decides in X2Q[3][5] -> [3][3]Y2Q 
 (  115.03 ) Start Transmit from  X2Q[3][5] -> [3][4]Y2Q 
 (  117.16 ) Msg[78] Ends Trans PEQ[5][7] -> [5][3]X1Q
 (  117.16 ) Msg[78] Decides in X1Q[5][7] -> [5][3]Y2Q 
 (  117.16 ) Start Transmit from  X1Q[5][7] -> [5][6]Y2Q 
 (  117.42 ) Msg[86] Arrives in PEQ[4][3] -> [3][5] 
 (  117.42 ) Msg[86] Decides in PEQ[4][3] -> [3][5]X2Q 
 (  117.42 ) Start Transmit from  PEQ[4][3] -> [3][3]X2Q 
 (  118.60 ) Msg[79] Ends Trans PEQ[1][5] -> [7][6]X1Q
 (  118.60 ) Msg[79] Decides in X1Q[1][5] -> [7][6]E1Q 
 (  118.60 ) Start Transmit from  X1Q[1][5] -> [3][5]E1Q 
 (  121.20 ) Msg[80] Ends Trans PEQ[2][2] -> [6][3]E1Q
 (  121.20 ) Msg[80] Decides in E1Q[2][2] -> [6][3]E1Q 
 (  121.20 ) Start Transmit from  E1Q[2][2] -> [4][2]E1Q 
 (  128.00 ) Msg[4] Ends Trans E1Q[5][6] -> [5][6]PEQ 
               Msg[4] Response Time : 128.00 cycles   Mean Response Time : 85.33 cycles
 (  128.00 ) Msg[6] Ends Trans Y1Q[5][3] -> [5][3]PEQ 
               Msg[6] Response Time : 128.00 cycles   Mean Response Time : 87.04 cycles
 (  128.00 ) Start Transmit from  E1Q[5][3] -> [5][3]PEQ 
 (  128.00 ) Msg[55] Ends Trans X1Q[4][3] -> [4][3]E1Q
 (  128.00 ) Msg[50] Ends Trans E1Q[6][6] -> [6][3]E1Q
 (  128.00 ) Msg[50] Decides in E1Q[6][6] -> [6][3]Y2Q 
 (  128.00 ) Start Transmit from  E1Q[6][6] -> [6][5]Y2Q 
 (  128.00 ) Msg[43] Ends Trans X1Q[4][3] -> [4][1]E2Q
 (  128.00 ) Msg[42] Ends Trans Y2Q[4][4] -> [4][4]Y2Q
 (  128.00 ) Msg[42] Decides in Y2Q[4][4] -> [4][4]PEQ 
 (  128.00 ) Start Transmit from  Y2Q[4][4] -> [4][4]PEQ 
 (  128.00 ) Msg[74] Ends Trans X2Q[5][2] -> [5][2]E2Q
 (  128.00 ) Start Transmit from  E2Q[5][4] -> [5][2]E2Q 
 (  128.00 ) Msg[11] Ends Trans E2Q[5][2] -> [5][2]PEQ 
               Msg[11] Response Time : 128.00 cycles   Mean Response Time : 88.62 cycles
 (  128.00 ) Msg[74] Decides in E2Q[5][2] -> [5][2]PEQ 
 (  128.00 ) Start Transmit from  E2Q[5][2] -> [5][2]PEQ 
 (  128.00 ) Msg[76] Ends Trans PEQ[5][4] -> [5][5]Y1Q
 (  128.00 ) Msg[81] Decides in PEQ[5][3] -> [2][5]E2Q 
 (  128.00 ) Start Transmit from  PEQ[5][3] -> [3][3]E2Q 
 (  128.00 ) Msg[76] Decides in Y1Q[5][4] -> [5][5]Y1Q 
 (  128.00 ) Start Transmit from  Y1Q[5][4] -> [5][5]Y1Q 
 (  128.00 ) Msg[66] Ends Trans E2Q[2][1] -> [2][5]Y1Q
 (  128.00 ) Msg[66] Decides in Y1Q[2][1] -> [2][5]E1Q 
 (  128.00 ) Start Transmit from  Y1Q[2][1] -> [2][3]E1Q 
 (  128.00 ) Msg[16] Ends Trans E1Q[6][6] -> [6][6]Y1Q
 (  128.00 ) Msg[16] Decides in Y1Q[6][6] -> [6][6]PEQ 
 (  128.00 ) Start Transmit from  Y1Q[6][6] -> [6][6]PEQ 
 (  128.00 ) Msg[1] Ends Trans E2Q[0][7] -> [0][3]X2Q
 (  128.00 ) Start Transmit from  X2Q[1][7] -> [0][7]X2Q 
 (  128.00 ) Msg[17] Ends Trans X2Q[0][5] -> [0][5]E2Q
 (  128.00 ) Msg[1] Decides in X2Q[0][7] -> [0][3]E2Q 
 (  128.00 ) Start Transmit from  X2Q[0][7] -> [0][5]E2Q 
 (  128.00 ) Msg[17] Decides in E2Q[0][5] -> [0][5]PEQ 
 (  128.00 ) Start Transmit from  E2Q[0][5] -> [0][5]PEQ 
 (  128.00 ) Msg[20] Ends Trans X2Q[1][2] -> [1][1]E2Q
 (  128.00 ) Msg[20] Decides in E2Q[1][2] -> [1][1]Y2Q 
 (  128.00 ) Start Transmit from  E2Q[1][2] -> [1][1]Y2Q 
 (  128.00 ) Msg[33] Ends Trans X1Q[6][5] -> [6][2]E2Q
 (  128.00 ) Msg[25] Ends Trans E2Q[6][4] -> [6][4]Y2Q
 (  128.00 ) Msg[33] Decides in E2Q[6][5] -> [6][2]E2Q 
 (  128.00 ) Start Transmit from  E2Q[6][5] -> [6][3]E2Q 
 (  128.00 ) Msg[25] Decides in Y2Q[6][4] -> [6][4]PEQ 
 (  128.00 ) Start Transmit from  Y2Q[6][4] -> [6][4]PEQ 
 (  128.00 ) Msg[67] Ends Trans X2Q[2][4] -> [2][4]Y2Q
 (  128.00 ) Msg[67] Decides in Y2Q[2][4] -> [2][4]PEQ 
 (  128.00 ) Start Transmit from  Y2Q[2][4] -> [2][4]PEQ 
 (  128.00 ) Msg[7] Ends Trans E1Q[4][5] -> [4][5]E1Q
 (  128.00 ) Msg[55] Decides in E1Q[4][3] -> [4][3]PEQ 
 (  128.00 ) Start Transmit from  E1Q[4][3] -> [4][3]PEQ 
 (  128.00 ) Msg[7] Decides in E1Q[4][5] -> [4][5]PEQ 
 (  128.00 ) Start Transmit from  E1Q[4][5] -> [4][5]PEQ 
 (  128.00 ) Msg[10] Ends Trans E2Q[4][1] -> [4][0]E2Q
 (  128.00 ) Msg[43] Decides in E2Q[4][3] -> [4][1]E2Q 
 (  128.00 ) Start Transmit from  E2Q[4][3] -> [4][1]E2Q 
 (  128.00 ) Msg[12] Ends Trans E2Q[4][0] -> [4][0]Y2Q
 (  128.00 ) Msg[10] Decides in E2Q[4][1] -> [4][0]Y2Q 
 (  128.00 ) Start Transmit from  E2Q[4][1] -> [4][0]Y2Q 
 (  128.00 ) Msg[12] Decides in Y2Q[4][0] -> [4][0]PEQ 
 (  128.00 ) Start Transmit from  Y2Q[4][0] -> [4][0]PEQ 
 (  128.00 ) Msg[22] Ends Trans Y1Q[2][5] -> [2][7]E1Q
 (  128.00 ) Msg[22] Decides in E1Q[2][5] -> [2][7]E1Q 
 (  128.00 ) Start Transmit from  E1Q[2][5] -> [2][7]E1Q 
 (  128.00 ) Msg[24] Ends Trans Y1Q[3][1] -> [3][1]PEQ 
               Msg[24] Response Time : 128.00 cycles   Mean Response Time : 90.07 cycles
 (  128.00 ) Msg[32] Ends Trans E1Q[3][5] -> [3][5]Y1Q
 (  128.00 ) Msg[32] Decides in Y1Q[3][5] -> [3][5]PEQ 
 (  128.00 ) Start Transmit from  Y1Q[3][5] -> [3][5]PEQ 
 (  128.00 ) Msg[34] Ends Trans E2Q[3][0] -> [3][0]PEQ 
               Msg[34] Response Time : 128.00 cycles   Mean Response Time : 91.43 cycles
 (  128.00 ) Msg[36] Ends Trans E1Q[2][7] -> [2][7]PEQ 
               Msg[36] Response Time : 128.00 cycles   Mean Response Time : 92.69 cycles
 (  128.00 ) Msg[65] Ends Trans X2Q[0][5] -> [0][5]E1Q
 (  128.00 ) Msg[65] Decides in E1Q[0][5] -> [0][5]Q 
 (  128.00 ) Msg[39] Ends Trans E1Q[6][3] -> [6][3]PEQ 
               Msg[39] Response Time : 128.00 cycles   Mean Response Time : 93.87 cycles
 (  128.00 ) Msg[2] Ends Trans X2Q[3][4] -> [3][3]E2Q
 (  128.00 ) Msg[41] Ends Trans E2Q[3][3] -> [3][3]Y2Q
 (  128.00 ) Msg[2] Decides in E2Q[3][4] -> [3][3]Y2Q 
 (  128.00 ) Start Transmit from  E2Q[3][4] -> [3][3]Y2Q 
 (  128.00 ) Msg[41] Decides in Y2Q[3][3] -> [3][3]Q 
 (  128.00 ) Msg[45] Ends Trans E1Q[7][4] -> [7][6]Y1Q
 (  128.00 ) Msg[45] Decides in Y1Q[7][4] -> [7][6]E1Q 
 (  128.00 ) Start Transmit from  Y1Q[7][4] -> [7][6]E1Q 
 (  128.00 ) Msg[60] Ends Trans E1Q[5][4] -> [5][0]X1Q
 (  128.00 ) Msg[60] Decides in X1Q[5][4] -> [5][0]Q 
 (  128.00 ) Msg[52] Ends Trans Y2Q[4][2] -> [4][2]Y2Q
 (  128.00 ) Msg[52] Decides in Y2Q[4][2] -> [4][2]PEQ 
 (  128.00 ) Start Transmit from  Y2Q[4][2] -> [4][2]PEQ 
 (  128.00 ) Msg[61] Ends Trans E1Q[3][2] -> [3][2]Y2Q
 (  128.00 ) Msg[70] Decides in E1Q[3][3] -> [5][3]E1Q 
 (  128.00 ) Start Transmit from  E1Q[3][3] -> [5][3]E1Q 
 (  128.00 ) Msg[71] Ends Trans E2Q[3][3] -> [3][3]PEQ 
               Msg[71] Response Time : 89.27 cycles   Mean Response Time : 93.72 cycles
 (  128.00 ) Start Transmit from  Y2Q[3][3] -> [3][3]PEQ 
 (  128.00 ) Msg[13] Ends Trans Y2Q[3][1] -> [3][1]Y2Q
 (  128.00 ) Msg[61] Decides in Y2Q[3][2] -> [3][2]PEQ 
 (  128.00 ) Start Transmit from  Y2Q[3][2] -> [3][2]PEQ 
 (  128.00 ) Msg[13] Decides in Y2Q[3][1] -> [3][1]PEQ 
 (  128.00 ) Start Transmit from  Y2Q[3][1] -> [3][1]PEQ 
 (  128.00 ) Msg[62] Ends Trans E1Q[5][2] -> [5][4]X1Q
 (  128.00 ) Msg[62] Decides in X1Q[5][2] -> [5][4]E1Q 
 (  128.00 ) Start Transmit from  X1Q[5][2] -> [5][4]E1Q 
 (  128.00 ) Msg[54] Ends Trans E1Q[6][1] -> [6][0]Y2Q
 (  128.00 ) Msg[54] Decides in Y2Q[6][1] -> [6][0]Y2Q 
 (  128.00 ) Start Transmit from  Y2Q[6][1] -> [6][0]Y2Q 
 (  128.00 ) Msg[15] Ends Trans E2Q[1][2] -> [1][3]Y1Q
 (  128.00 ) Msg[15] Decides in Y1Q[1][2] -> [1][3]Y1Q 
 (  128.00 ) Start Transmit from  Y1Q[1][2] -> [1][3]Y1Q 
 (  128.00 ) Msg[57] Ends Trans X1Q[4][5] -> [4][5]E2Q
 (  128.00 ) Msg[57] Decides in E2Q[4][5] -> [4][5]Q 
 (  128.00 ) Msg[58] Ends Trans Y2Q[1][3] -> [1][3]PEQ 
               Msg[58] Response Time : 128.00 cycles   Mean Response Time : 94.79 cycles
 (  128.00 ) Msg[49] Ends Trans E2Q[0][3] -> [0][3]PEQ 
               Msg[49] Response Time : 128.00 cycles   Mean Response Time : 95.80 cycles
 (  128.00 ) Msg[69] Ends Trans E2Q[0][1] -> [0][1]PEQ 
               Msg[69] Response Time : 98.54 cycles   Mean Response Time : 95.88 cycles
 (  128.00 ) Msg[3] Ends Trans E2Q[0][5] -> [0][2]X2Q
 (  128.00 ) Msg[3] Decides in X2Q[0][5] -> [0][2]E2Q 
 (  128.00 ) Start Transmit from  X2Q[0][5] -> [0][3]E2Q 
 (  128.00 ) Msg[18] Ends Trans X2Q[1][6] -> [1][6]PEQ 
               Msg[18] Response Time : 128.00 cycles   Mean Response Time : 96.79 cycles
 (  128.00 ) Start Transmit from  Y1Q[1][6] -> [1][6]PEQ 
 (  128.00 ) Msg[63] Ends Trans E1Q[7][1] -> [7][1]E1Q
 (  128.00 ) Msg[63] Decides in E1Q[7][1] -> [7][1]PEQ 
 (  128.00 ) Start Transmit from  E1Q[7][1] -> [7][1]PEQ 
 (  128.00 ) Msg[48] Ends Trans Y1Q[0][2] -> [0][2]PEQ 
               Msg[48] Response Time : 128.00 cycles   Mean Response Time : 97.66 cycles
 (  130.39 ) Msg[87] Arrives in PEQ[2][3] -> [6][0] 
 (  130.39 ) Msg[87] Decides in PEQ[2][3] -> [6][0]X1Q 
 (  130.39 ) Start Transmit from  PEQ[2][3] -> [3][3]X1Q 
 (  131.16 ) Msg[75] Ends Trans E2Q[7][2] -> [7][0]E2Q
 (  131.16 ) Msg[75] Decides in E2Q[7][2] -> [7][0]E2Q 
 (  131.16 ) Start Transmit from  E2Q[7][2] -> [7][0]E2Q 
 (  134.76 ) Msg[88] Arrives in PEQ[7][1] -> [7][6] 
 (  134.76 ) Msg[88] Decides in PEQ[7][1] -> [7][6]Y1Q 
 (  134.76 ) Start Transmit from  PEQ[7][1] -> [7][2]Y1Q 
 (  135.15 ) Msg[89] Arrives in PEQ[3][5] -> [1][3] 
 (  135.15 ) Msg[89] Decides in PEQ[3][5] -> [1][3]E2Q 
 (  135.15 ) Start Transmit from  PEQ[3][5] -> [1][5]E2Q 
 (  135.29 ) Msg[90] Arrives in PEQ[7][5] -> [5][0] 
 (  135.29 ) Msg[90] Decides in PEQ[7][5] -> [5][0]E2Q 
 (  135.29 ) Start Transmit from  PEQ[7][5] -> [5][5]E2Q 
 (  141.42 ) Msg[82] Ends Trans PEQ[4][4] -> [4][5]E1Q
 (  141.42 ) Msg[82] Decides in E1Q[4][4] -> [4][5]Y1Q 
 (  141.42 ) Start Transmit from  E1Q[4][4] -> [4][5]Y1Q 
 (  143.38 ) Msg[72] Ends Trans E1Q[6][7] -> [6][5]X1Q
 (  143.38 ) Msg[72] Decides in X1Q[6][7] -> [6][5]E2Q 
 (  143.38 ) Start Transmit from  X1Q[6][7] -> [6][5]E2Q 
 (  144.25 ) Msg[83] Ends Trans PEQ[6][1] -> [6][0]E2Q
 (  144.25 ) Msg[83] Decides in E2Q[6][1] -> [6][0]Q 
 (  146.42 ) Msg[84] Ends Trans PEQ[4][0] -> [2][1]X2Q
 (  146.42 ) Msg[84] Decides in X2Q[4][0] -> [2][1]E2Q 
 (  146.42 ) Start Transmit from  X2Q[4][0] -> [2][0]E2Q 
 (  146.85 ) Msg[85] Ends Trans PEQ[2][1] -> [2][1]X1Q
 (  146.85 ) Msg[85] Decides in X1Q[2][1] -> [2][1]PEQ 
 (  146.85 ) Start Transmit from  X1Q[2][1] -> [2][1]PEQ 
 (  147.03 ) Msg[77] Ends Trans X2Q[3][4] -> [3][3]Y2Q
 (  147.03 ) Msg[77] Decides in Y2Q[3][4] -> [3][3]Q 
 (  147.45 ) Msg[91] Arrives in PEQ[4][5] -> [3][4] 
 (  147.45 ) Msg[91] Decides in PEQ[4][5] -> [3][4]X2Q 
 (  147.45 ) Start Transmit from  PEQ[4][5] -> [3][5]X2Q 
 (  149.16 ) Msg[78] Ends Trans X1Q[5][6] -> [5][3]Y2Q
 (  149.16 ) Msg[78] Decides in Y2Q[5][6] -> [5][3]E2Q 
 (  149.16 ) Start Transmit from  Y2Q[5][6] -> [5][4]E2Q 
 (  149.42 ) Msg[86] Ends Trans PEQ[3][3] -> [3][5]X2Q
 (  149.42 ) Msg[86] Decides in X2Q[3][3] -> [3][5]Y1Q 
 (  149.42 ) Start Transmit from  X2Q[3][3] -> [3][4]Y1Q 
 (  150.60 ) Msg[79] Ends Trans X1Q[3][5] -> [7][6]E1Q
 (  150.60 ) Msg[79] Decides in E1Q[3][5] -> [7][6]E1Q 
 (  150.60 ) Start Transmit from  E1Q[3][5] -> [5][5]E1Q 
 (  152.85 ) Msg[92] Arrives in PEQ[4][2] -> [0][1] 
 (  152.85 ) Msg[92] Decides in PEQ[4][2] -> [0][1]E2Q 
 (  152.85 ) Start Transmit from  PEQ[4][2] -> [2][2]E2Q 
 (  153.20 ) Msg[80] Ends Trans E1Q[4][2] -> [6][3]E1Q
 (  153.20 ) Msg[80] Decides in E1Q[4][2] -> [6][3]E1Q 
 (  153.20 ) Start Transmit from  E1Q[4][2] -> [6][2]E1Q 
 (  160.00 ) Msg[68] Ends Trans E1Q[5][3] -> [5][3]PEQ 
               Msg[68] Response Time : 135.38 cycles   Mean Response Time : 98.68 cycles
 (  160.00 ) Msg[50] Ends Trans E1Q[6][5] -> [6][3]Y2Q
 (  160.00 ) Msg[50] Decides in Y2Q[6][5] -> [6][3]Q 
 (  160.00 ) Msg[42] Ends Trans Y2Q[4][4] -> [4][4]PEQ 
               Msg[42] Response Time : 160.00 cycles   Mean Response Time : 100.29 cycles
 (  160.00 ) Msg[9] Ends Trans E2Q[5][2] -> [5][2]E2Q
 (  160.00 ) Start Transmit from  X1Q[5][4] -> [5][2]E2Q 
 (  160.00 ) Msg[74] Ends Trans E2Q[5][2] -> [5][2]PEQ 
               Msg[74] Response Time : 100.04 cycles   Mean Response Time : 100.29 cycles
 (  160.00 ) Msg[9] Decides in E2Q[5][2] -> [5][2]PEQ 
 (  160.00 ) Start Transmit from  E2Q[5][2] -> [5][2]PEQ 
 (  160.00 ) Msg[81] Ends Trans PEQ[3][3] -> [2][5]E2Q
 (  160.00 ) Msg[81] Decides in E2Q[3][3] -> [2][5]X2Q 
 (  160.00 ) Start Transmit from  E2Q[3][3] -> [2][3]X2Q 
 (  160.00 ) Msg[76] Ends Trans Y1Q[5][5] -> [5][5]Y1Q
 (  160.00 ) Msg[76] Decides in Y1Q[5][5] -> [5][5]PEQ 
 (  160.00 ) Start Transmit from  Y1Q[5][5] -> [5][5]PEQ 
 (  160.00 ) Msg[66] Ends Trans Y1Q[2][3] -> [2][5]E1Q
 (  160.00 ) Msg[66] Decides in E1Q[2][3] -> [2][5]E1Q 
 (  160.00 ) Start Transmit from  E1Q[2][3] -> [2][5]E1Q 
 (  160.00 ) Msg[16] Ends Trans Y1Q[6][6] -> [6][6]PEQ 
               Msg[16] Response Time : 160.00 cycles   Mean Response Time : 101.78 cycles
 (  160.00 ) Msg[73] Ends Trans X2Q[0][7] -> [0][5]X2Q
 (  160.00 ) Msg[1] Ends Trans X2Q[0][5] -> [0][3]E2Q
 (  160.00 ) Msg[73] Decides in X2Q[0][7] -> [0][5]E2Q 
 (  160.00 ) Start Transmit from  X2Q[0][7] -> [0][5]E2Q 
 (  160.00 ) Msg[17] Ends Trans E2Q[0][5] -> [0][5]PEQ 
               Msg[17] Response Time : 160.00 cycles   Mean Response Time : 103.20 cycles
 (  160.00 ) Start Transmit from  E1Q[0][5] -> [0][5]PEQ 
 (  160.00 ) Msg[1] Decides in E2Q[0][5] -> [0][3]Q 
 (  160.00 ) Msg[20] Ends Trans E2Q[1][1] -> [1][1]Y2Q
 (  160.00 ) Msg[20] Decides in Y2Q[1][1] -> [1][1]PEQ 
 (  160.00 ) Start Transmit from  Y2Q[1][1] -> [1][1]PEQ 
 (  160.00 ) Msg[33] Ends Trans E2Q[6][3] -> [6][2]E2Q
 (  160.00 ) Msg[33] Decides in E2Q[6][3] -> [6][2]Y2Q 
 (  160.00 ) Start Transmit from  E2Q[6][3] -> [6][2]Y2Q 
 (  160.00 ) Msg[25] Ends Trans Y2Q[6][4] -> [6][4]PEQ 
               Msg[25] Response Time : 160.00 cycles   Mean Response Time : 104.55 cycles
 (  160.00 ) Msg[67] Ends Trans Y2Q[2][4] -> [2][4]PEQ 
               Msg[67] Response Time : 151.17 cycles   Mean Response Time : 105.64 cycles
 (  160.00 ) Msg[55] Ends Trans E1Q[4][3] -> [4][3]PEQ 
               Msg[55] Response Time : 160.00 cycles   Mean Response Time : 106.87 cycles
 (  160.00 ) Msg[7] Ends Trans E1Q[4][5] -> [4][5]PEQ 
               Msg[7] Response Time : 160.00 cycles   Mean Response Time : 108.05 cycles
 (  160.00 ) Start Transmit from  E2Q[4][5] -> [4][5]PEQ 
 (  160.00 ) Msg[43] Ends Trans E2Q[4][1] -> [4][1]E2Q
 (  160.00 ) Msg[10] Ends Trans E2Q[4][0] -> [4][0]Y2Q
 (  160.00 ) Msg[43] Decides in E2Q[4][1] -> [4][1]PEQ 
 (  160.00 ) Start Transmit from  E2Q[4][1] -> [4][1]PEQ 
 (  160.00 ) Msg[12] Ends Trans Y2Q[4][0] -> [4][0]PEQ 
               Msg[12] Response Time : 160.00 cycles   Mean Response Time : 109.18 cycles
 (  160.00 ) Msg[10] Decides in Y2Q[4][0] -> [4][0]PEQ 
 (  160.00 ) Start Transmit from  Y2Q[4][0] -> [4][0]PEQ 
 (  160.00 ) Msg[22] Ends Trans E1Q[2][7] -> [2][7]E1Q
 (  160.00 ) Msg[22] Decides in E1Q[2][7] -> [2][7]PEQ 
 (  160.00 ) Start Transmit from  E1Q[2][7] -> [2][7]PEQ 
 (  160.00 ) Msg[32] Ends Trans Y1Q[3][5] -> [3][5]PEQ 
               Msg[32] Response Time : 160.00 cycles   Mean Response Time : 110.26 cycles
 (  160.00 ) Msg[2] Ends Trans E2Q[3][3] -> [3][3]Y2Q
 (  160.00 ) Start Transmit from  Y2Q[3][4] -> [3][3]Y2Q 
 (  160.00 ) Msg[45] Ends Trans Y1Q[7][6] -> [7][6]E1Q
 (  160.00 ) Msg[45] Decides in E1Q[7][6] -> [7][6]PEQ 
 (  160.00 ) Start Transmit from  E1Q[7][6] -> [7][6]PEQ 
 (  160.00 ) Msg[52] Ends Trans Y2Q[4][2] -> [4][2]PEQ 
               Msg[52] Response Time : 160.00 cycles   Mean Response Time : 111.30 cycles
 (  160.00 ) Msg[70] Ends Trans E1Q[5][3] -> [5][3]E1Q
 (  160.00 ) Msg[70] Decides in E1Q[5][3] -> [5][3]PEQ 
 (  160.00 ) Start Transmit from  E1Q[5][3] -> [5][3]PEQ 
 (  160.00 ) Msg[41] Ends Trans Y2Q[3][3] -> [3][3]PEQ 
               Msg[41] Response Time : 160.00 cycles   Mean Response Time : 112.29 cycles
 (  160.00 ) Msg[2] Decides in Y2Q[3][3] -> [3][3]PEQ 
 (  160.00 ) Start Transmit from  Y2Q[3][3] -> [3][3]PEQ 
 (  160.00 ) Msg[61] Ends Trans Y2Q[3][2] -> [3][2]PEQ 
               Msg[61] Response Time : 160.00 cycles   Mean Response Time : 113.25 cycles
 (  160.00 ) Msg[13] Ends Trans Y2Q[3][1] -> [3][1]PEQ 
               Msg[13] Response Time : 160.00 cycles   Mean Response Time : 114.16 cycles
 (  160.00 ) Msg[62] Ends Trans X1Q[5][4] -> [5][4]E1Q
 (  160.00 ) Msg[62] Decides in E1Q[5][4] -> [5][4]PEQ 
 (  160.00 ) Start Transmit from  E1Q[5][4] -> [5][4]PEQ 
 (  160.00 ) Msg[54] Ends Trans Y2Q[6][0] -> [6][0]Y2Q
 (  160.00 ) Start Transmit from  E2Q[6][1] -> [6][0]Y2Q 
 (  160.00 ) Msg[54] Decides in Y2Q[6][0] -> [6][0]PEQ 
 (  160.00 ) Start Transmit from  Y2Q[6][0] -> [6][0]PEQ 
 (  160.00 ) Msg[15] Ends Trans Y1Q[1][3] -> [1][3]Y1Q
 (  160.00 ) Msg[15] Decides in Y1Q[1][3] -> [1][3]PEQ 
 (  160.00 ) Start Transmit from  Y1Q[1][3] -> [1][3]PEQ 
 (  160.00 ) Msg[3] Ends Trans X2Q[0][3] -> [0][2]E2Q
 (  160.00 ) Start Transmit from  E2Q[0][5] -> [0][3]E2Q 
 (  160.00 ) Msg[3] Decides in E2Q[0][3] -> [0][2]Y2Q 
 (  160.00 ) Start Transmit from  E2Q[0][3] -> [0][2]Y2Q 
 (  160.00 ) Msg[27] Ends Trans Y1Q[1][6] -> [1][6]PEQ 
               Msg[27] Response Time : 160.00 cycles   Mean Response Time : 115.05 cycles
 (  160.00 ) Msg[63] Ends Trans E1Q[7][1] -> [7][1]PEQ 
               Msg[63] Response Time : 160.00 cycles   Mean Response Time : 115.89 cycles
 (  161.81 ) Msg[93] Arrives in PEQ[6][0] -> [2][2] 
 (  161.81 ) Msg[93] Decides in PEQ[6][0] -> [2][2]E2Q 
 (  161.81 ) Start Transmit from  PEQ[6][0] -> [4][0]E2Q 
 (  162.39 ) Msg[87] Ends Trans PEQ[3][3] -> [6][0]X1Q
 (  162.39 ) Msg[87] Decides in X1Q[3][3] -> [6][0]E1Q 
 (  162.39 ) Start Transmit from  X1Q[3][3] -> [5][3]E1Q 
 (  163.16 ) Msg[75] Ends Trans E2Q[7][0] -> [7][0]E2Q
 (  163.16 ) Msg[75] Decides in E2Q[7][0] -> [7][0]PEQ 
 (  163.16 ) Start Transmit from  E2Q[7][0] -> [7][0]PEQ 
 (  163.33 ) Msg[94] Arrives in PEQ[6][5] -> [6][3] 
 (  163.33 ) Msg[94] Decides in PEQ[6][5] -> [6][3]E2Q 
 (  163.33 ) Start Transmit from  PEQ[6][5] -> [6][3]E2Q 
 (  166.76 ) Msg[88] Ends Trans PEQ[7][2] -> [7][6]Y1Q
 (  166.76 ) Msg[88] Decides in Y1Q[7][2] -> [7][6]E1Q 
 (  166.76 ) Start Transmit from  Y1Q[7][2] -> [7][4]E1Q 
 (  167.15 ) Msg[89] Ends Trans PEQ[1][5] -> [1][3]E2Q
 (  167.15 ) Msg[89] Decides in E2Q[1][5] -> [1][3]Y2Q 
 (  167.15 ) Start Transmit from  E2Q[1][5] -> [1][4]Y2Q 
 (  167.29 ) Msg[90] Ends Trans PEQ[5][5] -> [5][0]E2Q
 (  167.29 ) Msg[90] Decides in E2Q[5][5] -> [5][0]Y2Q 
 (  167.29 ) Start Transmit from  E2Q[5][5] -> [5][4]Y2Q 
 (  169.52 ) Msg[95] Arrives in PEQ[6][3] -> [1][6] 
 (  169.52 ) Msg[95] Decides in PEQ[6][3] -> [1][6]X2Q 
 (  169.52 ) Start Transmit from  PEQ[6][3] -> [5][3]X2Q 
 (  169.89 ) Msg[96] Arrives in PEQ[5][2] -> [7][3] 
 (  169.89 ) Msg[96] Decides in PEQ[5][2] -> [7][3]X1Q 
 (  169.89 ) Start Transmit from  PEQ[5][2] -> [6][2]X1Q 
 (  170.68 ) Msg[97] Arrives in PEQ[0][5] -> [2][4] 
 (  170.68 ) Msg[97] Decides in PEQ[0][5] -> [2][4]X1Q 
 (  170.68 ) Start Transmit from  PEQ[0][5] -> [1][5]X1Q 
 (  173.42 ) Msg[82] Ends Trans E1Q[4][5] -> [4][5]Y1Q
 (  173.42 ) Msg[82] Decides in Y1Q[4][5] -> [4][5]Q 
 (  173.50 ) Msg[98] Arrives in PEQ[0][1] -> [2][1] 
 (  173.50 ) Msg[98] Decides in PEQ[0][1] -> [2][1]X1Q 
 (  173.50 ) Start Transmit from  PEQ[0][1] -> [1][1]X1Q 
 (  174.87 ) Msg[99] Arrives in PEQ[6][3] -> [2][3] 
 (  174.87 ) Msg[99] Not Head Of Queue in PEQ[6][3] -> [2][3] 
 (  175.38 ) Msg[72] Ends Trans X1Q[6][5] -> [6][5]E2Q
 (  175.38 ) Msg[72] Decides in E2Q[6][5] -> [6][5]PEQ 
 (  175.38 ) Start Transmit from  E2Q[6][5] -> [6][5]PEQ 
 (  178.42 ) Msg[84] Ends Trans X2Q[2][0] -> [2][1]E2Q
 (  178.42 ) Msg[84] Decides in E2Q[2][0] -> [2][1]Y1Q 
 (  178.42 ) Start Transmit from  E2Q[2][0] -> [2][1]Y1Q 
 (  178.85 ) Msg[85] Ends Trans X1Q[2][1] -> [2][1]PEQ 
               Msg[85] Response Time : 64.00 cycles   Mean Response Time : 114.93 cycles
 (  179.45 ) Msg[91] Ends Trans PEQ[3][5] -> [3][4]X2Q
 (  179.45 ) Msg[91] Decides in X2Q[3][5] -> [3][4]Y2Q 
 (  179.45 ) Start Transmit from  X2Q[3][5] -> [3][4]Y2Q 
 (  180.13 ) Msg[100] Arrives in PEQ[4][6] -> [1][2] 
 (  180.13 ) Msg[100] Decides in PEQ[4][6] -> [1][2]E2Q 
 (  180.13 ) Start Transmit from  PEQ[4][6] -> [2][6]E2Q 
 (  181.16 ) Msg[78] Ends Trans Y2Q[5][4] -> [5][3]E2Q
 (  181.16 ) Msg[78] Decides in E2Q[5][4] -> [5][3]Y2Q 
 (  181.16 ) Start Transmit from  E2Q[5][4] -> [5][3]Y2Q 
 (  181.42 ) Msg[86] Ends Trans X2Q[3][4] -> [3][5]Y1Q
 (  181.42 ) Msg[86] Decides in Y1Q[3][4] -> [3][5]Y1Q 
 (  181.42 ) Start Transmit from  Y1Q[3][4] -> [3][5]Y1Q 
 (  181.70 ) Msg[101] Arrives in PEQ[1][4] -> [5][5] 
 (  181.70 ) Msg[101] Decides in PEQ[1][4] -> [5][5]X1Q 
 (  181.70 ) Start Transmit from  PEQ[1][4] -> [2][4]X1Q 
 (  182.60 ) Msg[79] Ends Trans E1Q[5][5] -> [7][6]E1Q
 (  182.60 ) Msg[79] Decides in E1Q[5][5] -> [7][6]E1Q 
 (  182.60 ) Start Transmit from  E1Q[5][5] -> [7][5]E1Q 
 (  184.85 ) Msg[92] Ends Trans PEQ[2][2] -> [0][1]E2Q
 (  184.85 ) Msg[92] Decides in E2Q[2][2] -> [0][1]E2Q 
 (  184.85 ) Start Transmit from  E2Q[2][2] -> [0][2]E2Q 
 (  185.20 ) Msg[80] Ends Trans E1Q[6][2] -> [6][3]E1Q
 (  185.20 ) Msg[80] Decides in E1Q[6][2] -> [6][3]Y1Q 
 (  185.20 ) Start Transmit from  E1Q[6][2] -> [6][3]Y1Q 
 (  192.00 ) Msg[60] Ends Trans X1Q[5][2] -> [5][0]E2Q
 (  192.00 ) Msg[9] Ends Trans E2Q[5][2] -> [5][2]PEQ 
               Msg[9] Response Time : 192.00 cycles   Mean Response Time : 116.33 cycles
 (  192.00 ) Msg[60] Decides in E2Q[5][2] -> [5][0]E2Q 
 (  192.00 ) Start Transmit from  E2Q[5][2] -> [5][0]E2Q 
 (  192.00 ) Msg[81] Ends Trans E2Q[2][3] -> [2][5]X2Q
 (  192.00 ) Msg[81] Decides in X2Q[2][3] -> [2][5]Q 
 (  192.00 ) Msg[76] Ends Trans Y1Q[5][5] -> [5][5]PEQ 
               Msg[76] Response Time : 119.68 cycles   Mean Response Time : 116.39 cycles
 (  192.00 ) Msg[66] Ends Trans E1Q[2][5] -> [2][5]E1Q
 (  192.00 ) Start Transmit from  X2Q[2][3] -> [2][5]E1Q 
 (  192.00 ) Msg[66] Decides in E1Q[2][5] -> [2][5]PEQ 
 (  192.00 ) Start Transmit from  E1Q[2][5] -> [2][5]PEQ 
 (  192.00 ) Msg[73] Ends Trans X2Q[0][5] -> [0][5]E2Q
 (  192.00 ) Msg[65] Ends Trans E1Q[0][5] -> [0][5]PEQ 
               Msg[65] Response Time : 191.25 cycles   Mean Response Time : 117.71 cycles
 (  192.00 ) Msg[20] Ends Trans Y2Q[1][1] -> [1][1]PEQ 
               Msg[20] Response Time : 192.00 cycles   Mean Response Time : 118.99 cycles
 (  192.00 ) Msg[33] Ends Trans E2Q[6][2] -> [6][2]Y2Q
 (  192.00 ) Msg[33] Decides in Y2Q[6][2] -> [6][2]PEQ 
 (  192.00 ) Start Transmit from  Y2Q[6][2] -> [6][2]PEQ 
 (  192.00 ) Msg[57] Ends Trans E2Q[4][5] -> [4][5]PEQ 
               Msg[57] Response Time : 192.00 cycles   Mean Response Time : 120.23 cycles
 (  192.00 ) Start Transmit from  Y1Q[4][5] -> [4][5]PEQ 
 (  192.00 ) Msg[43] Ends Trans E2Q[4][1] -> [4][1]PEQ 
               Msg[43] Response Time : 192.00 cycles   Mean Response Time : 121.42 cycles
 (  192.00 ) Msg[10] Ends Trans Y2Q[4][0] -> [4][0]PEQ 
               Msg[10] Response Time : 192.00 cycles   Mean Response Time : 122.58 cycles
 (  192.00 ) Msg[22] Ends Trans E1Q[2][7] -> [2][7]PEQ 
               Msg[22] Response Time : 192.00 cycles   Mean Response Time : 123.70 cycles
 (  192.00 ) Msg[77] Ends Trans Y2Q[3][3] -> [3][3]Y2Q
 (  192.00 ) Msg[45] Ends Trans E1Q[7][6] -> [7][6]PEQ 
               Msg[45] Response Time : 192.00 cycles   Mean Response Time : 124.78 cycles
 (  192.00 ) Msg[70] Ends Trans E1Q[5][3] -> [5][3]PEQ 
               Msg[70] Response Time : 158.34 cycles   Mean Response Time : 125.31 cycles
 (  192.00 ) Msg[2] Ends Trans Y2Q[3][3] -> [3][3]PEQ 
               Msg[2] Response Time : 192.00 cycles   Mean Response Time : 126.33 cycles
 (  192.00 ) Msg[77] Decides in Y2Q[3][3] -> [3][3]PEQ 
 (  192.00 ) Start Transmit from  Y2Q[3][3] -> [3][3]PEQ 
 (  192.00 ) Msg[62] Ends Trans E1Q[5][4] -> [5][4]PEQ 
               Msg[62] Response Time : 192.00 cycles   Mean Response Time : 127.33 cycles
 (  192.00 ) Msg[83] Ends Trans E2Q[6][0] -> [6][0]Y2Q
 (  192.00 ) Msg[54] Ends Trans Y2Q[6][0] -> [6][0]PEQ 
               Msg[54] Response Time : 192.00 cycles   Mean Response Time : 128.29 cycles
 (  192.00 ) Msg[83] Decides in Y2Q[6][0] -> [6][0]PEQ 
 (  192.00 ) Start Transmit from  Y2Q[6][0] -> [6][0]PEQ 
 (  192.00 ) Msg[15] Ends Trans Y1Q[1][3] -> [1][3]PEQ 
               Msg[15] Response Time : 192.00 cycles   Mean Response Time : 129.23 cycles
 (  192.00 ) Msg[1] Ends Trans E2Q[0][3] -> [0][3]E2Q
 (  192.00 ) Msg[73] Decides in E2Q[0][5] -> [0][5]PEQ 
 (  192.00 ) Start Transmit from  E2Q[0][5] -> [0][5]PEQ 
 (  192.00 ) Msg[3] Ends Trans E2Q[0][2] -> [0][2]Y2Q
 (  192.00 ) Msg[1] Decides in E2Q[0][3] -> [0][3]PEQ 
 (  192.00 ) Start Transmit from  E2Q[0][3] -> [0][3]PEQ 
 (  192.00 ) Msg[3] Decides in Y2Q[0][2] -> [0][2]PEQ 
 (  192.00 ) Start Transmit from  Y2Q[0][2] -> [0][2]PEQ 
 (  193.81 ) Msg[93] Ends Trans PEQ[4][0] -> [2][2]E2Q
 (  193.81 ) Msg[93] Decides in E2Q[4][0] -> [2][2]E2Q 
 (  193.81 ) Start Transmit from  E2Q[4][0] -> [2][0]E2Q 
 (  194.39 ) Msg[87] Ends Trans X1Q[5][3] -> [6][0]E1Q
 (  194.39 ) Msg[87] Decides in E1Q[5][3] -> [6][0]X1Q 
 (  194.39 ) Start Transmit from  E1Q[5][3] -> [6][3]X1Q 
 (  194.80 ) Msg[102] Arrives in PEQ[3][1] -> [5][4] 
 (  194.80 ) Msg[102] Decides in PEQ[3][1] -> [5][4]E1Q 
 (  194.80 ) Start Transmit from  PEQ[3][1] -> [5][1]E1Q 
 (  195.16 ) Msg[75] Ends Trans E2Q[7][0] -> [7][0]PEQ 
               Msg[75] Response Time : 128.00 cycles   Mean Response Time : 129.21 cycles
 (  195.33 ) Msg[94] Ends Trans PEQ[6][3] -> [6][3]E2Q
 (  195.33 ) Msg[94] Decides in E2Q[6][3] -> [6][3]PEQ 
 (  195.33 ) Start Transmit from  E2Q[6][3] -> [6][3]PEQ 
 (  198.76 ) Msg[88] Ends Trans Y1Q[7][4] -> [7][6]E1Q
 (  198.76 ) Msg[88] Decides in E1Q[7][4] -> [7][6]E1Q 
 (  198.76 ) Start Transmit from  E1Q[7][4] -> [7][6]E1Q 
 (  199.15 ) Msg[89] Ends Trans E2Q[1][4] -> [1][3]Y2Q
 (  199.15 ) Msg[89] Decides in Y2Q[1][4] -> [1][3]Y2Q 
 (  199.15 ) Start Transmit from  Y2Q[1][4] -> [1][3]Y2Q 
 (  199.29 ) Msg[90] Ends Trans E2Q[5][4] -> [5][0]Y2Q
 (  199.29 ) Msg[90] Decides in Y2Q[5][4] -> [5][0]E2Q 
 (  199.29 ) Start Transmit from  Y2Q[5][4] -> [5][2]E2Q 
 (  201.52 ) Msg[95] Ends Trans PEQ[5][3] -> [1][6]X2Q
 (  201.52 ) Msg[99] Decides in PEQ[6][3] -> [2][3]X2Q 
 (  201.52 ) Start Transmit from  PEQ[6][3] -> [5][3]X2Q 
 (  201.52 ) Msg[95] Decides in X2Q[5][3] -> [1][6]E2Q 
 (  201.52 ) Start Transmit from  X2Q[5][3] -> [3][3]E2Q 
 (  201.89 ) Msg[96] Ends Trans PEQ[6][2] -> [7][3]X1Q
 (  201.89 ) Msg[96] Decides in X1Q[6][2] -> [7][3]X1Q 
 (  201.89 ) Start Transmit from  X1Q[6][2] -> [7][2]X1Q 
 (  202.68 ) Msg[97] Ends Trans PEQ[1][5] -> [2][4]X1Q
 (  202.68 ) Msg[97] Decides in X1Q[1][5] -> [2][4]X1Q 
 (  202.68 ) Start Transmit from  X1Q[1][5] -> [2][5]X1Q 
 (  205.50 ) Msg[98] Ends Trans PEQ[1][1] -> [2][1]X1Q
 (  205.50 ) Msg[98] Decides in X1Q[1][1] -> [2][1]X1Q 
 (  205.50 ) Start Transmit from  X1Q[1][1] -> [2][1]X1Q 
 (  205.68 ) Msg[103] Arrives in PEQ[1][3] -> [1][0] 
 (  205.68 ) Msg[103] Decides in PEQ[1][3] -> [1][0]Y2Q 
 (  205.68 ) Start Transmit from  PEQ[1][3] -> [1][2]Y2Q 
 (  207.38 ) Msg[72] Ends Trans E2Q[6][5] -> [6][5]PEQ 
               Msg[72] Response Time : 160.00 cycles   Mean Response Time : 129.65 cycles
 (  207.53 ) Msg[104] Arrives in PEQ[2][2] -> [6][6] 
 (  207.53 ) Msg[104] Decides in PEQ[2][2] -> [6][6]E1Q 
 (  207.53 ) Start Transmit from  PEQ[2][2] -> [4][2]E1Q 
 (  209.16 ) Msg[105] Arrives in PEQ[6][2] -> [6][0] 
 (  209.16 ) Msg[105] Decides in PEQ[6][2] -> [6][0]Y2Q 
 (  209.16 ) Start Transmit from  PEQ[6][2] -> [6][1]Y2Q 
 (  210.42 ) Msg[84] Ends Trans E2Q[2][1] -> [2][1]Y1Q
 (  210.42 ) Msg[84] Decides in Y1Q[2][1] -> [2][1]PEQ 
 (  210.42 ) Start Transmit from  Y1Q[2][1] -> [2][1]PEQ 
 (  211.45 ) Msg[91] Ends Trans X2Q[3][4] -> [3][4]Y2Q
 (  211.45 ) Msg[91] Decides in Y2Q[3][4] -> [3][4]PEQ 
 (  211.45 ) Start Transmit from  Y2Q[3][4] -> [3][4]PEQ 
 (  212.13 ) Msg[100] Ends Trans PEQ[2][6] -> [1][2]E2Q
 (  212.13 ) Msg[100] Decides in E2Q[2][6] -> [1][2]X2Q 
 (  212.13 ) Start Transmit from  E2Q[2][6] -> [1][6]X2Q 
 (  213.16 ) Msg[78] Ends Trans E2Q[5][3] -> [5][3]Y2Q
 (  213.16 ) Msg[78] Decides in Y2Q[5][3] -> [5][3]PEQ 
 (  213.16 ) Start Transmit from  Y2Q[5][3] -> [5][3]PEQ 
 (  213.42 ) Msg[86] Ends Trans Y1Q[3][5] -> [3][5]Y1Q
 (  213.42 ) Msg[86] Decides in Y1Q[3][5] -> [3][5]PEQ 
 (  213.42 ) Start Transmit from  Y1Q[3][5] -> [3][5]PEQ 
 (  213.50 ) Msg[106] Arrives in PEQ[6][3] -> [2][4] 
 (  213.50 ) Msg[106] Not Head Of Queue in PEQ[6][3] -> [2][4] 
 (  213.70 ) Msg[101] Ends Trans PEQ[2][4] -> [5][5]X1Q
 (  213.70 ) Msg[101] Decides in X1Q[2][4] -> [5][5]E1Q 
 (  213.70 ) Start Transmit from  X1Q[2][4] -> [4][4]E1Q 
 (  214.60 ) Msg[79] Ends Trans E1Q[7][5] -> [7][6]E1Q
 (  214.60 ) Msg[79] Decides in E1Q[7][5] -> [7][6]Y1Q 
 (  214.60 ) Start Transmit from  E1Q[7][5] -> [7][6]Y1Q 
 (  216.85 ) Msg[92] Ends Trans E2Q[0][2] -> [0][1]E2Q
 (  216.85 ) Msg[92] Decides in E2Q[0][2] -> [0][1]Y2Q 
 (  216.85 ) Start Transmit from  E2Q[0][2] -> [0][1]Y2Q 
 (  217.20 ) Msg[80] Ends Trans E1Q[6][3] -> [6][3]Y1Q
 (  217.20 ) Msg[80] Decides in Y1Q[6][3] -> [6][3]Q 
 (  223.09 ) Msg[107] Arrives in PEQ[1][1] -> [7][4] 
 (  223.09 ) Msg[107] Decides in PEQ[1][1] -> [7][4]E1Q 
 (  223.09 ) Start Transmit from  PEQ[1][1] -> [3][1]E1Q 
 (  224.00 ) Msg[60] Ends Trans E2Q[5][0] -> [5][0]E2Q
 (  224.00 ) Msg[60] Decides in E2Q[5][0] -> [5][0]PEQ 
 (  224.00 ) Start Transmit from  E2Q[5][0] -> [5][0]PEQ 
 (  224.00 ) Msg[81] Ends Trans X2Q[2][5] -> [2][5]E1Q
 (  224.00 ) Msg[66] Ends Trans E1Q[2][5] -> [2][5]PEQ 
               Msg[66] Response Time : 216.83 cycles   Mean Response Time : 130.88 cycles
 (  224.00 ) Msg[81] Decides in E1Q[2][5] -> [2][5]PEQ 
 (  224.00 ) Start Transmit from  E1Q[2][5] -> [2][5]PEQ 
 (  224.00 ) Msg[33] Ends Trans Y2Q[6][2] -> [6][2]PEQ 
               Msg[33] Response Time : 224.00 cycles   Mean Response Time : 132.17 cycles
 (  224.00 ) Msg[82] Ends Trans Y1Q[4][5] -> [4][5]PEQ 
               Msg[82] Response Time : 114.58 cycles   Mean Response Time : 131.93 cycles
 (  224.00 ) Msg[77] Ends Trans Y2Q[3][3] -> [3][3]PEQ 
               Msg[77] Response Time : 140.97 cycles   Mean Response Time : 132.05 cycles
 (  224.00 ) Msg[83] Ends Trans Y2Q[6][0] -> [6][0]PEQ 
               Msg[83] Response Time : 111.75 cycles   Mean Response Time : 131.78 cycles
 (  224.00 ) Msg[73] Ends Trans E2Q[0][5] -> [0][5]PEQ 
               Msg[73] Response Time : 169.43 cycles   Mean Response Time : 132.28 cycles
 (  224.00 ) Msg[1] Ends Trans E2Q[0][3] -> [0][3]PEQ 
               Msg[1] Response Time : 224.00 cycles   Mean Response Time : 133.47 cycles
 (  224.00 ) Msg[3] Ends Trans Y2Q[0][2] -> [0][2]PEQ 
               Msg[3] Response Time : 224.00 cycles   Mean Response Time : 134.63 cycles
 (  224.17 ) Msg[108] Arrives in PEQ[0][2] -> [7][1] 
 (  224.17 ) Msg[108] Decides in PEQ[0][2] -> [7][1]E1Q 
 (  224.17 ) Start Transmit from  PEQ[0][2] -> [2][2]E1Q 
 (  224.89 ) Msg[109] Arrives in PEQ[5][0] -> [6][3] 
 (  224.89 ) Msg[109] Decides in PEQ[5][0] -> [6][3]X1Q 
 (  224.89 ) Start Transmit from  PEQ[5][0] -> [6][0]X1Q 
 (  225.81 ) Msg[93] Ends Trans E2Q[2][0] -> [2][2]E2Q
 (  225.81 ) Msg[93] Decides in E2Q[2][0] -> [2][2]Y1Q 
 (  225.81 ) Start Transmit from  E2Q[2][0] -> [2][1]Y1Q 
 (  226.39 ) Msg[87] Ends Trans E1Q[6][3] -> [6][0]X1Q
 (  226.39 ) Msg[87] Decides in X1Q[6][3] -> [6][0]E2Q 
 (  226.39 ) Start Transmit from  X1Q[6][3] -> [6][1]E2Q 
 (  226.80 ) Msg[102] Ends Trans PEQ[5][1] -> [5][4]E1Q
 (  226.80 ) Msg[102] Decides in E1Q[5][1] -> [5][4]Y1Q 
 (  226.80 ) Start Transmit from  E1Q[5][1] -> [5][2]Y1Q 
 (  227.33 ) Msg[94] Ends Trans E2Q[6][3] -> [6][3]PEQ 
               Msg[94] Response Time : 64.00 cycles   Mean Response Time : 133.74 cycles
 (  227.33 ) Start Transmit from  Y1Q[6][3] -> [6][3]PEQ 
 (  230.76 ) Msg[88] Ends Trans E1Q[7][6] -> [7][6]E1Q
 (  230.76 ) Msg[88] Decides in E1Q[7][6] -> [7][6]PEQ 
 (  230.76 ) Start Transmit from  E1Q[7][6] -> [7][6]PEQ 
 (  231.03 ) Msg[110] Arrives in PEQ[4][0] -> [4][4] 
 (  231.03 ) Msg[110] Decides in PEQ[4][0] -> [4][4]Y1Q 
 (  231.03 ) Start Transmit from  PEQ[4][0] -> [4][1]Y1Q 
 (  231.15 ) Msg[89] Ends Trans Y2Q[1][3] -> [1][3]Y2Q
 (  231.15 ) Msg[89] Decides in Y2Q[1][3] -> [1][3]PEQ 
 (  231.15 ) Start Transmit from  Y2Q[1][3] -> [1][3]PEQ 
 (  231.29 ) Msg[90] Ends Trans Y2Q[5][2] -> [5][0]E2Q
 (  231.29 ) Msg[90] Decides in E2Q[5][2] -> [5][0]E2Q 
 (  231.29 ) Start Transmit from  E2Q[5][2] -> [5][0]E2Q 
 (  231.51 ) Msg[111] Arrives in PEQ[2][3] -> [7][1] 
 (  231.51 ) Msg[111] Decides in PEQ[2][3] -> [7][1]X1Q 
 (  231.51 ) Start Transmit from  PEQ[2][3] -> [3][3]X1Q 
 (  233.52 ) Msg[99] Ends Trans PEQ[5][3] -> [2][3]X2Q
 (  233.52 ) Msg[106] Decides in PEQ[6][3] -> [2][4]X2Q 
 (  233.52 ) Start Transmit from  PEQ[6][3] -> [5][3]X2Q 
 (  233.52 ) Msg[95] Ends Trans X2Q[3][3] -> [1][6]E2Q
 (  233.52 ) Msg[99] Decides in X2Q[5][3] -> [2][3]E2Q 
 (  233.52 ) Start Transmit from  X2Q[5][3] -> [3][3]E2Q 
 (  233.52 ) Msg[95] Decides in E2Q[3][3] -> [1][6]E2Q 
 (  233.52 ) Start Transmit from  E2Q[3][3] -> [1][3]E2Q 
 (  233.89 ) Msg[96] Ends Trans X1Q[7][2] -> [7][3]X1Q
 (  233.89 ) Msg[96] Decides in X1Q[7][2] -> [7][3]Y1Q 
 (  233.89 ) Start Transmit from  X1Q[7][2] -> [7][3]Y1Q 
 (  234.68 ) Msg[97] Ends Trans X1Q[2][5] -> [2][4]X1Q
 (  234.68 ) Msg[97] Decides in X1Q[2][5] -> [2][4]Y2Q 
 (  234.68 ) Start Transmit from  X1Q[2][5] -> [2][4]Y2Q 
 (  237.50 ) Msg[98] Ends Trans X1Q[2][1] -> [2][1]X1Q
 (  237.50 ) Msg[98] Decides in X1Q[2][1] -> [2][1]Q 
 (  237.68 ) Msg[103] Ends Trans PEQ[1][2] -> [1][0]Y2Q
 (  237.68 ) Msg[103] Decides in Y2Q[1][2] -> [1][0]E2Q 
 (  237.68 ) Start Transmit from  Y2Q[1][2] -> [1][0]E2Q 
 (  239.53 ) Msg[104] Ends Trans PEQ[4][2] -> [6][6]E1Q
 (  239.53 ) Msg[104] Decides in E1Q[4][2] -> [6][6]E1Q 
 (  239.53 ) Start Transmit from  E1Q[4][2] -> [6][2]E1Q 
 (  241.16 ) Msg[105] Ends Trans PEQ[6][1] -> [6][0]Y2Q
 (  241.16 ) Msg[105] Decides in Y2Q[6][1] -> [6][0]Y2Q 
 (  241.16 ) Start Transmit from  Y2Q[6][1] -> [6][0]Y2Q 
 (  241.31 ) Msg[112] Arrives in PEQ[0][2] -> [0][3] 
 (  241.31 ) Msg[112] Not Head Of Queue in PEQ[0][2] -> [0][3] 
 (  242.42 ) Msg[84] Ends Trans Y1Q[2][1] -> [2][1]PEQ 
               Msg[84] Response Time : 128.00 cycles   Mean Response Time : 133.67 cycles
 (  242.42 ) Start Transmit from  X1Q[2][1] -> [2][1]PEQ 
 (  243.45 ) Msg[91] Ends Trans Y2Q[3][4] -> [3][4]PEQ 
               Msg[91] Response Time : 96.00 cycles   Mean Response Time : 133.20 cycles
 (  244.13 ) Msg[100] Ends Trans E2Q[1][6] -> [1][2]X2Q
 (  244.13 ) Msg[100] Decides in X2Q[1][6] -> [1][2]E2Q 
 (  244.13 ) Start Transmit from  X2Q[1][6] -> [1][4]E2Q 
 (  245.16 ) Msg[78] Ends Trans Y2Q[5][3] -> [5][3]PEQ 
               Msg[78] Response Time : 160.00 cycles   Mean Response Time : 133.53 cycles
 (  245.42 ) Msg[86] Ends Trans Y1Q[3][5] -> [3][5]PEQ 
               Msg[86] Response Time : 128.00 cycles   Mean Response Time : 133.46 cycles
 (  245.70 ) Msg[101] Ends Trans X1Q[4][4] -> [5][5]E1Q
 (  245.70 ) Msg[101] Decides in E1Q[4][4] -> [5][5]X1Q 
 (  245.70 ) Start Transmit from  E1Q[4][4] -> [5][4]X1Q 
 (  246.60 ) Msg[79] Ends Trans E1Q[7][6] -> [7][6]Y1Q
 (  246.60 ) Msg[79] Decides in Y1Q[7][6] -> [7][6]Q 
 (  248.85 ) Msg[92] Ends Trans E2Q[0][1] -> [0][1]Y2Q
 (  248.85 ) Msg[92] Decides in Y2Q[0][1] -> [0][1]PEQ 
 (  248.85 ) Start Transmit from  Y2Q[0][1] -> [0][1]PEQ 
 (  254.40 ) Msg[113] Arrives in PEQ[1][6] -> [7][2] 
 (  254.40 ) Msg[113] Decides in PEQ[1][6] -> [7][2]X1Q 
 (  254.40 ) Start Transmit from  PEQ[1][6] -> [2][6]X1Q 
 (  255.09 ) Msg[107] Ends Trans PEQ[3][1] -> [7][4]E1Q
 (  255.09 ) Msg[107] Decides in E1Q[3][1] -> [7][4]E1Q 
 (  255.09 ) Start Transmit from  E1Q[3][1] -> [5][1]E1Q 
 (  256.00 ) Msg[60] Ends Trans E2Q[5][0] -> [5][0]PEQ 
               Msg[60] Response Time : 256.00 cycles   Mean Response Time : 134.92 cycles
 (  256.00 ) Msg[81] Ends Trans E1Q[2][5] -> [2][5]PEQ 
               Msg[81] Response Time : 148.17 cycles   Mean Response Time : 135.08 cycles
 (  256.17 ) Msg[108] Ends Trans PEQ[2][2] -> [7][1]E1Q
 (  256.17 ) Msg[112] Decides in PEQ[0][2] -> [0][3]Y1Q 
 (  256.17 ) Start Transmit from  PEQ[0][2] -> [0][3]Y1Q 
 (  256.17 ) Msg[108] Decides in E1Q[2][2] -> [7][1]E1Q 
 (  256.17 ) Start Transmit from  E1Q[2][2] -> [4][2]E1Q 
 (  256.89 ) Msg[109] Ends Trans PEQ[6][0] -> [6][3]X1Q
 (  256.89 ) Msg[109] Decides in X1Q[6][0] -> [6][3]Y1Q 
 (  256.89 ) Start Transmit from  X1Q[6][0] -> [6][1]Y1Q 
 (  257.74 ) Msg[114] Arrives in PEQ[1][6] -> [2][5] 
 (  257.74 ) Msg[114] Not Head Of Queue in PEQ[1][6] -> [2][5] 
 (  257.81 ) Msg[93] Ends Trans E2Q[2][1] -> [2][2]Y1Q
 (  257.81 ) Msg[93] Decides in Y1Q[2][1] -> [2][2]Y1Q 
 (  257.81 ) Start Transmit from  Y1Q[2][1] -> [2][2]Y1Q 
 (  258.39 ) Msg[87] Ends Trans X1Q[6][1] -> [6][0]E2Q
 (  258.39 ) Msg[87] Decides in E2Q[6][1] -> [6][0]Q 
 (  258.80 ) Msg[102] Ends Trans E1Q[5][2] -> [5][4]Y1Q
 (  258.80 ) Msg[102] Decides in Y1Q[5][2] -> [5][4]E1Q 
 (  258.80 ) Start Transmit from  Y1Q[5][2] -> [5][4]E1Q 
 (  259.33 ) Msg[80] Ends Trans Y1Q[6][3] -> [6][3]PEQ 
               Msg[80] Response Time : 170.13 cycles   Mean Response Time : 135.48 cycles
 (  262.66 ) Msg[115] Arrives in PEQ[2][4] -> [1][7] 
 (  262.66 ) Msg[115] Decides in PEQ[2][4] -> [1][7]X2Q 
 (  262.66 ) Start Transmit from  PEQ[2][4] -> [1][4]X2Q 
 (  262.76 ) Msg[88] Ends Trans E1Q[7][6] -> [7][6]PEQ 
               Msg[88] Response Time : 128.00 cycles   Mean Response Time : 135.40 cycles
 (  262.76 ) Start Transmit from  Y1Q[7][6] -> [7][6]PEQ 
 (  263.03 ) Msg[110] Ends Trans PEQ[4][1] -> [4][4]Y1Q
 (  263.03 ) Msg[110] Decides in Y1Q[4][1] -> [4][4]E1Q 
 (  263.03 ) Start Transmit from  Y1Q[4][1] -> [4][3]E1Q 
 (  263.15 ) Msg[89] Ends Trans Y2Q[1][3] -> [1][3]PEQ 
               Msg[89] Response Time : 128.00 cycles   Mean Response Time : 135.31 cycles
 (  263.29 ) Msg[90] Ends Trans E2Q[5][0] -> [5][0]E2Q
 (  263.29 ) Msg[90] Decides in E2Q[5][0] -> [5][0]PEQ 
 (  263.29 ) Start Transmit from  E2Q[5][0] -> [5][0]PEQ 
 (  263.51 ) Msg[111] Ends Trans PEQ[3][3] -> [7][1]X1Q
 (  263.51 ) Msg[111] Decides in X1Q[3][3] -> [7][1]E1Q 
 (  263.51 ) Start Transmit from  X1Q[3][3] -> [5][3]E1Q 
 (  265.52 ) Msg[106] Ends Trans PEQ[5][3] -> [2][4]X2Q
 (  265.52 ) Msg[99] Ends Trans X2Q[3][3] -> [2][3]E2Q
 (  265.52 ) Msg[106] Decides in X2Q[5][3] -> [2][4]E2Q 
 (  265.52 ) Start Transmit from  X2Q[5][3] -> [3][3]E2Q 
 (  265.52 ) Msg[95] Ends Trans E2Q[1][3] -> [1][6]E2Q
 (  265.52 ) Msg[99] Decides in E2Q[3][3] -> [2][3]X2Q 
 (  265.52 ) Start Transmit from  E2Q[3][3] -> [2][3]X2Q 
 (  265.52 ) Msg[95] Decides in E2Q[1][3] -> [1][6]Y1Q 
 (  265.52 ) Start Transmit from  E2Q[1][3] -> [1][4]Y1Q 
 (  265.89 ) Msg[96] Ends Trans X1Q[7][3] -> [7][3]Y1Q
 (  265.89 ) Msg[96] Decides in Y1Q[7][3] -> [7][3]PEQ 
 (  265.89 ) Start Transmit from  Y1Q[7][3] -> [7][3]PEQ 
 (  266.68 ) Msg[97] Ends Trans X1Q[2][4] -> [2][4]Y2Q
 (  266.68 ) Msg[97] Decides in Y2Q[2][4] -> [2][4]PEQ 
 (  266.68 ) Start Transmit from  Y2Q[2][4] -> [2][4]PEQ 
 (  269.31 ) Msg[116] Arrives in PEQ[2][3] -> [3][2] 
 (  269.31 ) Msg[116] Decides in PEQ[2][3] -> [3][2]X1Q 
 (  269.31 ) Start Transmit from  PEQ[2][3] -> [3][3]X1Q 
 (  269.68 ) Msg[103] Ends Trans Y2Q[1][0] -> [1][0]E2Q
 (  269.68 ) Msg[103] Decides in E2Q[1][0] -> [1][0]PEQ 
 (  269.68 ) Start Transmit from  E2Q[1][0] -> [1][0]PEQ 
 (  271.53 ) Msg[104] Ends Trans E1Q[6][2] -> [6][6]E1Q
 (  271.53 ) Msg[104] Decides in E1Q[6][2] -> [6][6]Y1Q 
 (  271.53 ) Start Transmit from  E1Q[6][2] -> [6][3]Y1Q 
 (  273.16 ) Msg[105] Ends Trans Y2Q[6][0] -> [6][0]Y2Q
 (  273.16 ) Start Transmit from  E2Q[6][1] -> [6][0]Y2Q 
 (  273.16 ) Msg[105] Decides in Y2Q[6][0] -> [6][0]PEQ 
 (  273.16 ) Start Transmit from  Y2Q[6][0] -> [6][0]PEQ 
 (  274.42 ) Msg[98] Ends Trans X1Q[2][1] -> [2][1]PEQ 
               Msg[98] Response Time : 100.92 cycles   Mean Response Time : 134.93 cycles
 (  275.44 ) Msg[117] Arrives in PEQ[2][1] -> [7][2] 
 (  275.44 ) Msg[117] Decides in PEQ[2][1] -> [7][2]X1Q 
 (  275.44 ) Start Transmit from  PEQ[2][1] -> [3][1]X1Q 
 (  276.13 ) Msg[100] Ends Trans X2Q[1][4] -> [1][2]E2Q
 (  276.13 ) Msg[100] Decides in E2Q[1][4] -> [1][2]E2Q 
 (  276.13 ) Start Transmit from  E2Q[1][4] -> [1][2]E2Q 
 (  276.20 ) Msg[118] Arrives in PEQ[2][1] -> [1][5] 
 (  276.20 ) Msg[118] Not Head Of Queue in PEQ[2][1] -> [1][5] 
 (  277.51 ) Msg[119] Arrives in PEQ[5][4] -> [2][2] 
 (  277.51 ) Msg[119] Decides in PEQ[5][4] -> [2][2]X2Q 
 (  277.51 ) Start Transmit from  PEQ[5][4] -> [4][4]X2Q 
 (  277.70 ) Msg[101] Ends Trans E1Q[5][4] -> [5][5]X1Q
 (  277.70 ) Msg[101] Decides in X1Q[5][4] -> [5][5]Y1Q 
 (  277.70 ) Start Transmit from  X1Q[5][4] -> [5][5]Y1Q 
 (  278.66 ) Msg[120] Arrives in PEQ[3][4] -> [1][6] 
 (  278.66 ) Msg[120] Decides in PEQ[3][4] -> [1][6]X2Q 
 (  278.66 ) Start Transmit from  PEQ[3][4] -> [2][4]X2Q 
 (  279.89 ) Msg[121] Arrives in PEQ[1][3] -> [6][6] 
 (  279.89 ) Msg[121] Decides in PEQ[1][3] -> [6][6]E1Q 
 (  279.89 ) Start Transmit from  PEQ[1][3] -> [3][3]E1Q 
 (  280.85 ) Msg[92] Ends Trans Y2Q[0][1] -> [0][1]PEQ 
               Msg[92] Response Time : 128.00 cycles   Mean Response Time : 134.85 cycles
 (  286.40 ) Msg[113] Ends Trans PEQ[2][6] -> [7][2]X1Q
 (  286.40 ) Msg[114] Decides in PEQ[1][6] -> [2][5]X1Q 
 (  286.40 ) Start Transmit from  PEQ[1][6] -> [2][6]X1Q 
 (  286.40 ) Msg[113] Decides in X1Q[2][6] -> [7][2]E1Q 
 (  286.40 ) Start Transmit from  X1Q[2][6] -> [4][6]E1Q 
 (  287.09 ) Msg[107] Ends Trans E1Q[5][1] -> [7][4]E1Q
 (  287.09 ) Msg[107] Decides in E1Q[5][1] -> [7][4]E1Q 
 (  287.09 ) Start Transmit from  E1Q[5][1] -> [7][1]E1Q 
 (  287.38 ) Msg[122] Arrives in PEQ[2][4] -> [0][0] 
 (  287.38 ) Msg[122] Not Head Of Queue in PEQ[2][4] -> [0][0] 
 (  288.17 ) Msg[112] Ends Trans PEQ[0][3] -> [0][3]Y1Q
 (  288.17 ) Msg[112] Decides in Y1Q[0][3] -> [0][3]PEQ 
 (  288.17 ) Start Transmit from  Y1Q[0][3] -> [0][3]PEQ 
 (  288.17 ) Msg[108] Ends Trans E1Q[4][2] -> [7][1]E1Q
 (  288.17 ) Msg[108] Decides in E1Q[4][2] -> [7][1]E1Q 
 (  288.17 ) Start Transmit from  E1Q[4][2] -> [6][2]E1Q 
 (  288.89 ) Msg[109] Ends Trans X1Q[6][1] -> [6][3]Y1Q
 (  288.89 ) Msg[109] Decides in Y1Q[6][1] -> [6][3]E1Q 
 (  288.89 ) Start Transmit from  Y1Q[6][1] -> [6][3]E1Q 
 (  289.04 ) Msg[123] Arrives in PEQ[5][0] -> [0][3] 
 (  289.04 ) Msg[123] Decides in PEQ[5][0] -> [0][3]X2Q 
 (  289.04 ) Start Transmit from  PEQ[5][0] -> [4][0]X2Q 
 (  289.81 ) Msg[93] Ends Trans Y1Q[2][2] -> [2][2]Y1Q
 (  289.81 ) Msg[93] Decides in Y1Q[2][2] -> [2][2]PEQ 
 (  289.81 ) Start Transmit from  Y1Q[2][2] -> [2][2]PEQ 
 (  290.80 ) Msg[102] Ends Trans Y1Q[5][4] -> [5][4]E1Q
 (  290.80 ) Msg[102] Decides in E1Q[5][4] -> [5][4]PEQ 
 (  290.80 ) Start Transmit from  E1Q[5][4] -> [5][4]PEQ 
 (  291.74 ) Msg[124] Arrives in PEQ[1][1] -> [6][3] 
 (  291.74 ) Msg[124] Decides in PEQ[1][1] -> [6][3]E1Q 
 (  291.74 ) Start Transmit from  PEQ[1][1] -> [3][1]E1Q 
 (  294.66 ) Msg[115] Ends Trans PEQ[1][4] -> [1][7]X2Q
 (  294.66 ) Msg[122] Decides in PEQ[2][4] -> [0][0]E2Q 
 (  294.66 ) Start Transmit from  PEQ[2][4] -> [0][4]E2Q 
 (  294.66 ) Msg[115] Decides in X2Q[1][4] -> [1][7]E1Q 
 (  294.66 ) Start Transmit from  X2Q[1][4] -> [1][6]E1Q 
 (  294.76 ) Msg[79] Ends Trans Y1Q[7][6] -> [7][6]PEQ 
               Msg[79] Response Time : 208.16 cycles   Mean Response Time : 135.65 cycles
 (  295.03 ) Msg[110] Ends Trans Y1Q[4][3] -> [4][4]E1Q
 (  295.03 ) Msg[110] Decides in E1Q[4][3] -> [4][4]Y1Q 
 (  295.03 ) Start Transmit from  E1Q[4][3] -> [4][4]Y1Q 
 (  295.29 ) Msg[90] Ends Trans E2Q[5][0] -> [5][0]PEQ 
               Msg[90] Response Time : 160.00 cycles   Mean Response Time : 135.92 cycles
 (  295.51 ) Msg[111] Ends Trans X1Q[5][3] -> [7][1]E1Q
 (  295.51 ) Msg[111] Decides in E1Q[5][3] -> [7][1]E1Q 
 (  295.51 ) Start Transmit from  E1Q[5][3] -> [7][3]E1Q 
 (  297.52 ) Msg[106] Ends Trans X2Q[3][3] -> [2][4]E2Q
 (  297.52 ) Msg[99] Ends Trans E2Q[2][3] -> [2][3]X2Q
 (  297.52 ) Msg[106] Decides in E2Q[3][3] -> [2][4]X2Q 
 (  297.52 ) Start Transmit from  E2Q[3][3] -> [2][3]X2Q 
 (  297.52 ) Msg[99] Decides in X2Q[2][3] -> [2][3]PEQ 
 (  297.52 ) Start Transmit from  X2Q[2][3] -> [2][3]PEQ 
 (  297.52 ) Msg[95] Ends Trans E2Q[1][4] -> [1][6]Y1Q
 (  297.52 ) Msg[95] Decides in Y1Q[1][4] -> [1][6]Q 
 (  297.89 ) Msg[96] Ends Trans Y1Q[7][3] -> [7][3]PEQ 
               Msg[96] Response Time : 128.00 cycles   Mean Response Time : 135.83 cycles
 (  298.68 ) Msg[97] Ends Trans Y2Q[2][4] -> [2][4]PEQ 
               Msg[97] Response Time : 128.00 cycles   Mean Response Time : 135.75 cycles
 (  301.31 ) Msg[116] Ends Trans PEQ[3][3] -> [3][2]X1Q
 (  301.31 ) Msg[116] Decides in X1Q[3][3] -> [3][2]Y2Q 
 (  301.31 ) Start Transmit from  X1Q[3][3] -> [3][2]Y2Q 
 (  301.68 ) Msg[103] Ends Trans E2Q[1][0] -> [1][0]PEQ 
               Msg[103] Response Time : 96.00 cycles   Mean Response Time : 135.33 cycles
 (  303.53 ) Msg[104] Ends Trans E1Q[6][3] -> [6][6]Y1Q
 (  303.53 ) Msg[104] Decides in Y1Q[6][3] -> [6][6]E1Q 
 (  303.53 ) Start Transmit from  Y1Q[6][3] -> [6][5]E1Q 
 (  304.63 ) Msg[125] Arrives in PEQ[0][3] -> [1][2] 
 (  304.63 ) Msg[125] Decides in PEQ[0][3] -> [1][2]X1Q 
 (  304.63 ) Start Transmit from  PEQ[0][3] -> [1][3]X1Q 
 (  305.16 ) Msg[87] Ends Trans E2Q[6][0] -> [6][0]Y2Q
 (  305.16 ) Msg[105] Ends Trans Y2Q[6][0] -> [6][0]PEQ 
               Msg[105] Response Time : 96.00 cycles   Mean Response Time : 134.92 cycles
 (  305.16 ) Msg[87] Decides in Y2Q[6][0] -> [6][0]PEQ 
 (  305.16 ) Start Transmit from  Y2Q[6][0] -> [6][0]PEQ 
 (  307.44 ) Msg[117] Ends Trans PEQ[3][1] -> [7][2]X1Q
 (  307.44 ) Msg[118] Decides in PEQ[2][1] -> [1][5]X2Q 
 (  307.44 ) Start Transmit from  PEQ[2][1] -> [1][1]X2Q 
 (  307.44 ) Msg[117] Decides in X1Q[3][1] -> [7][2]E1Q 
 (  307.44 ) Start Transmit from  X1Q[3][1] -> [5][1]E1Q 
 (  308.13 ) Msg[100] Ends Trans E2Q[1][2] -> [1][2]E2Q
 (  308.13 ) Msg[100] Decides in E2Q[1][2] -> [1][2]PEQ 
 (  308.13 ) Start Transmit from  E2Q[1][2] -> [1][2]PEQ 
 (  309.51 ) Msg[119] Ends Trans PEQ[4][4] -> [2][2]X2Q
 (  309.51 ) Msg[119] Decides in X2Q[4][4] -> [2][2]E2Q 
 (  309.51 ) Start Transmit from  X2Q[4][4] -> [2][4]E2Q 
 (  309.70 ) Msg[101] Ends Trans X1Q[5][5] -> [5][5]Y1Q
 (  309.70 ) Msg[101] Decides in Y1Q[5][5] -> [5][5]PEQ 
 (  309.70 ) Start Transmit from  Y1Q[5][5] -> [5][5]PEQ 
 (  309.83 ) Msg[126] Arrives in PEQ[3][5] -> [6][6] 
 (  309.83 ) Msg[126] Decides in PEQ[3][5] -> [6][6]E1Q 
 (  309.83 ) Start Transmit from  PEQ[3][5] -> [5][5]E1Q 
 (  310.11 ) Msg[127] Arrives in PEQ[0][3] -> [5][0] 
 (  310.11 ) Msg[127] Not Head Of Queue in PEQ[0][3] -> [5][0] 
 (  310.66 ) Msg[120] Ends Trans PEQ[2][4] -> [1][6]X2Q
 (  310.66 ) Msg[120] Decides in X2Q[2][4] -> [1][6]X2Q 
 (  310.66 ) Start Transmit from  X2Q[2][4] -> [1][4]X2Q 
 (  311.89 ) Msg[121] Ends Trans PEQ[3][3] -> [6][6]E1Q
 (  311.89 ) Msg[121] Decides in E1Q[3][3] -> [6][6]E1Q 
 (  311.89 ) Start Transmit from  E1Q[3][3] -> [5][3]E1Q 
 (  312.07 ) Msg[128] Arrives in PEQ[7][4] -> [4][5] 
 (  312.07 ) Msg[128] Decides in PEQ[7][4] -> [4][5]X2Q 
 (  312.07 ) Start Transmit from  PEQ[7][4] -> [6][4]X2Q 
 (  314.41 ) Msg[129] Arrives in PEQ[2][5] -> [6][4] 
 (  314.41 ) Msg[129] Decides in PEQ[2][5] -> [6][4]X1Q 
 (  314.41 ) Start Transmit from  PEQ[2][5] -> [3][5]X1Q 
 (  318.40 ) Msg[114] Ends Trans PEQ[2][6] -> [2][5]X1Q
 (  318.40 ) Msg[113] Ends Trans X1Q[4][6] -> [7][2]E1Q
 (  318.40 ) Msg[114] Decides in X1Q[2][6] -> [2][5]Y2Q 
 (  318.40 ) Start Transmit from  X1Q[2][6] -> [2][5]Y2Q 
 (  318.40 ) Msg[113] Decides in E1Q[4][6] -> [7][2]E1Q 
 (  318.40 ) Start Transmit from  E1Q[4][6] -> [6][6]E1Q 
 (  319.09 ) Msg[107] Ends Trans E1Q[7][1] -> [7][4]E1Q
 (  319.09 ) Msg[107] Decides in E1Q[7][1] -> [7][4]Y1Q 
 (  319.09 ) Start Transmit from  E1Q[7][1] -> [7][2]Y1Q 
 (  320.17 ) Msg[112] Ends Trans Y1Q[0][3] -> [0][3]PEQ 
               Msg[112] Response Time : 78.86 cycles   Mean Response Time : 134.34 cycles
 (  320.17 ) Msg[108] Ends Trans E1Q[6][2] -> [7][1]E1Q
 (  320.17 ) Msg[108] Decides in E1Q[6][2] -> [7][1]X1Q 
 (  320.17 ) Start Transmit from  E1Q[6][2] -> [7][2]X1Q 
 (  320.89 ) Msg[109] Ends Trans Y1Q[6][3] -> [6][3]E1Q
 (  320.89 ) Msg[109] Decides in E1Q[6][3] -> [6][3]PEQ 
 (  320.89 ) Start Transmit from  E1Q[6][3] -> [6][3]PEQ 
 (  321.04 ) Msg[123] Ends Trans PEQ[4][0] -> [0][3]X2Q
 (  321.04 ) Msg[123] Decides in X2Q[4][0] -> [0][3]E2Q 
 (  321.04 ) Start Transmit from  X2Q[4][0] -> [2][0]E2Q 
 (  321.08 ) Msg[130] Arrives in PEQ[6][0] -> [3][5] 
 (  321.08 ) Msg[130] Decides in PEQ[6][0] -> [3][5]E2Q 
 (  321.08 ) Start Transmit from  PEQ[6][0] -> [4][0]E2Q 
 (  321.81 ) Msg[93] Ends Trans Y1Q[2][2] -> [2][2]PEQ 
               Msg[93] Response Time : 160.00 cycles   Mean Response Time : 134.61 cycles
 (  322.80 ) Msg[102] Ends Trans E1Q[5][4] -> [5][4]PEQ 
               Msg[102] Response Time : 128.00 cycles   Mean Response Time : 134.54 cycles
 (  323.74 ) Msg[124] Ends Trans PEQ[3][1] -> [6][3]E1Q
 (  323.74 ) Msg[124] Decides in E1Q[3][1] -> [6][3]Q 
 (  324.62 ) Msg[131] Arrives in PEQ[6][3] -> [4][4] 
 (  324.62 ) Msg[131] Decides in PEQ[6][3] -> [4][4]X2Q 
 (  324.62 ) Start Transmit from  PEQ[6][3] -> [5][3]X2Q 
 (  325.20 ) Msg[132] Arrives in PEQ[1][3] -> [7][2] 
 (  325.20 ) Msg[132] Decides in PEQ[1][3] -> [7][2]E1Q 
 (  325.20 ) Start Transmit from  PEQ[1][3] -> [3][3]E1Q 
 (  326.66 ) Msg[122] Ends Trans PEQ[0][4] -> [0][0]E2Q
 (  326.66 ) Msg[122] Decides in E2Q[0][4] -> [0][0]Y2Q 
 (  326.66 ) Start Transmit from  E2Q[0][4] -> [0][3]Y2Q 
 (  326.66 ) Msg[115] Ends Trans X2Q[1][6] -> [1][7]E1Q
 (  326.66 ) Start Transmit from  Y1Q[1][4] -> [1][6]E1Q 
 (  326.66 ) Msg[115] Decides in E1Q[1][6] -> [1][7]Y1Q 
 (  326.66 ) Start Transmit from  E1Q[1][6] -> [1][7]Y1Q 
 (  326.91 ) Msg[133] Arrives in PEQ[7][0] -> [7][3] 
 (  326.91 ) Msg[133] Decides in PEQ[7][0] -> [7][3]E1Q 
 (  326.91 ) Start Transmit from  PEQ[7][0] -> [7][2]E1Q 
 (  327.03 ) Msg[110] Ends Trans E1Q[4][4] -> [4][4]Y1Q
 (  327.03 ) Msg[110] Decides in Y1Q[4][4] -> [4][4]PEQ 
 (  327.03 ) Start Transmit from  Y1Q[4][4] -> [4][4]PEQ 
 (  327.32 ) Msg[134] Arrives in PEQ[5][6] -> [5][5] 
 (  327.32 ) Msg[134] Decides in PEQ[5][6] -> [5][5]Y2Q 
 (  327.32 ) Start Transmit from  PEQ[5][6] -> [5][5]Y2Q 
 (  327.51 ) Msg[111] Ends Trans E1Q[7][3] -> [7][1]E1Q
 (  327.51 ) Msg[111] Decides in E1Q[7][3] -> [7][1]Y2Q 
 (  327.51 ) Start Transmit from  E1Q[7][3] -> [7][2]Y2Q 
 (  329.52 ) Msg[106] Ends Trans E2Q[2][3] -> [2][4]X2Q
 (  329.52 ) Msg[99] Ends Trans X2Q[2][3] -> [2][3]PEQ 
               Msg[99] Response Time : 154.65 cycles   Mean Response Time : 134.74 cycles

End Of The Simulation at T= 329.52 cycles
Injection Rate : 300
Number of Clients Served : 100
The Mean Response Time : 134.74 cycles
Throughput : 0.303 