Simulation Starting Time 2021-09-01 06:35:40
Welcome to Network-On-Chip ExpressCube Simulator 
This simulator was designed based on The Discrete Event Simulation.
It's a final year project to obtain the Master Degree
Student developer : Ziraoui Zakaria 
Supervisor: Prof. Mohamed Ould-Khaoua

Network Simulation Parameters :

Topology : 32 x 32 Express Cube with 4 Hops
Number of Nodes  : 1024 
Routing : Dimension-ordered (DOR)
Traffic : Hotspot [16][16]
Message length : 32 phits
Injection Rate : 80
Transmission Time Normal  Links : 32 Cycles
Transmission Time Express Links : 32 Cycles
Batch Means Method : Yes

Please wait, Simulation has been started...

Batch N° 1 : Mean Response Time : 268.91 cycles	Mean Waiting Time : 33.79 cycles	Throughput : 3.827
Batch N° 2 : Mean Response Time : 408.62 cycles	Mean Waiting Time : 110.30 cycles	Throughput : 6.164
Batch N° 3 : Mean Response Time : 496.38 cycles	Mean Waiting Time : 186.46 cycles	Throughput : 6.560
Batch N° 4 : Mean Response Time : 570.73 cycles	Mean Waiting Time : 259.55 cycles	Throughput : 6.944
Batch N° 5 : Mean Response Time : 639.98 cycles	Mean Waiting Time : 326.25 cycles	Throughput : 7.069
Batch N° 6 : Mean Response Time : 707.83 cycles	Mean Waiting Time : 389.67 cycles	Throughput : 7.239
Batch N° 7 : Mean Response Time : 761.02 cycles	Mean Waiting Time : 445.95 cycles	Throughput : 7.014
Batch N° 8 : Mean Response Time : 824.83 cycles	Mean Waiting Time : 508.87 cycles	Throughput : 7.256
Batch N° 9 : Mean Response Time : 865.01 cycles	Mean Waiting Time : 546.66 cycles	Throughput : 7.056
Batch N°10 : Mean Response Time : 906.30 cycles	Mean Waiting Time : 593.79 cycles	Throughput : 7.312

End Of The Simulation at T= 3116.96 cycles
Injection Rate : 80
Batch Size : 2000
Number of Batches : 10
Number of Clients Served : 20000
Overall Response Time : 644.96 cycles
Overall Waiting  Time : 340.13 cycles
Overall Throughput : 6.644 
Standard Deviation Response Time : 208.53418 cycles
Standard Deviation Waiting  Time : 190.34903 cycles
Standard Deviation Throughput : 1.050250 