Simulation Starting Time 2021-08-31 05:58:15
Welcome to Network-On-Chip ExpressCube Simulator 
This simulator was designed based on The Discrete Event Simulation.
It's a final year project to obtain the Master Degree
Student developer : Ziraoui Zakaria 
Supervisor: Prof. Mohamed Ould-Khaoua

Network Simulation Parameters :

Topology : 16 x 16 Express Cube with 2 Hops
Number of Nodes  : 256 
Routing : Dimension-ordered (DOR)
Traffic : Uniform Random
Message length : 32 phits
Injection Rate : 50
Transmission Time Normal  Links : 32 Cycles
Transmission Time Express Links : 32 Cycles
Batch Means Method : Yes

Please wait, Simulation has been started...

Batch N° 1 : Mean Response Time : 351.02 cycles	Mean Waiting Time : 150.44 cycles	Throughput : 1.864
Batch N° 2 : Mean Response Time : 725.35 cycles	Mean Waiting Time : 493.02 cycles	Throughput : 2.195
Batch N° 3 : Mean Response Time : 1042.34 cycles	Mean Waiting Time : 810.58 cycles	Throughput : 2.275
Batch N° 4 : Mean Response Time : 1349.96 cycles	Mean Waiting Time : 1110.69 cycles	Throughput : 2.270
Batch N° 5 : Mean Response Time : 1679.41 cycles	Mean Waiting Time : 1440.19 cycles	Throughput : 2.277
Batch N° 6 : Mean Response Time : 1935.68 cycles	Mean Waiting Time : 1700.03 cycles	Throughput : 2.269
Batch N° 7 : Mean Response Time : 2199.05 cycles	Mean Waiting Time : 1964.00 cycles	Throughput : 2.210
Batch N° 8 : Mean Response Time : 2594.74 cycles	Mean Waiting Time : 2358.44 cycles	Throughput : 2.246
Batch N° 9 : Mean Response Time : 2882.65 cycles	Mean Waiting Time : 2647.06 cycles	Throughput : 2.252
Batch N°10 : Mean Response Time : 3253.07 cycles	Mean Waiting Time : 3010.36 cycles	Throughput : 2.221

End Of The Simulation at T= 9088.00 cycles
Injection Rate : 50
Batch Size : 2000
Number of Batches : 10
Number of Clients Served : 20000
Overall Response Time : 1801.33 cycles
Overall Waiting  Time : 1568.48 cycles
Overall Throughput : 2.208 
Standard Deviation Response Time : 950.92609 cycles
Standard Deviation Waiting  Time : 943.28217 cycles
Standard Deviation Throughput : 0.124129 