Simulation Starting Time 2021-09-02 06:32:20
Welcome to Network-On-Chip 2D Mesh Simulator 
This simulator was designed based on The Discrete Event Simulation.
It's a final year project to obtain the Master Degree
Student developer : Ziraoui Zakaria 
Supervisor: Prof. Mohamed Ould-Khaoua

Network Simulation Parameters :

Topology : 32 x 32 Mesh 
Number of Nodes  : 1024 
Routing : Dimension-ordered (DOR)
Traffic : Uniform Random
Message length : 32 phits
Injection Rate : 80
Transmission Time : 32 Cycles
Batch Means Method : Yes

Please wait, Simulation has been started...

Batch N° 1 : Mean Response Time : 454.37 cycles	Mean Waiting Time : 86.59 cycles	Throughput : 2.083
Batch N° 2 : Mean Response Time : 808.11 cycles	Mean Waiting Time : 296.98 cycles	Throughput : 3.676
Batch N° 3 : Mean Response Time : 1038.46 cycles	Mean Waiting Time : 509.77 cycles	Throughput : 3.857
Batch N° 4 : Mean Response Time : 1258.00 cycles	Mean Waiting Time : 724.31 cycles	Throughput : 3.856
Batch N° 5 : Mean Response Time : 1476.17 cycles	Mean Waiting Time : 928.89 cycles	Throughput : 4.010
Batch N° 6 : Mean Response Time : 1692.61 cycles	Mean Waiting Time : 1143.82 cycles	Throughput : 3.919
Batch N° 7 : Mean Response Time : 1867.69 cycles	Mean Waiting Time : 1320.31 cycles	Throughput : 4.152
Batch N° 8 : Mean Response Time : 2091.67 cycles	Mean Waiting Time : 1542.92 cycles	Throughput : 4.167
Batch N° 9 : Mean Response Time : 2235.74 cycles	Mean Waiting Time : 1685.98 cycles	Throughput : 4.156
Batch N°10 : Mean Response Time : 2463.26 cycles	Mean Waiting Time : 1918.78 cycles	Throughput : 4.152

End Of The Simulation at T= 5475.02 cycles
Injection Rate : 80
Batch Size : 2000
Number of Batches : 10
Number of Clients Served : 20000
Overall Response Time : 1538.61 cycles
Overall Waiting  Time : 1015.84 cycles
Overall Throughput : 3.803 
Standard Deviation Response Time : 651.56677 cycles
Standard Deviation Waiting  Time : 612.84448 cycles
Standard Deviation Throughput : 0.626722 