Simulation Starting Time 2021-09-02 06:21:55
Welcome to Network-On-Chip ExpressCube Simulator 
This simulator was designed based on The Discrete Event Simulation.
It's a final year project to obtain the Master Degree
Student developer : Ziraoui Zakaria 
Supervisor: Prof. Mohamed Ould-Khaoua

Network Simulation Parameters :

Topology : 16 x 16 Express Cube with 8 Hops
Number of Nodes  : 256 
Routing : Dimension-ordered (DOR)
Traffic : Uniform Random
Message length : 32 phits
Injection Rate : 70
Transmission Time Normal  Links : 160 Cycles
Transmission Time Express Links : 160 Cycles
Batch Means Method : Yes

Please wait, Simulation has been started...

Batch N° 1 : Mean Response Time : 2846.32 cycles	Mean Waiting Time : 1618.57 cycles	Throughput : 0.347
Batch N° 2 : Mean Response Time : 6591.42 cycles	Mean Waiting Time : 5190.11 cycles	Throughput : 0.463
Batch N° 3 : Mean Response Time : 10025.87 cycles	Mean Waiting Time : 8600.31 cycles	Throughput : 0.448
Batch N° 4 : Mean Response Time : 13555.58 cycles	Mean Waiting Time : 12106.28 cycles	Throughput : 0.479
Batch N° 5 : Mean Response Time : 16847.83 cycles	Mean Waiting Time : 15392.12 cycles	Throughput : 0.463
Batch N° 6 : Mean Response Time : 20315.17 cycles	Mean Waiting Time : 18881.98 cycles	Throughput : 0.463
Batch N° 7 : Mean Response Time : 23562.07 cycles	Mean Waiting Time : 22113.76 cycles	Throughput : 0.463
Batch N° 8 : Mean Response Time : 26928.66 cycles	Mean Waiting Time : 25498.48 cycles	Throughput : 0.463
Batch N° 9 : Mean Response Time : 30355.51 cycles	Mean Waiting Time : 28916.53 cycles	Throughput : 0.481
Batch N°10 : Mean Response Time : 33515.05 cycles	Mean Waiting Time : 32079.35 cycles	Throughput : 0.479

End Of The Simulation at T= 44336.16 cycles
Injection Rate : 70
Batch Size : 2000
Number of Batches : 10
Number of Clients Served : 20000
Overall Response Time : 18454.35 cycles
Overall Waiting  Time : 17039.75 cycles
Overall Throughput : 0.455 
Standard Deviation Response Time : 10283.67285 cycles
Standard Deviation Waiting  Time : 10243.92383 cycles
Standard Deviation Throughput : 0.039114 