Simulation Starting Time 2021-08-31 05:58:01
Welcome to Network-On-Chip ExpressCube Simulator 
This simulator was designed based on The Discrete Event Simulation.
It's a final year project to obtain the Master Degree
Student developer : Ziraoui Zakaria 
Supervisor: Prof. Mohamed Ould-Khaoua

Network Simulation Parameters :

Topology : 16 x 16 Express Cube with 2 Hops
Number of Nodes  : 256 
Routing : Dimension-ordered (DOR)
Traffic : Uniform Random
Message length : 32 phits
Injection Rate : 100
Transmission Time Normal  Links : 32 Cycles
Transmission Time Express Links : 32 Cycles
Batch Means Method : Yes

Please wait, Simulation has been started...

Batch N° 1 : Mean Response Time : 315.46 cycles	Mean Waiting Time : 98.56 cycles	Throughput : 1.689
Batch N° 2 : Mean Response Time : 537.23 cycles	Mean Waiting Time : 292.78 cycles	Throughput : 2.006
Batch N° 3 : Mean Response Time : 719.59 cycles	Mean Waiting Time : 473.06 cycles	Throughput : 1.992
Batch N° 4 : Mean Response Time : 920.78 cycles	Mean Waiting Time : 673.25 cycles	Throughput : 2.048
Batch N° 5 : Mean Response Time : 1078.97 cycles	Mean Waiting Time : 829.12 cycles	Throughput : 2.013
Batch N° 6 : Mean Response Time : 1193.83 cycles	Mean Waiting Time : 948.75 cycles	Throughput : 2.061
Batch N° 7 : Mean Response Time : 1350.52 cycles	Mean Waiting Time : 1104.57 cycles	Throughput : 2.074
Batch N° 8 : Mean Response Time : 1540.96 cycles	Mean Waiting Time : 1289.38 cycles	Throughput : 2.030
Batch N° 9 : Mean Response Time : 1643.02 cycles	Mean Waiting Time : 1397.14 cycles	Throughput : 2.019
Batch N°10 : Mean Response Time : 1831.38 cycles	Mean Waiting Time : 1581.95 cycles	Throughput : 2.030

End Of The Simulation at T= 10050.65 cycles
Injection Rate : 100
Batch Size : 2000
Number of Batches : 10
Number of Clients Served : 20000
Overall Response Time : 1113.17 cycles
Overall Waiting  Time : 868.86 cycles
Overall Throughput : 1.996 
Standard Deviation Response Time : 494.81293 cycles
Standard Deviation Waiting  Time : 488.54428 cycles
Standard Deviation Throughput : 0.110738 