Simulation Starting Time 2021-08-31 05:58:03
Welcome to Network-On-Chip ExpressCube Simulator 
This simulator was designed based on The Discrete Event Simulation.
It's a final year project to obtain the Master Degree
Student developer : Ziraoui Zakaria 
Supervisor: Prof. Mohamed Ould-Khaoua

Network Simulation Parameters :

Topology : 16 x 16 Express Cube with 2 Hops
Number of Nodes  : 256 
Routing : Dimension-ordered (DOR)
Traffic : Uniform Random
Message length : 32 phits
Injection Rate : 90
Transmission Time Normal  Links : 32 Cycles
Transmission Time Express Links : 32 Cycles
Batch Means Method : Yes

Please wait, Simulation has been started...

Batch N° 1 : Mean Response Time : 329.40 cycles	Mean Waiting Time : 114.12 cycles	Throughput : 1.724
Batch N° 2 : Mean Response Time : 560.62 cycles	Mean Waiting Time : 316.38 cycles	Throughput : 2.034
Batch N° 3 : Mean Response Time : 767.84 cycles	Mean Waiting Time : 520.32 cycles	Throughput : 2.060
Batch N° 4 : Mean Response Time : 960.31 cycles	Mean Waiting Time : 717.35 cycles	Throughput : 2.107
Batch N° 5 : Mean Response Time : 1194.57 cycles	Mean Waiting Time : 941.91 cycles	Throughput : 2.082
Batch N° 6 : Mean Response Time : 1330.86 cycles	Mean Waiting Time : 1087.07 cycles	Throughput : 2.109
Batch N° 7 : Mean Response Time : 1513.17 cycles	Mean Waiting Time : 1267.27 cycles	Throughput : 2.075
Batch N° 8 : Mean Response Time : 1665.23 cycles	Mean Waiting Time : 1418.71 cycles	Throughput : 2.092
Batch N° 9 : Mean Response Time : 1959.06 cycles	Mean Waiting Time : 1709.93 cycles	Throughput : 2.077
Batch N°10 : Mean Response Time : 2085.49 cycles	Mean Waiting Time : 1839.02 cycles	Throughput : 2.076

End Of The Simulation at T= 9818.35 cycles
Injection Rate : 90
Batch Size : 2000
Number of Batches : 10
Number of Clients Served : 20000
Overall Response Time : 1236.66 cycles
Overall Waiting  Time : 993.21 cycles
Overall Throughput : 2.044 
Standard Deviation Response Time : 585.89563 cycles
Standard Deviation Waiting  Time : 579.97113 cycles
Standard Deviation Throughput : 0.114309 