Simulation Starting Time 2021-09-01 06:26:29
Welcome to Network-On-Chip ExpressCube Simulator 
This simulator was designed based on The Discrete Event Simulation.
It's a final year project to obtain the Master Degree
Student developer : Ziraoui Zakaria 
Supervisor: Prof. Mohamed Ould-Khaoua

Network Simulation Parameters :

Topology : 32 x 32 Express Cube with 2 Hops
Number of Nodes  : 1024 
Routing : Dimension-ordered (DOR)
Traffic : Hotspot [16][16]
Message length : 32 phits
Injection Rate : 160
Transmission Time Normal  Links : 32 Cycles
Transmission Time Express Links : 32 Cycles
Batch Means Method : Yes

Please wait, Simulation has been started...

Batch N° 1 : Mean Response Time : 365.08 cycles	Mean Waiting Time : 62.15 cycles	Throughput : 2.404
Batch N° 2 : Mean Response Time : 589.91 cycles	Mean Waiting Time : 203.17 cycles	Throughput : 3.595
Batch N° 3 : Mean Response Time : 734.29 cycles	Mean Waiting Time : 334.34 cycles	Throughput : 3.761
Batch N° 4 : Mean Response Time : 863.00 cycles	Mean Waiting Time : 455.02 cycles	Throughput : 3.676
Batch N° 5 : Mean Response Time : 969.40 cycles	Mean Waiting Time : 570.31 cycles	Throughput : 3.906
Batch N° 6 : Mean Response Time : 1107.22 cycles	Mean Waiting Time : 706.87 cycles	Throughput : 3.893
Batch N° 7 : Mean Response Time : 1208.95 cycles	Mean Waiting Time : 803.73 cycles	Throughput : 3.689
Batch N° 8 : Mean Response Time : 1288.45 cycles	Mean Waiting Time : 885.57 cycles	Throughput : 3.829
Batch N° 9 : Mean Response Time : 1396.01 cycles	Mean Waiting Time : 993.89 cycles	Throughput : 3.748
Batch N°10 : Mean Response Time : 1522.15 cycles	Mean Waiting Time : 1117.16 cycles	Throughput : 3.904

End Of The Simulation at T= 5600.30 cycles
Injection Rate : 160
Batch Size : 2000
Number of Batches : 10
Number of Clients Served : 20000
Overall Response Time : 1004.45 cycles
Overall Waiting  Time : 613.22 cycles
Overall Throughput : 3.641 
Standard Deviation Response Time : 369.56863 cycles
Standard Deviation Waiting  Time : 348.73837 cycles
Standard Deviation Throughput : 0.447225 