Simulation Starting Time 2021-09-01 06:04:15
Welcome to Network-On-Chip ExpressCube Simulator 
This simulator was designed based on The Discrete Event Simulation.
It's a final year project to obtain the Master Degree
Student developer : Ziraoui Zakaria 
Supervisor: Prof. Mohamed Ould-Khaoua

Network Simulation Parameters :

Topology : 8 x 8 Express Cube with 4 Hops
Number of Nodes  : 64 
Routing : Dimension-ordered (DOR)
Traffic : Hotspot [4][4]
Message length : 32 phits
Injection Rate : 180
Transmission Time Normal  Links : 32 Cycles
Transmission Time Express Links : 32 Cycles
Batch Means Method : Yes

Please wait, Simulation has been started...

Batch N° 1 : Mean Response Time : 190.33 cycles	Mean Waiting Time : 48.35 cycles	Throughput : 0.351
Batch N° 2 : Mean Response Time : 267.32 cycles	Mean Waiting Time : 125.91 cycles	Throughput : 0.354
Batch N° 3 : Mean Response Time : 327.43 cycles	Mean Waiting Time : 184.55 cycles	Throughput : 0.365
Batch N° 4 : Mean Response Time : 446.05 cycles	Mean Waiting Time : 305.40 cycles	Throughput : 0.339
Batch N° 5 : Mean Response Time : 532.59 cycles	Mean Waiting Time : 388.29 cycles	Throughput : 0.357
Batch N° 6 : Mean Response Time : 650.15 cycles	Mean Waiting Time : 508.94 cycles	Throughput : 0.338
Batch N° 7 : Mean Response Time : 753.10 cycles	Mean Waiting Time : 612.34 cycles	Throughput : 0.341
Batch N° 8 : Mean Response Time : 752.05 cycles	Mean Waiting Time : 610.61 cycles	Throughput : 0.353
Batch N° 9 : Mean Response Time : 787.30 cycles	Mean Waiting Time : 645.27 cycles	Throughput : 0.349
Batch N°10 : Mean Response Time : 843.48 cycles	Mean Waiting Time : 700.99 cycles	Throughput : 0.352

End Of The Simulation at T= 57186.79 cycles
Injection Rate : 180
Batch Size : 2000
Number of Batches : 10
Number of Clients Served : 20000
Overall Response Time : 554.98 cycles
Overall Waiting  Time : 413.06 cycles
Overall Throughput : 0.350 
Standard Deviation Response Time : 236.69359 cycles
Standard Deviation Waiting  Time : 236.79404 cycles
Standard Deviation Throughput : 0.008516 