Simulation Starting Time 2021-08-31 05:56:10
Welcome to Network-On-Chip 2D Mesh Simulator 
This simulator was designed based on The Discrete Event Simulation.
It's a final year project to obtain the Master Degree
Student developer : Ziraoui Zakaria 
Supervisor: Prof. Mohamed Ould-Khaoua

Network Simulation Parameters :

Topology : 16 x 16 Mesh 
Number of Nodes  : 256 
Routing : Dimension-ordered (DOR)
Traffic : Uniform Random
Message length : 32 phits
Injection Rate : 70
Transmission Time : 32 Cycles
Batch Means Method : Yes

Please wait, Simulation has been started...

Batch N° 1 : Mean Response Time : 470.34 cycles	Mean Waiting Time : 179.14 cycles	Throughput : 1.449
Batch N° 2 : Mean Response Time : 890.97 cycles	Mean Waiting Time : 561.05 cycles	Throughput : 1.812
Batch N° 3 : Mean Response Time : 1247.66 cycles	Mean Waiting Time : 910.64 cycles	Throughput : 1.872
Batch N° 4 : Mean Response Time : 1603.51 cycles	Mean Waiting Time : 1262.12 cycles	Throughput : 1.865
Batch N° 5 : Mean Response Time : 1906.12 cycles	Mean Waiting Time : 1572.11 cycles	Throughput : 1.902
Batch N° 6 : Mean Response Time : 2307.31 cycles	Mean Waiting Time : 1964.79 cycles	Throughput : 1.915
Batch N° 7 : Mean Response Time : 2555.61 cycles	Mean Waiting Time : 2222.95 cycles	Throughput : 1.919
Batch N° 8 : Mean Response Time : 2936.83 cycles	Mean Waiting Time : 2590.29 cycles	Throughput : 1.856
Batch N° 9 : Mean Response Time : 3268.02 cycles	Mean Waiting Time : 2923.46 cycles	Throughput : 1.939
Batch N°10 : Mean Response Time : 3588.94 cycles	Mean Waiting Time : 3248.88 cycles	Throughput : 1.916

End Of The Simulation at T= 10915.46 cycles
Injection Rate : 70
Batch Size : 2000
Number of Batches : 10
Number of Clients Served : 20000
Overall Response Time : 2077.53 cycles
Overall Waiting  Time : 1743.54 cycles
Overall Throughput : 1.845 
Standard Deviation Response Time : 1035.75659 cycles
Standard Deviation Waiting  Time : 1024.94214 cycles
Standard Deviation Throughput : 0.144012 