Simulation Starting Time 2021-08-31 07:05:29
Welcome to Network-On-Chip ExpressCube Simulator 
This simulator was designed based on The Discrete Event Simulation.
It's a final year project to obtain the Master Degree
Student developer : Ziraoui Zakaria 
Supervisor: Prof. Mohamed Ould-Khaoua

Network Simulation Parameters :

Topology : 32 x 32 Express Cube with 8 Hops
Number of Nodes  : 1024 
Routing : Dimension-ordered (DOR)
Traffic : Uniform Random
Message length : 32 phits
Injection Rate : 50
Transmission Time Normal  Links : 32 Cycles
Transmission Time Express Links : 32 Cycles
Batch Means Method : Yes

Please wait, Simulation has been started...

Batch N° 1 : Mean Response Time : 288.22 cycles	Mean Waiting Time : 51.04 cycles	Throughput : 3.676
Batch N° 2 : Mean Response Time : 482.11 cycles	Mean Waiting Time : 166.37 cycles	Throughput : 6.724
Batch N° 3 : Mean Response Time : 626.49 cycles	Mean Waiting Time : 291.89 cycles	Throughput : 6.785
Batch N° 4 : Mean Response Time : 759.59 cycles	Mean Waiting Time : 417.15 cycles	Throughput : 7.358
Batch N° 5 : Mean Response Time : 882.40 cycles	Mean Waiting Time : 535.72 cycles	Throughput : 7.154
Batch N° 6 : Mean Response Time : 987.91 cycles	Mean Waiting Time : 643.57 cycles	Throughput : 7.564
Batch N° 7 : Mean Response Time : 1101.37 cycles	Mean Waiting Time : 753.57 cycles	Throughput : 7.813
Batch N° 8 : Mean Response Time : 1221.96 cycles	Mean Waiting Time : 874.44 cycles	Throughput : 7.284
Batch N° 9 : Mean Response Time : 1312.60 cycles	Mean Waiting Time : 967.73 cycles	Throughput : 7.423
Batch N°10 : Mean Response Time : 1425.90 cycles	Mean Waiting Time : 1076.94 cycles	Throughput : 7.755

End Of The Simulation at T= 3009.90 cycles
Injection Rate : 50
Batch Size : 2000
Number of Batches : 10
Number of Clients Served : 20000
Overall Response Time : 908.86 cycles
Overall Waiting  Time : 577.84 cycles
Overall Throughput : 6.954 
Standard Deviation Response Time : 371.43878 cycles
Standard Deviation Waiting  Time : 346.48560 cycles
Standard Deviation Throughput : 1.206743 