Simulation Starting Time 2021-09-02 06:19:18
Welcome to Network-On-Chip ExpressCube Simulator 
This simulator was designed based on The Discrete Event Simulation.
It's a final year project to obtain the Master Degree
Student developer : Ziraoui Zakaria 
Supervisor: Prof. Mohamed Ould-Khaoua

Network Simulation Parameters :

Topology : 16 x 16 Express Cube with 4 Hops
Number of Nodes  : 256 
Routing : Dimension-ordered (DOR)
Traffic : Uniform Random
Message length : 32 phits
Injection Rate : 180
Transmission Time Normal  Links : 96 Cycles
Transmission Time Express Links : 96 Cycles
Batch Means Method : Yes

Please wait, Simulation has been started...

Batch N° 1 : Mean Response Time : 844.35 cycles	Mean Waiting Time : 248.42 cycles	Throughput : 0.767
Batch N° 2 : Mean Response Time : 1317.16 cycles	Mean Waiting Time : 656.93 cycles	Throughput : 0.999
Batch N° 3 : Mean Response Time : 1713.03 cycles	Mean Waiting Time : 1017.01 cycles	Throughput : 1.066
Batch N° 4 : Mean Response Time : 1951.59 cycles	Mean Waiting Time : 1269.19 cycles	Throughput : 1.055
Batch N° 5 : Mean Response Time : 2189.59 cycles	Mean Waiting Time : 1509.86 cycles	Throughput : 1.092
Batch N° 6 : Mean Response Time : 2408.74 cycles	Mean Waiting Time : 1734.54 cycles	Throughput : 1.010
Batch N° 7 : Mean Response Time : 2795.70 cycles	Mean Waiting Time : 2096.95 cycles	Throughput : 1.058
Batch N° 8 : Mean Response Time : 2995.95 cycles	Mean Waiting Time : 2307.56 cycles	Throughput : 1.099
Batch N° 9 : Mean Response Time : 3146.93 cycles	Mean Waiting Time : 2461.98 cycles	Throughput : 1.042
Batch N°10 : Mean Response Time : 3369.71 cycles	Mean Waiting Time : 2678.93 cycles	Throughput : 1.085

End Of The Simulation at T= 19666.43 cycles
Injection Rate : 180
Batch Size : 2000
Number of Batches : 10
Number of Clients Served : 20000
Overall Response Time : 2273.27 cycles
Overall Waiting  Time : 1598.14 cycles
Overall Throughput : 1.027 
Standard Deviation Response Time : 827.26605 cycles
Standard Deviation Waiting  Time : 805.97504 cycles
Standard Deviation Throughput : 0.096998 