Simulation Starting Time 2021-08-31 07:00:25
Welcome to Network-On-Chip ExpressCube Simulator 
This simulator was designed based on The Discrete Event Simulation.
It's a final year project to obtain the Master Degree
Student developer : Ziraoui Zakaria 
Supervisor: Prof. Mohamed Ould-Khaoua

Network Simulation Parameters :

Topology : 32 x 32 Express Cube with 8 Hops
Number of Nodes  : 1024 
Routing : Dimension-ordered (DOR)
Traffic : Uniform Random
Message length : 32 phits
Injection Rate : 10500
Transmission Time Normal  Links : 32 Cycles
Transmission Time Express Links : 32 Cycles
Batch Means Method : Yes

Please wait, Simulation has been started...

Batch N° 1 : Mean Response Time : 385.14 cycles	Mean Waiting Time : 3.11 cycles	Throughput : 0.194
Batch N° 2 : Mean Response Time : 373.70 cycles	Mean Waiting Time : 0.06 cycles	Throughput : 0.098
Batch N° 3 : Mean Response Time : 381.47 cycles	Mean Waiting Time : 0.03 cycles	Throughput : 0.094
Batch N° 4 : Mean Response Time : 379.92 cycles	Mean Waiting Time : 0.04 cycles	Throughput : 0.101
Batch N° 5 : Mean Response Time : 379.01 cycles	Mean Waiting Time : 0.01 cycles	Throughput : 0.099
Batch N° 6 : Mean Response Time : 375.89 cycles	Mean Waiting Time : 0.06 cycles	Throughput : 0.096
Batch N° 7 : Mean Response Time : 374.30 cycles	Mean Waiting Time : 0.10 cycles	Throughput : 0.099
Batch N° 8 : Mean Response Time : 371.16 cycles	Mean Waiting Time : 0.04 cycles	Throughput : 0.095
Batch N° 9 : Mean Response Time : 378.87 cycles	Mean Waiting Time : 0.06 cycles	Throughput : 0.098
Batch N°10 : Mean Response Time : 380.08 cycles	Mean Waiting Time : 0.08 cycles	Throughput : 0.099

End Of The Simulation at T= 194539.31 cycles
Injection Rate : 10500
Batch Size : 2000
Number of Batches : 10
Number of Clients Served : 20000
Overall Response Time : 377.95 cycles
Overall Waiting  Time : 0.36 cycles
Overall Throughput : 0.107 
Standard Deviation Response Time : 4.16629 cycles
Standard Deviation Waiting  Time : 0.96628 cycles
Standard Deviation Throughput : 0.030545 