Simulation Starting Time 2021-09-04 04:24:43
Welcome to Network-On-Chip ExpressCube Simulator 
This simulator was designed based on The Discrete Event Simulation.
It's a final year project to obtain the Master Degree
Student developer : Ziraoui Zakaria 
Supervisor: Prof. Mohamed Ould-Khaoua

Network Simulation Parameters :

Topology : 16 x 16 Express Cube with 8 Hops
Number of Nodes  : 256 
Routing : Dimension-ordered (DOR)
Traffic : Hotspot [8][8]
Message length : 32 phits
Injection Rate : 70
Transmission Time Normal  Links : 160 Cycles
Transmission Time Express Links : 160 Cycles
Batch Means Method : Yes

Please wait, Simulation has been started...

Batch N° 1 : Mean Response Time : 2876.86 cycles	Mean Waiting Time : 1659.15 cycles	Throughput : 0.338
Batch N° 2 : Mean Response Time : 6682.16 cycles	Mean Waiting Time : 5277.65 cycles	Throughput : 0.417
Batch N° 3 : Mean Response Time : 10171.71 cycles	Mean Waiting Time : 8786.84 cycles	Throughput : 0.463
Batch N° 4 : Mean Response Time : 13748.98 cycles	Mean Waiting Time : 12312.90 cycles	Throughput : 0.426
Batch N° 5 : Mean Response Time : 17213.46 cycles	Mean Waiting Time : 15758.54 cycles	Throughput : 0.437
Batch N° 6 : Mean Response Time : 20806.98 cycles	Mean Waiting Time : 19378.88 cycles	Throughput : 0.446
Batch N° 7 : Mean Response Time : 24051.18 cycles	Mean Waiting Time : 22630.76 cycles	Throughput : 0.446
Batch N° 8 : Mean Response Time : 27535.50 cycles	Mean Waiting Time : 26132.74 cycles	Throughput : 0.446
Batch N° 9 : Mean Response Time : 30803.05 cycles	Mean Waiting Time : 29337.98 cycles	Throughput : 0.446
Batch N°10 : Mean Response Time : 34346.71 cycles	Mean Waiting Time : 32907.23 cycles	Throughput : 0.431

End Of The Simulation at T= 46880.00 cycles
Injection Rate : 70
Batch Size : 2000
Number of Batches : 10
Number of Clients Served : 20000
Overall Response Time : 18823.66 cycles
Overall Waiting  Time : 17418.27 cycles
Overall Throughput : 0.430 
Standard Deviation Response Time : 10522.70215 cycles
Standard Deviation Waiting  Time : 10477.53613 cycles
Standard Deviation Throughput : 0.034804 