Simulation Starting Time 2021-08-31 07:14:00
Welcome to Network-On-Chip ExpressCube Simulator 
This simulator was designed based on The Discrete Event Simulation.
It's a final year project to obtain the Master Degree
Student developer : Ziraoui Zakaria 
Supervisor: Prof. Mohamed Ould-Khaoua

Network Simulation Parameters :

Topology : 16 x 16 Express Cube with 8 Hops
Number of Nodes  : 256 
Routing : Dimension-ordered (DOR)
Traffic : Uniform Random
Message length : 32 phits
Injection Rate : 250
Transmission Time Normal  Links : 32 Cycles
Transmission Time Express Links : 32 Cycles
Batch Means Method : Yes

Please wait, Simulation has been started...

Batch N° 1 : Mean Response Time : 303.46 cycles	Mean Waiting Time : 19.50 cycles	Throughput : 0.994
Batch N° 2 : Mean Response Time : 316.20 cycles	Mean Waiting Time : 22.70 cycles	Throughput : 1.016
Batch N° 3 : Mean Response Time : 308.59 cycles	Mean Waiting Time : 16.39 cycles	Throughput : 0.985
Batch N° 4 : Mean Response Time : 306.25 cycles	Mean Waiting Time : 15.27 cycles	Throughput : 0.952
Batch N° 5 : Mean Response Time : 317.04 cycles	Mean Waiting Time : 22.79 cycles	Throughput : 1.027
Batch N° 6 : Mean Response Time : 311.16 cycles	Mean Waiting Time : 18.03 cycles	Throughput : 1.034
Batch N° 7 : Mean Response Time : 307.48 cycles	Mean Waiting Time : 16.72 cycles	Throughput : 0.969
Batch N° 8 : Mean Response Time : 308.44 cycles	Mean Waiting Time : 22.73 cycles	Throughput : 1.053
Batch N° 9 : Mean Response Time : 316.58 cycles	Mean Waiting Time : 18.80 cycles	Throughput : 1.027
Batch N°10 : Mean Response Time : 306.45 cycles	Mean Waiting Time : 19.98 cycles	Throughput : 1.040

End Of The Simulation at T= 19828.59 cycles
Injection Rate : 250
Batch Size : 2000
Number of Batches : 10
Number of Clients Served : 20000
Overall Response Time : 310.16 cycles
Overall Waiting  Time : 19.29 cycles
Overall Throughput : 1.010 
Standard Deviation Response Time : 4.86029 cycles
Standard Deviation Waiting  Time : 2.77483 cycles
Standard Deviation Throughput : 0.033176 