Simulation Starting Time 2021-08-31 05:55:51
Welcome to Network-On-Chip 2D Mesh Simulator 
This simulator was designed based on The Discrete Event Simulation.
It's a final year project to obtain the Master Degree
Student developer : Ziraoui Zakaria 
Supervisor: Prof. Mohamed Ould-Khaoua

Network Simulation Parameters :

Topology : 16 x 16 Mesh 
Number of Nodes  : 256 
Routing : Dimension-ordered (DOR)
Traffic : Uniform Random
Message length : 32 phits
Injection Rate : 100
Transmission Time : 32 Cycles
Batch Means Method : Yes

Please wait, Simulation has been started...

Batch N° 1 : Mean Response Time : 466.12 cycles	Mean Waiting Time : 157.75 cycles	Throughput : 1.379
Batch N° 2 : Mean Response Time : 791.07 cycles	Mean Waiting Time : 443.63 cycles	Throughput : 1.753
Batch N° 3 : Mean Response Time : 1088.31 cycles	Mean Waiting Time : 731.06 cycles	Throughput : 1.834
Batch N° 4 : Mean Response Time : 1297.69 cycles	Mean Waiting Time : 944.01 cycles	Throughput : 1.809
Batch N° 5 : Mean Response Time : 1585.12 cycles	Mean Waiting Time : 1230.13 cycles	Throughput : 1.834
Batch N° 6 : Mean Response Time : 1866.19 cycles	Mean Waiting Time : 1505.01 cycles	Throughput : 1.789
Batch N° 7 : Mean Response Time : 2088.21 cycles	Mean Waiting Time : 1730.24 cycles	Throughput : 1.794
Batch N° 8 : Mean Response Time : 2310.88 cycles	Mean Waiting Time : 1954.34 cycles	Throughput : 1.786
Batch N° 9 : Mean Response Time : 2556.46 cycles	Mean Waiting Time : 2202.53 cycles	Throughput : 1.812
Batch N°10 : Mean Response Time : 2775.62 cycles	Mean Waiting Time : 2420.40 cycles	Throughput : 1.830

End Of The Simulation at T= 11427.76 cycles
Injection Rate : 100
Batch Size : 2000
Number of Batches : 10
Number of Clients Served : 20000
Overall Response Time : 1682.57 cycles
Overall Waiting  Time : 1331.91 cycles
Overall Throughput : 1.762 
Standard Deviation Response Time : 770.04712 cycles
Standard Deviation Waiting  Time : 760.72980 cycles
Standard Deviation Throughput : 0.137109 