Simulation Starting Time 2021-09-04 04:29:32
Welcome to Network-On-Chip 2D Mesh Simulator 
This simulator was designed based on The Discrete Event Simulation.
It's a final year project to obtain the Master Degree
Student developer : Ziraoui Zakaria 
Supervisor: Prof. Mohamed Ould-Khaoua

Network Simulation Parameters :

Topology : 32 x 32 Mesh 
Number of Nodes  : 1024 
Routing : Dimension-ordered (DOR)
Traffic : Hotspot [16][16]
Message length : 32 phits
Injection Rate : 180
Transmission Time : 32 Cycles
Batch Means Method : Yes

Please wait, Simulation has been started...

Batch N° 1 : Mean Response Time : 515.40 cycles	Mean Waiting Time : 63.80 cycles	Throughput : 1.786
Batch N° 2 : Mean Response Time : 829.58 cycles	Mean Waiting Time : 210.99 cycles	Throughput : 3.117
Batch N° 3 : Mean Response Time : 1028.43 cycles	Mean Waiting Time : 382.45 cycles	Throughput : 3.285
Batch N° 4 : Mean Response Time : 1149.68 cycles	Mean Waiting Time : 504.80 cycles	Throughput : 3.219
Batch N° 5 : Mean Response Time : 1314.19 cycles	Mean Waiting Time : 656.79 cycles	Throughput : 3.290
Batch N° 6 : Mean Response Time : 1472.91 cycles	Mean Waiting Time : 808.56 cycles	Throughput : 3.308
Batch N° 7 : Mean Response Time : 1583.81 cycles	Mean Waiting Time : 924.50 cycles	Throughput : 3.569
Batch N° 8 : Mean Response Time : 1703.43 cycles	Mean Waiting Time : 1049.84 cycles	Throughput : 3.452
Batch N° 9 : Mean Response Time : 1820.14 cycles	Mean Waiting Time : 1164.70 cycles	Throughput : 3.289
Batch N°10 : Mean Response Time : 1962.29 cycles	Mean Waiting Time : 1310.68 cycles	Throughput : 3.450

End Of The Simulation at T= 6531.70 cycles
Injection Rate : 180
Batch Size : 2000
Number of Batches : 10
Number of Clients Served : 20000
Overall Response Time : 1337.99 cycles
Overall Waiting  Time : 707.71 cycles
Overall Throughput : 3.177 
Standard Deviation Response Time : 459.63553 cycles
Standard Deviation Waiting  Time : 416.00540 cycles
Standard Deviation Throughput : 0.505400 