Simulation Starting Time 2021-09-02 05:21:13
Welcome to Network-On-Chip ExpressCube Simulator 
This simulator was designed based on The Discrete Event Simulation.
It's a final year project to obtain the Master Degree
Student developer : Ziraoui Zakaria 
Supervisor: Prof. Mohamed Ould-Khaoua

Network Simulation Parameters :

Topology : 8 x 8 Express Cube with 2 Hops
Number of Nodes  : 64 
Routing : Dimension-ordered (DOR)
Traffic : Uniform Random
Message length : 32 phits
Injection Rate : 400
Transmission Time Normal  Links : 64 Cycles
Transmission Time Express Links : 64 Cycles
Batch Means Method : Yes

Please wait, Simulation has been started...

Batch N° 1 : Mean Response Time : 251.44 cycles	Mean Waiting Time : 11.74 cycles	Throughput : 0.163
Batch N° 2 : Mean Response Time : 253.51 cycles	Mean Waiting Time : 12.78 cycles	Throughput : 0.161
Batch N° 3 : Mean Response Time : 253.87 cycles	Mean Waiting Time : 9.87 cycles	Throughput : 0.160
Batch N° 4 : Mean Response Time : 252.84 cycles	Mean Waiting Time : 10.63 cycles	Throughput : 0.153
Batch N° 5 : Mean Response Time : 258.76 cycles	Mean Waiting Time : 12.05 cycles	Throughput : 0.162
Batch N° 6 : Mean Response Time : 250.30 cycles	Mean Waiting Time : 9.44 cycles	Throughput : 0.156
Batch N° 7 : Mean Response Time : 254.71 cycles	Mean Waiting Time : 10.14 cycles	Throughput : 0.155
Batch N° 8 : Mean Response Time : 257.56 cycles	Mean Waiting Time : 13.51 cycles	Throughput : 0.164
Batch N° 9 : Mean Response Time : 250.99 cycles	Mean Waiting Time : 12.14 cycles	Throughput : 0.156
Batch N°10 : Mean Response Time : 254.36 cycles	Mean Waiting Time : 9.92 cycles	Throughput : 0.161

End Of The Simulation at T= 125743.92 cycles
Injection Rate : 400
Batch Size : 2000
Number of Batches : 10
Number of Clients Served : 20000
Overall Response Time : 253.83 cycles
Overall Waiting  Time : 11.22 cycles
Overall Throughput : 0.159 
Standard Deviation Response Time : 2.71995 cycles
Standard Deviation Waiting  Time : 1.40151 cycles
Standard Deviation Throughput : 0.003666 