Simulation Starting Time 2021-09-04 05:11:26
Welcome to Network-On-Chip ExpressCube Simulator 
This simulator was designed based on The Discrete Event Simulation.
It's a final year project to obtain the Master Degree
Student developer : Ziraoui Zakaria 
Supervisor: Prof. Mohamed Ould-Khaoua

Network Simulation Parameters :

Topology : 32 x 32 Express Cube with 8 Hops
Number of Nodes  : 1024 
Routing : Dimension-ordered (DOR)
Traffic : Hotspot [16][16]
Message length : 32 phits
Injection Rate : 150
Transmission Time Normal  Links : 160 Cycles
Transmission Time Express Links : 160 Cycles
Batch Means Method : Yes

Please wait, Simulation has been started...

Batch N° 1 : Mean Response Time : 1569.82 cycles	Mean Waiting Time : 366.12 cycles	Throughput : 0.694
Batch N° 2 : Mean Response Time : 2742.68 cycles	Mean Waiting Time : 1167.07 cycles	Throughput : 1.250
Batch N° 3 : Mean Response Time : 3703.76 cycles	Mean Waiting Time : 2062.03 cycles	Throughput : 1.389
Batch N° 4 : Mean Response Time : 4602.93 cycles	Mean Waiting Time : 2941.99 cycles	Throughput : 1.250
Batch N° 5 : Mean Response Time : 5461.57 cycles	Mean Waiting Time : 3776.87 cycles	Throughput : 1.389
Batch N° 6 : Mean Response Time : 6393.79 cycles	Mean Waiting Time : 4689.81 cycles	Throughput : 1.389
Batch N° 7 : Mean Response Time : 7126.48 cycles	Mean Waiting Time : 5419.98 cycles	Throughput : 1.371
Batch N° 8 : Mean Response Time : 8089.31 cycles	Mean Waiting Time : 6380.07 cycles	Throughput : 1.316
Batch N° 9 : Mean Response Time : 8911.07 cycles	Mean Waiting Time : 7188.49 cycles	Throughput : 1.332
Batch N°10 : Mean Response Time : 9757.46 cycles	Mean Waiting Time : 8019.43 cycles	Throughput : 1.389

End Of The Simulation at T= 16320.00 cycles
Injection Rate : 150
Batch Size : 2000
Number of Batches : 10
Number of Clients Served : 20000
Overall Response Time : 5835.89 cycles
Overall Waiting  Time : 4201.19 cycles
Overall Throughput : 1.277 
Standard Deviation Response Time : 2705.21924 cycles
Standard Deviation Waiting  Time : 2586.93262 cycles
Standard Deviation Throughput : 0.211951 