Simulation Starting Time 2021-08-31 06:57:25
Welcome to Network-On-Chip ExpressCube Simulator 
This simulator was designed based on The Discrete Event Simulation.
It's a final year project to obtain the Master Degree
Student developer : Ziraoui Zakaria 
Supervisor: Prof. Mohamed Ould-Khaoua

Network Simulation Parameters :

Topology : 32 x 32 Express Cube with 4 Hops
Number of Nodes  : 1024 
Routing : Dimension-ordered (DOR)
Traffic : Uniform Random
Message length : 32 phits
Injection Rate : 50
Transmission Time Normal  Links : 32 Cycles
Transmission Time Express Links : 32 Cycles
Batch Means Method : Yes

Please wait, Simulation has been started...

Batch N° 1 : Mean Response Time : 254.47 cycles	Mean Waiting Time : 41.21 cycles	Throughput : 4.167
Batch N° 2 : Mean Response Time : 415.09 cycles	Mean Waiting Time : 139.48 cycles	Throughput : 7.017
Batch N° 3 : Mean Response Time : 545.11 cycles	Mean Waiting Time : 253.62 cycles	Throughput : 7.722
Batch N° 4 : Mean Response Time : 659.63 cycles	Mean Waiting Time : 359.09 cycles	Throughput : 7.813
Batch N° 5 : Mean Response Time : 754.33 cycles	Mean Waiting Time : 453.56 cycles	Throughput : 7.813
Batch N° 6 : Mean Response Time : 869.38 cycles	Mean Waiting Time : 566.18 cycles	Throughput : 7.813
Batch N° 7 : Mean Response Time : 943.23 cycles	Mean Waiting Time : 639.12 cycles	Throughput : 8.616
Batch N° 8 : Mean Response Time : 1034.76 cycles	Mean Waiting Time : 734.70 cycles	Throughput : 8.068
Batch N° 9 : Mean Response Time : 1135.00 cycles	Mean Waiting Time : 834.33 cycles	Throughput : 7.813
Batch N°10 : Mean Response Time : 1223.87 cycles	Mean Waiting Time : 916.37 cycles	Throughput : 8.471

End Of The Simulation at T= 2764.09 cycles
Injection Rate : 50
Batch Size : 2000
Number of Batches : 10
Number of Clients Served : 20000
Overall Response Time : 783.49 cycles
Overall Waiting  Time : 493.77 cycles
Overall Throughput : 7.531 
Standard Deviation Response Time : 316.59775 cycles
Standard Deviation Waiting  Time : 295.66263 cycles
Standard Deviation Throughput : 1.259933 