Simulation Starting Time 2021-08-17 05:59:32
Welcome to Network-On-Chip ExpressCube Simulator 
This simulator was designed based on The Discrete Event Simulation.
It's a final year project to obtain the Master Degree
Student developer : Ziraoui Zakaria 
Supervisor: Prof. Mohamed Ould-Khaoua

Network Simulation Parameters :

Topology : 8 x 8 Express Cube with 2 Hops
Number of Nodes  : 64 
Routing : Dimension-ordered (DOR)
Traffic : Uniform Random
Message length : 32 phits
Injection Rate : 200
Transmission Time Normal  Links : 32 Cycles
Transmission Time Express Links : 32 Cycles
Batch Means Method : Yes

Please wait, Simulation has been started...

Batch N° 1 : Mean Response Time : 129.27 cycles	Mean Waiting Time : 5.70 cycles	Throughput : 0.323
Batch N° 2 : Mean Response Time : 127.17 cycles	Mean Waiting Time : 5.94 cycles	Throughput : 0.324
Batch N° 3 : Mean Response Time : 127.92 cycles	Mean Waiting Time : 5.89 cycles	Throughput : 0.320
Batch N° 4 : Mean Response Time : 127.31 cycles	Mean Waiting Time : 5.51 cycles	Throughput : 0.322
Batch N° 5 : Mean Response Time : 126.89 cycles	Mean Waiting Time : 5.80 cycles	Throughput : 0.318
Batch N° 6 : Mean Response Time : 126.75 cycles	Mean Waiting Time : 5.54 cycles	Throughput : 0.315
Batch N° 7 : Mean Response Time : 127.51 cycles	Mean Waiting Time : 5.36 cycles	Throughput : 0.303
Batch N° 8 : Mean Response Time : 126.86 cycles	Mean Waiting Time : 5.41 cycles	Throughput : 0.303
Batch N° 9 : Mean Response Time : 126.69 cycles	Mean Waiting Time : 4.76 cycles	Throughput : 0.293
Batch N°10 : Mean Response Time : 125.53 cycles	Mean Waiting Time : 4.95 cycles	Throughput : 0.296
Batch N°11 : Mean Response Time : 126.06 cycles	Mean Waiting Time : 4.85 cycles	Throughput : 0.283
Batch N°12 : Mean Response Time : 125.26 cycles	Mean Waiting Time : 4.62 cycles	Throughput : 0.283
Batch N°13 : Mean Response Time : 124.30 cycles	Mean Waiting Time : 4.31 cycles	Throughput : 0.277
Batch N°14 : Mean Response Time : 124.46 cycles	Mean Waiting Time : 4.33 cycles	Throughput : 0.278
Batch N°15 : Mean Response Time : 125.95 cycles	Mean Waiting Time : 4.21 cycles	Throughput : 0.272
Batch N°16 : Mean Response Time : 125.44 cycles	Mean Waiting Time : 4.33 cycles	Throughput : 0.270
Batch N°17 : Mean Response Time : 125.27 cycles	Mean Waiting Time : 4.26 cycles	Throughput : 0.275
Batch N°18 : Mean Response Time : 123.47 cycles	Mean Waiting Time : 4.23 cycles	Throughput : 0.268
Batch N°19 : Mean Response Time : 124.37 cycles	Mean Waiting Time : 4.04 cycles	Throughput : 0.264
Batch N°20 : Mean Response Time : 125.48 cycles	Mean Waiting Time : 4.04 cycles	Throughput : 0.264
Batch N°21 : Mean Response Time : 123.00 cycles	Mean Waiting Time : 3.95 cycles	Throughput : 0.260
Batch N°22 : Mean Response Time : 124.00 cycles	Mean Waiting Time : 3.73 cycles	Throughput : 0.249
Batch N°23 : Mean Response Time : 123.82 cycles	Mean Waiting Time : 3.51 cycles	Throughput : 0.239
Batch N°24 : Mean Response Time : 122.99 cycles	Mean Waiting Time : 3.54 cycles	Throughput : 0.242
Batch N°25 : Mean Response Time : 123.09 cycles	Mean Waiting Time : 3.26 cycles	Throughput : 0.231
Batch N°26 : Mean Response Time : 123.10 cycles	Mean Waiting Time : 3.33 cycles	Throughput : 0.230
Batch N°27 : Mean Response Time : 122.24 cycles	Mean Waiting Time : 3.38 cycles	Throughput : 0.224
Batch N°28 : Mean Response Time : 121.01 cycles	Mean Waiting Time : 2.85 cycles	Throughput : 0.220
Batch N°29 : Mean Response Time : 123.21 cycles	Mean Waiting Time : 3.16 cycles	Throughput : 0.214
Batch N°30 : Mean Response Time : 122.15 cycles	Mean Waiting Time : 3.04 cycles	Throughput : 0.211
Batch N°31 : Mean Response Time : 122.09 cycles	Mean Waiting Time : 3.13 cycles	Throughput : 0.216
Batch N°32 : Mean Response Time : 121.38 cycles	Mean Waiting Time : 2.90 cycles	Throughput : 0.215
Batch N°33 : Mean Response Time : 121.20 cycles	Mean Waiting Time : 2.90 cycles	Throughput : 0.213
Batch N°34 : Mean Response Time : 123.54 cycles	Mean Waiting Time : 3.11 cycles	Throughput : 0.215
Batch N°35 : Mean Response Time : 122.94 cycles	Mean Waiting Time : 3.26 cycles	Throughput : 0.216
Batch N°36 : Mean Response Time : 121.68 cycles	Mean Waiting Time : 2.89 cycles	Throughput : 0.210

End Of The Simulation at T= 1399959.88 cycles
Injection Rate : 200
Batch Size : 10000
Number of Batches : 36
Number of Clients Served : 360000
Overall Response Time : 124.54 cycles
Overall Waiting  Time : 4.17 cycles
Overall Throughput : 0.263 
Standard Deviation Response Time : 2.14281 cycles
Standard Deviation Waiting  Time : 0.99454 cycles
Standard Deviation Throughput : 0.038707 