Simulation Starting Time 2021-09-02 07:03:48
Welcome to Network-On-Chip ExpressCube Simulator 
This simulator was designed based on The Discrete Event Simulation.
It's a final year project to obtain the Master Degree
Student developer : Ziraoui Zakaria 
Supervisor: Prof. Mohamed Ould-Khaoua

Network Simulation Parameters :

Topology : 32 x 32 Express Cube with 8 Hops
Number of Nodes  : 1024 
Routing : Dimension-ordered (DOR)
Traffic : Uniform Random
Message length : 32 phits
Injection Rate : 180
Transmission Time Normal  Links : 160 Cycles
Transmission Time Express Links : 160 Cycles
Batch Means Method : Yes

Please wait, Simulation has been started...

Batch N° 1 : Mean Response Time : 1433.69 cycles	Mean Waiting Time : 283.89 cycles	Throughput : 0.766
Batch N° 2 : Mean Response Time : 2538.35 cycles	Mean Waiting Time : 976.70 cycles	Throughput : 1.290
Batch N° 3 : Mean Response Time : 3462.69 cycles	Mean Waiting Time : 1785.01 cycles	Throughput : 1.389
Batch N° 4 : Mean Response Time : 4208.56 cycles	Mean Waiting Time : 2539.80 cycles	Throughput : 1.389
Batch N° 5 : Mean Response Time : 4982.64 cycles	Mean Waiting Time : 3319.62 cycles	Throughput : 1.563
Batch N° 6 : Mean Response Time : 5751.83 cycles	Mean Waiting Time : 4053.55 cycles	Throughput : 1.389
Batch N° 7 : Mean Response Time : 6586.35 cycles	Mean Waiting Time : 4844.18 cycles	Throughput : 1.563
Batch N° 8 : Mean Response Time : 7339.01 cycles	Mean Waiting Time : 5593.28 cycles	Throughput : 1.563
Batch N° 9 : Mean Response Time : 7987.87 cycles	Mean Waiting Time : 6249.55 cycles	Throughput : 1.435
Batch N°10 : Mean Response Time : 8888.55 cycles	Mean Waiting Time : 7185.45 cycles	Throughput : 1.508

End Of The Simulation at T= 15040.00 cycles
Injection Rate : 180
Batch Size : 2000
Number of Batches : 10
Number of Clients Served : 20000
Overall Response Time : 5317.95 cycles
Overall Waiting  Time : 3683.10 cycles
Overall Throughput : 1.385 
Standard Deviation Response Time : 2434.89160 cycles
Standard Deviation Waiting  Time : 2307.19678 cycles
Standard Deviation Throughput : 0.236636 