Simulation Starting Time 2021-08-31 06:55:37
Welcome to Network-On-Chip ExpressCube Simulator 
This simulator was designed based on The Discrete Event Simulation.
It's a final year project to obtain the Master Degree
Student developer : Ziraoui Zakaria 
Supervisor: Prof. Mohamed Ould-Khaoua

Network Simulation Parameters :

Topology : 32 x 32 Express Cube with 4 Hops
Number of Nodes  : 1024 
Routing : Dimension-ordered (DOR)
Traffic : Uniform Random
Message length : 32 phits
Injection Rate : 100
Transmission Time Normal  Links : 32 Cycles
Transmission Time Express Links : 32 Cycles
Batch Means Method : Yes

Please wait, Simulation has been started...

Batch N° 1 : Mean Response Time : 253.86 cycles	Mean Waiting Time : 27.70 cycles	Throughput : 3.906
Batch N° 2 : Mean Response Time : 387.37 cycles	Mean Waiting Time : 92.04 cycles	Throughput : 6.944
Batch N° 3 : Mean Response Time : 470.83 cycles	Mean Waiting Time : 161.80 cycles	Throughput : 6.944
Batch N° 4 : Mean Response Time : 546.75 cycles	Mean Waiting Time : 227.12 cycles	Throughput : 7.182
Batch N° 5 : Mean Response Time : 583.91 cycles	Mean Waiting Time : 270.83 cycles	Throughput : 7.532
Batch N° 6 : Mean Response Time : 650.02 cycles	Mean Waiting Time : 333.36 cycles	Throughput : 7.480
Batch N° 7 : Mean Response Time : 709.66 cycles	Mean Waiting Time : 388.07 cycles	Throughput : 7.608
Batch N° 8 : Mean Response Time : 750.64 cycles	Mean Waiting Time : 433.17 cycles	Throughput : 7.408
Batch N° 9 : Mean Response Time : 809.88 cycles	Mean Waiting Time : 491.14 cycles	Throughput : 7.144
Batch N°10 : Mean Response Time : 873.64 cycles	Mean Waiting Time : 548.20 cycles	Throughput : 7.581

End Of The Simulation at T= 2976.00 cycles
Injection Rate : 100
Batch Size : 2000
Number of Batches : 10
Number of Clients Served : 20000
Overall Response Time : 603.66 cycles
Overall Waiting  Time : 297.34 cycles
Overall Throughput : 6.973 
Standard Deviation Response Time : 194.60071 cycles
Standard Deviation Waiting  Time : 172.34386 cycles
Standard Deviation Throughput : 1.106134 