Simulation Starting Time 2021-09-02 06:46:37
Welcome to Network-On-Chip ExpressCube Simulator 
This simulator was designed based on The Discrete Event Simulation.
It's a final year project to obtain the Master Degree
Student developer : Ziraoui Zakaria 
Supervisor: Prof. Mohamed Ould-Khaoua

Network Simulation Parameters :

Topology : 32 x 32 Express Cube with 2 Hops
Number of Nodes  : 1024 
Routing : Dimension-ordered (DOR)
Traffic : Uniform Random
Message length : 32 phits
Injection Rate : 50
Transmission Time Normal  Links : 64 Cycles
Transmission Time Express Links : 64 Cycles
Batch Means Method : Yes

Please wait, Simulation has been started...

Batch N° 1 : Mean Response Time : 681.18 cycles	Mean Waiting Time : 227.64 cycles	Throughput : 1.485
Batch N° 2 : Mean Response Time : 1346.21 cycles	Mean Waiting Time : 765.23 cycles	Throughput : 2.089
Batch N° 3 : Mean Response Time : 1941.64 cycles	Mean Waiting Time : 1328.51 cycles	Throughput : 2.232
Batch N° 4 : Mean Response Time : 2529.76 cycles	Mean Waiting Time : 1912.08 cycles	Throughput : 2.232
Batch N° 5 : Mean Response Time : 3070.69 cycles	Mean Waiting Time : 2446.40 cycles	Throughput : 2.232
Batch N° 6 : Mean Response Time : 3683.35 cycles	Mean Waiting Time : 3060.99 cycles	Throughput : 2.232
Batch N° 7 : Mean Response Time : 4193.37 cycles	Mean Waiting Time : 3579.98 cycles	Throughput : 2.404
Batch N° 8 : Mean Response Time : 4736.27 cycles	Mean Waiting Time : 4112.47 cycles	Throughput : 2.232
Batch N° 9 : Mean Response Time : 5243.26 cycles	Mean Waiting Time : 4615.10 cycles	Throughput : 2.232
Batch N°10 : Mean Response Time : 5768.53 cycles	Mean Waiting Time : 5145.86 cycles	Throughput : 2.232

End Of The Simulation at T= 9408.00 cycles
Injection Rate : 50
Batch Size : 2000
Number of Batches : 10
Number of Clients Served : 20000
Overall Response Time : 3319.42 cycles
Overall Waiting  Time : 2719.42 cycles
Overall Throughput : 2.160 
Standard Deviation Response Time : 1700.99805 cycles
Standard Deviation Waiting  Time : 1665.59326 cycles
Standard Deviation Throughput : 0.248626 