Simulation Starting Time 2021-09-02 07:00:33
Welcome to Network-On-Chip ExpressCube Simulator 
This simulator was designed based on The Discrete Event Simulation.
It's a final year project to obtain the Master Degree
Student developer : Ziraoui Zakaria 
Supervisor: Prof. Mohamed Ould-Khaoua

Network Simulation Parameters :

Topology : 32 x 32 Express Cube with 8 Hops
Number of Nodes  : 1024 
Routing : Dimension-ordered (DOR)
Traffic : Uniform Random
Message length : 32 phits
Injection Rate : 300
Transmission Time Normal  Links : 160 Cycles
Transmission Time Express Links : 160 Cycles
Batch Means Method : Yes

Please wait, Simulation has been started...

Batch N° 1 : Mean Response Time : 1416.62 cycles	Mean Waiting Time : 219.14 cycles	Throughput : 0.735
Batch N° 2 : Mean Response Time : 2315.69 cycles	Mean Waiting Time : 705.17 cycles	Throughput : 1.367
Batch N° 3 : Mean Response Time : 2957.03 cycles	Mean Waiting Time : 1238.27 cycles	Throughput : 1.412
Batch N° 4 : Mean Response Time : 3432.35 cycles	Mean Waiting Time : 1715.11 cycles	Throughput : 1.432
Batch N° 5 : Mean Response Time : 4023.21 cycles	Mean Waiting Time : 2255.37 cycles	Throughput : 1.435
Batch N° 6 : Mean Response Time : 4370.67 cycles	Mean Waiting Time : 2639.42 cycles	Throughput : 1.460
Batch N° 7 : Mean Response Time : 4919.02 cycles	Mean Waiting Time : 3138.97 cycles	Throughput : 1.557
Batch N° 8 : Mean Response Time : 5389.87 cycles	Mean Waiting Time : 3643.62 cycles	Throughput : 1.474
Batch N° 9 : Mean Response Time : 6007.67 cycles	Mean Waiting Time : 4214.55 cycles	Throughput : 1.474
Batch N°10 : Mean Response Time : 6498.25 cycles	Mean Waiting Time : 4687.37 cycles	Throughput : 1.560

End Of The Simulation at T= 15040.00 cycles
Injection Rate : 300
Batch Size : 2000
Number of Batches : 10
Number of Clients Served : 20000
Overall Response Time : 4133.04 cycles
Overall Waiting  Time : 2445.70 cycles
Overall Throughput : 1.391 
Standard Deviation Response Time : 1630.61133 cycles
Standard Deviation Waiting  Time : 1495.25000 cycles
Standard Deviation Throughput : 0.237899 