Simulation Starting Time 2021-09-02 06:55:48
Welcome to Network-On-Chip ExpressCube Simulator 
This simulator was designed based on The Discrete Event Simulation.
It's a final year project to obtain the Master Degree
Student developer : Ziraoui Zakaria 
Supervisor: Prof. Mohamed Ould-Khaoua

Network Simulation Parameters :

Topology : 32 x 32 Express Cube with 4 Hops
Number of Nodes  : 1024 
Routing : Dimension-ordered (DOR)
Traffic : Uniform Random
Message length : 32 phits
Injection Rate : 70
Transmission Time Normal  Links : 96 Cycles
Transmission Time Express Links : 96 Cycles
Batch Means Method : Yes

Please wait, Simulation has been started...

Batch N° 1 : Mean Response Time : 793.59 cycles	Mean Waiting Time : 183.82 cycles	Throughput : 1.389
Batch N° 2 : Mean Response Time : 1429.75 cycles	Mean Waiting Time : 630.66 cycles	Throughput : 2.604
Batch N° 3 : Mean Response Time : 1988.78 cycles	Mean Waiting Time : 1127.31 cycles	Throughput : 2.604
Batch N° 4 : Mean Response Time : 2503.42 cycles	Mean Waiting Time : 1628.63 cycles	Throughput : 2.604
Batch N° 5 : Mean Response Time : 3002.91 cycles	Mean Waiting Time : 2119.41 cycles	Throughput : 2.604
Batch N° 6 : Mean Response Time : 3530.83 cycles	Mean Waiting Time : 2648.80 cycles	Throughput : 2.604
Batch N° 7 : Mean Response Time : 4049.78 cycles	Mean Waiting Time : 3152.70 cycles	Throughput : 2.976
Batch N° 8 : Mean Response Time : 4511.37 cycles	Mean Waiting Time : 3617.52 cycles	Throughput : 2.604
Batch N° 9 : Mean Response Time : 4979.45 cycles	Mean Waiting Time : 4063.14 cycles	Throughput : 2.604
Batch N°10 : Mean Response Time : 5488.55 cycles	Mean Waiting Time : 4587.44 cycles	Throughput : 2.976

End Of The Simulation at T= 8160.00 cycles
Injection Rate : 70
Batch Size : 2000
Number of Batches : 10
Number of Clients Served : 20000
Overall Response Time : 3227.84 cycles
Overall Waiting  Time : 2375.94 cycles
Overall Throughput : 2.557 
Standard Deviation Response Time : 1558.60046 cycles
Standard Deviation Waiting  Time : 1490.39270 cycles
Standard Deviation Throughput : 0.438621 