Simulation Starting Time 2021-09-04 04:21:13
Welcome to Network-On-Chip ExpressCube Simulator 
This simulator was designed based on The Discrete Event Simulation.
It's a final year project to obtain the Master Degree
Student developer : Ziraoui Zakaria 
Supervisor: Prof. Mohamed Ould-Khaoua

Network Simulation Parameters :

Topology : 16 x 16 Express Cube with 4 Hops
Number of Nodes  : 256 
Routing : Dimension-ordered (DOR)
Traffic : Hotspot [8][8]
Message length : 32 phits
Injection Rate : 300
Transmission Time Normal  Links : 96 Cycles
Transmission Time Express Links : 96 Cycles
Batch Means Method : Yes

Please wait, Simulation has been started...

Batch N° 1 : Mean Response Time : 768.70 cycles	Mean Waiting Time : 163.68 cycles	Throughput : 0.585
Batch N° 2 : Mean Response Time : 1104.59 cycles	Mean Waiting Time : 439.38 cycles	Throughput : 0.679
Batch N° 3 : Mean Response Time : 1372.46 cycles	Mean Waiting Time : 702.65 cycles	Throughput : 0.642
Batch N° 4 : Mean Response Time : 1665.55 cycles	Mean Waiting Time : 983.93 cycles	Throughput : 0.655
Batch N° 5 : Mean Response Time : 1874.85 cycles	Mean Waiting Time : 1195.58 cycles	Throughput : 0.655
Batch N° 6 : Mean Response Time : 2103.50 cycles	Mean Waiting Time : 1438.31 cycles	Throughput : 0.666
Batch N° 7 : Mean Response Time : 2288.89 cycles	Mean Waiting Time : 1622.66 cycles	Throughput : 0.665
Batch N° 8 : Mean Response Time : 2465.09 cycles	Mean Waiting Time : 1800.93 cycles	Throughput : 0.688
Batch N° 9 : Mean Response Time : 2816.82 cycles	Mean Waiting Time : 2143.98 cycles	Throughput : 0.656
Batch N°10 : Mean Response Time : 2942.66 cycles	Mean Waiting Time : 2267.78 cycles	Throughput : 0.657

End Of The Simulation at T= 30594.46 cycles
Injection Rate : 300
Batch Size : 2000
Number of Batches : 10
Number of Clients Served : 20000
Overall Response Time : 1940.31 cycles
Overall Waiting  Time : 1275.89 cycles
Overall Throughput : 0.655 
Standard Deviation Response Time : 720.32788 cycles
Standard Deviation Waiting  Time : 708.42316 cycles
Standard Deviation Throughput : 0.027705 