Simulation Starting Time 2021-09-02 06:40:30
Welcome to Network-On-Chip ExpressCube Simulator 
This simulator was designed based on The Discrete Event Simulation.
It's a final year project to obtain the Master Degree
Student developer : Ziraoui Zakaria 
Supervisor: Prof. Mohamed Ould-Khaoua

Network Simulation Parameters :

Topology : 32 x 32 Express Cube with 2 Hops
Number of Nodes  : 1024 
Routing : Dimension-ordered (DOR)
Traffic : Uniform Random
Message length : 32 phits
Injection Rate : 180
Transmission Time Normal  Links : 64 Cycles
Transmission Time Express Links : 64 Cycles
Batch Means Method : Yes

Please wait, Simulation has been started...

Batch N° 1 : Mean Response Time : 650.98 cycles	Mean Waiting Time : 128.00 cycles	Throughput : 1.359
Batch N° 2 : Mean Response Time : 1122.55 cycles	Mean Waiting Time : 448.91 cycles	Throughput : 2.083
Batch N° 3 : Mean Response Time : 1464.64 cycles	Mean Waiting Time : 776.56 cycles	Throughput : 2.083
Batch N° 4 : Mean Response Time : 1842.14 cycles	Mean Waiting Time : 1135.67 cycles	Throughput : 2.232
Batch N° 5 : Mean Response Time : 2179.08 cycles	Mean Waiting Time : 1457.88 cycles	Throughput : 2.102
Batch N° 6 : Mean Response Time : 2457.85 cycles	Mean Waiting Time : 1747.93 cycles	Throughput : 2.211
Batch N° 7 : Mean Response Time : 2803.74 cycles	Mean Waiting Time : 2083.83 cycles	Throughput : 2.131
Batch N° 8 : Mean Response Time : 3054.29 cycles	Mean Waiting Time : 2336.16 cycles	Throughput : 2.180
Batch N° 9 : Mean Response Time : 3486.78 cycles	Mean Waiting Time : 2753.88 cycles	Throughput : 2.192
Batch N°10 : Mean Response Time : 3679.11 cycles	Mean Waiting Time : 2961.15 cycles	Throughput : 2.120

End Of The Simulation at T= 9856.00 cycles
Injection Rate : 180
Batch Size : 2000
Number of Batches : 10
Number of Clients Served : 20000
Overall Response Time : 2274.11 cycles
Overall Waiting  Time : 1583.00 cycles
Overall Throughput : 2.069 
Standard Deviation Response Time : 1009.89886 cycles
Standard Deviation Waiting  Time : 965.22009 cycles
Standard Deviation Throughput : 0.255306 