Simulation Starting Time 2021-09-04 04:21:08
Welcome to Network-On-Chip ExpressCube Simulator 
This simulator was designed based on The Discrete Event Simulation.
It's a final year project to obtain the Master Degree
Student developer : Ziraoui Zakaria 
Supervisor: Prof. Mohamed Ould-Khaoua

Network Simulation Parameters :

Topology : 16 x 16 Express Cube with 4 Hops
Number of Nodes  : 256 
Routing : Dimension-ordered (DOR)
Traffic : Hotspot [8][8]
Message length : 32 phits
Injection Rate : 10500
Transmission Time Normal  Links : 96 Cycles
Transmission Time Express Links : 96 Cycles
Batch Means Method : Yes

Please wait, Simulation has been started...

Batch N° 1 : Mean Response Time : 603.80 cycles	Mean Waiting Time : 5.74 cycles	Throughput : 0.028
Batch N° 2 : Mean Response Time : 590.90 cycles	Mean Waiting Time : 1.75 cycles	Throughput : 0.025
Batch N° 3 : Mean Response Time : 592.45 cycles	Mean Waiting Time : 1.82 cycles	Throughput : 0.024
Batch N° 4 : Mean Response Time : 607.45 cycles	Mean Waiting Time : 1.77 cycles	Throughput : 0.025
Batch N° 5 : Mean Response Time : 591.37 cycles	Mean Waiting Time : 1.75 cycles	Throughput : 0.025
Batch N° 6 : Mean Response Time : 591.09 cycles	Mean Waiting Time : 1.80 cycles	Throughput : 0.024
Batch N° 7 : Mean Response Time : 591.89 cycles	Mean Waiting Time : 1.64 cycles	Throughput : 0.024
Batch N° 8 : Mean Response Time : 581.92 cycles	Mean Waiting Time : 1.85 cycles	Throughput : 0.026
Batch N° 9 : Mean Response Time : 588.25 cycles	Mean Waiting Time : 1.32 cycles	Throughput : 0.024
Batch N°10 : Mean Response Time : 593.38 cycles	Mean Waiting Time : 1.96 cycles	Throughput : 0.025

End Of The Simulation at T= 807483.38 cycles
Injection Rate : 10500
Batch Size : 2000
Number of Batches : 10
Number of Clients Served : 20000
Overall Response Time : 593.25 cycles
Overall Waiting  Time : 2.14 cycles
Overall Throughput : 0.025 
Standard Deviation Response Time : 7.32341 cycles
Standard Deviation Waiting  Time : 1.27742 cycles
Standard Deviation Throughput : 0.001169 