Simulation Starting Time 2021-09-01 06:03:00
Welcome to Network-On-Chip 2D Mesh Simulator 
This simulator was designed based on The Discrete Event Simulation.
It's a final year project to obtain the Master Degree
Student developer : Ziraoui Zakaria 
Supervisor: Prof. Mohamed Ould-Khaoua

Network Simulation Parameters :

Topology : 8 x 8 Mesh 
Number of Nodes  : 64 
Routing : Dimension-ordered (DOR)
Traffic : Hotspot [4][4]
Message length : 32 phits
Injection Rate : 80
Transmission Time : 32 Cycles
Batch Means Method : Yes

Please wait, Simulation has been started...

Batch N° 1 : Mean Response Time : 409.06 cycles	Mean Waiting Time : 228.89 cycles	Throughput : 0.641
Batch N° 2 : Mean Response Time : 748.53 cycles	Mean Waiting Time : 567.01 cycles	Throughput : 0.656
Batch N° 3 : Mean Response Time : 1068.91 cycles	Mean Waiting Time : 884.42 cycles	Throughput : 0.677
Batch N° 4 : Mean Response Time : 1344.50 cycles	Mean Waiting Time : 1157.96 cycles	Throughput : 0.665
Batch N° 5 : Mean Response Time : 1629.81 cycles	Mean Waiting Time : 1447.08 cycles	Throughput : 0.673
Batch N° 6 : Mean Response Time : 1928.71 cycles	Mean Waiting Time : 1744.20 cycles	Throughput : 0.670
Batch N° 7 : Mean Response Time : 2223.17 cycles	Mean Waiting Time : 2041.09 cycles	Throughput : 0.681
Batch N° 8 : Mean Response Time : 2410.76 cycles	Mean Waiting Time : 2231.49 cycles	Throughput : 0.665
Batch N° 9 : Mean Response Time : 2759.48 cycles	Mean Waiting Time : 2574.87 cycles	Throughput : 0.651
Batch N°10 : Mean Response Time : 2939.38 cycles	Mean Waiting Time : 2755.45 cycles	Throughput : 0.682

End Of The Simulation at T= 30035.65 cycles
Injection Rate : 80
Batch Size : 2000
Number of Batches : 10
Number of Clients Served : 20000
Overall Response Time : 1746.23 cycles
Overall Waiting  Time : 1563.24 cycles
Overall Throughput : 0.666 
Standard Deviation Response Time : 854.38727 cycles
Standard Deviation Waiting  Time : 854.00519 cycles
Standard Deviation Throughput : 0.013541 