Simulation Starting Time 2021-08-31 05:57:54
Welcome to Network-On-Chip ExpressCube Simulator 
This simulator was designed based on The Discrete Event Simulation.
It's a final year project to obtain the Master Degree
Student developer : Ziraoui Zakaria 
Supervisor: Prof. Mohamed Ould-Khaoua

Network Simulation Parameters :

Topology : 16 x 16 Express Cube with 2 Hops
Number of Nodes  : 256 
Routing : Dimension-ordered (DOR)
Traffic : Uniform Random
Message length : 32 phits
Injection Rate : 180
Transmission Time Normal  Links : 32 Cycles
Transmission Time Express Links : 32 Cycles
Batch Means Method : Yes

Please wait, Simulation has been started...

Batch N° 1 : Mean Response Time : 259.82 cycles	Mean Waiting Time : 39.41 cycles	Throughput : 1.367
Batch N° 2 : Mean Response Time : 293.07 cycles	Mean Waiting Time : 55.43 cycles	Throughput : 1.401
Batch N° 3 : Mean Response Time : 284.90 cycles	Mean Waiting Time : 47.07 cycles	Throughput : 1.394
Batch N° 4 : Mean Response Time : 280.31 cycles	Mean Waiting Time : 47.54 cycles	Throughput : 1.400
Batch N° 5 : Mean Response Time : 287.33 cycles	Mean Waiting Time : 51.42 cycles	Throughput : 1.451
Batch N° 6 : Mean Response Time : 271.48 cycles	Mean Waiting Time : 40.74 cycles	Throughput : 1.364
Batch N° 7 : Mean Response Time : 276.67 cycles	Mean Waiting Time : 45.04 cycles	Throughput : 1.450
Batch N° 8 : Mean Response Time : 285.37 cycles	Mean Waiting Time : 51.53 cycles	Throughput : 1.455
Batch N° 9 : Mean Response Time : 281.60 cycles	Mean Waiting Time : 46.88 cycles	Throughput : 1.452
Batch N°10 : Mean Response Time : 264.46 cycles	Mean Waiting Time : 35.71 cycles	Throughput : 1.394

End Of The Simulation at T= 14166.52 cycles
Injection Rate : 180
Batch Size : 2000
Number of Batches : 10
Number of Clients Served : 20000
Overall Response Time : 278.50 cycles
Overall Waiting  Time : 46.08 cycles
Overall Throughput : 1.413 
Standard Deviation Response Time : 10.48807 cycles
Standard Deviation Waiting  Time : 6.06410 cycles
Standard Deviation Throughput : 0.035882 