Simulation Starting Time 2021-08-31 05:29:02
Welcome to Network-On-Chip 2D Mesh Simulator 
This simulator was designed based on The Discrete Event Simulation.
It's a final year project to obtain the Master Degree
Student developer : Ziraoui Zakaria 
Supervisor: Prof. Mohamed Ould-Khaoua

Network Simulation Parameters :

Topology : 8 x 8 Mesh 
Number of Nodes  : 64 
Routing : Dimension-ordered (DOR)
Traffic : Uniform Random
Message length : 32 phits
Injection Rate : 300
Transmission Time : 32 Cycles
Batch Means Method : Yes

Please wait, Simulation has been started...

Batch N° 1 : Mean Response Time : 164.46 cycles	Mean Waiting Time : 4.47 cycles	Throughput : 0.219
Batch N° 2 : Mean Response Time : 165.00 cycles	Mean Waiting Time : 5.02 cycles	Throughput : 0.213
Batch N° 3 : Mean Response Time : 166.86 cycles	Mean Waiting Time : 4.90 cycles	Throughput : 0.221
Batch N° 4 : Mean Response Time : 160.72 cycles	Mean Waiting Time : 4.33 cycles	Throughput : 0.213
Batch N° 5 : Mean Response Time : 163.19 cycles	Mean Waiting Time : 4.57 cycles	Throughput : 0.215
Batch N° 6 : Mean Response Time : 160.71 cycles	Mean Waiting Time : 4.35 cycles	Throughput : 0.212
Batch N° 7 : Mean Response Time : 167.58 cycles	Mean Waiting Time : 5.05 cycles	Throughput : 0.216
Batch N° 8 : Mean Response Time : 165.38 cycles	Mean Waiting Time : 4.71 cycles	Throughput : 0.215
Batch N° 9 : Mean Response Time : 167.00 cycles	Mean Waiting Time : 4.03 cycles	Throughput : 0.214
Batch N°10 : Mean Response Time : 169.05 cycles	Mean Waiting Time : 4.75 cycles	Throughput : 0.219

End Of The Simulation at T= 92691.25 cycles
Injection Rate : 300
Batch Size : 2000
Number of Batches : 10
Number of Clients Served : 20000
Overall Response Time : 164.99 cycles
Overall Waiting  Time : 4.62 cycles
Overall Throughput : 0.216 
Standard Deviation Response Time : 2.80802 cycles
Standard Deviation Waiting  Time : 0.32945 cycles
Standard Deviation Throughput : 0.003003 