Simulation Starting Time 2021-09-01 06:25:38
Welcome to Network-On-Chip ExpressCube Simulator 
This simulator was designed based on The Discrete Event Simulation.
It's a final year project to obtain the Master Degree
Student developer : Ziraoui Zakaria 
Supervisor: Prof. Mohamed Ould-Khaoua

Network Simulation Parameters :

Topology : 32 x 32 Express Cube with 2 Hops
Number of Nodes  : 1024 
Routing : Dimension-ordered (DOR)
Traffic : Hotspot [16][16]
Message length : 32 phits
Injection Rate : 250
Transmission Time Normal  Links : 32 Cycles
Transmission Time Express Links : 32 Cycles
Batch Means Method : Yes

Please wait, Simulation has been started...

Batch N° 1 : Mean Response Time : 383.63 cycles	Mean Waiting Time : 57.60 cycles	Throughput : 2.315
Batch N° 2 : Mean Response Time : 549.95 cycles	Mean Waiting Time : 147.07 cycles	Throughput : 3.151
Batch N° 3 : Mean Response Time : 609.87 cycles	Mean Waiting Time : 193.99 cycles	Throughput : 3.101
Batch N° 4 : Mean Response Time : 647.38 cycles	Mean Waiting Time : 236.48 cycles	Throughput : 3.180
Batch N° 5 : Mean Response Time : 714.13 cycles	Mean Waiting Time : 294.66 cycles	Throughput : 3.300
Batch N° 6 : Mean Response Time : 732.20 cycles	Mean Waiting Time : 316.72 cycles	Throughput : 3.256
Batch N° 7 : Mean Response Time : 761.70 cycles	Mean Waiting Time : 343.52 cycles	Throughput : 3.163
Batch N° 8 : Mean Response Time : 782.55 cycles	Mean Waiting Time : 367.77 cycles	Throughput : 3.271
Batch N° 9 : Mean Response Time : 828.03 cycles	Mean Waiting Time : 413.61 cycles	Throughput : 3.058
Batch N°10 : Mean Response Time : 853.39 cycles	Mean Waiting Time : 438.16 cycles	Throughput : 3.296

End Of The Simulation at T= 6497.48 cycles
Injection Rate : 250
Batch Size : 2000
Number of Batches : 10
Number of Clients Served : 20000
Overall Response Time : 686.28 cycles
Overall Waiting  Time : 280.96 cycles
Overall Throughput : 3.109 
Standard Deviation Response Time : 142.74940 cycles
Standard Deviation Waiting  Time : 121.37273 cycles
Standard Deviation Throughput : 0.291108 