Simulation Starting Time 2021-08-31 06:48:27
Welcome to Network-On-Chip ExpressCube Simulator 
This simulator was designed based on The Discrete Event Simulation.
It's a final year project to obtain the Master Degree
Student developer : Ziraoui Zakaria 
Supervisor: Prof. Mohamed Ould-Khaoua

Network Simulation Parameters :

Topology : 32 x 32 Express Cube with 2 Hops
Number of Nodes  : 1024 
Routing : Dimension-ordered (DOR)
Traffic : Uniform Random
Message length : 32 phits
Injection Rate : 350
Transmission Time Normal  Links : 32 Cycles
Transmission Time Express Links : 32 Cycles
Batch Means Method : Yes

Please wait, Simulation has been started...

Batch N° 1 : Mean Response Time : 388.77 cycles	Mean Waiting Time : 49.84 cycles	Throughput : 2.315
Batch N° 2 : Mean Response Time : 517.92 cycles	Mean Waiting Time : 101.71 cycles	Throughput : 3.016
Batch N° 3 : Mean Response Time : 513.74 cycles	Mean Waiting Time : 97.88 cycles	Throughput : 2.937
Batch N° 4 : Mean Response Time : 510.56 cycles	Mean Waiting Time : 94.46 cycles	Throughput : 3.051
Batch N° 5 : Mean Response Time : 488.28 cycles	Mean Waiting Time : 71.87 cycles	Throughput : 2.924
Batch N° 6 : Mean Response Time : 473.24 cycles	Mean Waiting Time : 63.16 cycles	Throughput : 2.872
Batch N° 7 : Mean Response Time : 481.02 cycles	Mean Waiting Time : 70.23 cycles	Throughput : 2.857
Batch N° 8 : Mean Response Time : 490.85 cycles	Mean Waiting Time : 72.35 cycles	Throughput : 2.840
Batch N° 9 : Mean Response Time : 485.14 cycles	Mean Waiting Time : 74.04 cycles	Throughput : 2.970
Batch N°10 : Mean Response Time : 481.25 cycles	Mean Waiting Time : 67.52 cycles	Throughput : 2.937

End Of The Simulation at T= 7002.78 cycles
Injection Rate : 350
Batch Size : 2000
Number of Batches : 10
Number of Clients Served : 20000
Overall Response Time : 483.08 cycles
Overall Waiting  Time : 76.31 cycles
Overall Throughput : 2.872 
Standard Deviation Response Time : 36.51423 cycles
Standard Deviation Waiting  Time : 16.55847 cycles
Standard Deviation Throughput : 0.206877 