Simulation Starting Time 2021-09-01 06:03:33
Welcome to Network-On-Chip ExpressCube Simulator 
This simulator was designed based on The Discrete Event Simulation.
It's a final year project to obtain the Master Degree
Student developer : Ziraoui Zakaria 
Supervisor: Prof. Mohamed Ould-Khaoua

Network Simulation Parameters :

Topology : 8 x 8 Express Cube with 2 Hops
Number of Nodes  : 64 
Routing : Dimension-ordered (DOR)
Traffic : Hotspot [4][4]
Message length : 32 phits
Injection Rate : 10500
Transmission Time Normal  Links : 32 Cycles
Transmission Time Express Links : 32 Cycles
Batch Means Method : Yes

Please wait, Simulation has been started...

Batch N° 1 : Mean Response Time : 112.31 cycles	Mean Waiting Time : 0.09 cycles	Throughput : 0.006
Batch N° 2 : Mean Response Time : 113.52 cycles	Mean Waiting Time : 0.04 cycles	Throughput : 0.006
Batch N° 3 : Mean Response Time : 112.32 cycles	Mean Waiting Time : 0.08 cycles	Throughput : 0.006
Batch N° 4 : Mean Response Time : 112.22 cycles	Mean Waiting Time : 0.04 cycles	Throughput : 0.006
Batch N° 5 : Mean Response Time : 114.36 cycles	Mean Waiting Time : 0.10 cycles	Throughput : 0.006
Batch N° 6 : Mean Response Time : 111.19 cycles	Mean Waiting Time : 0.06 cycles	Throughput : 0.006
Batch N° 7 : Mean Response Time : 113.18 cycles	Mean Waiting Time : 0.07 cycles	Throughput : 0.006
Batch N° 8 : Mean Response Time : 110.64 cycles	Mean Waiting Time : 0.07 cycles	Throughput : 0.006
Batch N° 9 : Mean Response Time : 111.69 cycles	Mean Waiting Time : 0.08 cycles	Throughput : 0.006
Batch N°10 : Mean Response Time : 114.64 cycles	Mean Waiting Time : 0.08 cycles	Throughput : 0.006

End Of The Simulation at T= 3342674.00 cycles
Injection Rate : 10500
Batch Size : 2000
Number of Batches : 10
Number of Clients Served : 20000
Overall Response Time : 112.61 cycles
Overall Waiting  Time : 0.07 cycles
Overall Throughput : 0.006 
Standard Deviation Response Time : 1.30870 cycles
Standard Deviation Waiting  Time : 0.01844 cycles
Standard Deviation Throughput : 0.000174 