Simulation Starting Time 2021-09-01 06:26:52
Welcome to Network-On-Chip ExpressCube Simulator 
This simulator was designed based on The Discrete Event Simulation.
It's a final year project to obtain the Master Degree
Student developer : Ziraoui Zakaria 
Supervisor: Prof. Mohamed Ould-Khaoua

Network Simulation Parameters :

Topology : 32 x 32 Express Cube with 2 Hops
Number of Nodes  : 1024 
Routing : Dimension-ordered (DOR)
Traffic : Hotspot [16][16]
Message length : 32 phits
Injection Rate : 150
Transmission Time Normal  Links : 32 Cycles
Transmission Time Express Links : 32 Cycles
Batch Means Method : Yes

Please wait, Simulation has been started...

Batch N° 1 : Mean Response Time : 350.80 cycles	Mean Waiting Time : 56.85 cycles	Throughput : 2.500
Batch N° 2 : Mean Response Time : 583.39 cycles	Mean Waiting Time : 204.63 cycles	Throughput : 3.643
Batch N° 3 : Mean Response Time : 737.99 cycles	Mean Waiting Time : 346.86 cycles	Throughput : 3.710
Batch N° 4 : Mean Response Time : 897.53 cycles	Mean Waiting Time : 495.69 cycles	Throughput : 3.906
Batch N° 5 : Mean Response Time : 993.88 cycles	Mean Waiting Time : 594.43 cycles	Throughput : 3.744
Batch N° 6 : Mean Response Time : 1096.15 cycles	Mean Waiting Time : 698.43 cycles	Throughput : 3.860
Batch N° 7 : Mean Response Time : 1230.55 cycles	Mean Waiting Time : 830.67 cycles	Throughput : 3.801
Batch N° 8 : Mean Response Time : 1396.45 cycles	Mean Waiting Time : 992.72 cycles	Throughput : 3.959
Batch N° 9 : Mean Response Time : 1522.27 cycles	Mean Waiting Time : 1110.78 cycles	Throughput : 3.862
Batch N°10 : Mean Response Time : 1532.87 cycles	Mean Waiting Time : 1137.13 cycles	Throughput : 3.925

End Of The Simulation at T= 5511.19 cycles
Injection Rate : 150
Batch Size : 2000
Number of Batches : 10
Number of Clients Served : 20000
Overall Response Time : 1034.19 cycles
Overall Waiting  Time : 646.82 cycles
Overall Throughput : 3.691 
Standard Deviation Response Time : 399.83405 cycles
Standard Deviation Waiting  Time : 375.78415 cycles
Standard Deviation Throughput : 0.430328 