Simulation Starting Time 2021-08-31 05:59:26
Welcome to Network-On-Chip ExpressCube Simulator 
This simulator was designed based on The Discrete Event Simulation.
It's a final year project to obtain the Master Degree
Student developer : Ziraoui Zakaria 
Supervisor: Prof. Mohamed Ould-Khaoua

Network Simulation Parameters :

Topology : 16 x 16 Express Cube with 4 Hops
Number of Nodes  : 256 
Routing : Dimension-ordered (DOR)
Traffic : Uniform Random
Message length : 32 phits
Injection Rate : 80
Transmission Time Normal  Links : 32 Cycles
Transmission Time Express Links : 32 Cycles
Batch Means Method : Yes

Please wait, Simulation has been started...

Batch N° 1 : Mean Response Time : 262.61 cycles	Mean Waiting Time : 59.94 cycles	Throughput : 2.101
Batch N° 2 : Mean Response Time : 368.21 cycles	Mean Waiting Time : 146.43 cycles	Throughput : 2.670
Batch N° 3 : Mean Response Time : 428.07 cycles	Mean Waiting Time : 205.18 cycles	Throughput : 2.708
Batch N° 4 : Mean Response Time : 496.10 cycles	Mean Waiting Time : 271.73 cycles	Throughput : 2.706
Batch N° 5 : Mean Response Time : 557.88 cycles	Mean Waiting Time : 331.05 cycles	Throughput : 2.747
Batch N° 6 : Mean Response Time : 585.35 cycles	Mean Waiting Time : 359.33 cycles	Throughput : 2.748
Batch N° 7 : Mean Response Time : 658.87 cycles	Mean Waiting Time : 433.80 cycles	Throughput : 2.766
Batch N° 8 : Mean Response Time : 714.48 cycles	Mean Waiting Time : 486.39 cycles	Throughput : 2.693
Batch N° 9 : Mean Response Time : 729.83 cycles	Mean Waiting Time : 504.79 cycles	Throughput : 2.716
Batch N°10 : Mean Response Time : 796.08 cycles	Mean Waiting Time : 572.24 cycles	Throughput : 2.735

End Of The Simulation at T= 7567.93 cycles
Injection Rate : 80
Batch Size : 2000
Number of Batches : 10
Number of Clients Served : 20000
Overall Response Time : 559.75 cycles
Overall Waiting  Time : 337.09 cycles
Overall Throughput : 2.659 
Standard Deviation Response Time : 171.77885 cycles
Standard Deviation Waiting  Time : 166.80855 cycles
Standard Deviation Throughput : 0.198174 