Simulation Starting Time 2021-09-01 06:07:42
Welcome to Network-On-Chip ExpressCube Simulator 
This simulator was designed based on The Discrete Event Simulation.
It's a final year project to obtain the Master Degree
Student developer : Ziraoui Zakaria 
Supervisor: Prof. Mohamed Ould-Khaoua

Network Simulation Parameters :

Topology : 16 x 16 Express Cube with 4 Hops
Number of Nodes  : 256 
Routing : Dimension-ordered (DOR)
Traffic : Hotspot [8][8]
Message length : 32 phits
Injection Rate : 180
Transmission Time Normal  Links : 32 Cycles
Transmission Time Express Links : 32 Cycles
Batch Means Method : Yes

Please wait, Simulation has been started...

Batch N° 1 : Mean Response Time : 254.52 cycles	Mean Waiting Time : 45.97 cycles	Throughput : 1.236
Batch N° 2 : Mean Response Time : 315.35 cycles	Mean Waiting Time : 98.36 cycles	Throughput : 1.254
Batch N° 3 : Mean Response Time : 374.08 cycles	Mean Waiting Time : 157.18 cycles	Throughput : 1.242
Batch N° 4 : Mean Response Time : 461.40 cycles	Mean Waiting Time : 242.33 cycles	Throughput : 1.241
Batch N° 5 : Mean Response Time : 461.10 cycles	Mean Waiting Time : 241.54 cycles	Throughput : 1.248
Batch N° 6 : Mean Response Time : 558.57 cycles	Mean Waiting Time : 337.87 cycles	Throughput : 1.211
Batch N° 7 : Mean Response Time : 600.76 cycles	Mean Waiting Time : 386.65 cycles	Throughput : 1.223
Batch N° 8 : Mean Response Time : 639.30 cycles	Mean Waiting Time : 420.79 cycles	Throughput : 1.250
Batch N° 9 : Mean Response Time : 667.67 cycles	Mean Waiting Time : 450.19 cycles	Throughput : 1.274
Batch N°10 : Mean Response Time : 815.85 cycles	Mean Waiting Time : 598.33 cycles	Throughput : 1.246

End Of The Simulation at T= 16102.20 cycles
Injection Rate : 180
Batch Size : 2000
Number of Batches : 10
Number of Clients Served : 20000
Overall Response Time : 514.86 cycles
Overall Waiting  Time : 297.92 cycles
Overall Throughput : 1.242 
Standard Deviation Response Time : 173.80290 cycles
Standard Deviation Waiting  Time : 172.36449 cycles
Standard Deviation Throughput : 0.017100 