Simulation Starting Time 2021-09-04 04:21:15
Welcome to Network-On-Chip ExpressCube Simulator 
This simulator was designed based on The Discrete Event Simulation.
It's a final year project to obtain the Master Degree
Student developer : Ziraoui Zakaria 
Supervisor: Prof. Mohamed Ould-Khaoua

Network Simulation Parameters :

Topology : 16 x 16 Express Cube with 4 Hops
Number of Nodes  : 256 
Routing : Dimension-ordered (DOR)
Traffic : Hotspot [8][8]
Message length : 32 phits
Injection Rate : 250
Transmission Time Normal  Links : 96 Cycles
Transmission Time Express Links : 96 Cycles
Batch Means Method : Yes

Please wait, Simulation has been started...

Batch N° 1 : Mean Response Time : 802.87 cycles	Mean Waiting Time : 193.04 cycles	Throughput : 0.638
Batch N° 2 : Mean Response Time : 1122.25 cycles	Mean Waiting Time : 459.05 cycles	Throughput : 0.735
Batch N° 3 : Mean Response Time : 1434.61 cycles	Mean Waiting Time : 768.61 cycles	Throughput : 0.718
Batch N° 4 : Mean Response Time : 1698.68 cycles	Mean Waiting Time : 1028.09 cycles	Throughput : 0.758
Batch N° 5 : Mean Response Time : 1894.60 cycles	Mean Waiting Time : 1227.47 cycles	Throughput : 0.757
Batch N° 6 : Mean Response Time : 2160.11 cycles	Mean Waiting Time : 1489.49 cycles	Throughput : 0.758
Batch N° 7 : Mean Response Time : 2469.40 cycles	Mean Waiting Time : 1787.84 cycles	Throughput : 0.768
Batch N° 8 : Mean Response Time : 2625.06 cycles	Mean Waiting Time : 1954.23 cycles	Throughput : 0.750
Batch N° 9 : Mean Response Time : 2842.92 cycles	Mean Waiting Time : 2158.37 cycles	Throughput : 0.769
Batch N°10 : Mean Response Time : 3224.09 cycles	Mean Waiting Time : 2545.78 cycles	Throughput : 0.772

End Of The Simulation at T= 27022.68 cycles
Injection Rate : 250
Batch Size : 2000
Number of Batches : 10
Number of Clients Served : 20000
Overall Response Time : 2027.46 cycles
Overall Waiting  Time : 1361.19 cycles
Overall Throughput : 0.742 
Standard Deviation Response Time : 779.11475 cycles
Standard Deviation Waiting  Time : 763.57001 cycles
Standard Deviation Throughput : 0.040050 