Simulation Starting Time 2021-09-01 06:36:10
Welcome to Network-On-Chip ExpressCube Simulator 
This simulator was designed based on The Discrete Event Simulation.
It's a final year project to obtain the Master Degree
Student developer : Ziraoui Zakaria 
Supervisor: Prof. Mohamed Ould-Khaoua

Network Simulation Parameters :

Topology : 32 x 32 Express Cube with 4 Hops
Number of Nodes  : 1024 
Routing : Dimension-ordered (DOR)
Traffic : Hotspot [16][16]
Message length : 32 phits
Injection Rate : 70
Transmission Time Normal  Links : 32 Cycles
Transmission Time Express Links : 32 Cycles
Batch Means Method : Yes

Please wait, Simulation has been started...

Batch N° 1 : Mean Response Time : 260.61 cycles	Mean Waiting Time : 32.75 cycles	Throughput : 3.906
Batch N° 2 : Mean Response Time : 403.29 cycles	Mean Waiting Time : 112.48 cycles	Throughput : 6.347
Batch N° 3 : Mean Response Time : 490.60 cycles	Mean Waiting Time : 195.16 cycles	Throughput : 6.828
Batch N° 4 : Mean Response Time : 585.28 cycles	Mean Waiting Time : 275.86 cycles	Throughput : 7.262
Batch N° 5 : Mean Response Time : 647.68 cycles	Mean Waiting Time : 342.63 cycles	Throughput : 7.144
Batch N° 6 : Mean Response Time : 724.50 cycles	Mean Waiting Time : 411.00 cycles	Throughput : 7.230
Batch N° 7 : Mean Response Time : 805.29 cycles	Mean Waiting Time : 491.09 cycles	Throughput : 7.120
Batch N° 8 : Mean Response Time : 837.74 cycles	Mean Waiting Time : 526.99 cycles	Throughput : 7.079
Batch N° 9 : Mean Response Time : 919.00 cycles	Mean Waiting Time : 602.77 cycles	Throughput : 7.319
Batch N°10 : Mean Response Time : 996.46 cycles	Mean Waiting Time : 684.94 cycles	Throughput : 7.301

End Of The Simulation at T= 3062.60 cycles
Injection Rate : 70
Batch Size : 2000
Number of Batches : 10
Number of Clients Served : 20000
Overall Response Time : 667.05 cycles
Overall Waiting  Time : 367.57 cycles
Overall Throughput : 6.754 
Standard Deviation Response Time : 234.87265 cycles
Standard Deviation Waiting  Time : 214.61421 cycles
Standard Deviation Throughput : 1.042186 