Simulation Starting Time 2021-09-01 06:02:54
Welcome to Network-On-Chip 2D Mesh Simulator 
This simulator was designed based on The Discrete Event Simulation.
It's a final year project to obtain the Master Degree
Student developer : Ziraoui Zakaria 
Supervisor: Prof. Mohamed Ould-Khaoua

Network Simulation Parameters :

Topology : 8 x 8 Mesh 
Number of Nodes  : 64 
Routing : Dimension-ordered (DOR)
Traffic : Hotspot [4][4]
Message length : 32 phits
Injection Rate : 300
Transmission Time : 32 Cycles
Batch Means Method : Yes

Please wait, Simulation has been started...

Batch N° 1 : Mean Response Time : 162.00 cycles	Mean Waiting Time : 7.39 cycles	Throughput : 0.214
Batch N° 2 : Mean Response Time : 160.22 cycles	Mean Waiting Time : 6.12 cycles	Throughput : 0.211
Batch N° 3 : Mean Response Time : 163.91 cycles	Mean Waiting Time : 6.81 cycles	Throughput : 0.210
Batch N° 4 : Mean Response Time : 161.28 cycles	Mean Waiting Time : 6.02 cycles	Throughput : 0.201
Batch N° 5 : Mean Response Time : 163.74 cycles	Mean Waiting Time : 8.63 cycles	Throughput : 0.222
Batch N° 6 : Mean Response Time : 162.90 cycles	Mean Waiting Time : 8.98 cycles	Throughput : 0.221
Batch N° 7 : Mean Response Time : 163.03 cycles	Mean Waiting Time : 7.88 cycles	Throughput : 0.206
Batch N° 8 : Mean Response Time : 160.27 cycles	Mean Waiting Time : 6.95 cycles	Throughput : 0.208
Batch N° 9 : Mean Response Time : 163.75 cycles	Mean Waiting Time : 5.95 cycles	Throughput : 0.216
Batch N°10 : Mean Response Time : 161.57 cycles	Mean Waiting Time : 6.41 cycles	Throughput : 0.215

End Of The Simulation at T= 94340.14 cycles
Injection Rate : 300
Batch Size : 2000
Number of Batches : 10
Number of Clients Served : 20000
Overall Response Time : 162.27 cycles
Overall Waiting  Time : 7.11 cycles
Overall Throughput : 0.212 
Standard Deviation Response Time : 1.40351 cycles
Standard Deviation Waiting  Time : 1.08496 cycles
Standard Deviation Throughput : 0.006522 