Simulation Starting Time 2021-09-02 06:15:56
Welcome to Network-On-Chip ExpressCube Simulator 
This simulator was designed based on The Discrete Event Simulation.
It's a final year project to obtain the Master Degree
Student developer : Ziraoui Zakaria 
Supervisor: Prof. Mohamed Ould-Khaoua

Network Simulation Parameters :

Topology : 16 x 16 Express Cube with 2 Hops
Number of Nodes  : 256 
Routing : Dimension-ordered (DOR)
Traffic : Uniform Random
Message length : 32 phits
Injection Rate : 9200
Transmission Time Normal  Links : 64 Cycles
Transmission Time Express Links : 64 Cycles
Batch Means Method : Yes

Please wait, Simulation has been started...

Batch N° 1 : Mean Response Time : 419.09 cycles	Mean Waiting Time : 1.93 cycles	Throughput : 0.031
Batch N° 2 : Mean Response Time : 407.43 cycles	Mean Waiting Time : 0.25 cycles	Throughput : 0.027
Batch N° 3 : Mean Response Time : 413.69 cycles	Mean Waiting Time : 0.23 cycles	Throughput : 0.027
Batch N° 4 : Mean Response Time : 414.05 cycles	Mean Waiting Time : 0.48 cycles	Throughput : 0.028
Batch N° 5 : Mean Response Time : 413.34 cycles	Mean Waiting Time : 0.16 cycles	Throughput : 0.029
Batch N° 6 : Mean Response Time : 406.52 cycles	Mean Waiting Time : 0.34 cycles	Throughput : 0.027
Batch N° 7 : Mean Response Time : 405.47 cycles	Mean Waiting Time : 0.38 cycles	Throughput : 0.028
Batch N° 8 : Mean Response Time : 410.78 cycles	Mean Waiting Time : 0.24 cycles	Throughput : 0.027
Batch N° 9 : Mean Response Time : 412.49 cycles	Mean Waiting Time : 0.41 cycles	Throughput : 0.028
Batch N°10 : Mean Response Time : 417.01 cycles	Mean Waiting Time : 0.25 cycles	Throughput : 0.028

End Of The Simulation at T= 715255.06 cycles
Injection Rate : 9200
Batch Size : 2000
Number of Batches : 10
Number of Clients Served : 20000
Overall Response Time : 411.99 cycles
Overall Waiting  Time : 0.47 cycles
Overall Throughput : 0.028 
Standard Deviation Response Time : 4.46648 cycles
Standard Deviation Waiting  Time : 0.52226 cycles
Standard Deviation Throughput : 0.001228 