Simulation Starting Time 2021-09-02 05:19:42
Welcome to Network-On-Chip 2D Mesh Simulator 
This simulator was designed based on The Discrete Event Simulation.
It's a final year project to obtain the Master Degree
Student developer : Ziraoui Zakaria 
Supervisor: Prof. Mohamed Ould-Khaoua

Network Simulation Parameters :

Topology : 8 x 8 Mesh 
Number of Nodes  : 64 
Routing : Dimension-ordered (DOR)
Traffic : Uniform Random
Message length : 32 phits
Injection Rate : 32000
Transmission Time : 32 Cycles
Batch Means Method : Yes

Please wait, Simulation has been started...

Batch N° 1 : Mean Response Time : 152.05 cycles	Mean Waiting Time : 0.09 cycles	Throughput : 0.002
Batch N° 2 : Mean Response Time : 155.32 cycles	Mean Waiting Time : 0.01 cycles	Throughput : 0.002
Batch N° 3 : Mean Response Time : 151.60 cycles	Mean Waiting Time : 0.01 cycles	Throughput : 0.002
Batch N° 4 : Mean Response Time : 154.25 cycles	Mean Waiting Time : 0.03 cycles	Throughput : 0.002
Batch N° 5 : Mean Response Time : 151.67 cycles	Mean Waiting Time : 0.03 cycles	Throughput : 0.002
Batch N° 6 : Mean Response Time : 153.49 cycles	Mean Waiting Time : 0.02 cycles	Throughput : 0.002
Batch N° 7 : Mean Response Time : 153.81 cycles	Mean Waiting Time : 0.00 cycles	Throughput : 0.002
Batch N° 8 : Mean Response Time : 154.07 cycles	Mean Waiting Time : 0.01 cycles	Throughput : 0.002
Batch N° 9 : Mean Response Time : 152.57 cycles	Mean Waiting Time : 0.04 cycles	Throughput : 0.002
Batch N°10 : Mean Response Time : 153.19 cycles	Mean Waiting Time : 0.01 cycles	Throughput : 0.002

End Of The Simulation at T= 10066725.00 cycles
Injection Rate : 32000
Batch Size : 2000
Number of Batches : 10
Number of Clients Served : 20000
Overall Response Time : 153.20 cycles
Overall Waiting  Time : 0.03 cycles
Overall Throughput : 0.002 
Standard Deviation Response Time : 1.22196 cycles
Standard Deviation Waiting  Time : 0.02591 cycles
Standard Deviation Throughput : 0.000065 