Simulation Starting Time 2021-09-02 06:33:58
Welcome to Network-On-Chip 2D Mesh Simulator 
This simulator was designed based on The Discrete Event Simulation.
It's a final year project to obtain the Master Degree
Student developer : Ziraoui Zakaria 
Supervisor: Prof. Mohamed Ould-Khaoua

Network Simulation Parameters :

Topology : 32 x 32 Mesh 
Number of Nodes  : 1024 
Routing : Dimension-ordered (DOR)
Traffic : Uniform Random
Message length : 32 phits
Injection Rate : 70
Transmission Time : 32 Cycles
Batch Means Method : Yes

Please wait, Simulation has been started...

Batch N° 1 : Mean Response Time : 448.56 cycles	Mean Waiting Time : 95.73 cycles	Throughput : 2.155
Batch N° 2 : Mean Response Time : 797.16 cycles	Mean Waiting Time : 295.43 cycles	Throughput : 3.676
Batch N° 3 : Mean Response Time : 1036.53 cycles	Mean Waiting Time : 509.47 cycles	Throughput : 3.906
Batch N° 4 : Mean Response Time : 1261.03 cycles	Mean Waiting Time : 733.92 cycles	Throughput : 3.906
Batch N° 5 : Mean Response Time : 1491.10 cycles	Mean Waiting Time : 948.13 cycles	Throughput : 3.906
Batch N° 6 : Mean Response Time : 1666.42 cycles	Mean Waiting Time : 1137.70 cycles	Throughput : 4.016
Batch N° 7 : Mean Response Time : 1913.73 cycles	Mean Waiting Time : 1380.52 cycles	Throughput : 4.049
Batch N° 8 : Mean Response Time : 2111.01 cycles	Mean Waiting Time : 1569.71 cycles	Throughput : 4.046
Batch N° 9 : Mean Response Time : 2308.65 cycles	Mean Waiting Time : 1769.29 cycles	Throughput : 4.018
Batch N°10 : Mean Response Time : 2478.91 cycles	Mean Waiting Time : 1945.48 cycles	Throughput : 4.020

End Of The Simulation at T= 5489.52 cycles
Injection Rate : 70
Batch Size : 2000
Number of Batches : 10
Number of Clients Served : 20000
Overall Response Time : 1551.31 cycles
Overall Waiting  Time : 1038.54 cycles
Overall Throughput : 3.770 
Standard Deviation Response Time : 669.12445 cycles
Standard Deviation Waiting  Time : 631.35150 cycles
Standard Deviation Throughput : 0.578385 