Simulation Starting Time 2021-09-04 05:04:13
Welcome to Network-On-Chip ExpressCube Simulator 
This simulator was designed based on The Discrete Event Simulation.
It's a final year project to obtain the Master Degree
Student developer : Ziraoui Zakaria 
Supervisor: Prof. Mohamed Ould-Khaoua

Network Simulation Parameters :

Topology : 32 x 32 Express Cube with 8 Hops
Number of Nodes  : 1024 
Routing : Dimension-ordered (DOR)
Traffic : Hotspot [16][16]
Message length : 32 phits
Injection Rate : 10500
Transmission Time Normal  Links : 160 Cycles
Transmission Time Express Links : 160 Cycles
Batch Means Method : Yes

Please wait, Simulation has been started...

Batch N° 1 : Mean Response Time : 2239.16 cycles	Mean Waiting Time : 379.34 cycles	Throughput : 0.158
Batch N° 2 : Mean Response Time : 2768.26 cycles	Mean Waiting Time : 891.51 cycles	Throughput : 0.096
Batch N° 3 : Mean Response Time : 2863.40 cycles	Mean Waiting Time : 964.30 cycles	Throughput : 0.095
Batch N° 4 : Mean Response Time : 3414.56 cycles	Mean Waiting Time : 1514.30 cycles	Throughput : 0.094
Batch N° 5 : Mean Response Time : 3739.13 cycles	Mean Waiting Time : 1890.84 cycles	Throughput : 0.094
Batch N° 6 : Mean Response Time : 4296.79 cycles	Mean Waiting Time : 2448.68 cycles	Throughput : 0.092
Batch N° 7 : Mean Response Time : 4676.76 cycles	Mean Waiting Time : 2842.03 cycles	Throughput : 0.094
Batch N° 8 : Mean Response Time : 5050.62 cycles	Mean Waiting Time : 3190.66 cycles	Throughput : 0.095
Batch N° 9 : Mean Response Time : 5520.69 cycles	Mean Waiting Time : 3749.91 cycles	Throughput : 0.089
Batch N°10 : Mean Response Time : 5930.95 cycles	Mean Waiting Time : 4081.34 cycles	Throughput : 0.097

End Of The Simulation at T= 204248.41 cycles
Injection Rate : 10500
Batch Size : 2000
Number of Batches : 10
Number of Clients Served : 20000
Overall Response Time : 4050.03 cycles
Overall Waiting  Time : 2195.29 cycles
Overall Throughput : 0.100 
Standard Deviation Response Time : 1246.60852 cycles
Standard Deviation Waiting  Time : 1270.01880 cycles
Standard Deviation Throughput : 0.020422 