Simulation Starting Time 2021-09-02 06:20:27
Welcome to Network-On-Chip ExpressCube Simulator 
This simulator was designed based on The Discrete Event Simulation.
It's a final year project to obtain the Master Degree
Student developer : Ziraoui Zakaria 
Supervisor: Prof. Mohamed Ould-Khaoua

Network Simulation Parameters :

Topology : 16 x 16 Express Cube with 8 Hops
Number of Nodes  : 256 
Routing : Dimension-ordered (DOR)
Traffic : Uniform Random
Message length : 32 phits
Injection Rate : 10500
Transmission Time Normal  Links : 160 Cycles
Transmission Time Express Links : 160 Cycles
Batch Means Method : Yes

Please wait, Simulation has been started...

Batch N° 1 : Mean Response Time : 1372.08 cycles	Mean Waiting Time : 4.36 cycles	Throughput : 0.027
Batch N° 2 : Mean Response Time : 1378.34 cycles	Mean Waiting Time : 1.95 cycles	Throughput : 0.025
Batch N° 3 : Mean Response Time : 1387.19 cycles	Mean Waiting Time : 1.84 cycles	Throughput : 0.024
Batch N° 4 : Mean Response Time : 1376.61 cycles	Mean Waiting Time : 1.54 cycles	Throughput : 0.024
Batch N° 5 : Mean Response Time : 1365.10 cycles	Mean Waiting Time : 2.73 cycles	Throughput : 0.024
Batch N° 6 : Mean Response Time : 1382.17 cycles	Mean Waiting Time : 1.97 cycles	Throughput : 0.026
Batch N° 7 : Mean Response Time : 1370.95 cycles	Mean Waiting Time : 2.08 cycles	Throughput : 0.024
Batch N° 8 : Mean Response Time : 1391.01 cycles	Mean Waiting Time : 1.71 cycles	Throughput : 0.024
Batch N° 9 : Mean Response Time : 1363.03 cycles	Mean Waiting Time : 1.55 cycles	Throughput : 0.025
Batch N°10 : Mean Response Time : 1386.22 cycles	Mean Waiting Time : 1.50 cycles	Throughput : 0.024

End Of The Simulation at T= 806706.56 cycles
Injection Rate : 10500
Batch Size : 2000
Number of Batches : 10
Number of Clients Served : 20000
Overall Response Time : 1377.27 cycles
Overall Waiting  Time : 2.12 cycles
Overall Throughput : 0.025 
Standard Deviation Response Time : 9.49184 cycles
Standard Deviation Waiting  Time : 0.86581 cycles
Standard Deviation Throughput : 0.000990 