Simulation Starting Time 2021-09-01 06:04:13
Welcome to Network-On-Chip ExpressCube Simulator 
This simulator was designed based on The Discrete Event Simulation.
It's a final year project to obtain the Master Degree
Student developer : Ziraoui Zakaria 
Supervisor: Prof. Mohamed Ould-Khaoua

Network Simulation Parameters :

Topology : 8 x 8 Express Cube with 4 Hops
Number of Nodes  : 64 
Routing : Dimension-ordered (DOR)
Traffic : Hotspot [4][4]
Message length : 32 phits
Injection Rate : 300
Transmission Time Normal  Links : 32 Cycles
Transmission Time Express Links : 32 Cycles
Batch Means Method : Yes

Please wait, Simulation has been started...

Batch N° 1 : Mean Response Time : 145.57 cycles	Mean Waiting Time : 7.07 cycles	Throughput : 0.227
Batch N° 2 : Mean Response Time : 145.12 cycles	Mean Waiting Time : 6.74 cycles	Throughput : 0.218
Batch N° 3 : Mean Response Time : 148.57 cycles	Mean Waiting Time : 7.72 cycles	Throughput : 0.209
Batch N° 4 : Mean Response Time : 144.17 cycles	Mean Waiting Time : 6.08 cycles	Throughput : 0.212
Batch N° 5 : Mean Response Time : 146.27 cycles	Mean Waiting Time : 6.68 cycles	Throughput : 0.220
Batch N° 6 : Mean Response Time : 142.42 cycles	Mean Waiting Time : 5.51 cycles	Throughput : 0.211
Batch N° 7 : Mean Response Time : 145.31 cycles	Mean Waiting Time : 7.75 cycles	Throughput : 0.211
Batch N° 8 : Mean Response Time : 141.13 cycles	Mean Waiting Time : 7.10 cycles	Throughput : 0.210
Batch N° 9 : Mean Response Time : 143.07 cycles	Mean Waiting Time : 6.04 cycles	Throughput : 0.212
Batch N°10 : Mean Response Time : 145.41 cycles	Mean Waiting Time : 7.07 cycles	Throughput : 0.208

End Of The Simulation at T= 93682.94 cycles
Injection Rate : 300
Batch Size : 2000
Number of Batches : 10
Number of Clients Served : 20000
Overall Response Time : 144.70 cycles
Overall Waiting  Time : 6.78 cycles
Overall Throughput : 0.214 
Standard Deviation Response Time : 2.11241 cycles
Standard Deviation Waiting  Time : 0.72838 cycles
Standard Deviation Throughput : 0.005909 