Simulation Starting Time 2021-08-17 06:04:13
Welcome to Network-On-Chip ExpressCube Simulator 
This simulator was designed based on The Discrete Event Simulation.
It's a final year project to obtain the Master Degree
Student developer : Ziraoui Zakaria 
Supervisor: Prof. Mohamed Ould-Khaoua

Network Simulation Parameters :

Topology : 8 x 8 Express Cube with 4 Hops
Number of Nodes  : 64 
Routing : Dimension-ordered (DOR)
Traffic : Uniform Random
Message length : 32 phits
Injection Rate : 10500
Transmission Time Normal  Links : 32 Cycles
Transmission Time Express Links : 32 Cycles
Batch Means Method : Yes

Please wait, Simulation has been started...

Batch N° 1 : Mean Response Time : 133.56 cycles	Mean Waiting Time : 0.07 cycles	Throughput : 0.006
Batch N° 2 : Mean Response Time : 134.24 cycles	Mean Waiting Time : 0.06 cycles	Throughput : 0.006
Batch N° 3 : Mean Response Time : 134.55 cycles	Mean Waiting Time : 0.05 cycles	Throughput : 0.006
Batch N° 4 : Mean Response Time : 135.00 cycles	Mean Waiting Time : 0.05 cycles	Throughput : 0.006
Batch N° 5 : Mean Response Time : 133.06 cycles	Mean Waiting Time : 0.06 cycles	Throughput : 0.006
Batch N° 6 : Mean Response Time : 135.54 cycles	Mean Waiting Time : 0.05 cycles	Throughput : 0.006
Batch N° 7 : Mean Response Time : 135.11 cycles	Mean Waiting Time : 0.06 cycles	Throughput : 0.006
Batch N° 8 : Mean Response Time : 134.76 cycles	Mean Waiting Time : 0.05 cycles	Throughput : 0.006
Batch N° 9 : Mean Response Time : 134.64 cycles	Mean Waiting Time : 0.05 cycles	Throughput : 0.006
Batch N°10 : Mean Response Time : 134.81 cycles	Mean Waiting Time : 0.05 cycles	Throughput : 0.006
Batch N°11 : Mean Response Time : 135.21 cycles	Mean Waiting Time : 0.05 cycles	Throughput : 0.006
Batch N°12 : Mean Response Time : 134.24 cycles	Mean Waiting Time : 0.05 cycles	Throughput : 0.006
Batch N°13 : Mean Response Time : 133.71 cycles	Mean Waiting Time : 0.04 cycles	Throughput : 0.006
Batch N°14 : Mean Response Time : 134.87 cycles	Mean Waiting Time : 0.05 cycles	Throughput : 0.006
Batch N°15 : Mean Response Time : 134.89 cycles	Mean Waiting Time : 0.04 cycles	Throughput : 0.006
Batch N°16 : Mean Response Time : 133.80 cycles	Mean Waiting Time : 0.06 cycles	Throughput : 0.006
Batch N°17 : Mean Response Time : 134.23 cycles	Mean Waiting Time : 0.04 cycles	Throughput : 0.006
Batch N°18 : Mean Response Time : 134.87 cycles	Mean Waiting Time : 0.07 cycles	Throughput : 0.006
Batch N°19 : Mean Response Time : 134.55 cycles	Mean Waiting Time : 0.07 cycles	Throughput : 0.006
Batch N°20 : Mean Response Time : 134.72 cycles	Mean Waiting Time : 0.07 cycles	Throughput : 0.005
Batch N°21 : Mean Response Time : 135.15 cycles	Mean Waiting Time : 0.04 cycles	Throughput : 0.005
Batch N°22 : Mean Response Time : 134.74 cycles	Mean Waiting Time : 0.06 cycles	Throughput : 0.005
Batch N°23 : Mean Response Time : 134.42 cycles	Mean Waiting Time : 0.06 cycles	Throughput : 0.005
Batch N°24 : Mean Response Time : 136.41 cycles	Mean Waiting Time : 0.05 cycles	Throughput : 0.005
Batch N°25 : Mean Response Time : 134.92 cycles	Mean Waiting Time : 0.05 cycles	Throughput : 0.005
Batch N°26 : Mean Response Time : 133.79 cycles	Mean Waiting Time : 0.04 cycles	Throughput : 0.005
Batch N°27 : Mean Response Time : 135.15 cycles	Mean Waiting Time : 0.06 cycles	Throughput : 0.005
Batch N°28 : Mean Response Time : 135.34 cycles	Mean Waiting Time : 0.05 cycles	Throughput : 0.005
Batch N°29 : Mean Response Time : 134.77 cycles	Mean Waiting Time : 0.05 cycles	Throughput : 0.005
Batch N°30 : Mean Response Time : 134.09 cycles	Mean Waiting Time : 0.04 cycles	Throughput : 0.005
Batch N°31 : Mean Response Time : 134.25 cycles	Mean Waiting Time : 0.04 cycles	Throughput : 0.005
Batch N°32 : Mean Response Time : 134.81 cycles	Mean Waiting Time : 0.06 cycles	Throughput : 0.005
Batch N°33 : Mean Response Time : 134.65 cycles	Mean Waiting Time : 0.04 cycles	Throughput : 0.005
Batch N°34 : Mean Response Time : 133.67 cycles	Mean Waiting Time : 0.06 cycles	Throughput : 0.005
Batch N°35 : Mean Response Time : 134.39 cycles	Mean Waiting Time : 0.04 cycles	Throughput : 0.005
Batch N°36 : Mean Response Time : 135.07 cycles	Mean Waiting Time : 0.06 cycles	Throughput : 0.005

End Of The Simulation at T= 65480096.00 cycles
Injection Rate : 10500
Batch Size : 10000
Number of Batches : 36
Number of Clients Served : 360000
Overall Response Time : 134.61 cycles
Overall Waiting  Time : 0.05 cycles
Overall Throughput : 0.006 
Standard Deviation Response Time : 0.63443 cycles
Standard Deviation Waiting  Time : 0.00998 cycles
Standard Deviation Throughput : 0.000460 