Simulation Starting Time 2021-09-02 05:22:34
Welcome to Network-On-Chip ExpressCube Simulator 
This simulator was designed based on The Discrete Event Simulation.
It's a final year project to obtain the Master Degree
Student developer : Ziraoui Zakaria 
Supervisor: Prof. Mohamed Ould-Khaoua

Network Simulation Parameters :

Topology : 8 x 8 Express Cube with 4 Hops
Number of Nodes  : 64 
Routing : Dimension-ordered (DOR)
Traffic : Uniform Random
Message length : 32 phits
Injection Rate : 90
Transmission Time Normal  Links : 96 Cycles
Transmission Time Express Links : 96 Cycles
Batch Means Method : Yes

Please wait, Simulation has been started...

Batch N° 1 : Mean Response Time : 1842.25 cycles	Mean Waiting Time : 1350.49 cycles	Throughput : 0.311
Batch N° 2 : Mean Response Time : 4416.50 cycles	Mean Waiting Time : 3901.26 cycles	Throughput : 0.342
Batch N° 3 : Mean Response Time : 6895.92 cycles	Mean Waiting Time : 6368.38 cycles	Throughput : 0.340
Batch N° 4 : Mean Response Time : 9357.53 cycles	Mean Waiting Time : 8833.00 cycles	Throughput : 0.347
Batch N° 5 : Mean Response Time : 12002.55 cycles	Mean Waiting Time : 11472.53 cycles	Throughput : 0.343
Batch N° 6 : Mean Response Time : 14380.13 cycles	Mean Waiting Time : 13868.31 cycles	Throughput : 0.348
Batch N° 7 : Mean Response Time : 16635.71 cycles	Mean Waiting Time : 16117.30 cycles	Throughput : 0.342
Batch N° 8 : Mean Response Time : 19290.12 cycles	Mean Waiting Time : 18759.53 cycles	Throughput : 0.335
Batch N° 9 : Mean Response Time : 21613.84 cycles	Mean Waiting Time : 21088.61 cycles	Throughput : 0.337
Batch N°10 : Mean Response Time : 24348.95 cycles	Mean Waiting Time : 23835.80 cycles	Throughput : 0.341

End Of The Simulation at T= 59145.71 cycles
Injection Rate : 90
Batch Size : 2000
Number of Batches : 10
Number of Clients Served : 20000
Overall Response Time : 13078.35 cycles
Overall Waiting  Time : 12559.52 cycles
Overall Throughput : 0.338 
Standard Deviation Response Time : 7507.91016 cycles
Standard Deviation Waiting  Time : 7503.45898 cycles
Standard Deviation Throughput : 0.010423 