Simulation Starting Time 2021-08-31 05:30:24
Welcome to Network-On-Chip ExpressCube Simulator 
This simulator was designed based on The Discrete Event Simulation.
It's a final year project to obtain the Master Degree
Student developer : Ziraoui Zakaria 
Supervisor: Prof. Mohamed Ould-Khaoua

Network Simulation Parameters :

Topology : 8 x 8 Express Cube with 2 Hops
Number of Nodes  : 64 
Routing : Dimension-ordered (DOR)
Traffic : Uniform Random
Message length : 32 phits
Injection Rate : 80
Transmission Time Normal  Links : 32 Cycles
Transmission Time Express Links : 32 Cycles
Batch Means Method : Yes

Please wait, Simulation has been started...

Batch N° 1 : Mean Response Time : 185.50 cycles	Mean Waiting Time : 50.34 cycles	Throughput : 0.760
Batch N° 2 : Mean Response Time : 214.66 cycles	Mean Waiting Time : 78.83 cycles	Throughput : 0.824
Batch N° 3 : Mean Response Time : 232.62 cycles	Mean Waiting Time : 96.47 cycles	Throughput : 0.768
Batch N° 4 : Mean Response Time : 252.29 cycles	Mean Waiting Time : 114.39 cycles	Throughput : 0.805
Batch N° 5 : Mean Response Time : 240.78 cycles	Mean Waiting Time : 101.57 cycles	Throughput : 0.799
Batch N° 6 : Mean Response Time : 236.74 cycles	Mean Waiting Time : 101.02 cycles	Throughput : 0.782
Batch N° 7 : Mean Response Time : 252.93 cycles	Mean Waiting Time : 114.73 cycles	Throughput : 0.757
Batch N° 8 : Mean Response Time : 280.55 cycles	Mean Waiting Time : 144.95 cycles	Throughput : 0.771
Batch N° 9 : Mean Response Time : 304.17 cycles	Mean Waiting Time : 166.63 cycles	Throughput : 0.799
Batch N°10 : Mean Response Time : 346.50 cycles	Mean Waiting Time : 207.05 cycles	Throughput : 0.788

End Of The Simulation at T= 25484.99 cycles
Injection Rate : 80
Batch Size : 2000
Number of Batches : 10
Number of Clients Served : 20000
Overall Response Time : 254.68 cycles
Overall Waiting  Time : 117.60 cycles
Overall Throughput : 0.785 
Standard Deviation Response Time : 45.88122 cycles
Standard Deviation Waiting  Time : 44.94203 cycles
Standard Deviation Throughput : 0.021723 