Simulation Starting Time 2021-09-04 04:42:26
Welcome to Network-On-Chip ExpressCube Simulator 
This simulator was designed based on The Discrete Event Simulation.
It's a final year project to obtain the Master Degree
Student developer : Ziraoui Zakaria 
Supervisor: Prof. Mohamed Ould-Khaoua

Network Simulation Parameters :

Topology : 32 x 32 Express Cube with 2 Hops
Number of Nodes  : 1024 
Routing : Dimension-ordered (DOR)
Traffic : Hotspot [16][16]
Message length : 32 phits
Injection Rate : 250
Transmission Time Normal  Links : 64 Cycles
Transmission Time Express Links : 64 Cycles
Batch Means Method : Yes

Please wait, Simulation has been started...

Batch N° 1 : Mean Response Time : 683.40 cycles	Mean Waiting Time : 118.18 cycles	Throughput : 1.250
Batch N° 2 : Mean Response Time : 1149.90 cycles	Mean Waiting Time : 417.10 cycles	Throughput : 1.875
Batch N° 3 : Mean Response Time : 1501.98 cycles	Mean Waiting Time : 745.81 cycles	Throughput : 2.032
Batch N° 4 : Mean Response Time : 1788.33 cycles	Mean Waiting Time : 1029.33 cycles	Throughput : 1.942
Batch N° 5 : Mean Response Time : 2098.85 cycles	Mean Waiting Time : 1324.57 cycles	Throughput : 1.970
Batch N° 6 : Mean Response Time : 2406.79 cycles	Mean Waiting Time : 1620.54 cycles	Throughput : 1.992
Batch N° 7 : Mean Response Time : 2614.03 cycles	Mean Waiting Time : 1843.76 cycles	Throughput : 2.041
Batch N° 8 : Mean Response Time : 2877.69 cycles	Mean Waiting Time : 2104.78 cycles	Throughput : 2.000
Batch N° 9 : Mean Response Time : 3209.74 cycles	Mean Waiting Time : 2424.30 cycles	Throughput : 2.032
Batch N°10 : Mean Response Time : 3445.44 cycles	Mean Waiting Time : 2655.19 cycles	Throughput : 1.982

End Of The Simulation at T= 10673.21 cycles
Injection Rate : 250
Batch Size : 2000
Number of Batches : 10
Number of Clients Served : 20000
Overall Response Time : 2177.61 cycles
Overall Waiting  Time : 1428.36 cycles
Overall Throughput : 1.912 
Standard Deviation Response Time : 901.16260 cycles
Standard Deviation Waiting  Time : 852.39081 cycles
Standard Deviation Throughput : 0.237660 