Simulation Starting Time 2021-09-04 04:21:09
Welcome to Network-On-Chip ExpressCube Simulator 
This simulator was designed based on The Discrete Event Simulation.
It's a final year project to obtain the Master Degree
Student developer : Ziraoui Zakaria 
Supervisor: Prof. Mohamed Ould-Khaoua

Network Simulation Parameters :

Topology : 16 x 16 Express Cube with 4 Hops
Number of Nodes  : 256 
Routing : Dimension-ordered (DOR)
Traffic : Hotspot [8][8]
Message length : 32 phits
Injection Rate : 1000
Transmission Time Normal  Links : 96 Cycles
Transmission Time Express Links : 96 Cycles
Batch Means Method : Yes

Please wait, Simulation has been started...

Batch N° 1 : Mean Response Time : 789.12 cycles	Mean Waiting Time : 160.85 cycles	Throughput : 0.262
Batch N° 2 : Mean Response Time : 1043.95 cycles	Mean Waiting Time : 426.60 cycles	Throughput : 0.232
Batch N° 3 : Mean Response Time : 1421.73 cycles	Mean Waiting Time : 803.84 cycles	Throughput : 0.239
Batch N° 4 : Mean Response Time : 1696.45 cycles	Mean Waiting Time : 1064.07 cycles	Throughput : 0.237
Batch N° 5 : Mean Response Time : 1864.73 cycles	Mean Waiting Time : 1231.81 cycles	Throughput : 0.239
Batch N° 6 : Mean Response Time : 2225.48 cycles	Mean Waiting Time : 1593.21 cycles	Throughput : 0.237
Batch N° 7 : Mean Response Time : 2429.81 cycles	Mean Waiting Time : 1801.22 cycles	Throughput : 0.239
Batch N° 8 : Mean Response Time : 2827.17 cycles	Mean Waiting Time : 2190.89 cycles	Throughput : 0.229
Batch N° 9 : Mean Response Time : 2976.66 cycles	Mean Waiting Time : 2334.54 cycles	Throughput : 0.245
Batch N°10 : Mean Response Time : 3089.05 cycles	Mean Waiting Time : 2447.09 cycles	Throughput : 0.249

End Of The Simulation at T= 83147.42 cycles
Injection Rate : 1000
Batch Size : 2000
Number of Batches : 10
Number of Clients Served : 20000
Overall Response Time : 2036.41 cycles
Overall Waiting  Time : 1405.41 cycles
Overall Throughput : 0.241 
Standard Deviation Response Time : 807.70831 cycles
Standard Deviation Waiting  Time : 800.89026 cycles
Standard Deviation Throughput : 0.009542 