Simulation Starting Time 2021-09-04 04:16:30
Welcome to Network-On-Chip ExpressCube Simulator 
This simulator was designed based on The Discrete Event Simulation.
It's a final year project to obtain the Master Degree
Student developer : Ziraoui Zakaria 
Supervisor: Prof. Mohamed Ould-Khaoua

Network Simulation Parameters :

Topology : 8 x 8 Express Cube with 4 Hops
Number of Nodes  : 64 
Routing : Dimension-ordered (DOR)
Traffic : Hotspot [4][4]
Message length : 32 phits
Injection Rate : 200
Transmission Time Normal  Links : 96 Cycles
Transmission Time Express Links : 96 Cycles
Batch Means Method : Yes

Please wait, Simulation has been started...

Batch N° 1 : Mean Response Time : 1069.52 cycles	Mean Waiting Time : 602.32 cycles	Throughput : 0.248
Batch N° 2 : Mean Response Time : 1959.33 cycles	Mean Waiting Time : 1479.98 cycles	Throughput : 0.252
Batch N° 3 : Mean Response Time : 2789.91 cycles	Mean Waiting Time : 2299.26 cycles	Throughput : 0.260
Batch N° 4 : Mean Response Time : 3835.93 cycles	Mean Waiting Time : 3342.77 cycles	Throughput : 0.259
Batch N° 5 : Mean Response Time : 4308.48 cycles	Mean Waiting Time : 3826.00 cycles	Throughput : 0.256
Batch N° 6 : Mean Response Time : 4872.44 cycles	Mean Waiting Time : 4379.65 cycles	Throughput : 0.262
Batch N° 7 : Mean Response Time : 5818.77 cycles	Mean Waiting Time : 5328.21 cycles	Throughput : 0.255
Batch N° 8 : Mean Response Time : 6414.43 cycles	Mean Waiting Time : 5936.85 cycles	Throughput : 0.250
Batch N° 9 : Mean Response Time : 7409.83 cycles	Mean Waiting Time : 6921.45 cycles	Throughput : 0.261
Batch N°10 : Mean Response Time : 7819.88 cycles	Mean Waiting Time : 7328.81 cycles	Throughput : 0.251

End Of The Simulation at T= 78354.64 cycles
Injection Rate : 200
Batch Size : 2000
Number of Batches : 10
Number of Clients Served : 20000
Overall Response Time : 4629.85 cycles
Overall Waiting  Time : 4144.53 cycles
Overall Throughput : 0.255 
Standard Deviation Response Time : 2272.74316 cycles
Standard Deviation Waiting  Time : 2268.53076 cycles
Standard Deviation Throughput : 0.005042 