Simulation Starting Time 2021-08-31 07:13:55
Welcome to Network-On-Chip ExpressCube Simulator 
This simulator was designed based on The Discrete Event Simulation.
It's a final year project to obtain the Master Degree
Student developer : Ziraoui Zakaria 
Supervisor: Prof. Mohamed Ould-Khaoua

Network Simulation Parameters :

Topology : 16 x 16 Express Cube with 8 Hops
Number of Nodes  : 256 
Routing : Dimension-ordered (DOR)
Traffic : Uniform Random
Message length : 32 phits
Injection Rate : 1000
Transmission Time Normal  Links : 32 Cycles
Transmission Time Express Links : 32 Cycles
Batch Means Method : Yes

Please wait, Simulation has been started...

Batch N° 1 : Mean Response Time : 277.55 cycles	Mean Waiting Time : 1.96 cycles	Throughput : 0.275
Batch N° 2 : Mean Response Time : 277.40 cycles	Mean Waiting Time : 0.89 cycles	Throughput : 0.255
Batch N° 3 : Mean Response Time : 274.85 cycles	Mean Waiting Time : 0.87 cycles	Throughput : 0.251
Batch N° 4 : Mean Response Time : 279.26 cycles	Mean Waiting Time : 0.93 cycles	Throughput : 0.254
Batch N° 5 : Mean Response Time : 282.56 cycles	Mean Waiting Time : 0.97 cycles	Throughput : 0.255
Batch N° 6 : Mean Response Time : 278.71 cycles	Mean Waiting Time : 0.97 cycles	Throughput : 0.250
Batch N° 7 : Mean Response Time : 277.96 cycles	Mean Waiting Time : 0.96 cycles	Throughput : 0.256
Batch N° 8 : Mean Response Time : 280.02 cycles	Mean Waiting Time : 0.90 cycles	Throughput : 0.255
Batch N° 9 : Mean Response Time : 276.62 cycles	Mean Waiting Time : 1.02 cycles	Throughput : 0.252
Batch N°10 : Mean Response Time : 274.36 cycles	Mean Waiting Time : 1.02 cycles	Throughput : 0.250

End Of The Simulation at T= 78422.66 cycles
Injection Rate : 1000
Batch Size : 2000
Number of Batches : 10
Number of Clients Served : 20000
Overall Response Time : 277.93 cycles
Overall Waiting  Time : 1.05 cycles
Overall Throughput : 0.255 
Standard Deviation Response Time : 2.41787 cycles
Standard Deviation Waiting  Time : 0.32563 cycles
Standard Deviation Throughput : 0.007272 