Simulation Starting Time 2021-09-01 06:08:23
Welcome to Network-On-Chip ExpressCube Simulator 
This simulator was designed based on The Discrete Event Simulation.
It's a final year project to obtain the Master Degree
Student developer : Ziraoui Zakaria 
Supervisor: Prof. Mohamed Ould-Khaoua

Network Simulation Parameters :

Topology : 16 x 16 Express Cube with 8 Hops
Number of Nodes  : 256 
Routing : Dimension-ordered (DOR)
Traffic : Hotspot [8][8]
Message length : 32 phits
Injection Rate : 9200
Transmission Time Normal  Links : 32 Cycles
Transmission Time Express Links : 32 Cycles
Batch Means Method : Yes

Please wait, Simulation has been started...

Batch N° 1 : Mean Response Time : 278.13 cycles	Mean Waiting Time : 1.81 cycles	Throughput : 0.033
Batch N° 2 : Mean Response Time : 268.96 cycles	Mean Waiting Time : 0.12 cycles	Throughput : 0.029
Batch N° 3 : Mean Response Time : 267.49 cycles	Mean Waiting Time : 0.15 cycles	Throughput : 0.028
Batch N° 4 : Mean Response Time : 269.27 cycles	Mean Waiting Time : 0.23 cycles	Throughput : 0.028
Batch N° 5 : Mean Response Time : 264.68 cycles	Mean Waiting Time : 0.15 cycles	Throughput : 0.030
Batch N° 6 : Mean Response Time : 270.93 cycles	Mean Waiting Time : 0.11 cycles	Throughput : 0.028
Batch N° 7 : Mean Response Time : 271.64 cycles	Mean Waiting Time : 0.17 cycles	Throughput : 0.028
Batch N° 8 : Mean Response Time : 266.39 cycles	Mean Waiting Time : 0.19 cycles	Throughput : 0.028
Batch N° 9 : Mean Response Time : 265.30 cycles	Mean Waiting Time : 0.17 cycles	Throughput : 0.027
Batch N°10 : Mean Response Time : 264.41 cycles	Mean Waiting Time : 0.16 cycles	Throughput : 0.027

End Of The Simulation at T= 700046.06 cycles
Injection Rate : 9200
Batch Size : 2000
Number of Batches : 10
Number of Clients Served : 20000
Overall Response Time : 268.72 cycles
Overall Waiting  Time : 0.33 cycles
Overall Throughput : 0.029 
Standard Deviation Response Time : 4.16040 cycles
Standard Deviation Waiting  Time : 0.52118 cycles
Standard Deviation Throughput : 0.001775 