Simulation Starting Time 2021-08-31 05:57:59
Welcome to Network-On-Chip ExpressCube Simulator 
This simulator was designed based on The Discrete Event Simulation.
It's a final year project to obtain the Master Degree
Student developer : Ziraoui Zakaria 
Supervisor: Prof. Mohamed Ould-Khaoua

Network Simulation Parameters :

Topology : 16 x 16 Express Cube with 2 Hops
Number of Nodes  : 256 
Routing : Dimension-ordered (DOR)
Traffic : Uniform Random
Message length : 32 phits
Injection Rate : 150
Transmission Time Normal  Links : 32 Cycles
Transmission Time Express Links : 32 Cycles
Batch Means Method : Yes

Please wait, Simulation has been started...

Batch N° 1 : Mean Response Time : 281.95 cycles	Mean Waiting Time : 59.24 cycles	Throughput : 1.478
Batch N° 2 : Mean Response Time : 374.87 cycles	Mean Waiting Time : 132.44 cycles	Throughput : 1.671
Batch N° 3 : Mean Response Time : 410.11 cycles	Mean Waiting Time : 166.76 cycles	Throughput : 1.719
Batch N° 4 : Mean Response Time : 415.65 cycles	Mean Waiting Time : 170.35 cycles	Throughput : 1.747
Batch N° 5 : Mean Response Time : 433.32 cycles	Mean Waiting Time : 191.16 cycles	Throughput : 1.693
Batch N° 6 : Mean Response Time : 407.04 cycles	Mean Waiting Time : 166.69 cycles	Throughput : 1.691
Batch N° 7 : Mean Response Time : 409.46 cycles	Mean Waiting Time : 164.67 cycles	Throughput : 1.689
Batch N° 8 : Mean Response Time : 384.78 cycles	Mean Waiting Time : 145.54 cycles	Throughput : 1.681
Batch N° 9 : Mean Response Time : 391.51 cycles	Mean Waiting Time : 151.71 cycles	Throughput : 1.710
Batch N°10 : Mean Response Time : 407.43 cycles	Mean Waiting Time : 168.63 cycles	Throughput : 1.725

End Of The Simulation at T= 11924.54 cycles
Injection Rate : 150
Batch Size : 2000
Number of Batches : 10
Number of Clients Served : 20000
Overall Response Time : 391.61 cycles
Overall Waiting  Time : 151.72 cycles
Overall Throughput : 1.681 
Standard Deviation Response Time : 41.92355 cycles
Standard Deviation Waiting  Time : 36.16085 cycles
Standard Deviation Throughput : 0.074729 