Simulation Starting Time 2021-08-31 05:55:32
Welcome to Network-On-Chip 2D Mesh Simulator 
This simulator was designed based on The Discrete Event Simulation.
It's a final year project to obtain the Master Degree
Student developer : Ziraoui Zakaria 
Supervisor: Prof. Mohamed Ould-Khaoua

Network Simulation Parameters :

Topology : 16 x 16 Mesh 
Number of Nodes  : 256 
Routing : Dimension-ordered (DOR)
Traffic : Uniform Random
Message length : 32 phits
Injection Rate : 300
Transmission Time : 32 Cycles
Batch Means Method : Yes

Please wait, Simulation has been started...

Batch N° 1 : Mean Response Time : 351.51 cycles	Mean Waiting Time : 18.63 cycles	Throughput : 0.817
Batch N° 2 : Mean Response Time : 360.27 cycles	Mean Waiting Time : 18.66 cycles	Throughput : 0.870
Batch N° 3 : Mean Response Time : 368.91 cycles	Mean Waiting Time : 19.65 cycles	Throughput : 0.864
Batch N° 4 : Mean Response Time : 363.47 cycles	Mean Waiting Time : 19.34 cycles	Throughput : 0.842
Batch N° 5 : Mean Response Time : 370.22 cycles	Mean Waiting Time : 19.41 cycles	Throughput : 0.858
Batch N° 6 : Mean Response Time : 357.74 cycles	Mean Waiting Time : 18.85 cycles	Throughput : 0.855
Batch N° 7 : Mean Response Time : 364.21 cycles	Mean Waiting Time : 18.21 cycles	Throughput : 0.876
Batch N° 8 : Mean Response Time : 358.06 cycles	Mean Waiting Time : 18.70 cycles	Throughput : 0.846
Batch N° 9 : Mean Response Time : 367.59 cycles	Mean Waiting Time : 19.65 cycles	Throughput : 0.860
Batch N°10 : Mean Response Time : 363.41 cycles	Mean Waiting Time : 18.55 cycles	Throughput : 0.872

End Of The Simulation at T= 23368.07 cycles
Injection Rate : 300
Batch Size : 2000
Number of Batches : 10
Number of Clients Served : 20000
Overall Response Time : 362.54 cycles
Overall Waiting  Time : 18.97 cycles
Overall Throughput : 0.856 
Standard Deviation Response Time : 5.76781 cycles
Standard Deviation Waiting  Time : 0.50655 cycles
Standard Deviation Throughput : 0.017606 