Simulation Starting Time 2021-09-02 06:19:12
Welcome to Network-On-Chip ExpressCube Simulator 
This simulator was designed based on The Discrete Event Simulation.
It's a final year project to obtain the Master Degree
Student developer : Ziraoui Zakaria 
Supervisor: Prof. Mohamed Ould-Khaoua

Network Simulation Parameters :

Topology : 16 x 16 Express Cube with 4 Hops
Number of Nodes  : 256 
Routing : Dimension-ordered (DOR)
Traffic : Uniform Random
Message length : 32 phits
Injection Rate : 250
Transmission Time Normal  Links : 96 Cycles
Transmission Time Express Links : 96 Cycles
Batch Means Method : Yes

Please wait, Simulation has been started...

Batch N° 1 : Mean Response Time : 789.25 cycles	Mean Waiting Time : 178.76 cycles	Throughput : 0.710
Batch N° 2 : Mean Response Time : 1078.33 cycles	Mean Waiting Time : 414.87 cycles	Throughput : 0.904
Batch N° 3 : Mean Response Time : 1272.18 cycles	Mean Waiting Time : 601.41 cycles	Throughput : 0.921
Batch N° 4 : Mean Response Time : 1407.96 cycles	Mean Waiting Time : 739.77 cycles	Throughput : 0.868
Batch N° 5 : Mean Response Time : 1710.55 cycles	Mean Waiting Time : 1030.66 cycles	Throughput : 0.868
Batch N° 6 : Mean Response Time : 1749.86 cycles	Mean Waiting Time : 1083.20 cycles	Throughput : 0.914
Batch N° 7 : Mean Response Time : 1946.59 cycles	Mean Waiting Time : 1272.46 cycles	Throughput : 0.933
Batch N° 8 : Mean Response Time : 2163.07 cycles	Mean Waiting Time : 1481.75 cycles	Throughput : 0.898
Batch N° 9 : Mean Response Time : 2134.54 cycles	Mean Waiting Time : 1464.38 cycles	Throughput : 0.868
Batch N°10 : Mean Response Time : 2389.07 cycles	Mean Waiting Time : 1707.15 cycles	Throughput : 0.888

End Of The Simulation at T= 22925.59 cycles
Injection Rate : 250
Batch Size : 2000
Number of Batches : 10
Number of Clients Served : 20000
Overall Response Time : 1664.14 cycles
Overall Waiting  Time : 997.44 cycles
Overall Throughput : 0.877 
Standard Deviation Response Time : 517.78204 cycles
Standard Deviation Waiting  Time : 502.57504 cycles
Standard Deviation Throughput : 0.063034 