Simulation Starting Time 2021-09-01 06:04:14
Welcome to Network-On-Chip ExpressCube Simulator 
This simulator was designed based on The Discrete Event Simulation.
It's a final year project to obtain the Master Degree
Student developer : Ziraoui Zakaria 
Supervisor: Prof. Mohamed Ould-Khaoua

Network Simulation Parameters :

Topology : 8 x 8 Express Cube with 4 Hops
Number of Nodes  : 64 
Routing : Dimension-ordered (DOR)
Traffic : Hotspot [4][4]
Message length : 32 phits
Injection Rate : 250
Transmission Time Normal  Links : 32 Cycles
Transmission Time Express Links : 32 Cycles
Batch Means Method : Yes

Please wait, Simulation has been started...

Batch N° 1 : Mean Response Time : 151.07 cycles	Mean Waiting Time : 11.36 cycles	Throughput : 0.265
Batch N° 2 : Mean Response Time : 147.12 cycles	Mean Waiting Time : 8.04 cycles	Throughput : 0.252
Batch N° 3 : Mean Response Time : 152.44 cycles	Mean Waiting Time : 17.87 cycles	Throughput : 0.262
Batch N° 4 : Mean Response Time : 150.15 cycles	Mean Waiting Time : 11.07 cycles	Throughput : 0.247
Batch N° 5 : Mean Response Time : 149.43 cycles	Mean Waiting Time : 10.64 cycles	Throughput : 0.257
Batch N° 6 : Mean Response Time : 147.49 cycles	Mean Waiting Time : 10.38 cycles	Throughput : 0.255
Batch N° 7 : Mean Response Time : 149.13 cycles	Mean Waiting Time : 11.59 cycles	Throughput : 0.253
Batch N° 8 : Mean Response Time : 149.85 cycles	Mean Waiting Time : 11.95 cycles	Throughput : 0.249
Batch N° 9 : Mean Response Time : 151.69 cycles	Mean Waiting Time : 10.28 cycles	Throughput : 0.249
Batch N°10 : Mean Response Time : 150.70 cycles	Mean Waiting Time : 10.06 cycles	Throughput : 0.248

End Of The Simulation at T= 78901.85 cycles
Injection Rate : 250
Batch Size : 2000
Number of Batches : 10
Number of Clients Served : 20000
Overall Response Time : 149.91 cycles
Overall Waiting  Time : 11.32 cycles
Overall Throughput : 0.254 
Standard Deviation Response Time : 1.70327 cycles
Standard Deviation Waiting  Time : 2.54223 cycles
Standard Deviation Throughput : 0.006064 