Simulation Starting Time 2021-08-31 05:31:30
Welcome to Network-On-Chip ExpressCube Simulator 
This simulator was designed based on The Discrete Event Simulation.
It's a final year project to obtain the Master Degree
Student developer : Ziraoui Zakaria 
Supervisor: Prof. Mohamed Ould-Khaoua

Network Simulation Parameters :

Topology : 8 x 8 Express Cube with 4 Hops
Number of Nodes  : 64 
Routing : Dimension-ordered (DOR)
Traffic : Uniform Random
Message length : 32 phits
Injection Rate : 200
Transmission Time Normal  Links : 32 Cycles
Transmission Time Express Links : 32 Cycles
Batch Means Method : Yes

Please wait, Simulation has been started...

Batch N° 1 : Mean Response Time : 153.79 cycles	Mean Waiting Time : 9.28 cycles	Throughput : 0.333
Batch N° 2 : Mean Response Time : 153.46 cycles	Mean Waiting Time : 8.59 cycles	Throughput : 0.325
Batch N° 3 : Mean Response Time : 151.46 cycles	Mean Waiting Time : 8.10 cycles	Throughput : 0.333
Batch N° 4 : Mean Response Time : 151.23 cycles	Mean Waiting Time : 7.39 cycles	Throughput : 0.325
Batch N° 5 : Mean Response Time : 150.77 cycles	Mean Waiting Time : 7.28 cycles	Throughput : 0.325
Batch N° 6 : Mean Response Time : 150.09 cycles	Mean Waiting Time : 7.18 cycles	Throughput : 0.313
Batch N° 7 : Mean Response Time : 151.70 cycles	Mean Waiting Time : 7.90 cycles	Throughput : 0.305
Batch N° 8 : Mean Response Time : 152.00 cycles	Mean Waiting Time : 8.57 cycles	Throughput : 0.322
Batch N° 9 : Mean Response Time : 149.54 cycles	Mean Waiting Time : 7.22 cycles	Throughput : 0.329
Batch N°10 : Mean Response Time : 148.86 cycles	Mean Waiting Time : 6.97 cycles	Throughput : 0.313

End Of The Simulation at T= 62078.88 cycles
Injection Rate : 200
Batch Size : 2000
Number of Batches : 10
Number of Clients Served : 20000
Overall Response Time : 151.29 cycles
Overall Waiting  Time : 7.85 cycles
Overall Throughput : 0.322 
Standard Deviation Response Time : 1.57399 cycles
Standard Deviation Waiting  Time : 0.76966 cycles
Standard Deviation Throughput : 0.009245 