Simulation Starting Time 2021-09-02 06:27:10
Welcome to Network-On-Chip 2D Mesh Simulator 
This simulator was designed based on The Discrete Event Simulation.
It's a final year project to obtain the Master Degree
Student developer : Ziraoui Zakaria 
Supervisor: Prof. Mohamed Ould-Khaoua

Network Simulation Parameters :

Topology : 32 x 32 Mesh 
Number of Nodes  : 1024 
Routing : Dimension-ordered (DOR)
Traffic : Uniform Random
Message length : 32 phits
Injection Rate : 160
Transmission Time : 32 Cycles
Batch Means Method : Yes

Please wait, Simulation has been started...

Batch N° 1 : Mean Response Time : 491.03 cycles	Mean Waiting Time : 64.54 cycles	Throughput : 1.953
Batch N° 2 : Mean Response Time : 820.65 cycles	Mean Waiting Time : 229.32 cycles	Throughput : 3.472
Batch N° 3 : Mean Response Time : 1021.77 cycles	Mean Waiting Time : 405.49 cycles	Throughput : 3.676
Batch N° 4 : Mean Response Time : 1185.45 cycles	Mean Waiting Time : 550.08 cycles	Throughput : 3.700
Batch N° 5 : Mean Response Time : 1369.07 cycles	Mean Waiting Time : 727.72 cycles	Throughput : 3.906
Batch N° 6 : Mean Response Time : 1514.23 cycles	Mean Waiting Time : 869.04 cycles	Throughput : 3.880
Batch N° 7 : Mean Response Time : 1663.34 cycles	Mean Waiting Time : 1029.25 cycles	Throughput : 3.906
Batch N° 8 : Mean Response Time : 1797.18 cycles	Mean Waiting Time : 1158.55 cycles	Throughput : 3.862
Batch N° 9 : Mean Response Time : 1982.48 cycles	Mean Waiting Time : 1330.49 cycles	Throughput : 3.952
Batch N°10 : Mean Response Time : 2137.36 cycles	Mean Waiting Time : 1487.41 cycles	Throughput : 3.880

End Of The Simulation at T= 5763.43 cycles
Injection Rate : 160
Batch Size : 2000
Number of Batches : 10
Number of Clients Served : 20000
Overall Response Time : 1398.26 cycles
Overall Waiting  Time : 785.19 cycles
Overall Throughput : 3.619 
Standard Deviation Response Time : 524.40808 cycles
Standard Deviation Waiting  Time : 474.63876 cycles
Standard Deviation Throughput : 0.603474 