Simulation Starting Time 2021-08-31 07:01:01
Welcome to Network-On-Chip ExpressCube Simulator 
This simulator was designed based on The Discrete Event Simulation.
It's a final year project to obtain the Master Degree
Student developer : Ziraoui Zakaria 
Supervisor: Prof. Mohamed Ould-Khaoua

Network Simulation Parameters :

Topology : 32 x 32 Express Cube with 8 Hops
Number of Nodes  : 1024 
Routing : Dimension-ordered (DOR)
Traffic : Uniform Random
Message length : 32 phits
Injection Rate : 250
Transmission Time Normal  Links : 32 Cycles
Transmission Time Express Links : 32 Cycles
Batch Means Method : Yes

Please wait, Simulation has been started...

Batch N° 1 : Mean Response Time : 310.70 cycles	Mean Waiting Time : 17.01 cycles	Throughput : 2.930
Batch N° 2 : Mean Response Time : 426.82 cycles	Mean Waiting Time : 45.78 cycles	Throughput : 3.930
Batch N° 3 : Mean Response Time : 472.33 cycles	Mean Waiting Time : 73.35 cycles	Throughput : 3.899
Batch N° 4 : Mean Response Time : 488.15 cycles	Mean Waiting Time : 89.49 cycles	Throughput : 3.843
Batch N° 5 : Mean Response Time : 493.16 cycles	Mean Waiting Time : 100.49 cycles	Throughput : 3.843
Batch N° 6 : Mean Response Time : 517.19 cycles	Mean Waiting Time : 123.70 cycles	Throughput : 3.970
Batch N° 7 : Mean Response Time : 557.88 cycles	Mean Waiting Time : 154.44 cycles	Throughput : 4.018
Batch N° 8 : Mean Response Time : 541.53 cycles	Mean Waiting Time : 154.91 cycles	Throughput : 3.905
Batch N° 9 : Mean Response Time : 564.40 cycles	Mean Waiting Time : 169.62 cycles	Throughput : 3.939
Batch N°10 : Mean Response Time : 595.55 cycles	Mean Waiting Time : 196.79 cycles	Throughput : 3.947

End Of The Simulation at T= 5273.64 cycles
Injection Rate : 250
Batch Size : 2000
Number of Batches : 10
Number of Clients Served : 20000
Overall Response Time : 496.77 cycles
Overall Waiting  Time : 112.56 cycles
Overall Throughput : 3.822 
Standard Deviation Response Time : 82.11445 cycles
Standard Deviation Waiting  Time : 57.56881 cycles
Standard Deviation Throughput : 0.318164 