Simulation Starting Time 2021-08-31 07:14:17
Welcome to Network-On-Chip ExpressCube Simulator 
This simulator was designed based on The Discrete Event Simulation.
It's a final year project to obtain the Master Degree
Student developer : Ziraoui Zakaria 
Supervisor: Prof. Mohamed Ould-Khaoua

Network Simulation Parameters :

Topology : 16 x 16 Express Cube with 8 Hops
Number of Nodes  : 256 
Routing : Dimension-ordered (DOR)
Traffic : Uniform Random
Message length : 32 phits
Injection Rate : 90
Transmission Time Normal  Links : 32 Cycles
Transmission Time Express Links : 32 Cycles
Batch Means Method : Yes

Please wait, Simulation has been started...

Batch N° 1 : Mean Response Time : 389.60 cycles	Mean Waiting Time : 126.02 cycles	Throughput : 1.584
Batch N° 2 : Mean Response Time : 672.81 cycles	Mean Waiting Time : 369.82 cycles	Throughput : 2.047
Batch N° 3 : Mean Response Time : 844.01 cycles	Mean Waiting Time : 543.81 cycles	Throughput : 2.083
Batch N° 4 : Mean Response Time : 1040.28 cycles	Mean Waiting Time : 737.30 cycles	Throughput : 2.155
Batch N° 5 : Mean Response Time : 1201.33 cycles	Mean Waiting Time : 896.77 cycles	Throughput : 2.083
Batch N° 6 : Mean Response Time : 1382.66 cycles	Mean Waiting Time : 1075.69 cycles	Throughput : 2.016
Batch N° 7 : Mean Response Time : 1574.35 cycles	Mean Waiting Time : 1270.04 cycles	Throughput : 2.083
Batch N° 8 : Mean Response Time : 1714.03 cycles	Mean Waiting Time : 1407.65 cycles	Throughput : 2.083
Batch N° 9 : Mean Response Time : 1958.59 cycles	Mean Waiting Time : 1655.26 cycles	Throughput : 2.129
Batch N°10 : Mean Response Time : 2102.98 cycles	Mean Waiting Time : 1798.28 cycles	Throughput : 2.182

End Of The Simulation at T= 9856.00 cycles
Injection Rate : 90
Batch Size : 2000
Number of Batches : 10
Number of Clients Served : 20000
Overall Response Time : 1288.06 cycles
Overall Waiting  Time : 988.06 cycles
Overall Throughput : 2.045 
Standard Deviation Response Time : 561.53876 cycles
Standard Deviation Waiting  Time : 553.65125 cycles
Standard Deviation Throughput : 0.169160 