Simulation Starting Time 2021-08-31 06:50:29
Welcome to Network-On-Chip ExpressCube Simulator 
This simulator was designed based on The Discrete Event Simulation.
It's a final year project to obtain the Master Degree
Student developer : Ziraoui Zakaria 
Supervisor: Prof. Mohamed Ould-Khaoua

Network Simulation Parameters :

Topology : 32 x 32 Express Cube with 2 Hops
Number of Nodes  : 1024 
Routing : Dimension-ordered (DOR)
Traffic : Uniform Random
Message length : 32 phits
Injection Rate : 100
Transmission Time Normal  Links : 32 Cycles
Transmission Time Express Links : 32 Cycles
Batch Means Method : Yes

Please wait, Simulation has been started...

Batch N° 1 : Mean Response Time : 325.37 cycles	Mean Waiting Time : 60.20 cycles	Throughput : 2.717
Batch N° 2 : Mean Response Time : 580.39 cycles	Mean Waiting Time : 231.08 cycles	Throughput : 4.127
Batch N° 3 : Mean Response Time : 727.70 cycles	Mean Waiting Time : 373.24 cycles	Throughput : 4.207
Batch N° 4 : Mean Response Time : 924.32 cycles	Mean Waiting Time : 558.71 cycles	Throughput : 4.154
Batch N° 5 : Mean Response Time : 1094.99 cycles	Mean Waiting Time : 730.27 cycles	Throughput : 4.179
Batch N° 6 : Mean Response Time : 1238.69 cycles	Mean Waiting Time : 875.20 cycles	Throughput : 4.324
Batch N° 7 : Mean Response Time : 1373.25 cycles	Mean Waiting Time : 1009.55 cycles	Throughput : 4.297
Batch N° 8 : Mean Response Time : 1548.32 cycles	Mean Waiting Time : 1181.28 cycles	Throughput : 4.167
Batch N° 9 : Mean Response Time : 1696.15 cycles	Mean Waiting Time : 1338.83 cycles	Throughput : 4.399
Batch N°10 : Mean Response Time : 1901.05 cycles	Mean Waiting Time : 1529.63 cycles	Throughput : 4.448

End Of The Simulation at T= 4968.21 cycles
Injection Rate : 100
Batch Size : 2000
Number of Batches : 10
Number of Clients Served : 20000
Overall Response Time : 1141.02 cycles
Overall Waiting  Time : 788.80 cycles
Overall Throughput : 4.102 
Standard Deviation Response Time : 507.13574 cycles
Standard Deviation Waiting  Time : 486.77652 cycles
Standard Deviation Throughput : 0.498589 