Simulation Starting Time 2021-09-04 04:42:06
Welcome to Network-On-Chip ExpressCube Simulator 
This simulator was designed based on The Discrete Event Simulation.
It's a final year project to obtain the Master Degree
Student developer : Ziraoui Zakaria 
Supervisor: Prof. Mohamed Ould-Khaoua

Network Simulation Parameters :

Topology : 32 x 32 Express Cube with 2 Hops
Number of Nodes  : 1024 
Routing : Dimension-ordered (DOR)
Traffic : Hotspot [16][16]
Message length : 32 phits
Injection Rate : 300
Transmission Time Normal  Links : 64 Cycles
Transmission Time Express Links : 64 Cycles
Batch Means Method : Yes

Please wait, Simulation has been started...

Batch N° 1 : Mean Response Time : 703.81 cycles	Mean Waiting Time : 110.00 cycles	Throughput : 1.238
Batch N° 2 : Mean Response Time : 1189.24 cycles	Mean Waiting Time : 417.37 cycles	Throughput : 1.807
Batch N° 3 : Mean Response Time : 1475.40 cycles	Mean Waiting Time : 694.82 cycles	Throughput : 1.899
Batch N° 4 : Mean Response Time : 1723.77 cycles	Mean Waiting Time : 933.73 cycles	Throughput : 1.869
Batch N° 5 : Mean Response Time : 1965.06 cycles	Mean Waiting Time : 1166.54 cycles	Throughput : 1.954
Batch N° 6 : Mean Response Time : 2187.80 cycles	Mean Waiting Time : 1380.30 cycles	Throughput : 1.840
Batch N° 7 : Mean Response Time : 2399.00 cycles	Mean Waiting Time : 1599.15 cycles	Throughput : 1.962
Batch N° 8 : Mean Response Time : 2663.12 cycles	Mean Waiting Time : 1851.06 cycles	Throughput : 1.908
Batch N° 9 : Mean Response Time : 2844.42 cycles	Mean Waiting Time : 2033.77 cycles	Throughput : 1.962
Batch N°10 : Mean Response Time : 3095.08 cycles	Mean Waiting Time : 2301.94 cycles	Throughput : 1.984

End Of The Simulation at T= 11051.41 cycles
Injection Rate : 300
Batch Size : 2000
Number of Batches : 10
Number of Clients Served : 20000
Overall Response Time : 2024.67 cycles
Overall Waiting  Time : 1248.87 cycles
Overall Throughput : 1.842 
Standard Deviation Response Time : 762.34460 cycles
Standard Deviation Waiting  Time : 717.17914 cycles
Standard Deviation Throughput : 0.220173 