Simulation Starting Time 2021-09-04 04:54:12
Welcome to Network-On-Chip ExpressCube Simulator 
This simulator was designed based on The Discrete Event Simulation.
It's a final year project to obtain the Master Degree
Student developer : Ziraoui Zakaria 
Supervisor: Prof. Mohamed Ould-Khaoua

Network Simulation Parameters :

Topology : 32 x 32 Express Cube with 4 Hops
Number of Nodes  : 1024 
Routing : Dimension-ordered (DOR)
Traffic : Hotspot [16][16]
Message length : 32 phits
Injection Rate : 10500
Transmission Time Normal  Links : 96 Cycles
Transmission Time Express Links : 96 Cycles
Batch Means Method : Yes

Please wait, Simulation has been started...

Batch N° 1 : Mean Response Time : 1094.99 cycles	Mean Waiting Time : 170.00 cycles	Throughput : 0.183
Batch N° 2 : Mean Response Time : 898.34 cycles	Mean Waiting Time : 18.49 cycles	Throughput : 0.096
Batch N° 3 : Mean Response Time : 909.22 cycles	Mean Waiting Time : 25.79 cycles	Throughput : 0.096
Batch N° 4 : Mean Response Time : 884.92 cycles	Mean Waiting Time : 16.95 cycles	Throughput : 0.098
Batch N° 5 : Mean Response Time : 899.68 cycles	Mean Waiting Time : 14.60 cycles	Throughput : 0.099
Batch N° 6 : Mean Response Time : 887.22 cycles	Mean Waiting Time : 10.75 cycles	Throughput : 0.099
Batch N° 7 : Mean Response Time : 903.20 cycles	Mean Waiting Time : 10.68 cycles	Throughput : 0.096
Batch N° 8 : Mean Response Time : 893.48 cycles	Mean Waiting Time : 20.29 cycles	Throughput : 0.100
Batch N° 9 : Mean Response Time : 876.88 cycles	Mean Waiting Time : 11.41 cycles	Throughput : 0.098
Batch N°10 : Mean Response Time : 880.69 cycles	Mean Waiting Time : 7.83 cycles	Throughput : 0.102

End Of The Simulation at T= 194451.33 cycles
Injection Rate : 10500
Batch Size : 2000
Number of Batches : 10
Number of Clients Served : 20000
Overall Response Time : 912.86 cycles
Overall Waiting  Time : 30.68 cycles
Overall Throughput : 0.107 
Standard Deviation Response Time : 64.81290 cycles
Standard Deviation Waiting  Time : 49.24667 cycles
Standard Deviation Throughput : 0.026759 