Simulation Starting Time 2021-09-02 07:04:56
Welcome to Network-On-Chip ExpressCube Simulator 
This simulator was designed based on The Discrete Event Simulation.
It's a final year project to obtain the Master Degree
Student developer : Ziraoui Zakaria 
Supervisor: Prof. Mohamed Ould-Khaoua

Network Simulation Parameters :

Topology : 32 x 32 Express Cube with 8 Hops
Number of Nodes  : 1024 
Routing : Dimension-ordered (DOR)
Traffic : Uniform Random
Message length : 32 phits
Injection Rate : 160
Transmission Time Normal  Links : 160 Cycles
Transmission Time Express Links : 160 Cycles
Batch Means Method : Yes

Please wait, Simulation has been started...

Batch N° 1 : Mean Response Time : 1471.51 cycles	Mean Waiting Time : 325.55 cycles	Throughput : 0.735
Batch N° 2 : Mean Response Time : 2671.49 cycles	Mean Waiting Time : 1118.17 cycles	Throughput : 1.281
Batch N° 3 : Mean Response Time : 3605.71 cycles	Mean Waiting Time : 1939.72 cycles	Throughput : 1.517
Batch N° 4 : Mean Response Time : 4427.98 cycles	Mean Waiting Time : 2777.61 cycles	Throughput : 1.389
Batch N° 5 : Mean Response Time : 5318.34 cycles	Mean Waiting Time : 3620.91 cycles	Throughput : 1.414
Batch N° 6 : Mean Response Time : 6174.24 cycles	Mean Waiting Time : 4447.13 cycles	Throughput : 1.532
Batch N° 7 : Mean Response Time : 6932.21 cycles	Mean Waiting Time : 5219.96 cycles	Throughput : 1.563
Batch N° 8 : Mean Response Time : 7730.25 cycles	Mean Waiting Time : 6024.40 cycles	Throughput : 1.389
Batch N° 9 : Mean Response Time : 8587.20 cycles	Mean Waiting Time : 6862.48 cycles	Throughput : 1.563
Batch N°10 : Mean Response Time : 9390.68 cycles	Mean Waiting Time : 7660.56 cycles	Throughput : 1.501

End Of The Simulation at T= 15092.53 cycles
Injection Rate : 160
Batch Size : 2000
Number of Batches : 10
Number of Clients Served : 20000
Overall Response Time : 5630.96 cycles
Overall Waiting  Time : 3999.65 cycles
Overall Throughput : 1.388 
Standard Deviation Response Time : 2602.91113 cycles
Standard Deviation Waiting  Time : 2473.61890 cycles
Standard Deviation Throughput : 0.247003 