Simulation Starting Time 2021-08-31 05:30:20
Welcome to Network-On-Chip ExpressCube Simulator 
This simulator was designed based on The Discrete Event Simulation.
It's a final year project to obtain the Master Degree
Student developer : Ziraoui Zakaria 
Supervisor: Prof. Mohamed Ould-Khaoua

Network Simulation Parameters :

Topology : 8 x 8 Express Cube with 2 Hops
Number of Nodes  : 64 
Routing : Dimension-ordered (DOR)
Traffic : Uniform Random
Message length : 32 phits
Injection Rate : 250
Transmission Time Normal  Links : 32 Cycles
Transmission Time Express Links : 32 Cycles
Batch Means Method : Yes

Please wait, Simulation has been started...

Batch N° 1 : Mean Response Time : 123.87 cycles	Mean Waiting Time : 3.74 cycles	Throughput : 0.254
Batch N° 2 : Mean Response Time : 123.93 cycles	Mean Waiting Time : 3.78 cycles	Throughput : 0.253
Batch N° 3 : Mean Response Time : 124.54 cycles	Mean Waiting Time : 4.85 cycles	Throughput : 0.264
Batch N° 4 : Mean Response Time : 123.99 cycles	Mean Waiting Time : 3.96 cycles	Throughput : 0.261
Batch N° 5 : Mean Response Time : 122.28 cycles	Mean Waiting Time : 3.89 cycles	Throughput : 0.260
Batch N° 6 : Mean Response Time : 124.60 cycles	Mean Waiting Time : 4.32 cycles	Throughput : 0.264
Batch N° 7 : Mean Response Time : 123.36 cycles	Mean Waiting Time : 4.19 cycles	Throughput : 0.270
Batch N° 8 : Mean Response Time : 124.13 cycles	Mean Waiting Time : 4.35 cycles	Throughput : 0.254
Batch N° 9 : Mean Response Time : 123.50 cycles	Mean Waiting Time : 3.51 cycles	Throughput : 0.260
Batch N°10 : Mean Response Time : 127.17 cycles	Mean Waiting Time : 3.69 cycles	Throughput : 0.256

End Of The Simulation at T= 77039.27 cycles
Injection Rate : 250
Batch Size : 2000
Number of Batches : 10
Number of Clients Served : 20000
Overall Response Time : 124.14 cycles
Overall Waiting  Time : 4.03 cycles
Overall Throughput : 0.260 
Standard Deviation Response Time : 1.25705 cycles
Standard Deviation Waiting  Time : 0.40176 cycles
Standard Deviation Throughput : 0.005596 