Simulation Starting Time 2021-09-02 06:38:18
Welcome to Network-On-Chip ExpressCube Simulator 
This simulator was designed based on The Discrete Event Simulation.
It's a final year project to obtain the Master Degree
Student developer : Ziraoui Zakaria 
Supervisor: Prof. Mohamed Ould-Khaoua

Network Simulation Parameters :

Topology : 32 x 32 Express Cube with 2 Hops
Number of Nodes  : 1024 
Routing : Dimension-ordered (DOR)
Traffic : Uniform Random
Message length : 32 phits
Injection Rate : 1000
Transmission Time Normal  Links : 64 Cycles
Transmission Time Express Links : 64 Cycles
Batch Means Method : Yes

Please wait, Simulation has been started...

Batch N° 1 : Mean Response Time : 785.67 cycles	Mean Waiting Time : 76.60 cycles	Throughput : 1.051
Batch N° 2 : Mean Response Time : 881.95 cycles	Mean Waiting Time : 58.26 cycles	Throughput : 1.085
Batch N° 3 : Mean Response Time : 824.48 cycles	Mean Waiting Time : 27.72 cycles	Throughput : 0.984
Batch N° 4 : Mean Response Time : 820.93 cycles	Mean Waiting Time : 32.83 cycles	Throughput : 1.034
Batch N° 5 : Mean Response Time : 842.32 cycles	Mean Waiting Time : 37.09 cycles	Throughput : 1.028
Batch N° 6 : Mean Response Time : 848.65 cycles	Mean Waiting Time : 41.13 cycles	Throughput : 1.028
Batch N° 7 : Mean Response Time : 830.16 cycles	Mean Waiting Time : 33.67 cycles	Throughput : 1.041
Batch N° 8 : Mean Response Time : 828.39 cycles	Mean Waiting Time : 33.06 cycles	Throughput : 1.027
Batch N° 9 : Mean Response Time : 838.02 cycles	Mean Waiting Time : 38.85 cycles	Throughput : 1.043
Batch N°10 : Mean Response Time : 839.75 cycles	Mean Waiting Time : 37.17 cycles	Throughput : 1.080

End Of The Simulation at T= 19240.79 cycles
Injection Rate : 1000
Batch Size : 2000
Number of Batches : 10
Number of Clients Served : 20000
Overall Response Time : 834.03 cycles
Overall Waiting  Time : 41.64 cycles
Overall Throughput : 1.040 
Standard Deviation Response Time : 24.21069 cycles
Standard Deviation Waiting  Time : 14.74094 cycles
Standard Deviation Throughput : 0.028635 