Simulation Starting Time 2021-09-02 06:59:04
Welcome to Network-On-Chip ExpressCube Simulator 
This simulator was designed based on The Discrete Event Simulation.
It's a final year project to obtain the Master Degree
Student developer : Ziraoui Zakaria 
Supervisor: Prof. Mohamed Ould-Khaoua

Network Simulation Parameters :

Topology : 32 x 32 Express Cube with 8 Hops
Number of Nodes  : 1024 
Routing : Dimension-ordered (DOR)
Traffic : Uniform Random
Message length : 32 phits
Injection Rate : 400
Transmission Time Normal  Links : 160 Cycles
Transmission Time Express Links : 160 Cycles
Batch Means Method : Yes

Please wait, Simulation has been started...

Batch N° 1 : Mean Response Time : 1438.97 cycles	Mean Waiting Time : 183.45 cycles	Throughput : 0.715
Batch N° 2 : Mean Response Time : 2230.33 cycles	Mean Waiting Time : 584.10 cycles	Throughput : 1.313
Batch N° 3 : Mean Response Time : 2675.63 cycles	Mean Waiting Time : 974.38 cycles	Throughput : 1.389
Batch N° 4 : Mean Response Time : 3160.44 cycles	Mean Waiting Time : 1367.73 cycles	Throughput : 1.389
Batch N° 5 : Mean Response Time : 3571.78 cycles	Mean Waiting Time : 1790.11 cycles	Throughput : 1.389
Batch N° 6 : Mean Response Time : 3908.62 cycles	Mean Waiting Time : 2114.77 cycles	Throughput : 1.475
Batch N° 7 : Mean Response Time : 4267.64 cycles	Mean Waiting Time : 2465.78 cycles	Throughput : 1.437
Batch N° 8 : Mean Response Time : 4612.52 cycles	Mean Waiting Time : 2801.70 cycles	Throughput : 1.453
Batch N° 9 : Mean Response Time : 4977.43 cycles	Mean Waiting Time : 3143.82 cycles	Throughput : 1.521
Batch N°10 : Mean Response Time : 5293.22 cycles	Mean Waiting Time : 3487.75 cycles	Throughput : 1.511

End Of The Simulation at T= 15403.93 cycles
Injection Rate : 400
Batch Size : 2000
Number of Batches : 10
Number of Clients Served : 20000
Overall Response Time : 3613.66 cycles
Overall Waiting  Time : 1891.36 cycles
Overall Throughput : 1.359 
Standard Deviation Response Time : 1243.79053 cycles
Standard Deviation Waiting  Time : 1109.39941 cycles
Standard Deviation Throughput : 0.234924 