Simulation Starting Time 2021-09-01 06:04:11
Welcome to Network-On-Chip ExpressCube Simulator 
This simulator was designed based on The Discrete Event Simulation.
It's a final year project to obtain the Master Degree
Student developer : Ziraoui Zakaria 
Supervisor: Prof. Mohamed Ould-Khaoua

Network Simulation Parameters :

Topology : 8 x 8 Express Cube with 4 Hops
Number of Nodes  : 64 
Routing : Dimension-ordered (DOR)
Traffic : Hotspot [4][4]
Message length : 32 phits
Injection Rate : 9200
Transmission Time Normal  Links : 32 Cycles
Transmission Time Express Links : 32 Cycles
Batch Means Method : Yes

Please wait, Simulation has been started...

Batch N° 1 : Mean Response Time : 129.47 cycles	Mean Waiting Time : 0.05 cycles	Throughput : 0.007
Batch N° 2 : Mean Response Time : 131.06 cycles	Mean Waiting Time : 0.12 cycles	Throughput : 0.007
Batch N° 3 : Mean Response Time : 132.41 cycles	Mean Waiting Time : 0.09 cycles	Throughput : 0.007
Batch N° 4 : Mean Response Time : 130.90 cycles	Mean Waiting Time : 0.07 cycles	Throughput : 0.007
Batch N° 5 : Mean Response Time : 130.68 cycles	Mean Waiting Time : 0.08 cycles	Throughput : 0.007
Batch N° 6 : Mean Response Time : 135.49 cycles	Mean Waiting Time : 0.06 cycles	Throughput : 0.007
Batch N° 7 : Mean Response Time : 131.75 cycles	Mean Waiting Time : 0.08 cycles	Throughput : 0.007
Batch N° 8 : Mean Response Time : 134.06 cycles	Mean Waiting Time : 0.07 cycles	Throughput : 0.007
Batch N° 9 : Mean Response Time : 133.39 cycles	Mean Waiting Time : 0.11 cycles	Throughput : 0.007
Batch N°10 : Mean Response Time : 132.99 cycles	Mean Waiting Time : 0.10 cycles	Throughput : 0.007

End Of The Simulation at T= 2861555.25 cycles
Injection Rate : 9200
Batch Size : 2000
Number of Batches : 10
Number of Clients Served : 20000
Overall Response Time : 132.22 cycles
Overall Waiting  Time : 0.08 cycles
Overall Throughput : 0.007 
Standard Deviation Response Time : 1.80413 cycles
Standard Deviation Waiting  Time : 0.02233 cycles
Standard Deviation Throughput : 0.000214 