Simulation Starting Time 2021-08-31 07:14:21
Welcome to Network-On-Chip ExpressCube Simulator 
This simulator was designed based on The Discrete Event Simulation.
It's a final year project to obtain the Master Degree
Student developer : Ziraoui Zakaria 
Supervisor: Prof. Mohamed Ould-Khaoua

Network Simulation Parameters :

Topology : 16 x 16 Express Cube with 8 Hops
Number of Nodes  : 256 
Routing : Dimension-ordered (DOR)
Traffic : Uniform Random
Message length : 32 phits
Injection Rate : 80
Transmission Time Normal  Links : 32 Cycles
Transmission Time Express Links : 32 Cycles
Batch Means Method : Yes

Please wait, Simulation has been started...

Batch N° 1 : Mean Response Time : 390.20 cycles	Mean Waiting Time : 128.51 cycles	Throughput : 1.659
Batch N° 2 : Mean Response Time : 656.81 cycles	Mean Waiting Time : 361.69 cycles	Throughput : 2.036
Batch N° 3 : Mean Response Time : 932.87 cycles	Mean Waiting Time : 631.87 cycles	Throughput : 2.109
Batch N° 4 : Mean Response Time : 1087.95 cycles	Mean Waiting Time : 791.48 cycles	Throughput : 2.155
Batch N° 5 : Mean Response Time : 1342.12 cycles	Mean Waiting Time : 1038.01 cycles	Throughput : 2.133
Batch N° 6 : Mean Response Time : 1532.14 cycles	Mean Waiting Time : 1231.26 cycles	Throughput : 2.177
Batch N° 7 : Mean Response Time : 1722.43 cycles	Mean Waiting Time : 1421.55 cycles	Throughput : 2.177
Batch N° 8 : Mean Response Time : 1940.39 cycles	Mean Waiting Time : 1641.15 cycles	Throughput : 2.210
Batch N° 9 : Mean Response Time : 2183.55 cycles	Mean Waiting Time : 1875.12 cycles	Throughput : 2.142
Batch N°10 : Mean Response Time : 2334.38 cycles	Mean Waiting Time : 2029.11 cycles	Throughput : 2.168

End Of The Simulation at T= 9600.00 cycles
Injection Rate : 80
Batch Size : 2000
Number of Batches : 10
Number of Clients Served : 20000
Overall Response Time : 1412.28 cycles
Overall Waiting  Time : 1114.97 cycles
Overall Throughput : 2.097 
Standard Deviation Response Time : 648.92499 cycles
Standard Deviation Waiting  Time : 639.64825 cycles
Standard Deviation Throughput : 0.160937 