Simulation Starting Time 2021-09-02 06:20:31
Welcome to Network-On-Chip ExpressCube Simulator 
This simulator was designed based on The Discrete Event Simulation.
It's a final year project to obtain the Master Degree
Student developer : Ziraoui Zakaria 
Supervisor: Prof. Mohamed Ould-Khaoua

Network Simulation Parameters :

Topology : 16 x 16 Express Cube with 8 Hops
Number of Nodes  : 256 
Routing : Dimension-ordered (DOR)
Traffic : Uniform Random
Message length : 32 phits
Injection Rate : 400
Transmission Time Normal  Links : 160 Cycles
Transmission Time Express Links : 160 Cycles
Batch Means Method : Yes

Please wait, Simulation has been started...

Batch N° 1 : Mean Response Time : 1919.01 cycles	Mean Waiting Time : 628.20 cycles	Throughput : 0.336
Batch N° 2 : Mean Response Time : 3351.65 cycles	Mean Waiting Time : 1870.90 cycles	Throughput : 0.397
Batch N° 3 : Mean Response Time : 4459.12 cycles	Mean Waiting Time : 2951.02 cycles	Throughput : 0.441
Batch N° 4 : Mean Response Time : 5479.19 cycles	Mean Waiting Time : 3964.94 cycles	Throughput : 0.426
Batch N° 5 : Mean Response Time : 6571.04 cycles	Mean Waiting Time : 5063.32 cycles	Throughput : 0.419
Batch N° 6 : Mean Response Time : 7721.69 cycles	Mean Waiting Time : 6213.74 cycles	Throughput : 0.433
Batch N° 7 : Mean Response Time : 8416.06 cycles	Mean Waiting Time : 6927.38 cycles	Throughput : 0.431
Batch N° 8 : Mean Response Time : 9639.62 cycles	Mean Waiting Time : 8133.82 cycles	Throughput : 0.439
Batch N° 9 : Mean Response Time : 10603.88 cycles	Mean Waiting Time : 9086.06 cycles	Throughput : 0.430
Batch N°10 : Mean Response Time : 11826.08 cycles	Mean Waiting Time : 10312.82 cycles	Throughput : 0.429

End Of The Simulation at T= 48119.54 cycles
Injection Rate : 400
Batch Size : 2000
Number of Batches : 10
Number of Clients Served : 20000
Overall Response Time : 6998.73 cycles
Overall Waiting  Time : 5515.22 cycles
Overall Throughput : 0.418 
Standard Deviation Response Time : 3229.25000 cycles
Standard Deviation Waiting  Time : 3187.71680 cycles
Standard Deviation Throughput : 0.031332 