Simulation Starting Time 2021-09-01 06:25:07
Welcome to Network-On-Chip ExpressCube Simulator 
This simulator was designed based on The Discrete Event Simulation.
It's a final year project to obtain the Master Degree
Student developer : Ziraoui Zakaria 
Supervisor: Prof. Mohamed Ould-Khaoua

Network Simulation Parameters :

Topology : 32 x 32 Express Cube with 2 Hops
Number of Nodes  : 1024 
Routing : Dimension-ordered (DOR)
Traffic : Hotspot [16][16]
Message length : 32 phits
Injection Rate : 9200
Transmission Time Normal  Links : 32 Cycles
Transmission Time Express Links : 32 Cycles
Batch Means Method : Yes

Please wait, Simulation has been started...

Batch N° 1 : Mean Response Time : 429.44 cycles	Mean Waiting Time : 46.03 cycles	Throughput : 0.213
Batch N° 2 : Mean Response Time : 369.01 cycles	Mean Waiting Time : 0.60 cycles	Throughput : 0.112
Batch N° 3 : Mean Response Time : 361.12 cycles	Mean Waiting Time : 0.74 cycles	Throughput : 0.111
Batch N° 4 : Mean Response Time : 368.97 cycles	Mean Waiting Time : 0.99 cycles	Throughput : 0.113
Batch N° 5 : Mean Response Time : 363.18 cycles	Mean Waiting Time : 0.93 cycles	Throughput : 0.112
Batch N° 6 : Mean Response Time : 357.12 cycles	Mean Waiting Time : 0.62 cycles	Throughput : 0.112
Batch N° 7 : Mean Response Time : 356.56 cycles	Mean Waiting Time : 0.57 cycles	Throughput : 0.114
Batch N° 8 : Mean Response Time : 365.68 cycles	Mean Waiting Time : 0.95 cycles	Throughput : 0.111
Batch N° 9 : Mean Response Time : 359.31 cycles	Mean Waiting Time : 0.88 cycles	Throughput : 0.112
Batch N°10 : Mean Response Time : 373.25 cycles	Mean Waiting Time : 0.81 cycles	Throughput : 0.109

End Of The Simulation at T= 170429.53 cycles
Injection Rate : 9200
Batch Size : 2000
Number of Batches : 10
Number of Clients Served : 20000
Overall Response Time : 370.36 cycles
Overall Waiting  Time : 5.31 cycles
Overall Throughput : 0.122 
Standard Deviation Response Time : 21.47018 cycles
Standard Deviation Waiting  Time : 14.30613 cycles
Standard Deviation Throughput : 0.032043 