Simulation Starting Time 2021-08-31 07:13:54
Welcome to Network-On-Chip ExpressCube Simulator 
This simulator was designed based on The Discrete Event Simulation.
It's a final year project to obtain the Master Degree
Student developer : Ziraoui Zakaria 
Supervisor: Prof. Mohamed Ould-Khaoua

Network Simulation Parameters :

Topology : 16 x 16 Express Cube with 8 Hops
Number of Nodes  : 256 
Routing : Dimension-ordered (DOR)
Traffic : Uniform Random
Message length : 32 phits
Injection Rate : 10500
Transmission Time Normal  Links : 32 Cycles
Transmission Time Express Links : 32 Cycles
Batch Means Method : Yes

Please wait, Simulation has been started...

Batch N° 1 : Mean Response Time : 273.25 cycles	Mean Waiting Time : 0.33 cycles	Throughput : 0.028
Batch N° 2 : Mean Response Time : 273.75 cycles	Mean Waiting Time : 0.04 cycles	Throughput : 0.025
Batch N° 3 : Mean Response Time : 275.20 cycles	Mean Waiting Time : 0.08 cycles	Throughput : 0.024
Batch N° 4 : Mean Response Time : 273.85 cycles	Mean Waiting Time : 0.09 cycles	Throughput : 0.024
Batch N° 5 : Mean Response Time : 271.64 cycles	Mean Waiting Time : 0.10 cycles	Throughput : 0.023
Batch N° 6 : Mean Response Time : 271.38 cycles	Mean Waiting Time : 0.05 cycles	Throughput : 0.024
Batch N° 7 : Mean Response Time : 274.93 cycles	Mean Waiting Time : 0.02 cycles	Throughput : 0.025
Batch N° 8 : Mean Response Time : 270.39 cycles	Mean Waiting Time : 0.03 cycles	Throughput : 0.024
Batch N° 9 : Mean Response Time : 272.37 cycles	Mean Waiting Time : 0.07 cycles	Throughput : 0.024
Batch N°10 : Mean Response Time : 273.30 cycles	Mean Waiting Time : 0.04 cycles	Throughput : 0.024

End Of The Simulation at T= 817707.13 cycles
Injection Rate : 10500
Batch Size : 2000
Number of Batches : 10
Number of Clients Served : 20000
Overall Response Time : 273.01 cycles
Overall Waiting  Time : 0.09 cycles
Overall Throughput : 0.025 
Standard Deviation Response Time : 1.55328 cycles
Standard Deviation Waiting  Time : 0.08861 cycles
Standard Deviation Throughput : 0.001217 