Simulation Starting Time 2021-09-01 06:34:04
Welcome to Network-On-Chip ExpressCube Simulator 
This simulator was designed based on The Discrete Event Simulation.
It's a final year project to obtain the Master Degree
Student developer : Ziraoui Zakaria 
Supervisor: Prof. Mohamed Ould-Khaoua

Network Simulation Parameters :

Topology : 32 x 32 Express Cube with 4 Hops
Number of Nodes  : 1024 
Routing : Dimension-ordered (DOR)
Traffic : Hotspot [16][16]
Message length : 32 phits
Injection Rate : 180
Transmission Time Normal  Links : 32 Cycles
Transmission Time Express Links : 32 Cycles
Batch Means Method : Yes

Please wait, Simulation has been started...

Batch N° 1 : Mean Response Time : 275.59 cycles	Mean Waiting Time : 22.27 cycles	Throughput : 3.289
Batch N° 2 : Mean Response Time : 361.95 cycles	Mean Waiting Time : 50.89 cycles	Throughput : 4.509
Batch N° 3 : Mean Response Time : 376.52 cycles	Mean Waiting Time : 65.32 cycles	Throughput : 4.470
Batch N° 4 : Mean Response Time : 409.34 cycles	Mean Waiting Time : 87.22 cycles	Throughput : 4.364
Batch N° 5 : Mean Response Time : 435.73 cycles	Mean Waiting Time : 111.25 cycles	Throughput : 4.304
Batch N° 6 : Mean Response Time : 449.84 cycles	Mean Waiting Time : 129.24 cycles	Throughput : 4.367
Batch N° 7 : Mean Response Time : 473.52 cycles	Mean Waiting Time : 152.99 cycles	Throughput : 4.720
Batch N° 8 : Mean Response Time : 477.77 cycles	Mean Waiting Time : 163.07 cycles	Throughput : 4.543
Batch N° 9 : Mean Response Time : 495.92 cycles	Mean Waiting Time : 175.94 cycles	Throughput : 4.293
Batch N°10 : Mean Response Time : 519.61 cycles	Mean Waiting Time : 203.11 cycles	Throughput : 4.327

End Of The Simulation at T= 4672.00 cycles
Injection Rate : 180
Batch Size : 2000
Number of Batches : 10
Number of Clients Served : 20000
Overall Response Time : 427.58 cycles
Overall Waiting  Time : 116.13 cycles
Overall Throughput : 4.319 
Standard Deviation Response Time : 73.54523 cycles
Standard Deviation Waiting  Time : 59.05252 cycles
Standard Deviation Throughput : 0.385128 