Simulation Starting Time 2021-08-31 06:48:11
Welcome to Network-On-Chip ExpressCube Simulator 
This simulator was designed based on The Discrete Event Simulation.
It's a final year project to obtain the Master Degree
Student developer : Ziraoui Zakaria 
Supervisor: Prof. Mohamed Ould-Khaoua

Network Simulation Parameters :

Topology : 32 x 32 Express Cube with 2 Hops
Number of Nodes  : 1024 
Routing : Dimension-ordered (DOR)
Traffic : Uniform Random
Message length : 32 phits
Injection Rate : 32000
Transmission Time Normal  Links : 32 Cycles
Transmission Time Express Links : 32 Cycles
Batch Means Method : Yes

Please wait, Simulation has been started...

Batch N° 1 : Mean Response Time : 406.62 cycles	Mean Waiting Time : 13.14 cycles	Throughput : 0.067
Batch N° 2 : Mean Response Time : 387.71 cycles	Mean Waiting Time : 0.02 cycles	Throughput : 0.033
Batch N° 3 : Mean Response Time : 376.09 cycles	Mean Waiting Time : 0.04 cycles	Throughput : 0.031
Batch N° 4 : Mean Response Time : 375.70 cycles	Mean Waiting Time : 0.01 cycles	Throughput : 0.032
Batch N° 5 : Mean Response Time : 381.80 cycles	Mean Waiting Time : 0.02 cycles	Throughput : 0.033
Batch N° 6 : Mean Response Time : 374.74 cycles	Mean Waiting Time : 0.02 cycles	Throughput : 0.033
Batch N° 7 : Mean Response Time : 376.74 cycles	Mean Waiting Time : 0.02 cycles	Throughput : 0.032
Batch N° 8 : Mean Response Time : 378.44 cycles	Mean Waiting Time : 0.01 cycles	Throughput : 0.032
Batch N° 9 : Mean Response Time : 374.26 cycles	Mean Waiting Time : 0.00 cycles	Throughput : 0.032
Batch N°10 : Mean Response Time : 370.37 cycles	Mean Waiting Time : 0.02 cycles	Throughput : 0.033

End Of The Simulation at T= 588510.94 cycles
Injection Rate : 32000
Batch Size : 2000
Number of Batches : 10
Number of Clients Served : 20000
Overall Response Time : 380.25 cycles
Overall Waiting  Time : 1.33 cycles
Overall Throughput : 0.036 
Standard Deviation Response Time : 10.38691 cycles
Standard Deviation Waiting  Time : 4.15069 cycles
Standard Deviation Throughput : 0.011142 