Simulation Starting Time 2021-08-31 06:56:25
Welcome to Network-On-Chip ExpressCube Simulator 
This simulator was designed based on The Discrete Event Simulation.
It's a final year project to obtain the Master Degree
Student developer : Ziraoui Zakaria 
Supervisor: Prof. Mohamed Ould-Khaoua

Network Simulation Parameters :

Topology : 32 x 32 Express Cube with 4 Hops
Number of Nodes  : 1024 
Routing : Dimension-ordered (DOR)
Traffic : Uniform Random
Message length : 32 phits
Injection Rate : 80
Transmission Time Normal  Links : 32 Cycles
Transmission Time Express Links : 32 Cycles
Batch Means Method : Yes

Please wait, Simulation has been started...

Batch N° 1 : Mean Response Time : 256.93 cycles	Mean Waiting Time : 31.69 cycles	Throughput : 3.906
Batch N° 2 : Mean Response Time : 401.67 cycles	Mean Waiting Time : 110.53 cycles	Throughput : 7.130
Batch N° 3 : Mean Response Time : 485.59 cycles	Mean Waiting Time : 184.55 cycles	Throughput : 7.590
Batch N° 4 : Mean Response Time : 580.84 cycles	Mean Waiting Time : 270.22 cycles	Throughput : 7.499
Batch N° 5 : Mean Response Time : 632.50 cycles	Mean Waiting Time : 323.75 cycles	Throughput : 7.212
Batch N° 6 : Mean Response Time : 707.21 cycles	Mean Waiting Time : 396.78 cycles	Throughput : 7.813
Batch N° 7 : Mean Response Time : 774.97 cycles	Mean Waiting Time : 462.67 cycles	Throughput : 7.813
Batch N° 8 : Mean Response Time : 844.21 cycles	Mean Waiting Time : 529.71 cycles	Throughput : 7.813
Batch N° 9 : Mean Response Time : 910.17 cycles	Mean Waiting Time : 593.54 cycles	Throughput : 7.813
Batch N°10 : Mean Response Time : 989.71 cycles	Mean Waiting Time : 673.44 cycles	Throughput : 8.181

End Of The Simulation at T= 2868.47 cycles
Injection Rate : 80
Batch Size : 2000
Number of Batches : 10
Number of Clients Served : 20000
Overall Response Time : 658.38 cycles
Overall Waiting  Time : 357.69 cycles
Overall Throughput : 7.277 
Standard Deviation Response Time : 232.68620 cycles
Standard Deviation Waiting  Time : 211.76785 cycles
Standard Deviation Throughput : 1.224695 