Simulation Starting Time 2021-08-31 06:54:27
Welcome to Network-On-Chip ExpressCube Simulator 
This simulator was designed based on The Discrete Event Simulation.
It's a final year project to obtain the Master Degree
Student developer : Ziraoui Zakaria 
Supervisor: Prof. Mohamed Ould-Khaoua

Network Simulation Parameters :

Topology : 32 x 32 Express Cube with 4 Hops
Number of Nodes  : 1024 
Routing : Dimension-ordered (DOR)
Traffic : Uniform Random
Message length : 32 phits
Injection Rate : 350
Transmission Time Normal  Links : 32 Cycles
Transmission Time Express Links : 32 Cycles
Batch Means Method : Yes

Please wait, Simulation has been started...

Batch N° 1 : Mean Response Time : 283.24 cycles	Mean Waiting Time : 16.89 cycles	Throughput : 2.929
Batch N° 2 : Mean Response Time : 333.70 cycles	Mean Waiting Time : 16.16 cycles	Throughput : 2.870
Batch N° 3 : Mean Response Time : 337.03 cycles	Mean Waiting Time : 15.70 cycles	Throughput : 2.891
Batch N° 4 : Mean Response Time : 336.46 cycles	Mean Waiting Time : 16.04 cycles	Throughput : 3.012
Batch N° 5 : Mean Response Time : 337.04 cycles	Mean Waiting Time : 20.61 cycles	Throughput : 2.984
Batch N° 6 : Mean Response Time : 329.59 cycles	Mean Waiting Time : 14.44 cycles	Throughput : 2.902
Batch N° 7 : Mean Response Time : 332.74 cycles	Mean Waiting Time : 14.46 cycles	Throughput : 2.969
Batch N° 8 : Mean Response Time : 328.85 cycles	Mean Waiting Time : 13.29 cycles	Throughput : 2.884
Batch N° 9 : Mean Response Time : 337.75 cycles	Mean Waiting Time : 17.68 cycles	Throughput : 2.878
Batch N°10 : Mean Response Time : 341.29 cycles	Mean Waiting Time : 15.27 cycles	Throughput : 2.922

End Of The Simulation at T= 6841.12 cycles
Injection Rate : 350
Batch Size : 2000
Number of Batches : 10
Number of Clients Served : 20000
Overall Response Time : 329.77 cycles
Overall Waiting  Time : 16.05 cycles
Overall Throughput : 2.924 
Standard Deviation Response Time : 16.79081 cycles
Standard Deviation Waiting  Time : 2.04419 cycles
Standard Deviation Throughput : 0.049133 