Simulation Starting Time 2021-09-01 06:07:37
Welcome to Network-On-Chip ExpressCube Simulator 
This simulator was designed based on The Discrete Event Simulation.
It's a final year project to obtain the Master Degree
Student developer : Ziraoui Zakaria 
Supervisor: Prof. Mohamed Ould-Khaoua

Network Simulation Parameters :

Topology : 16 x 16 Express Cube with 4 Hops
Number of Nodes  : 256 
Routing : Dimension-ordered (DOR)
Traffic : Hotspot [8][8]
Message length : 32 phits
Injection Rate : 400
Transmission Time Normal  Links : 32 Cycles
Transmission Time Express Links : 32 Cycles
Batch Means Method : Yes

Please wait, Simulation has been started...

Batch N° 1 : Mean Response Time : 272.90 cycles	Mean Waiting Time : 62.81 cycles	Throughput : 0.626
Batch N° 2 : Mean Response Time : 345.68 cycles	Mean Waiting Time : 136.74 cycles	Throughput : 0.617
Batch N° 3 : Mean Response Time : 424.59 cycles	Mean Waiting Time : 217.55 cycles	Throughput : 0.591
Batch N° 4 : Mean Response Time : 504.68 cycles	Mean Waiting Time : 296.55 cycles	Throughput : 0.612
Batch N° 5 : Mean Response Time : 562.48 cycles	Mean Waiting Time : 358.71 cycles	Throughput : 0.622
Batch N° 6 : Mean Response Time : 687.65 cycles	Mean Waiting Time : 478.79 cycles	Throughput : 0.598
Batch N° 7 : Mean Response Time : 749.47 cycles	Mean Waiting Time : 541.98 cycles	Throughput : 0.611
Batch N° 8 : Mean Response Time : 837.30 cycles	Mean Waiting Time : 626.42 cycles	Throughput : 0.600
Batch N° 9 : Mean Response Time : 927.24 cycles	Mean Waiting Time : 721.85 cycles	Throughput : 0.602
Batch N°10 : Mean Response Time : 930.71 cycles	Mean Waiting Time : 722.40 cycles	Throughput : 0.647

End Of The Simulation at T= 32671.99 cycles
Injection Rate : 400
Batch Size : 2000
Number of Batches : 10
Number of Clients Served : 20000
Overall Response Time : 624.27 cycles
Overall Waiting  Time : 416.38 cycles
Overall Throughput : 0.613 
Standard Deviation Response Time : 238.01096 cycles
Standard Deviation Waiting  Time : 238.32433 cycles
Standard Deviation Throughput : 0.016402 