Simulation Starting Time 2021-08-17 05:58:54
Welcome to Network-On-Chip ExpressCube Simulator 
This simulator was designed based on The Discrete Event Simulation.
It's a final year project to obtain the Master Degree
Student developer : Ziraoui Zakaria 
Supervisor: Prof. Mohamed Ould-Khaoua

Network Simulation Parameters :

Topology : 8 x 8 Express Cube with 2 Hops
Number of Nodes  : 64 
Routing : Dimension-ordered (DOR)
Traffic : Uniform Random
Message length : 32 phits
Injection Rate : 10500
Transmission Time Normal  Links : 32 Cycles
Transmission Time Express Links : 32 Cycles
Batch Means Method : Yes

Please wait, Simulation has been started...

Batch N° 1 : Mean Response Time : 115.84 cycles	Mean Waiting Time : 0.04 cycles	Throughput : 0.006
Batch N° 2 : Mean Response Time : 115.62 cycles	Mean Waiting Time : 0.06 cycles	Throughput : 0.006
Batch N° 3 : Mean Response Time : 115.67 cycles	Mean Waiting Time : 0.05 cycles	Throughput : 0.006
Batch N° 4 : Mean Response Time : 115.47 cycles	Mean Waiting Time : 0.04 cycles	Throughput : 0.006
Batch N° 5 : Mean Response Time : 115.82 cycles	Mean Waiting Time : 0.06 cycles	Throughput : 0.006
Batch N° 6 : Mean Response Time : 115.57 cycles	Mean Waiting Time : 0.07 cycles	Throughput : 0.006
Batch N° 7 : Mean Response Time : 115.04 cycles	Mean Waiting Time : 0.04 cycles	Throughput : 0.006
Batch N° 8 : Mean Response Time : 115.45 cycles	Mean Waiting Time : 0.06 cycles	Throughput : 0.006
Batch N° 9 : Mean Response Time : 116.18 cycles	Mean Waiting Time : 0.05 cycles	Throughput : 0.006
Batch N°10 : Mean Response Time : 116.08 cycles	Mean Waiting Time : 0.07 cycles	Throughput : 0.006
Batch N°11 : Mean Response Time : 116.05 cycles	Mean Waiting Time : 0.05 cycles	Throughput : 0.006
Batch N°12 : Mean Response Time : 115.87 cycles	Mean Waiting Time : 0.05 cycles	Throughput : 0.006
Batch N°13 : Mean Response Time : 115.19 cycles	Mean Waiting Time : 0.05 cycles	Throughput : 0.006
Batch N°14 : Mean Response Time : 115.79 cycles	Mean Waiting Time : 0.07 cycles	Throughput : 0.006
Batch N°15 : Mean Response Time : 114.98 cycles	Mean Waiting Time : 0.07 cycles	Throughput : 0.006
Batch N°16 : Mean Response Time : 116.84 cycles	Mean Waiting Time : 0.04 cycles	Throughput : 0.005
Batch N°17 : Mean Response Time : 115.71 cycles	Mean Waiting Time : 0.05 cycles	Throughput : 0.005
Batch N°18 : Mean Response Time : 115.24 cycles	Mean Waiting Time : 0.05 cycles	Throughput : 0.005
Batch N°19 : Mean Response Time : 114.84 cycles	Mean Waiting Time : 0.04 cycles	Throughput : 0.005
Batch N°20 : Mean Response Time : 115.80 cycles	Mean Waiting Time : 0.05 cycles	Throughput : 0.005
Batch N°21 : Mean Response Time : 116.18 cycles	Mean Waiting Time : 0.04 cycles	Throughput : 0.005
Batch N°22 : Mean Response Time : 114.95 cycles	Mean Waiting Time : 0.05 cycles	Throughput : 0.005
Batch N°23 : Mean Response Time : 114.29 cycles	Mean Waiting Time : 0.06 cycles	Throughput : 0.005
Batch N°24 : Mean Response Time : 116.33 cycles	Mean Waiting Time : 0.04 cycles	Throughput : 0.005
Batch N°25 : Mean Response Time : 116.73 cycles	Mean Waiting Time : 0.04 cycles	Throughput : 0.005
Batch N°26 : Mean Response Time : 115.67 cycles	Mean Waiting Time : 0.04 cycles	Throughput : 0.005
Batch N°27 : Mean Response Time : 114.56 cycles	Mean Waiting Time : 0.03 cycles	Throughput : 0.005
Batch N°28 : Mean Response Time : 114.91 cycles	Mean Waiting Time : 0.05 cycles	Throughput : 0.005
Batch N°29 : Mean Response Time : 115.29 cycles	Mean Waiting Time : 0.04 cycles	Throughput : 0.005
Batch N°30 : Mean Response Time : 115.89 cycles	Mean Waiting Time : 0.06 cycles	Throughput : 0.005
Batch N°31 : Mean Response Time : 115.43 cycles	Mean Waiting Time : 0.04 cycles	Throughput : 0.005
Batch N°32 : Mean Response Time : 115.53 cycles	Mean Waiting Time : 0.04 cycles	Throughput : 0.005
Batch N°33 : Mean Response Time : 115.54 cycles	Mean Waiting Time : 0.05 cycles	Throughput : 0.005
Batch N°34 : Mean Response Time : 115.14 cycles	Mean Waiting Time : 0.05 cycles	Throughput : 0.005
Batch N°35 : Mean Response Time : 115.62 cycles	Mean Waiting Time : 0.04 cycles	Throughput : 0.005
Batch N°36 : Mean Response Time : 115.30 cycles	Mean Waiting Time : 0.03 cycles	Throughput : 0.005

End Of The Simulation at T= 66258224.00 cycles
Injection Rate : 10500
Batch Size : 10000
Number of Batches : 36
Number of Clients Served : 360000
Overall Response Time : 115.57 cycles
Overall Waiting  Time : 0.05 cycles
Overall Throughput : 0.005 
Standard Deviation Response Time : 0.54872 cycles
Standard Deviation Waiting  Time : 0.00976 cycles
Standard Deviation Throughput : 0.000444 