Simulation Starting Time 2021-09-02 06:16:02
Welcome to Network-On-Chip ExpressCube Simulator 
This simulator was designed based on The Discrete Event Simulation.
It's a final year project to obtain the Master Degree
Student developer : Ziraoui Zakaria 
Supervisor: Prof. Mohamed Ould-Khaoua

Network Simulation Parameters :

Topology : 16 x 16 Express Cube with 2 Hops
Number of Nodes  : 256 
Routing : Dimension-ordered (DOR)
Traffic : Uniform Random
Message length : 32 phits
Injection Rate : 250
Transmission Time Normal  Links : 64 Cycles
Transmission Time Express Links : 64 Cycles
Batch Means Method : Yes

Please wait, Simulation has been started...

Batch N° 1 : Mean Response Time : 622.78 cycles	Mean Waiting Time : 174.11 cycles	Throughput : 0.761
Batch N° 2 : Mean Response Time : 926.95 cycles	Mean Waiting Time : 434.34 cycles	Throughput : 0.933
Batch N° 3 : Mean Response Time : 1175.54 cycles	Mean Waiting Time : 673.01 cycles	Throughput : 0.960
Batch N° 4 : Mean Response Time : 1282.62 cycles	Mean Waiting Time : 790.34 cycles	Throughput : 0.934
Batch N° 5 : Mean Response Time : 1454.52 cycles	Mean Waiting Time : 958.21 cycles	Throughput : 0.962
Batch N° 6 : Mean Response Time : 1480.49 cycles	Mean Waiting Time : 985.73 cycles	Throughput : 0.935
Batch N° 7 : Mean Response Time : 1602.72 cycles	Mean Waiting Time : 1100.96 cycles	Throughput : 0.947
Batch N° 8 : Mean Response Time : 1793.66 cycles	Mean Waiting Time : 1296.03 cycles	Throughput : 0.998
Batch N° 9 : Mean Response Time : 1842.68 cycles	Mean Waiting Time : 1341.05 cycles	Throughput : 0.951
Batch N°10 : Mean Response Time : 2051.67 cycles	Mean Waiting Time : 1551.10 cycles	Throughput : 0.950

End Of The Simulation at T= 21538.35 cycles
Injection Rate : 250
Batch Size : 2000
Number of Batches : 10
Number of Clients Served : 20000
Overall Response Time : 1423.36 cycles
Overall Waiting  Time : 930.49 cycles
Overall Throughput : 0.933 
Standard Deviation Response Time : 436.23318 cycles
Standard Deviation Waiting  Time : 424.84503 cycles
Standard Deviation Throughput : 0.063332 