Simulation Starting Time 2021-09-01 06:41:16
Welcome to Network-On-Chip ExpressCube Simulator 
This simulator was designed based on The Discrete Event Simulation.
It's a final year project to obtain the Master Degree
Student developer : Ziraoui Zakaria 
Supervisor: Prof. Mohamed Ould-Khaoua

Network Simulation Parameters :

Topology : 32 x 32 Express Cube with 8 Hops
Number of Nodes  : 1024 
Routing : Dimension-ordered (DOR)
Traffic : Hotspot [16][16]
Message length : 32 phits
Injection Rate : 200
Transmission Time Normal  Links : 32 Cycles
Transmission Time Express Links : 32 Cycles
Batch Means Method : Yes

Please wait, Simulation has been started...

Batch N° 1 : Mean Response Time : 318.39 cycles	Mean Waiting Time : 22.20 cycles	Throughput : 2.817
Batch N° 2 : Mean Response Time : 434.02 cycles	Mean Waiting Time : 62.53 cycles	Throughput : 3.872
Batch N° 3 : Mean Response Time : 496.30 cycles	Mean Waiting Time : 111.21 cycles	Throughput : 3.987
Batch N° 4 : Mean Response Time : 527.97 cycles	Mean Waiting Time : 143.70 cycles	Throughput : 3.991
Batch N° 5 : Mean Response Time : 554.59 cycles	Mean Waiting Time : 167.22 cycles	Throughput : 3.970
Batch N° 6 : Mean Response Time : 592.54 cycles	Mean Waiting Time : 206.64 cycles	Throughput : 4.007
Batch N° 7 : Mean Response Time : 636.68 cycles	Mean Waiting Time : 245.51 cycles	Throughput : 4.082
Batch N° 8 : Mean Response Time : 667.25 cycles	Mean Waiting Time : 280.36 cycles	Throughput : 3.983
Batch N° 9 : Mean Response Time : 703.75 cycles	Mean Waiting Time : 307.05 cycles	Throughput : 3.991
Batch N°10 : Mean Response Time : 730.66 cycles	Mean Waiting Time : 341.56 cycles	Throughput : 3.982

End Of The Simulation at T= 5227.30 cycles
Injection Rate : 200
Batch Size : 2000
Number of Batches : 10
Number of Clients Served : 20000
Overall Response Time : 566.21 cycles
Overall Waiting  Time : 188.80 cycles
Overall Throughput : 3.868 
Standard Deviation Response Time : 127.89210 cycles
Standard Deviation Waiting  Time : 106.17301 cycles
Standard Deviation Throughput : 0.372780 