Simulation Starting Time 2021-09-02 07:12:45
Welcome to Network-On-Chip ExpressCube Simulator 
This simulator was designed based on The Discrete Event Simulation.
It's a final year project to obtain the Master Degree
Student developer : Ziraoui Zakaria 
Supervisor: Prof. Mohamed Ould-Khaoua

Network Simulation Parameters :

Topology : 32 x 32 Express Cube with 8 Hops
Number of Nodes  : 1024 
Routing : Dimension-ordered (DOR)
Traffic : Uniform Random
Message length : 32 phits
Injection Rate : 50
Transmission Time Normal  Links : 160 Cycles
Transmission Time Express Links : 160 Cycles
Batch Means Method : Yes

Please wait, Simulation has been started...

Batch N° 1 : Mean Response Time : 1616.65 cycles	Mean Waiting Time : 487.43 cycles	Throughput : 0.781
Batch N° 2 : Mean Response Time : 3101.52 cycles	Mean Waiting Time : 1582.66 cycles	Throughput : 1.250
Batch N° 3 : Mean Response Time : 4391.93 cycles	Mean Waiting Time : 2776.01 cycles	Throughput : 1.389
Batch N° 4 : Mean Response Time : 5600.24 cycles	Mean Waiting Time : 3923.85 cycles	Throughput : 1.563
Batch N° 5 : Mean Response Time : 6815.52 cycles	Mean Waiting Time : 5138.06 cycles	Throughput : 1.389
Batch N° 6 : Mean Response Time : 8021.16 cycles	Mean Waiting Time : 6334.70 cycles	Throughput : 1.563
Batch N° 7 : Mean Response Time : 9203.77 cycles	Mean Waiting Time : 7509.14 cycles	Throughput : 1.389
Batch N° 8 : Mean Response Time : 10373.48 cycles	Mean Waiting Time : 8658.52 cycles	Throughput : 1.563
Batch N° 9 : Mean Response Time : 11525.32 cycles	Mean Waiting Time : 9818.52 cycles	Throughput : 1.389
Batch N°10 : Mean Response Time : 12717.53 cycles	Mean Waiting Time : 10987.46 cycles	Throughput : 1.563

End Of The Simulation at T= 15040.00 cycles
Injection Rate : 50
Batch Size : 2000
Number of Batches : 10
Number of Clients Served : 20000
Overall Response Time : 7336.71 cycles
Overall Waiting  Time : 5721.63 cycles
Overall Throughput : 1.384 
Standard Deviation Response Time : 3686.14038 cycles
Standard Deviation Waiting  Time : 3551.00806 cycles
Standard Deviation Throughput : 0.237769 