Simulation Starting Time Tue Jul 13 04:19:31 2021
Welcome to Network-On-Chip 2D Mesh Simulator 
This simulator was designed based on The Discrete Event Simulation.
It's a final year project to obtain the Master Degree
Student developer : Ziraoui Zakaria 
Supervisor: Prof. Mohamed Ould-Khaoua

Network Simulation Parameters :

Topology : 8 x 8 Mesh 
Number of Nodes  : 64 
Routing : Dimension-ordered (DOR)
Traffic : Uniform Random
Injection Rate : 200
Transmission Time : 32 ns

Please wait, Simulation has been started.

 (   0.00 ns) Msg[1] Arrives in PEQ[7][7] -> [6][3] 
 (   0.00 ns) Msg[1] Decides in PEQ[7][7] -> [6][3]X2Q 
 (   0.00 ns) Start Transmit from  PEQ[7][7] -> [6][7]X2Q 
 (   0.00 ns) Msg[2] Arrives in PEQ[7][6] -> [5][6] 
 (   0.00 ns) Msg[2] Decides in PEQ[7][6] -> [5][6]X2Q 
 (   0.00 ns) Start Transmit from  PEQ[7][6] -> [6][6]X2Q 
 (   0.00 ns) Msg[3] Arrives in PEQ[7][5] -> [0][2] 
 (   0.00 ns) Msg[3] Decides in PEQ[7][5] -> [0][2]X2Q 
 (   0.00 ns) Start Transmit from  PEQ[7][5] -> [6][5]X2Q 
 (   0.00 ns) Msg[4] Arrives in PEQ[7][4] -> [6][1] 
 (   0.00 ns) Msg[4] Decides in PEQ[7][4] -> [6][1]X2Q 
 (   0.00 ns) Start Transmit from  PEQ[7][4] -> [6][4]X2Q 
 (   0.00 ns) Msg[5] Arrives in PEQ[7][3] -> [6][5] 
 (   0.00 ns) Msg[5] Decides in PEQ[7][3] -> [6][5]X2Q 
 (   0.00 ns) Start Transmit from  PEQ[7][3] -> [6][3]X2Q 
 (   0.00 ns) Msg[6] Arrives in PEQ[7][2] -> [3][5] 
 (   0.00 ns) Msg[6] Decides in PEQ[7][2] -> [3][5]X2Q 
 (   0.00 ns) Start Transmit from  PEQ[7][2] -> [6][2]X2Q 
 (   0.00 ns) Msg[7] Arrives in PEQ[7][1] -> [2][5] 
 (   0.00 ns) Msg[7] Decides in PEQ[7][1] -> [2][5]X2Q 
 (   0.00 ns) Start Transmit from  PEQ[7][1] -> [6][1]X2Q 
 (   0.00 ns) Msg[8] Arrives in PEQ[7][0] -> [4][6] 
 (   0.00 ns) Msg[8] Decides in PEQ[7][0] -> [4][6]X2Q 
 (   0.00 ns) Start Transmit from  PEQ[7][0] -> [6][0]X2Q 
 (   0.00 ns) Msg[9] Arrives in PEQ[6][7] -> [3][6] 
 (   0.00 ns) Msg[9] Decides in PEQ[6][7] -> [3][6]X2Q 
 (   0.00 ns) Start Transmit from  PEQ[6][7] -> [5][7]X2Q 
 (   0.00 ns) Msg[10] Arrives in PEQ[6][6] -> [1][1] 
 (   0.00 ns) Msg[10] Decides in PEQ[6][6] -> [1][1]X2Q 
 (   0.00 ns) Start Transmit from  PEQ[6][6] -> [5][6]X2Q 
 (   0.00 ns) Msg[11] Arrives in PEQ[6][5] -> [3][4] 
 (   0.00 ns) Msg[11] Decides in PEQ[6][5] -> [3][4]X2Q 
 (   0.00 ns) Start Transmit from  PEQ[6][5] -> [5][5]X2Q 
 (   0.00 ns) Msg[12] Arrives in PEQ[6][4] -> [4][3] 
 (   0.00 ns) Msg[12] Decides in PEQ[6][4] -> [4][3]X2Q 
 (   0.00 ns) Start Transmit from  PEQ[6][4] -> [5][4]X2Q 
 (   0.00 ns) Msg[13] Arrives in PEQ[6][3] -> [5][1] 
 (   0.00 ns) Msg[13] Decides in PEQ[6][3] -> [5][1]X2Q 
 (   0.00 ns) Start Transmit from  PEQ[6][3] -> [5][3]X2Q 
 (   0.00 ns) Msg[14] Arrives in PEQ[6][2] -> [3][6] 
 (   0.00 ns) Msg[14] Decides in PEQ[6][2] -> [3][6]X2Q 
 (   0.00 ns) Start Transmit from  PEQ[6][2] -> [5][2]X2Q 
 (   0.00 ns) Msg[15] Arrives in PEQ[6][1] -> [2][3] 
 (   0.00 ns) Msg[15] Decides in PEQ[6][1] -> [2][3]X2Q 
 (   0.00 ns) Start Transmit from  PEQ[6][1] -> [5][1]X2Q 
 (   0.00 ns) Msg[16] Arrives in PEQ[6][0] -> [4][1] 
 (   0.00 ns) Msg[16] Decides in PEQ[6][0] -> [4][1]X2Q 
 (   0.00 ns) Start Transmit from  PEQ[6][0] -> [5][0]X2Q 
 (   0.00 ns) Msg[17] Arrives in PEQ[5][7] -> [1][1] 
 (   0.00 ns) Msg[17] Decides in PEQ[5][7] -> [1][1]X2Q 
 (   0.00 ns) Start Transmit from  PEQ[5][7] -> [4][7]X2Q 
 (   0.00 ns) Msg[18] Arrives in PEQ[5][6] -> [0][2] 
 (   0.00 ns) Msg[18] Decides in PEQ[5][6] -> [0][2]X2Q 
 (   0.00 ns) Start Transmit from  PEQ[5][6] -> [4][6]X2Q 
 (   0.00 ns) Msg[19] Arrives in PEQ[5][5] -> [3][7] 
 (   0.00 ns) Msg[19] Decides in PEQ[5][5] -> [3][7]X2Q 
 (   0.00 ns) Start Transmit from  PEQ[5][5] -> [4][5]X2Q 
 (   0.00 ns) Msg[20] Arrives in PEQ[5][4] -> [0][1] 
 (   0.00 ns) Msg[20] Decides in PEQ[5][4] -> [0][1]X2Q 
 (   0.00 ns) Start Transmit from  PEQ[5][4] -> [4][4]X2Q 
 (   0.00 ns) Msg[21] Arrives in PEQ[5][3] -> [1][5] 
 (   0.00 ns) Msg[21] Decides in PEQ[5][3] -> [1][5]X2Q 
 (   0.00 ns) Start Transmit from  PEQ[5][3] -> [4][3]X2Q 
 (   0.00 ns) Msg[22] Arrives in PEQ[5][2] -> [6][2] 
 (   0.00 ns) Msg[22] Decides in PEQ[5][2] -> [6][2]X1Q 
 (   0.00 ns) Start Transmit from  PEQ[5][2] -> [6][2]X1Q 
 (   0.00 ns) Msg[23] Arrives in PEQ[5][1] -> [7][4] 
 (   0.00 ns) Msg[23] Decides in PEQ[5][1] -> [7][4]X1Q 
 (   0.00 ns) Start Transmit from  PEQ[5][1] -> [6][1]X1Q 
 (   0.00 ns) Msg[24] Arrives in PEQ[5][0] -> [5][4] 
 (   0.00 ns) Msg[24] Decides in PEQ[5][0] -> [5][4]Y1Q 
 (   0.00 ns) Start Transmit from  PEQ[5][0] -> [5][1]Y1Q 
 (   0.00 ns) Msg[25] Arrives in PEQ[4][7] -> [2][7] 
 (   0.00 ns) Msg[25] Decides in PEQ[4][7] -> [2][7]X2Q 
 (   0.00 ns) Start Transmit from  PEQ[4][7] -> [3][7]X2Q 
 (   0.00 ns) Msg[26] Arrives in PEQ[4][6] -> [1][1] 
 (   0.00 ns) Msg[26] Decides in PEQ[4][6] -> [1][1]X2Q 
 (   0.00 ns) Start Transmit from  PEQ[4][6] -> [3][6]X2Q 
 (   0.00 ns) Msg[27] Arrives in PEQ[4][5] -> [3][4] 
 (   0.00 ns) Msg[27] Decides in PEQ[4][5] -> [3][4]X2Q 
 (   0.00 ns) Start Transmit from  PEQ[4][5] -> [3][5]X2Q 
 (   0.00 ns) Msg[28] Arrives in PEQ[4][4] -> [2][0] 
 (   0.00 ns) Msg[28] Decides in PEQ[4][4] -> [2][0]X2Q 
 (   0.00 ns) Start Transmit from  PEQ[4][4] -> [3][4]X2Q 
 (   0.00 ns) Msg[29] Arrives in PEQ[4][3] -> [5][4] 
 (   0.00 ns) Msg[29] Decides in PEQ[4][3] -> [5][4]X1Q 
 (   0.00 ns) Start Transmit from  PEQ[4][3] -> [5][3]X1Q 
 (   0.00 ns) Msg[30] Arrives in PEQ[4][2] -> [5][0] 
 (   0.00 ns) Msg[30] Decides in PEQ[4][2] -> [5][0]X1Q 
 (   0.00 ns) Start Transmit from  PEQ[4][2] -> [5][2]X1Q 
 (   0.00 ns) Msg[31] Arrives in PEQ[4][1] -> [5][3] 
 (   0.00 ns) Msg[31] Decides in PEQ[4][1] -> [5][3]X1Q 
 (   0.00 ns) Start Transmit from  PEQ[4][1] -> [5][1]X1Q 
 (   0.00 ns) Msg[32] Arrives in PEQ[4][0] -> [5][3] 
 (   0.00 ns) Msg[32] Decides in PEQ[4][0] -> [5][3]X1Q 
 (   0.00 ns) Start Transmit from  PEQ[4][0] -> [5][0]X1Q 
 (   0.00 ns) Msg[33] Arrives in PEQ[3][7] -> [4][6] 
 (   0.00 ns) Msg[33] Decides in PEQ[3][7] -> [4][6]X1Q 
 (   0.00 ns) Start Transmit from  PEQ[3][7] -> [4][7]X1Q 
 (   0.00 ns) Msg[34] Arrives in PEQ[3][6] -> [3][4] 
 (   0.00 ns) Msg[34] Decides in PEQ[3][6] -> [3][4]Y2Q 
 (   0.00 ns) Start Transmit from  PEQ[3][6] -> [3][5]Y2Q 
 (   0.00 ns) Msg[35] Arrives in PEQ[3][5] -> [6][2] 
 (   0.00 ns) Msg[35] Decides in PEQ[3][5] -> [6][2]X1Q 
 (   0.00 ns) Start Transmit from  PEQ[3][5] -> [4][5]X1Q 
 (   0.00 ns) Msg[36] Arrives in PEQ[3][4] -> [4][3] 
 (   0.00 ns) Msg[36] Decides in PEQ[3][4] -> [4][3]X1Q 
 (   0.00 ns) Start Transmit from  PEQ[3][4] -> [4][4]X1Q 
 (   0.00 ns) Msg[37] Arrives in PEQ[3][3] -> [6][6] 
 (   0.00 ns) Msg[37] Decides in PEQ[3][3] -> [6][6]X1Q 
 (   0.00 ns) Start Transmit from  PEQ[3][3] -> [4][3]X1Q 
 (   0.00 ns) Msg[38] Arrives in PEQ[3][2] -> [5][0] 
 (   0.00 ns) Msg[38] Decides in PEQ[3][2] -> [5][0]X1Q 
 (   0.00 ns) Start Transmit from  PEQ[3][2] -> [4][2]X1Q 
 (   0.00 ns) Msg[39] Arrives in PEQ[3][1] -> [2][6] 
 (   0.00 ns) Msg[39] Decides in PEQ[3][1] -> [2][6]X2Q 
 (   0.00 ns) Start Transmit from  PEQ[3][1] -> [2][1]X2Q 
 (   0.00 ns) Msg[40] Arrives in PEQ[3][0] -> [5][3] 
 (   0.00 ns) Msg[40] Decides in PEQ[3][0] -> [5][3]X1Q 
 (   0.00 ns) Start Transmit from  PEQ[3][0] -> [4][0]X1Q 
 (   0.00 ns) Msg[41] Arrives in PEQ[2][7] -> [2][5] 
 (   0.00 ns) Msg[41] Decides in PEQ[2][7] -> [2][5]Y2Q 
 (   0.00 ns) Start Transmit from  PEQ[2][7] -> [2][6]Y2Q 
 (   0.00 ns) Msg[42] Arrives in PEQ[2][6] -> [2][4] 
 (   0.00 ns) Msg[42] Decides in PEQ[2][6] -> [2][4]Y2Q 
 (   0.00 ns) Start Transmit from  PEQ[2][6] -> [2][5]Y2Q 
 (   0.00 ns) Msg[43] Arrives in PEQ[2][5] -> [7][4] 
 (   0.00 ns) Msg[43] Decides in PEQ[2][5] -> [7][4]X1Q 
 (   0.00 ns) Start Transmit from  PEQ[2][5] -> [3][5]X1Q 
 (   0.00 ns) Msg[44] Arrives in PEQ[2][4] -> [5][4] 
 (   0.00 ns) Msg[44] Decides in PEQ[2][4] -> [5][4]X1Q 
 (   0.00 ns) Start Transmit from  PEQ[2][4] -> [3][4]X1Q 
 (   0.00 ns) Msg[45] Arrives in PEQ[2][3] -> [3][2] 
 (   0.00 ns) Msg[45] Decides in PEQ[2][3] -> [3][2]X1Q 
 (   0.00 ns) Start Transmit from  PEQ[2][3] -> [3][3]X1Q 
 (   0.00 ns) Msg[46] Arrives in PEQ[2][2] -> [3][1] 
 (   0.00 ns) Msg[46] Decides in PEQ[2][2] -> [3][1]X1Q 
 (   0.00 ns) Start Transmit from  PEQ[2][2] -> [3][2]X1Q 
 (   0.00 ns) Msg[47] Arrives in PEQ[2][1] -> [1][1] 
 (   0.00 ns) Msg[47] Decides in PEQ[2][1] -> [1][1]X2Q 
 (   0.00 ns) Start Transmit from  PEQ[2][1] -> [1][1]X2Q 
 (   0.00 ns) Msg[48] Arrives in PEQ[2][0] -> [5][7] 
 (   0.00 ns) Msg[48] Decides in PEQ[2][0] -> [5][7]X1Q 
 (   0.00 ns) Start Transmit from  PEQ[2][0] -> [3][0]X1Q 
 (   0.00 ns) Msg[49] Arrives in PEQ[1][7] -> [2][2] 
 (   0.00 ns) Msg[49] Decides in PEQ[1][7] -> [2][2]X1Q 
 (   0.00 ns) Start Transmit from  PEQ[1][7] -> [2][7]X1Q 
 (   0.00 ns) Msg[50] Arrives in PEQ[1][6] -> [7][2] 
 (   0.00 ns) Msg[50] Decides in PEQ[1][6] -> [7][2]X1Q 
 (   0.00 ns) Start Transmit from  PEQ[1][6] -> [2][6]X1Q 
 (   0.00 ns) Msg[51] Arrives in PEQ[1][5] -> [5][1] 
 (   0.00 ns) Msg[51] Decides in PEQ[1][5] -> [5][1]X1Q 
 (   0.00 ns) Start Transmit from  PEQ[1][5] -> [2][5]X1Q 
 (   0.00 ns) Msg[52] Arrives in PEQ[1][4] -> [0][3] 
 (   0.00 ns) Msg[52] Decides in PEQ[1][4] -> [0][3]X2Q 
 (   0.00 ns) Start Transmit from  PEQ[1][4] -> [0][4]X2Q 
 (   0.00 ns) Msg[53] Arrives in PEQ[1][3] -> [2][6] 
 (   0.00 ns) Msg[53] Decides in PEQ[1][3] -> [2][6]X1Q 
 (   0.00 ns) Start Transmit from  PEQ[1][3] -> [2][3]X1Q 
 (   0.00 ns) Msg[54] Arrives in PEQ[1][2] -> [0][3] 
 (   0.00 ns) Msg[54] Decides in PEQ[1][2] -> [0][3]X2Q 
 (   0.00 ns) Start Transmit from  PEQ[1][2] -> [0][2]X2Q 
 (   0.00 ns) Msg[55] Arrives in PEQ[1][1] -> [4][7] 
 (   0.00 ns) Msg[55] Decides in PEQ[1][1] -> [4][7]X1Q 
 (   0.00 ns) Start Transmit from  PEQ[1][1] -> [2][1]X1Q 
 (   0.00 ns) Msg[56] Arrives in PEQ[1][0] -> [6][7] 
 (   0.00 ns) Msg[56] Decides in PEQ[1][0] -> [6][7]X1Q 
 (   0.00 ns) Start Transmit from  PEQ[1][0] -> [2][0]X1Q 
 (   0.00 ns) Msg[57] Arrives in PEQ[0][7] -> [1][4] 
 (   0.00 ns) Msg[57] Decides in PEQ[0][7] -> [1][4]X1Q 
 (   0.00 ns) Start Transmit from  PEQ[0][7] -> [1][7]X1Q 
 (   0.00 ns) Msg[58] Arrives in PEQ[0][6] -> [1][4] 
 (   0.00 ns) Msg[58] Decides in PEQ[0][6] -> [1][4]X1Q 
 (   0.00 ns) Start Transmit from  PEQ[0][6] -> [1][6]X1Q 
 (   0.00 ns) Msg[59] Arrives in PEQ[0][5] -> [2][4] 
 (   0.00 ns) Msg[59] Decides in PEQ[0][5] -> [2][4]X1Q 
 (   0.00 ns) Start Transmit from  PEQ[0][5] -> [1][5]X1Q 
 (   0.00 ns) Msg[60] Arrives in PEQ[0][4] -> [2][0] 
 (   0.00 ns) Msg[60] Decides in PEQ[0][4] -> [2][0]X1Q 
 (   0.00 ns) Start Transmit from  PEQ[0][4] -> [1][4]X1Q 
 (   0.00 ns) Msg[61] Arrives in PEQ[0][3] -> [4][6] 
 (   0.00 ns) Msg[61] Decides in PEQ[0][3] -> [4][6]X1Q 
 (   0.00 ns) Start Transmit from  PEQ[0][3] -> [1][3]X1Q 
 (   0.00 ns) Msg[62] Arrives in PEQ[0][2] -> [5][5] 
 (   0.00 ns) Msg[62] Decides in PEQ[0][2] -> [5][5]X1Q 
 (   0.00 ns) Start Transmit from  PEQ[0][2] -> [1][2]X1Q 
 (   0.00 ns) Msg[63] Arrives in PEQ[0][1] -> [1][1] 
 (   0.00 ns) Msg[63] Decides in PEQ[0][1] -> [1][1]X1Q 
 (   0.00 ns) Start Transmit from  PEQ[0][1] -> [1][1]X1Q 
 (   0.00 ns) Msg[64] Arrives in PEQ[0][0] -> [2][3] 
 (   0.00 ns) Msg[64] Decides in PEQ[0][0] -> [2][3]X1Q 
 (   0.00 ns) Start Transmit from  PEQ[0][0] -> [1][0]X1Q 
 (   0.38 ns) Msg[65] Arrives in PEQ[6][5] -> [6][4] 
 (   0.38 ns) Msg[65] Not Head Of Queue in PEQ[6][5] -> [6][4] 
 (   1.15 ns) Msg[66] Arrives in PEQ[4][1] -> [6][1] 
 (   1.15 ns) Msg[66] Not Head Of Queue in PEQ[4][1] -> [6][1] 
 (   4.39 ns) Msg[67] Arrives in PEQ[6][4] -> [5][6] 
 (   4.39 ns) Msg[67] Not Head Of Queue in PEQ[6][4] -> [5][6] 
 (   5.63 ns) Msg[68] Arrives in PEQ[2][0] -> [6][4] 
 (   5.63 ns) Msg[68] Not Head Of Queue in PEQ[2][0] -> [6][4] 
 (   5.75 ns) Msg[69] Arrives in PEQ[7][4] -> [2][2] 
 (   5.75 ns) Msg[69] Not Head Of Queue in PEQ[7][4] -> [2][2] 
 (   8.92 ns) Msg[70] Arrives in PEQ[5][5] -> [1][4] 
 (   8.92 ns) Msg[70] Not Head Of Queue in PEQ[5][5] -> [1][4] 
 (  17.01 ns) Msg[71] Arrives in PEQ[5][3] -> [0][3] 
 (  17.01 ns) Msg[71] Not Head Of Queue in PEQ[5][3] -> [0][3] 
 (  19.30 ns) Msg[72] Arrives in PEQ[2][5] -> [7][2] 
 (  19.30 ns) Msg[72] Not Head Of Queue in PEQ[2][5] -> [7][2] 
 (  23.89 ns) Msg[73] Arrives in PEQ[2][7] -> [5][1] 
 (  23.89 ns) Msg[73] Not Head Of Queue in PEQ[2][7] -> [5][1] 
 (  28.11 ns) Msg[74] Arrives in PEQ[2][2] -> [6][3] 
 (  28.11 ns) Msg[74] Not Head Of Queue in PEQ[2][2] -> [6][3] 
 (  28.66 ns) Msg[75] Arrives in PEQ[5][1] -> [4][5] 
 (  28.66 ns) Msg[75] Not Head Of Queue in PEQ[5][1] -> [4][5] 
 (  29.31 ns) Msg[76] Arrives in PEQ[1][1] -> [4][2] 
 (  29.31 ns) Msg[76] Not Head Of Queue in PEQ[1][1] -> [4][2] 
 (  32.00 ns) Msg[1] Ends Trans PEQ[6][7] -> [6][3]X2Q
 (  32.00 ns) Msg[1] Decides in X2Q[6][7] -> [6][3]Y2Q 
 (  32.00 ns) Start Transmit from  X2Q[6][7] -> [6][6]Y2Q 
 (  32.00 ns) Msg[2] Ends Trans PEQ[6][6] -> [5][6]X2Q
 (  32.00 ns) Msg[2] Decides in X2Q[6][6] -> [5][6]Q 
 (  32.00 ns) Msg[3] Ends Trans PEQ[6][5] -> [0][2]X2Q
 (  32.00 ns) Msg[3] Decides in X2Q[6][5] -> [0][2]Q 
 (  32.00 ns) Msg[4] Ends Trans PEQ[6][4] -> [6][1]X2Q
 (  32.00 ns) Msg[69] Decides in PEQ[7][4] -> [2][2]X2Q 
 (  32.00 ns) Start Transmit from  PEQ[7][4] -> [6][4]X2Q 
 (  32.00 ns) Msg[4] Decides in X2Q[6][4] -> [6][1]Y2Q 
 (  32.00 ns) Start Transmit from  X2Q[6][4] -> [6][3]Y2Q 
 (  32.00 ns) Msg[5] Ends Trans PEQ[6][3] -> [6][5]X2Q
 (  32.00 ns) Msg[5] Decides in X2Q[6][3] -> [6][5]Y1Q 
 (  32.00 ns) Start Transmit from  X2Q[6][3] -> [6][4]Y1Q 
 (  32.00 ns) Msg[6] Ends Trans PEQ[6][2] -> [3][5]X2Q
 (  32.00 ns) Msg[6] Decides in X2Q[6][2] -> [3][5]Q 
 (  32.00 ns) Msg[7] Ends Trans PEQ[6][1] -> [2][5]X2Q
 (  32.00 ns) Msg[7] Decides in X2Q[6][1] -> [2][5]Q 
 (  32.00 ns) Msg[8] Ends Trans PEQ[6][0] -> [4][6]X2Q
 (  32.00 ns) Msg[8] Decides in X2Q[6][0] -> [4][6]Q 
 (  32.00 ns) Msg[9] Ends Trans PEQ[5][7] -> [3][6]X2Q
 (  32.00 ns) Msg[9] Decides in X2Q[5][7] -> [3][6]Q 
 (  32.00 ns) Msg[10] Ends Trans PEQ[5][6] -> [1][1]X2Q
 (  32.00 ns) Start Transmit from  X2Q[6][6] -> [5][6]X2Q 
 (  32.00 ns) Msg[10] Decides in X2Q[5][6] -> [1][1]Q 
 (  32.00 ns) Msg[11] Ends Trans PEQ[5][5] -> [3][4]X2Q
 (  32.00 ns) Start Transmit from  X2Q[6][5] -> [5][5]X2Q 
 (  32.00 ns) Msg[65] Decides in PEQ[6][5] -> [6][4]Y2Q 
 (  32.00 ns) Start Transmit from  PEQ[6][5] -> [6][4]Y2Q 
 (  32.00 ns) Msg[11] Decides in X2Q[5][5] -> [3][4]Q 
 (  32.00 ns) Msg[12] Ends Trans PEQ[5][4] -> [4][3]X2Q
 (  32.00 ns) Msg[67] Decides in PEQ[6][4] -> [5][6]X2Q 
 (  32.00 ns) Start Transmit from  PEQ[6][4] -> [5][4]X2Q 
 (  32.00 ns) Msg[12] Decides in X2Q[5][4] -> [4][3]Q 
 (  32.00 ns) Msg[13] Ends Trans PEQ[5][3] -> [5][1]X2Q
 (  32.00 ns) Msg[13] Decides in X2Q[5][3] -> [5][1]Y2Q 
 (  32.00 ns) Start Transmit from  X2Q[5][3] -> [5][2]Y2Q 
 (  32.00 ns) Msg[14] Ends Trans PEQ[5][2] -> [3][6]X2Q
 (  32.00 ns) Start Transmit from  X2Q[6][2] -> [5][2]X2Q 
 (  32.00 ns) Msg[14] Decides in X2Q[5][2] -> [3][6]X2Q 
 (  32.00 ns) Start Transmit from  X2Q[5][2] -> [4][2]X2Q 
 (  32.00 ns) Msg[15] Ends Trans PEQ[5][1] -> [2][3]X2Q
 (  32.00 ns) Start Transmit from  X2Q[6][1] -> [5][1]X2Q 
 (  32.00 ns) Msg[15] Decides in X2Q[5][1] -> [2][3]X2Q 
 (  32.00 ns) Start Transmit from  X2Q[5][1] -> [4][1]X2Q 
 (  32.00 ns) Msg[16] Ends Trans PEQ[5][0] -> [4][1]X2Q
 (  32.00 ns) Start Transmit from  X2Q[6][0] -> [5][0]X2Q 
 (  32.00 ns) Msg[16] Decides in X2Q[5][0] -> [4][1]X2Q 
 (  32.00 ns) Start Transmit from  X2Q[5][0] -> [4][0]X2Q 
 (  32.00 ns) Msg[17] Ends Trans PEQ[4][7] -> [1][1]X2Q
 (  32.00 ns) Start Transmit from  X2Q[5][7] -> [4][7]X2Q 
 (  32.00 ns) Msg[17] Decides in X2Q[4][7] -> [1][1]Q 
 (  32.00 ns) Msg[18] Ends Trans PEQ[4][6] -> [0][2]X2Q
 (  32.00 ns) Start Transmit from  X2Q[5][6] -> [4][6]X2Q 
 (  32.00 ns) Msg[18] Decides in X2Q[4][6] -> [0][2]Q 
 (  32.00 ns) Msg[19] Ends Trans PEQ[4][5] -> [3][7]X2Q
 (  32.00 ns) Start Transmit from  X2Q[5][5] -> [4][5]X2Q 
 (  32.00 ns) Msg[70] Decides in PEQ[5][5] -> [1][4]Q 
 (  32.00 ns) Msg[19] Decides in X2Q[4][5] -> [3][7]Q 
 (  32.00 ns) Msg[20] Ends Trans PEQ[4][4] -> [0][1]X2Q
 (  32.00 ns) Start Transmit from  X2Q[5][4] -> [4][4]X2Q 
 (  32.00 ns) Msg[20] Decides in X2Q[4][4] -> [0][1]Q 
 (  32.00 ns) Msg[21] Ends Trans PEQ[4][3] -> [1][5]X2Q
 (  32.00 ns) Msg[71] Decides in PEQ[5][3] -> [0][3]X2Q 
 (  32.00 ns) Start Transmit from  PEQ[5][3] -> [4][3]X2Q 
 (  32.00 ns) Msg[21] Decides in X2Q[4][3] -> [1][5]X2Q 
 (  32.00 ns) Start Transmit from  X2Q[4][3] -> [3][3]X2Q 
 (  32.00 ns) Msg[22] Ends Trans PEQ[6][2] -> [6][2]X1Q
 (  32.00 ns) Msg[22] Decides in X1Q[6][2] -> [6][2]PEQ 
 (  32.00 ns) Start Transmit from  X1Q[6][2] -> [6][2]PEQ 
 (  32.00 ns) Msg[23] Ends Trans PEQ[6][1] -> [7][4]X1Q
 (  32.00 ns) Msg[75] Decides in PEQ[5][1] -> [4][5]Q 
 (  32.00 ns) Msg[23] Decides in X1Q[6][1] -> [7][4]X1Q 
 (  32.00 ns) Start Transmit from  X1Q[6][1] -> [7][1]X1Q 
 (  32.00 ns) Msg[24] Ends Trans PEQ[5][1] -> [5][4]Y1Q
 (  32.00 ns) Msg[24] Decides in Y1Q[5][1] -> [5][4]Y1Q 
 (  32.00 ns) Start Transmit from  Y1Q[5][1] -> [5][2]Y1Q 
 (  32.00 ns) Msg[25] Ends Trans PEQ[3][7] -> [2][7]X2Q
 (  32.00 ns) Start Transmit from  X2Q[4][7] -> [3][7]X2Q 
 (  32.00 ns) Msg[25] Decides in X2Q[3][7] -> [2][7]X2Q 
 (  32.00 ns) Start Transmit from  X2Q[3][7] -> [2][7]X2Q 
 (  32.00 ns) Msg[26] Ends Trans PEQ[3][6] -> [1][1]X2Q
 (  32.00 ns) Start Transmit from  X2Q[4][6] -> [3][6]X2Q 
 (  32.00 ns) Msg[26] Decides in X2Q[3][6] -> [1][1]X2Q 
 (  32.00 ns) Start Transmit from  X2Q[3][6] -> [2][6]X2Q 
 (  32.00 ns) Msg[27] Ends Trans PEQ[3][5] -> [3][4]X2Q
 (  32.00 ns) Start Transmit from  X2Q[4][5] -> [3][5]X2Q 
 (  32.00 ns) Msg[27] Decides in X2Q[3][5] -> [3][4]Y2Q 
 (  32.00 ns) Start Transmit from  X2Q[3][5] -> [3][4]Y2Q 
 (  32.00 ns) Msg[28] Ends Trans PEQ[3][4] -> [2][0]X2Q
 (  32.00 ns) Start Transmit from  X2Q[4][4] -> [3][4]X2Q 
 (  32.00 ns) Msg[28] Decides in X2Q[3][4] -> [2][0]X2Q 
 (  32.00 ns) Start Transmit from  X2Q[3][4] -> [2][4]X2Q 
 (  32.00 ns) Msg[29] Ends Trans PEQ[5][3] -> [5][4]X1Q
 (  32.00 ns) Msg[29] Decides in X1Q[5][3] -> [5][4]Y1Q 
 (  32.00 ns) Start Transmit from  X1Q[5][3] -> [5][4]Y1Q 
 (  32.00 ns) Msg[30] Ends Trans PEQ[5][2] -> [5][0]X1Q
 (  32.00 ns) Msg[30] Decides in X1Q[5][2] -> [5][0]Y2Q 
 (  32.00 ns) Start Transmit from  X1Q[5][2] -> [5][1]Y2Q 
 (  32.00 ns) Msg[31] Ends Trans PEQ[5][1] -> [5][3]X1Q
 (  32.00 ns) Msg[66] Decides in PEQ[4][1] -> [6][1]X1Q 
 (  32.00 ns) Start Transmit from  PEQ[4][1] -> [5][1]X1Q 
 (  32.00 ns) Msg[31] Decides in X1Q[5][1] -> [5][3]Q 
 (  32.00 ns) Msg[32] Ends Trans PEQ[5][0] -> [5][3]X1Q
 (  32.00 ns) Msg[32] Decides in X1Q[5][0] -> [5][3]Y1Q 
 (  32.00 ns) Start Transmit from  X1Q[5][0] -> [5][1]Y1Q 
 (  32.00 ns) Msg[33] Ends Trans PEQ[4][7] -> [4][6]X1Q
 (  32.00 ns) Msg[33] Decides in X1Q[4][7] -> [4][6]Y2Q 
 (  32.00 ns) Start Transmit from  X1Q[4][7] -> [4][6]Y2Q 
 (  32.00 ns) Msg[34] Ends Trans PEQ[3][5] -> [3][4]Y2Q
 (  32.00 ns) Msg[34] Decides in Y2Q[3][5] -> [3][4]Q 
 (  32.00 ns) Msg[35] Ends Trans PEQ[4][5] -> [6][2]X1Q
 (  32.00 ns) Msg[35] Decides in X1Q[4][5] -> [6][2]X1Q 
 (  32.00 ns) Start Transmit from  X1Q[4][5] -> [5][5]X1Q 
 (  32.00 ns) Msg[36] Ends Trans PEQ[4][4] -> [4][3]X1Q
 (  32.00 ns) Msg[36] Decides in X1Q[4][4] -> [4][3]Y2Q 
 (  32.00 ns) Start Transmit from  X1Q[4][4] -> [4][3]Y2Q 
 (  32.00 ns) Msg[37] Ends Trans PEQ[4][3] -> [6][6]X1Q
 (  32.00 ns) Msg[37] Decides in X1Q[4][3] -> [6][6]X1Q 
 (  32.00 ns) Start Transmit from  X1Q[4][3] -> [5][3]X1Q 
 (  32.00 ns) Msg[38] Ends Trans PEQ[4][2] -> [5][0]X1Q
 (  32.00 ns) Msg[38] Decides in X1Q[4][2] -> [5][0]X1Q 
 (  32.00 ns) Start Transmit from  X1Q[4][2] -> [5][2]X1Q 
 (  32.00 ns) Msg[39] Ends Trans PEQ[2][1] -> [2][6]X2Q
 (  32.00 ns) Msg[39] Decides in X2Q[2][1] -> [2][6]Y1Q 
 (  32.00 ns) Start Transmit from  X2Q[2][1] -> [2][2]Y1Q 
 (  32.00 ns) Msg[40] Ends Trans PEQ[4][0] -> [5][3]X1Q
 (  32.00 ns) Msg[40] Decides in X1Q[4][0] -> [5][3]X1Q 
 (  32.00 ns) Start Transmit from  X1Q[4][0] -> [5][0]X1Q 
 (  32.00 ns) Msg[41] Ends Trans PEQ[2][6] -> [2][5]Y2Q
 (  32.00 ns) Msg[73] Decides in PEQ[2][7] -> [5][1]X1Q 
 (  32.00 ns) Start Transmit from  PEQ[2][7] -> [3][7]X1Q 
 (  32.00 ns) Msg[41] Decides in Y2Q[2][6] -> [2][5]Q 
 (  32.00 ns) Msg[42] Ends Trans PEQ[2][5] -> [2][4]Y2Q
 (  32.00 ns) Start Transmit from  Y2Q[2][6] -> [2][5]Y2Q 
 (  32.00 ns) Msg[42] Decides in Y2Q[2][5] -> [2][4]Y2Q 
 (  32.00 ns) Start Transmit from  Y2Q[2][5] -> [2][4]Y2Q 
 (  32.00 ns) Msg[43] Ends Trans PEQ[3][5] -> [7][4]X1Q
 (  32.00 ns) Msg[72] Decides in PEQ[2][5] -> [7][2]X1Q 
 (  32.00 ns) Start Transmit from  PEQ[2][5] -> [3][5]X1Q 
 (  32.00 ns) Msg[43] Decides in X1Q[3][5] -> [7][4]X1Q 
 (  32.00 ns) Start Transmit from  X1Q[3][5] -> [4][5]X1Q 
 (  32.00 ns) Msg[44] Ends Trans PEQ[3][4] -> [5][4]X1Q
 (  32.00 ns) Msg[44] Decides in X1Q[3][4] -> [5][4]X1Q 
 (  32.00 ns) Start Transmit from  X1Q[3][4] -> [4][4]X1Q 
 (  32.00 ns) Msg[45] Ends Trans PEQ[3][3] -> [3][2]X1Q
 (  32.00 ns) Msg[45] Decides in X1Q[3][3] -> [3][2]Y2Q 
 (  32.00 ns) Start Transmit from  X1Q[3][3] -> [3][2]Y2Q 
 (  32.00 ns) Msg[46] Ends Trans PEQ[3][2] -> [3][1]X1Q
 (  32.00 ns) Msg[74] Decides in PEQ[2][2] -> [6][3]X1Q 
 (  32.00 ns) Start Transmit from  PEQ[2][2] -> [3][2]X1Q 
 (  32.00 ns) Msg[46] Decides in X1Q[3][2] -> [3][1]Y2Q 
 (  32.00 ns) Start Transmit from  X1Q[3][2] -> [3][1]Y2Q 
 (  32.00 ns) Msg[47] Ends Trans PEQ[1][1] -> [1][1]X2Q
 (  32.00 ns) Msg[47] Decides in X2Q[1][1] -> [1][1]PEQ 
 (  32.00 ns) Start Transmit from  X2Q[1][1] -> [1][1]PEQ 
 (  32.00 ns) Msg[48] Ends Trans PEQ[3][0] -> [5][7]X1Q
 (  32.00 ns) Msg[68] Decides in PEQ[2][0] -> [6][4]X1Q 
 (  32.00 ns) Start Transmit from  PEQ[2][0] -> [3][0]X1Q 
 (  32.00 ns) Msg[48] Decides in X1Q[3][0] -> [5][7]X1Q 
 (  32.00 ns) Start Transmit from  X1Q[3][0] -> [4][0]X1Q 
 (  32.00 ns) Msg[49] Ends Trans PEQ[2][7] -> [2][2]X1Q
 (  32.00 ns) Msg[49] Decides in X1Q[2][7] -> [2][2]Y2Q 
 (  32.00 ns) Start Transmit from  X1Q[2][7] -> [2][6]Y2Q 
 (  32.00 ns) Msg[50] Ends Trans PEQ[2][6] -> [7][2]X1Q
 (  32.00 ns) Msg[50] Decides in X1Q[2][6] -> [7][2]X1Q 
 (  32.00 ns) Start Transmit from  X1Q[2][6] -> [3][6]X1Q 
 (  32.00 ns) Msg[51] Ends Trans PEQ[2][5] -> [5][1]X1Q
 (  32.00 ns) Msg[51] Decides in X1Q[2][5] -> [5][1]Q 
 (  32.00 ns) Msg[52] Ends Trans PEQ[0][4] -> [0][3]X2Q
 (  32.00 ns) Msg[52] Decides in X2Q[0][4] -> [0][3]Y2Q 
 (  32.00 ns) Start Transmit from  X2Q[0][4] -> [0][3]Y2Q 
 (  32.00 ns) Msg[53] Ends Trans PEQ[2][3] -> [2][6]X1Q
 (  32.00 ns) Msg[53] Decides in X1Q[2][3] -> [2][6]Y1Q 
 (  32.00 ns) Start Transmit from  X1Q[2][3] -> [2][4]Y1Q 
 (  32.00 ns) Msg[54] Ends Trans PEQ[0][2] -> [0][3]X2Q
 (  32.00 ns) Msg[54] Decides in X2Q[0][2] -> [0][3]Y1Q 
 (  32.00 ns) Start Transmit from  X2Q[0][2] -> [0][3]Y1Q 
 (  32.00 ns) Msg[55] Ends Trans PEQ[2][1] -> [4][7]X1Q
 (  32.00 ns) Msg[76] Decides in PEQ[1][1] -> [4][2]X1Q 
 (  32.00 ns) Start Transmit from  PEQ[1][1] -> [2][1]X1Q 
 (  32.00 ns) Msg[55] Decides in X1Q[2][1] -> [4][7]X1Q 
 (  32.00 ns) Start Transmit from  X1Q[2][1] -> [3][1]X1Q 
 (  32.00 ns) Msg[56] Ends Trans PEQ[2][0] -> [6][7]X1Q
 (  32.00 ns) Msg[56] Decides in X1Q[2][0] -> [6][7]Q 
 (  32.00 ns) Msg[57] Ends Trans PEQ[1][7] -> [1][4]X1Q
 (  32.00 ns) Msg[57] Decides in X1Q[1][7] -> [1][4]Y2Q 
 (  32.00 ns) Start Transmit from  X1Q[1][7] -> [1][6]Y2Q 
 (  32.00 ns) Msg[58] Ends Trans PEQ[1][6] -> [1][4]X1Q
 (  32.00 ns) Msg[58] Decides in X1Q[1][6] -> [1][4]Y2Q 
 (  32.00 ns) Start Transmit from  X1Q[1][6] -> [1][5]Y2Q 
 (  32.00 ns) Msg[59] Ends Trans PEQ[1][5] -> [2][4]X1Q
 (  32.00 ns) Msg[59] Decides in X1Q[1][5] -> [2][4]X1Q 
 (  32.00 ns) Start Transmit from  X1Q[1][5] -> [2][5]X1Q 
 (  32.00 ns) Msg[60] Ends Trans PEQ[1][4] -> [2][0]X1Q
 (  32.00 ns) Msg[60] Decides in X1Q[1][4] -> [2][0]X1Q 
 (  32.00 ns) Start Transmit from  X1Q[1][4] -> [2][4]X1Q 
 (  32.00 ns) Msg[61] Ends Trans PEQ[1][3] -> [4][6]X1Q
 (  32.00 ns) Msg[61] Decides in X1Q[1][3] -> [4][6]X1Q 
 (  32.00 ns) Start Transmit from  X1Q[1][3] -> [2][3]X1Q 
 (  32.00 ns) Msg[62] Ends Trans PEQ[1][2] -> [5][5]X1Q
 (  32.00 ns) Msg[62] Decides in X1Q[1][2] -> [5][5]X1Q 
 (  32.00 ns) Start Transmit from  X1Q[1][2] -> [2][2]X1Q 
 (  32.00 ns) Msg[63] Ends Trans PEQ[1][1] -> [1][1]X1Q
 (  32.00 ns) Msg[63] Decides in X1Q[1][1] -> [1][1]Q 
 (  32.00 ns) Msg[64] Ends Trans PEQ[1][0] -> [2][3]X1Q
 (  32.00 ns) Msg[64] Decides in X1Q[1][0] -> [2][3]X1Q 
 (  32.00 ns) Start Transmit from  X1Q[1][0] -> [2][0]X1Q 
 (  32.83 ns) Msg[77] Arrives in PEQ[2][6] -> [5][1] 
 (  32.83 ns) Msg[77] Decides in PEQ[2][6] -> [5][1]Q 
 (  35.94 ns) Msg[78] Arrives in PEQ[5][6] -> [1][1] 
 (  35.94 ns) Msg[78] Decides in PEQ[5][6] -> [1][1]Q 
 (  37.12 ns) Msg[79] Arrives in PEQ[2][3] -> [4][2] 
 (  37.12 ns) Msg[79] Decides in PEQ[2][3] -> [4][2]X1Q 
 (  37.12 ns) Start Transmit from  PEQ[2][3] -> [3][3]X1Q 
 (  39.23 ns) Msg[80] Arrives in PEQ[1][1] -> [4][7] 
 (  39.23 ns) Msg[80] Not Head Of Queue in PEQ[1][1] -> [4][7] 
 (  41.94 ns) Msg[81] Arrives in PEQ[5][4] -> [3][1] 
 (  41.94 ns) Msg[81] Decides in PEQ[5][4] -> [3][1]Q 
 (  52.63 ns) Msg[82] Arrives in PEQ[1][1] -> [1][2] 
 (  52.63 ns) Msg[82] Not Head Of Queue in PEQ[1][1] -> [1][2] 
 (  53.75 ns) Msg[83] Arrives in PEQ[3][2] -> [5][0] 
 (  53.75 ns) Msg[83] Decides in PEQ[3][2] -> [5][0]X1Q 
 (  53.75 ns) Start Transmit from  PEQ[3][2] -> [4][2]X1Q 
 (  54.82 ns) Msg[84] Arrives in PEQ[4][2] -> [5][2] 
 (  54.82 ns) Msg[84] Decides in PEQ[4][2] -> [5][2]Q 
 (  55.27 ns) Msg[85] Arrives in PEQ[2][5] -> [0][2] 
 (  55.27 ns) Msg[85] Not Head Of Queue in PEQ[2][5] -> [0][2] 
 (  56.76 ns) Msg[86] Arrives in PEQ[5][4] -> [3][3] 
 (  56.76 ns) Msg[86] Not Head Of Queue in PEQ[5][4] -> [3][3] 
 (  62.64 ns) Msg[87] Arrives in PEQ[3][4] -> [5][3] 
 (  62.64 ns) Msg[87] Decides in PEQ[3][4] -> [5][3]Q 
 (  63.83 ns) Msg[88] Arrives in PEQ[0][3] -> [5][4] 
 (  63.83 ns) Msg[88] Decides in PEQ[0][3] -> [5][4]X1Q 
 (  63.83 ns) Start Transmit from  PEQ[0][3] -> [1][3]X1Q 
 (  64.00 ns) Msg[1] Ends Trans X2Q[6][6] -> [6][3]Y2Q
 (  64.00 ns) Msg[1] Decides in Y2Q[6][6] -> [6][3]Y2Q 
 (  64.00 ns) Start Transmit from  Y2Q[6][6] -> [6][5]Y2Q 
 (  64.00 ns) Msg[69] Ends Trans PEQ[6][4] -> [2][2]X2Q
 (  64.00 ns) Msg[4] Ends Trans X2Q[6][3] -> [6][1]Y2Q
 (  64.00 ns) Msg[69] Decides in X2Q[6][4] -> [2][2]Q 
 (  64.00 ns) Msg[4] Decides in Y2Q[6][3] -> [6][1]Y2Q 
 (  64.00 ns) Start Transmit from  Y2Q[6][3] -> [6][2]Y2Q 
 (  64.00 ns) Msg[5] Ends Trans X2Q[6][4] -> [6][5]Y1Q
 (  64.00 ns) Msg[5] Decides in Y1Q[6][4] -> [6][5]Y1Q 
 (  64.00 ns) Start Transmit from  Y1Q[6][4] -> [6][5]Y1Q 
 (  64.00 ns) Msg[2] Ends Trans X2Q[5][6] -> [5][6]X2Q
 (  64.00 ns) Msg[3] Ends Trans X2Q[5][5] -> [0][2]X2Q
 (  64.00 ns) Msg[65] Ends Trans PEQ[6][4] -> [6][4]Y2Q
 (  64.00 ns) Msg[65] Decides in Y2Q[6][4] -> [6][4]PEQ 
 (  64.00 ns) Start Transmit from  Y2Q[6][4] -> [6][4]PEQ 
 (  64.00 ns) Msg[67] Ends Trans PEQ[5][4] -> [5][6]X2Q
 (  64.00 ns) Start Transmit from  X2Q[6][4] -> [5][4]X2Q 
 (  64.00 ns) Msg[13] Ends Trans X2Q[5][2] -> [5][1]Y2Q
 (  64.00 ns) Msg[13] Decides in Y2Q[5][2] -> [5][1]Q 
 (  64.00 ns) Msg[6] Ends Trans X2Q[5][2] -> [3][5]X2Q
 (  64.00 ns) Msg[14] Ends Trans X2Q[4][2] -> [3][6]X2Q
 (  64.00 ns) Msg[6] Decides in X2Q[5][2] -> [3][5]X2Q 
 (  64.00 ns) Start Transmit from  X2Q[5][2] -> [4][2]X2Q 
 (  64.00 ns) Msg[14] Decides in X2Q[4][2] -> [3][6]X2Q 
 (  64.00 ns) Start Transmit from  X2Q[4][2] -> [3][2]X2Q 
 (  64.00 ns) Msg[7] Ends Trans X2Q[5][1] -> [2][5]X2Q
 (  64.00 ns) Msg[15] Ends Trans X2Q[4][1] -> [2][3]X2Q
 (  64.00 ns) Start Transmit from  PEQ[5][1] -> [4][1]X2Q 
 (  64.00 ns) Msg[7] Decides in X2Q[5][1] -> [2][5]Q 
 (  64.00 ns) Msg[15] Decides in X2Q[4][1] -> [2][3]X2Q 
 (  64.00 ns) Start Transmit from  X2Q[4][1] -> [3][1]X2Q 
 (  64.00 ns) Msg[8] Ends Trans X2Q[5][0] -> [4][6]X2Q
 (  64.00 ns) Msg[16] Ends Trans X2Q[4][0] -> [4][1]X2Q
 (  64.00 ns) Msg[8] Decides in X2Q[5][0] -> [4][6]X2Q 
 (  64.00 ns) Start Transmit from  X2Q[5][0] -> [4][0]X2Q 
 (  64.00 ns) Msg[16] Decides in X2Q[4][0] -> [4][1]Y1Q 
 (  64.00 ns) Start Transmit from  X2Q[4][0] -> [4][1]Y1Q 
 (  64.00 ns) Msg[9] Ends Trans X2Q[4][7] -> [3][6]X2Q
 (  64.00 ns) Msg[10] Ends Trans X2Q[4][6] -> [1][1]X2Q
 (  64.00 ns) Start Transmit from  PEQ[5][6] -> [4][6]X2Q 
 (  64.00 ns) Msg[2] Decides in X2Q[5][6] -> [5][6]PEQ 
 (  64.00 ns) Start Transmit from  X2Q[5][6] -> [5][6]PEQ 
 (  64.00 ns) Msg[11] Ends Trans X2Q[4][5] -> [3][4]X2Q
 (  64.00 ns) Start Transmit from  PEQ[5][5] -> [4][5]X2Q 
 (  64.00 ns) Msg[3] Decides in X2Q[5][5] -> [0][2]Q 
 (  64.00 ns) Msg[12] Ends Trans X2Q[4][4] -> [4][3]X2Q
 (  64.00 ns) Start Transmit from  PEQ[5][4] -> [4][4]X2Q 
 (  64.00 ns) Msg[67] Decides in X2Q[5][4] -> [5][6]Y1Q 
 (  64.00 ns) Start Transmit from  X2Q[5][4] -> [5][5]Y1Q 
 (  64.00 ns) Msg[71] Ends Trans PEQ[4][3] -> [0][3]X2Q
 (  64.00 ns) Msg[21] Ends Trans X2Q[3][3] -> [1][5]X2Q
 (  64.00 ns) Msg[71] Decides in X2Q[4][3] -> [0][3]X2Q 
 (  64.00 ns) Start Transmit from  X2Q[4][3] -> [3][3]X2Q 
 (  64.00 ns) Msg[21] Decides in X2Q[3][3] -> [1][5]X2Q 
 (  64.00 ns) Start Transmit from  X2Q[3][3] -> [2][3]X2Q 
 (  64.00 ns) Msg[22] Ends Trans X1Q[6][2] -> [6][2]PEQ 
               Msg[22] Response Time : 64.00 ns   Mean Response Time : 64.00 ns
 (  64.00 ns) Msg[23] Ends Trans X1Q[7][1] -> [7][4]X1Q
 (  64.00 ns) Msg[23] Decides in X1Q[7][1] -> [7][4]Y1Q 
 (  64.00 ns) Start Transmit from  X1Q[7][1] -> [7][2]Y1Q 
 (  64.00 ns) Msg[24] Ends Trans Y1Q[5][2] -> [5][4]Y1Q
 (  64.00 ns) Start Transmit from  X1Q[5][1] -> [5][2]Y1Q 
 (  64.00 ns) Msg[24] Decides in Y1Q[5][2] -> [5][4]Y1Q 
 (  64.00 ns) Start Transmit from  Y1Q[5][2] -> [5][3]Y1Q 
 (  64.00 ns) Msg[17] Ends Trans X2Q[3][7] -> [1][1]X2Q
 (  64.00 ns) Msg[9] Decides in X2Q[4][7] -> [3][6]X2Q 
 (  64.00 ns) Start Transmit from  X2Q[4][7] -> [3][7]X2Q 
 (  64.00 ns) Msg[25] Ends Trans X2Q[2][7] -> [2][7]X2Q
 (  64.00 ns) Msg[17] Decides in X2Q[3][7] -> [1][1]X2Q 
 (  64.00 ns) Start Transmit from  X2Q[3][7] -> [2][7]X2Q 
 (  64.00 ns) Msg[25] Decides in X2Q[2][7] -> [2][7]PEQ 
 (  64.00 ns) Start Transmit from  X2Q[2][7] -> [2][7]PEQ 
 (  64.00 ns) Msg[18] Ends Trans X2Q[3][6] -> [0][2]X2Q
 (  64.00 ns) Msg[10] Decides in X2Q[4][6] -> [1][1]X2Q 
 (  64.00 ns) Start Transmit from  X2Q[4][6] -> [3][6]X2Q 
 (  64.00 ns) Msg[26] Ends Trans X2Q[2][6] -> [1][1]X2Q
 (  64.00 ns) Msg[18] Decides in X2Q[3][6] -> [0][2]X2Q 
 (  64.00 ns) Start Transmit from  X2Q[3][6] -> [2][6]X2Q 
 (  64.00 ns) Msg[26] Decides in X2Q[2][6] -> [1][1]X2Q 
 (  64.00 ns) Start Transmit from  X2Q[2][6] -> [1][6]X2Q 
 (  64.00 ns) Msg[19] Ends Trans X2Q[3][5] -> [3][7]X2Q
 (  64.00 ns) Msg[11] Decides in X2Q[4][5] -> [3][4]X2Q 
 (  64.00 ns) Start Transmit from  X2Q[4][5] -> [3][5]X2Q 
 (  64.00 ns) Msg[27] Ends Trans X2Q[3][4] -> [3][4]Y2Q
 (  64.00 ns) Start Transmit from  Y2Q[3][5] -> [3][4]Y2Q 
 (  64.00 ns) Msg[19] Decides in X2Q[3][5] -> [3][7]Y1Q 
 (  64.00 ns) Start Transmit from  X2Q[3][5] -> [3][6]Y1Q 
 (  64.00 ns) Msg[27] Decides in Y2Q[3][4] -> [3][4]PEQ 
 (  64.00 ns) Start Transmit from  Y2Q[3][4] -> [3][4]PEQ 
 (  64.00 ns) Msg[20] Ends Trans X2Q[3][4] -> [0][1]X2Q
 (  64.00 ns) Msg[12] Decides in X2Q[4][4] -> [4][3]Q 
 (  64.00 ns) Msg[28] Ends Trans X2Q[2][4] -> [2][0]X2Q
 (  64.00 ns) Msg[20] Decides in X2Q[3][4] -> [0][1]X2Q 
 (  64.00 ns) Start Transmit from  X2Q[3][4] -> [2][4]X2Q 
 (  64.00 ns) Msg[28] Decides in X2Q[2][4] -> [2][0]Y2Q 
 (  64.00 ns) Start Transmit from  X2Q[2][4] -> [2][3]Y2Q 
 (  64.00 ns) Msg[29] Ends Trans X1Q[5][4] -> [5][4]Y1Q
 (  64.00 ns) Msg[29] Decides in Y1Q[5][4] -> [5][4]PEQ 
 (  64.00 ns) Start Transmit from  Y1Q[5][4] -> [5][4]PEQ 
 (  64.00 ns) Msg[30] Ends Trans X1Q[5][1] -> [5][0]Y2Q
 (  64.00 ns) Start Transmit from  Y2Q[5][2] -> [5][1]Y2Q 
 (  64.00 ns) Msg[30] Decides in Y2Q[5][1] -> [5][0]Y2Q 
 (  64.00 ns) Start Transmit from  Y2Q[5][1] -> [5][0]Y2Q 
 (  64.00 ns) Msg[66] Ends Trans PEQ[5][1] -> [6][1]X1Q
 (  64.00 ns) Msg[32] Ends Trans X1Q[5][1] -> [5][3]Y1Q
 (  64.00 ns) Msg[32] Decides in Y1Q[5][1] -> [5][3]Q 
 (  64.00 ns) Msg[33] Ends Trans X1Q[4][6] -> [4][6]Y2Q
 (  64.00 ns) Msg[33] Decides in Y2Q[4][6] -> [4][6]PEQ 
 (  64.00 ns) Start Transmit from  Y2Q[4][6] -> [4][6]PEQ 
 (  64.00 ns) Msg[35] Ends Trans X1Q[5][5] -> [6][2]X1Q
 (  64.00 ns) Msg[35] Decides in X1Q[5][5] -> [6][2]X1Q 
 (  64.00 ns) Start Transmit from  X1Q[5][5] -> [6][5]X1Q 
 (  64.00 ns) Msg[36] Ends Trans X1Q[4][3] -> [4][3]Y2Q
 (  64.00 ns) Start Transmit from  X2Q[4][4] -> [4][3]Y2Q 
 (  64.00 ns) Msg[36] Decides in Y2Q[4][3] -> [4][3]PEQ 
 (  64.00 ns) Start Transmit from  Y2Q[4][3] -> [4][3]PEQ 
 (  64.00 ns) Msg[37] Ends Trans X1Q[5][3] -> [6][6]X1Q
 (  64.00 ns) Msg[37] Decides in X1Q[5][3] -> [6][6]X1Q 
 (  64.00 ns) Start Transmit from  X1Q[5][3] -> [6][3]X1Q 
 (  64.00 ns) Msg[38] Ends Trans X1Q[5][2] -> [5][0]X1Q
 (  64.00 ns) Start Transmit from  PEQ[4][2] -> [5][2]X1Q 
 (  64.00 ns) Msg[38] Decides in X1Q[5][2] -> [5][0]Q 
 (  64.00 ns) Msg[39] Ends Trans X2Q[2][2] -> [2][6]Y1Q
 (  64.00 ns) Msg[39] Decides in Y1Q[2][2] -> [2][6]Y1Q 
 (  64.00 ns) Start Transmit from  Y1Q[2][2] -> [2][3]Y1Q 
 (  64.00 ns) Msg[40] Ends Trans X1Q[5][0] -> [5][3]X1Q
 (  64.00 ns) Msg[40] Decides in X1Q[5][0] -> [5][3]Y1Q 
 (  64.00 ns) Start Transmit from  X1Q[5][0] -> [5][1]Y1Q 
 (  64.00 ns) Msg[73] Ends Trans PEQ[3][7] -> [5][1]X1Q
 (  64.00 ns) Msg[73] Decides in X1Q[3][7] -> [5][1]X1Q 
 (  64.00 ns) Start Transmit from  X1Q[3][7] -> [4][7]X1Q 
 (  64.00 ns) Msg[41] Ends Trans Y2Q[2][5] -> [2][5]Y2Q
 (  64.00 ns) Msg[42] Ends Trans Y2Q[2][4] -> [2][4]Y2Q
 (  64.00 ns) Msg[41] Decides in Y2Q[2][5] -> [2][5]PEQ 
 (  64.00 ns) Start Transmit from  Y2Q[2][5] -> [2][5]PEQ 
 (  64.00 ns) Msg[42] Decides in Y2Q[2][4] -> [2][4]PEQ 
 (  64.00 ns) Start Transmit from  Y2Q[2][4] -> [2][4]PEQ 
 (  64.00 ns) Msg[72] Ends Trans PEQ[3][5] -> [7][2]X1Q
 (  64.00 ns) Start Transmit from  X1Q[2][5] -> [3][5]X1Q 
 (  64.00 ns) Msg[85] Decides in PEQ[2][5] -> [0][2]X2Q 
 (  64.00 ns) Start Transmit from  PEQ[2][5] -> [1][5]X2Q 
 (  64.00 ns) Msg[43] Ends Trans X1Q[4][5] -> [7][4]X1Q
 (  64.00 ns) Msg[72] Decides in X1Q[3][5] -> [7][2]X1Q 
 (  64.00 ns) Start Transmit from  X1Q[3][5] -> [4][5]X1Q 
 (  64.00 ns) Msg[43] Decides in X1Q[4][5] -> [7][4]X1Q 
 (  64.00 ns) Start Transmit from  X1Q[4][5] -> [5][5]X1Q 
 (  64.00 ns) Msg[44] Ends Trans X1Q[4][4] -> [5][4]X1Q
 (  64.00 ns) Start Transmit from  PEQ[3][4] -> [4][4]X1Q 
 (  64.00 ns) Msg[44] Decides in X1Q[4][4] -> [5][4]X1Q 
 (  64.00 ns) Start Transmit from  X1Q[4][4] -> [5][4]X1Q 
 (  64.00 ns) Msg[45] Ends Trans X1Q[3][2] -> [3][2]Y2Q
 (  64.00 ns) Msg[45] Decides in Y2Q[3][2] -> [3][2]PEQ 
 (  64.00 ns) Start Transmit from  Y2Q[3][2] -> [3][2]PEQ 
 (  64.00 ns) Msg[74] Ends Trans PEQ[3][2] -> [6][3]X1Q
 (  64.00 ns) Msg[46] Ends Trans X1Q[3][1] -> [3][1]Y2Q
 (  64.00 ns) Msg[74] Decides in X1Q[3][2] -> [6][3]Q 
 (  64.00 ns) Msg[46] Decides in Y2Q[3][1] -> [3][1]PEQ 
 (  64.00 ns) Start Transmit from  Y2Q[3][1] -> [3][1]PEQ 
 (  64.00 ns) Msg[47] Ends Trans X2Q[1][1] -> [1][1]PEQ 
               Msg[47] Response Time : 64.00 ns   Mean Response Time : 64.00 ns
 (  64.00 ns) Start Transmit from  X1Q[1][1] -> [1][1]PEQ 
 (  64.00 ns) Msg[68] Ends Trans PEQ[3][0] -> [6][4]X1Q
 (  64.00 ns) Start Transmit from  X1Q[2][0] -> [3][0]X1Q 
 (  64.00 ns) Msg[48] Ends Trans X1Q[4][0] -> [5][7]X1Q
 (  64.00 ns) Msg[68] Decides in X1Q[3][0] -> [6][4]X1Q 
 (  64.00 ns) Start Transmit from  X1Q[3][0] -> [4][0]X1Q 
 (  64.00 ns) Msg[48] Decides in X1Q[4][0] -> [5][7]X1Q 
 (  64.00 ns) Start Transmit from  X1Q[4][0] -> [5][0]X1Q 
 (  64.00 ns) Msg[49] Ends Trans X1Q[2][6] -> [2][2]Y2Q
 (  64.00 ns) Msg[49] Decides in Y2Q[2][6] -> [2][2]Y2Q 
 (  64.00 ns) Start Transmit from  Y2Q[2][6] -> [2][5]Y2Q 
 (  64.00 ns) Msg[50] Ends Trans X1Q[3][6] -> [7][2]X1Q
 (  64.00 ns) Start Transmit from  PEQ[2][6] -> [3][6]X1Q 
 (  64.00 ns) Msg[50] Decides in X1Q[3][6] -> [7][2]X1Q 
 (  64.00 ns) Start Transmit from  X1Q[3][6] -> [4][6]X1Q 
 (  64.00 ns) Msg[52] Ends Trans X2Q[0][3] -> [0][3]Y2Q
 (  64.00 ns) Msg[52] Decides in Y2Q[0][3] -> [0][3]PEQ 
 (  64.00 ns) Start Transmit from  Y2Q[0][3] -> [0][3]PEQ 
 (  64.00 ns) Msg[53] Ends Trans X1Q[2][4] -> [2][6]Y1Q
 (  64.00 ns) Msg[53] Decides in Y1Q[2][4] -> [2][6]Y1Q 
 (  64.00 ns) Start Transmit from  Y1Q[2][4] -> [2][5]Y1Q 
 (  64.00 ns) Msg[54] Ends Trans X2Q[0][3] -> [0][3]Y1Q
 (  64.00 ns) Msg[54] Decides in Y1Q[0][3] -> [0][3]Q 
 (  64.00 ns) Msg[76] Ends Trans PEQ[2][1] -> [4][2]X1Q
 (  64.00 ns) Msg[80] Decides in PEQ[1][1] -> [4][7]X1Q 
 (  64.00 ns) Start Transmit from  PEQ[1][1] -> [2][1]X1Q 
 (  64.00 ns) Msg[55] Ends Trans X1Q[3][1] -> [4][7]X1Q
 (  64.00 ns) Msg[76] Decides in X1Q[2][1] -> [4][2]X1Q 
 (  64.00 ns) Start Transmit from  X1Q[2][1] -> [3][1]X1Q 
 (  64.00 ns) Msg[55] Decides in X1Q[3][1] -> [4][7]X1Q 
 (  64.00 ns) Start Transmit from  X1Q[3][1] -> [4][1]X1Q 
 (  64.00 ns) Msg[57] Ends Trans X1Q[1][6] -> [1][4]Y2Q
 (  64.00 ns) Msg[57] Decides in Y2Q[1][6] -> [1][4]Q 
 (  64.00 ns) Msg[58] Ends Trans X1Q[1][5] -> [1][4]Y2Q
 (  64.00 ns) Start Transmit from  Y2Q[1][6] -> [1][5]Y2Q 
 (  64.00 ns) Msg[58] Decides in Y2Q[1][5] -> [1][4]Y2Q 
 (  64.00 ns) Start Transmit from  Y2Q[1][5] -> [1][4]Y2Q 
 (  64.00 ns) Msg[59] Ends Trans X1Q[2][5] -> [2][4]X1Q
 (  64.00 ns) Msg[60] Ends Trans X1Q[2][4] -> [2][0]X1Q
 (  64.00 ns) Msg[60] Decides in X1Q[2][4] -> [2][0]Q 
 (  64.00 ns) Msg[61] Ends Trans X1Q[2][3] -> [4][6]X1Q
 (  64.00 ns) Msg[61] Decides in X1Q[2][3] -> [4][6]Q 
 (  64.00 ns) Msg[62] Ends Trans X1Q[2][2] -> [5][5]X1Q
 (  64.00 ns) Msg[62] Decides in X1Q[2][2] -> [5][5]X1Q 
 (  64.00 ns) Start Transmit from  X1Q[2][2] -> [3][2]X1Q 
 (  64.00 ns) Msg[64] Ends Trans X1Q[2][0] -> [2][3]X1Q
 (  69.11 ns) Msg[89] Arrives in PEQ[7][4] -> [2][7] 
 (  69.11 ns) Msg[89] Decides in PEQ[7][4] -> [2][7]X2Q 
 (  69.11 ns) Start Transmit from  PEQ[7][4] -> [6][4]X2Q 
 (  69.12 ns) Msg[79] Ends Trans PEQ[3][3] -> [4][2]X1Q
 (  69.12 ns) Start Transmit from  X1Q[2][3] -> [3][3]X1Q 
 (  69.12 ns) Msg[79] Decides in X1Q[3][3] -> [4][2]X1Q 
 (  69.12 ns) Start Transmit from  X1Q[3][3] -> [4][3]X1Q 
 (  71.57 ns) Msg[90] Arrives in PEQ[7][2] -> [6][7] 
 (  71.57 ns) Msg[90] Decides in PEQ[7][2] -> [6][7]X2Q 
 (  71.57 ns) Start Transmit from  PEQ[7][2] -> [6][2]X2Q 
 (  78.57 ns) Msg[91] Arrives in PEQ[3][6] -> [3][7] 
 (  78.57 ns) Msg[91] Decides in PEQ[3][6] -> [3][7]Y1Q 
 (  78.57 ns) Start Transmit from  PEQ[3][6] -> [3][7]Y1Q 
 (  80.19 ns) Msg[92] Arrives in PEQ[0][2] -> [7][6] 
 (  80.19 ns) Msg[92] Decides in PEQ[0][2] -> [7][6]X1Q 
 (  80.19 ns) Start Transmit from  PEQ[0][2] -> [1][2]X1Q 
 (  85.75 ns) Msg[83] Ends Trans PEQ[4][2] -> [5][0]X1Q
 (  85.75 ns) Start Transmit from  X1Q[3][2] -> [4][2]X1Q 
 (  85.75 ns) Msg[83] Decides in X1Q[4][2] -> [5][0]Q 
 (  93.16 ns) Msg[93] Arrives in PEQ[5][4] -> [1][2] 
 (  93.16 ns) Msg[93] Not Head Of Queue in PEQ[5][4] -> [1][2] 
 (  94.38 ns) Msg[94] Arrives in PEQ[5][7] -> [2][6] 
 (  94.38 ns) Msg[94] Decides in PEQ[5][7] -> [2][6]X2Q 
 (  94.38 ns) Start Transmit from  PEQ[5][7] -> [4][7]X2Q 
 (  95.83 ns) Msg[88] Ends Trans PEQ[1][3] -> [5][4]X1Q
 (  95.83 ns) Msg[88] Decides in X1Q[1][3] -> [5][4]X1Q 
 (  95.83 ns) Start Transmit from  X1Q[1][3] -> [2][3]X1Q 
 (  96.00 ns) Msg[1] Ends Trans Y2Q[6][5] -> [6][3]Y2Q
 (  96.00 ns) Msg[1] Decides in Y2Q[6][5] -> [6][3]Y2Q 
 (  96.00 ns) Start Transmit from  Y2Q[6][5] -> [6][4]Y2Q 
 (  96.00 ns) Msg[4] Ends Trans Y2Q[6][2] -> [6][1]Y2Q
 (  96.00 ns) Msg[4] Decides in Y2Q[6][2] -> [6][1]Y2Q 
 (  96.00 ns) Start Transmit from  Y2Q[6][2] -> [6][1]Y2Q 
 (  96.00 ns) Msg[5] Ends Trans Y1Q[6][5] -> [6][5]Y1Q
 (  96.00 ns) Msg[5] Decides in Y1Q[6][5] -> [6][5]PEQ 
 (  96.00 ns) Start Transmit from  Y1Q[6][5] -> [6][5]PEQ 
 (  96.00 ns) Msg[65] Ends Trans Y2Q[6][4] -> [6][4]PEQ 
               Msg[65] Response Time : 95.62 ns   Mean Response Time : 74.54 ns
 (  96.00 ns) Msg[69] Ends Trans X2Q[5][4] -> [2][2]X2Q
 (  96.00 ns) Msg[6] Ends Trans X2Q[4][2] -> [3][5]X2Q
 (  96.00 ns) Msg[14] Ends Trans X2Q[3][2] -> [3][6]X2Q
 (  96.00 ns) Msg[6] Decides in X2Q[4][2] -> [3][5]X2Q 
 (  96.00 ns) Start Transmit from  X2Q[4][2] -> [3][2]X2Q 
 (  96.00 ns) Msg[14] Decides in X2Q[3][2] -> [3][6]Y1Q 
 (  96.00 ns) Start Transmit from  X2Q[3][2] -> [3][3]Y1Q 
 (  96.00 ns) Msg[75] Ends Trans PEQ[4][1] -> [4][5]X2Q
 (  96.00 ns) Start Transmit from  X2Q[5][1] -> [4][1]X2Q 
 (  96.00 ns) Msg[15] Ends Trans X2Q[3][1] -> [2][3]X2Q
 (  96.00 ns) Msg[75] Decides in X2Q[4][1] -> [4][5]Y1Q 
 (  96.00 ns) Start Transmit from  X2Q[4][1] -> [4][2]Y1Q 
 (  96.00 ns) Msg[15] Decides in X2Q[3][1] -> [2][3]X2Q 
 (  96.00 ns) Start Transmit from  X2Q[3][1] -> [2][1]X2Q 
 (  96.00 ns) Msg[8] Ends Trans X2Q[4][0] -> [4][6]X2Q
 (  96.00 ns) Msg[16] Ends Trans X2Q[4][1] -> [4][1]Y1Q
 (  96.00 ns) Msg[8] Decides in X2Q[4][0] -> [4][6]Y1Q 
 (  96.00 ns) Start Transmit from  X2Q[4][0] -> [4][1]Y1Q 
 (  96.00 ns) Msg[16] Decides in Y1Q[4][1] -> [4][1]PEQ 
 (  96.00 ns) Start Transmit from  Y1Q[4][1] -> [4][1]PEQ 
 (  96.00 ns) Msg[78] Ends Trans PEQ[4][6] -> [1][1]X2Q
 (  96.00 ns) Msg[2] Ends Trans X2Q[5][6] -> [5][6]PEQ 
               Msg[2] Response Time : 96.00 ns   Mean Response Time : 79.90 ns
 (  96.00 ns) Msg[70] Ends Trans PEQ[4][5] -> [1][4]X2Q
 (  96.00 ns) Start Transmit from  X2Q[5][5] -> [4][5]X2Q 
 (  96.00 ns) Msg[81] Ends Trans PEQ[4][4] -> [3][1]X2Q
 (  96.00 ns) Msg[86] Decides in PEQ[5][4] -> [3][3]X2Q 
 (  96.00 ns) Start Transmit from  PEQ[5][4] -> [4][4]X2Q 
 (  96.00 ns) Msg[67] Ends Trans X2Q[5][5] -> [5][6]Y1Q
 (  96.00 ns) Msg[69] Decides in X2Q[5][4] -> [2][2]Q 
 (  96.00 ns) Msg[67] Decides in Y1Q[5][5] -> [5][6]Y1Q 
 (  96.00 ns) Start Transmit from  Y1Q[5][5] -> [5][6]Y1Q 
 (  96.00 ns) Msg[71] Ends Trans X2Q[3][3] -> [0][3]X2Q
 (  96.00 ns) Msg[21] Ends Trans X2Q[2][3] -> [1][5]X2Q
 (  96.00 ns) Msg[71] Decides in X2Q[3][3] -> [0][3]X2Q 
 (  96.00 ns) Start Transmit from  X2Q[3][3] -> [2][3]X2Q 
 (  96.00 ns) Msg[21] Decides in X2Q[2][3] -> [1][5]X2Q 
 (  96.00 ns) Start Transmit from  X2Q[2][3] -> [1][3]X2Q 
 (  96.00 ns) Msg[23] Ends Trans X1Q[7][2] -> [7][4]Y1Q
 (  96.00 ns) Msg[23] Decides in Y1Q[7][2] -> [7][4]Y1Q 
 (  96.00 ns) Start Transmit from  Y1Q[7][2] -> [7][3]Y1Q 
 (  96.00 ns) Msg[31] Ends Trans X1Q[5][2] -> [5][3]Y1Q
 (  96.00 ns) Start Transmit from  Y1Q[5][1] -> [5][2]Y1Q 
 (  96.00 ns) Msg[66] Decides in X1Q[5][1] -> [6][1]X1Q 
 (  96.00 ns) Start Transmit from  X1Q[5][1] -> [6][1]X1Q 
 (  96.00 ns) Msg[24] Ends Trans Y1Q[5][3] -> [5][4]Y1Q
 (  96.00 ns) Msg[31] Decides in Y1Q[5][2] -> [5][3]Y1Q 
 (  96.00 ns) Start Transmit from  Y1Q[5][2] -> [5][3]Y1Q 
 (  96.00 ns) Msg[24] Decides in Y1Q[5][3] -> [5][4]Y1Q 
 (  96.00 ns) Start Transmit from  Y1Q[5][3] -> [5][4]Y1Q 
 (  96.00 ns) Msg[9] Ends Trans X2Q[3][7] -> [3][6]X2Q
 (  96.00 ns) Msg[17] Ends Trans X2Q[2][7] -> [1][1]X2Q
 (  96.00 ns) Msg[9] Decides in X2Q[3][7] -> [3][6]Y2Q 
 (  96.00 ns) Start Transmit from  X2Q[3][7] -> [3][6]Y2Q 
 (  96.00 ns) Msg[25] Ends Trans X2Q[2][7] -> [2][7]PEQ 
               Msg[25] Response Time : 96.00 ns   Mean Response Time : 83.12 ns
 (  96.00 ns) Msg[17] Decides in X2Q[2][7] -> [1][1]X2Q 
 (  96.00 ns) Start Transmit from  X2Q[2][7] -> [1][7]X2Q 
 (  96.00 ns) Msg[10] Ends Trans X2Q[3][6] -> [1][1]X2Q
 (  96.00 ns) Msg[78] Decides in X2Q[4][6] -> [1][1]X2Q 
 (  96.00 ns) Start Transmit from  X2Q[4][6] -> [3][6]X2Q 
 (  96.00 ns) Msg[18] Ends Trans X2Q[2][6] -> [0][2]X2Q
 (  96.00 ns) Msg[10] Decides in X2Q[3][6] -> [1][1]X2Q 
 (  96.00 ns) Start Transmit from  X2Q[3][6] -> [2][6]X2Q 
 (  96.00 ns) Msg[26] Ends Trans X2Q[1][6] -> [1][1]X2Q
 (  96.00 ns) Msg[18] Decides in X2Q[2][6] -> [0][2]X2Q 
 (  96.00 ns) Start Transmit from  X2Q[2][6] -> [1][6]X2Q 
 (  96.00 ns) Msg[26] Decides in X2Q[1][6] -> [1][1]Q 
 (  96.00 ns) Msg[11] Ends Trans X2Q[3][5] -> [3][4]X2Q
 (  96.00 ns) Msg[70] Decides in X2Q[4][5] -> [1][4]X2Q 
 (  96.00 ns) Start Transmit from  X2Q[4][5] -> [3][5]X2Q 
 (  96.00 ns) Msg[34] Ends Trans Y2Q[3][4] -> [3][4]Y2Q
 (  96.00 ns) Msg[19] Ends Trans X2Q[3][6] -> [3][7]Y1Q
 (  96.00 ns) Msg[11] Decides in X2Q[3][5] -> [3][4]Y2Q 
 (  96.00 ns) Start Transmit from  X2Q[3][5] -> [3][4]Y2Q 
 (  96.00 ns) Msg[19] Decides in Y1Q[3][6] -> [3][7]Q 
 (  96.00 ns) Msg[27] Ends Trans Y2Q[3][4] -> [3][4]PEQ 
               Msg[27] Response Time : 96.00 ns   Mean Response Time : 85.27 ns
 (  96.00 ns) Msg[34] Decides in Y2Q[3][4] -> [3][4]PEQ 
 (  96.00 ns) Start Transmit from  Y2Q[3][4] -> [3][4]PEQ 
 (  96.00 ns) Msg[20] Ends Trans X2Q[2][4] -> [0][1]X2Q
 (  96.00 ns) Msg[28] Ends Trans X2Q[2][3] -> [2][0]Y2Q
 (  96.00 ns) Start Transmit from  X1Q[2][4] -> [2][3]Y2Q 
 (  96.00 ns) Msg[20] Decides in X2Q[2][4] -> [0][1]X2Q 
 (  96.00 ns) Start Transmit from  X2Q[2][4] -> [1][4]X2Q 
 (  96.00 ns) Msg[28] Decides in Y2Q[2][3] -> [2][0]Y2Q 
 (  96.00 ns) Start Transmit from  Y2Q[2][3] -> [2][2]Y2Q 
 (  96.00 ns) Msg[29] Ends Trans Y1Q[5][4] -> [5][4]PEQ 
               Msg[29] Response Time : 96.00 ns   Mean Response Time : 86.80 ns
 (  96.00 ns) Msg[13] Ends Trans Y2Q[5][1] -> [5][1]Y2Q
 (  96.00 ns) Start Transmit from  X1Q[5][2] -> [5][1]Y2Q 
 (  96.00 ns) Msg[30] Ends Trans Y2Q[5][0] -> [5][0]Y2Q
 (  96.00 ns) Msg[13] Decides in Y2Q[5][1] -> [5][1]PEQ 
 (  96.00 ns) Start Transmit from  Y2Q[5][1] -> [5][1]PEQ 
 (  96.00 ns) Msg[30] Decides in Y2Q[5][0] -> [5][0]PEQ 
 (  96.00 ns) Start Transmit from  Y2Q[5][0] -> [5][0]PEQ 
 (  96.00 ns) Msg[33] Ends Trans Y2Q[4][6] -> [4][6]PEQ 
               Msg[33] Response Time : 96.00 ns   Mean Response Time : 87.95 ns
 (  96.00 ns) Msg[35] Ends Trans X1Q[6][5] -> [6][2]X1Q
 (  96.00 ns) Msg[35] Decides in X1Q[6][5] -> [6][2]Q 
 (  96.00 ns) Msg[12] Ends Trans X2Q[4][3] -> [4][3]Y2Q
Queue [ (Msg[36],TAr:0.00,Dest:[4][3])(Msg[12],TAr:0.00,Dest:[4][3]) ]
 (  96.00 ns) Msg[81] Decides in X2Q[4][4] -> [3][1]X2Q 
 (  96.00 ns) Start Transmit from  X2Q[4][4] -> [3][4]X2Q 
 (  96.00 ns) Msg[36] Ends Trans Y2Q[4][3] -> [4][3]PEQ 
               Msg[36] Response Time : 96.00 ns   Mean Response Time : 88.85 ns
 (  96.00 ns) Msg[12] Decides in Y2Q[4][3] -> [4][3]PEQ 
 (  96.00 ns) Start Transmit from  Y2Q[4][3] -> [4][3]PEQ 
 (  96.00 ns) Msg[37] Ends Trans X1Q[6][3] -> [6][6]X1Q
 (  96.00 ns) Msg[37] Decides in X1Q[6][3] -> [6][6]Y1Q 
 (  96.00 ns) Start Transmit from  X1Q[6][3] -> [6][4]Y1Q 
 (  96.00 ns) Msg[84] Ends Trans PEQ[5][2] -> [5][2]X1Q
 (  96.00 ns) Start Transmit from  X1Q[4][2] -> [5][2]X1Q 
 (  96.00 ns) Msg[39] Ends Trans Y1Q[2][3] -> [2][6]Y1Q
 (  96.00 ns) Msg[39] Decides in Y1Q[2][3] -> [2][6]Y1Q 
 (  96.00 ns) Start Transmit from  Y1Q[2][3] -> [2][4]Y1Q 
 (  96.00 ns) Msg[40] Ends Trans X1Q[5][1] -> [5][3]Y1Q
 (  96.00 ns) Msg[73] Ends Trans X1Q[4][7] -> [5][1]X1Q
 (  96.00 ns) Msg[73] Decides in X1Q[4][7] -> [5][1]X1Q 
 (  96.00 ns) Start Transmit from  X1Q[4][7] -> [5][7]X1Q 
 (  96.00 ns) Msg[41] Ends Trans Y2Q[2][5] -> [2][5]PEQ 
               Msg[41] Response Time : 96.00 ns   Mean Response Time : 89.56 ns

End Of The Simulation at T= 96.00 ns
Injection Rate : 200
Number of Clients Served : 10
The Mean Response Time : 89.56 ns
Throughput : 0.104 