Simulation Starting Time 2021-08-31 07:01:49
Welcome to Network-On-Chip ExpressCube Simulator 
This simulator was designed based on The Discrete Event Simulation.
It's a final year project to obtain the Master Degree
Student developer : Ziraoui Zakaria 
Supervisor: Prof. Mohamed Ould-Khaoua

Network Simulation Parameters :

Topology : 32 x 32 Express Cube with 8 Hops
Number of Nodes  : 1024 
Routing : Dimension-ordered (DOR)
Traffic : Uniform Random
Message length : 32 phits
Injection Rate : 160
Transmission Time Normal  Links : 32 Cycles
Transmission Time Express Links : 32 Cycles
Batch Means Method : Yes

Please wait, Simulation has been started...

Batch N° 1 : Mean Response Time : 302.11 cycles	Mean Waiting Time : 22.76 cycles	Throughput : 3.289
Batch N° 2 : Mean Response Time : 413.96 cycles	Mean Waiting Time : 63.04 cycles	Throughput : 5.142
Batch N° 3 : Mean Response Time : 467.77 cycles	Mean Waiting Time : 101.68 cycles	Throughput : 5.277
Batch N° 4 : Mean Response Time : 499.54 cycles	Mean Waiting Time : 129.31 cycles	Throughput : 5.208
Batch N° 5 : Mean Response Time : 562.53 cycles	Mean Waiting Time : 179.51 cycles	Throughput : 5.647
Batch N° 6 : Mean Response Time : 577.30 cycles	Mean Waiting Time : 200.77 cycles	Throughput : 5.443
Batch N° 7 : Mean Response Time : 610.89 cycles	Mean Waiting Time : 232.08 cycles	Throughput : 5.436
Batch N° 8 : Mean Response Time : 630.82 cycles	Mean Waiting Time : 252.26 cycles	Throughput : 5.317
Batch N° 9 : Mean Response Time : 690.01 cycles	Mean Waiting Time : 307.75 cycles	Throughput : 5.583
Batch N°10 : Mean Response Time : 679.27 cycles	Mean Waiting Time : 304.88 cycles	Throughput : 5.341

End Of The Simulation at T= 3958.49 cycles
Injection Rate : 160
Batch Size : 2000
Number of Batches : 10
Number of Clients Served : 20000
Overall Response Time : 543.42 cycles
Overall Waiting  Time : 179.40 cycles
Overall Throughput : 5.168 
Standard Deviation Response Time : 123.05728 cycles
Standard Deviation Waiting  Time : 98.53624 cycles
Standard Deviation Throughput : 0.678494 