Simulation Starting Time 2021-09-01 06:05:19
Welcome to Network-On-Chip 2D Mesh Simulator 
This simulator was designed based on The Discrete Event Simulation.
It's a final year project to obtain the Master Degree
Student developer : Ziraoui Zakaria 
Supervisor: Prof. Mohamed Ould-Khaoua

Network Simulation Parameters :

Topology : 16 x 16 Mesh 
Number of Nodes  : 256 
Routing : Dimension-ordered (DOR)
Traffic : Hotspot [8][8]
Message length : 32 phits
Injection Rate : 100
Transmission Time : 32 Cycles
Batch Means Method : Yes

Please wait, Simulation has been started...

Batch N° 1 : Mean Response Time : 458.76 cycles	Mean Waiting Time : 155.46 cycles	Throughput : 1.288
Batch N° 2 : Mean Response Time : 801.89 cycles	Mean Waiting Time : 454.05 cycles	Throughput : 1.544
Batch N° 3 : Mean Response Time : 1080.52 cycles	Mean Waiting Time : 734.27 cycles	Throughput : 1.603
Batch N° 4 : Mean Response Time : 1361.42 cycles	Mean Waiting Time : 1012.71 cycles	Throughput : 1.609
Batch N° 5 : Mean Response Time : 1605.88 cycles	Mean Waiting Time : 1258.54 cycles	Throughput : 1.682
Batch N° 6 : Mean Response Time : 1832.58 cycles	Mean Waiting Time : 1482.42 cycles	Throughput : 1.623
Batch N° 7 : Mean Response Time : 2111.28 cycles	Mean Waiting Time : 1761.11 cycles	Throughput : 1.579
Batch N° 8 : Mean Response Time : 2412.82 cycles	Mean Waiting Time : 2065.09 cycles	Throughput : 1.630
Batch N° 9 : Mean Response Time : 2567.39 cycles	Mean Waiting Time : 2222.66 cycles	Throughput : 1.661
Batch N°10 : Mean Response Time : 2942.97 cycles	Mean Waiting Time : 2589.39 cycles	Throughput : 1.650

End Of The Simulation at T= 12670.19 cycles
Injection Rate : 100
Batch Size : 2000
Number of Batches : 10
Number of Clients Served : 20000
Overall Response Time : 1717.55 cycles
Overall Waiting  Time : 1373.57 cycles
Overall Throughput : 1.587 
Standard Deviation Response Time : 805.78503 cycles
Standard Deviation Waiting  Time : 797.27704 cycles
Standard Deviation Throughput : 0.112387 