Simulation Starting Time 2021-08-31 07:13:56
Welcome to Network-On-Chip ExpressCube Simulator 
This simulator was designed based on The Discrete Event Simulation.
It's a final year project to obtain the Master Degree
Student developer : Ziraoui Zakaria 
Supervisor: Prof. Mohamed Ould-Khaoua

Network Simulation Parameters :

Topology : 16 x 16 Express Cube with 8 Hops
Number of Nodes  : 256 
Routing : Dimension-ordered (DOR)
Traffic : Uniform Random
Message length : 32 phits
Injection Rate : 400
Transmission Time Normal  Links : 32 Cycles
Transmission Time Express Links : 32 Cycles
Batch Means Method : Yes

Please wait, Simulation has been started...

Batch N° 1 : Mean Response Time : 278.17 cycles	Mean Waiting Time : 6.56 cycles	Throughput : 0.665
Batch N° 2 : Mean Response Time : 288.78 cycles	Mean Waiting Time : 4.99 cycles	Throughput : 0.624
Batch N° 3 : Mean Response Time : 297.58 cycles	Mean Waiting Time : 6.07 cycles	Throughput : 0.646
Batch N° 4 : Mean Response Time : 289.54 cycles	Mean Waiting Time : 4.73 cycles	Throughput : 0.647
Batch N° 5 : Mean Response Time : 287.01 cycles	Mean Waiting Time : 5.97 cycles	Throughput : 0.642
Batch N° 6 : Mean Response Time : 292.81 cycles	Mean Waiting Time : 5.18 cycles	Throughput : 0.647
Batch N° 7 : Mean Response Time : 293.58 cycles	Mean Waiting Time : 6.10 cycles	Throughput : 0.628
Batch N° 8 : Mean Response Time : 288.60 cycles	Mean Waiting Time : 5.62 cycles	Throughput : 0.635
Batch N° 9 : Mean Response Time : 287.79 cycles	Mean Waiting Time : 4.85 cycles	Throughput : 0.634
Batch N°10 : Mean Response Time : 287.24 cycles	Mean Waiting Time : 5.44 cycles	Throughput : 0.648

End Of The Simulation at T= 31179.64 cycles
Injection Rate : 400
Batch Size : 2000
Number of Batches : 10
Number of Clients Served : 20000
Overall Response Time : 289.11 cycles
Overall Waiting  Time : 5.55 cycles
Overall Throughput : 0.642 
Standard Deviation Response Time : 5.11339 cycles
Standard Deviation Waiting  Time : 0.61552 cycles
Standard Deviation Throughput : 0.011996 