Simulation Starting Time 2021-08-31 06:50:05
Welcome to Network-On-Chip ExpressCube Simulator 
This simulator was designed based on The Discrete Event Simulation.
It's a final year project to obtain the Master Degree
Student developer : Ziraoui Zakaria 
Supervisor: Prof. Mohamed Ould-Khaoua

Network Simulation Parameters :

Topology : 32 x 32 Express Cube with 2 Hops
Number of Nodes  : 1024 
Routing : Dimension-ordered (DOR)
Traffic : Uniform Random
Message length : 32 phits
Injection Rate : 150
Transmission Time Normal  Links : 32 Cycles
Transmission Time Express Links : 32 Cycles
Batch Means Method : Yes

Please wait, Simulation has been started...

Batch N° 1 : Mean Response Time : 350.69 cycles	Mean Waiting Time : 61.38 cycles	Throughput : 2.502
Batch N° 2 : Mean Response Time : 588.66 cycles	Mean Waiting Time : 214.30 cycles	Throughput : 4.131
Batch N° 3 : Mean Response Time : 755.60 cycles	Mean Waiting Time : 366.62 cycles	Throughput : 3.933
Batch N° 4 : Mean Response Time : 906.93 cycles	Mean Waiting Time : 516.42 cycles	Throughput : 4.075
Batch N° 5 : Mean Response Time : 1036.76 cycles	Mean Waiting Time : 643.71 cycles	Throughput : 4.075
Batch N° 6 : Mean Response Time : 1191.20 cycles	Mean Waiting Time : 794.30 cycles	Throughput : 4.078
Batch N° 7 : Mean Response Time : 1291.38 cycles	Mean Waiting Time : 899.18 cycles	Throughput : 4.126
Batch N° 8 : Mean Response Time : 1445.98 cycles	Mean Waiting Time : 1054.44 cycles	Throughput : 3.968
Batch N° 9 : Mean Response Time : 1572.89 cycles	Mean Waiting Time : 1176.43 cycles	Throughput : 4.142
Batch N°10 : Mean Response Time : 1712.74 cycles	Mean Waiting Time : 1312.39 cycles	Throughput : 4.142

End Of The Simulation at T= 5218.50 cycles
Injection Rate : 150
Batch Size : 2000
Number of Batches : 10
Number of Clients Served : 20000
Overall Response Time : 1085.28 cycles
Overall Waiting  Time : 703.92 cycles
Overall Throughput : 3.917 
Standard Deviation Response Time : 440.25101 cycles
Standard Deviation Waiting  Time : 417.37241 cycles
Standard Deviation Throughput : 0.502403 