Simulation Starting Time 2021-09-04 04:17:49
Welcome to Network-On-Chip 2D Mesh Simulator 
This simulator was designed based on The Discrete Event Simulation.
It's a final year project to obtain the Master Degree
Student developer : Ziraoui Zakaria 
Supervisor: Prof. Mohamed Ould-Khaoua

Network Simulation Parameters :

Topology : 16 x 16 Mesh 
Number of Nodes  : 256 
Routing : Dimension-ordered (DOR)
Traffic : Hotspot [8][8]
Message length : 32 phits
Injection Rate : 10500
Transmission Time : 32 Cycles
Batch Means Method : Yes

Please wait, Simulation has been started...

Batch N° 1 : Mean Response Time : 310.41 cycles	Mean Waiting Time : 1.69 cycles	Throughput : 0.029
Batch N° 2 : Mean Response Time : 303.03 cycles	Mean Waiting Time : 0.17 cycles	Throughput : 0.025
Batch N° 3 : Mean Response Time : 307.08 cycles	Mean Waiting Time : 0.11 cycles	Throughput : 0.024
Batch N° 4 : Mean Response Time : 309.87 cycles	Mean Waiting Time : 0.23 cycles	Throughput : 0.025
Batch N° 5 : Mean Response Time : 310.94 cycles	Mean Waiting Time : 0.20 cycles	Throughput : 0.025
Batch N° 6 : Mean Response Time : 302.31 cycles	Mean Waiting Time : 0.20 cycles	Throughput : 0.025
Batch N° 7 : Mean Response Time : 311.37 cycles	Mean Waiting Time : 0.09 cycles	Throughput : 0.025
Batch N° 8 : Mean Response Time : 308.51 cycles	Mean Waiting Time : 0.18 cycles	Throughput : 0.024
Batch N° 9 : Mean Response Time : 306.58 cycles	Mean Waiting Time : 0.24 cycles	Throughput : 0.024
Batch N°10 : Mean Response Time : 310.05 cycles	Mean Waiting Time : 0.14 cycles	Throughput : 0.025

End Of The Simulation at T= 799093.63 cycles
Injection Rate : 10500
Batch Size : 2000
Number of Batches : 10
Number of Clients Served : 20000
Overall Response Time : 308.01 cycles
Overall Waiting  Time : 0.33 cycles
Overall Throughput : 0.025 
Standard Deviation Response Time : 3.22693 cycles
Standard Deviation Waiting  Time : 0.48152 cycles
Standard Deviation Throughput : 0.001313 