Simulation Starting Time 2021-09-04 05:10:11
Welcome to Network-On-Chip ExpressCube Simulator 
This simulator was designed based on The Discrete Event Simulation.
It's a final year project to obtain the Master Degree
Student developer : Ziraoui Zakaria 
Supervisor: Prof. Mohamed Ould-Khaoua

Network Simulation Parameters :

Topology : 32 x 32 Express Cube with 8 Hops
Number of Nodes  : 1024 
Routing : Dimension-ordered (DOR)
Traffic : Hotspot [16][16]
Message length : 32 phits
Injection Rate : 160
Transmission Time Normal  Links : 160 Cycles
Transmission Time Express Links : 160 Cycles
Batch Means Method : Yes

Please wait, Simulation has been started...

Batch N° 1 : Mean Response Time : 1484.99 cycles	Mean Waiting Time : 314.48 cycles	Throughput : 0.735
Batch N° 2 : Mean Response Time : 2621.72 cycles	Mean Waiting Time : 1065.25 cycles	Throughput : 1.250
Batch N° 3 : Mean Response Time : 3503.58 cycles	Mean Waiting Time : 1869.11 cycles	Throughput : 1.312
Batch N° 4 : Mean Response Time : 4422.83 cycles	Mean Waiting Time : 2741.20 cycles	Throughput : 1.320
Batch N° 5 : Mean Response Time : 5258.86 cycles	Mean Waiting Time : 3567.94 cycles	Throughput : 1.389
Batch N° 6 : Mean Response Time : 6153.98 cycles	Mean Waiting Time : 4457.76 cycles	Throughput : 1.250
Batch N° 7 : Mean Response Time : 7038.40 cycles	Mean Waiting Time : 5298.14 cycles	Throughput : 1.389
Batch N° 8 : Mean Response Time : 7748.46 cycles	Mean Waiting Time : 6017.00 cycles	Throughput : 1.389
Batch N° 9 : Mean Response Time : 8597.42 cycles	Mean Waiting Time : 6889.23 cycles	Throughput : 1.389
Batch N°10 : Mean Response Time : 9330.95 cycles	Mean Waiting Time : 7593.66 cycles	Throughput : 1.389

End Of The Simulation at T= 16160.00 cycles
Injection Rate : 160
Batch Size : 2000
Number of Batches : 10
Number of Clients Served : 20000
Overall Response Time : 5616.12 cycles
Overall Waiting  Time : 3981.38 cycles
Overall Throughput : 1.281 
Standard Deviation Response Time : 2616.06494 cycles
Standard Deviation Waiting  Time : 2488.40356 cycles
Standard Deviation Throughput : 0.200102 