Simulation Starting Time 2021-09-01 06:33:22
Welcome to Network-On-Chip ExpressCube Simulator 
This simulator was designed based on The Discrete Event Simulation.
It's a final year project to obtain the Master Degree
Student developer : Ziraoui Zakaria 
Supervisor: Prof. Mohamed Ould-Khaoua

Network Simulation Parameters :

Topology : 32 x 32 Express Cube with 4 Hops
Number of Nodes  : 1024 
Routing : Dimension-ordered (DOR)
Traffic : Hotspot [16][16]
Message length : 32 phits
Injection Rate : 1000
Transmission Time Normal  Links : 32 Cycles
Transmission Time Express Links : 32 Cycles
Batch Means Method : Yes

Please wait, Simulation has been started...

Batch N° 1 : Mean Response Time : 337.13 cycles	Mean Waiting Time : 34.47 cycles	Throughput : 1.438
Batch N° 2 : Mean Response Time : 445.67 cycles	Mean Waiting Time : 146.55 cycles	Throughput : 0.925
Batch N° 3 : Mean Response Time : 545.76 cycles	Mean Waiting Time : 243.16 cycles	Throughput : 0.947
Batch N° 4 : Mean Response Time : 612.14 cycles	Mean Waiting Time : 315.56 cycles	Throughput : 0.922
Batch N° 5 : Mean Response Time : 719.04 cycles	Mean Waiting Time : 418.03 cycles	Throughput : 0.923
Batch N° 6 : Mean Response Time : 786.17 cycles	Mean Waiting Time : 483.48 cycles	Throughput : 0.934
Batch N° 7 : Mean Response Time : 870.46 cycles	Mean Waiting Time : 566.86 cycles	Throughput : 0.924
Batch N° 8 : Mean Response Time : 966.45 cycles	Mean Waiting Time : 664.01 cycles	Throughput : 0.941
Batch N° 9 : Mean Response Time : 1008.06 cycles	Mean Waiting Time : 707.28 cycles	Throughput : 0.960
Batch N°10 : Mean Response Time : 1120.78 cycles	Mean Waiting Time : 818.54 cycles	Throughput : 0.915

End Of The Simulation at T= 20698.20 cycles
Injection Rate : 1000
Batch Size : 2000
Number of Batches : 10
Number of Clients Served : 20000
Overall Response Time : 741.17 cycles
Overall Waiting  Time : 439.80 cycles
Overall Throughput : 0.983 
Standard Deviation Response Time : 256.19235 cycles
Standard Deviation Waiting  Time : 255.64320 cycles
Standard Deviation Throughput : 0.160539 