Simulation Starting Time 2021-09-02 06:49:09
Welcome to Network-On-Chip ExpressCube Simulator 
This simulator was designed based on The Discrete Event Simulation.
It's a final year project to obtain the Master Degree
Student developer : Ziraoui Zakaria 
Supervisor: Prof. Mohamed Ould-Khaoua

Network Simulation Parameters :

Topology : 32 x 32 Express Cube with 4 Hops
Number of Nodes  : 1024 
Routing : Dimension-ordered (DOR)
Traffic : Uniform Random
Message length : 32 phits
Injection Rate : 10500
Transmission Time Normal  Links : 96 Cycles
Transmission Time Express Links : 96 Cycles
Batch Means Method : Yes

Please wait, Simulation has been started...

Batch N° 1 : Mean Response Time : 948.39 cycles	Mean Waiting Time : 17.28 cycles	Throughput : 0.189
Batch N° 2 : Mean Response Time : 897.89 cycles	Mean Waiting Time : 0.37 cycles	Throughput : 0.098
Batch N° 3 : Mean Response Time : 916.91 cycles	Mean Waiting Time : 0.74 cycles	Throughput : 0.101
Batch N° 4 : Mean Response Time : 926.39 cycles	Mean Waiting Time : 0.74 cycles	Throughput : 0.097
Batch N° 5 : Mean Response Time : 900.86 cycles	Mean Waiting Time : 0.71 cycles	Throughput : 0.092
Batch N° 6 : Mean Response Time : 911.52 cycles	Mean Waiting Time : 0.61 cycles	Throughput : 0.101
Batch N° 7 : Mean Response Time : 899.07 cycles	Mean Waiting Time : 0.47 cycles	Throughput : 0.098
Batch N° 8 : Mean Response Time : 936.56 cycles	Mean Waiting Time : 0.64 cycles	Throughput : 0.098
Batch N° 9 : Mean Response Time : 912.48 cycles	Mean Waiting Time : 0.48 cycles	Throughput : 0.097
Batch N°10 : Mean Response Time : 913.55 cycles	Mean Waiting Time : 0.50 cycles	Throughput : 0.095

End Of The Simulation at T= 195418.88 cycles
Injection Rate : 10500
Batch Size : 2000
Number of Batches : 10
Number of Clients Served : 20000
Overall Response Time : 916.36 cycles
Overall Waiting  Time : 2.25 cycles
Overall Throughput : 0.107 
Standard Deviation Response Time : 16.53782 cycles
Standard Deviation Waiting  Time : 5.27950 cycles
Standard Deviation Throughput : 0.029118 