Simulation Starting Time 2021-09-02 06:21:44
Welcome to Network-On-Chip ExpressCube Simulator 
This simulator was designed based on The Discrete Event Simulation.
It's a final year project to obtain the Master Degree
Student developer : Ziraoui Zakaria 
Supervisor: Prof. Mohamed Ould-Khaoua

Network Simulation Parameters :

Topology : 16 x 16 Express Cube with 8 Hops
Number of Nodes  : 256 
Routing : Dimension-ordered (DOR)
Traffic : Uniform Random
Message length : 32 phits
Injection Rate : 80
Transmission Time Normal  Links : 160 Cycles
Transmission Time Express Links : 160 Cycles
Batch Means Method : Yes

Please wait, Simulation has been started...

Batch N° 1 : Mean Response Time : 2711.71 cycles	Mean Waiting Time : 1504.54 cycles	Throughput : 0.357
Batch N° 2 : Mean Response Time : 6321.70 cycles	Mean Waiting Time : 4902.71 cycles	Throughput : 0.446
Batch N° 3 : Mean Response Time : 9680.11 cycles	Mean Waiting Time : 8252.88 cycles	Throughput : 0.463
Batch N° 4 : Mean Response Time : 13076.44 cycles	Mean Waiting Time : 11628.70 cycles	Throughput : 0.446
Batch N° 5 : Mean Response Time : 16390.07 cycles	Mean Waiting Time : 14969.44 cycles	Throughput : 0.463
Batch N° 6 : Mean Response Time : 19623.76 cycles	Mean Waiting Time : 18169.66 cycles	Throughput : 0.463
Batch N° 7 : Mean Response Time : 22819.51 cycles	Mean Waiting Time : 21365.63 cycles	Throughput : 0.481
Batch N° 8 : Mean Response Time : 26125.71 cycles	Mean Waiting Time : 24691.12 cycles	Throughput : 0.463
Batch N° 9 : Mean Response Time : 29523.60 cycles	Mean Waiting Time : 28084.08 cycles	Throughput : 0.446
Batch N°10 : Mean Response Time : 32876.14 cycles	Mean Waiting Time : 31423.82 cycles	Throughput : 0.463

End Of The Simulation at T= 44800.00 cycles
Injection Rate : 80
Batch Size : 2000
Number of Batches : 10
Number of Clients Served : 20000
Overall Response Time : 17914.88 cycles
Overall Waiting  Time : 16499.26 cycles
Overall Throughput : 0.449 
Standard Deviation Response Time : 10066.88965 cycles
Standard Deviation Waiting  Time : 10021.73242 cycles
Standard Deviation Throughput : 0.034061 