Simulation Starting Time 2021-08-31 06:34:15
Welcome to Network-On-Chip 2D Mesh Simulator 
This simulator was designed based on The Discrete Event Simulation.
It's a final year project to obtain the Master Degree
Student developer : Ziraoui Zakaria 
Supervisor: Prof. Mohamed Ould-Khaoua

Network Simulation Parameters :

Topology : 32 x 32 Mesh 
Number of Nodes  : 1024 
Routing : Dimension-ordered (DOR)
Traffic : Uniform Random
Message length : 32 phits
Injection Rate : 300
Transmission Time : 32 Cycles
Batch Means Method : Yes

Please wait, Simulation has been started...

Batch N° 1 : Mean Response Time : 534.16 cycles	Mean Waiting Time : 45.65 cycles	Throughput : 1.786
Batch N° 2 : Mean Response Time : 806.42 cycles	Mean Waiting Time : 136.22 cycles	Throughput : 3.125
Batch N° 3 : Mean Response Time : 889.94 cycles	Mean Waiting Time : 194.45 cycles	Throughput : 3.125
Batch N° 4 : Mean Response Time : 954.24 cycles	Mean Waiting Time : 247.80 cycles	Throughput : 3.246
Batch N° 5 : Mean Response Time : 994.51 cycles	Mean Waiting Time : 279.66 cycles	Throughput : 3.271
Batch N° 6 : Mean Response Time : 983.12 cycles	Mean Waiting Time : 287.34 cycles	Throughput : 3.329
Batch N° 7 : Mean Response Time : 1021.01 cycles	Mean Waiting Time : 312.55 cycles	Throughput : 3.412
Batch N° 8 : Mean Response Time : 1017.00 cycles	Mean Waiting Time : 324.78 cycles	Throughput : 3.483
Batch N° 9 : Mean Response Time : 1051.64 cycles	Mean Waiting Time : 340.05 cycles	Throughput : 3.350
Batch N°10 : Mean Response Time : 1049.03 cycles	Mean Waiting Time : 345.69 cycles	Throughput : 3.329

End Of The Simulation at T= 6586.35 cycles
Injection Rate : 300
Batch Size : 2000
Number of Batches : 10
Number of Clients Served : 20000
Overall Response Time : 930.11 cycles
Overall Waiting  Time : 251.42 cycles
Overall Throughput : 3.146 
Standard Deviation Response Time : 158.44678 cycles
Standard Deviation Waiting  Time : 98.21684 cycles
Standard Deviation Throughput : 0.491065 