Simulation Starting Time 2021-09-01 06:08:59
Welcome to Network-On-Chip ExpressCube Simulator 
This simulator was designed based on The Discrete Event Simulation.
It's a final year project to obtain the Master Degree
Student developer : Ziraoui Zakaria 
Supervisor: Prof. Mohamed Ould-Khaoua

Network Simulation Parameters :

Topology : 16 x 16 Express Cube with 8 Hops
Number of Nodes  : 256 
Routing : Dimension-ordered (DOR)
Traffic : Hotspot [8][8]
Message length : 32 phits
Injection Rate : 50
Transmission Time Normal  Links : 32 Cycles
Transmission Time Express Links : 32 Cycles
Batch Means Method : Yes

Please wait, Simulation has been started...

Batch N° 1 : Mean Response Time : 421.63 cycles	Mean Waiting Time : 169.24 cycles	Throughput : 1.645
Batch N° 2 : Mean Response Time : 810.49 cycles	Mean Waiting Time : 522.97 cycles	Throughput : 2.023
Batch N° 3 : Mean Response Time : 1136.08 cycles	Mean Waiting Time : 846.64 cycles	Throughput : 2.105
Batch N° 4 : Mean Response Time : 1440.26 cycles	Mean Waiting Time : 1149.32 cycles	Throughput : 2.065
Batch N° 5 : Mean Response Time : 1793.11 cycles	Mean Waiting Time : 1499.28 cycles	Throughput : 2.175
Batch N° 6 : Mean Response Time : 2041.78 cycles	Mean Waiting Time : 1749.51 cycles	Throughput : 2.124
Batch N° 7 : Mean Response Time : 2357.98 cycles	Mean Waiting Time : 2070.25 cycles	Throughput : 2.189
Batch N° 8 : Mean Response Time : 2651.62 cycles	Mean Waiting Time : 2362.89 cycles	Throughput : 2.170
Batch N° 9 : Mean Response Time : 2975.01 cycles	Mean Waiting Time : 2684.66 cycles	Throughput : 2.165
Batch N°10 : Mean Response Time : 3213.99 cycles	Mean Waiting Time : 2929.41 cycles	Throughput : 2.171

End Of The Simulation at T= 9664.00 cycles
Injection Rate : 50
Batch Size : 2000
Number of Batches : 10
Number of Clients Served : 20000
Overall Response Time : 1884.20 cycles
Overall Waiting  Time : 1598.42 cycles
Overall Throughput : 2.083 
Standard Deviation Response Time : 934.13440 cycles
Standard Deviation Waiting  Time : 928.38788 cycles
Standard Deviation Throughput : 0.163340 