Simulation Starting Time 2021-08-31 05:30:16
Welcome to Network-On-Chip ExpressCube Simulator 
This simulator was designed based on The Discrete Event Simulation.
It's a final year project to obtain the Master Degree
Student developer : Ziraoui Zakaria 
Supervisor: Prof. Mohamed Ould-Khaoua

Network Simulation Parameters :

Topology : 8 x 8 Express Cube with 2 Hops
Number of Nodes  : 64 
Routing : Dimension-ordered (DOR)
Traffic : Uniform Random
Message length : 32 phits
Injection Rate : 32000
Transmission Time Normal  Links : 32 Cycles
Transmission Time Express Links : 32 Cycles
Batch Means Method : Yes

Please wait, Simulation has been started...

Batch N° 1 : Mean Response Time : 116.17 cycles	Mean Waiting Time : 0.10 cycles	Throughput : 0.002
Batch N° 2 : Mean Response Time : 115.70 cycles	Mean Waiting Time : 0.00 cycles	Throughput : 0.002
Batch N° 3 : Mean Response Time : 115.83 cycles	Mean Waiting Time : 0.00 cycles	Throughput : 0.002
Batch N° 4 : Mean Response Time : 117.97 cycles	Mean Waiting Time : 0.01 cycles	Throughput : 0.002
Batch N° 5 : Mean Response Time : 116.09 cycles	Mean Waiting Time : 0.01 cycles	Throughput : 0.002
Batch N° 6 : Mean Response Time : 116.06 cycles	Mean Waiting Time : 0.01 cycles	Throughput : 0.002
Batch N° 7 : Mean Response Time : 114.24 cycles	Mean Waiting Time : 0.01 cycles	Throughput : 0.002
Batch N° 8 : Mean Response Time : 116.82 cycles	Mean Waiting Time : 0.01 cycles	Throughput : 0.002
Batch N° 9 : Mean Response Time : 114.43 cycles	Mean Waiting Time : 0.01 cycles	Throughput : 0.002
Batch N°10 : Mean Response Time : 114.53 cycles	Mean Waiting Time : 0.02 cycles	Throughput : 0.002

End Of The Simulation at T= 10003893.00 cycles
Injection Rate : 32000
Batch Size : 2000
Number of Batches : 10
Number of Clients Served : 20000
Overall Response Time : 115.78 cycles
Overall Waiting  Time : 0.02 cycles
Overall Throughput : 0.002 
Standard Deviation Response Time : 1.15525 cycles
Standard Deviation Waiting  Time : 0.03076 cycles
Standard Deviation Throughput : 0.000041 