Simulation Starting Time 2021-09-02 06:23:04
Welcome to Network-On-Chip 2D Mesh Simulator 
This simulator was designed based on The Discrete Event Simulation.
It's a final year project to obtain the Master Degree
Student developer : Ziraoui Zakaria 
Supervisor: Prof. Mohamed Ould-Khaoua

Network Simulation Parameters :

Topology : 32 x 32 Mesh 
Number of Nodes  : 1024 
Routing : Dimension-ordered (DOR)
Traffic : Uniform Random
Message length : 32 phits
Injection Rate : 9200
Transmission Time : 32 Cycles
Batch Means Method : Yes

Please wait, Simulation has been started...

Batch N° 1 : Mean Response Time : 664.20 cycles	Mean Waiting Time : 2.36 cycles	Throughput : 0.201
Batch N° 2 : Mean Response Time : 670.26 cycles	Mean Waiting Time : 0.10 cycles	Throughput : 0.112
Batch N° 3 : Mean Response Time : 651.16 cycles	Mean Waiting Time : 0.05 cycles	Throughput : 0.114
Batch N° 4 : Mean Response Time : 658.24 cycles	Mean Waiting Time : 0.07 cycles	Throughput : 0.115
Batch N° 5 : Mean Response Time : 659.75 cycles	Mean Waiting Time : 0.04 cycles	Throughput : 0.111
Batch N° 6 : Mean Response Time : 659.09 cycles	Mean Waiting Time : 0.13 cycles	Throughput : 0.111
Batch N° 7 : Mean Response Time : 660.71 cycles	Mean Waiting Time : 0.03 cycles	Throughput : 0.114
Batch N° 8 : Mean Response Time : 663.17 cycles	Mean Waiting Time : 0.08 cycles	Throughput : 0.115
Batch N° 9 : Mean Response Time : 673.97 cycles	Mean Waiting Time : 0.08 cycles	Throughput : 0.109
Batch N°10 : Mean Response Time : 663.07 cycles	Mean Waiting Time : 0.10 cycles	Throughput : 0.116

End Of The Simulation at T= 169389.77 cycles
Injection Rate : 9200
Batch Size : 2000
Number of Batches : 10
Number of Clients Served : 20000
Overall Response Time : 662.36 cycles
Overall Waiting  Time : 0.30 cycles
Overall Throughput : 0.122 
Standard Deviation Response Time : 6.36235 cycles
Standard Deviation Waiting  Time : 0.72403 cycles
Standard Deviation Throughput : 0.027854 