Simulation Starting Time 2021-08-31 06:49:43
Welcome to Network-On-Chip ExpressCube Simulator 
This simulator was designed based on The Discrete Event Simulation.
It's a final year project to obtain the Master Degree
Student developer : Ziraoui Zakaria 
Supervisor: Prof. Mohamed Ould-Khaoua

Network Simulation Parameters :

Topology : 32 x 32 Express Cube with 2 Hops
Number of Nodes  : 1024 
Routing : Dimension-ordered (DOR)
Traffic : Uniform Random
Message length : 32 phits
Injection Rate : 160
Transmission Time Normal  Links : 32 Cycles
Transmission Time Express Links : 32 Cycles
Batch Means Method : Yes

Please wait, Simulation has been started...

Batch N° 1 : Mean Response Time : 346.98 cycles	Mean Waiting Time : 57.37 cycles	Throughput : 2.530
Batch N° 2 : Mean Response Time : 582.35 cycles	Mean Waiting Time : 203.03 cycles	Throughput : 3.922
Batch N° 3 : Mean Response Time : 731.46 cycles	Mean Waiting Time : 341.92 cycles	Throughput : 3.964
Batch N° 4 : Mean Response Time : 891.61 cycles	Mean Waiting Time : 492.22 cycles	Throughput : 4.008
Batch N° 5 : Mean Response Time : 1006.07 cycles	Mean Waiting Time : 609.32 cycles	Throughput : 4.092
Batch N° 6 : Mean Response Time : 1192.56 cycles	Mean Waiting Time : 789.72 cycles	Throughput : 3.996
Batch N° 7 : Mean Response Time : 1291.99 cycles	Mean Waiting Time : 891.44 cycles	Throughput : 4.285
Batch N° 8 : Mean Response Time : 1402.29 cycles	Mean Waiting Time : 1001.80 cycles	Throughput : 3.976
Batch N° 9 : Mean Response Time : 1566.25 cycles	Mean Waiting Time : 1161.40 cycles	Throughput : 4.180
Batch N°10 : Mean Response Time : 1616.07 cycles	Mean Waiting Time : 1222.06 cycles	Throughput : 4.107

End Of The Simulation at T= 5228.44 cycles
Injection Rate : 160
Batch Size : 2000
Number of Batches : 10
Number of Clients Served : 20000
Overall Response Time : 1062.76 cycles
Overall Waiting  Time : 677.03 cycles
Overall Throughput : 3.906 
Standard Deviation Response Time : 425.53595 cycles
Standard Deviation Waiting  Time : 402.14700 cycles
Standard Deviation Throughput : 0.495895 