Simulation Starting Time 2021-09-02 06:58:45
Welcome to Network-On-Chip ExpressCube Simulator 
This simulator was designed based on The Discrete Event Simulation.
It's a final year project to obtain the Master Degree
Student developer : Ziraoui Zakaria 
Supervisor: Prof. Mohamed Ould-Khaoua

Network Simulation Parameters :

Topology : 32 x 32 Express Cube with 8 Hops
Number of Nodes  : 1024 
Routing : Dimension-ordered (DOR)
Traffic : Uniform Random
Message length : 32 phits
Injection Rate : 32000
Transmission Time Normal  Links : 160 Cycles
Transmission Time Express Links : 160 Cycles
Batch Means Method : Yes

Please wait, Simulation has been started...

Batch N° 1 : Mean Response Time : 1918.61 cycles	Mean Waiting Time : 13.38 cycles	Throughput : 0.062
Batch N° 2 : Mean Response Time : 1926.41 cycles	Mean Waiting Time : 0.44 cycles	Throughput : 0.033
Batch N° 3 : Mean Response Time : 1922.43 cycles	Mean Waiting Time : 0.30 cycles	Throughput : 0.033
Batch N° 4 : Mean Response Time : 1904.58 cycles	Mean Waiting Time : 0.46 cycles	Throughput : 0.032
Batch N° 5 : Mean Response Time : 1897.05 cycles	Mean Waiting Time : 0.69 cycles	Throughput : 0.032
Batch N° 6 : Mean Response Time : 1909.61 cycles	Mean Waiting Time : 0.57 cycles	Throughput : 0.032
Batch N° 7 : Mean Response Time : 1889.32 cycles	Mean Waiting Time : 0.63 cycles	Throughput : 0.033
Batch N° 8 : Mean Response Time : 1907.46 cycles	Mean Waiting Time : 0.42 cycles	Throughput : 0.032
Batch N° 9 : Mean Response Time : 1939.19 cycles	Mean Waiting Time : 0.59 cycles	Throughput : 0.032
Batch N°10 : Mean Response Time : 1904.11 cycles	Mean Waiting Time : 0.12 cycles	Throughput : 0.032

End Of The Simulation at T= 589882.38 cycles
Injection Rate : 32000
Batch Size : 2000
Number of Batches : 10
Number of Clients Served : 20000
Overall Response Time : 1911.88 cycles
Overall Waiting  Time : 1.76 cycles
Overall Throughput : 0.035 
Standard Deviation Response Time : 14.83671 cycles
Standard Deviation Waiting  Time : 4.08463 cycles
Standard Deviation Throughput : 0.009250 