Simulation Starting Time 2021-08-31 07:14:12
Welcome to Network-On-Chip ExpressCube Simulator 
This simulator was designed based on The Discrete Event Simulation.
It's a final year project to obtain the Master Degree
Student developer : Ziraoui Zakaria 
Supervisor: Prof. Mohamed Ould-Khaoua

Network Simulation Parameters :

Topology : 16 x 16 Express Cube with 8 Hops
Number of Nodes  : 256 
Routing : Dimension-ordered (DOR)
Traffic : Uniform Random
Message length : 32 phits
Injection Rate : 100
Transmission Time Normal  Links : 32 Cycles
Transmission Time Express Links : 32 Cycles
Batch Means Method : Yes

Please wait, Simulation has been started...

Batch N° 1 : Mean Response Time : 366.03 cycles	Mean Waiting Time : 98.92 cycles	Throughput : 1.583
Batch N° 2 : Mean Response Time : 593.93 cycles	Mean Waiting Time : 291.98 cycles	Throughput : 1.955
Batch N° 3 : Mean Response Time : 765.67 cycles	Mean Waiting Time : 459.61 cycles	Throughput : 1.985
Batch N° 4 : Mean Response Time : 921.26 cycles	Mean Waiting Time : 612.17 cycles	Throughput : 1.997
Batch N° 5 : Mean Response Time : 1090.17 cycles	Mean Waiting Time : 786.04 cycles	Throughput : 2.005
Batch N° 6 : Mean Response Time : 1232.55 cycles	Mean Waiting Time : 931.45 cycles	Throughput : 2.071
Batch N° 7 : Mean Response Time : 1406.23 cycles	Mean Waiting Time : 1101.68 cycles	Throughput : 2.076
Batch N° 8 : Mean Response Time : 1553.50 cycles	Mean Waiting Time : 1244.51 cycles	Throughput : 2.004
Batch N° 9 : Mean Response Time : 1730.45 cycles	Mean Waiting Time : 1424.16 cycles	Throughput : 2.075
Batch N°10 : Mean Response Time : 1862.87 cycles	Mean Waiting Time : 1553.55 cycles	Throughput : 2.057

End Of The Simulation at T= 10156.48 cycles
Injection Rate : 100
Batch Size : 2000
Number of Batches : 10
Number of Clients Served : 20000
Overall Response Time : 1152.27 cycles
Overall Waiting  Time : 850.41 cycles
Overall Throughput : 1.981 
Standard Deviation Response Time : 495.28448 cycles
Standard Deviation Waiting  Time : 487.49033 cycles
Standard Deviation Throughput : 0.145915 