Simulation Starting Time 2021-09-01 06:04:17
Welcome to Network-On-Chip ExpressCube Simulator 
This simulator was designed based on The Discrete Event Simulation.
It's a final year project to obtain the Master Degree
Student developer : Ziraoui Zakaria 
Supervisor: Prof. Mohamed Ould-Khaoua

Network Simulation Parameters :

Topology : 8 x 8 Express Cube with 4 Hops
Number of Nodes  : 64 
Routing : Dimension-ordered (DOR)
Traffic : Hotspot [4][4]
Message length : 32 phits
Injection Rate : 100
Transmission Time Normal  Links : 32 Cycles
Transmission Time Express Links : 32 Cycles
Batch Means Method : Yes

Please wait, Simulation has been started...

Batch N° 1 : Mean Response Time : 267.10 cycles	Mean Waiting Time : 117.42 cycles	Throughput : 0.558
Batch N° 2 : Mean Response Time : 391.59 cycles	Mean Waiting Time : 239.95 cycles	Throughput : 0.595
Batch N° 3 : Mean Response Time : 524.72 cycles	Mean Waiting Time : 371.29 cycles	Throughput : 0.577
Batch N° 4 : Mean Response Time : 685.84 cycles	Mean Waiting Time : 533.95 cycles	Throughput : 0.588
Batch N° 5 : Mean Response Time : 734.39 cycles	Mean Waiting Time : 577.42 cycles	Throughput : 0.592
Batch N° 6 : Mean Response Time : 908.00 cycles	Mean Waiting Time : 754.94 cycles	Throughput : 0.558
Batch N° 7 : Mean Response Time : 975.47 cycles	Mean Waiting Time : 820.02 cycles	Throughput : 0.586
Batch N° 8 : Mean Response Time : 1219.20 cycles	Mean Waiting Time : 1068.48 cycles	Throughput : 0.579
Batch N° 9 : Mean Response Time : 1268.61 cycles	Mean Waiting Time : 1117.09 cycles	Throughput : 0.557
Batch N°10 : Mean Response Time : 1400.86 cycles	Mean Waiting Time : 1241.94 cycles	Throughput : 0.607

End Of The Simulation at T= 34531.07 cycles
Injection Rate : 100
Batch Size : 2000
Number of Batches : 10
Number of Clients Served : 20000
Overall Response Time : 837.58 cycles
Overall Waiting  Time : 684.25 cycles
Overall Throughput : 0.580 
Standard Deviation Response Time : 384.21335 cycles
Standard Deviation Waiting  Time : 382.98270 cycles
Standard Deviation Throughput : 0.017414 