Simulation Starting Time 2021-09-04 04:20:01
Welcome to Network-On-Chip ExpressCube Simulator 
This simulator was designed based on The Discrete Event Simulation.
It's a final year project to obtain the Master Degree
Student developer : Ziraoui Zakaria 
Supervisor: Prof. Mohamed Ould-Khaoua

Network Simulation Parameters :

Topology : 16 x 16 Express Cube with 2 Hops
Number of Nodes  : 256 
Routing : Dimension-ordered (DOR)
Traffic : Hotspot [8][8]
Message length : 32 phits
Injection Rate : 180
Transmission Time Normal  Links : 64 Cycles
Transmission Time Express Links : 64 Cycles
Batch Means Method : Yes

Please wait, Simulation has been started...

Batch N° 1 : Mean Response Time : 654.89 cycles	Mean Waiting Time : 218.23 cycles	Throughput : 0.797
Batch N° 2 : Mean Response Time : 1170.78 cycles	Mean Waiting Time : 681.93 cycles	Throughput : 0.953
Batch N° 3 : Mean Response Time : 1520.74 cycles	Mean Waiting Time : 1035.08 cycles	Throughput : 0.968
Batch N° 4 : Mean Response Time : 1920.50 cycles	Mean Waiting Time : 1427.23 cycles	Throughput : 0.993
Batch N° 5 : Mean Response Time : 2267.09 cycles	Mean Waiting Time : 1775.45 cycles	Throughput : 1.000
Batch N° 6 : Mean Response Time : 2428.48 cycles	Mean Waiting Time : 1950.18 cycles	Throughput : 1.019
Batch N° 7 : Mean Response Time : 2786.32 cycles	Mean Waiting Time : 2292.72 cycles	Throughput : 0.989
Batch N° 8 : Mean Response Time : 3069.44 cycles	Mean Waiting Time : 2581.31 cycles	Throughput : 0.985
Batch N° 9 : Mean Response Time : 3412.79 cycles	Mean Waiting Time : 2927.17 cycles	Throughput : 0.977
Batch N°10 : Mean Response Time : 3773.19 cycles	Mean Waiting Time : 3275.30 cycles	Throughput : 0.984

End Of The Simulation at T= 20784.71 cycles
Injection Rate : 180
Batch Size : 2000
Number of Batches : 10
Number of Clients Served : 20000
Overall Response Time : 2300.42 cycles
Overall Waiting  Time : 1816.46 cycles
Overall Throughput : 0.966 
Standard Deviation Response Time : 999.30646 cycles
Standard Deviation Waiting  Time : 988.64819 cycles
Standard Deviation Throughput : 0.062148 