Simulation Starting Time 2021-09-02 06:14:02
Welcome to Network-On-Chip 2D Mesh Simulator 
This simulator was designed based on The Discrete Event Simulation.
It's a final year project to obtain the Master Degree
Student developer : Ziraoui Zakaria 
Supervisor: Prof. Mohamed Ould-Khaoua

Network Simulation Parameters :

Topology : 16 x 16 Mesh 
Number of Nodes  : 256 
Routing : Dimension-ordered (DOR)
Traffic : Uniform Random
Message length : 32 phits
Injection Rate : 50
Transmission Time : 32 Cycles
Batch Means Method : Yes

Please wait, Simulation has been started...

Batch N° 1 : Mean Response Time : 506.51 cycles	Mean Waiting Time : 226.71 cycles	Throughput : 1.485
Batch N° 2 : Mean Response Time : 1061.98 cycles	Mean Waiting Time : 732.34 cycles	Throughput : 1.790
Batch N° 3 : Mean Response Time : 1545.30 cycles	Mean Waiting Time : 1214.24 cycles	Throughput : 1.937
Batch N° 4 : Mean Response Time : 1964.52 cycles	Mean Waiting Time : 1640.09 cycles	Throughput : 1.963
Batch N° 5 : Mean Response Time : 2457.61 cycles	Mean Waiting Time : 2125.97 cycles	Throughput : 1.900
Batch N° 6 : Mean Response Time : 2924.15 cycles	Mean Waiting Time : 2592.70 cycles	Throughput : 1.953
Batch N° 7 : Mean Response Time : 3314.69 cycles	Mean Waiting Time : 2988.32 cycles	Throughput : 1.947
Batch N° 8 : Mean Response Time : 3758.75 cycles	Mean Waiting Time : 3435.00 cycles	Throughput : 1.850
Batch N° 9 : Mean Response Time : 4174.92 cycles	Mean Waiting Time : 3845.27 cycles	Throughput : 1.898
Batch N°10 : Mean Response Time : 4682.56 cycles	Mean Waiting Time : 4354.66 cycles	Throughput : 1.883

End Of The Simulation at T= 10816.00 cycles
Injection Rate : 50
Batch Size : 2000
Number of Batches : 10
Number of Clients Served : 20000
Overall Response Time : 2639.10 cycles
Overall Waiting  Time : 2315.53 cycles
Overall Throughput : 1.861 
Standard Deviation Response Time : 1376.20471 cycles
Standard Deviation Waiting  Time : 1368.51526 cycles
Standard Deviation Throughput : 0.142183 