Simulation Starting Time 2021-09-01 06:05:09
Welcome to Network-On-Chip 2D Mesh Simulator 
This simulator was designed based on The Discrete Event Simulation.
It's a final year project to obtain the Master Degree
Student developer : Ziraoui Zakaria 
Supervisor: Prof. Mohamed Ould-Khaoua

Network Simulation Parameters :

Topology : 16 x 16 Mesh 
Number of Nodes  : 256 
Routing : Dimension-ordered (DOR)
Traffic : Hotspot [8][8]
Message length : 32 phits
Injection Rate : 180
Transmission Time : 32 Cycles
Batch Means Method : Yes

Please wait, Simulation has been started...

Batch N° 1 : Mean Response Time : 419.01 cycles	Mean Waiting Time : 97.54 cycles	Throughput : 1.059
Batch N° 2 : Mean Response Time : 552.66 cycles	Mean Waiting Time : 204.47 cycles	Throughput : 1.189
Batch N° 3 : Mean Response Time : 613.07 cycles	Mean Waiting Time : 262.29 cycles	Throughput : 1.216
Batch N° 4 : Mean Response Time : 715.06 cycles	Mean Waiting Time : 364.29 cycles	Throughput : 1.202
Batch N° 5 : Mean Response Time : 838.36 cycles	Mean Waiting Time : 487.51 cycles	Throughput : 1.236
Batch N° 6 : Mean Response Time : 847.23 cycles	Mean Waiting Time : 500.67 cycles	Throughput : 1.191
Batch N° 7 : Mean Response Time : 956.43 cycles	Mean Waiting Time : 606.44 cycles	Throughput : 1.236
Batch N° 8 : Mean Response Time : 1012.44 cycles	Mean Waiting Time : 671.40 cycles	Throughput : 1.223
Batch N° 9 : Mean Response Time : 1093.13 cycles	Mean Waiting Time : 738.78 cycles	Throughput : 1.218
Batch N°10 : Mean Response Time : 1171.44 cycles	Mean Waiting Time : 826.08 cycles	Throughput : 1.225

End Of The Simulation at T= 16704.00 cycles
Injection Rate : 180
Batch Size : 2000
Number of Batches : 10
Number of Clients Served : 20000
Overall Response Time : 821.88 cycles
Overall Waiting  Time : 475.95 cycles
Overall Throughput : 1.200 
Standard Deviation Response Time : 245.15157 cycles
Standard Deviation Waiting  Time : 240.98386 cycles
Standard Deviation Throughput : 0.051981 