Simulation Starting Time 2021-08-17 06:05:09
Welcome to Network-On-Chip ExpressCube Simulator 
This simulator was designed based on The Discrete Event Simulation.
It's a final year project to obtain the Master Degree
Student developer : Ziraoui Zakaria 
Supervisor: Prof. Mohamed Ould-Khaoua

Network Simulation Parameters :

Topology : 8 x 8 Express Cube with 4 Hops
Number of Nodes  : 64 
Routing : Dimension-ordered (DOR)
Traffic : Uniform Random
Message length : 32 phits
Injection Rate : 160
Transmission Time Normal  Links : 32 Cycles
Transmission Time Express Links : 32 Cycles
Batch Means Method : Yes

Please wait, Simulation has been started...

Batch N° 1 : Mean Response Time : 158.30 cycles	Mean Waiting Time : 12.18 cycles	Throughput : 0.398
Batch N° 2 : Mean Response Time : 156.83 cycles	Mean Waiting Time : 12.02 cycles	Throughput : 0.399
Batch N° 3 : Mean Response Time : 158.92 cycles	Mean Waiting Time : 13.15 cycles	Throughput : 0.400
Batch N° 4 : Mean Response Time : 159.54 cycles	Mean Waiting Time : 12.94 cycles	Throughput : 0.403
Batch N° 5 : Mean Response Time : 157.34 cycles	Mean Waiting Time : 12.07 cycles	Throughput : 0.398
Batch N° 6 : Mean Response Time : 158.49 cycles	Mean Waiting Time : 13.13 cycles	Throughput : 0.398
Batch N° 7 : Mean Response Time : 158.23 cycles	Mean Waiting Time : 12.11 cycles	Throughput : 0.388
Batch N° 8 : Mean Response Time : 157.27 cycles	Mean Waiting Time : 12.81 cycles	Throughput : 0.394
Batch N° 9 : Mean Response Time : 157.42 cycles	Mean Waiting Time : 11.86 cycles	Throughput : 0.387
Batch N°10 : Mean Response Time : 159.97 cycles	Mean Waiting Time : 12.97 cycles	Throughput : 0.393
Batch N°11 : Mean Response Time : 156.24 cycles	Mean Waiting Time : 11.01 cycles	Throughput : 0.381
Batch N°12 : Mean Response Time : 156.94 cycles	Mean Waiting Time : 11.68 cycles	Throughput : 0.386
Batch N°13 : Mean Response Time : 156.97 cycles	Mean Waiting Time : 10.96 cycles	Throughput : 0.383
Batch N°14 : Mean Response Time : 156.56 cycles	Mean Waiting Time : 11.24 cycles	Throughput : 0.383
Batch N°15 : Mean Response Time : 157.82 cycles	Mean Waiting Time : 11.63 cycles	Throughput : 0.380
Batch N°16 : Mean Response Time : 156.66 cycles	Mean Waiting Time : 10.70 cycles	Throughput : 0.376
Batch N°17 : Mean Response Time : 155.73 cycles	Mean Waiting Time : 10.70 cycles	Throughput : 0.377
Batch N°18 : Mean Response Time : 157.11 cycles	Mean Waiting Time : 11.86 cycles	Throughput : 0.383
Batch N°19 : Mean Response Time : 155.87 cycles	Mean Waiting Time : 10.98 cycles	Throughput : 0.380
Batch N°20 : Mean Response Time : 156.42 cycles	Mean Waiting Time : 10.95 cycles	Throughput : 0.376
Batch N°21 : Mean Response Time : 155.77 cycles	Mean Waiting Time : 10.33 cycles	Throughput : 0.372
Batch N°22 : Mean Response Time : 152.76 cycles	Mean Waiting Time : 8.99 cycles	Throughput : 0.360
Batch N°23 : Mean Response Time : 154.55 cycles	Mean Waiting Time : 9.62 cycles	Throughput : 0.357
Batch N°24 : Mean Response Time : 155.23 cycles	Mean Waiting Time : 10.16 cycles	Throughput : 0.359
Batch N°25 : Mean Response Time : 153.00 cycles	Mean Waiting Time : 9.75 cycles	Throughput : 0.358
Batch N°26 : Mean Response Time : 152.86 cycles	Mean Waiting Time : 9.80 cycles	Throughput : 0.359
Batch N°27 : Mean Response Time : 154.07 cycles	Mean Waiting Time : 9.48 cycles	Throughput : 0.351
Batch N°28 : Mean Response Time : 153.87 cycles	Mean Waiting Time : 8.55 cycles	Throughput : 0.340
Batch N°29 : Mean Response Time : 153.01 cycles	Mean Waiting Time : 8.22 cycles	Throughput : 0.337
Batch N°30 : Mean Response Time : 151.97 cycles	Mean Waiting Time : 8.52 cycles	Throughput : 0.338
Batch N°31 : Mean Response Time : 150.54 cycles	Mean Waiting Time : 7.26 cycles	Throughput : 0.323
Batch N°32 : Mean Response Time : 150.70 cycles	Mean Waiting Time : 7.25 cycles	Throughput : 0.322
Batch N°33 : Mean Response Time : 150.16 cycles	Mean Waiting Time : 7.68 cycles	Throughput : 0.326
Batch N°34 : Mean Response Time : 150.71 cycles	Mean Waiting Time : 7.78 cycles	Throughput : 0.323
Batch N°35 : Mean Response Time : 152.22 cycles	Mean Waiting Time : 7.62 cycles	Throughput : 0.318
Batch N°36 : Mean Response Time : 149.48 cycles	Mean Waiting Time : 7.23 cycles	Throughput : 0.315

End Of The Simulation at T= 985901.94 cycles
Injection Rate : 160
Batch Size : 10000
Number of Batches : 36
Number of Clients Served : 360000
Overall Response Time : 155.27 cycles
Overall Waiting  Time : 10.42 cycles
Overall Throughput : 0.367 
Standard Deviation Response Time : 2.87703 cycles
Standard Deviation Waiting  Time : 1.87303 cycles
Standard Deviation Throughput : 0.027399 