Simulation Starting Time 2021-08-17 05:44:14
Welcome to Network-On-Chip 2D Mesh Simulator 
This simulator was designed based on The Discrete Event Simulation.
It's a final year project to obtain the Master Degree
Student developer : Ziraoui Zakaria 
Supervisor: Prof. Mohamed Ould-Khaoua

Network Simulation Parameters :

Topology : 8 x 8 Mesh 
Number of Nodes  : 64 
Routing : Dimension-ordered (DOR)
Traffic : Uniform Random
Message length : 32 phits
Injection Rate : 250
Transmission Time : 32 Cycles
Batch Means Method : Yes

Please wait, Simulation has been started...

Batch N° 1 : Mean Response Time : 168.44 cycles	Mean Waiting Time : 6.19 cycles	Throughput : 0.262
Batch N° 2 : Mean Response Time : 169.41 cycles	Mean Waiting Time : 6.38 cycles	Throughput : 0.257
Batch N° 3 : Mean Response Time : 169.04 cycles	Mean Waiting Time : 6.22 cycles	Throughput : 0.255
Batch N° 4 : Mean Response Time : 167.14 cycles	Mean Waiting Time : 6.12 cycles	Throughput : 0.254
Batch N° 5 : Mean Response Time : 168.69 cycles	Mean Waiting Time : 6.39 cycles	Throughput : 0.253
Batch N° 6 : Mean Response Time : 165.51 cycles	Mean Waiting Time : 5.85 cycles	Throughput : 0.251
Batch N° 7 : Mean Response Time : 168.71 cycles	Mean Waiting Time : 6.09 cycles	Throughput : 0.251
Batch N° 8 : Mean Response Time : 166.80 cycles	Mean Waiting Time : 5.86 cycles	Throughput : 0.252
Batch N° 9 : Mean Response Time : 167.21 cycles	Mean Waiting Time : 5.89 cycles	Throughput : 0.248
Batch N°10 : Mean Response Time : 166.10 cycles	Mean Waiting Time : 5.73 cycles	Throughput : 0.247
Batch N°11 : Mean Response Time : 166.25 cycles	Mean Waiting Time : 5.68 cycles	Throughput : 0.247
Batch N°12 : Mean Response Time : 166.80 cycles	Mean Waiting Time : 5.38 cycles	Throughput : 0.237
Batch N°13 : Mean Response Time : 166.36 cycles	Mean Waiting Time : 5.58 cycles	Throughput : 0.244
Batch N°14 : Mean Response Time : 167.99 cycles	Mean Waiting Time : 5.62 cycles	Throughput : 0.236
Batch N°15 : Mean Response Time : 166.74 cycles	Mean Waiting Time : 5.47 cycles	Throughput : 0.241
Batch N°16 : Mean Response Time : 167.62 cycles	Mean Waiting Time : 5.04 cycles	Throughput : 0.239
Batch N°17 : Mean Response Time : 168.08 cycles	Mean Waiting Time : 5.70 cycles	Throughput : 0.244
Batch N°18 : Mean Response Time : 168.47 cycles	Mean Waiting Time : 5.43 cycles	Throughput : 0.236
Batch N°19 : Mean Response Time : 165.81 cycles	Mean Waiting Time : 5.21 cycles	Throughput : 0.235
Batch N°20 : Mean Response Time : 167.24 cycles	Mean Waiting Time : 5.18 cycles	Throughput : 0.233
Batch N°21 : Mean Response Time : 167.31 cycles	Mean Waiting Time : 5.59 cycles	Throughput : 0.238
Batch N°22 : Mean Response Time : 165.83 cycles	Mean Waiting Time : 5.30 cycles	Throughput : 0.240
Batch N°23 : Mean Response Time : 165.62 cycles	Mean Waiting Time : 4.93 cycles	Throughput : 0.238
Batch N°24 : Mean Response Time : 166.34 cycles	Mean Waiting Time : 5.18 cycles	Throughput : 0.231
Batch N°25 : Mean Response Time : 165.95 cycles	Mean Waiting Time : 5.15 cycles	Throughput : 0.230
Batch N°26 : Mean Response Time : 166.97 cycles	Mean Waiting Time : 4.74 cycles	Throughput : 0.227
Batch N°27 : Mean Response Time : 164.36 cycles	Mean Waiting Time : 4.55 cycles	Throughput : 0.223
Batch N°28 : Mean Response Time : 165.23 cycles	Mean Waiting Time : 4.59 cycles	Throughput : 0.223
Batch N°29 : Mean Response Time : 164.84 cycles	Mean Waiting Time : 4.82 cycles	Throughput : 0.224
Batch N°30 : Mean Response Time : 167.13 cycles	Mean Waiting Time : 4.66 cycles	Throughput : 0.222
Batch N°31 : Mean Response Time : 166.23 cycles	Mean Waiting Time : 4.83 cycles	Throughput : 0.227
Batch N°32 : Mean Response Time : 166.84 cycles	Mean Waiting Time : 4.84 cycles	Throughput : 0.227
Batch N°33 : Mean Response Time : 164.53 cycles	Mean Waiting Time : 4.56 cycles	Throughput : 0.226
Batch N°34 : Mean Response Time : 167.48 cycles	Mean Waiting Time : 4.70 cycles	Throughput : 0.223
Batch N°35 : Mean Response Time : 164.34 cycles	Mean Waiting Time : 4.51 cycles	Throughput : 0.218
Batch N°36 : Mean Response Time : 165.19 cycles	Mean Waiting Time : 4.72 cycles	Throughput : 0.220

End Of The Simulation at T= 1517896.63 cycles
Injection Rate : 250
Batch Size : 10000
Number of Batches : 36
Number of Clients Served : 360000
Overall Response Time : 166.74 cycles
Overall Waiting  Time : 5.35 cycles
Overall Throughput : 0.238 
Standard Deviation Response Time : 1.33883 cycles
Standard Deviation Waiting  Time : 0.57335 cycles
Standard Deviation Throughput : 0.012168 