Simulation Starting Time 2021-09-02 05:19:47
Welcome to Network-On-Chip 2D Mesh Simulator 
This simulator was designed based on The Discrete Event Simulation.
It's a final year project to obtain the Master Degree
Student developer : Ziraoui Zakaria 
Supervisor: Prof. Mohamed Ould-Khaoua

Network Simulation Parameters :

Topology : 8 x 8 Mesh 
Number of Nodes  : 64 
Routing : Dimension-ordered (DOR)
Traffic : Uniform Random
Message length : 32 phits
Injection Rate : 180
Transmission Time : 32 Cycles
Batch Means Method : Yes

Please wait, Simulation has been started...

Batch N° 1 : Mean Response Time : 178.22 cycles	Mean Waiting Time : 13.52 cycles	Throughput : 0.366
Batch N° 2 : Mean Response Time : 180.07 cycles	Mean Waiting Time : 13.04 cycles	Throughput : 0.361
Batch N° 3 : Mean Response Time : 177.13 cycles	Mean Waiting Time : 11.48 cycles	Throughput : 0.340
Batch N° 4 : Mean Response Time : 184.46 cycles	Mean Waiting Time : 12.26 cycles	Throughput : 0.352
Batch N° 5 : Mean Response Time : 182.86 cycles	Mean Waiting Time : 14.85 cycles	Throughput : 0.361
Batch N° 6 : Mean Response Time : 177.60 cycles	Mean Waiting Time : 12.33 cycles	Throughput : 0.373
Batch N° 7 : Mean Response Time : 178.89 cycles	Mean Waiting Time : 12.58 cycles	Throughput : 0.347
Batch N° 8 : Mean Response Time : 177.44 cycles	Mean Waiting Time : 10.45 cycles	Throughput : 0.341
Batch N° 9 : Mean Response Time : 180.84 cycles	Mean Waiting Time : 12.83 cycles	Throughput : 0.353
Batch N°10 : Mean Response Time : 180.65 cycles	Mean Waiting Time : 12.46 cycles	Throughput : 0.352

End Of The Simulation at T= 56451.10 cycles
Injection Rate : 180
Batch Size : 2000
Number of Batches : 10
Number of Clients Served : 20000
Overall Response Time : 179.82 cycles
Overall Waiting  Time : 12.58 cycles
Overall Throughput : 0.355 
Standard Deviation Response Time : 2.44415 cycles
Standard Deviation Waiting  Time : 1.16616 cycles
Standard Deviation Throughput : 0.010671 