Simulation Starting Time 2021-09-01 06:33:54
Welcome to Network-On-Chip ExpressCube Simulator 
This simulator was designed based on The Discrete Event Simulation.
It's a final year project to obtain the Master Degree
Student developer : Ziraoui Zakaria 
Supervisor: Prof. Mohamed Ould-Khaoua

Network Simulation Parameters :

Topology : 32 x 32 Express Cube with 4 Hops
Number of Nodes  : 1024 
Routing : Dimension-ordered (DOR)
Traffic : Hotspot [16][16]
Message length : 32 phits
Injection Rate : 200
Transmission Time Normal  Links : 32 Cycles
Transmission Time Express Links : 32 Cycles
Batch Means Method : Yes

Please wait, Simulation has been started...

Batch N° 1 : Mean Response Time : 281.91 cycles	Mean Waiting Time : 23.01 cycles	Throughput : 3.151
Batch N° 2 : Mean Response Time : 360.70 cycles	Mean Waiting Time : 46.28 cycles	Throughput : 4.349
Batch N° 3 : Mean Response Time : 385.61 cycles	Mean Waiting Time : 60.56 cycles	Throughput : 4.193
Batch N° 4 : Mean Response Time : 390.60 cycles	Mean Waiting Time : 76.74 cycles	Throughput : 4.199
Batch N° 5 : Mean Response Time : 410.55 cycles	Mean Waiting Time : 92.26 cycles	Throughput : 4.009
Batch N° 6 : Mean Response Time : 462.80 cycles	Mean Waiting Time : 135.51 cycles	Throughput : 4.041
Batch N° 7 : Mean Response Time : 459.09 cycles	Mean Waiting Time : 136.25 cycles	Throughput : 4.153
Batch N° 8 : Mean Response Time : 465.12 cycles	Mean Waiting Time : 145.90 cycles	Throughput : 3.971
Batch N° 9 : Mean Response Time : 467.78 cycles	Mean Waiting Time : 148.91 cycles	Throughput : 4.382
Batch N°10 : Mean Response Time : 481.85 cycles	Mean Waiting Time : 166.63 cycles	Throughput : 4.057

End Of The Simulation at T= 4976.40 cycles
Injection Rate : 200
Batch Size : 2000
Number of Batches : 10
Number of Clients Served : 20000
Overall Response Time : 416.60 cycles
Overall Waiting  Time : 103.20 cycles
Overall Throughput : 4.050 
Standard Deviation Response Time : 63.34312 cycles
Standard Deviation Waiting  Time : 49.86849 cycles
Standard Deviation Throughput : 0.344724 