Simulation Starting Time 2021-08-17 05:44:48
Welcome to Network-On-Chip 2D Mesh Simulator 
This simulator was designed based on The Discrete Event Simulation.
It's a final year project to obtain the Master Degree
Student developer : Ziraoui Zakaria 
Supervisor: Prof. Mohamed Ould-Khaoua

Network Simulation Parameters :

Topology : 8 x 8 Mesh 
Number of Nodes  : 64 
Routing : Dimension-ordered (DOR)
Traffic : Uniform Random
Message length : 32 phits
Injection Rate : 100
Transmission Time : 32 Cycles
Batch Means Method : Yes

Please wait, Simulation has been started...

Batch N° 1 : Mean Response Time : 287.89 cycles	Mean Waiting Time : 106.85 cycles	Throughput : 0.629
Batch N° 2 : Mean Response Time : 312.82 cycles	Mean Waiting Time : 130.23 cycles	Throughput : 0.638
Batch N° 3 : Mean Response Time : 329.20 cycles	Mean Waiting Time : 145.66 cycles	Throughput : 0.650
Batch N° 4 : Mean Response Time : 300.03 cycles	Mean Waiting Time : 117.76 cycles	Throughput : 0.650
Batch N° 5 : Mean Response Time : 290.57 cycles	Mean Waiting Time : 109.68 cycles	Throughput : 0.635
Batch N° 6 : Mean Response Time : 289.63 cycles	Mean Waiting Time : 108.22 cycles	Throughput : 0.626
Batch N° 7 : Mean Response Time : 283.59 cycles	Mean Waiting Time : 101.90 cycles	Throughput : 0.630
Batch N° 8 : Mean Response Time : 286.71 cycles	Mean Waiting Time : 104.24 cycles	Throughput : 0.631
Batch N° 9 : Mean Response Time : 282.67 cycles	Mean Waiting Time : 101.02 cycles	Throughput : 0.627
Batch N°10 : Mean Response Time : 308.71 cycles	Mean Waiting Time : 124.23 cycles	Throughput : 0.630
Batch N°11 : Mean Response Time : 280.67 cycles	Mean Waiting Time : 97.15 cycles	Throughput : 0.618
Batch N°12 : Mean Response Time : 286.29 cycles	Mean Waiting Time : 104.59 cycles	Throughput : 0.626
Batch N°13 : Mean Response Time : 290.87 cycles	Mean Waiting Time : 108.29 cycles	Throughput : 0.625
Batch N°14 : Mean Response Time : 260.63 cycles	Mean Waiting Time : 80.94 cycles	Throughput : 0.613
Batch N°15 : Mean Response Time : 255.45 cycles	Mean Waiting Time : 76.05 cycles	Throughput : 0.599
Batch N°16 : Mean Response Time : 277.97 cycles	Mean Waiting Time : 97.23 cycles	Throughput : 0.614
Batch N°17 : Mean Response Time : 263.51 cycles	Mean Waiting Time : 82.90 cycles	Throughput : 0.605
Batch N°18 : Mean Response Time : 268.31 cycles	Mean Waiting Time : 88.51 cycles	Throughput : 0.607
Batch N°19 : Mean Response Time : 261.71 cycles	Mean Waiting Time : 81.48 cycles	Throughput : 0.603
Batch N°20 : Mean Response Time : 256.89 cycles	Mean Waiting Time : 75.18 cycles	Throughput : 0.596
Batch N°21 : Mean Response Time : 239.98 cycles	Mean Waiting Time : 61.40 cycles	Throughput : 0.574
Batch N°22 : Mean Response Time : 238.12 cycles	Mean Waiting Time : 59.80 cycles	Throughput : 0.573
Batch N°23 : Mean Response Time : 242.97 cycles	Mean Waiting Time : 64.16 cycles	Throughput : 0.571
Batch N°24 : Mean Response Time : 249.99 cycles	Mean Waiting Time : 72.26 cycles	Throughput : 0.584
Batch N°25 : Mean Response Time : 250.47 cycles	Mean Waiting Time : 71.26 cycles	Throughput : 0.580
Batch N°26 : Mean Response Time : 245.49 cycles	Mean Waiting Time : 68.09 cycles	Throughput : 0.589
Batch N°27 : Mean Response Time : 239.30 cycles	Mean Waiting Time : 61.46 cycles	Throughput : 0.571
Batch N°28 : Mean Response Time : 239.22 cycles	Mean Waiting Time : 62.22 cycles	Throughput : 0.568
Batch N°29 : Mean Response Time : 239.96 cycles	Mean Waiting Time : 61.87 cycles	Throughput : 0.566
Batch N°30 : Mean Response Time : 228.46 cycles	Mean Waiting Time : 51.77 cycles	Throughput : 0.542
Batch N°31 : Mean Response Time : 234.18 cycles	Mean Waiting Time : 55.20 cycles	Throughput : 0.551
Batch N°32 : Mean Response Time : 234.04 cycles	Mean Waiting Time : 55.32 cycles	Throughput : 0.551
Batch N°33 : Mean Response Time : 226.81 cycles	Mean Waiting Time : 50.07 cycles	Throughput : 0.547
Batch N°34 : Mean Response Time : 231.43 cycles	Mean Waiting Time : 53.70 cycles	Throughput : 0.554
Batch N°35 : Mean Response Time : 232.27 cycles	Mean Waiting Time : 54.19 cycles	Throughput : 0.556
Batch N°36 : Mean Response Time : 221.02 cycles	Mean Waiting Time : 45.92 cycles	Throughput : 0.531

End Of The Simulation at T= 605789.69 cycles
Injection Rate : 100
Batch Size : 10000
Number of Batches : 36
Number of Clients Served : 360000
Overall Response Time : 262.99 cycles
Overall Waiting  Time : 83.08 cycles
Overall Throughput : 0.596 
Standard Deviation Response Time : 28.02459 cycles
Standard Deviation Waiting  Time : 25.97169 cycles
Standard Deviation Throughput : 0.033818 