Simulation Starting Time 2021-09-01 06:03:34
Welcome to Network-On-Chip ExpressCube Simulator 
This simulator was designed based on The Discrete Event Simulation.
It's a final year project to obtain the Master Degree
Student developer : Ziraoui Zakaria 
Supervisor: Prof. Mohamed Ould-Khaoua

Network Simulation Parameters :

Topology : 8 x 8 Express Cube with 2 Hops
Number of Nodes  : 64 
Routing : Dimension-ordered (DOR)
Traffic : Hotspot [4][4]
Message length : 32 phits
Injection Rate : 350
Transmission Time Normal  Links : 32 Cycles
Transmission Time Express Links : 32 Cycles
Batch Means Method : Yes

Please wait, Simulation has been started...

Batch N° 1 : Mean Response Time : 117.85 cycles	Mean Waiting Time : 4.59 cycles	Throughput : 0.189
Batch N° 2 : Mean Response Time : 119.49 cycles	Mean Waiting Time : 4.77 cycles	Throughput : 0.182
Batch N° 3 : Mean Response Time : 118.70 cycles	Mean Waiting Time : 3.26 cycles	Throughput : 0.185
Batch N° 4 : Mean Response Time : 118.23 cycles	Mean Waiting Time : 3.97 cycles	Throughput : 0.180
Batch N° 5 : Mean Response Time : 117.43 cycles	Mean Waiting Time : 2.64 cycles	Throughput : 0.180
Batch N° 6 : Mean Response Time : 117.90 cycles	Mean Waiting Time : 3.79 cycles	Throughput : 0.176
Batch N° 7 : Mean Response Time : 120.07 cycles	Mean Waiting Time : 3.69 cycles	Throughput : 0.181
Batch N° 8 : Mean Response Time : 120.41 cycles	Mean Waiting Time : 4.73 cycles	Throughput : 0.186
Batch N° 9 : Mean Response Time : 119.82 cycles	Mean Waiting Time : 4.40 cycles	Throughput : 0.184
Batch N°10 : Mean Response Time : 117.35 cycles	Mean Waiting Time : 3.17 cycles	Throughput : 0.183

End Of The Simulation at T= 109539.11 cycles
Injection Rate : 350
Batch Size : 2000
Number of Batches : 10
Number of Clients Served : 20000
Overall Response Time : 118.72 cycles
Overall Waiting  Time : 3.90 cycles
Overall Throughput : 0.183 
Standard Deviation Response Time : 1.14011 cycles
Standard Deviation Waiting  Time : 0.72731 cycles
Standard Deviation Throughput : 0.003694 