Simulation Starting Time 2021-09-02 06:50:14
Welcome to Network-On-Chip ExpressCube Simulator 
This simulator was designed based on The Discrete Event Simulation.
It's a final year project to obtain the Master Degree
Student developer : Ziraoui Zakaria 
Supervisor: Prof. Mohamed Ould-Khaoua

Network Simulation Parameters :

Topology : 32 x 32 Express Cube with 4 Hops
Number of Nodes  : 1024 
Routing : Dimension-ordered (DOR)
Traffic : Uniform Random
Message length : 32 phits
Injection Rate : 250
Transmission Time Normal  Links : 96 Cycles
Transmission Time Express Links : 96 Cycles
Batch Means Method : Yes

Please wait, Simulation has been started...

Batch N° 1 : Mean Response Time : 768.67 cycles	Mean Waiting Time : 96.85 cycles	Throughput : 1.316
Batch N° 2 : Mean Response Time : 1208.54 cycles	Mean Waiting Time : 331.29 cycles	Throughput : 2.272
Batch N° 3 : Mean Response Time : 1465.32 cycles	Mean Waiting Time : 553.51 cycles	Throughput : 2.604
Batch N° 4 : Mean Response Time : 1714.31 cycles	Mean Waiting Time : 771.44 cycles	Throughput : 2.420
Batch N° 5 : Mean Response Time : 1901.22 cycles	Mean Waiting Time : 964.71 cycles	Throughput : 2.551
Batch N° 6 : Mean Response Time : 2087.70 cycles	Mean Waiting Time : 1146.94 cycles	Throughput : 2.533
Batch N° 7 : Mean Response Time : 2294.66 cycles	Mean Waiting Time : 1345.80 cycles	Throughput : 2.604
Batch N° 8 : Mean Response Time : 2469.61 cycles	Mean Waiting Time : 1523.65 cycles	Throughput : 2.584
Batch N° 9 : Mean Response Time : 2670.82 cycles	Mean Waiting Time : 1737.23 cycles	Throughput : 2.611
Batch N°10 : Mean Response Time : 2870.58 cycles	Mean Waiting Time : 1926.41 cycles	Throughput : 2.555

End Of The Simulation at T= 8658.75 cycles
Injection Rate : 250
Batch Size : 2000
Number of Batches : 10
Number of Clients Served : 20000
Overall Response Time : 1945.14 cycles
Overall Waiting  Time : 1039.78 cycles
Overall Throughput : 2.405 
Standard Deviation Response Time : 667.72534 cycles
Standard Deviation Waiting  Time : 607.08673 cycles
Standard Deviation Throughput : 0.396930 