Simulation Starting Time 2021-08-31 06:37:30
Welcome to Network-On-Chip 2D Mesh Simulator 
This simulator was designed based on The Discrete Event Simulation.
It's a final year project to obtain the Master Degree
Student developer : Ziraoui Zakaria 
Supervisor: Prof. Mohamed Ould-Khaoua

Network Simulation Parameters :

Topology : 32 x 32 Mesh 
Number of Nodes  : 1024 
Routing : Dimension-ordered (DOR)
Traffic : Uniform Random
Message length : 32 phits
Injection Rate : 160
Transmission Time : 32 Cycles
Batch Means Method : Yes

Please wait, Simulation has been started...

Batch N° 1 : Mean Response Time : 479.70 cycles	Mean Waiting Time : 65.28 cycles	Throughput : 1.953
Batch N° 2 : Mean Response Time : 811.40 cycles	Mean Waiting Time : 219.82 cycles	Throughput : 3.531
Batch N° 3 : Mean Response Time : 1007.09 cycles	Mean Waiting Time : 384.25 cycles	Throughput : 3.741
Batch N° 4 : Mean Response Time : 1172.63 cycles	Mean Waiting Time : 542.38 cycles	Throughput : 3.733
Batch N° 5 : Mean Response Time : 1371.93 cycles	Mean Waiting Time : 722.76 cycles	Throughput : 3.776
Batch N° 6 : Mean Response Time : 1521.41 cycles	Mean Waiting Time : 873.08 cycles	Throughput : 3.744
Batch N° 7 : Mean Response Time : 1652.22 cycles	Mean Waiting Time : 1006.02 cycles	Throughput : 3.866
Batch N° 8 : Mean Response Time : 1831.82 cycles	Mean Waiting Time : 1178.00 cycles	Throughput : 3.938
Batch N° 9 : Mean Response Time : 1985.71 cycles	Mean Waiting Time : 1338.83 cycles	Throughput : 3.771
Batch N°10 : Mean Response Time : 2112.49 cycles	Mean Waiting Time : 1472.51 cycles	Throughput : 3.906

End Of The Simulation at T= 5792.00 cycles
Injection Rate : 160
Batch Size : 2000
Number of Batches : 10
Number of Clients Served : 20000
Overall Response Time : 1394.64 cycles
Overall Waiting  Time : 780.29 cycles
Overall Throughput : 3.596 
Standard Deviation Response Time : 528.67865 cycles
Standard Deviation Waiting  Time : 477.37625 cycles
Standard Deviation Throughput : 0.588283 