Simulation Starting Time 2021-09-04 04:21:20
Welcome to Network-On-Chip ExpressCube Simulator 
This simulator was designed based on The Discrete Event Simulation.
It's a final year project to obtain the Master Degree
Student developer : Ziraoui Zakaria 
Supervisor: Prof. Mohamed Ould-Khaoua

Network Simulation Parameters :

Topology : 16 x 16 Express Cube with 4 Hops
Number of Nodes  : 256 
Routing : Dimension-ordered (DOR)
Traffic : Hotspot [8][8]
Message length : 32 phits
Injection Rate : 180
Transmission Time Normal  Links : 96 Cycles
Transmission Time Express Links : 96 Cycles
Batch Means Method : Yes

Please wait, Simulation has been started...

Batch N° 1 : Mean Response Time : 878.94 cycles	Mean Waiting Time : 271.24 cycles	Throughput : 0.694
Batch N° 2 : Mean Response Time : 1370.15 cycles	Mean Waiting Time : 697.83 cycles	Throughput : 0.889
Batch N° 3 : Mean Response Time : 1699.07 cycles	Mean Waiting Time : 1030.84 cycles	Throughput : 0.921
Batch N° 4 : Mean Response Time : 1949.17 cycles	Mean Waiting Time : 1277.42 cycles	Throughput : 0.907
Batch N° 5 : Mean Response Time : 2248.58 cycles	Mean Waiting Time : 1571.44 cycles	Throughput : 0.936
Batch N° 6 : Mean Response Time : 2555.45 cycles	Mean Waiting Time : 1876.57 cycles	Throughput : 0.921
Batch N° 7 : Mean Response Time : 2827.15 cycles	Mean Waiting Time : 2148.15 cycles	Throughput : 0.944
Batch N° 8 : Mean Response Time : 3037.79 cycles	Mean Waiting Time : 2352.75 cycles	Throughput : 0.945
Batch N° 9 : Mean Response Time : 3373.48 cycles	Mean Waiting Time : 2695.81 cycles	Throughput : 0.942
Batch N°10 : Mean Response Time : 3612.24 cycles	Mean Waiting Time : 2939.77 cycles	Throughput : 0.907

End Of The Simulation at T= 22375.90 cycles
Injection Rate : 180
Batch Size : 2000
Number of Batches : 10
Number of Clients Served : 20000
Overall Response Time : 2355.20 cycles
Overall Waiting  Time : 1686.18 cycles
Overall Throughput : 0.901 
Standard Deviation Response Time : 888.33154 cycles
Standard Deviation Waiting  Time : 873.90826 cycles
Standard Deviation Throughput : 0.074811 