Simulation Starting Time 2021-09-02 06:19:51
Welcome to Network-On-Chip ExpressCube Simulator 
This simulator was designed based on The Discrete Event Simulation.
It's a final year project to obtain the Master Degree
Student developer : Ziraoui Zakaria 
Supervisor: Prof. Mohamed Ould-Khaoua

Network Simulation Parameters :

Topology : 16 x 16 Express Cube with 4 Hops
Number of Nodes  : 256 
Routing : Dimension-ordered (DOR)
Traffic : Uniform Random
Message length : 32 phits
Injection Rate : 50
Transmission Time Normal  Links : 96 Cycles
Transmission Time Express Links : 96 Cycles
Batch Means Method : Yes

Please wait, Simulation has been started...

Batch N° 1 : Mean Response Time : 1182.53 cycles	Mean Waiting Time : 594.03 cycles	Throughput : 0.833
Batch N° 2 : Mean Response Time : 2552.05 cycles	Mean Waiting Time : 1865.80 cycles	Throughput : 1.096
Batch N° 3 : Mean Response Time : 3815.47 cycles	Mean Waiting Time : 3129.81 cycles	Throughput : 1.096
Batch N° 4 : Mean Response Time : 5100.57 cycles	Mean Waiting Time : 4418.42 cycles	Throughput : 1.157
Batch N° 5 : Mean Response Time : 6264.08 cycles	Mean Waiting Time : 5555.85 cycles	Throughput : 1.096
Batch N° 6 : Mean Response Time : 7550.57 cycles	Mean Waiting Time : 6850.40 cycles	Throughput : 1.216
Batch N° 7 : Mean Response Time : 8756.23 cycles	Mean Waiting Time : 8062.72 cycles	Throughput : 1.166
Batch N° 8 : Mean Response Time : 9857.90 cycles	Mean Waiting Time : 9172.59 cycles	Throughput : 1.157
Batch N° 9 : Mean Response Time : 11086.83 cycles	Mean Waiting Time : 10380.80 cycles	Throughput : 1.157
Batch N°10 : Mean Response Time : 12305.14 cycles	Mean Waiting Time : 11604.52 cycles	Throughput : 1.157

End Of The Simulation at T= 18144.00 cycles
Injection Rate : 50
Batch Size : 2000
Number of Batches : 10
Number of Clients Served : 20000
Overall Response Time : 6847.14 cycles
Overall Waiting  Time : 6163.50 cycles
Overall Throughput : 1.113 
Standard Deviation Response Time : 3713.12988 cycles
Standard Deviation Waiting  Time : 3691.29517 cycles
Standard Deviation Throughput : 0.105562 