Simulation Starting Time 2021-09-04 04:20:07
Welcome to Network-On-Chip ExpressCube Simulator 
This simulator was designed based on The Discrete Event Simulation.
It's a final year project to obtain the Master Degree
Student developer : Ziraoui Zakaria 
Supervisor: Prof. Mohamed Ould-Khaoua

Network Simulation Parameters :

Topology : 16 x 16 Express Cube with 2 Hops
Number of Nodes  : 256 
Routing : Dimension-ordered (DOR)
Traffic : Hotspot [8][8]
Message length : 32 phits
Injection Rate : 150
Transmission Time Normal  Links : 64 Cycles
Transmission Time Express Links : 64 Cycles
Batch Means Method : Yes

Please wait, Simulation has been started...

Batch N° 1 : Mean Response Time : 671.81 cycles	Mean Waiting Time : 241.97 cycles	Throughput : 0.841
Batch N° 2 : Mean Response Time : 1217.76 cycles	Mean Waiting Time : 735.80 cycles	Throughput : 0.997
Batch N° 3 : Mean Response Time : 1675.29 cycles	Mean Waiting Time : 1193.64 cycles	Throughput : 1.026
Batch N° 4 : Mean Response Time : 2072.95 cycles	Mean Waiting Time : 1580.95 cycles	Throughput : 1.030
Batch N° 5 : Mean Response Time : 2569.91 cycles	Mean Waiting Time : 2067.29 cycles	Throughput : 1.018
Batch N° 6 : Mean Response Time : 2915.09 cycles	Mean Waiting Time : 2424.56 cycles	Throughput : 1.034
Batch N° 7 : Mean Response Time : 3332.05 cycles	Mean Waiting Time : 2840.14 cycles	Throughput : 1.005
Batch N° 8 : Mean Response Time : 3697.63 cycles	Mean Waiting Time : 3206.71 cycles	Throughput : 1.019
Batch N° 9 : Mean Response Time : 4197.74 cycles	Mean Waiting Time : 3704.99 cycles	Throughput : 1.048
Batch N°10 : Mean Response Time : 4610.08 cycles	Mean Waiting Time : 4112.19 cycles	Throughput : 1.002

End Of The Simulation at T= 20032.71 cycles
Injection Rate : 150
Batch Size : 2000
Number of Batches : 10
Number of Clients Served : 20000
Overall Response Time : 2696.03 cycles
Overall Waiting  Time : 2210.82 cycles
Overall Throughput : 1.002 
Standard Deviation Response Time : 1295.42773 cycles
Standard Deviation Waiting  Time : 1281.72363 cycles
Standard Deviation Throughput : 0.058852 