Simulation Starting Time 2021-09-04 04:43:20
Welcome to Network-On-Chip ExpressCube Simulator 
This simulator was designed based on The Discrete Event Simulation.
It's a final year project to obtain the Master Degree
Student developer : Ziraoui Zakaria 
Supervisor: Prof. Mohamed Ould-Khaoua

Network Simulation Parameters :

Topology : 32 x 32 Express Cube with 2 Hops
Number of Nodes  : 1024 
Routing : Dimension-ordered (DOR)
Traffic : Hotspot [16][16]
Message length : 32 phits
Injection Rate : 180
Transmission Time Normal  Links : 64 Cycles
Transmission Time Express Links : 64 Cycles
Batch Means Method : Yes

Please wait, Simulation has been started...

Batch N° 1 : Mean Response Time : 642.96 cycles	Mean Waiting Time : 121.04 cycles	Throughput : 1.354
Batch N° 2 : Mean Response Time : 1129.05 cycles	Mean Waiting Time : 429.88 cycles	Throughput : 1.934
Batch N° 3 : Mean Response Time : 1445.74 cycles	Mean Waiting Time : 726.86 cycles	Throughput : 2.006
Batch N° 4 : Mean Response Time : 1777.14 cycles	Mean Waiting Time : 1054.33 cycles	Throughput : 2.057
Batch N° 5 : Mean Response Time : 2075.76 cycles	Mean Waiting Time : 1350.43 cycles	Throughput : 2.083
Batch N° 6 : Mean Response Time : 2415.54 cycles	Mean Waiting Time : 1674.56 cycles	Throughput : 2.083
Batch N° 7 : Mean Response Time : 2657.64 cycles	Mean Waiting Time : 1927.53 cycles	Throughput : 2.083
Batch N° 8 : Mean Response Time : 3006.18 cycles	Mean Waiting Time : 2269.28 cycles	Throughput : 2.130
Batch N° 9 : Mean Response Time : 3267.75 cycles	Mean Waiting Time : 2529.64 cycles	Throughput : 2.075
Batch N°10 : Mean Response Time : 3535.48 cycles	Mean Waiting Time : 2793.29 cycles	Throughput : 2.104

End Of The Simulation at T= 10213.70 cycles
Injection Rate : 180
Batch Size : 2000
Number of Batches : 10
Number of Clients Served : 20000
Overall Response Time : 2195.32 cycles
Overall Waiting  Time : 1487.68 cycles
Overall Throughput : 1.991 
Standard Deviation Response Time : 952.40363 cycles
Standard Deviation Waiting  Time : 906.86902 cycles
Standard Deviation Throughput : 0.230372 