Simulation Starting Time 2021-09-02 06:19:04
Welcome to Network-On-Chip ExpressCube Simulator 
This simulator was designed based on The Discrete Event Simulation.
It's a final year project to obtain the Master Degree
Student developer : Ziraoui Zakaria 
Supervisor: Prof. Mohamed Ould-Khaoua

Network Simulation Parameters :

Topology : 16 x 16 Express Cube with 4 Hops
Number of Nodes  : 256 
Routing : Dimension-ordered (DOR)
Traffic : Uniform Random
Message length : 32 phits
Injection Rate : 9200
Transmission Time Normal  Links : 96 Cycles
Transmission Time Express Links : 96 Cycles
Batch Means Method : Yes

Please wait, Simulation has been started...

Batch N° 1 : Mean Response Time : 617.95 cycles	Mean Waiting Time : 1.74 cycles	Throughput : 0.032
Batch N° 2 : Mean Response Time : 597.73 cycles	Mean Waiting Time : 0.51 cycles	Throughput : 0.027
Batch N° 3 : Mean Response Time : 615.03 cycles	Mean Waiting Time : 0.43 cycles	Throughput : 0.027
Batch N° 4 : Mean Response Time : 615.79 cycles	Mean Waiting Time : 0.49 cycles	Throughput : 0.029
Batch N° 5 : Mean Response Time : 619.40 cycles	Mean Waiting Time : 0.42 cycles	Throughput : 0.028
Batch N° 6 : Mean Response Time : 603.34 cycles	Mean Waiting Time : 0.64 cycles	Throughput : 0.026
Batch N° 7 : Mean Response Time : 606.04 cycles	Mean Waiting Time : 0.55 cycles	Throughput : 0.028
Batch N° 8 : Mean Response Time : 609.22 cycles	Mean Waiting Time : 0.28 cycles	Throughput : 0.027
Batch N° 9 : Mean Response Time : 610.18 cycles	Mean Waiting Time : 0.61 cycles	Throughput : 0.028
Batch N°10 : Mean Response Time : 627.43 cycles	Mean Waiting Time : 0.68 cycles	Throughput : 0.027

End Of The Simulation at T= 717185.63 cycles
Injection Rate : 9200
Batch Size : 2000
Number of Batches : 10
Number of Clients Served : 20000
Overall Response Time : 612.21 cycles
Overall Waiting  Time : 0.64 cycles
Overall Throughput : 0.028 
Standard Deviation Response Time : 8.66784 cycles
Standard Deviation Waiting  Time : 0.40565 cycles
Standard Deviation Throughput : 0.001612 