Simulation Starting Time 2021-09-02 07:07:18
Welcome to Network-On-Chip ExpressCube Simulator 
This simulator was designed based on The Discrete Event Simulation.
It's a final year project to obtain the Master Degree
Student developer : Ziraoui Zakaria 
Supervisor: Prof. Mohamed Ould-Khaoua

Network Simulation Parameters :

Topology : 32 x 32 Express Cube with 8 Hops
Number of Nodes  : 1024 
Routing : Dimension-ordered (DOR)
Traffic : Uniform Random
Message length : 32 phits
Injection Rate : 100
Transmission Time Normal  Links : 160 Cycles
Transmission Time Express Links : 160 Cycles
Batch Means Method : Yes

Please wait, Simulation has been started...

Batch N° 1 : Mean Response Time : 1571.80 cycles	Mean Waiting Time : 418.20 cycles	Throughput : 0.735
Batch N° 2 : Mean Response Time : 2903.91 cycles	Mean Waiting Time : 1349.20 cycles	Throughput : 1.389
Batch N° 3 : Mean Response Time : 3992.43 cycles	Mean Waiting Time : 2354.41 cycles	Throughput : 1.389
Batch N° 4 : Mean Response Time : 5032.33 cycles	Mean Waiting Time : 3373.41 cycles	Throughput : 1.482
Batch N° 5 : Mean Response Time : 6051.83 cycles	Mean Waiting Time : 4360.85 cycles	Throughput : 1.459
Batch N° 6 : Mean Response Time : 7131.13 cycles	Mean Waiting Time : 5414.39 cycles	Throughput : 1.534
Batch N° 7 : Mean Response Time : 8097.69 cycles	Mean Waiting Time : 6366.39 cycles	Throughput : 1.413
Batch N° 8 : Mean Response Time : 9082.32 cycles	Mean Waiting Time : 7358.97 cycles	Throughput : 1.563
Batch N° 9 : Mean Response Time : 10084.71 cycles	Mean Waiting Time : 8339.74 cycles	Throughput : 1.389
Batch N°10 : Mean Response Time : 11103.55 cycles	Mean Waiting Time : 9334.54 cycles	Throughput : 1.563

End Of The Simulation at T= 15040.00 cycles
Injection Rate : 100
Batch Size : 2000
Number of Batches : 10
Number of Clients Served : 20000
Overall Response Time : 6505.17 cycles
Overall Waiting  Time : 4867.01 cycles
Overall Throughput : 1.391 
Standard Deviation Response Time : 3153.89893 cycles
Standard Deviation Waiting  Time : 3013.73584 cycles
Standard Deviation Throughput : 0.240953 