Simulation Starting Time 2021-09-02 06:19:05
Welcome to Network-On-Chip ExpressCube Simulator 
This simulator was designed based on The Discrete Event Simulation.
It's a final year project to obtain the Master Degree
Student developer : Ziraoui Zakaria 
Supervisor: Prof. Mohamed Ould-Khaoua

Network Simulation Parameters :

Topology : 16 x 16 Express Cube with 4 Hops
Number of Nodes  : 256 
Routing : Dimension-ordered (DOR)
Traffic : Uniform Random
Message length : 32 phits
Injection Rate : 1000
Transmission Time Normal  Links : 96 Cycles
Transmission Time Express Links : 96 Cycles
Batch Means Method : Yes

Please wait, Simulation has been started...

Batch N° 1 : Mean Response Time : 639.93 cycles	Mean Waiting Time : 16.39 cycles	Throughput : 0.268
Batch N° 2 : Mean Response Time : 639.42 cycles	Mean Waiting Time : 13.14 cycles	Throughput : 0.254
Batch N° 3 : Mean Response Time : 656.58 cycles	Mean Waiting Time : 12.67 cycles	Throughput : 0.254
Batch N° 4 : Mean Response Time : 642.77 cycles	Mean Waiting Time : 13.95 cycles	Throughput : 0.266
Batch N° 5 : Mean Response Time : 649.08 cycles	Mean Waiting Time : 14.41 cycles	Throughput : 0.256
Batch N° 6 : Mean Response Time : 643.69 cycles	Mean Waiting Time : 13.94 cycles	Throughput : 0.260
Batch N° 7 : Mean Response Time : 644.28 cycles	Mean Waiting Time : 12.45 cycles	Throughput : 0.259
Batch N° 8 : Mean Response Time : 643.54 cycles	Mean Waiting Time : 14.66 cycles	Throughput : 0.261
Batch N° 9 : Mean Response Time : 638.45 cycles	Mean Waiting Time : 15.00 cycles	Throughput : 0.254
Batch N°10 : Mean Response Time : 641.17 cycles	Mean Waiting Time : 12.18 cycles	Throughput : 0.251

End Of The Simulation at T= 77448.07 cycles
Injection Rate : 1000
Batch Size : 2000
Number of Batches : 10
Number of Clients Served : 20000
Overall Response Time : 643.89 cycles
Overall Waiting  Time : 13.88 cycles
Overall Throughput : 0.258 
Standard Deviation Response Time : 5.39732 cycles
Standard Deviation Waiting  Time : 1.30747 cycles
Standard Deviation Throughput : 0.005450 