Simulation Starting Time 2021-08-31 06:48:13
Welcome to Network-On-Chip ExpressCube Simulator 
This simulator was designed based on The Discrete Event Simulation.
It's a final year project to obtain the Master Degree
Student developer : Ziraoui Zakaria 
Supervisor: Prof. Mohamed Ould-Khaoua

Network Simulation Parameters :

Topology : 32 x 32 Express Cube with 2 Hops
Number of Nodes  : 1024 
Routing : Dimension-ordered (DOR)
Traffic : Uniform Random
Message length : 32 phits
Injection Rate : 10500
Transmission Time Normal  Links : 32 Cycles
Transmission Time Express Links : 32 Cycles
Batch Means Method : Yes

Please wait, Simulation has been started...

Batch N° 1 : Mean Response Time : 407.82 cycles	Mean Waiting Time : 13.01 cycles	Throughput : 0.190
Batch N° 2 : Mean Response Time : 377.43 cycles	Mean Waiting Time : 0.06 cycles	Throughput : 0.095
Batch N° 3 : Mean Response Time : 376.99 cycles	Mean Waiting Time : 0.07 cycles	Throughput : 0.100
Batch N° 4 : Mean Response Time : 375.06 cycles	Mean Waiting Time : 0.07 cycles	Throughput : 0.096
Batch N° 5 : Mean Response Time : 379.90 cycles	Mean Waiting Time : 0.05 cycles	Throughput : 0.098
Batch N° 6 : Mean Response Time : 381.16 cycles	Mean Waiting Time : 0.08 cycles	Throughput : 0.096
Batch N° 7 : Mean Response Time : 379.31 cycles	Mean Waiting Time : 0.08 cycles	Throughput : 0.100
Batch N° 8 : Mean Response Time : 384.01 cycles	Mean Waiting Time : 0.05 cycles	Throughput : 0.097
Batch N° 9 : Mean Response Time : 377.93 cycles	Mean Waiting Time : 0.08 cycles	Throughput : 0.093
Batch N°10 : Mean Response Time : 374.13 cycles	Mean Waiting Time : 0.07 cycles	Throughput : 0.096

End Of The Simulation at T= 196448.00 cycles
Injection Rate : 10500
Batch Size : 2000
Number of Batches : 10
Number of Clients Served : 20000
Overall Response Time : 381.37 cycles
Overall Waiting  Time : 1.36 cycles
Overall Throughput : 0.106 
Standard Deviation Response Time : 9.72751 cycles
Standard Deviation Waiting  Time : 4.09204 cycles
Standard Deviation Throughput : 0.029670 