Simulation Starting Time 2021-09-04 04:21:23
Welcome to Network-On-Chip ExpressCube Simulator 
This simulator was designed based on The Discrete Event Simulation.
It's a final year project to obtain the Master Degree
Student developer : Ziraoui Zakaria 
Supervisor: Prof. Mohamed Ould-Khaoua

Network Simulation Parameters :

Topology : 16 x 16 Express Cube with 4 Hops
Number of Nodes  : 256 
Routing : Dimension-ordered (DOR)
Traffic : Hotspot [8][8]
Message length : 32 phits
Injection Rate : 160
Transmission Time Normal  Links : 96 Cycles
Transmission Time Express Links : 96 Cycles
Batch Means Method : Yes

Please wait, Simulation has been started...

Batch N° 1 : Mean Response Time : 852.45 cycles	Mean Waiting Time : 270.27 cycles	Throughput : 0.718
Batch N° 2 : Mean Response Time : 1440.59 cycles	Mean Waiting Time : 765.96 cycles	Throughput : 0.947
Batch N° 3 : Mean Response Time : 1823.39 cycles	Mean Waiting Time : 1152.80 cycles	Throughput : 0.947
Batch N° 4 : Mean Response Time : 2246.34 cycles	Mean Waiting Time : 1573.00 cycles	Throughput : 0.983
Batch N° 5 : Mean Response Time : 2631.30 cycles	Mean Waiting Time : 1945.06 cycles	Throughput : 0.955
Batch N° 6 : Mean Response Time : 2982.07 cycles	Mean Waiting Time : 2309.64 cycles	Throughput : 0.970
Batch N° 7 : Mean Response Time : 3348.95 cycles	Mean Waiting Time : 2657.34 cycles	Throughput : 0.970
Batch N° 8 : Mean Response Time : 3564.34 cycles	Mean Waiting Time : 2896.87 cycles	Throughput : 0.965
Batch N° 9 : Mean Response Time : 4103.30 cycles	Mean Waiting Time : 3417.83 cycles	Throughput : 1.005
Batch N°10 : Mean Response Time : 4408.89 cycles	Mean Waiting Time : 3712.55 cycles	Throughput : 0.960

End Of The Simulation at T= 21408.00 cycles
Injection Rate : 160
Batch Size : 2000
Number of Batches : 10
Number of Clients Served : 20000
Overall Response Time : 2740.16 cycles
Overall Waiting  Time : 2070.13 cycles
Overall Throughput : 0.942 
Standard Deviation Response Time : 1159.49036 cycles
Standard Deviation Waiting  Time : 1137.45032 cycles
Standard Deviation Throughput : 0.080461 