Simulation Starting Time 2021-08-31 07:14:02
Welcome to Network-On-Chip ExpressCube Simulator 
This simulator was designed based on The Discrete Event Simulation.
It's a final year project to obtain the Master Degree
Student developer : Ziraoui Zakaria 
Supervisor: Prof. Mohamed Ould-Khaoua

Network Simulation Parameters :

Topology : 16 x 16 Express Cube with 8 Hops
Number of Nodes  : 256 
Routing : Dimension-ordered (DOR)
Traffic : Uniform Random
Message length : 32 phits
Injection Rate : 200
Transmission Time Normal  Links : 32 Cycles
Transmission Time Express Links : 32 Cycles
Batch Means Method : Yes

Please wait, Simulation has been started...

Batch N° 1 : Mean Response Time : 318.97 cycles	Mean Waiting Time : 37.95 cycles	Throughput : 1.169
Batch N° 2 : Mean Response Time : 339.94 cycles	Mean Waiting Time : 40.05 cycles	Throughput : 1.239
Batch N° 3 : Mean Response Time : 347.74 cycles	Mean Waiting Time : 47.57 cycles	Throughput : 1.298
Batch N° 4 : Mean Response Time : 348.14 cycles	Mean Waiting Time : 46.65 cycles	Throughput : 1.266
Batch N° 5 : Mean Response Time : 355.31 cycles	Mean Waiting Time : 55.12 cycles	Throughput : 1.306
Batch N° 6 : Mean Response Time : 350.48 cycles	Mean Waiting Time : 48.34 cycles	Throughput : 1.263
Batch N° 7 : Mean Response Time : 348.22 cycles	Mean Waiting Time : 53.59 cycles	Throughput : 1.271
Batch N° 8 : Mean Response Time : 335.74 cycles	Mean Waiting Time : 40.75 cycles	Throughput : 1.303
Batch N° 9 : Mean Response Time : 353.70 cycles	Mean Waiting Time : 52.23 cycles	Throughput : 1.330
Batch N°10 : Mean Response Time : 351.40 cycles	Mean Waiting Time : 50.98 cycles	Throughput : 1.347

End Of The Simulation at T= 15657.88 cycles
Injection Rate : 200
Batch Size : 2000
Number of Batches : 10
Number of Clients Served : 20000
Overall Response Time : 344.96 cycles
Overall Waiting  Time : 47.32 cycles
Overall Throughput : 1.279 
Standard Deviation Response Time : 10.90256 cycles
Standard Deviation Waiting  Time : 5.99105 cycles
Standard Deviation Throughput : 0.050561 