Simulation Starting Time 2021-09-04 04:17:50
Welcome to Network-On-Chip 2D Mesh Simulator 
This simulator was designed based on The Discrete Event Simulation.
It's a final year project to obtain the Master Degree
Student developer : Ziraoui Zakaria 
Supervisor: Prof. Mohamed Ould-Khaoua

Network Simulation Parameters :

Topology : 16 x 16 Mesh 
Number of Nodes  : 256 
Routing : Dimension-ordered (DOR)
Traffic : Hotspot [8][8]
Message length : 32 phits
Injection Rate : 1000
Transmission Time : 32 Cycles
Batch Means Method : Yes

Please wait, Simulation has been started...

Batch N° 1 : Mean Response Time : 327.52 cycles	Mean Waiting Time : 12.18 cycles	Throughput : 0.290
Batch N° 2 : Mean Response Time : 324.79 cycles	Mean Waiting Time : 4.30 cycles	Throughput : 0.250
Batch N° 3 : Mean Response Time : 321.95 cycles	Mean Waiting Time : 7.88 cycles	Throughput : 0.251
Batch N° 4 : Mean Response Time : 325.74 cycles	Mean Waiting Time : 13.41 cycles	Throughput : 0.249
Batch N° 5 : Mean Response Time : 322.42 cycles	Mean Waiting Time : 4.34 cycles	Throughput : 0.259
Batch N° 6 : Mean Response Time : 326.34 cycles	Mean Waiting Time : 6.82 cycles	Throughput : 0.252
Batch N° 7 : Mean Response Time : 323.42 cycles	Mean Waiting Time : 5.92 cycles	Throughput : 0.255
Batch N° 8 : Mean Response Time : 322.77 cycles	Mean Waiting Time : 5.67 cycles	Throughput : 0.258
Batch N° 9 : Mean Response Time : 319.95 cycles	Mean Waiting Time : 5.49 cycles	Throughput : 0.256
Batch N°10 : Mean Response Time : 323.43 cycles	Mean Waiting Time : 10.06 cycles	Throughput : 0.259

End Of The Simulation at T= 77679.36 cycles
Injection Rate : 1000
Batch Size : 2000
Number of Batches : 10
Number of Clients Served : 20000
Overall Response Time : 323.83 cycles
Overall Waiting  Time : 7.61 cycles
Overall Throughput : 0.258 
Standard Deviation Response Time : 2.27340 cycles
Standard Deviation Waiting  Time : 3.23197 cycles
Standard Deviation Throughput : 0.011989 