Simulation Starting Time 2021-09-02 06:20:26
Welcome to Network-On-Chip ExpressCube Simulator 
This simulator was designed based on The Discrete Event Simulation.
It's a final year project to obtain the Master Degree
Student developer : Ziraoui Zakaria 
Supervisor: Prof. Mohamed Ould-Khaoua

Network Simulation Parameters :

Topology : 16 x 16 Express Cube with 8 Hops
Number of Nodes  : 256 
Routing : Dimension-ordered (DOR)
Traffic : Uniform Random
Message length : 32 phits
Injection Rate : 32000
Transmission Time Normal  Links : 160 Cycles
Transmission Time Express Links : 160 Cycles
Batch Means Method : Yes

Please wait, Simulation has been started...

Batch N° 1 : Mean Response Time : 1351.85 cycles	Mean Waiting Time : 2.36 cycles	Throughput : 0.009
Batch N° 2 : Mean Response Time : 1346.64 cycles	Mean Waiting Time : 0.45 cycles	Throughput : 0.008
Batch N° 3 : Mean Response Time : 1375.89 cycles	Mean Waiting Time : 0.29 cycles	Throughput : 0.008
Batch N° 4 : Mean Response Time : 1367.33 cycles	Mean Waiting Time : 0.47 cycles	Throughput : 0.008
Batch N° 5 : Mean Response Time : 1347.84 cycles	Mean Waiting Time : 0.43 cycles	Throughput : 0.008
Batch N° 6 : Mean Response Time : 1358.70 cycles	Mean Waiting Time : 0.33 cycles	Throughput : 0.008
Batch N° 7 : Mean Response Time : 1348.99 cycles	Mean Waiting Time : 0.40 cycles	Throughput : 0.008
Batch N° 8 : Mean Response Time : 1352.66 cycles	Mean Waiting Time : 0.23 cycles	Throughput : 0.008
Batch N° 9 : Mean Response Time : 1359.37 cycles	Mean Waiting Time : 0.47 cycles	Throughput : 0.008
Batch N°10 : Mean Response Time : 1376.02 cycles	Mean Waiting Time : 0.35 cycles	Throughput : 0.008

End Of The Simulation at T= 2460645.50 cycles
Injection Rate : 32000
Batch Size : 2000
Number of Batches : 10
Number of Clients Served : 20000
Overall Response Time : 1358.53 cycles
Overall Waiting  Time : 0.58 cycles
Overall Throughput : 0.008 
Standard Deviation Response Time : 11.11038 cycles
Standard Deviation Waiting  Time : 0.63242 cycles
Standard Deviation Throughput : 0.000347 