Simulation Starting Time 2021-08-31 06:38:31
Welcome to Network-On-Chip 2D Mesh Simulator 
This simulator was designed based on The Discrete Event Simulation.
It's a final year project to obtain the Master Degree
Student developer : Ziraoui Zakaria 
Supervisor: Prof. Mohamed Ould-Khaoua

Network Simulation Parameters :

Topology : 32 x 32 Mesh 
Number of Nodes  : 1024 
Routing : Dimension-ordered (DOR)
Traffic : Uniform Random
Message length : 32 phits
Injection Rate : 150
Transmission Time : 32 Cycles
Batch Means Method : Yes

Please wait, Simulation has been started...

Batch N° 1 : Mean Response Time : 478.99 cycles	Mean Waiting Time : 61.93 cycles	Throughput : 1.954
Batch N° 2 : Mean Response Time : 812.49 cycles	Mean Waiting Time : 228.11 cycles	Throughput : 3.468
Batch N° 3 : Mean Response Time : 1025.75 cycles	Mean Waiting Time : 409.18 cycles	Throughput : 3.696
Batch N° 4 : Mean Response Time : 1216.84 cycles	Mean Waiting Time : 592.36 cycles	Throughput : 3.785
Batch N° 5 : Mean Response Time : 1380.89 cycles	Mean Waiting Time : 758.14 cycles	Throughput : 3.770
Batch N° 6 : Mean Response Time : 1605.23 cycles	Mean Waiting Time : 967.79 cycles	Throughput : 3.906
Batch N° 7 : Mean Response Time : 1737.22 cycles	Mean Waiting Time : 1106.33 cycles	Throughput : 3.906
Batch N° 8 : Mean Response Time : 1857.89 cycles	Mean Waiting Time : 1232.28 cycles	Throughput : 3.938
Batch N° 9 : Mean Response Time : 2019.26 cycles	Mean Waiting Time : 1384.12 cycles	Throughput : 4.131
Batch N°10 : Mean Response Time : 2203.97 cycles	Mean Waiting Time : 1561.86 cycles	Throughput : 4.020

End Of The Simulation at T= 5713.57 cycles
Injection Rate : 150
Batch Size : 2000
Number of Batches : 10
Number of Clients Served : 20000
Overall Response Time : 1433.85 cycles
Overall Waiting  Time : 830.21 cycles
Overall Throughput : 3.657 
Standard Deviation Response Time : 552.90131 cycles
Standard Deviation Waiting  Time : 504.50925 cycles
Standard Deviation Throughput : 0.625771 