Simulation Starting Time 2021-08-31 06:36:27
Welcome to Network-On-Chip 2D Mesh Simulator 
This simulator was designed based on The Discrete Event Simulation.
It's a final year project to obtain the Master Degree
Student developer : Ziraoui Zakaria 
Supervisor: Prof. Mohamed Ould-Khaoua

Network Simulation Parameters :

Topology : 32 x 32 Mesh 
Number of Nodes  : 1024 
Routing : Dimension-ordered (DOR)
Traffic : Uniform Random
Message length : 32 phits
Injection Rate : 180
Transmission Time : 32 Cycles
Batch Means Method : Yes

Please wait, Simulation has been started...

Batch N° 1 : Mean Response Time : 495.57 cycles	Mean Waiting Time : 56.12 cycles	Throughput : 1.933
Batch N° 2 : Mean Response Time : 822.21 cycles	Mean Waiting Time : 209.40 cycles	Throughput : 3.348
Batch N° 3 : Mean Response Time : 1020.04 cycles	Mean Waiting Time : 374.00 cycles	Throughput : 3.668
Batch N° 4 : Mean Response Time : 1182.66 cycles	Mean Waiting Time : 532.03 cycles	Throughput : 3.684
Batch N° 5 : Mean Response Time : 1340.38 cycles	Mean Waiting Time : 678.97 cycles	Throughput : 3.796
Batch N° 6 : Mean Response Time : 1449.33 cycles	Mean Waiting Time : 795.42 cycles	Throughput : 3.733
Batch N° 7 : Mean Response Time : 1598.35 cycles	Mean Waiting Time : 948.13 cycles	Throughput : 3.780
Batch N° 8 : Mean Response Time : 1714.77 cycles	Mean Waiting Time : 1061.57 cycles	Throughput : 3.764
Batch N° 9 : Mean Response Time : 1882.03 cycles	Mean Waiting Time : 1220.80 cycles	Throughput : 3.707
Batch N°10 : Mean Response Time : 2041.01 cycles	Mean Waiting Time : 1383.55 cycles	Throughput : 3.876

End Of The Simulation at T= 5898.68 cycles
Injection Rate : 180
Batch Size : 2000
Number of Batches : 10
Number of Clients Served : 20000
Overall Response Time : 1354.63 cycles
Overall Waiting  Time : 726.00 cycles
Overall Throughput : 3.529 
Standard Deviation Response Time : 484.25461 cycles
Standard Deviation Waiting  Time : 437.58658 cycles
Standard Deviation Throughput : 0.577929 