Simulation Starting Time 2021-09-04 04:19:50
Welcome to Network-On-Chip ExpressCube Simulator 
This simulator was designed based on The Discrete Event Simulation.
It's a final year project to obtain the Master Degree
Student developer : Ziraoui Zakaria 
Supervisor: Prof. Mohamed Ould-Khaoua

Network Simulation Parameters :

Topology : 16 x 16 Express Cube with 2 Hops
Number of Nodes  : 256 
Routing : Dimension-ordered (DOR)
Traffic : Hotspot [8][8]
Message length : 32 phits
Injection Rate : 1000
Transmission Time Normal  Links : 64 Cycles
Transmission Time Express Links : 64 Cycles
Batch Means Method : Yes

Please wait, Simulation has been started...

Batch N° 1 : Mean Response Time : 496.61 cycles	Mean Waiting Time : 88.55 cycles	Throughput : 0.266
Batch N° 2 : Mean Response Time : 716.64 cycles	Mean Waiting Time : 300.97 cycles	Throughput : 0.247
Batch N° 3 : Mean Response Time : 920.24 cycles	Mean Waiting Time : 507.91 cycles	Throughput : 0.236
Batch N° 4 : Mean Response Time : 1138.45 cycles	Mean Waiting Time : 719.47 cycles	Throughput : 0.244
Batch N° 5 : Mean Response Time : 1292.97 cycles	Mean Waiting Time : 881.30 cycles	Throughput : 0.248
Batch N° 6 : Mean Response Time : 1430.72 cycles	Mean Waiting Time : 1020.35 cycles	Throughput : 0.245
Batch N° 7 : Mean Response Time : 1643.98 cycles	Mean Waiting Time : 1242.95 cycles	Throughput : 0.247
Batch N° 8 : Mean Response Time : 1905.92 cycles	Mean Waiting Time : 1495.44 cycles	Throughput : 0.243
Batch N° 9 : Mean Response Time : 2059.38 cycles	Mean Waiting Time : 1651.74 cycles	Throughput : 0.249
Batch N°10 : Mean Response Time : 2183.31 cycles	Mean Waiting Time : 1769.62 cycles	Throughput : 0.244

End Of The Simulation at T= 81115.58 cycles
Injection Rate : 1000
Batch Size : 2000
Number of Batches : 10
Number of Clients Served : 20000
Overall Response Time : 1378.82 cycles
Overall Waiting  Time : 967.83 cycles
Overall Throughput : 0.247 
Standard Deviation Response Time : 572.85028 cycles
Standard Deviation Waiting  Time : 574.06415 cycles
Standard Deviation Throughput : 0.007631 