Simulation Starting Time 2021-09-02 06:19:26
Welcome to Network-On-Chip ExpressCube Simulator 
This simulator was designed based on The Discrete Event Simulation.
It's a final year project to obtain the Master Degree
Student developer : Ziraoui Zakaria 
Supervisor: Prof. Mohamed Ould-Khaoua

Network Simulation Parameters :

Topology : 16 x 16 Express Cube with 4 Hops
Number of Nodes  : 256 
Routing : Dimension-ordered (DOR)
Traffic : Uniform Random
Message length : 32 phits
Injection Rate : 150
Transmission Time Normal  Links : 96 Cycles
Transmission Time Express Links : 96 Cycles
Batch Means Method : Yes

Please wait, Simulation has been started...

Batch N° 1 : Mean Response Time : 892.45 cycles	Mean Waiting Time : 304.87 cycles	Throughput : 0.772
Batch N° 2 : Mean Response Time : 1536.27 cycles	Mean Waiting Time : 857.54 cycles	Throughput : 1.042
Batch N° 3 : Mean Response Time : 2121.38 cycles	Mean Waiting Time : 1427.81 cycles	Throughput : 1.089
Batch N° 4 : Mean Response Time : 2591.21 cycles	Mean Waiting Time : 1892.84 cycles	Throughput : 1.095
Batch N° 5 : Mean Response Time : 2879.75 cycles	Mean Waiting Time : 2199.84 cycles	Throughput : 1.105
Batch N° 6 : Mean Response Time : 3376.33 cycles	Mean Waiting Time : 2690.16 cycles	Throughput : 1.096
Batch N° 7 : Mean Response Time : 3831.95 cycles	Mean Waiting Time : 3130.81 cycles	Throughput : 1.163
Batch N° 8 : Mean Response Time : 4099.74 cycles	Mean Waiting Time : 3408.12 cycles	Throughput : 1.146
Batch N° 9 : Mean Response Time : 4537.00 cycles	Mean Waiting Time : 3840.43 cycles	Throughput : 1.106
Batch N°10 : Mean Response Time : 4979.60 cycles	Mean Waiting Time : 4285.95 cycles	Throughput : 1.121

End Of The Simulation at T= 18864.15 cycles
Injection Rate : 150
Batch Size : 2000
Number of Batches : 10
Number of Clients Served : 20000
Overall Response Time : 3084.57 cycles
Overall Waiting  Time : 2403.84 cycles
Overall Throughput : 1.074 
Standard Deviation Response Time : 1324.58337 cycles
Standard Deviation Waiting  Time : 1302.87036 cycles
Standard Deviation Throughput : 0.111076 