Simulation Starting Time 2021-08-31 05:57:48
Welcome to Network-On-Chip ExpressCube Simulator 
This simulator was designed based on The Discrete Event Simulation.
It's a final year project to obtain the Master Degree
Student developer : Ziraoui Zakaria 
Supervisor: Prof. Mohamed Ould-Khaoua

Network Simulation Parameters :

Topology : 16 x 16 Express Cube with 2 Hops
Number of Nodes  : 256 
Routing : Dimension-ordered (DOR)
Traffic : Uniform Random
Message length : 32 phits
Injection Rate : 400
Transmission Time Normal  Links : 32 Cycles
Transmission Time Express Links : 32 Cycles
Batch Means Method : Yes

Please wait, Simulation has been started...

Batch N° 1 : Mean Response Time : 216.58 cycles	Mean Waiting Time : 5.02 cycles	Throughput : 0.665
Batch N° 2 : Mean Response Time : 214.21 cycles	Mean Waiting Time : 4.39 cycles	Throughput : 0.653
Batch N° 3 : Mean Response Time : 219.83 cycles	Mean Waiting Time : 3.90 cycles	Throughput : 0.633
Batch N° 4 : Mean Response Time : 221.76 cycles	Mean Waiting Time : 4.32 cycles	Throughput : 0.641
Batch N° 5 : Mean Response Time : 217.31 cycles	Mean Waiting Time : 3.66 cycles	Throughput : 0.608
Batch N° 6 : Mean Response Time : 216.25 cycles	Mean Waiting Time : 4.34 cycles	Throughput : 0.657
Batch N° 7 : Mean Response Time : 215.44 cycles	Mean Waiting Time : 4.40 cycles	Throughput : 0.643
Batch N° 8 : Mean Response Time : 214.86 cycles	Mean Waiting Time : 4.52 cycles	Throughput : 0.636
Batch N° 9 : Mean Response Time : 217.91 cycles	Mean Waiting Time : 4.47 cycles	Throughput : 0.651
Batch N°10 : Mean Response Time : 213.46 cycles	Mean Waiting Time : 4.18 cycles	Throughput : 0.623

End Of The Simulation at T= 31214.81 cycles
Injection Rate : 400
Batch Size : 2000
Number of Batches : 10
Number of Clients Served : 20000
Overall Response Time : 216.76 cycles
Overall Waiting  Time : 4.32 cycles
Overall Throughput : 0.641 
Standard Deviation Response Time : 2.56291 cycles
Standard Deviation Waiting  Time : 0.36422 cycles
Standard Deviation Throughput : 0.016989 