Simulation Starting Time 2021-08-31 06:51:03
Welcome to Network-On-Chip ExpressCube Simulator 
This simulator was designed based on The Discrete Event Simulation.
It's a final year project to obtain the Master Degree
Student developer : Ziraoui Zakaria 
Supervisor: Prof. Mohamed Ould-Khaoua

Network Simulation Parameters :

Topology : 32 x 32 Express Cube with 2 Hops
Number of Nodes  : 1024 
Routing : Dimension-ordered (DOR)
Traffic : Uniform Random
Message length : 32 phits
Injection Rate : 90
Transmission Time Normal  Links : 32 Cycles
Transmission Time Express Links : 32 Cycles
Batch Means Method : Yes

Please wait, Simulation has been started...

Batch N° 1 : Mean Response Time : 325.75 cycles	Mean Waiting Time : 65.73 cycles	Throughput : 2.717
Batch N° 2 : Mean Response Time : 557.63 cycles	Mean Waiting Time : 223.69 cycles	Throughput : 4.303
Batch N° 3 : Mean Response Time : 744.31 cycles	Mean Waiting Time : 396.94 cycles	Throughput : 4.318
Batch N° 4 : Mean Response Time : 910.98 cycles	Mean Waiting Time : 555.14 cycles	Throughput : 4.368
Batch N° 5 : Mean Response Time : 1069.54 cycles	Mean Waiting Time : 715.47 cycles	Throughput : 4.230
Batch N° 6 : Mean Response Time : 1224.99 cycles	Mean Waiting Time : 870.20 cycles	Throughput : 4.273
Batch N° 7 : Mean Response Time : 1382.18 cycles	Mean Waiting Time : 1026.40 cycles	Throughput : 4.374
Batch N° 8 : Mean Response Time : 1551.16 cycles	Mean Waiting Time : 1187.78 cycles	Throughput : 4.329
Batch N° 9 : Mean Response Time : 1716.90 cycles	Mean Waiting Time : 1359.20 cycles	Throughput : 4.433
Batch N°10 : Mean Response Time : 1852.15 cycles	Mean Waiting Time : 1493.16 cycles	Throughput : 4.322

End Of The Simulation at T= 4896.00 cycles
Injection Rate : 90
Batch Size : 2000
Number of Batches : 10
Number of Clients Served : 20000
Overall Response Time : 1133.56 cycles
Overall Waiting  Time : 789.37 cycles
Overall Throughput : 4.167 
Standard Deviation Response Time : 504.49393 cycles
Standard Deviation Waiting  Time : 482.98056 cycles
Standard Deviation Throughput : 0.512266 