Simulation Starting Time 2021-08-31 05:31:27
Welcome to Network-On-Chip ExpressCube Simulator 
This simulator was designed based on The Discrete Event Simulation.
It's a final year project to obtain the Master Degree
Student developer : Ziraoui Zakaria 
Supervisor: Prof. Mohamed Ould-Khaoua

Network Simulation Parameters :

Topology : 8 x 8 Express Cube with 4 Hops
Number of Nodes  : 64 
Routing : Dimension-ordered (DOR)
Traffic : Uniform Random
Message length : 32 phits
Injection Rate : 9200
Transmission Time Normal  Links : 32 Cycles
Transmission Time Express Links : 32 Cycles
Batch Means Method : Yes

Please wait, Simulation has been started...

Batch N° 1 : Mean Response Time : 134.02 cycles	Mean Waiting Time : 0.07 cycles	Throughput : 0.007
Batch N° 2 : Mean Response Time : 132.43 cycles	Mean Waiting Time : 0.05 cycles	Throughput : 0.007
Batch N° 3 : Mean Response Time : 133.16 cycles	Mean Waiting Time : 0.05 cycles	Throughput : 0.007
Batch N° 4 : Mean Response Time : 134.73 cycles	Mean Waiting Time : 0.08 cycles	Throughput : 0.007
Batch N° 5 : Mean Response Time : 134.99 cycles	Mean Waiting Time : 0.13 cycles	Throughput : 0.007
Batch N° 6 : Mean Response Time : 134.50 cycles	Mean Waiting Time : 0.10 cycles	Throughput : 0.007
Batch N° 7 : Mean Response Time : 136.54 cycles	Mean Waiting Time : 0.06 cycles	Throughput : 0.007
Batch N° 8 : Mean Response Time : 134.33 cycles	Mean Waiting Time : 0.07 cycles	Throughput : 0.007
Batch N° 9 : Mean Response Time : 132.64 cycles	Mean Waiting Time : 0.08 cycles	Throughput : 0.007
Batch N°10 : Mean Response Time : 133.73 cycles	Mean Waiting Time : 0.06 cycles	Throughput : 0.007

End Of The Simulation at T= 2889743.50 cycles
Injection Rate : 9200
Batch Size : 2000
Number of Batches : 10
Number of Clients Served : 20000
Overall Response Time : 134.11 cycles
Overall Waiting  Time : 0.07 cycles
Overall Throughput : 0.007 
Standard Deviation Response Time : 1.21481 cycles
Standard Deviation Waiting  Time : 0.02320 cycles
Standard Deviation Throughput : 0.000253 