Simulation Starting Time 2021-09-02 06:49:10
Welcome to Network-On-Chip ExpressCube Simulator 
This simulator was designed based on The Discrete Event Simulation.
It's a final year project to obtain the Master Degree
Student developer : Ziraoui Zakaria 
Supervisor: Prof. Mohamed Ould-Khaoua

Network Simulation Parameters :

Topology : 32 x 32 Express Cube with 4 Hops
Number of Nodes  : 1024 
Routing : Dimension-ordered (DOR)
Traffic : Uniform Random
Message length : 32 phits
Injection Rate : 9200
Transmission Time Normal  Links : 96 Cycles
Transmission Time Express Links : 96 Cycles
Batch Means Method : Yes

Please wait, Simulation has been started...

Batch N° 1 : Mean Response Time : 943.66 cycles	Mean Waiting Time : 14.19 cycles	Throughput : 0.210
Batch N° 2 : Mean Response Time : 919.97 cycles	Mean Waiting Time : 0.63 cycles	Throughput : 0.117
Batch N° 3 : Mean Response Time : 918.98 cycles	Mean Waiting Time : 0.75 cycles	Throughput : 0.111
Batch N° 4 : Mean Response Time : 920.08 cycles	Mean Waiting Time : 0.64 cycles	Throughput : 0.107
Batch N° 5 : Mean Response Time : 910.98 cycles	Mean Waiting Time : 0.74 cycles	Throughput : 0.110
Batch N° 6 : Mean Response Time : 929.35 cycles	Mean Waiting Time : 0.76 cycles	Throughput : 0.117
Batch N° 7 : Mean Response Time : 899.10 cycles	Mean Waiting Time : 0.45 cycles	Throughput : 0.111
Batch N° 8 : Mean Response Time : 918.52 cycles	Mean Waiting Time : 0.68 cycles	Throughput : 0.110
Batch N° 9 : Mean Response Time : 925.76 cycles	Mean Waiting Time : 0.93 cycles	Throughput : 0.112
Batch N°10 : Mean Response Time : 905.13 cycles	Mean Waiting Time : 0.91 cycles	Throughput : 0.111

End Of The Simulation at T= 171012.19 cycles
Injection Rate : 9200
Batch Size : 2000
Number of Batches : 10
Number of Clients Served : 20000
Overall Response Time : 919.15 cycles
Overall Waiting  Time : 2.07 cycles
Overall Throughput : 0.121 
Standard Deviation Response Time : 12.54228 cycles
Standard Deviation Waiting  Time : 4.25976 cycles
Standard Deviation Throughput : 0.031136 