Simulation Starting Time 2021-09-04 04:27:15
Welcome to Network-On-Chip 2D Mesh Simulator 
This simulator was designed based on The Discrete Event Simulation.
It's a final year project to obtain the Master Degree
Student developer : Ziraoui Zakaria 
Supervisor: Prof. Mohamed Ould-Khaoua

Network Simulation Parameters :

Topology : 32 x 32 Mesh 
Number of Nodes  : 1024 
Routing : Dimension-ordered (DOR)
Traffic : Hotspot [16][16]
Message length : 32 phits
Injection Rate : 350
Transmission Time : 32 Cycles
Batch Means Method : Yes

Please wait, Simulation has been started...

Batch N° 1 : Mean Response Time : 568.73 cycles	Mean Waiting Time : 47.83 cycles	Throughput : 1.645
Batch N° 2 : Mean Response Time : 817.71 cycles	Mean Waiting Time : 127.97 cycles	Throughput : 2.419
Batch N° 3 : Mean Response Time : 862.76 cycles	Mean Waiting Time : 168.28 cycles	Throughput : 2.480
Batch N° 4 : Mean Response Time : 901.35 cycles	Mean Waiting Time : 204.28 cycles	Throughput : 2.408
Batch N° 5 : Mean Response Time : 917.54 cycles	Mean Waiting Time : 223.96 cycles	Throughput : 2.500
Batch N° 6 : Mean Response Time : 921.17 cycles	Mean Waiting Time : 233.30 cycles	Throughput : 2.500
Batch N° 7 : Mean Response Time : 930.03 cycles	Mean Waiting Time : 240.92 cycles	Throughput : 2.500
Batch N° 8 : Mean Response Time : 951.86 cycles	Mean Waiting Time : 272.25 cycles	Throughput : 2.372
Batch N° 9 : Mean Response Time : 991.16 cycles	Mean Waiting Time : 301.37 cycles	Throughput : 2.524
Batch N°10 : Mean Response Time : 955.79 cycles	Mean Waiting Time : 274.59 cycles	Throughput : 2.404

End Of The Simulation at T= 8547.43 cycles
Injection Rate : 350
Batch Size : 2000
Number of Batches : 10
Number of Clients Served : 20000
Overall Response Time : 881.81 cycles
Overall Waiting  Time : 209.47 cycles
Overall Throughput : 2.375 
Standard Deviation Response Time : 120.35149 cycles
Standard Deviation Waiting  Time : 76.65729 cycles
Standard Deviation Throughput : 0.261855 