Simulation Starting Time 2021-09-04 04:41:24
Welcome to Network-On-Chip ExpressCube Simulator 
This simulator was designed based on The Discrete Event Simulation.
It's a final year project to obtain the Master Degree
Student developer : Ziraoui Zakaria 
Supervisor: Prof. Mohamed Ould-Khaoua

Network Simulation Parameters :

Topology : 32 x 32 Express Cube with 2 Hops
Number of Nodes  : 1024 
Routing : Dimension-ordered (DOR)
Traffic : Hotspot [16][16]
Message length : 32 phits
Injection Rate : 10500
Transmission Time Normal  Links : 64 Cycles
Transmission Time Express Links : 64 Cycles
Batch Means Method : Yes

Please wait, Simulation has been started...

Batch N° 1 : Mean Response Time : 867.21 cycles	Mean Waiting Time : 107.83 cycles	Throughput : 0.188
Batch N° 2 : Mean Response Time : 726.75 cycles	Mean Waiting Time : 4.59 cycles	Throughput : 0.094
Batch N° 3 : Mean Response Time : 723.96 cycles	Mean Waiting Time : 3.47 cycles	Throughput : 0.097
Batch N° 4 : Mean Response Time : 737.14 cycles	Mean Waiting Time : 5.87 cycles	Throughput : 0.099
Batch N° 5 : Mean Response Time : 729.40 cycles	Mean Waiting Time : 4.28 cycles	Throughput : 0.095
Batch N° 6 : Mean Response Time : 744.47 cycles	Mean Waiting Time : 9.37 cycles	Throughput : 0.102
Batch N° 7 : Mean Response Time : 743.08 cycles	Mean Waiting Time : 4.00 cycles	Throughput : 0.099
Batch N° 8 : Mean Response Time : 726.97 cycles	Mean Waiting Time : 2.82 cycles	Throughput : 0.094
Batch N° 9 : Mean Response Time : 724.20 cycles	Mean Waiting Time : 4.46 cycles	Throughput : 0.098
Batch N°10 : Mean Response Time : 723.23 cycles	Mean Waiting Time : 6.46 cycles	Throughput : 0.099

End Of The Simulation at T= 195622.20 cycles
Injection Rate : 10500
Batch Size : 2000
Number of Batches : 10
Number of Clients Served : 20000
Overall Response Time : 744.64 cycles
Overall Waiting  Time : 15.32 cycles
Overall Throughput : 0.106 
Standard Deviation Response Time : 43.78109 cycles
Standard Deviation Waiting  Time : 32.55983 cycles
Standard Deviation Throughput : 0.028683 