Simulation Starting Time 2021-09-02 06:13:21
Welcome to Network-On-Chip 2D Mesh Simulator 
This simulator was designed based on The Discrete Event Simulation.
It's a final year project to obtain the Master Degree
Student developer : Ziraoui Zakaria 
Supervisor: Prof. Mohamed Ould-Khaoua

Network Simulation Parameters :

Topology : 16 x 16 Mesh 
Number of Nodes  : 256 
Routing : Dimension-ordered (DOR)
Traffic : Uniform Random
Message length : 32 phits
Injection Rate : 10500
Transmission Time : 32 Cycles
Batch Means Method : Yes

Please wait, Simulation has been started...

Batch N° 1 : Mean Response Time : 323.03 cycles	Mean Waiting Time : 0.29 cycles	Throughput : 0.027
Batch N° 2 : Mean Response Time : 324.41 cycles	Mean Waiting Time : 0.09 cycles	Throughput : 0.025
Batch N° 3 : Mean Response Time : 319.07 cycles	Mean Waiting Time : 0.05 cycles	Throughput : 0.024
Batch N° 4 : Mean Response Time : 322.55 cycles	Mean Waiting Time : 0.07 cycles	Throughput : 0.026
Batch N° 5 : Mean Response Time : 319.62 cycles	Mean Waiting Time : 0.04 cycles	Throughput : 0.024
Batch N° 6 : Mean Response Time : 317.49 cycles	Mean Waiting Time : 0.06 cycles	Throughput : 0.023
Batch N° 7 : Mean Response Time : 326.33 cycles	Mean Waiting Time : 0.07 cycles	Throughput : 0.024
Batch N° 8 : Mean Response Time : 321.96 cycles	Mean Waiting Time : 0.03 cycles	Throughput : 0.024
Batch N° 9 : Mean Response Time : 316.00 cycles	Mean Waiting Time : 0.08 cycles	Throughput : 0.024
Batch N°10 : Mean Response Time : 314.31 cycles	Mean Waiting Time : 0.02 cycles	Throughput : 0.025

End Of The Simulation at T= 811849.50 cycles
Injection Rate : 10500
Batch Size : 2000
Number of Batches : 10
Number of Clients Served : 20000
Overall Response Time : 320.48 cycles
Overall Waiting  Time : 0.08 cycles
Overall Throughput : 0.025 
Standard Deviation Response Time : 3.83647 cycles
Standard Deviation Waiting  Time : 0.07710 cycles
Standard Deviation Throughput : 0.000889 