Simulation Starting Time 2021-09-01 06:08:21
Welcome to Network-On-Chip ExpressCube Simulator 
This simulator was designed based on The Discrete Event Simulation.
It's a final year project to obtain the Master Degree
Student developer : Ziraoui Zakaria 
Supervisor: Prof. Mohamed Ould-Khaoua

Network Simulation Parameters :

Topology : 16 x 16 Express Cube with 8 Hops
Number of Nodes  : 256 
Routing : Dimension-ordered (DOR)
Traffic : Hotspot [8][8]
Message length : 32 phits
Injection Rate : 32000
Transmission Time Normal  Links : 32 Cycles
Transmission Time Express Links : 32 Cycles
Batch Means Method : Yes

Please wait, Simulation has been started...

Batch N° 1 : Mean Response Time : 275.21 cycles	Mean Waiting Time : 1.99 cycles	Throughput : 0.009
Batch N° 2 : Mean Response Time : 268.46 cycles	Mean Waiting Time : 0.09 cycles	Throughput : 0.008
Batch N° 3 : Mean Response Time : 271.73 cycles	Mean Waiting Time : 0.06 cycles	Throughput : 0.008
Batch N° 4 : Mean Response Time : 264.60 cycles	Mean Waiting Time : 0.05 cycles	Throughput : 0.008
Batch N° 5 : Mean Response Time : 272.50 cycles	Mean Waiting Time : 0.07 cycles	Throughput : 0.008
Batch N° 6 : Mean Response Time : 265.75 cycles	Mean Waiting Time : 0.08 cycles	Throughput : 0.008
Batch N° 7 : Mean Response Time : 263.17 cycles	Mean Waiting Time : 0.05 cycles	Throughput : 0.008
Batch N° 8 : Mean Response Time : 271.11 cycles	Mean Waiting Time : 0.07 cycles	Throughput : 0.008
Batch N° 9 : Mean Response Time : 262.44 cycles	Mean Waiting Time : 0.05 cycles	Throughput : 0.008
Batch N°10 : Mean Response Time : 266.78 cycles	Mean Waiting Time : 0.03 cycles	Throughput : 0.008

End Of The Simulation at T= 2436078.00 cycles
Injection Rate : 32000
Batch Size : 2000
Number of Batches : 10
Number of Clients Served : 20000
Overall Response Time : 268.17 cycles
Overall Waiting  Time : 0.25 cycles
Overall Throughput : 0.008 
Standard Deviation Response Time : 4.32148 cycles
Standard Deviation Waiting  Time : 0.61023 cycles
Standard Deviation Throughput : 0.000455 