Simulation Starting Time 2021-08-31 05:56:17
Welcome to Network-On-Chip 2D Mesh Simulator 
This simulator was designed based on The Discrete Event Simulation.
It's a final year project to obtain the Master Degree
Student developer : Ziraoui Zakaria 
Supervisor: Prof. Mohamed Ould-Khaoua

Network Simulation Parameters :

Topology : 16 x 16 Mesh 
Number of Nodes  : 256 
Routing : Dimension-ordered (DOR)
Traffic : Uniform Random
Message length : 32 phits
Injection Rate : 50
Transmission Time : 32 Cycles
Batch Means Method : Yes

Please wait, Simulation has been started...

Batch N° 1 : Mean Response Time : 501.76 cycles	Mean Waiting Time : 219.25 cycles	Throughput : 1.472
Batch N° 2 : Mean Response Time : 1044.07 cycles	Mean Waiting Time : 718.10 cycles	Throughput : 1.894
Batch N° 3 : Mean Response Time : 1532.35 cycles	Mean Waiting Time : 1207.15 cycles	Throughput : 1.863
Batch N° 4 : Mean Response Time : 1973.59 cycles	Mean Waiting Time : 1644.81 cycles	Throughput : 1.894
Batch N° 5 : Mean Response Time : 2431.91 cycles	Mean Waiting Time : 2105.42 cycles	Throughput : 1.969
Batch N° 6 : Mean Response Time : 2916.30 cycles	Mean Waiting Time : 2580.95 cycles	Throughput : 1.867
Batch N° 7 : Mean Response Time : 3428.94 cycles	Mean Waiting Time : 3095.58 cycles	Throughput : 1.907
Batch N° 8 : Mean Response Time : 3793.58 cycles	Mean Waiting Time : 3459.94 cycles	Throughput : 1.894
Batch N° 9 : Mean Response Time : 4217.34 cycles	Mean Waiting Time : 3889.54 cycles	Throughput : 1.969
Batch N°10 : Mean Response Time : 4728.78 cycles	Mean Waiting Time : 4392.35 cycles	Throughput : 1.930

End Of The Simulation at T= 10788.32 cycles
Injection Rate : 50
Batch Size : 2000
Number of Batches : 10
Number of Clients Served : 20000
Overall Response Time : 2656.86 cycles
Overall Waiting  Time : 2331.31 cycles
Overall Throughput : 1.866 
Standard Deviation Response Time : 1402.81592 cycles
Standard Deviation Waiting  Time : 1392.25977 cycles
Standard Deviation Throughput : 0.143149 