Simulation Starting Time 2021-09-04 05:00:51
Welcome to Network-On-Chip ExpressCube Simulator 
This simulator was designed based on The Discrete Event Simulation.
It's a final year project to obtain the Master Degree
Student developer : Ziraoui Zakaria 
Supervisor: Prof. Mohamed Ould-Khaoua

Network Simulation Parameters :

Topology : 32 x 32 Express Cube with 4 Hops
Number of Nodes  : 1024 
Routing : Dimension-ordered (DOR)
Traffic : Hotspot [16][16]
Message length : 32 phits
Injection Rate : 70
Transmission Time Normal  Links : 96 Cycles
Transmission Time Express Links : 96 Cycles
Batch Means Method : Yes

Please wait, Simulation has been started...

Batch N° 1 : Mean Response Time : 837.44 cycles	Mean Waiting Time : 196.93 cycles	Throughput : 1.302
Batch N° 2 : Mean Response Time : 1491.23 cycles	Mean Waiting Time : 662.19 cycles	Throughput : 2.315
Batch N° 3 : Mean Response Time : 2035.29 cycles	Mean Waiting Time : 1167.40 cycles	Throughput : 2.604
Batch N° 4 : Mean Response Time : 2524.08 cycles	Mean Waiting Time : 1644.61 cycles	Throughput : 2.485
Batch N° 5 : Mean Response Time : 2998.40 cycles	Mean Waiting Time : 2124.98 cycles	Throughput : 2.418
Batch N° 6 : Mean Response Time : 3507.73 cycles	Mean Waiting Time : 2611.04 cycles	Throughput : 2.604
Batch N° 7 : Mean Response Time : 4001.07 cycles	Mean Waiting Time : 3110.79 cycles	Throughput : 2.604
Batch N° 8 : Mean Response Time : 4461.88 cycles	Mean Waiting Time : 3562.62 cycles	Throughput : 2.604
Batch N° 9 : Mean Response Time : 4933.12 cycles	Mean Waiting Time : 4031.41 cycles	Throughput : 2.604
Batch N°10 : Mean Response Time : 5444.66 cycles	Mean Waiting Time : 4536.56 cycles	Throughput : 2.604

End Of The Simulation at T= 8640.00 cycles
Injection Rate : 70
Batch Size : 2000
Number of Batches : 10
Number of Clients Served : 20000
Overall Response Time : 3223.49 cycles
Overall Waiting  Time : 2364.85 cycles
Overall Throughput : 2.414 
Standard Deviation Response Time : 1517.34814 cycles
Standard Deviation Waiting  Time : 1458.86230 cycles
Standard Deviation Throughput : 0.403895 