Simulation Starting Time 2021-09-02 06:20:53
Welcome to Network-On-Chip ExpressCube Simulator 
This simulator was designed based on The Discrete Event Simulation.
It's a final year project to obtain the Master Degree
Student developer : Ziraoui Zakaria 
Supervisor: Prof. Mohamed Ould-Khaoua

Network Simulation Parameters :

Topology : 16 x 16 Express Cube with 8 Hops
Number of Nodes  : 256 
Routing : Dimension-ordered (DOR)
Traffic : Uniform Random
Message length : 32 phits
Injection Rate : 200
Transmission Time Normal  Links : 160 Cycles
Transmission Time Express Links : 160 Cycles
Batch Means Method : Yes

Please wait, Simulation has been started...

Batch N° 1 : Mean Response Time : 2249.15 cycles	Mean Waiting Time : 1021.06 cycles	Throughput : 0.347
Batch N° 2 : Mean Response Time : 4708.81 cycles	Mean Waiting Time : 3297.30 cycles	Throughput : 0.446
Batch N° 3 : Mean Response Time : 6806.11 cycles	Mean Waiting Time : 5338.24 cycles	Throughput : 0.459
Batch N° 4 : Mean Response Time : 8788.98 cycles	Mean Waiting Time : 7377.95 cycles	Throughput : 0.467
Batch N° 5 : Mean Response Time : 10928.12 cycles	Mean Waiting Time : 9491.52 cycles	Throughput : 0.446
Batch N° 6 : Mean Response Time : 12926.57 cycles	Mean Waiting Time : 11477.77 cycles	Throughput : 0.481
Batch N° 7 : Mean Response Time : 14752.58 cycles	Mean Waiting Time : 13314.32 cycles	Throughput : 0.452
Batch N° 8 : Mean Response Time : 17195.18 cycles	Mean Waiting Time : 15749.12 cycles	Throughput : 0.455
Batch N° 9 : Mean Response Time : 19529.65 cycles	Mean Waiting Time : 18056.47 cycles	Throughput : 0.456
Batch N°10 : Mean Response Time : 21106.17 cycles	Mean Waiting Time : 19675.19 cycles	Throughput : 0.468

End Of The Simulation at T= 44999.20 cycles
Injection Rate : 200
Batch Size : 2000
Number of Batches : 10
Number of Clients Served : 20000
Overall Response Time : 11899.13 cycles
Overall Waiting  Time : 10479.90 cycles
Overall Throughput : 0.448 
Standard Deviation Response Time : 6338.75195 cycles
Standard Deviation Waiting  Time : 6296.79883 cycles
Standard Deviation Throughput : 0.036883 