Simulation Starting Time 2021-09-04 04:48:41
Welcome to Network-On-Chip ExpressCube Simulator 
This simulator was designed based on The Discrete Event Simulation.
It's a final year project to obtain the Master Degree
Student developer : Ziraoui Zakaria 
Supervisor: Prof. Mohamed Ould-Khaoua

Network Simulation Parameters :

Topology : 32 x 32 Express Cube with 2 Hops
Number of Nodes  : 1024 
Routing : Dimension-ordered (DOR)
Traffic : Hotspot [16][16]
Message length : 32 phits
Injection Rate : 50
Transmission Time Normal  Links : 64 Cycles
Transmission Time Express Links : 64 Cycles
Batch Means Method : Yes

Please wait, Simulation has been started...

Batch N° 1 : Mean Response Time : 678.05 cycles	Mean Waiting Time : 219.61 cycles	Throughput : 1.420
Batch N° 2 : Mean Response Time : 1302.83 cycles	Mean Waiting Time : 713.66 cycles	Throughput : 2.146
Batch N° 3 : Mean Response Time : 1891.38 cycles	Mean Waiting Time : 1269.06 cycles	Throughput : 2.165
Batch N° 4 : Mean Response Time : 2429.41 cycles	Mean Waiting Time : 1810.18 cycles	Throughput : 2.404
Batch N° 5 : Mean Response Time : 2931.70 cycles	Mean Waiting Time : 2308.40 cycles	Throughput : 2.232
Batch N° 6 : Mean Response Time : 3425.37 cycles	Mean Waiting Time : 2793.62 cycles	Throughput : 2.232
Batch N° 7 : Mean Response Time : 3985.58 cycles	Mean Waiting Time : 3365.60 cycles	Throughput : 2.232
Batch N° 8 : Mean Response Time : 4470.09 cycles	Mean Waiting Time : 3842.87 cycles	Throughput : 2.232
Batch N° 9 : Mean Response Time : 5063.17 cycles	Mean Waiting Time : 4421.68 cycles	Throughput : 2.232
Batch N°10 : Mean Response Time : 5500.74 cycles	Mean Waiting Time : 4871.61 cycles	Throughput : 2.404

End Of The Simulation at T= 9408.00 cycles
Injection Rate : 50
Batch Size : 2000
Number of Batches : 10
Number of Clients Served : 20000
Overall Response Time : 3167.83 cycles
Overall Waiting  Time : 2561.63 cycles
Overall Throughput : 2.170 
Standard Deviation Response Time : 1611.53076 cycles
Standard Deviation Waiting  Time : 1575.40637 cycles
Standard Deviation Throughput : 0.277111 