Simulation Starting Time 2021-09-04 04:17:58
Welcome to Network-On-Chip 2D Mesh Simulator 
This simulator was designed based on The Discrete Event Simulation.
It's a final year project to obtain the Master Degree
Student developer : Ziraoui Zakaria 
Supervisor: Prof. Mohamed Ould-Khaoua

Network Simulation Parameters :

Topology : 16 x 16 Mesh 
Number of Nodes  : 256 
Routing : Dimension-ordered (DOR)
Traffic : Hotspot [8][8]
Message length : 32 phits
Injection Rate : 150
Transmission Time : 32 Cycles
Batch Means Method : Yes

Please wait, Simulation has been started...

Batch N° 1 : Mean Response Time : 436.53 cycles	Mean Waiting Time : 112.66 cycles	Throughput : 1.116
Batch N° 2 : Mean Response Time : 623.98 cycles	Mean Waiting Time : 270.07 cycles	Throughput : 1.282
Batch N° 3 : Mean Response Time : 784.18 cycles	Mean Waiting Time : 427.66 cycles	Throughput : 1.325
Batch N° 4 : Mean Response Time : 902.61 cycles	Mean Waiting Time : 551.43 cycles	Throughput : 1.393
Batch N° 5 : Mean Response Time : 1042.84 cycles	Mean Waiting Time : 688.32 cycles	Throughput : 1.343
Batch N° 6 : Mean Response Time : 1189.35 cycles	Mean Waiting Time : 837.12 cycles	Throughput : 1.367
Batch N° 7 : Mean Response Time : 1345.97 cycles	Mean Waiting Time : 995.40 cycles	Throughput : 1.320
Batch N° 8 : Mean Response Time : 1446.66 cycles	Mean Waiting Time : 1087.63 cycles	Throughput : 1.369
Batch N° 9 : Mean Response Time : 1566.79 cycles	Mean Waiting Time : 1225.35 cycles	Throughput : 1.420
Batch N°10 : Mean Response Time : 1697.72 cycles	Mean Waiting Time : 1347.28 cycles	Throughput : 1.367

End Of The Simulation at T= 15095.66 cycles
Injection Rate : 150
Batch Size : 2000
Number of Batches : 10
Number of Clients Served : 20000
Overall Response Time : 1103.66 cycles
Overall Waiting  Time : 754.29 cycles
Overall Throughput : 1.330 
Standard Deviation Response Time : 417.99127 cycles
Standard Deviation Waiting  Time : 414.72833 cycles
Standard Deviation Throughput : 0.084797 