Simulation Starting Time 2021-08-17 05:59:45
Welcome to Network-On-Chip ExpressCube Simulator 
This simulator was designed based on The Discrete Event Simulation.
It's a final year project to obtain the Master Degree
Student developer : Ziraoui Zakaria 
Supervisor: Prof. Mohamed Ould-Khaoua

Network Simulation Parameters :

Topology : 8 x 8 Express Cube with 2 Hops
Number of Nodes  : 64 
Routing : Dimension-ordered (DOR)
Traffic : Uniform Random
Message length : 32 phits
Injection Rate : 160
Transmission Time Normal  Links : 32 Cycles
Transmission Time Express Links : 32 Cycles
Batch Means Method : Yes

Please wait, Simulation has been started...

Batch N° 1 : Mean Response Time : 130.97 cycles	Mean Waiting Time : 8.03 cycles	Throughput : 0.390
Batch N° 2 : Mean Response Time : 130.99 cycles	Mean Waiting Time : 8.19 cycles	Throughput : 0.392
Batch N° 3 : Mean Response Time : 131.76 cycles	Mean Waiting Time : 8.39 cycles	Throughput : 0.397
Batch N° 4 : Mean Response Time : 131.69 cycles	Mean Waiting Time : 8.63 cycles	Throughput : 0.395
Batch N° 5 : Mean Response Time : 131.49 cycles	Mean Waiting Time : 8.33 cycles	Throughput : 0.386
Batch N° 6 : Mean Response Time : 131.97 cycles	Mean Waiting Time : 8.31 cycles	Throughput : 0.387
Batch N° 7 : Mean Response Time : 131.22 cycles	Mean Waiting Time : 7.94 cycles	Throughput : 0.380
Batch N° 8 : Mean Response Time : 129.08 cycles	Mean Waiting Time : 7.41 cycles	Throughput : 0.377
Batch N° 9 : Mean Response Time : 132.99 cycles	Mean Waiting Time : 8.53 cycles	Throughput : 0.380
Batch N°10 : Mean Response Time : 133.44 cycles	Mean Waiting Time : 8.56 cycles	Throughput : 0.386
Batch N°11 : Mean Response Time : 131.95 cycles	Mean Waiting Time : 7.71 cycles	Throughput : 0.370
Batch N°12 : Mean Response Time : 130.51 cycles	Mean Waiting Time : 7.74 cycles	Throughput : 0.376
Batch N°13 : Mean Response Time : 130.09 cycles	Mean Waiting Time : 7.88 cycles	Throughput : 0.377
Batch N°14 : Mean Response Time : 130.25 cycles	Mean Waiting Time : 7.63 cycles	Throughput : 0.371
Batch N°15 : Mean Response Time : 130.28 cycles	Mean Waiting Time : 7.13 cycles	Throughput : 0.368
Batch N°16 : Mean Response Time : 129.92 cycles	Mean Waiting Time : 7.43 cycles	Throughput : 0.368
Batch N°17 : Mean Response Time : 129.20 cycles	Mean Waiting Time : 7.54 cycles	Throughput : 0.371
Batch N°18 : Mean Response Time : 129.76 cycles	Mean Waiting Time : 7.11 cycles	Throughput : 0.362
Batch N°19 : Mean Response Time : 130.93 cycles	Mean Waiting Time : 7.47 cycles	Throughput : 0.364
Batch N°20 : Mean Response Time : 130.04 cycles	Mean Waiting Time : 7.10 cycles	Throughput : 0.361
Batch N°21 : Mean Response Time : 129.82 cycles	Mean Waiting Time : 7.18 cycles	Throughput : 0.363
Batch N°22 : Mean Response Time : 129.66 cycles	Mean Waiting Time : 6.46 cycles	Throughput : 0.350
Batch N°23 : Mean Response Time : 128.94 cycles	Mean Waiting Time : 6.71 cycles	Throughput : 0.356
Batch N°24 : Mean Response Time : 129.43 cycles	Mean Waiting Time : 6.61 cycles	Throughput : 0.343
Batch N°25 : Mean Response Time : 129.56 cycles	Mean Waiting Time : 6.47 cycles	Throughput : 0.344
Batch N°26 : Mean Response Time : 129.04 cycles	Mean Waiting Time : 6.74 cycles	Throughput : 0.340
Batch N°27 : Mean Response Time : 128.72 cycles	Mean Waiting Time : 6.45 cycles	Throughput : 0.340
Batch N°28 : Mean Response Time : 128.42 cycles	Mean Waiting Time : 6.51 cycles	Throughput : 0.347
Batch N°29 : Mean Response Time : 128.23 cycles	Mean Waiting Time : 6.67 cycles	Throughput : 0.341
Batch N°30 : Mean Response Time : 127.70 cycles	Mean Waiting Time : 6.18 cycles	Throughput : 0.338
Batch N°31 : Mean Response Time : 127.45 cycles	Mean Waiting Time : 5.51 cycles	Throughput : 0.327
Batch N°32 : Mean Response Time : 129.25 cycles	Mean Waiting Time : 5.95 cycles	Throughput : 0.333
Batch N°33 : Mean Response Time : 126.58 cycles	Mean Waiting Time : 5.56 cycles	Throughput : 0.322
Batch N°34 : Mean Response Time : 127.63 cycles	Mean Waiting Time : 5.65 cycles	Throughput : 0.313
Batch N°35 : Mean Response Time : 128.38 cycles	Mean Waiting Time : 5.57 cycles	Throughput : 0.321
Batch N°36 : Mean Response Time : 128.14 cycles	Mean Waiting Time : 5.95 cycles	Throughput : 0.314

End Of The Simulation at T= 1005322.00 cycles
Injection Rate : 160
Batch Size : 10000
Number of Batches : 36
Number of Clients Served : 360000
Overall Response Time : 129.87 cycles
Overall Waiting  Time : 7.15 cycles
Overall Throughput : 0.360 
Standard Deviation Response Time : 1.58601 cycles
Standard Deviation Waiting  Time : 0.94419 cycles
Standard Deviation Throughput : 0.024123 