Simulation Starting Time 2021-09-01 06:42:18
Welcome to Network-On-Chip ExpressCube Simulator 
This simulator was designed based on The Discrete Event Simulation.
It's a final year project to obtain the Master Degree
Student developer : Ziraoui Zakaria 
Supervisor: Prof. Mohamed Ould-Khaoua

Network Simulation Parameters :

Topology : 32 x 32 Express Cube with 8 Hops
Number of Nodes  : 1024 
Routing : Dimension-ordered (DOR)
Traffic : Hotspot [16][16]
Message length : 32 phits
Injection Rate : 150
Transmission Time Normal  Links : 32 Cycles
Transmission Time Express Links : 32 Cycles
Batch Means Method : Yes

Please wait, Simulation has been started...

Batch N° 1 : Mean Response Time : 304.64 cycles	Mean Waiting Time : 26.80 cycles	Throughput : 3.048
Batch N° 2 : Mean Response Time : 428.43 cycles	Mean Waiting Time : 71.15 cycles	Throughput : 4.684
Batch N° 3 : Mean Response Time : 490.10 cycles	Mean Waiting Time : 113.44 cycles	Throughput : 4.753
Batch N° 4 : Mean Response Time : 533.54 cycles	Mean Waiting Time : 158.48 cycles	Throughput : 4.760
Batch N° 5 : Mean Response Time : 571.91 cycles	Mean Waiting Time : 195.69 cycles	Throughput : 4.686
Batch N° 6 : Mean Response Time : 611.99 cycles	Mean Waiting Time : 235.22 cycles	Throughput : 4.705
Batch N° 7 : Mean Response Time : 649.78 cycles	Mean Waiting Time : 273.55 cycles	Throughput : 4.904
Batch N° 8 : Mean Response Time : 717.06 cycles	Mean Waiting Time : 338.58 cycles	Throughput : 4.987
Batch N° 9 : Mean Response Time : 729.91 cycles	Mean Waiting Time : 349.18 cycles	Throughput : 4.964
Batch N°10 : Mean Response Time : 752.19 cycles	Mean Waiting Time : 376.20 cycles	Throughput : 4.749

End Of The Simulation at T= 4409.05 cycles
Injection Rate : 150
Batch Size : 2000
Number of Batches : 10
Number of Clients Served : 20000
Overall Response Time : 578.95 cycles
Overall Waiting  Time : 213.83 cycles
Overall Throughput : 4.624 
Standard Deviation Response Time : 143.71701 cycles
Standard Deviation Waiting  Time : 121.60107 cycles
Standard Deviation Throughput : 0.565123 