Simulation Starting Time 2021-09-02 06:58:47
Welcome to Network-On-Chip ExpressCube Simulator 
This simulator was designed based on The Discrete Event Simulation.
It's a final year project to obtain the Master Degree
Student developer : Ziraoui Zakaria 
Supervisor: Prof. Mohamed Ould-Khaoua

Network Simulation Parameters :

Topology : 32 x 32 Express Cube with 8 Hops
Number of Nodes  : 1024 
Routing : Dimension-ordered (DOR)
Traffic : Uniform Random
Message length : 32 phits
Injection Rate : 9200
Transmission Time Normal  Links : 160 Cycles
Transmission Time Express Links : 160 Cycles
Batch Means Method : Yes

Please wait, Simulation has been started...

Batch N° 1 : Mean Response Time : 1931.72 cycles	Mean Waiting Time : 26.03 cycles	Throughput : 0.184
Batch N° 2 : Mean Response Time : 1916.46 cycles	Mean Waiting Time : 3.24 cycles	Throughput : 0.113
Batch N° 3 : Mean Response Time : 1977.00 cycles	Mean Waiting Time : 3.43 cycles	Throughput : 0.110
Batch N° 4 : Mean Response Time : 1917.18 cycles	Mean Waiting Time : 2.31 cycles	Throughput : 0.107
Batch N° 5 : Mean Response Time : 1885.33 cycles	Mean Waiting Time : 2.52 cycles	Throughput : 0.108
Batch N° 6 : Mean Response Time : 1881.51 cycles	Mean Waiting Time : 3.55 cycles	Throughput : 0.109
Batch N° 7 : Mean Response Time : 1918.72 cycles	Mean Waiting Time : 2.76 cycles	Throughput : 0.111
Batch N° 8 : Mean Response Time : 1880.57 cycles	Mean Waiting Time : 2.36 cycles	Throughput : 0.115
Batch N° 9 : Mean Response Time : 1898.98 cycles	Mean Waiting Time : 2.51 cycles	Throughput : 0.110
Batch N°10 : Mean Response Time : 1896.39 cycles	Mean Waiting Time : 2.42 cycles	Throughput : 0.111

End Of The Simulation at T= 174057.00 cycles
Injection Rate : 9200
Batch Size : 2000
Number of Batches : 10
Number of Clients Served : 20000
Overall Response Time : 1910.39 cycles
Overall Waiting  Time : 5.11 cycles
Overall Throughput : 0.118 
Standard Deviation Response Time : 29.29016 cycles
Standard Deviation Waiting  Time : 7.36525 cycles
Standard Deviation Throughput : 0.023412 