Simulation Starting Time 2021-09-02 06:26:13
Welcome to Network-On-Chip 2D Mesh Simulator 
This simulator was designed based on The Discrete Event Simulation.
It's a final year project to obtain the Master Degree
Student developer : Ziraoui Zakaria 
Supervisor: Prof. Mohamed Ould-Khaoua

Network Simulation Parameters :

Topology : 32 x 32 Mesh 
Number of Nodes  : 1024 
Routing : Dimension-ordered (DOR)
Traffic : Uniform Random
Message length : 32 phits
Injection Rate : 180
Transmission Time : 32 Cycles
Batch Means Method : Yes

Please wait, Simulation has been started...

Batch N° 1 : Mean Response Time : 485.85 cycles	Mean Waiting Time : 59.84 cycles	Throughput : 1.953
Batch N° 2 : Mean Response Time : 801.02 cycles	Mean Waiting Time : 198.69 cycles	Throughput : 3.631
Batch N° 3 : Mean Response Time : 992.38 cycles	Mean Waiting Time : 349.10 cycles	Throughput : 3.513
Batch N° 4 : Mean Response Time : 1155.26 cycles	Mean Waiting Time : 516.22 cycles	Throughput : 3.676
Batch N° 5 : Mean Response Time : 1322.83 cycles	Mean Waiting Time : 670.46 cycles	Throughput : 3.753
Batch N° 6 : Mean Response Time : 1464.40 cycles	Mean Waiting Time : 805.93 cycles	Throughput : 3.823
Batch N° 7 : Mean Response Time : 1583.87 cycles	Mean Waiting Time : 936.09 cycles	Throughput : 3.707
Batch N° 8 : Mean Response Time : 1732.67 cycles	Mean Waiting Time : 1068.78 cycles	Throughput : 3.872
Batch N° 9 : Mean Response Time : 1865.73 cycles	Mean Waiting Time : 1203.75 cycles	Throughput : 3.676
Batch N°10 : Mean Response Time : 2008.44 cycles	Mean Waiting Time : 1346.67 cycles	Throughput : 3.861

End Of The Simulation at T= 5861.97 cycles
Injection Rate : 180
Batch Size : 2000
Number of Batches : 10
Number of Clients Served : 20000
Overall Response Time : 1341.25 cycles
Overall Waiting  Time : 715.55 cycles
Overall Throughput : 3.547 
Standard Deviation Response Time : 486.21585 cycles
Standard Deviation Waiting  Time : 433.51089 cycles
Standard Deviation Throughput : 0.570695 