Simulation Starting Time 2021-09-04 04:16:32
Welcome to Network-On-Chip ExpressCube Simulator 
This simulator was designed based on The Discrete Event Simulation.
It's a final year project to obtain the Master Degree
Student developer : Ziraoui Zakaria 
Supervisor: Prof. Mohamed Ould-Khaoua

Network Simulation Parameters :

Topology : 8 x 8 Express Cube with 4 Hops
Number of Nodes  : 64 
Routing : Dimension-ordered (DOR)
Traffic : Hotspot [4][4]
Message length : 32 phits
Injection Rate : 100
Transmission Time Normal  Links : 96 Cycles
Transmission Time Express Links : 96 Cycles
Batch Means Method : Yes

Please wait, Simulation has been started...

Batch N° 1 : Mean Response Time : 1765.14 cycles	Mean Waiting Time : 1278.90 cycles	Throughput : 0.286
Batch N° 2 : Mean Response Time : 4393.57 cycles	Mean Waiting Time : 3886.12 cycles	Throughput : 0.319
Batch N° 3 : Mean Response Time : 6826.07 cycles	Mean Waiting Time : 6312.39 cycles	Throughput : 0.302
Batch N° 4 : Mean Response Time : 9132.82 cycles	Mean Waiting Time : 8628.14 cycles	Throughput : 0.314
Batch N° 5 : Mean Response Time : 11681.57 cycles	Mean Waiting Time : 11169.59 cycles	Throughput : 0.313
Batch N° 6 : Mean Response Time : 13853.67 cycles	Mean Waiting Time : 13334.42 cycles	Throughput : 0.311
Batch N° 7 : Mean Response Time : 16322.26 cycles	Mean Waiting Time : 15805.68 cycles	Throughput : 0.320
Batch N° 8 : Mean Response Time : 18938.61 cycles	Mean Waiting Time : 18429.02 cycles	Throughput : 0.308
Batch N° 9 : Mean Response Time : 20968.20 cycles	Mean Waiting Time : 20446.69 cycles	Throughput : 0.310
Batch N°10 : Mean Response Time : 24078.05 cycles	Mean Waiting Time : 23566.47 cycles	Throughput : 0.304

End Of The Simulation at T= 64838.56 cycles
Injection Rate : 100
Batch Size : 2000
Number of Batches : 10
Number of Clients Served : 20000
Overall Response Time : 12795.99 cycles
Overall Waiting  Time : 12285.74 cycles
Overall Throughput : 0.309 
Standard Deviation Response Time : 7363.09082 cycles
Standard Deviation Waiting  Time : 7356.74023 cycles
Standard Deviation Throughput : 0.009970 