Simulation Starting Time 2021-08-31 05:30:17
Welcome to Network-On-Chip ExpressCube Simulator 
This simulator was designed based on The Discrete Event Simulation.
It's a final year project to obtain the Master Degree
Student developer : Ziraoui Zakaria 
Supervisor: Prof. Mohamed Ould-Khaoua

Network Simulation Parameters :

Topology : 8 x 8 Express Cube with 2 Hops
Number of Nodes  : 64 
Routing : Dimension-ordered (DOR)
Traffic : Uniform Random
Message length : 32 phits
Injection Rate : 10500
Transmission Time Normal  Links : 32 Cycles
Transmission Time Express Links : 32 Cycles
Batch Means Method : Yes

Please wait, Simulation has been started...

Batch N° 1 : Mean Response Time : 114.91 cycles	Mean Waiting Time : 0.09 cycles	Throughput : 0.006
Batch N° 2 : Mean Response Time : 116.21 cycles	Mean Waiting Time : 0.05 cycles	Throughput : 0.006
Batch N° 3 : Mean Response Time : 115.67 cycles	Mean Waiting Time : 0.05 cycles	Throughput : 0.006
Batch N° 4 : Mean Response Time : 115.06 cycles	Mean Waiting Time : 0.09 cycles	Throughput : 0.006
Batch N° 5 : Mean Response Time : 115.37 cycles	Mean Waiting Time : 0.11 cycles	Throughput : 0.006
Batch N° 6 : Mean Response Time : 118.70 cycles	Mean Waiting Time : 0.04 cycles	Throughput : 0.006
Batch N° 7 : Mean Response Time : 115.82 cycles	Mean Waiting Time : 0.02 cycles	Throughput : 0.006
Batch N° 8 : Mean Response Time : 114.73 cycles	Mean Waiting Time : 0.06 cycles	Throughput : 0.006
Batch N° 9 : Mean Response Time : 115.48 cycles	Mean Waiting Time : 0.04 cycles	Throughput : 0.006
Batch N°10 : Mean Response Time : 114.14 cycles	Mean Waiting Time : 0.05 cycles	Throughput : 0.006

End Of The Simulation at T= 3227885.00 cycles
Injection Rate : 10500
Batch Size : 2000
Number of Batches : 10
Number of Clients Served : 20000
Overall Response Time : 115.61 cycles
Overall Waiting  Time : 0.06 cycles
Overall Throughput : 0.006 
Standard Deviation Response Time : 1.23520 cycles
Standard Deviation Waiting  Time : 0.02812 cycles
Standard Deviation Throughput : 0.000105 