Simulation Starting Time 2021-09-02 06:19:02
Welcome to Network-On-Chip ExpressCube Simulator 
This simulator was designed based on The Discrete Event Simulation.
It's a final year project to obtain the Master Degree
Student developer : Ziraoui Zakaria 
Supervisor: Prof. Mohamed Ould-Khaoua

Network Simulation Parameters :

Topology : 16 x 16 Express Cube with 4 Hops
Number of Nodes  : 256 
Routing : Dimension-ordered (DOR)
Traffic : Uniform Random
Message length : 32 phits
Injection Rate : 32000
Transmission Time Normal  Links : 96 Cycles
Transmission Time Express Links : 96 Cycles
Batch Means Method : Yes

Please wait, Simulation has been started...

Batch N° 1 : Mean Response Time : 621.71 cycles	Mean Waiting Time : 1.12 cycles	Throughput : 0.009
Batch N° 2 : Mean Response Time : 606.16 cycles	Mean Waiting Time : 0.18 cycles	Throughput : 0.008
Batch N° 3 : Mean Response Time : 606.08 cycles	Mean Waiting Time : 0.19 cycles	Throughput : 0.008
Batch N° 4 : Mean Response Time : 616.07 cycles	Mean Waiting Time : 0.17 cycles	Throughput : 0.008
Batch N° 5 : Mean Response Time : 610.27 cycles	Mean Waiting Time : 0.21 cycles	Throughput : 0.008
Batch N° 6 : Mean Response Time : 613.96 cycles	Mean Waiting Time : 0.19 cycles	Throughput : 0.008
Batch N° 7 : Mean Response Time : 622.11 cycles	Mean Waiting Time : 0.11 cycles	Throughput : 0.008
Batch N° 8 : Mean Response Time : 618.04 cycles	Mean Waiting Time : 0.15 cycles	Throughput : 0.008
Batch N° 9 : Mean Response Time : 618.09 cycles	Mean Waiting Time : 0.18 cycles	Throughput : 0.008
Batch N°10 : Mean Response Time : 595.74 cycles	Mean Waiting Time : 0.11 cycles	Throughput : 0.008

End Of The Simulation at T= 2482967.25 cycles
Injection Rate : 32000
Batch Size : 2000
Number of Batches : 10
Number of Clients Served : 20000
Overall Response Time : 612.82 cycles
Overall Waiting  Time : 0.26 cycles
Overall Throughput : 0.008 
Standard Deviation Response Time : 8.30144 cycles
Standard Deviation Waiting  Time : 0.30351 cycles
Standard Deviation Throughput : 0.000411 