Simulation Starting Time 2021-09-01 06:06:14
Welcome to Network-On-Chip ExpressCube Simulator 
This simulator was designed based on The Discrete Event Simulation.
It's a final year project to obtain the Master Degree
Student developer : Ziraoui Zakaria 
Supervisor: Prof. Mohamed Ould-Khaoua

Network Simulation Parameters :

Topology : 16 x 16 Express Cube with 2 Hops
Number of Nodes  : 256 
Routing : Dimension-ordered (DOR)
Traffic : Hotspot [8][8]
Message length : 32 phits
Injection Rate : 1000
Transmission Time Normal  Links : 32 Cycles
Transmission Time Express Links : 32 Cycles
Batch Means Method : Yes

Please wait, Simulation has been started...

Batch N° 1 : Mean Response Time : 208.12 cycles	Mean Waiting Time : 8.76 cycles	Throughput : 0.298
Batch N° 2 : Mean Response Time : 202.04 cycles	Mean Waiting Time : 5.48 cycles	Throughput : 0.260
Batch N° 3 : Mean Response Time : 208.45 cycles	Mean Waiting Time : 7.82 cycles	Throughput : 0.257
Batch N° 4 : Mean Response Time : 201.78 cycles	Mean Waiting Time : 4.92 cycles	Throughput : 0.248
Batch N° 5 : Mean Response Time : 205.22 cycles	Mean Waiting Time : 6.54 cycles	Throughput : 0.251
Batch N° 6 : Mean Response Time : 207.36 cycles	Mean Waiting Time : 4.85 cycles	Throughput : 0.266
Batch N° 7 : Mean Response Time : 209.67 cycles	Mean Waiting Time : 5.41 cycles	Throughput : 0.268
Batch N° 8 : Mean Response Time : 204.63 cycles	Mean Waiting Time : 5.19 cycles	Throughput : 0.251
Batch N° 9 : Mean Response Time : 208.17 cycles	Mean Waiting Time : 8.26 cycles	Throughput : 0.257
Batch N°10 : Mean Response Time : 200.82 cycles	Mean Waiting Time : 4.54 cycles	Throughput : 0.256

End Of The Simulation at T= 76699.99 cycles
Injection Rate : 1000
Batch Size : 2000
Number of Batches : 10
Number of Clients Served : 20000
Overall Response Time : 205.63 cycles
Overall Waiting  Time : 6.18 cycles
Overall Throughput : 0.261 
Standard Deviation Response Time : 3.19550 cycles
Standard Deviation Waiting  Time : 1.56208 cycles
Standard Deviation Throughput : 0.014343 