Simulation Starting Time 2021-09-02 06:15:58
Welcome to Network-On-Chip ExpressCube Simulator 
This simulator was designed based on The Discrete Event Simulation.
It's a final year project to obtain the Master Degree
Student developer : Ziraoui Zakaria 
Supervisor: Prof. Mohamed Ould-Khaoua

Network Simulation Parameters :

Topology : 16 x 16 Express Cube with 2 Hops
Number of Nodes  : 256 
Routing : Dimension-ordered (DOR)
Traffic : Uniform Random
Message length : 32 phits
Injection Rate : 400
Transmission Time Normal  Links : 64 Cycles
Transmission Time Express Links : 64 Cycles
Batch Means Method : Yes

Please wait, Simulation has been started...

Batch N° 1 : Mean Response Time : 476.02 cycles	Mean Waiting Time : 44.46 cycles	Throughput : 0.620
Batch N° 2 : Mean Response Time : 517.17 cycles	Mean Waiting Time : 55.87 cycles	Throughput : 0.635
Batch N° 3 : Mean Response Time : 520.97 cycles	Mean Waiting Time : 63.41 cycles	Throughput : 0.641
Batch N° 4 : Mean Response Time : 518.46 cycles	Mean Waiting Time : 60.25 cycles	Throughput : 0.643
Batch N° 5 : Mean Response Time : 515.65 cycles	Mean Waiting Time : 59.20 cycles	Throughput : 0.638
Batch N° 6 : Mean Response Time : 503.08 cycles	Mean Waiting Time : 52.09 cycles	Throughput : 0.633
Batch N° 7 : Mean Response Time : 539.35 cycles	Mean Waiting Time : 79.69 cycles	Throughput : 0.669
Batch N° 8 : Mean Response Time : 519.60 cycles	Mean Waiting Time : 63.29 cycles	Throughput : 0.652
Batch N° 9 : Mean Response Time : 515.85 cycles	Mean Waiting Time : 52.25 cycles	Throughput : 0.624
Batch N°10 : Mean Response Time : 516.44 cycles	Mean Waiting Time : 58.89 cycles	Throughput : 0.643

End Of The Simulation at T= 31274.63 cycles
Injection Rate : 400
Batch Size : 2000
Number of Batches : 10
Number of Clients Served : 20000
Overall Response Time : 514.26 cycles
Overall Waiting  Time : 58.94 cycles
Overall Throughput : 0.640 
Standard Deviation Response Time : 16.07483 cycles
Standard Deviation Waiting  Time : 9.32011 cycles
Standard Deviation Throughput : 0.013929 