Simulation Starting Time 2021-09-01 06:33:21
Welcome to Network-On-Chip ExpressCube Simulator 
This simulator was designed based on The Discrete Event Simulation.
It's a final year project to obtain the Master Degree
Student developer : Ziraoui Zakaria 
Supervisor: Prof. Mohamed Ould-Khaoua

Network Simulation Parameters :

Topology : 32 x 32 Express Cube with 4 Hops
Number of Nodes  : 1024 
Routing : Dimension-ordered (DOR)
Traffic : Hotspot [16][16]
Message length : 32 phits
Injection Rate : 9200
Transmission Time Normal  Links : 32 Cycles
Transmission Time Express Links : 32 Cycles
Batch Means Method : Yes

Please wait, Simulation has been started...

Batch N° 1 : Mean Response Time : 354.12 cycles	Mean Waiting Time : 45.38 cycles	Throughput : 0.227
Batch N° 2 : Mean Response Time : 291.57 cycles	Mean Waiting Time : 0.49 cycles	Throughput : 0.110
Batch N° 3 : Mean Response Time : 291.22 cycles	Mean Waiting Time : 0.89 cycles	Throughput : 0.113
Batch N° 4 : Mean Response Time : 290.29 cycles	Mean Waiting Time : 0.83 cycles	Throughput : 0.109
Batch N° 5 : Mean Response Time : 294.83 cycles	Mean Waiting Time : 0.39 cycles	Throughput : 0.109
Batch N° 6 : Mean Response Time : 292.17 cycles	Mean Waiting Time : 0.84 cycles	Throughput : 0.112
Batch N° 7 : Mean Response Time : 288.15 cycles	Mean Waiting Time : 0.62 cycles	Throughput : 0.111
Batch N° 8 : Mean Response Time : 287.46 cycles	Mean Waiting Time : 1.02 cycles	Throughput : 0.113
Batch N° 9 : Mean Response Time : 295.09 cycles	Mean Waiting Time : 0.50 cycles	Throughput : 0.112
Batch N°10 : Mean Response Time : 292.59 cycles	Mean Waiting Time : 0.72 cycles	Throughput : 0.111

End Of The Simulation at T= 170694.27 cycles
Injection Rate : 9200
Batch Size : 2000
Number of Batches : 10
Number of Clients Served : 20000
Overall Response Time : 297.75 cycles
Overall Waiting  Time : 5.17 cycles
Overall Throughput : 0.123 
Standard Deviation Response Time : 19.96128 cycles
Standard Deviation Waiting  Time : 14.13013 cycles
Standard Deviation Throughput : 0.036650 