Simulation Starting Time 2021-09-01 06:07:52
Welcome to Network-On-Chip ExpressCube Simulator 
This simulator was designed based on The Discrete Event Simulation.
It's a final year project to obtain the Master Degree
Student developer : Ziraoui Zakaria 
Supervisor: Prof. Mohamed Ould-Khaoua

Network Simulation Parameters :

Topology : 16 x 16 Express Cube with 4 Hops
Number of Nodes  : 256 
Routing : Dimension-ordered (DOR)
Traffic : Hotspot [8][8]
Message length : 32 phits
Injection Rate : 80
Transmission Time Normal  Links : 32 Cycles
Transmission Time Express Links : 32 Cycles
Batch Means Method : Yes

Please wait, Simulation has been started...

Batch N° 1 : Mean Response Time : 274.17 cycles	Mean Waiting Time : 68.26 cycles	Throughput : 1.953
Batch N° 2 : Mean Response Time : 409.47 cycles	Mean Waiting Time : 186.45 cycles	Throughput : 2.313
Batch N° 3 : Mean Response Time : 470.43 cycles	Mean Waiting Time : 249.87 cycles	Throughput : 2.316
Batch N° 4 : Mean Response Time : 597.90 cycles	Mean Waiting Time : 375.69 cycles	Throughput : 2.298
Batch N° 5 : Mean Response Time : 669.70 cycles	Mean Waiting Time : 444.86 cycles	Throughput : 2.501
Batch N° 6 : Mean Response Time : 755.15 cycles	Mean Waiting Time : 530.82 cycles	Throughput : 2.352
Batch N° 7 : Mean Response Time : 828.72 cycles	Mean Waiting Time : 604.95 cycles	Throughput : 2.382
Batch N° 8 : Mean Response Time : 900.99 cycles	Mean Waiting Time : 674.89 cycles	Throughput : 2.404
Batch N° 9 : Mean Response Time : 970.48 cycles	Mean Waiting Time : 753.24 cycles	Throughput : 2.295
Batch N°10 : Mean Response Time : 1084.89 cycles	Mean Waiting Time : 861.79 cycles	Throughput : 2.335

End Of The Simulation at T= 8672.00 cycles
Injection Rate : 80
Batch Size : 2000
Number of Batches : 10
Number of Clients Served : 20000
Overall Response Time : 696.19 cycles
Overall Waiting  Time : 475.08 cycles
Overall Throughput : 2.315 
Standard Deviation Response Time : 260.54276 cycles
Standard Deviation Waiting  Time : 257.58228 cycles
Standard Deviation Throughput : 0.141604 