Simulation Starting Time 2021-09-01 06:07:50
Welcome to Network-On-Chip ExpressCube Simulator 
This simulator was designed based on The Discrete Event Simulation.
It's a final year project to obtain the Master Degree
Student developer : Ziraoui Zakaria 
Supervisor: Prof. Mohamed Ould-Khaoua

Network Simulation Parameters :

Topology : 16 x 16 Express Cube with 4 Hops
Number of Nodes  : 256 
Routing : Dimension-ordered (DOR)
Traffic : Hotspot [8][8]
Message length : 32 phits
Injection Rate : 90
Transmission Time Normal  Links : 32 Cycles
Transmission Time Express Links : 32 Cycles
Batch Means Method : Yes

Please wait, Simulation has been started...

Batch N° 1 : Mean Response Time : 258.62 cycles	Mean Waiting Time : 58.58 cycles	Throughput : 1.869
Batch N° 2 : Mean Response Time : 374.79 cycles	Mean Waiting Time : 153.33 cycles	Throughput : 2.147
Batch N° 3 : Mean Response Time : 456.21 cycles	Mean Waiting Time : 236.63 cycles	Throughput : 2.136
Batch N° 4 : Mean Response Time : 550.95 cycles	Mean Waiting Time : 328.31 cycles	Throughput : 2.237
Batch N° 5 : Mean Response Time : 611.03 cycles	Mean Waiting Time : 393.87 cycles	Throughput : 2.137
Batch N° 6 : Mean Response Time : 685.91 cycles	Mean Waiting Time : 464.83 cycles	Throughput : 2.155
Batch N° 7 : Mean Response Time : 830.89 cycles	Mean Waiting Time : 609.45 cycles	Throughput : 2.154
Batch N° 8 : Mean Response Time : 865.38 cycles	Mean Waiting Time : 640.62 cycles	Throughput : 2.157
Batch N° 9 : Mean Response Time : 940.17 cycles	Mean Waiting Time : 717.42 cycles	Throughput : 2.113
Batch N°10 : Mean Response Time : 1020.10 cycles	Mean Waiting Time : 796.68 cycles	Throughput : 2.196

End Of The Simulation at T= 9409.26 cycles
Injection Rate : 90
Batch Size : 2000
Number of Batches : 10
Number of Clients Served : 20000
Overall Response Time : 659.41 cycles
Overall Waiting  Time : 439.97 cycles
Overall Throughput : 2.130 
Standard Deviation Response Time : 253.52776 cycles
Standard Deviation Waiting  Time : 248.85973 cycles
Standard Deviation Throughput : 0.098015 