Simulation Starting Time 2021-09-02 05:21:16
Welcome to Network-On-Chip ExpressCube Simulator 
This simulator was designed based on The Discrete Event Simulation.
It's a final year project to obtain the Master Degree
Student developer : Ziraoui Zakaria 
Supervisor: Prof. Mohamed Ould-Khaoua

Network Simulation Parameters :

Topology : 8 x 8 Express Cube with 2 Hops
Number of Nodes  : 64 
Routing : Dimension-ordered (DOR)
Traffic : Uniform Random
Message length : 32 phits
Injection Rate : 160
Transmission Time Normal  Links : 64 Cycles
Transmission Time Express Links : 64 Cycles
Batch Means Method : Yes

Please wait, Simulation has been started...

Batch N° 1 : Mean Response Time : 376.73 cycles	Mean Waiting Time : 116.52 cycles	Throughput : 0.368
Batch N° 2 : Mean Response Time : 450.24 cycles	Mean Waiting Time : 171.48 cycles	Throughput : 0.390
Batch N° 3 : Mean Response Time : 436.03 cycles	Mean Waiting Time : 157.71 cycles	Throughput : 0.395
Batch N° 4 : Mean Response Time : 410.73 cycles	Mean Waiting Time : 133.52 cycles	Throughput : 0.398
Batch N° 5 : Mean Response Time : 518.32 cycles	Mean Waiting Time : 237.45 cycles	Throughput : 0.418
Batch N° 6 : Mean Response Time : 497.65 cycles	Mean Waiting Time : 223.04 cycles	Throughput : 0.404
Batch N° 7 : Mean Response Time : 524.98 cycles	Mean Waiting Time : 250.21 cycles	Throughput : 0.398
Batch N° 8 : Mean Response Time : 549.02 cycles	Mean Waiting Time : 280.70 cycles	Throughput : 0.400
Batch N° 9 : Mean Response Time : 639.01 cycles	Mean Waiting Time : 364.58 cycles	Throughput : 0.389
Batch N°10 : Mean Response Time : 660.46 cycles	Mean Waiting Time : 386.27 cycles	Throughput : 0.402

End Of The Simulation at T= 50540.27 cycles
Injection Rate : 160
Batch Size : 2000
Number of Batches : 10
Number of Clients Served : 20000
Overall Response Time : 506.32 cycles
Overall Waiting  Time : 232.15 cycles
Overall Throughput : 0.396 
Standard Deviation Response Time : 92.95980 cycles
Standard Deviation Waiting  Time : 92.14050 cycles
Standard Deviation Throughput : 0.012913 