Simulation Starting Time 2021-09-02 06:13:49
Welcome to Network-On-Chip 2D Mesh Simulator 
This simulator was designed based on The Discrete Event Simulation.
It's a final year project to obtain the Master Degree
Student developer : Ziraoui Zakaria 
Supervisor: Prof. Mohamed Ould-Khaoua

Network Simulation Parameters :

Topology : 16 x 16 Mesh 
Number of Nodes  : 256 
Routing : Dimension-ordered (DOR)
Traffic : Uniform Random
Message length : 32 phits
Injection Rate : 90
Transmission Time : 32 Cycles
Batch Means Method : Yes

Please wait, Simulation has been started...

Batch N° 1 : Mean Response Time : 470.94 cycles	Mean Waiting Time : 162.63 cycles	Throughput : 1.380
Batch N° 2 : Mean Response Time : 841.59 cycles	Mean Waiting Time : 499.26 cycles	Throughput : 1.762
Batch N° 3 : Mean Response Time : 1153.12 cycles	Mean Waiting Time : 798.59 cycles	Throughput : 1.825
Batch N° 4 : Mean Response Time : 1399.71 cycles	Mean Waiting Time : 1053.89 cycles	Throughput : 1.806
Batch N° 5 : Mean Response Time : 1717.77 cycles	Mean Waiting Time : 1368.84 cycles	Throughput : 1.870
Batch N° 6 : Mean Response Time : 2003.29 cycles	Mean Waiting Time : 1649.49 cycles	Throughput : 1.830
Batch N° 7 : Mean Response Time : 2283.72 cycles	Mean Waiting Time : 1936.26 cycles	Throughput : 1.892
Batch N° 8 : Mean Response Time : 2477.92 cycles	Mean Waiting Time : 2131.85 cycles	Throughput : 1.921
Batch N° 9 : Mean Response Time : 2790.84 cycles	Mean Waiting Time : 2444.05 cycles	Throughput : 1.899
Batch N°10 : Mean Response Time : 3119.44 cycles	Mean Waiting Time : 2763.64 cycles	Throughput : 1.849

End Of The Simulation at T= 11182.54 cycles
Injection Rate : 90
Batch Size : 2000
Number of Batches : 10
Number of Clients Served : 20000
Overall Response Time : 1825.83 cycles
Overall Waiting  Time : 1480.85 cycles
Overall Throughput : 1.803 
Standard Deviation Response Time : 864.18408 cycles
Standard Deviation Waiting  Time : 855.99121 cycles
Standard Deviation Throughput : 0.156199 