Simulation Starting Time 2021-09-01 06:40:34
Welcome to Network-On-Chip ExpressCube Simulator 
This simulator was designed based on The Discrete Event Simulation.
It's a final year project to obtain the Master Degree
Student developer : Ziraoui Zakaria 
Supervisor: Prof. Mohamed Ould-Khaoua

Network Simulation Parameters :

Topology : 32 x 32 Express Cube with 8 Hops
Number of Nodes  : 1024 
Routing : Dimension-ordered (DOR)
Traffic : Hotspot [16][16]
Message length : 32 phits
Injection Rate : 400
Transmission Time Normal  Links : 32 Cycles
Transmission Time Express Links : 32 Cycles
Batch Means Method : Yes

Please wait, Simulation has been started...

Batch N° 1 : Mean Response Time : 342.94 cycles	Mean Waiting Time : 16.83 cycles	Throughput : 2.252
Batch N° 2 : Mean Response Time : 429.90 cycles	Mean Waiting Time : 36.87 cycles	Throughput : 2.252
Batch N° 3 : Mean Response Time : 448.20 cycles	Mean Waiting Time : 58.50 cycles	Throughput : 2.194
Batch N° 4 : Mean Response Time : 463.34 cycles	Mean Waiting Time : 70.62 cycles	Throughput : 2.141
Batch N° 5 : Mean Response Time : 490.31 cycles	Mean Waiting Time : 91.71 cycles	Throughput : 2.163
Batch N° 6 : Mean Response Time : 516.89 cycles	Mean Waiting Time : 116.67 cycles	Throughput : 2.240
Batch N° 7 : Mean Response Time : 538.68 cycles	Mean Waiting Time : 154.01 cycles	Throughput : 2.039
Batch N° 8 : Mean Response Time : 545.84 cycles	Mean Waiting Time : 156.33 cycles	Throughput : 2.216
Batch N° 9 : Mean Response Time : 585.31 cycles	Mean Waiting Time : 192.15 cycles	Throughput : 2.189
Batch N°10 : Mean Response Time : 575.26 cycles	Mean Waiting Time : 196.17 cycles	Throughput : 2.256

End Of The Simulation at T= 9123.44 cycles
Injection Rate : 400
Batch Size : 2000
Number of Batches : 10
Number of Clients Served : 20000
Overall Response Time : 493.67 cycles
Overall Waiting  Time : 108.99 cycles
Overall Throughput : 2.194 
Standard Deviation Response Time : 74.63062 cycles
Standard Deviation Waiting  Time : 63.99534 cycles
Standard Deviation Throughput : 0.067519 