Simulation Starting Time 2021-08-31 05:59:16
Welcome to Network-On-Chip ExpressCube Simulator 
This simulator was designed based on The Discrete Event Simulation.
It's a final year project to obtain the Master Degree
Student developer : Ziraoui Zakaria 
Supervisor: Prof. Mohamed Ould-Khaoua

Network Simulation Parameters :

Topology : 16 x 16 Express Cube with 4 Hops
Number of Nodes  : 256 
Routing : Dimension-ordered (DOR)
Traffic : Uniform Random
Message length : 32 phits
Injection Rate : 180
Transmission Time Normal  Links : 32 Cycles
Transmission Time Express Links : 32 Cycles
Batch Means Method : Yes

Please wait, Simulation has been started...

Batch N° 1 : Mean Response Time : 232.10 cycles	Mean Waiting Time : 22.97 cycles	Throughput : 1.390
Batch N° 2 : Mean Response Time : 254.13 cycles	Mean Waiting Time : 27.39 cycles	Throughput : 1.338
Batch N° 3 : Mean Response Time : 250.23 cycles	Mean Waiting Time : 30.05 cycles	Throughput : 1.396
Batch N° 4 : Mean Response Time : 268.41 cycles	Mean Waiting Time : 42.86 cycles	Throughput : 1.472
Batch N° 5 : Mean Response Time : 254.59 cycles	Mean Waiting Time : 35.55 cycles	Throughput : 1.482
Batch N° 6 : Mean Response Time : 255.12 cycles	Mean Waiting Time : 32.65 cycles	Throughput : 1.476
Batch N° 7 : Mean Response Time : 244.82 cycles	Mean Waiting Time : 24.32 cycles	Throughput : 1.369
Batch N° 8 : Mean Response Time : 250.67 cycles	Mean Waiting Time : 27.15 cycles	Throughput : 1.456
Batch N° 9 : Mean Response Time : 252.00 cycles	Mean Waiting Time : 33.80 cycles	Throughput : 1.464
Batch N°10 : Mean Response Time : 247.25 cycles	Mean Waiting Time : 27.40 cycles	Throughput : 1.396

End Of The Simulation at T= 14062.94 cycles
Injection Rate : 180
Batch Size : 2000
Number of Batches : 10
Number of Clients Served : 20000
Overall Response Time : 250.93 cycles
Overall Waiting  Time : 30.41 cycles
Overall Throughput : 1.424 
Standard Deviation Response Time : 9.15175 cycles
Standard Deviation Waiting  Time : 5.95830 cycles
Standard Deviation Throughput : 0.051803 