Simulation Starting Time 2021-09-01 06:07:34
Welcome to Network-On-Chip ExpressCube Simulator 
This simulator was designed based on The Discrete Event Simulation.
It's a final year project to obtain the Master Degree
Student developer : Ziraoui Zakaria 
Supervisor: Prof. Mohamed Ould-Khaoua

Network Simulation Parameters :

Topology : 16 x 16 Express Cube with 4 Hops
Number of Nodes  : 256 
Routing : Dimension-ordered (DOR)
Traffic : Hotspot [8][8]
Message length : 32 phits
Injection Rate : 32000
Transmission Time Normal  Links : 32 Cycles
Transmission Time Express Links : 32 Cycles
Batch Means Method : Yes

Please wait, Simulation has been started...

Batch N° 1 : Mean Response Time : 199.29 cycles	Mean Waiting Time : 0.93 cycles	Throughput : 0.009
Batch N° 2 : Mean Response Time : 194.66 cycles	Mean Waiting Time : 0.08 cycles	Throughput : 0.008
Batch N° 3 : Mean Response Time : 192.57 cycles	Mean Waiting Time : 0.07 cycles	Throughput : 0.008
Batch N° 4 : Mean Response Time : 198.17 cycles	Mean Waiting Time : 0.09 cycles	Throughput : 0.008
Batch N° 5 : Mean Response Time : 191.84 cycles	Mean Waiting Time : 0.10 cycles	Throughput : 0.008
Batch N° 6 : Mean Response Time : 196.43 cycles	Mean Waiting Time : 0.04 cycles	Throughput : 0.008
Batch N° 7 : Mean Response Time : 195.60 cycles	Mean Waiting Time : 0.07 cycles	Throughput : 0.008
Batch N° 8 : Mean Response Time : 193.76 cycles	Mean Waiting Time : 0.07 cycles	Throughput : 0.008
Batch N° 9 : Mean Response Time : 196.51 cycles	Mean Waiting Time : 0.02 cycles	Throughput : 0.008
Batch N°10 : Mean Response Time : 189.32 cycles	Mean Waiting Time : 0.03 cycles	Throughput : 0.008

End Of The Simulation at T= 2478549.75 cycles
Injection Rate : 32000
Batch Size : 2000
Number of Batches : 10
Number of Clients Served : 20000
Overall Response Time : 194.81 cycles
Overall Waiting  Time : 0.15 cycles
Overall Throughput : 0.008 
Standard Deviation Response Time : 3.02966 cycles
Standard Deviation Waiting  Time : 0.27475 cycles
Standard Deviation Throughput : 0.000308 