Simulation Starting Time 2021-09-01 06:44:53
Welcome to Network-On-Chip ExpressCube Simulator 
This simulator was designed based on The Discrete Event Simulation.
It's a final year project to obtain the Master Degree
Student developer : Ziraoui Zakaria 
Supervisor: Prof. Mohamed Ould-Khaoua

Network Simulation Parameters :

Topology : 32 x 32 Express Cube with 8 Hops
Number of Nodes  : 1024 
Routing : Dimension-ordered (DOR)
Traffic : Hotspot [16][16]
Message length : 32 phits
Injection Rate : 70
Transmission Time Normal  Links : 32 Cycles
Transmission Time Express Links : 32 Cycles
Batch Means Method : Yes

Please wait, Simulation has been started...

Batch N° 1 : Mean Response Time : 294.47 cycles	Mean Waiting Time : 39.25 cycles	Throughput : 3.472
Batch N° 2 : Mean Response Time : 449.16 cycles	Mean Waiting Time : 127.73 cycles	Throughput : 5.901
Batch N° 3 : Mean Response Time : 560.84 cycles	Mean Waiting Time : 214.90 cycles	Throughput : 6.308
Batch N° 4 : Mean Response Time : 664.10 cycles	Mean Waiting Time : 311.76 cycles	Throughput : 6.460
Batch N° 5 : Mean Response Time : 734.29 cycles	Mean Waiting Time : 382.54 cycles	Throughput : 6.378
Batch N° 6 : Mean Response Time : 848.71 cycles	Mean Waiting Time : 490.21 cycles	Throughput : 6.923
Batch N° 7 : Mean Response Time : 938.93 cycles	Mean Waiting Time : 574.33 cycles	Throughput : 6.325
Batch N° 8 : Mean Response Time : 1014.08 cycles	Mean Waiting Time : 645.91 cycles	Throughput : 6.854
Batch N° 9 : Mean Response Time : 1077.21 cycles	Mean Waiting Time : 718.79 cycles	Throughput : 6.348
Batch N°10 : Mean Response Time : 1133.08 cycles	Mean Waiting Time : 773.54 cycles	Throughput : 6.799

End Of The Simulation at T= 3361.22 cycles
Injection Rate : 70
Batch Size : 2000
Number of Batches : 10
Number of Clients Served : 20000
Overall Response Time : 771.49 cycles
Overall Waiting  Time : 427.90 cycles
Overall Throughput : 6.177 
Standard Deviation Response Time : 280.03976 cycles
Standard Deviation Waiting  Time : 253.64069 cycles
Standard Deviation Throughput : 0.999100 