Simulation Starting Time 2021-09-02 06:38:42
Welcome to Network-On-Chip ExpressCube Simulator 
This simulator was designed based on The Discrete Event Simulation.
It's a final year project to obtain the Master Degree
Student developer : Ziraoui Zakaria 
Supervisor: Prof. Mohamed Ould-Khaoua

Network Simulation Parameters :

Topology : 32 x 32 Express Cube with 2 Hops
Number of Nodes  : 1024 
Routing : Dimension-ordered (DOR)
Traffic : Uniform Random
Message length : 32 phits
Injection Rate : 350
Transmission Time Normal  Links : 64 Cycles
Transmission Time Express Links : 64 Cycles
Batch Means Method : Yes

Please wait, Simulation has been started...

Batch N° 1 : Mean Response Time : 706.47 cycles	Mean Waiting Time : 110.62 cycles	Throughput : 1.272
Batch N° 2 : Mean Response Time : 1171.25 cycles	Mean Waiting Time : 397.90 cycles	Throughput : 1.912
Batch N° 3 : Mean Response Time : 1459.22 cycles	Mean Waiting Time : 671.07 cycles	Throughput : 2.008
Batch N° 4 : Mean Response Time : 1723.19 cycles	Mean Waiting Time : 925.37 cycles	Throughput : 1.958
Batch N° 5 : Mean Response Time : 1960.37 cycles	Mean Waiting Time : 1165.39 cycles	Throughput : 2.031
Batch N° 6 : Mean Response Time : 2172.17 cycles	Mean Waiting Time : 1371.47 cycles	Throughput : 2.054
Batch N° 7 : Mean Response Time : 2505.74 cycles	Mean Waiting Time : 1693.28 cycles	Throughput : 1.993
Batch N° 8 : Mean Response Time : 2626.39 cycles	Mean Waiting Time : 1827.00 cycles	Throughput : 2.115
Batch N° 9 : Mean Response Time : 2899.62 cycles	Mean Waiting Time : 2085.40 cycles	Throughput : 2.017
Batch N°10 : Mean Response Time : 3144.82 cycles	Mean Waiting Time : 2333.73 cycles	Throughput : 2.058

End Of The Simulation at T= 10506.58 cycles
Injection Rate : 350
Batch Size : 2000
Number of Batches : 10
Number of Clients Served : 20000
Overall Response Time : 2036.93 cycles
Overall Waiting  Time : 1258.12 cycles
Overall Throughput : 1.942 
Standard Deviation Response Time : 782.78455 cycles
Standard Deviation Waiting  Time : 736.94745 cycles
Standard Deviation Throughput : 0.241877 