Simulation Starting Time 2021-09-01 06:06:19
Welcome to Network-On-Chip ExpressCube Simulator 
This simulator was designed based on The Discrete Event Simulation.
It's a final year project to obtain the Master Degree
Student developer : Ziraoui Zakaria 
Supervisor: Prof. Mohamed Ould-Khaoua

Network Simulation Parameters :

Topology : 16 x 16 Express Cube with 2 Hops
Number of Nodes  : 256 
Routing : Dimension-ordered (DOR)
Traffic : Hotspot [8][8]
Message length : 32 phits
Injection Rate : 250
Transmission Time Normal  Links : 32 Cycles
Transmission Time Express Links : 32 Cycles
Batch Means Method : Yes

Please wait, Simulation has been started...

Batch N° 1 : Mean Response Time : 266.95 cycles	Mean Waiting Time : 50.28 cycles	Throughput : 0.972
Batch N° 2 : Mean Response Time : 365.03 cycles	Mean Waiting Time : 149.10 cycles	Throughput : 0.874
Batch N° 3 : Mean Response Time : 461.65 cycles	Mean Waiting Time : 239.67 cycles	Throughput : 0.920
Batch N° 4 : Mean Response Time : 562.13 cycles	Mean Waiting Time : 341.43 cycles	Throughput : 0.941
Batch N° 5 : Mean Response Time : 632.56 cycles	Mean Waiting Time : 413.30 cycles	Throughput : 0.929
Batch N° 6 : Mean Response Time : 754.37 cycles	Mean Waiting Time : 539.46 cycles	Throughput : 0.898
Batch N° 7 : Mean Response Time : 799.78 cycles	Mean Waiting Time : 581.58 cycles	Throughput : 0.925
Batch N° 8 : Mean Response Time : 975.84 cycles	Mean Waiting Time : 758.01 cycles	Throughput : 0.901
Batch N° 9 : Mean Response Time : 1103.66 cycles	Mean Waiting Time : 884.24 cycles	Throughput : 0.914
Batch N°10 : Mean Response Time : 1118.97 cycles	Mean Waiting Time : 901.21 cycles	Throughput : 0.918

End Of The Simulation at T= 21772.54 cycles
Injection Rate : 250
Batch Size : 2000
Number of Batches : 10
Number of Clients Served : 20000
Overall Response Time : 704.09 cycles
Overall Waiting  Time : 485.83 cycles
Overall Throughput : 0.919 
Standard Deviation Response Time : 299.51929 cycles
Standard Deviation Waiting  Time : 299.48221 cycles
Standard Deviation Throughput : 0.026403 