Simulation Starting Time 2021-09-04 04:16:33
Welcome to Network-On-Chip ExpressCube Simulator 
This simulator was designed based on The Discrete Event Simulation.
It's a final year project to obtain the Master Degree
Student developer : Ziraoui Zakaria 
Supervisor: Prof. Mohamed Ould-Khaoua

Network Simulation Parameters :

Topology : 8 x 8 Express Cube with 4 Hops
Number of Nodes  : 64 
Routing : Dimension-ordered (DOR)
Traffic : Hotspot [4][4]
Message length : 32 phits
Injection Rate : 70
Transmission Time Normal  Links : 96 Cycles
Transmission Time Express Links : 96 Cycles
Batch Means Method : Yes

Please wait, Simulation has been started...

Batch N° 1 : Mean Response Time : 2065.39 cycles	Mean Waiting Time : 1576.81 cycles	Throughput : 0.299
Batch N° 2 : Mean Response Time : 5237.77 cycles	Mean Waiting Time : 4729.43 cycles	Throughput : 0.323
Batch N° 3 : Mean Response Time : 8360.71 cycles	Mean Waiting Time : 7855.30 cycles	Throughput : 0.311
Batch N° 4 : Mean Response Time : 11603.47 cycles	Mean Waiting Time : 11081.43 cycles	Throughput : 0.321
Batch N° 5 : Mean Response Time : 14993.81 cycles	Mean Waiting Time : 14473.81 cycles	Throughput : 0.321
Batch N° 6 : Mean Response Time : 18211.11 cycles	Mean Waiting Time : 17688.25 cycles	Throughput : 0.321
Batch N° 7 : Mean Response Time : 21472.11 cycles	Mean Waiting Time : 20948.95 cycles	Throughput : 0.321
Batch N° 8 : Mean Response Time : 24877.92 cycles	Mean Waiting Time : 24363.32 cycles	Throughput : 0.324
Batch N° 9 : Mean Response Time : 27604.65 cycles	Mean Waiting Time : 27087.41 cycles	Throughput : 0.327
Batch N°10 : Mean Response Time : 30363.19 cycles	Mean Waiting Time : 29844.59 cycles	Throughput : 0.325

End Of The Simulation at T= 62689.35 cycles
Injection Rate : 70
Batch Size : 2000
Number of Batches : 10
Number of Clients Served : 20000
Overall Response Time : 16479.01 cycles
Overall Waiting  Time : 15964.93 cycles
Overall Throughput : 0.319 
Standard Deviation Response Time : 9666.80859 cycles
Standard Deviation Waiting  Time : 9659.71289 cycles
Standard Deviation Throughput : 0.008239 