Simulation Starting Time 2021-09-04 04:21:37
Welcome to Network-On-Chip ExpressCube Simulator 
This simulator was designed based on The Discrete Event Simulation.
It's a final year project to obtain the Master Degree
Student developer : Ziraoui Zakaria 
Supervisor: Prof. Mohamed Ould-Khaoua

Network Simulation Parameters :

Topology : 16 x 16 Express Cube with 4 Hops
Number of Nodes  : 256 
Routing : Dimension-ordered (DOR)
Traffic : Hotspot [8][8]
Message length : 32 phits
Injection Rate : 90
Transmission Time Normal  Links : 96 Cycles
Transmission Time Express Links : 96 Cycles
Batch Means Method : Yes

Please wait, Simulation has been started...

Batch N° 1 : Mean Response Time : 1009.28 cycles	Mean Waiting Time : 418.41 cycles	Throughput : 0.772
Batch N° 2 : Mean Response Time : 2026.07 cycles	Mean Waiting Time : 1347.63 cycles	Throughput : 0.992
Batch N° 3 : Mean Response Time : 2907.27 cycles	Mean Waiting Time : 2230.45 cycles	Throughput : 1.042
Batch N° 4 : Mean Response Time : 3819.51 cycles	Mean Waiting Time : 3133.21 cycles	Throughput : 1.077
Batch N° 5 : Mean Response Time : 4698.58 cycles	Mean Waiting Time : 4018.49 cycles	Throughput : 1.008
Batch N° 6 : Mean Response Time : 5648.66 cycles	Mean Waiting Time : 4968.11 cycles	Throughput : 0.992
Batch N° 7 : Mean Response Time : 6329.17 cycles	Mean Waiting Time : 5650.79 cycles	Throughput : 1.019
Batch N° 8 : Mean Response Time : 7383.21 cycles	Mean Waiting Time : 6700.59 cycles	Throughput : 1.028
Batch N° 9 : Mean Response Time : 8214.97 cycles	Mean Waiting Time : 7526.09 cycles	Throughput : 1.063
Batch N°10 : Mean Response Time : 9067.08 cycles	Mean Waiting Time : 8380.83 cycles	Throughput : 1.058

End Of The Simulation at T= 20064.00 cycles
Injection Rate : 90
Batch Size : 2000
Number of Batches : 10
Number of Clients Served : 20000
Overall Response Time : 5110.38 cycles
Overall Waiting  Time : 4437.46 cycles
Overall Throughput : 1.005 
Standard Deviation Response Time : 2692.71802 cycles
Standard Deviation Waiting  Time : 2675.24878 cycles
Standard Deviation Throughput : 0.087098 