Simulation Starting Time 2021-08-31 07:02:12
Welcome to Network-On-Chip ExpressCube Simulator 
This simulator was designed based on The Discrete Event Simulation.
It's a final year project to obtain the Master Degree
Student developer : Ziraoui Zakaria 
Supervisor: Prof. Mohamed Ould-Khaoua

Network Simulation Parameters :

Topology : 32 x 32 Express Cube with 8 Hops
Number of Nodes  : 1024 
Routing : Dimension-ordered (DOR)
Traffic : Uniform Random
Message length : 32 phits
Injection Rate : 150
Transmission Time Normal  Links : 32 Cycles
Transmission Time Express Links : 32 Cycles
Batch Means Method : Yes

Please wait, Simulation has been started...

Batch N° 1 : Mean Response Time : 296.52 cycles	Mean Waiting Time : 23.64 cycles	Throughput : 3.289
Batch N° 2 : Mean Response Time : 418.90 cycles	Mean Waiting Time : 64.24 cycles	Throughput : 5.509
Batch N° 3 : Mean Response Time : 468.63 cycles	Mean Waiting Time : 100.15 cycles	Throughput : 5.574
Batch N° 4 : Mean Response Time : 507.40 cycles	Mean Waiting Time : 135.82 cycles	Throughput : 5.619
Batch N° 5 : Mean Response Time : 545.18 cycles	Mean Waiting Time : 170.08 cycles	Throughput : 5.680
Batch N° 6 : Mean Response Time : 573.23 cycles	Mean Waiting Time : 198.80 cycles	Throughput : 5.641
Batch N° 7 : Mean Response Time : 605.89 cycles	Mean Waiting Time : 229.61 cycles	Throughput : 5.680
Batch N° 8 : Mean Response Time : 642.47 cycles	Mean Waiting Time : 263.98 cycles	Throughput : 5.564
Batch N° 9 : Mean Response Time : 678.87 cycles	Mean Waiting Time : 297.20 cycles	Throughput : 5.682
Batch N°10 : Mean Response Time : 706.93 cycles	Mean Waiting Time : 327.48 cycles	Throughput : 5.845

End Of The Simulation at T= 3798.20 cycles
Injection Rate : 150
Batch Size : 2000
Number of Batches : 10
Number of Clients Served : 20000
Overall Response Time : 544.40 cycles
Overall Waiting  Time : 181.10 cycles
Overall Throughput : 5.408 
Standard Deviation Response Time : 126.06716 cycles
Standard Deviation Waiting  Time : 100.89584 cycles
Standard Deviation Throughput : 0.750014 