Simulation Starting Time 2021-09-02 07:06:06
Welcome to Network-On-Chip ExpressCube Simulator 
This simulator was designed based on The Discrete Event Simulation.
It's a final year project to obtain the Master Degree
Student developer : Ziraoui Zakaria 
Supervisor: Prof. Mohamed Ould-Khaoua

Network Simulation Parameters :

Topology : 32 x 32 Express Cube with 8 Hops
Number of Nodes  : 1024 
Routing : Dimension-ordered (DOR)
Traffic : Uniform Random
Message length : 32 phits
Injection Rate : 150
Transmission Time Normal  Links : 160 Cycles
Transmission Time Express Links : 160 Cycles
Batch Means Method : Yes

Please wait, Simulation has been started...

Batch N° 1 : Mean Response Time : 1487.12 cycles	Mean Waiting Time : 339.07 cycles	Throughput : 0.735
Batch N° 2 : Mean Response Time : 2675.75 cycles	Mean Waiting Time : 1140.87 cycles	Throughput : 1.389
Batch N° 3 : Mean Response Time : 3633.54 cycles	Mean Waiting Time : 1990.18 cycles	Throughput : 1.389
Batch N° 4 : Mean Response Time : 4522.38 cycles	Mean Waiting Time : 2881.45 cycles	Throughput : 1.443
Batch N° 5 : Mean Response Time : 5456.43 cycles	Mean Waiting Time : 3758.86 cycles	Throughput : 1.499
Batch N° 6 : Mean Response Time : 6269.13 cycles	Mean Waiting Time : 4596.47 cycles	Throughput : 1.389
Batch N° 7 : Mean Response Time : 7146.59 cycles	Mean Waiting Time : 5469.86 cycles	Throughput : 1.563
Batch N° 8 : Mean Response Time : 7999.52 cycles	Mean Waiting Time : 6273.32 cycles	Throughput : 1.563
Batch N° 9 : Mean Response Time : 8757.52 cycles	Mean Waiting Time : 7038.62 cycles	Throughput : 1.389
Batch N°10 : Mean Response Time : 9585.51 cycles	Mean Waiting Time : 7876.59 cycles	Throughput : 1.563

End Of The Simulation at T= 15040.00 cycles
Injection Rate : 150
Batch Size : 2000
Number of Batches : 10
Number of Clients Served : 20000
Overall Response Time : 5753.35 cycles
Overall Waiting  Time : 4136.53 cycles
Overall Throughput : 1.392 
Standard Deviation Response Time : 2681.87891 cycles
Standard Deviation Waiting  Time : 2553.53320 cycles
Standard Deviation Throughput : 0.243258 