Simulation Starting Time 2021-09-01 06:20:56
Welcome to Network-On-Chip 2D Mesh Simulator 
This simulator was designed based on The Discrete Event Simulation.
It's a final year project to obtain the Master Degree
Student developer : Ziraoui Zakaria 
Supervisor: Prof. Mohamed Ould-Khaoua

Network Simulation Parameters :

Topology : 32 x 32 Mesh 
Number of Nodes  : 1024 
Routing : Dimension-ordered (DOR)
Traffic : Hotspot [16][16]
Message length : 32 phits
Injection Rate : 70
Transmission Time : 32 Cycles
Batch Means Method : Yes

Please wait, Simulation has been started...

Batch N° 1 : Mean Response Time : 453.60 cycles	Mean Waiting Time : 92.25 cycles	Throughput : 2.083
Batch N° 2 : Mean Response Time : 786.71 cycles	Mean Waiting Time : 276.01 cycles	Throughput : 3.676
Batch N° 3 : Mean Response Time : 1006.97 cycles	Mean Waiting Time : 478.43 cycles	Throughput : 3.815
Batch N° 4 : Mean Response Time : 1215.64 cycles	Mean Waiting Time : 678.97 cycles	Throughput : 3.761
Batch N° 5 : Mean Response Time : 1462.79 cycles	Mean Waiting Time : 904.98 cycles	Throughput : 3.709
Batch N° 6 : Mean Response Time : 1651.27 cycles	Mean Waiting Time : 1101.35 cycles	Throughput : 3.870
Batch N° 7 : Mean Response Time : 1822.86 cycles	Mean Waiting Time : 1280.33 cycles	Throughput : 4.083
Batch N° 8 : Mean Response Time : 2059.67 cycles	Mean Waiting Time : 1511.67 cycles	Throughput : 3.744
Batch N° 9 : Mean Response Time : 2225.21 cycles	Mean Waiting Time : 1679.60 cycles	Throughput : 4.135
Batch N°10 : Mean Response Time : 2380.02 cycles	Mean Waiting Time : 1828.81 cycles	Throughput : 3.716

End Of The Simulation at T= 5661.91 cycles
Injection Rate : 70
Batch Size : 2000
Number of Batches : 10
Number of Clients Served : 20000
Overall Response Time : 1506.47 cycles
Overall Waiting  Time : 983.24 cycles
Overall Throughput : 3.659 
Standard Deviation Response Time : 638.52100 cycles
Standard Deviation Waiting  Time : 598.97522 cycles
Standard Deviation Throughput : 0.575596 