Simulation Starting Time 2021-09-01 06:09:55
Welcome to Network-On-Chip 2D Mesh Simulator 
This simulator was designed based on The Discrete Event Simulation.
It's a final year project to obtain the Master Degree
Student developer : Ziraoui Zakaria 
Supervisor: Prof. Mohamed Ould-Khaoua

Network Simulation Parameters :

Topology : 32 x 32 Mesh 
Number of Nodes  : 1024 
Routing : Dimension-ordered (DOR)
Traffic : Hotspot [16][16]
Message length : 32 phits
Injection Rate : 1000
Transmission Time : 32 Cycles
Batch Means Method : Yes

Please wait, Simulation has been started...

Batch N° 1 : Mean Response Time : 641.19 cycles	Mean Waiting Time : 40.09 cycles	Throughput : 1.116
Batch N° 2 : Mean Response Time : 817.72 cycles	Mean Waiting Time : 161.10 cycles	Throughput : 0.919
Batch N° 3 : Mean Response Time : 935.79 cycles	Mean Waiting Time : 271.92 cycles	Throughput : 0.901
Batch N° 4 : Mean Response Time : 1018.57 cycles	Mean Waiting Time : 351.38 cycles	Throughput : 0.940
Batch N° 5 : Mean Response Time : 1161.63 cycles	Mean Waiting Time : 502.50 cycles	Throughput : 0.911
Batch N° 6 : Mean Response Time : 1186.24 cycles	Mean Waiting Time : 533.22 cycles	Throughput : 0.899
Batch N° 7 : Mean Response Time : 1297.61 cycles	Mean Waiting Time : 659.37 cycles	Throughput : 0.916
Batch N° 8 : Mean Response Time : 1460.24 cycles	Mean Waiting Time : 810.62 cycles	Throughput : 0.873
Batch N° 9 : Mean Response Time : 1554.49 cycles	Mean Waiting Time : 896.17 cycles	Throughput : 0.913
Batch N°10 : Mean Response Time : 1652.57 cycles	Mean Waiting Time : 988.39 cycles	Throughput : 0.925

End Of The Simulation at T= 21560.03 cycles
Injection Rate : 1000
Batch Size : 2000
Number of Batches : 10
Number of Clients Served : 20000
Overall Response Time : 1172.60 cycles
Overall Waiting  Time : 521.48 cycles
Overall Throughput : 0.931 
Standard Deviation Response Time : 327.11145 cycles
Standard Deviation Waiting  Time : 318.73624 cycles
Standard Deviation Throughput : 0.067070 