Simulation Starting Time 2021-08-17 06:05:59
Welcome to Network-On-Chip ExpressCube Simulator 
This simulator was designed based on The Discrete Event Simulation.
It's a final year project to obtain the Master Degree
Student developer : Ziraoui Zakaria 
Supervisor: Prof. Mohamed Ould-Khaoua

Network Simulation Parameters :

Topology : 8 x 8 Express Cube with 4 Hops
Number of Nodes  : 64 
Routing : Dimension-ordered (DOR)
Traffic : Uniform Random
Message length : 32 phits
Injection Rate : 50
Transmission Time Normal  Links : 32 Cycles
Transmission Time Express Links : 32 Cycles
Batch Means Method : Yes

Please wait, Simulation has been started...

Batch N° 1 : Mean Response Time : 1424.89 cycles	Mean Waiting Time : 1255.15 cycles	Throughput : 0.928
Batch N° 2 : Mean Response Time : 3639.01 cycles	Mean Waiting Time : 3467.41 cycles	Throughput : 0.946
Batch N° 3 : Mean Response Time : 5617.41 cycles	Mean Waiting Time : 5445.94 cycles	Throughput : 0.945
Batch N° 4 : Mean Response Time : 7768.48 cycles	Mean Waiting Time : 7596.86 cycles	Throughput : 0.935
Batch N° 5 : Mean Response Time : 9667.88 cycles	Mean Waiting Time : 9498.10 cycles	Throughput : 0.950
Batch N° 6 : Mean Response Time : 11920.07 cycles	Mean Waiting Time : 11749.39 cycles	Throughput : 0.937
Batch N° 7 : Mean Response Time : 13923.93 cycles	Mean Waiting Time : 13754.29 cycles	Throughput : 0.938
Batch N° 8 : Mean Response Time : 16228.49 cycles	Mean Waiting Time : 16058.23 cycles	Throughput : 0.928
Batch N° 9 : Mean Response Time : 17790.72 cycles	Mean Waiting Time : 17619.87 cycles	Throughput : 0.936
Batch N°10 : Mean Response Time : 19583.39 cycles	Mean Waiting Time : 19413.72 cycles	Throughput : 0.947
Batch N°11 : Mean Response Time : 21562.69 cycles	Mean Waiting Time : 21392.48 cycles	Throughput : 0.938
Batch N°12 : Mean Response Time : 23129.50 cycles	Mean Waiting Time : 22960.17 cycles	Throughput : 0.951
Batch N°13 : Mean Response Time : 25145.87 cycles	Mean Waiting Time : 24974.75 cycles	Throughput : 0.937
Batch N°14 : Mean Response Time : 26628.17 cycles	Mean Waiting Time : 26457.29 cycles	Throughput : 0.937
Batch N°15 : Mean Response Time : 28059.09 cycles	Mean Waiting Time : 27889.15 cycles	Throughput : 0.924
Batch N°16 : Mean Response Time : 29845.64 cycles	Mean Waiting Time : 29675.46 cycles	Throughput : 0.945
Batch N°17 : Mean Response Time : 31970.46 cycles	Mean Waiting Time : 31801.18 cycles	Throughput : 0.936
Batch N°18 : Mean Response Time : 33355.09 cycles	Mean Waiting Time : 33185.66 cycles	Throughput : 0.934
Batch N°19 : Mean Response Time : 35585.05 cycles	Mean Waiting Time : 35415.25 cycles	Throughput : 0.936
Batch N°20 : Mean Response Time : 36854.07 cycles	Mean Waiting Time : 36684.57 cycles	Throughput : 0.928
Batch N°21 : Mean Response Time : 38744.44 cycles	Mean Waiting Time : 38574.06 cycles	Throughput : 0.942
Batch N°22 : Mean Response Time : 40420.27 cycles	Mean Waiting Time : 40249.66 cycles	Throughput : 0.944
Batch N°23 : Mean Response Time : 42382.67 cycles	Mean Waiting Time : 42211.28 cycles	Throughput : 0.926
Batch N°24 : Mean Response Time : 44038.73 cycles	Mean Waiting Time : 43868.76 cycles	Throughput : 0.924
Batch N°25 : Mean Response Time : 45565.72 cycles	Mean Waiting Time : 45396.61 cycles	Throughput : 0.933
Batch N°26 : Mean Response Time : 47727.57 cycles	Mean Waiting Time : 47557.23 cycles	Throughput : 0.939
Batch N°27 : Mean Response Time : 49463.96 cycles	Mean Waiting Time : 49293.34 cycles	Throughput : 0.913
Batch N°28 : Mean Response Time : 51780.52 cycles	Mean Waiting Time : 51612.06 cycles	Throughput : 0.915
Batch N°29 : Mean Response Time : 53791.39 cycles	Mean Waiting Time : 53621.47 cycles	Throughput : 0.895
Batch N°30 : Mean Response Time : 55319.36 cycles	Mean Waiting Time : 55149.89 cycles	Throughput : 0.901
Batch N°31 : Mean Response Time : 55882.52 cycles	Mean Waiting Time : 55713.18 cycles	Throughput : 0.921
Batch N°32 : Mean Response Time : 58268.10 cycles	Mean Waiting Time : 58098.31 cycles	Throughput : 0.906
Batch N°33 : Mean Response Time : 59239.92 cycles	Mean Waiting Time : 59070.18 cycles	Throughput : 0.900
Batch N°34 : Mean Response Time : 62944.20 cycles	Mean Waiting Time : 62772.19 cycles	Throughput : 0.889
Batch N°35 : Mean Response Time : 63835.74 cycles	Mean Waiting Time : 63665.31 cycles	Throughput : 0.890
Batch N°36 : Mean Response Time : 65251.88 cycles	Mean Waiting Time : 65080.51 cycles	Throughput : 0.877

End Of The Simulation at T= 388544.00 cycles
Injection Rate : 50
Batch Size : 10000
Number of Batches : 36
Number of Clients Served : 360000
Overall Response Time : 34287.70 cycles
Overall Waiting  Time : 34117.47 cycles
Overall Throughput : 0.927 
Standard Deviation Response Time : 18961.55469 cycles
Standard Deviation Waiting  Time : 18961.68555 cycles
Standard Deviation Throughput : 0.019003 