Simulation Starting Time 2021-08-17 05:44:08
Welcome to Network-On-Chip 2D Mesh Simulator 
This simulator was designed based on The Discrete Event Simulation.
It's a final year project to obtain the Master Degree
Student developer : Ziraoui Zakaria 
Supervisor: Prof. Mohamed Ould-Khaoua

Network Simulation Parameters :

Topology : 8 x 8 Mesh 
Number of Nodes  : 64 
Routing : Dimension-ordered (DOR)
Traffic : Uniform Random
Message length : 32 phits
Injection Rate : 300
Transmission Time : 32 Cycles
Batch Means Method : Yes

Please wait, Simulation has been started...

Batch N° 1 : Mean Response Time : 165.07 cycles	Mean Waiting Time : 4.51 cycles	Throughput : 0.216
Batch N° 2 : Mean Response Time : 166.65 cycles	Mean Waiting Time : 4.45 cycles	Throughput : 0.215
Batch N° 3 : Mean Response Time : 164.74 cycles	Mean Waiting Time : 4.24 cycles	Throughput : 0.212
Batch N° 4 : Mean Response Time : 164.11 cycles	Mean Waiting Time : 4.33 cycles	Throughput : 0.215
Batch N° 5 : Mean Response Time : 164.74 cycles	Mean Waiting Time : 4.08 cycles	Throughput : 0.208
Batch N° 6 : Mean Response Time : 164.04 cycles	Mean Waiting Time : 4.20 cycles	Throughput : 0.208
Batch N° 7 : Mean Response Time : 162.62 cycles	Mean Waiting Time : 4.19 cycles	Throughput : 0.206
Batch N° 8 : Mean Response Time : 165.94 cycles	Mean Waiting Time : 3.99 cycles	Throughput : 0.206
Batch N° 9 : Mean Response Time : 164.44 cycles	Mean Waiting Time : 4.23 cycles	Throughput : 0.206
Batch N°10 : Mean Response Time : 165.49 cycles	Mean Waiting Time : 4.00 cycles	Throughput : 0.204
Batch N°11 : Mean Response Time : 163.62 cycles	Mean Waiting Time : 4.04 cycles	Throughput : 0.205
Batch N°12 : Mean Response Time : 164.76 cycles	Mean Waiting Time : 3.73 cycles	Throughput : 0.206
Batch N°13 : Mean Response Time : 164.04 cycles	Mean Waiting Time : 3.81 cycles	Throughput : 0.199
Batch N°14 : Mean Response Time : 166.12 cycles	Mean Waiting Time : 3.97 cycles	Throughput : 0.202
Batch N°15 : Mean Response Time : 165.69 cycles	Mean Waiting Time : 4.17 cycles	Throughput : 0.198
Batch N°16 : Mean Response Time : 162.69 cycles	Mean Waiting Time : 3.64 cycles	Throughput : 0.196
Batch N°17 : Mean Response Time : 162.92 cycles	Mean Waiting Time : 3.72 cycles	Throughput : 0.195
Batch N°18 : Mean Response Time : 161.73 cycles	Mean Waiting Time : 3.61 cycles	Throughput : 0.194
Batch N°19 : Mean Response Time : 163.57 cycles	Mean Waiting Time : 4.06 cycles	Throughput : 0.197
Batch N°20 : Mean Response Time : 162.63 cycles	Mean Waiting Time : 3.70 cycles	Throughput : 0.195
Batch N°21 : Mean Response Time : 163.41 cycles	Mean Waiting Time : 3.60 cycles	Throughput : 0.190
Batch N°22 : Mean Response Time : 164.33 cycles	Mean Waiting Time : 3.65 cycles	Throughput : 0.192
Batch N°23 : Mean Response Time : 164.32 cycles	Mean Waiting Time : 3.68 cycles	Throughput : 0.194
Batch N°24 : Mean Response Time : 163.88 cycles	Mean Waiting Time : 3.74 cycles	Throughput : 0.194
Batch N°25 : Mean Response Time : 164.12 cycles	Mean Waiting Time : 3.59 cycles	Throughput : 0.193
Batch N°26 : Mean Response Time : 163.57 cycles	Mean Waiting Time : 3.64 cycles	Throughput : 0.194
Batch N°27 : Mean Response Time : 164.50 cycles	Mean Waiting Time : 3.99 cycles	Throughput : 0.196
Batch N°28 : Mean Response Time : 162.71 cycles	Mean Waiting Time : 3.49 cycles	Throughput : 0.195
Batch N°29 : Mean Response Time : 163.18 cycles	Mean Waiting Time : 3.57 cycles	Throughput : 0.190
Batch N°30 : Mean Response Time : 162.87 cycles	Mean Waiting Time : 3.53 cycles	Throughput : 0.186
Batch N°31 : Mean Response Time : 164.34 cycles	Mean Waiting Time : 3.44 cycles	Throughput : 0.186
Batch N°32 : Mean Response Time : 163.19 cycles	Mean Waiting Time : 3.35 cycles	Throughput : 0.185
Batch N°33 : Mean Response Time : 163.89 cycles	Mean Waiting Time : 3.51 cycles	Throughput : 0.190
Batch N°34 : Mean Response Time : 163.99 cycles	Mean Waiting Time : 3.28 cycles	Throughput : 0.185
Batch N°35 : Mean Response Time : 162.97 cycles	Mean Waiting Time : 3.02 cycles	Throughput : 0.183
Batch N°36 : Mean Response Time : 161.20 cycles	Mean Waiting Time : 3.33 cycles	Throughput : 0.183

End Of The Simulation at T= 1824101.50 cycles
Injection Rate : 300
Batch Size : 10000
Number of Batches : 36
Number of Clients Served : 360000
Overall Response Time : 163.95 cycles
Overall Waiting  Time : 3.81 cycles
Overall Throughput : 0.198 
Standard Deviation Response Time : 1.19208 cycles
Standard Deviation Waiting  Time : 0.35280 cycles
Standard Deviation Throughput : 0.009329 