Simulation Starting Time 2021-09-04 04:21:10
Welcome to Network-On-Chip ExpressCube Simulator 
This simulator was designed based on The Discrete Event Simulation.
It's a final year project to obtain the Master Degree
Student developer : Ziraoui Zakaria 
Supervisor: Prof. Mohamed Ould-Khaoua

Network Simulation Parameters :

Topology : 16 x 16 Express Cube with 4 Hops
Number of Nodes  : 256 
Routing : Dimension-ordered (DOR)
Traffic : Hotspot [8][8]
Message length : 32 phits
Injection Rate : 400
Transmission Time Normal  Links : 96 Cycles
Transmission Time Express Links : 96 Cycles
Batch Means Method : Yes

Please wait, Simulation has been started...

Batch N° 1 : Mean Response Time : 750.29 cycles	Mean Waiting Time : 125.76 cycles	Throughput : 0.483
Batch N° 2 : Mean Response Time : 981.85 cycles	Mean Waiting Time : 319.68 cycles	Throughput : 0.540
Batch N° 3 : Mean Response Time : 1226.16 cycles	Mean Waiting Time : 562.50 cycles	Throughput : 0.543
Batch N° 4 : Mean Response Time : 1378.46 cycles	Mean Waiting Time : 704.69 cycles	Throughput : 0.530
Batch N° 5 : Mean Response Time : 1486.12 cycles	Mean Waiting Time : 811.50 cycles	Throughput : 0.538
Batch N° 6 : Mean Response Time : 1687.52 cycles	Mean Waiting Time : 1002.64 cycles	Throughput : 0.565
Batch N° 7 : Mean Response Time : 1743.23 cycles	Mean Waiting Time : 1066.66 cycles	Throughput : 0.527
Batch N° 8 : Mean Response Time : 1953.23 cycles	Mean Waiting Time : 1290.98 cycles	Throughput : 0.530
Batch N° 9 : Mean Response Time : 2230.76 cycles	Mean Waiting Time : 1558.12 cycles	Throughput : 0.533
Batch N°10 : Mean Response Time : 2332.03 cycles	Mean Waiting Time : 1654.71 cycles	Throughput : 0.530

End Of The Simulation at T= 37654.29 cycles
Injection Rate : 400
Batch Size : 2000
Number of Batches : 10
Number of Clients Served : 20000
Overall Response Time : 1576.97 cycles
Overall Waiting  Time : 909.72 cycles
Overall Throughput : 0.532 
Standard Deviation Response Time : 515.02740 cycles
Standard Deviation Waiting  Time : 504.32013 cycles
Standard Deviation Throughput : 0.020441 