Simulation Starting Time 2021-09-01 06:08:28
Welcome to Network-On-Chip ExpressCube Simulator 
This simulator was designed based on The Discrete Event Simulation.
It's a final year project to obtain the Master Degree
Student developer : Ziraoui Zakaria 
Supervisor: Prof. Mohamed Ould-Khaoua

Network Simulation Parameters :

Topology : 16 x 16 Express Cube with 8 Hops
Number of Nodes  : 256 
Routing : Dimension-ordered (DOR)
Traffic : Hotspot [8][8]
Message length : 32 phits
Injection Rate : 300
Transmission Time Normal  Links : 32 Cycles
Transmission Time Express Links : 32 Cycles
Batch Means Method : Yes

Please wait, Simulation has been started...

Batch N° 1 : Mean Response Time : 343.90 cycles	Mean Waiting Time : 67.08 cycles	Throughput : 0.797
Batch N° 2 : Mean Response Time : 470.87 cycles	Mean Waiting Time : 189.28 cycles	Throughput : 0.772
Batch N° 3 : Mean Response Time : 576.35 cycles	Mean Waiting Time : 289.65 cycles	Throughput : 0.762
Batch N° 4 : Mean Response Time : 747.12 cycles	Mean Waiting Time : 461.14 cycles	Throughput : 0.757
Batch N° 5 : Mean Response Time : 862.61 cycles	Mean Waiting Time : 578.86 cycles	Throughput : 0.768
Batch N° 6 : Mean Response Time : 971.70 cycles	Mean Waiting Time : 689.56 cycles	Throughput : 0.769
Batch N° 7 : Mean Response Time : 1088.71 cycles	Mean Waiting Time : 800.84 cycles	Throughput : 0.800
Batch N° 8 : Mean Response Time : 1197.23 cycles	Mean Waiting Time : 913.72 cycles	Throughput : 0.775
Batch N° 9 : Mean Response Time : 1290.12 cycles	Mean Waiting Time : 1008.86 cycles	Throughput : 0.779
Batch N°10 : Mean Response Time : 1324.21 cycles	Mean Waiting Time : 1041.14 cycles	Throughput : 0.784

End Of The Simulation at T= 25765.73 cycles
Injection Rate : 300
Batch Size : 2000
Number of Batches : 10
Number of Clients Served : 20000
Overall Response Time : 887.28 cycles
Overall Waiting  Time : 604.01 cycles
Overall Throughput : 0.776 
Standard Deviation Response Time : 346.81900 cycles
Standard Deviation Waiting  Time : 345.94925 cycles
Standard Deviation Throughput : 0.013971 