Simulation Starting Time 2021-09-02 05:22:29
Welcome to Network-On-Chip ExpressCube Simulator 
This simulator was designed based on The Discrete Event Simulation.
It's a final year project to obtain the Master Degree
Student developer : Ziraoui Zakaria 
Supervisor: Prof. Mohamed Ould-Khaoua

Network Simulation Parameters :

Topology : 8 x 8 Express Cube with 4 Hops
Number of Nodes  : 64 
Routing : Dimension-ordered (DOR)
Traffic : Uniform Random
Message length : 32 phits
Injection Rate : 300
Transmission Time Normal  Links : 96 Cycles
Transmission Time Express Links : 96 Cycles
Batch Means Method : Yes

Please wait, Simulation has been started...

Batch N° 1 : Mean Response Time : 626.76 cycles	Mean Waiting Time : 162.37 cycles	Throughput : 0.212
Batch N° 2 : Mean Response Time : 684.36 cycles	Mean Waiting Time : 214.51 cycles	Throughput : 0.216
Batch N° 3 : Mean Response Time : 636.99 cycles	Mean Waiting Time : 163.84 cycles	Throughput : 0.207
Batch N° 4 : Mean Response Time : 643.48 cycles	Mean Waiting Time : 174.31 cycles	Throughput : 0.203
Batch N° 5 : Mean Response Time : 664.92 cycles	Mean Waiting Time : 181.08 cycles	Throughput : 0.207
Batch N° 6 : Mean Response Time : 592.80 cycles	Mean Waiting Time : 134.27 cycles	Throughput : 0.213
Batch N° 7 : Mean Response Time : 613.83 cycles	Mean Waiting Time : 150.78 cycles	Throughput : 0.201
Batch N° 8 : Mean Response Time : 603.79 cycles	Mean Waiting Time : 135.08 cycles	Throughput : 0.206
Batch N° 9 : Mean Response Time : 652.58 cycles	Mean Waiting Time : 182.35 cycles	Throughput : 0.205
Batch N°10 : Mean Response Time : 652.51 cycles	Mean Waiting Time : 184.43 cycles	Throughput : 0.210

End Of The Simulation at T= 96255.16 cycles
Injection Rate : 300
Batch Size : 2000
Number of Batches : 10
Number of Clients Served : 20000
Overall Response Time : 637.20 cycles
Overall Waiting  Time : 168.30 cycles
Overall Throughput : 0.208 
Standard Deviation Response Time : 28.37413 cycles
Standard Deviation Waiting  Time : 24.53152 cycles
Standard Deviation Throughput : 0.004715 