Simulation Starting Time 2021-08-17 06:04:48
Welcome to Network-On-Chip ExpressCube Simulator 
This simulator was designed based on The Discrete Event Simulation.
It's a final year project to obtain the Master Degree
Student developer : Ziraoui Zakaria 
Supervisor: Prof. Mohamed Ould-Khaoua

Network Simulation Parameters :

Topology : 8 x 8 Express Cube with 4 Hops
Number of Nodes  : 64 
Routing : Dimension-ordered (DOR)
Traffic : Uniform Random
Message length : 32 phits
Injection Rate : 250
Transmission Time Normal  Links : 32 Cycles
Transmission Time Express Links : 32 Cycles
Batch Means Method : Yes

Please wait, Simulation has been started...

Batch N° 1 : Mean Response Time : 146.73 cycles	Mean Waiting Time : 4.81 cycles	Throughput : 0.253
Batch N° 2 : Mean Response Time : 145.66 cycles	Mean Waiting Time : 4.95 cycles	Throughput : 0.256
Batch N° 3 : Mean Response Time : 147.30 cycles	Mean Waiting Time : 5.17 cycles	Throughput : 0.251
Batch N° 4 : Mean Response Time : 147.19 cycles	Mean Waiting Time : 4.87 cycles	Throughput : 0.255
Batch N° 5 : Mean Response Time : 145.69 cycles	Mean Waiting Time : 4.71 cycles	Throughput : 0.252
Batch N° 6 : Mean Response Time : 145.26 cycles	Mean Waiting Time : 4.68 cycles	Throughput : 0.250
Batch N° 7 : Mean Response Time : 144.88 cycles	Mean Waiting Time : 4.28 cycles	Throughput : 0.245
Batch N° 8 : Mean Response Time : 146.46 cycles	Mean Waiting Time : 5.01 cycles	Throughput : 0.252
Batch N° 9 : Mean Response Time : 144.60 cycles	Mean Waiting Time : 4.30 cycles	Throughput : 0.244
Batch N°10 : Mean Response Time : 146.61 cycles	Mean Waiting Time : 4.65 cycles	Throughput : 0.244
Batch N°11 : Mean Response Time : 146.38 cycles	Mean Waiting Time : 4.63 cycles	Throughput : 0.244
Batch N°12 : Mean Response Time : 145.85 cycles	Mean Waiting Time : 4.36 cycles	Throughput : 0.245
Batch N°13 : Mean Response Time : 146.97 cycles	Mean Waiting Time : 4.74 cycles	Throughput : 0.246
Batch N°14 : Mean Response Time : 146.01 cycles	Mean Waiting Time : 4.63 cycles	Throughput : 0.243
Batch N°15 : Mean Response Time : 146.70 cycles	Mean Waiting Time : 4.83 cycles	Throughput : 0.246
Batch N°16 : Mean Response Time : 145.04 cycles	Mean Waiting Time : 4.81 cycles	Throughput : 0.246
Batch N°17 : Mean Response Time : 145.05 cycles	Mean Waiting Time : 4.62 cycles	Throughput : 0.239
Batch N°18 : Mean Response Time : 145.55 cycles	Mean Waiting Time : 4.51 cycles	Throughput : 0.245
Batch N°19 : Mean Response Time : 144.65 cycles	Mean Waiting Time : 3.91 cycles	Throughput : 0.226
Batch N°20 : Mean Response Time : 144.18 cycles	Mean Waiting Time : 3.85 cycles	Throughput : 0.223
Batch N°21 : Mean Response Time : 144.54 cycles	Mean Waiting Time : 3.81 cycles	Throughput : 0.221
Batch N°22 : Mean Response Time : 143.22 cycles	Mean Waiting Time : 3.58 cycles	Throughput : 0.214
Batch N°23 : Mean Response Time : 143.74 cycles	Mean Waiting Time : 3.62 cycles	Throughput : 0.220
Batch N°24 : Mean Response Time : 144.34 cycles	Mean Waiting Time : 3.59 cycles	Throughput : 0.220
Batch N°25 : Mean Response Time : 143.60 cycles	Mean Waiting Time : 3.56 cycles	Throughput : 0.217
Batch N°26 : Mean Response Time : 142.93 cycles	Mean Waiting Time : 3.75 cycles	Throughput : 0.215
Batch N°27 : Mean Response Time : 144.48 cycles	Mean Waiting Time : 3.63 cycles	Throughput : 0.214
Batch N°28 : Mean Response Time : 144.48 cycles	Mean Waiting Time : 3.68 cycles	Throughput : 0.215
Batch N°29 : Mean Response Time : 143.25 cycles	Mean Waiting Time : 3.37 cycles	Throughput : 0.213
Batch N°30 : Mean Response Time : 142.50 cycles	Mean Waiting Time : 3.41 cycles	Throughput : 0.207
Batch N°31 : Mean Response Time : 143.86 cycles	Mean Waiting Time : 3.44 cycles	Throughput : 0.207
Batch N°32 : Mean Response Time : 143.14 cycles	Mean Waiting Time : 3.43 cycles	Throughput : 0.206
Batch N°33 : Mean Response Time : 143.58 cycles	Mean Waiting Time : 3.39 cycles	Throughput : 0.211
Batch N°34 : Mean Response Time : 141.95 cycles	Mean Waiting Time : 3.50 cycles	Throughput : 0.210
Batch N°35 : Mean Response Time : 144.81 cycles	Mean Waiting Time : 3.58 cycles	Throughput : 0.211
Batch N°36 : Mean Response Time : 143.59 cycles	Mean Waiting Time : 3.24 cycles	Throughput : 0.208

End Of The Simulation at T= 1567549.00 cycles
Injection Rate : 250
Batch Size : 10000
Number of Batches : 36
Number of Clients Served : 360000
Overall Response Time : 144.86 cycles
Overall Waiting  Time : 4.14 cycles
Overall Throughput : 0.231 
Standard Deviation Response Time : 1.40771 cycles
Standard Deviation Waiting  Time : 0.60694 cycles
Standard Deviation Throughput : 0.017524 