Simulation Starting Time 2021-09-01 06:10:05
Welcome to Network-On-Chip 2D Mesh Simulator 
This simulator was designed based on The Discrete Event Simulation.
It's a final year project to obtain the Master Degree
Student developer : Ziraoui Zakaria 
Supervisor: Prof. Mohamed Ould-Khaoua

Network Simulation Parameters :

Topology : 32 x 32 Mesh 
Number of Nodes  : 1024 
Routing : Dimension-ordered (DOR)
Traffic : Hotspot [16][16]
Message length : 32 phits
Injection Rate : 400
Transmission Time : 32 Cycles
Batch Means Method : Yes

Please wait, Simulation has been started...

Batch N° 1 : Mean Response Time : 560.85 cycles	Mean Waiting Time : 39.72 cycles	Throughput : 1.563
Batch N° 2 : Mean Response Time : 799.38 cycles	Mean Waiting Time : 96.67 cycles	Throughput : 2.182
Batch N° 3 : Mean Response Time : 789.43 cycles	Mean Waiting Time : 118.84 cycles	Throughput : 2.140
Batch N° 4 : Mean Response Time : 794.63 cycles	Mean Waiting Time : 122.02 cycles	Throughput : 2.144
Batch N° 5 : Mean Response Time : 826.73 cycles	Mean Waiting Time : 151.84 cycles	Throughput : 2.155
Batch N° 6 : Mean Response Time : 863.08 cycles	Mean Waiting Time : 197.41 cycles	Throughput : 2.086
Batch N° 7 : Mean Response Time : 847.16 cycles	Mean Waiting Time : 180.13 cycles	Throughput : 2.135
Batch N° 8 : Mean Response Time : 899.45 cycles	Mean Waiting Time : 224.73 cycles	Throughput : 2.058
Batch N° 9 : Mean Response Time : 934.13 cycles	Mean Waiting Time : 254.09 cycles	Throughput : 2.141
Batch N°10 : Mean Response Time : 942.13 cycles	Mean Waiting Time : 257.61 cycles	Throughput : 2.178

End Of The Simulation at T= 9711.76 cycles
Injection Rate : 400
Batch Size : 2000
Number of Batches : 10
Number of Clients Served : 20000
Overall Response Time : 825.70 cycles
Overall Waiting  Time : 164.31 cycles
Overall Throughput : 2.078 
Standard Deviation Response Time : 108.38745 cycles
Standard Deviation Waiting  Time : 71.39297 cycles
Standard Deviation Throughput : 0.185126 