Simulation Starting Time 2021-08-17 05:44:41
Welcome to Network-On-Chip 2D Mesh Simulator 
This simulator was designed based on The Discrete Event Simulation.
It's a final year project to obtain the Master Degree
Student developer : Ziraoui Zakaria 
Supervisor: Prof. Mohamed Ould-Khaoua

Network Simulation Parameters :

Topology : 8 x 8 Mesh 
Number of Nodes  : 64 
Routing : Dimension-ordered (DOR)
Traffic : Uniform Random
Message length : 32 phits
Injection Rate : 150
Transmission Time : 32 Cycles
Batch Means Method : Yes

Please wait, Simulation has been started...

Batch N° 1 : Mean Response Time : 190.96 cycles	Mean Waiting Time : 20.78 cycles	Throughput : 0.428
Batch N° 2 : Mean Response Time : 193.35 cycles	Mean Waiting Time : 22.01 cycles	Throughput : 0.434
Batch N° 3 : Mean Response Time : 187.22 cycles	Mean Waiting Time : 18.00 cycles	Throughput : 0.415
Batch N° 4 : Mean Response Time : 191.21 cycles	Mean Waiting Time : 21.02 cycles	Throughput : 0.422
Batch N° 5 : Mean Response Time : 188.96 cycles	Mean Waiting Time : 19.48 cycles	Throughput : 0.414
Batch N° 6 : Mean Response Time : 186.50 cycles	Mean Waiting Time : 18.68 cycles	Throughput : 0.409
Batch N° 7 : Mean Response Time : 189.31 cycles	Mean Waiting Time : 19.07 cycles	Throughput : 0.412
Batch N° 8 : Mean Response Time : 185.74 cycles	Mean Waiting Time : 16.73 cycles	Throughput : 0.401
Batch N° 9 : Mean Response Time : 187.53 cycles	Mean Waiting Time : 18.26 cycles	Throughput : 0.400
Batch N°10 : Mean Response Time : 186.23 cycles	Mean Waiting Time : 17.68 cycles	Throughput : 0.397
Batch N°11 : Mean Response Time : 187.02 cycles	Mean Waiting Time : 18.11 cycles	Throughput : 0.410
Batch N°12 : Mean Response Time : 186.15 cycles	Mean Waiting Time : 17.82 cycles	Throughput : 0.396
Batch N°13 : Mean Response Time : 185.83 cycles	Mean Waiting Time : 17.31 cycles	Throughput : 0.403
Batch N°14 : Mean Response Time : 185.80 cycles	Mean Waiting Time : 18.09 cycles	Throughput : 0.398
Batch N°15 : Mean Response Time : 187.71 cycles	Mean Waiting Time : 17.82 cycles	Throughput : 0.398
Batch N°16 : Mean Response Time : 186.05 cycles	Mean Waiting Time : 17.10 cycles	Throughput : 0.405
Batch N°17 : Mean Response Time : 187.56 cycles	Mean Waiting Time : 18.33 cycles	Throughput : 0.404
Batch N°18 : Mean Response Time : 187.38 cycles	Mean Waiting Time : 18.62 cycles	Throughput : 0.401
Batch N°19 : Mean Response Time : 185.67 cycles	Mean Waiting Time : 17.86 cycles	Throughput : 0.402
Batch N°20 : Mean Response Time : 185.57 cycles	Mean Waiting Time : 17.18 cycles	Throughput : 0.400
Batch N°21 : Mean Response Time : 182.19 cycles	Mean Waiting Time : 16.21 cycles	Throughput : 0.397
Batch N°22 : Mean Response Time : 186.66 cycles	Mean Waiting Time : 17.24 cycles	Throughput : 0.396
Batch N°23 : Mean Response Time : 186.14 cycles	Mean Waiting Time : 17.70 cycles	Throughput : 0.400
Batch N°24 : Mean Response Time : 188.32 cycles	Mean Waiting Time : 18.73 cycles	Throughput : 0.401
Batch N°25 : Mean Response Time : 186.90 cycles	Mean Waiting Time : 17.29 cycles	Throughput : 0.393
Batch N°26 : Mean Response Time : 185.49 cycles	Mean Waiting Time : 16.77 cycles	Throughput : 0.393
Batch N°27 : Mean Response Time : 184.34 cycles	Mean Waiting Time : 16.65 cycles	Throughput : 0.395
Batch N°28 : Mean Response Time : 183.72 cycles	Mean Waiting Time : 15.99 cycles	Throughput : 0.393
Batch N°29 : Mean Response Time : 185.74 cycles	Mean Waiting Time : 17.18 cycles	Throughput : 0.390
Batch N°30 : Mean Response Time : 183.15 cycles	Mean Waiting Time : 16.89 cycles	Throughput : 0.397
Batch N°31 : Mean Response Time : 182.89 cycles	Mean Waiting Time : 15.16 cycles	Throughput : 0.389
Batch N°32 : Mean Response Time : 182.14 cycles	Mean Waiting Time : 15.34 cycles	Throughput : 0.388
Batch N°33 : Mean Response Time : 184.26 cycles	Mean Waiting Time : 16.92 cycles	Throughput : 0.394
Batch N°34 : Mean Response Time : 183.51 cycles	Mean Waiting Time : 16.42 cycles	Throughput : 0.392
Batch N°35 : Mean Response Time : 186.74 cycles	Mean Waiting Time : 18.37 cycles	Throughput : 0.403
Batch N°36 : Mean Response Time : 185.32 cycles	Mean Waiting Time : 16.85 cycles	Throughput : 0.397

End Of The Simulation at T= 896339.50 cycles
Injection Rate : 150
Batch Size : 10000
Number of Batches : 36
Number of Clients Served : 360000
Overall Response Time : 186.37 cycles
Overall Waiting  Time : 17.77 cycles
Overall Throughput : 0.402 
Standard Deviation Response Time : 2.42514 cycles
Standard Deviation Waiting  Time : 1.45016 cycles
Standard Deviation Throughput : 0.010523 