Simulation Starting Time 2021-09-02 06:20:28
Welcome to Network-On-Chip ExpressCube Simulator 
This simulator was designed based on The Discrete Event Simulation.
It's a final year project to obtain the Master Degree
Student developer : Ziraoui Zakaria 
Supervisor: Prof. Mohamed Ould-Khaoua

Network Simulation Parameters :

Topology : 16 x 16 Express Cube with 8 Hops
Number of Nodes  : 256 
Routing : Dimension-ordered (DOR)
Traffic : Uniform Random
Message length : 32 phits
Injection Rate : 9200
Transmission Time Normal  Links : 160 Cycles
Transmission Time Express Links : 160 Cycles
Batch Means Method : Yes

Please wait, Simulation has been started...

Batch N° 1 : Mean Response Time : 1385.51 cycles	Mean Waiting Time : 6.02 cycles	Throughput : 0.030
Batch N° 2 : Mean Response Time : 1382.49 cycles	Mean Waiting Time : 1.94 cycles	Throughput : 0.027
Batch N° 3 : Mean Response Time : 1386.96 cycles	Mean Waiting Time : 2.07 cycles	Throughput : 0.028
Batch N° 4 : Mean Response Time : 1379.88 cycles	Mean Waiting Time : 2.44 cycles	Throughput : 0.029
Batch N° 5 : Mean Response Time : 1381.42 cycles	Mean Waiting Time : 2.04 cycles	Throughput : 0.028
Batch N° 6 : Mean Response Time : 1384.32 cycles	Mean Waiting Time : 1.52 cycles	Throughput : 0.027
Batch N° 7 : Mean Response Time : 1363.66 cycles	Mean Waiting Time : 1.90 cycles	Throughput : 0.027
Batch N° 8 : Mean Response Time : 1357.65 cycles	Mean Waiting Time : 1.79 cycles	Throughput : 0.027
Batch N° 9 : Mean Response Time : 1368.17 cycles	Mean Waiting Time : 1.85 cycles	Throughput : 0.027
Batch N°10 : Mean Response Time : 1381.53 cycles	Mean Waiting Time : 2.04 cycles	Throughput : 0.027

End Of The Simulation at T= 721848.13 cycles
Injection Rate : 9200
Batch Size : 2000
Number of Batches : 10
Number of Clients Served : 20000
Overall Response Time : 1377.16 cycles
Overall Waiting  Time : 2.36 cycles
Overall Throughput : 0.028 
Standard Deviation Response Time : 10.18634 cycles
Standard Deviation Waiting  Time : 1.30870 cycles
Standard Deviation Throughput : 0.000964 