Simulation Starting Time 2021-07-19 04:29:45
Welcome to Network-On-Chip ExpressCube Simulator 
This simulator was designed based on The Discrete Event Simulation.
It's a final year project to obtain the Master Degree
Student developer : Ziraoui Zakaria 
Supervisor: Prof. Mohamed Ould-Khaoua

Network Simulation Parameters :

Topology : 8 x 8 Express Cube with 2 Hops
Number of Nodes  : 64 
Routing : Dimension-ordered (DOR)
Traffic : Uniform Random
Message length : 32 phits
Injection Rate : 400
Transmission Time : 32 Cycles

Please wait, Simulation has been started.

 (    0.00 ) Msg[1] Arrives in PEQ[7][7] -> [4][7] 
 (    0.00 ) Msg[1] Decides in PEQ[7][7] -> [4][7]E2Q 
 (    0.00 ) Start Transmit from  PEQ[7][7] -> [5][7]E2Q 
 (    0.00 ) Msg[2] Arrives in PEQ[7][6] -> [5][7] 
 (    0.00 ) Msg[2] Decides in PEQ[7][6] -> [5][7]X2Q 
 (    0.00 ) Start Transmit from  PEQ[7][6] -> [6][6]X2Q 
 (    0.00 ) Msg[3] Arrives in PEQ[7][5] -> [2][7] 
 (    0.00 ) Msg[3] Decides in PEQ[7][5] -> [2][7]E2Q 
 (    0.00 ) Start Transmit from  PEQ[7][5] -> [5][5]E2Q 
 (    0.00 ) Msg[4] Arrives in PEQ[7][4] -> [2][3] 
 (    0.00 ) Msg[4] Decides in PEQ[7][4] -> [2][3]X2Q 
 (    0.00 ) Start Transmit from  PEQ[7][4] -> [6][4]X2Q 
 (    0.00 ) Msg[5] Arrives in PEQ[7][3] -> [5][6] 
 (    0.00 ) Msg[5] Decides in PEQ[7][3] -> [5][6]E2Q 
 (    0.00 ) Start Transmit from  PEQ[7][3] -> [5][3]E2Q 
 (    0.00 ) Msg[6] Arrives in PEQ[7][2] -> [3][2] 
 (    0.00 ) Msg[6] Decides in PEQ[7][2] -> [3][2]X2Q 
 (    0.00 ) Start Transmit from  PEQ[7][2] -> [6][2]X2Q 
 (    0.00 ) Msg[7] Arrives in PEQ[7][1] -> [1][1] 
 (    0.00 ) Msg[7] Decides in PEQ[7][1] -> [1][1]X2Q 
 (    0.00 ) Start Transmit from  PEQ[7][1] -> [6][1]X2Q 
 (    0.00 ) Msg[8] Arrives in PEQ[7][0] -> [7][4] 
 (    0.00 ) Msg[8] Decides in PEQ[7][0] -> [7][4]Y1Q 
 (    0.00 ) Start Transmit from  PEQ[7][0] -> [7][1]Y1Q 
 (    0.00 ) Msg[9] Arrives in PEQ[6][7] -> [4][4] 
 (    0.00 ) Msg[9] Decides in PEQ[6][7] -> [4][4]X2Q 
 (    0.00 ) Start Transmit from  PEQ[6][7] -> [5][7]X2Q 
 (    0.00 ) Msg[10] Arrives in PEQ[6][6] -> [3][1] 
 (    0.00 ) Msg[10] Decides in PEQ[6][6] -> [3][1]E2Q 
 (    0.00 ) Start Transmit from  PEQ[6][6] -> [4][6]E2Q 
 (    0.00 ) Msg[11] Arrives in PEQ[6][5] -> [4][3] 
 (    0.00 ) Msg[11] Decides in PEQ[6][5] -> [4][3]X2Q 
 (    0.00 ) Start Transmit from  PEQ[6][5] -> [5][5]X2Q 
 (    0.00 ) Msg[12] Arrives in PEQ[6][4] -> [6][0] 
 (    0.00 ) Msg[12] Decides in PEQ[6][4] -> [6][0]Y2Q 
 (    0.00 ) Start Transmit from  PEQ[6][4] -> [6][3]Y2Q 
 (    0.00 ) Msg[13] Arrives in PEQ[6][3] -> [6][4] 
 (    0.00 ) Msg[13] Decides in PEQ[6][3] -> [6][4]Y1Q 
 (    0.00 ) Start Transmit from  PEQ[6][3] -> [6][4]Y1Q 
 (    0.00 ) Msg[14] Arrives in PEQ[6][2] -> [0][0] 
 (    0.00 ) Msg[14] Decides in PEQ[6][2] -> [0][0]E2Q 
 (    0.00 ) Start Transmit from  PEQ[6][2] -> [4][2]E2Q 
 (    0.00 ) Msg[15] Arrives in PEQ[6][1] -> [3][2] 
 (    0.00 ) Msg[15] Decides in PEQ[6][1] -> [3][2]X2Q 
 (    0.00 ) Start Transmit from  PEQ[6][1] -> [5][1]X2Q 
 (    0.00 ) Msg[16] Arrives in PEQ[6][0] -> [5][2] 
 (    0.00 ) Msg[16] Decides in PEQ[6][0] -> [5][2]X2Q 
 (    0.00 ) Start Transmit from  PEQ[6][0] -> [5][0]X2Q 
 (    0.00 ) Msg[17] Arrives in PEQ[5][7] -> [6][2] 
 (    0.00 ) Msg[17] Decides in PEQ[5][7] -> [6][2]X1Q 
 (    0.00 ) Start Transmit from  PEQ[5][7] -> [6][7]X1Q 
 (    0.00 ) Msg[18] Arrives in PEQ[5][6] -> [3][3] 
 (    0.00 ) Msg[18] Decides in PEQ[5][6] -> [3][3]X2Q 
 (    0.00 ) Start Transmit from  PEQ[5][6] -> [4][6]X2Q 
 (    0.00 ) Msg[19] Arrives in PEQ[5][5] -> [7][5] 
 (    0.00 ) Msg[19] Decides in PEQ[5][5] -> [7][5]E1Q 
 (    0.00 ) Start Transmit from  PEQ[5][5] -> [7][5]E1Q 
 (    0.00 ) Msg[20] Arrives in PEQ[5][4] -> [5][5] 
 (    0.00 ) Msg[20] Decides in PEQ[5][4] -> [5][5]Y1Q 
 (    0.00 ) Start Transmit from  PEQ[5][4] -> [5][5]Y1Q 
 (    0.00 ) Msg[21] Arrives in PEQ[5][3] -> [3][1] 
 (    0.00 ) Msg[21] Decides in PEQ[5][3] -> [3][1]E2Q 
 (    0.00 ) Start Transmit from  PEQ[5][3] -> [3][3]E2Q 
 (    0.00 ) Msg[22] Arrives in PEQ[5][2] -> [5][5] 
 (    0.00 ) Msg[22] Decides in PEQ[5][2] -> [5][5]E1Q 
 (    0.00 ) Start Transmit from  PEQ[5][2] -> [5][4]E1Q 
 (    0.00 ) Msg[23] Arrives in PEQ[5][1] -> [5][4] 
 (    0.00 ) Msg[23] Decides in PEQ[5][1] -> [5][4]Y1Q 
 (    0.00 ) Start Transmit from  PEQ[5][1] -> [5][2]Y1Q 
 (    0.00 ) Msg[24] Arrives in PEQ[5][0] -> [4][3] 
 (    0.00 ) Msg[24] Decides in PEQ[5][0] -> [4][3]X2Q 
 (    0.00 ) Start Transmit from  PEQ[5][0] -> [4][0]X2Q 
 (    0.00 ) Msg[25] Arrives in PEQ[4][7] -> [4][4] 
 (    0.00 ) Msg[25] Decides in PEQ[4][7] -> [4][4]E2Q 
 (    0.00 ) Start Transmit from  PEQ[4][7] -> [4][5]E2Q 
 (    0.00 ) Msg[26] Arrives in PEQ[4][6] -> [0][4] 
 (    0.00 ) Msg[26] Decides in PEQ[4][6] -> [0][4]E2Q 
 (    0.00 ) Start Transmit from  PEQ[4][6] -> [2][6]E2Q 
 (    0.00 ) Msg[27] Arrives in PEQ[4][5] -> [6][4] 
 (    0.00 ) Msg[27] Decides in PEQ[4][5] -> [6][4]X1Q 
 (    0.00 ) Start Transmit from  PEQ[4][5] -> [5][5]X1Q 
 (    0.00 ) Msg[28] Arrives in PEQ[4][4] -> [5][4] 
 (    0.00 ) Msg[28] Decides in PEQ[4][4] -> [5][4]X1Q 
 (    0.00 ) Start Transmit from  PEQ[4][4] -> [5][4]X1Q 
 (    0.00 ) Msg[29] Arrives in PEQ[4][3] -> [1][6] 
 (    0.00 ) Msg[29] Decides in PEQ[4][3] -> [1][6]X2Q 
 (    0.00 ) Start Transmit from  PEQ[4][3] -> [3][3]X2Q 
 (    0.00 ) Msg[30] Arrives in PEQ[4][2] -> [1][4] 
 (    0.00 ) Msg[30] Decides in PEQ[4][2] -> [1][4]E2Q 
 (    0.00 ) Start Transmit from  PEQ[4][2] -> [2][2]E2Q 
 (    0.00 ) Msg[31] Arrives in PEQ[4][1] -> [2][3] 
 (    0.00 ) Msg[31] Decides in PEQ[4][1] -> [2][3]X2Q 
 (    0.00 ) Start Transmit from  PEQ[4][1] -> [3][1]X2Q 
 (    0.00 ) Msg[32] Arrives in PEQ[4][0] -> [3][3] 
 (    0.00 ) Msg[32] Decides in PEQ[4][0] -> [3][3]X2Q 
 (    0.00 ) Start Transmit from  PEQ[4][0] -> [3][0]X2Q 
 (    0.00 ) Msg[33] Arrives in PEQ[3][7] -> [6][6] 
 (    0.00 ) Msg[33] Decides in PEQ[3][7] -> [6][6]X1Q 
 (    0.00 ) Start Transmit from  PEQ[3][7] -> [4][7]X1Q 
 (    0.00 ) Msg[34] Arrives in PEQ[3][6] -> [3][7] 
 (    0.00 ) Msg[34] Decides in PEQ[3][6] -> [3][7]Y1Q 
 (    0.00 ) Start Transmit from  PEQ[3][6] -> [3][7]Y1Q 
 (    0.00 ) Msg[35] Arrives in PEQ[3][5] -> [1][2] 
 (    0.00 ) Msg[35] Decides in PEQ[3][5] -> [1][2]E2Q 
 (    0.00 ) Start Transmit from  PEQ[3][5] -> [1][5]E2Q 
 (    0.00 ) Msg[36] Arrives in PEQ[3][4] -> [3][7] 
 (    0.00 ) Msg[36] Decides in PEQ[3][4] -> [3][7]E1Q 
 (    0.00 ) Start Transmit from  PEQ[3][4] -> [3][6]E1Q 
 (    0.00 ) Msg[37] Arrives in PEQ[3][3] -> [0][4] 
 (    0.00 ) Msg[37] Decides in PEQ[3][3] -> [0][4]E2Q 
 (    0.00 ) Start Transmit from  PEQ[3][3] -> [1][3]E2Q 
 (    0.00 ) Msg[38] Arrives in PEQ[3][2] -> [6][1] 
 (    0.00 ) Msg[38] Decides in PEQ[3][2] -> [6][1]X1Q 
 (    0.00 ) Start Transmit from  PEQ[3][2] -> [4][2]X1Q 
 (    0.00 ) Msg[39] Arrives in PEQ[3][1] -> [3][0] 
 (    0.00 ) Msg[39] Decides in PEQ[3][1] -> [3][0]Y2Q 
 (    0.00 ) Start Transmit from  PEQ[3][1] -> [3][0]Y2Q 
 (    0.00 ) Msg[40] Arrives in PEQ[3][0] -> [6][2] 
 (    0.00 ) Msg[40] Decides in PEQ[3][0] -> [6][2]X1Q 
 (    0.00 ) Start Transmit from  PEQ[3][0] -> [4][0]X1Q 
 (    0.00 ) Msg[41] Arrives in PEQ[2][7] -> [4][4] 
 (    0.00 ) Msg[41] Decides in PEQ[2][7] -> [4][4]X1Q 
 (    0.00 ) Start Transmit from  PEQ[2][7] -> [3][7]X1Q 
 (    0.00 ) Msg[42] Arrives in PEQ[2][6] -> [2][2] 
 (    0.00 ) Msg[42] Decides in PEQ[2][6] -> [2][2]Y2Q 
 (    0.00 ) Start Transmit from  PEQ[2][6] -> [2][5]Y2Q 
 (    0.00 ) Msg[43] Arrives in PEQ[2][5] -> [6][3] 
 (    0.00 ) Msg[43] Decides in PEQ[2][5] -> [6][3]X1Q 
 (    0.00 ) Start Transmit from  PEQ[2][5] -> [3][5]X1Q 
 (    0.00 ) Msg[44] Arrives in PEQ[2][4] -> [1][1] 
 (    0.00 ) Msg[44] Decides in PEQ[2][4] -> [1][1]X2Q 
 (    0.00 ) Start Transmit from  PEQ[2][4] -> [1][4]X2Q 
 (    0.00 ) Msg[45] Arrives in PEQ[2][3] -> [6][0] 
 (    0.00 ) Msg[45] Decides in PEQ[2][3] -> [6][0]X1Q 
 (    0.00 ) Start Transmit from  PEQ[2][3] -> [3][3]X1Q 
 (    0.00 ) Msg[46] Arrives in PEQ[2][2] -> [5][3] 
 (    0.00 ) Msg[46] Decides in PEQ[2][2] -> [5][3]E1Q 
 (    0.00 ) Start Transmit from  PEQ[2][2] -> [4][2]E1Q 
 (    0.00 ) Msg[47] Arrives in PEQ[2][1] -> [1][5] 
 (    0.00 ) Msg[47] Decides in PEQ[2][1] -> [1][5]X2Q 
 (    0.00 ) Start Transmit from  PEQ[2][1] -> [1][1]X2Q 
 (    0.00 ) Msg[48] Arrives in PEQ[2][0] -> [4][2] 
 (    0.00 ) Msg[48] Decides in PEQ[2][0] -> [4][2]E1Q 
 (    0.00 ) Start Transmit from  PEQ[2][0] -> [4][0]E1Q 
 (    0.00 ) Msg[49] Arrives in PEQ[1][7] -> [3][2] 
 (    0.00 ) Msg[49] Decides in PEQ[1][7] -> [3][2]X1Q 
 (    0.00 ) Start Transmit from  PEQ[1][7] -> [2][7]X1Q 
 (    0.00 ) Msg[50] Arrives in PEQ[1][6] -> [5][2] 
 (    0.00 ) Msg[50] Decides in PEQ[1][6] -> [5][2]X1Q 
 (    0.00 ) Start Transmit from  PEQ[1][6] -> [2][6]X1Q 
 (    0.00 ) Msg[51] Arrives in PEQ[1][5] -> [1][3] 
 (    0.00 ) Msg[51] Decides in PEQ[1][5] -> [1][3]Y2Q 
 (    0.00 ) Start Transmit from  PEQ[1][5] -> [1][4]Y2Q 
 (    0.00 ) Msg[52] Arrives in PEQ[1][4] -> [2][1] 
 (    0.00 ) Msg[52] Decides in PEQ[1][4] -> [2][1]X1Q 
 (    0.00 ) Start Transmit from  PEQ[1][4] -> [2][4]X1Q 
 (    0.00 ) Msg[53] Arrives in PEQ[1][3] -> [4][7] 
 (    0.00 ) Msg[53] Decides in PEQ[1][3] -> [4][7]E1Q 
 (    0.00 ) Start Transmit from  PEQ[1][3] -> [3][3]E1Q 
 (    0.00 ) Msg[54] Arrives in PEQ[1][2] -> [1][4] 
 (    0.00 ) Msg[54] Decides in PEQ[1][2] -> [1][4]E1Q 
 (    0.00 ) Start Transmit from  PEQ[1][2] -> [1][4]E1Q 
 (    0.00 ) Msg[55] Arrives in PEQ[1][1] -> [2][5] 
 (    0.00 ) Msg[55] Decides in PEQ[1][1] -> [2][5]X1Q 
 (    0.00 ) Start Transmit from  PEQ[1][1] -> [2][1]X1Q 
 (    0.00 ) Msg[56] Arrives in PEQ[1][0] -> [7][5] 
 (    0.00 ) Msg[56] Decides in PEQ[1][0] -> [7][5]X1Q 
 (    0.00 ) Start Transmit from  PEQ[1][0] -> [2][0]X1Q 
 (    0.00 ) Msg[57] Arrives in PEQ[0][7] -> [5][2] 
 (    0.00 ) Msg[57] Decides in PEQ[0][7] -> [5][2]X1Q 
 (    0.00 ) Start Transmit from  PEQ[0][7] -> [1][7]X1Q 
 (    0.00 ) Msg[58] Arrives in PEQ[0][6] -> [2][3] 
 (    0.00 ) Msg[58] Decides in PEQ[0][6] -> [2][3]X1Q 
 (    0.00 ) Start Transmit from  PEQ[0][6] -> [1][6]X1Q 
 (    0.00 ) Msg[59] Arrives in PEQ[0][5] -> [2][1] 
 (    0.00 ) Msg[59] Decides in PEQ[0][5] -> [2][1]X1Q 
 (    0.00 ) Start Transmit from  PEQ[0][5] -> [1][5]X1Q 
 (    0.00 ) Msg[60] Arrives in PEQ[0][4] -> [6][3] 
 (    0.00 ) Msg[60] Decides in PEQ[0][4] -> [6][3]E1Q 
 (    0.00 ) Start Transmit from  PEQ[0][4] -> [2][4]E1Q 
 (    0.00 ) Msg[61] Arrives in PEQ[0][3] -> [6][6] 
 (    0.00 ) Msg[61] Decides in PEQ[0][3] -> [6][6]X1Q 
 (    0.00 ) Start Transmit from  PEQ[0][3] -> [1][3]X1Q 
 (    0.00 ) Msg[62] Arrives in PEQ[0][2] -> [6][2] 
 (    0.00 ) Msg[62] Decides in PEQ[0][2] -> [6][2]E1Q 
 (    0.00 ) Start Transmit from  PEQ[0][2] -> [2][2]E1Q 
 (    0.00 ) Msg[63] Arrives in PEQ[0][1] -> [1][5] 
 (    0.00 ) Msg[63] Decides in PEQ[0][1] -> [1][5]X1Q 
 (    0.00 ) Start Transmit from  PEQ[0][1] -> [1][1]X1Q 
 (    0.00 ) Msg[64] Arrives in PEQ[0][0] -> [3][4] 
 (    0.00 ) Msg[64] Decides in PEQ[0][0] -> [3][4]E1Q 
 (    0.00 ) Start Transmit from  PEQ[0][0] -> [2][0]E1Q 
 (    0.22 ) Msg[65] Arrives in PEQ[1][1] -> [4][1] 
 (    0.22 ) Msg[65] Not Head Of Queue in PEQ[1][1] -> [4][1] 
 (    1.52 ) Msg[66] Arrives in PEQ[3][1] -> [5][1] 
 (    1.52 ) Msg[66] Not Head Of Queue in PEQ[3][1] -> [5][1] 
 (    8.55 ) Msg[67] Arrives in PEQ[3][2] -> [0][3] 
 (    8.55 ) Msg[67] Not Head Of Queue in PEQ[3][2] -> [0][3] 
 (   10.45 ) Msg[68] Arrives in PEQ[6][6] -> [5][6] 
 (   10.45 ) Msg[68] Not Head Of Queue in PEQ[6][6] -> [5][6] 
 (   27.38 ) Msg[69] Arrives in PEQ[5][6] -> [5][1] 
 (   27.38 ) Msg[69] Not Head Of Queue in PEQ[5][6] -> [5][1] 
 (   32.00 ) Msg[1] Ends Trans PEQ[5][5] -> [4][7]E2Q
 (   32.00 ) Msg[1] Decides in E2Q[5][5] -> [4][7]X2Q 
 (   32.00 ) Start Transmit from  E2Q[5][5] -> [4][5]X2Q 
 (   32.00 ) Msg[2] Ends Trans PEQ[6][6] -> [5][7]X2Q
 (   32.00 ) Msg[2] Decides in X2Q[6][6] -> [5][7]X2Q 
 (   32.00 ) Start Transmit from  X2Q[6][6] -> [5][6]X2Q 
 (   32.00 ) Msg[3] Ends Trans PEQ[5][3] -> [2][7]E2Q
 (   32.00 ) Msg[3] Decides in E2Q[5][3] -> [2][7]Q 
 (   32.00 ) Msg[4] Ends Trans PEQ[6][4] -> [2][3]X2Q
 (   32.00 ) Msg[4] Decides in X2Q[6][4] -> [2][3]E2Q 
 (   32.00 ) Start Transmit from  X2Q[6][4] -> [4][4]E2Q 
 (   32.00 ) Msg[5] Ends Trans PEQ[5][1] -> [5][6]E2Q
 (   32.00 ) Msg[5] Decides in E2Q[5][1] -> [5][6]Q 
 (   32.00 ) Msg[6] Ends Trans PEQ[6][2] -> [3][2]X2Q
 (   32.00 ) Msg[6] Decides in X2Q[6][2] -> [3][2]Q 
 (   32.00 ) Msg[7] Ends Trans PEQ[6][1] -> [1][1]X2Q
 (   32.00 ) Msg[7] Decides in X2Q[6][1] -> [1][1]Q 
 (   32.00 ) Msg[8] Ends Trans PEQ[7][1] -> [7][4]Y1Q
 (   32.00 ) Msg[8] Decides in Y1Q[7][1] -> [7][4]Y1Q 
 (   32.00 ) Start Transmit from  Y1Q[7][1] -> [7][2]Y1Q 
 (   32.00 ) Msg[9] Ends Trans PEQ[5][7] -> [4][4]X2Q
 (   32.00 ) Msg[9] Decides in X2Q[5][7] -> [4][4]X2Q 
 (   32.00 ) Start Transmit from  X2Q[5][7] -> [4][7]X2Q 
 (   32.00 ) Msg[10] Ends Trans PEQ[4][4] -> [3][1]E2Q
 (   32.00 ) Msg[68] Decides in PEQ[6][6] -> [5][6]Q 
 (   32.00 ) Msg[10] Decides in E2Q[4][4] -> [3][1]X2Q 
 (   32.00 ) Start Transmit from  E2Q[4][4] -> [3][4]X2Q 
 (   32.00 ) Msg[11] Ends Trans PEQ[5][5] -> [4][3]X2Q
 (   32.00 ) Msg[11] Decides in X2Q[5][5] -> [4][3]Q 
 (   32.00 ) Msg[12] Ends Trans PEQ[6][3] -> [6][0]Y2Q
 (   32.00 ) Msg[12] Decides in Y2Q[6][3] -> [6][0]E2Q 
 (   32.00 ) Start Transmit from  Y2Q[6][3] -> [6][1]E2Q 
 (   32.00 ) Msg[13] Ends Trans PEQ[6][4] -> [6][4]Y1Q
 (   32.00 ) Msg[13] Decides in Y1Q[6][4] -> [6][4]PEQ 
 (   32.00 ) Start Transmit from  Y1Q[6][4] -> [6][4]PEQ 
 (   32.00 ) Msg[14] Ends Trans PEQ[4][0] -> [0][0]E2Q
 (   32.00 ) Start Transmit from  X2Q[6][2] -> [4][2]E2Q 
 (   32.00 ) Msg[14] Decides in E2Q[4][0] -> [0][0]Q 
 (   32.00 ) Msg[15] Ends Trans PEQ[5][1] -> [3][2]X2Q
 (   32.00 ) Start Transmit from  X2Q[6][1] -> [5][1]X2Q 
 (   32.00 ) Msg[15] Decides in X2Q[5][1] -> [3][2]X2Q 
 (   32.00 ) Start Transmit from  X2Q[5][1] -> [4][1]X2Q 
 (   32.00 ) Msg[16] Ends Trans PEQ[5][0] -> [5][2]X2Q
 (   32.00 ) Msg[16] Decides in X2Q[5][0] -> [5][2]E1Q 
 (   32.00 ) Start Transmit from  X2Q[5][0] -> [5][2]E1Q 
 (   32.00 ) Msg[17] Ends Trans PEQ[6][7] -> [6][2]X1Q
 (   32.00 ) Msg[17] Decides in X1Q[6][7] -> [6][2]E2Q 
 (   32.00 ) Start Transmit from  X1Q[6][7] -> [6][5]E2Q 
 (   32.00 ) Msg[18] Ends Trans PEQ[4][6] -> [3][3]X2Q
 (   32.00 ) Msg[69] Decides in PEQ[5][6] -> [5][1]E2Q 
 (   32.00 ) Start Transmit from  PEQ[5][6] -> [5][4]E2Q 
 (   32.00 ) Msg[18] Decides in X2Q[4][6] -> [3][3]X2Q 
 (   32.00 ) Start Transmit from  X2Q[4][6] -> [3][6]X2Q 
 (   32.00 ) Msg[19] Ends Trans PEQ[7][7] -> [7][5]E1Q
 (   32.00 ) Msg[19] Decides in E1Q[7][7] -> [7][5]Y2Q 
 (   32.00 ) Start Transmit from  E1Q[7][7] -> [7][6]Y2Q 
 (   32.00 ) Msg[20] Ends Trans PEQ[5][5] -> [5][5]Y1Q
 (   32.00 ) Msg[20] Decides in Y1Q[5][5] -> [5][5]PEQ 
 (   32.00 ) Start Transmit from  Y1Q[5][5] -> [5][5]PEQ 
 (   32.00 ) Msg[21] Ends Trans PEQ[3][1] -> [3][1]E2Q
 (   32.00 ) Start Transmit from  E2Q[5][3] -> [3][3]E2Q 
 (   32.00 ) Msg[21] Decides in E2Q[3][1] -> [3][1]PEQ 
 (   32.00 ) Start Transmit from  E2Q[3][1] -> [3][1]PEQ 
 (   32.00 ) Msg[22] Ends Trans PEQ[5][4] -> [5][5]E1Q
 (   32.00 ) Msg[22] Decides in E1Q[5][4] -> [5][5]Y1Q 
 (   32.00 ) Start Transmit from  E1Q[5][4] -> [5][5]Y1Q 
 (   32.00 ) Msg[23] Ends Trans PEQ[5][2] -> [5][4]Y1Q
 (   32.00 ) Start Transmit from  E2Q[5][1] -> [5][2]Y1Q 
 (   32.00 ) Msg[23] Decides in Y1Q[5][2] -> [5][4]E1Q 
 (   32.00 ) Start Transmit from  Y1Q[5][2] -> [5][4]E1Q 
 (   32.00 ) Msg[24] Ends Trans PEQ[4][0] -> [4][3]X2Q
 (   32.00 ) Msg[24] Decides in X2Q[4][0] -> [4][3]Y1Q 
 (   32.00 ) Start Transmit from  X2Q[4][0] -> [4][1]Y1Q 
 (   32.00 ) Msg[25] Ends Trans PEQ[4][5] -> [4][4]E2Q
 (   32.00 ) Msg[25] Decides in E2Q[4][5] -> [4][4]Y2Q 
 (   32.00 ) Start Transmit from  E2Q[4][5] -> [4][4]Y2Q 
 (   32.00 ) Msg[26] Ends Trans PEQ[2][4] -> [0][4]E2Q
 (   32.00 ) Msg[26] Decides in E2Q[2][4] -> [0][4]E2Q 
 (   32.00 ) Start Transmit from  E2Q[2][4] -> [0][4]E2Q 
 (   32.00 ) Msg[27] Ends Trans PEQ[5][5] -> [6][4]X1Q
 (   32.00 ) Msg[27] Decides in X1Q[5][5] -> [6][4]X1Q 
 (   32.00 ) Start Transmit from  X1Q[5][5] -> [6][5]X1Q 
 (   32.00 ) Msg[28] Ends Trans PEQ[5][4] -> [5][4]X1Q
 (   32.00 ) Msg[28] Decides in X1Q[5][4] -> [5][4]PEQ 
 (   32.00 ) Start Transmit from  X1Q[5][4] -> [5][4]PEQ 
 (   32.00 ) Msg[29] Ends Trans PEQ[3][3] -> [1][6]X2Q
 (   32.00 ) Msg[29] Decides in X2Q[3][3] -> [1][6]Q 
 (   32.00 ) Msg[30] Ends Trans PEQ[2][0] -> [1][4]E2Q
 (   32.00 ) Msg[30] Decides in E2Q[2][0] -> [1][4]X2Q 
 (   32.00 ) Start Transmit from  E2Q[2][0] -> [1][0]X2Q 
 (   32.00 ) Msg[31] Ends Trans PEQ[3][1] -> [2][3]X2Q
 (   32.00 ) Msg[31] Decides in X2Q[3][1] -> [2][3]X2Q 
 (   32.00 ) Start Transmit from  X2Q[3][1] -> [2][1]X2Q 
 (   32.00 ) Msg[32] Ends Trans PEQ[3][0] -> [3][3]X2Q
 (   32.00 ) Start Transmit from  E2Q[4][0] -> [3][0]X2Q 
 (   32.00 ) Msg[32] Decides in X2Q[3][0] -> [3][3]E1Q 
 (   32.00 ) Start Transmit from  X2Q[3][0] -> [3][2]E1Q 
 (   32.00 ) Msg[33] Ends Trans PEQ[4][7] -> [6][6]X1Q
 (   32.00 ) Msg[33] Decides in X1Q[4][7] -> [6][6]X1Q 
 (   32.00 ) Start Transmit from  X1Q[4][7] -> [5][7]X1Q 
 (   32.00 ) Msg[34] Ends Trans PEQ[3][7] -> [3][7]Y1Q
 (   32.00 ) Msg[34] Decides in Y1Q[3][7] -> [3][7]PEQ 
 (   32.00 ) Start Transmit from  Y1Q[3][7] -> [3][7]PEQ 
 (   32.00 ) Msg[35] Ends Trans PEQ[1][3] -> [1][2]E2Q
 (   32.00 ) Msg[35] Decides in E2Q[1][3] -> [1][2]Y2Q 
 (   32.00 ) Start Transmit from  E2Q[1][3] -> [1][2]Y2Q 
 (   32.00 ) Msg[36] Ends Trans PEQ[3][6] -> [3][7]E1Q
 (   32.00 ) Msg[36] Decides in E1Q[3][6] -> [3][7]Y1Q 
 (   32.00 ) Start Transmit from  E1Q[3][6] -> [3][7]Y1Q 
 (   32.00 ) Msg[37] Ends Trans PEQ[1][1] -> [0][4]E2Q
 (   32.00 ) Start Transmit from  X2Q[3][3] -> [1][3]E2Q 
 (   32.00 ) Msg[37] Decides in E2Q[1][1] -> [0][4]X2Q 
 (   32.00 ) Start Transmit from  E2Q[1][1] -> [0][1]X2Q 
 (   32.00 ) Msg[38] Ends Trans PEQ[4][2] -> [6][1]X1Q
 (   32.00 ) Msg[67] Decides in PEQ[3][2] -> [0][3]X2Q 
 (   32.00 ) Start Transmit from  PEQ[3][2] -> [2][2]X2Q 
 (   32.00 ) Msg[38] Decides in X1Q[4][2] -> [6][1]E1Q 
 (   32.00 ) Start Transmit from  X1Q[4][2] -> [6][2]E1Q 
 (   32.00 ) Msg[39] Ends Trans PEQ[3][0] -> [3][0]Y2Q
 (   32.00 ) Msg[66] Decides in PEQ[3][1] -> [5][1]E1Q 
 (   32.00 ) Start Transmit from  PEQ[3][1] -> [5][1]E1Q 
 (   32.00 ) Msg[39] Decides in Y2Q[3][0] -> [3][0]PEQ 
 (   32.00 ) Start Transmit from  Y2Q[3][0] -> [3][0]PEQ 
 (   32.00 ) Msg[40] Ends Trans PEQ[4][0] -> [6][2]X1Q
 (   32.00 ) Msg[40] Decides in X1Q[4][0] -> [6][2]E1Q 
 (   32.00 ) Start Transmit from  X1Q[4][0] -> [6][0]E1Q 
 (   32.00 ) Msg[41] Ends Trans PEQ[3][7] -> [4][4]X1Q
 (   32.00 ) Msg[41] Decides in X1Q[3][7] -> [4][4]X1Q 
 (   32.00 ) Start Transmit from  X1Q[3][7] -> [4][7]X1Q 
 (   32.00 ) Msg[42] Ends Trans PEQ[2][5] -> [2][2]Y2Q
 (   32.00 ) Msg[42] Decides in Y2Q[2][5] -> [2][2]E2Q 
 (   32.00 ) Start Transmit from  Y2Q[2][5] -> [2][3]E2Q 
 (   32.00 ) Msg[43] Ends Trans PEQ[3][5] -> [6][3]X1Q
 (   32.00 ) Msg[43] Decides in X1Q[3][5] -> [6][3]E1Q 
 (   32.00 ) Start Transmit from  X1Q[3][5] -> [5][5]E1Q 
 (   32.00 ) Msg[44] Ends Trans PEQ[1][4] -> [1][1]X2Q
 (   32.00 ) Msg[44] Decides in X2Q[1][4] -> [1][1]Y2Q 
 (   32.00 ) Start Transmit from  X2Q[1][4] -> [1][3]Y2Q 
 (   32.00 ) Msg[45] Ends Trans PEQ[3][3] -> [6][0]X1Q
 (   32.00 ) Msg[45] Decides in X1Q[3][3] -> [6][0]E1Q 
 (   32.00 ) Start Transmit from  X1Q[3][3] -> [5][3]E1Q 
 (   32.00 ) Msg[46] Ends Trans PEQ[4][4] -> [5][3]E1Q
 (   32.00 ) Msg[46] Decides in E1Q[4][4] -> [5][3]X1Q 
 (   32.00 ) Start Transmit from  E1Q[4][4] -> [5][4]X1Q 
 (   32.00 ) Msg[47] Ends Trans PEQ[1][1] -> [1][5]X2Q
 (   32.00 ) Msg[47] Decides in X2Q[1][1] -> [1][5]Y1Q 
 (   32.00 ) Start Transmit from  X2Q[1][1] -> [1][2]Y1Q 
 (   32.00 ) Msg[48] Ends Trans PEQ[4][2] -> [4][2]E1Q
 (   32.00 ) Msg[48] Decides in E1Q[4][2] -> [4][2]PEQ 
 (   32.00 ) Start Transmit from  E1Q[4][2] -> [4][2]PEQ 
 (   32.00 ) Msg[49] Ends Trans PEQ[2][7] -> [3][2]X1Q
 (   32.00 ) Msg[49] Decides in X1Q[2][7] -> [3][2]X1Q 
 (   32.00 ) Start Transmit from  X1Q[2][7] -> [3][7]X1Q 
 (   32.00 ) Msg[50] Ends Trans PEQ[2][6] -> [5][2]X1Q
 (   32.00 ) Msg[50] Decides in X1Q[2][6] -> [5][2]X1Q 
 (   32.00 ) Start Transmit from  X1Q[2][6] -> [3][6]X1Q 
 (   32.00 ) Msg[51] Ends Trans PEQ[1][4] -> [1][3]Y2Q
 (   32.00 ) Msg[51] Decides in Y2Q[1][4] -> [1][3]Q 
 (   32.00 ) Msg[52] Ends Trans PEQ[2][4] -> [2][1]X1Q
 (   32.00 ) Msg[52] Decides in X1Q[2][4] -> [2][1]Y2Q 
 (   32.00 ) Start Transmit from  X1Q[2][4] -> [2][3]Y2Q 
 (   32.00 ) Msg[53] Ends Trans PEQ[3][5] -> [4][7]E1Q
 (   32.00 ) Msg[53] Decides in E1Q[3][5] -> [4][7]X1Q 
 (   32.00 ) Start Transmit from  E1Q[3][5] -> [4][5]X1Q 
 (   32.00 ) Msg[54] Ends Trans PEQ[1][4] -> [1][4]E1Q
 (   32.00 ) Msg[54] Decides in E1Q[1][4] -> [1][4]PEQ 
 (   32.00 ) Start Transmit from  E1Q[1][4] -> [1][4]PEQ 
 (   32.00 ) Msg[55] Ends Trans PEQ[2][1] -> [2][5]X1Q
 (   32.00 ) Msg[65] Decides in PEQ[1][1] -> [4][1]E1Q 
 (   32.00 ) Start Transmit from  PEQ[1][1] -> [3][1]E1Q 
 (   32.00 ) Msg[55] Decides in X1Q[2][1] -> [2][5]E1Q 
 (   32.00 ) Start Transmit from  X1Q[2][1] -> [2][3]E1Q 
 (   32.00 ) Msg[56] Ends Trans PEQ[2][0] -> [7][5]X1Q
 (   32.00 ) Msg[56] Decides in X1Q[2][0] -> [7][5]E1Q 
 (   32.00 ) Start Transmit from  X1Q[2][0] -> [4][0]E1Q 
 (   32.00 ) Msg[57] Ends Trans PEQ[1][7] -> [5][2]X1Q
 (   32.00 ) Msg[57] Decides in X1Q[1][7] -> [5][2]X1Q 
 (   32.00 ) Start Transmit from  X1Q[1][7] -> [2][7]X1Q 
 (   32.00 ) Msg[58] Ends Trans PEQ[1][6] -> [2][3]X1Q
 (   32.00 ) Msg[58] Decides in X1Q[1][6] -> [2][3]X1Q 
 (   32.00 ) Start Transmit from  X1Q[1][6] -> [2][6]X1Q 
 (   32.00 ) Msg[59] Ends Trans PEQ[1][5] -> [2][1]X1Q
 (   32.00 ) Msg[59] Decides in X1Q[1][5] -> [2][1]X1Q 
 (   32.00 ) Start Transmit from  X1Q[1][5] -> [2][5]X1Q 
 (   32.00 ) Msg[60] Ends Trans PEQ[2][6] -> [6][3]E1Q
 (   32.00 ) Msg[60] Decides in E1Q[2][6] -> [6][3]Q 
 (   32.00 ) Msg[61] Ends Trans PEQ[1][3] -> [6][6]X1Q
 (   32.00 ) Msg[61] Decides in X1Q[1][3] -> [6][6]E1Q 
 (   32.00 ) Start Transmit from  X1Q[1][3] -> [3][3]E1Q 
 (   32.00 ) Msg[62] Ends Trans PEQ[2][4] -> [6][2]E1Q
 (   32.00 ) Msg[62] Decides in E1Q[2][4] -> [6][2]E1Q 
 (   32.00 ) Start Transmit from  E1Q[2][4] -> [4][4]E1Q 
 (   32.00 ) Msg[63] Ends Trans PEQ[1][1] -> [1][5]X1Q
 (   32.00 ) Msg[63] Decides in X1Q[1][1] -> [1][5]Q 
 (   32.00 ) Msg[64] Ends Trans PEQ[2][2] -> [3][4]E1Q
 (   32.00 ) Msg[64] Decides in E1Q[2][2] -> [3][4]X1Q 
 (   32.00 ) Start Transmit from  E1Q[2][2] -> [3][2]X1Q 
 (   32.68 ) Msg[70] Arrives in PEQ[3][7] -> [0][1] 
 (   32.68 ) Msg[70] Decides in PEQ[3][7] -> [0][1]E2Q 
 (   32.68 ) Start Transmit from  PEQ[3][7] -> [1][7]E2Q 
 (   35.77 ) Msg[71] Arrives in PEQ[0][0] -> [7][4] 
 (   35.77 ) Msg[71] Decides in PEQ[0][0] -> [7][4]E1Q 
 (   35.77 ) Start Transmit from  PEQ[0][0] -> [2][0]E1Q 
 (   38.31 ) Msg[72] Arrives in PEQ[4][7] -> [0][1] 
 (   38.31 ) Msg[72] Decides in PEQ[4][7] -> [0][1]X2Q 
 (   38.31 ) Start Transmit from  PEQ[4][7] -> [3][7]X2Q 
 (   39.67 ) Msg[73] Arrives in PEQ[5][1] -> [1][2] 
 (   39.67 ) Msg[73] Decides in PEQ[5][1] -> [1][2]Q 
 (   42.58 ) Msg[74] Arrives in PEQ[3][2] -> [6][6] 
 (   42.58 ) Msg[74] Not Head Of Queue in PEQ[3][2] -> [6][6] 
 (   45.16 ) Msg[75] Arrives in PEQ[1][1] -> [1][5] 
 (   45.16 ) Msg[75] Not Head Of Queue in PEQ[1][1] -> [1][5] 
 (   56.55 ) Msg[76] Arrives in PEQ[5][2] -> [5][4] 
 (   56.55 ) Msg[76] Decides in PEQ[5][2] -> [5][4]Q 
 (   64.00 ) Msg[1] Ends Trans E2Q[4][5] -> [4][7]X2Q
 (   64.00 ) Start Transmit from  X2Q[5][5] -> [4][5]X2Q 
 (   64.00 ) Msg[1] Decides in X2Q[4][5] -> [4][7]E1Q 
 (   64.00 ) Start Transmit from  X2Q[4][5] -> [4][7]E1Q 
 (   64.00 ) Msg[2] Ends Trans X2Q[5][6] -> [5][7]X2Q
 (   64.00 ) Start Transmit from  PEQ[6][6] -> [5][6]X2Q 
 (   64.00 ) Msg[2] Decides in X2Q[5][6] -> [5][7]Y1Q 
 (   64.00 ) Start Transmit from  X2Q[5][6] -> [5][7]Y1Q 
 (   64.00 ) Msg[4] Ends Trans X2Q[4][2] -> [2][3]E2Q
 (   64.00 ) Msg[4] Decides in E2Q[4][2] -> [2][3]E2Q 
 (   64.00 ) Start Transmit from  E2Q[4][2] -> [2][2]E2Q 
 (   64.00 ) Msg[8] Ends Trans Y1Q[7][2] -> [7][4]Y1Q
 (   64.00 ) Msg[8] Decides in Y1Q[7][2] -> [7][4]Y1Q 
 (   64.00 ) Start Transmit from  Y1Q[7][2] -> [7][3]Y1Q 
 (   64.00 ) Msg[9] Ends Trans X2Q[4][7] -> [4][4]X2Q
 (   64.00 ) Msg[9] Decides in X2Q[4][7] -> [4][4]E2Q 
 (   64.00 ) Start Transmit from  X2Q[4][7] -> [4][5]E2Q 
 (   64.00 ) Msg[10] Ends Trans E2Q[3][4] -> [3][1]X2Q
 (   64.00 ) Msg[10] Decides in X2Q[3][4] -> [3][1]E2Q 
 (   64.00 ) Start Transmit from  X2Q[3][4] -> [3][2]E2Q 
 (   64.00 ) Msg[12] Ends Trans Y2Q[6][1] -> [6][0]E2Q
 (   64.00 ) Msg[12] Decides in E2Q[6][1] -> [6][0]Y2Q 
 (   64.00 ) Start Transmit from  E2Q[6][1] -> [6][0]Y2Q 
 (   64.00 ) Msg[13] Ends Trans Y1Q[6][4] -> [6][4]PEQ 
               Msg[13] Response Time : 64.00 cycles   Mean Response Time : 64.00 cycles
 (   64.00 ) Msg[6] Ends Trans X2Q[4][0] -> [3][2]E2Q
 (   64.00 ) Msg[7] Ends Trans X2Q[5][1] -> [1][1]X2Q
 (   64.00 ) Msg[15] Ends Trans X2Q[4][1] -> [3][2]X2Q
 (   64.00 ) Start Transmit from  PEQ[5][1] -> [4][1]X2Q 
 (   64.00 ) Msg[7] Decides in X2Q[5][1] -> [1][1]Q 
 (   64.00 ) Msg[15] Decides in X2Q[4][1] -> [3][2]X2Q 
 (   64.00 ) Start Transmit from  X2Q[4][1] -> [3][1]X2Q 
 (   64.00 ) Msg[16] Ends Trans X2Q[5][2] -> [5][2]E1Q
 (   64.00 ) Msg[16] Decides in E1Q[5][2] -> [5][2]PEQ 
 (   64.00 ) Start Transmit from  E1Q[5][2] -> [5][2]PEQ 
 (   64.00 ) Msg[17] Ends Trans X1Q[6][5] -> [6][2]E2Q
 (   64.00 ) Msg[17] Decides in E2Q[6][5] -> [6][2]E2Q 
 (   64.00 ) Start Transmit from  E2Q[6][5] -> [6][3]E2Q 
 (   64.00 ) Msg[69] Ends Trans PEQ[5][4] -> [5][1]E2Q
 (   64.00 ) Msg[69] Decides in E2Q[5][4] -> [5][1]E2Q 
 (   64.00 ) Start Transmit from  E2Q[5][4] -> [5][2]E2Q 
 (   64.00 ) Msg[18] Ends Trans X2Q[3][6] -> [3][3]X2Q
 (   64.00 ) Msg[18] Decides in X2Q[3][6] -> [3][3]E2Q 
 (   64.00 ) Start Transmit from  X2Q[3][6] -> [3][4]E2Q 
 (   64.00 ) Msg[19] Ends Trans E1Q[7][6] -> [7][5]Y1Q
 (   64.00 ) Msg[19] Decides in Y1Q[7][6] -> [7][5]Y2Q 
 (   64.00 ) Start Transmit from  Y1Q[7][6] -> [7][5]Y2Q 
 (   64.00 ) Msg[20] Ends Trans Y1Q[5][5] -> [5][5]PEQ 
               Msg[20] Response Time : 64.00 cycles   Mean Response Time : 64.00 cycles
 (   64.00 ) Msg[3] Ends Trans E2Q[3][1] -> [2][7]E2Q
 (   64.00 ) Msg[21] Ends Trans E2Q[3][1] -> [3][1]PEQ 
               Msg[21] Response Time : 64.00 cycles   Mean Response Time : 64.00 cycles
 (   64.00 ) Msg[3] Decides in E2Q[3][1] -> [2][7]Q 
 (   64.00 ) Msg[22] Ends Trans E1Q[5][5] -> [5][5]Y1Q
 (   64.00 ) Msg[22] Decides in Y1Q[5][5] -> [5][5]PEQ 
 (   64.00 ) Start Transmit from  Y1Q[5][5] -> [5][5]PEQ 
 (   64.00 ) Msg[5] Ends Trans E2Q[5][2] -> [5][6]Y1Q
 (   64.00 ) Msg[23] Ends Trans Y1Q[5][4] -> [5][4]E1Q
 (   64.00 ) Start Transmit from  PEQ[5][2] -> [5][4]E1Q 
 (   64.00 ) Msg[5] Decides in Y1Q[5][2] -> [5][6]Q 
 (   64.00 ) Msg[23] Decides in E1Q[5][4] -> [5][4]Q 
 (   64.00 ) Msg[24] Ends Trans X2Q[4][1] -> [4][3]Y1Q
 (   64.00 ) Msg[24] Decides in Y1Q[4][1] -> [4][3]E1Q 
 (   64.00 ) Start Transmit from  Y1Q[4][1] -> [4][3]E1Q 
 (   64.00 ) Msg[25] Ends Trans E2Q[4][4] -> [4][4]Y1Q
 (   64.00 ) Msg[25] Decides in Y1Q[4][4] -> [4][4]PEQ 
 (   64.00 ) Start Transmit from  Y1Q[4][4] -> [4][4]PEQ 
 (   64.00 ) Msg[26] Ends Trans E2Q[0][2] -> [0][4]E2Q
 (   64.00 ) Msg[26] Decides in E2Q[0][2] -> [0][4]Y1Q 
 (   64.00 ) Start Transmit from  E2Q[0][2] -> [0][3]Y1Q 
 (   64.00 ) Msg[27] Ends Trans X1Q[6][5] -> [6][4]X1Q
 (   64.00 ) Msg[27] Decides in X1Q[6][5] -> [6][4]Y2Q 
 (   64.00 ) Start Transmit from  X1Q[6][5] -> [6][4]Y2Q 
 (   64.00 ) Msg[28] Ends Trans X1Q[5][4] -> [5][4]PEQ 
               Msg[28] Response Time : 64.00 cycles   Mean Response Time : 64.00 cycles
 (   64.00 ) Start Transmit from  E1Q[5][4] -> [5][4]PEQ 
 (   64.00 ) Msg[30] Ends Trans E2Q[1][0] -> [1][4]X2Q
 (   64.00 ) Msg[30] Decides in X2Q[1][0] -> [1][4]E1Q 
 (   64.00 ) Start Transmit from  X2Q[1][0] -> [1][2]E1Q 
 (   64.00 ) Msg[31] Ends Trans X2Q[2][1] -> [2][3]X2Q
 (   64.00 ) Start Transmit from  E2Q[3][1] -> [2][1]X2Q 
 (   64.00 ) Msg[31] Decides in X2Q[2][1] -> [2][3]Q 
 (   64.00 ) Msg[14] Ends Trans E2Q[3][0] -> [0][0]X2Q
 (   64.00 ) Msg[6] Decides in E2Q[4][0] -> [3][2]X2Q 
 (   64.00 ) Start Transmit from  E2Q[4][0] -> [3][0]X2Q 
 (   64.00 ) Msg[32] Ends Trans X2Q[3][2] -> [3][3]E1Q
 (   64.00 ) Msg[14] Decides in X2Q[3][0] -> [0][0]X2Q 
 (   64.00 ) Start Transmit from  X2Q[3][0] -> [2][0]X2Q 
 (   64.00 ) Msg[32] Decides in E1Q[3][2] -> [3][3]Y1Q 
 (   64.00 ) Start Transmit from  E1Q[3][2] -> [3][3]Y1Q 
 (   64.00 ) Msg[33] Ends Trans X1Q[5][7] -> [6][6]X1Q
 (   64.00 ) Msg[33] Decides in X1Q[5][7] -> [6][6]X1Q 
 (   64.00 ) Start Transmit from  X1Q[5][7] -> [6][7]X1Q 
 (   64.00 ) Msg[34] Ends Trans Y1Q[3][7] -> [3][7]PEQ 
               Msg[34] Response Time : 64.00 cycles   Mean Response Time : 64.00 cycles
 (   64.00 ) Msg[35] Ends Trans E2Q[1][2] -> [1][2]Y1Q
 (   64.00 ) Msg[35] Decides in Y1Q[1][2] -> [1][2]PEQ 
 (   64.00 ) Start Transmit from  Y1Q[1][2] -> [1][2]PEQ 
 (   64.00 ) Msg[36] Ends Trans E1Q[3][7] -> [3][7]Y1Q
 (   64.00 ) Msg[36] Decides in Y1Q[3][7] -> [3][7]PEQ 
 (   64.00 ) Start Transmit from  Y1Q[3][7] -> [3][7]PEQ 
 (   64.00 ) Msg[29] Ends Trans X2Q[1][1] -> [1][6]E2Q
 (   64.00 ) Msg[37] Ends Trans E2Q[0][1] -> [0][4]X2Q
 (   64.00 ) Msg[29] Decides in E2Q[1][1] -> [1][6]Q 
 (   64.00 ) Msg[37] Decides in X2Q[0][1] -> [0][4]E1Q 
 (   64.00 ) Start Transmit from  X2Q[0][1] -> [0][3]E1Q 
 (   64.00 ) Msg[67] Ends Trans PEQ[2][2] -> [0][3]X2Q
 (   64.00 ) Msg[74] Decides in PEQ[3][2] -> [6][6]X1Q 
 (   64.00 ) Start Transmit from  PEQ[3][2] -> [4][2]X1Q 
 (   64.00 ) Msg[67] Decides in X2Q[2][2] -> [0][3]E2Q 
 (   64.00 ) Start Transmit from  X2Q[2][2] -> [0][2]E2Q 
 (   64.00 ) Msg[38] Ends Trans X1Q[6][4] -> [6][1]E1Q
 (   64.00 ) Msg[38] Decides in E1Q[6][4] -> [6][1]Y2Q 
 (   64.00 ) Start Transmit from  E1Q[6][4] -> [6][3]Y2Q 
 (   64.00 ) Msg[66] Ends Trans PEQ[5][3] -> [5][1]E1Q
 (   64.00 ) Msg[66] Decides in E1Q[5][3] -> [5][1]Y2Q 
 (   64.00 ) Start Transmit from  E1Q[5][3] -> [5][2]Y2Q 
 (   64.00 ) Msg[39] Ends Trans Y2Q[3][0] -> [3][0]PEQ 
               Msg[39] Response Time : 64.00 cycles   Mean Response Time : 64.00 cycles
 (   64.00 ) Msg[40] Ends Trans X1Q[6][2] -> [6][2]E1Q
 (   64.00 ) Msg[40] Decides in E1Q[6][2] -> [6][2]PEQ 
 (   64.00 ) Start Transmit from  E1Q[6][2] -> [6][2]PEQ 
 (   64.00 ) Msg[41] Ends Trans X1Q[4][7] -> [4][4]X1Q
 (   64.00 ) Msg[41] Decides in X1Q[4][7] -> [4][4]Q 
 (   64.00 ) Msg[42] Ends Trans Y2Q[2][3] -> [2][2]E2Q
 (   64.00 ) Msg[42] Decides in E2Q[2][3] -> [2][2]Y2Q 
 (   64.00 ) Start Transmit from  E2Q[2][3] -> [2][2]Y2Q 
 (   64.00 ) Msg[43] Ends Trans X1Q[5][7] -> [6][3]E1Q
 (   64.00 ) Msg[43] Decides in E1Q[5][7] -> [6][3]Q 
 (   64.00 ) Msg[44] Ends Trans X2Q[1][3] -> [1][1]Y2Q
 (   64.00 ) Start Transmit from  Y2Q[1][4] -> [1][3]Y2Q 
 (   64.00 ) Msg[44] Decides in Y2Q[1][3] -> [1][1]Y2Q 
 (   64.00 ) Start Transmit from  Y2Q[1][3] -> [1][2]Y2Q 
 (   64.00 ) Msg[45] Ends Trans X1Q[5][5] -> [6][0]E1Q
 (   64.00 ) Msg[45] Decides in E1Q[5][5] -> [6][0]X1Q 
 (   64.00 ) Start Transmit from  E1Q[5][5] -> [6][5]X1Q 
 (   64.00 ) Msg[46] Ends Trans E1Q[5][4] -> [5][3]X1Q
 (   64.00 ) Msg[46] Decides in X1Q[5][4] -> [5][3]Y2Q 
 (   64.00 ) Start Transmit from  X1Q[5][4] -> [5][3]Y2Q 
 (   64.00 ) Msg[47] Ends Trans X2Q[1][2] -> [1][5]Y1Q
 (   64.00 ) Start Transmit from  X1Q[1][1] -> [1][2]Y1Q 
 (   64.00 ) Msg[48] Ends Trans E1Q[4][2] -> [4][2]PEQ 
               Msg[48] Response Time : 64.00 cycles   Mean Response Time : 64.00 cycles
 (   64.00 ) Msg[49] Ends Trans X1Q[3][7] -> [3][2]X1Q
 (   64.00 ) Msg[49] Decides in X1Q[3][7] -> [3][2]Y2Q 
 (   64.00 ) Start Transmit from  X1Q[3][7] -> [3][6]Y2Q 
 (   64.00 ) Msg[50] Ends Trans X1Q[3][6] -> [5][2]X1Q
 (   64.00 ) Start Transmit from  E1Q[2][6] -> [3][6]X1Q 
 (   64.00 ) Msg[50] Decides in X1Q[3][6] -> [5][2]X1Q 
 (   64.00 ) Start Transmit from  X1Q[3][6] -> [4][6]X1Q 
 (   64.00 ) Msg[52] Ends Trans X1Q[2][3] -> [2][1]Y2Q
 (   64.00 ) Msg[52] Decides in Y2Q[2][3] -> [2][1]E2Q 
 (   64.00 ) Start Transmit from  Y2Q[2][3] -> [2][1]E2Q 
 (   64.00 ) Msg[53] Ends Trans E1Q[4][5] -> [4][7]X1Q
 (   64.00 ) Msg[53] Decides in X1Q[4][5] -> [4][7]Q 
 (   64.00 ) Msg[54] Ends Trans E1Q[1][4] -> [1][4]PEQ 
               Msg[54] Response Time : 64.00 cycles   Mean Response Time : 64.00 cycles
 (   64.00 ) Msg[65] Ends Trans PEQ[3][3] -> [4][1]E1Q
 (   64.00 ) Msg[75] Decides in PEQ[1][1] -> [1][5]Q 
 (   64.00 ) Msg[65] Decides in E1Q[3][3] -> [4][1]X1Q 
 (   64.00 ) Start Transmit from  E1Q[3][3] -> [4][3]X1Q 
 (   64.00 ) Msg[55] Ends Trans X1Q[2][3] -> [2][5]E1Q
 (   64.00 ) Start Transmit from  X2Q[2][1] -> [2][3]E1Q 
 (   64.00 ) Msg[55] Decides in E1Q[2][3] -> [2][5]E1Q 
 (   64.00 ) Start Transmit from  E1Q[2][3] -> [2][5]E1Q 
 (   64.00 ) Msg[56] Ends Trans X1Q[4][2] -> [7][5]E1Q
 (   64.00 ) Msg[56] Decides in E1Q[4][2] -> [7][5]E1Q 
 (   64.00 ) Start Transmit from  E1Q[4][2] -> [6][2]E1Q 
 (   64.00 ) Msg[57] Ends Trans X1Q[2][7] -> [5][2]X1Q
 (   64.00 ) Msg[57] Decides in X1Q[2][7] -> [5][2]X1Q 
 (   64.00 ) Start Transmit from  X1Q[2][7] -> [3][7]X1Q 
 (   64.00 ) Msg[58] Ends Trans X1Q[2][6] -> [2][3]X1Q
 (   64.00 ) Msg[58] Decides in X1Q[2][6] -> [2][3]Y2Q 
 (   64.00 ) Start Transmit from  X1Q[2][6] -> [2][5]Y2Q 
 (   64.00 ) Msg[59] Ends Trans X1Q[2][5] -> [2][1]X1Q
 (   64.00 ) Msg[59] Decides in X1Q[2][5] -> [2][1]E2Q 
 (   64.00 ) Start Transmit from  X1Q[2][5] -> [2][3]E2Q 
 (   64.00 ) Msg[61] Ends Trans X1Q[3][5] -> [6][6]E1Q
 (   64.00 ) Msg[61] Decides in E1Q[3][5] -> [6][6]E1Q 
 (   64.00 ) Start Transmit from  E1Q[3][5] -> [5][5]E1Q 
 (   64.00 ) Msg[62] Ends Trans E1Q[4][6] -> [6][2]E1Q
 (   64.00 ) Msg[62] Decides in E1Q[4][6] -> [6][2]X1Q 
 (   64.00 ) Start Transmit from  E1Q[4][6] -> [5][6]X1Q 
 (   64.00 ) Msg[64] Ends Trans E1Q[3][2] -> [3][4]X1Q
 (   64.00 ) Msg[64] Decides in X1Q[3][2] -> [3][4]E1Q 
 (   64.00 ) Start Transmit from  X1Q[3][2] -> [3][4]E1Q 
 (   64.68 ) Msg[70] Ends Trans PEQ[1][5] -> [0][1]E2Q
 (   64.68 ) Msg[70] Decides in E2Q[1][5] -> [0][1]X2Q 
 (   64.68 ) Start Transmit from  E2Q[1][5] -> [0][5]X2Q 
 (   67.77 ) Msg[71] Ends Trans PEQ[2][2] -> [7][4]E1Q
 (   67.77 ) Msg[71] Decides in E1Q[2][2] -> [7][4]E1Q 
 (   67.77 ) Start Transmit from  E1Q[2][2] -> [4][2]E1Q 
 (   70.31 ) Msg[72] Ends Trans PEQ[3][7] -> [0][1]X2Q
 (   70.31 ) Msg[72] Decides in X2Q[3][7] -> [0][1]E2Q 
 (   70.31 ) Start Transmit from  X2Q[3][7] -> [1][7]E2Q 
 (   74.44 ) Msg[77] Arrives in PEQ[6][2] -> [4][3] 
 (   74.44 ) Msg[77] Decides in PEQ[6][2] -> [4][3]E2Q 
 (   74.44 ) Start Transmit from  PEQ[6][2] -> [4][2]E2Q 
 (   81.26 ) Msg[78] Arrives in PEQ[6][6] -> [7][0] 
 (   81.26 ) Msg[78] Not Head Of Queue in PEQ[6][6] -> [7][0] 
 (   83.71 ) Msg[79] Arrives in PEQ[2][1] -> [7][4] 
 (   83.71 ) Msg[79] Decides in PEQ[2][1] -> [7][4]X1Q 
 (   83.71 ) Start Transmit from  PEQ[2][1] -> [3][1]X1Q 
 (   90.41 ) Msg[80] Arrives in PEQ[5][1] -> [3][6] 
 (   90.41 ) Msg[80] Not Head Of Queue in PEQ[5][1] -> [3][6] 
 (   90.48 ) Msg[81] Arrives in PEQ[7][4] -> [3][1] 
 (   90.48 ) Msg[81] Decides in PEQ[7][4] -> [3][1]X2Q 
 (   90.48 ) Start Transmit from  PEQ[7][4] -> [6][4]X2Q 
 (   96.00 ) Msg[11] Ends Trans X2Q[4][5] -> [4][3]X2Q
 (   96.00 ) Msg[1] Ends Trans X2Q[4][7] -> [4][7]E1Q
 (   96.00 ) Start Transmit from  X1Q[4][5] -> [4][7]E1Q 
 (   96.00 ) Msg[11] Decides in X2Q[4][5] -> [4][3]E2Q 
 (   96.00 ) Start Transmit from  X2Q[4][5] -> [4][3]E2Q 
 (   96.00 ) Msg[1] Decides in E1Q[4][7] -> [4][7]PEQ 
 (   96.00 ) Start Transmit from  E1Q[4][7] -> [4][7]PEQ 
 (   96.00 ) Msg[68] Ends Trans PEQ[5][6] -> [5][6]X2Q
 (   96.00 ) Msg[78] Decides in PEQ[6][6] -> [7][0]X1Q 
 (   96.00 ) Start Transmit from  PEQ[6][6] -> [7][6]X1Q 
 (   96.00 ) Msg[2] Ends Trans X2Q[5][7] -> [5][7]Y1Q
 (   96.00 ) Msg[68] Decides in X2Q[5][6] -> [5][6]PEQ 
 (   96.00 ) Start Transmit from  X2Q[5][6] -> [5][6]PEQ 
 (   96.00 ) Msg[2] Decides in Y1Q[5][7] -> [5][7]PEQ 
 (   96.00 ) Start Transmit from  Y1Q[5][7] -> [5][7]PEQ 
 (   96.00 ) Msg[4] Ends Trans E2Q[2][0] -> [2][3]E2Q
 (   96.00 ) Msg[4] Decides in E2Q[2][0] -> [2][3]Y1Q 
 (   96.00 ) Start Transmit from  E2Q[2][0] -> [2][1]Y1Q 
 (   96.00 ) Msg[8] Ends Trans Y1Q[7][3] -> [7][4]Y1Q
 (   96.00 ) Msg[8] Decides in Y1Q[7][3] -> [7][4]Y1Q 
 (   96.00 ) Start Transmit from  Y1Q[7][3] -> [7][4]Y1Q 
 (   96.00 ) Msg[9] Ends Trans X2Q[4][5] -> [4][4]E2Q
 (   96.00 ) Start Transmit from  X1Q[4][7] -> [4][5]E2Q 
 (   96.00 ) Msg[9] Decides in E2Q[4][5] -> [4][4]Y2Q 
 (   96.00 ) Start Transmit from  E2Q[4][5] -> [4][4]Y2Q 
 (   96.00 ) Msg[10] Ends Trans X2Q[3][2] -> [3][1]E2Q
 (   96.00 ) Msg[10] Decides in E2Q[3][2] -> [3][1]Y2Q 
 (   96.00 ) Start Transmit from  E2Q[3][2] -> [3][1]Y2Q 
 (   96.00 ) Msg[12] Ends Trans E2Q[6][0] -> [6][0]Y1Q
 (   96.00 ) Msg[12] Decides in Y1Q[6][0] -> [6][0]PEQ 
 (   96.00 ) Start Transmit from  Y1Q[6][0] -> [6][0]PEQ 
 (   96.00 ) Msg[73] Ends Trans PEQ[4][1] -> [1][2]X2Q
 (   96.00 ) Start Transmit from  X2Q[5][1] -> [4][1]X2Q 
 (   96.00 ) Msg[80] Decides in PEQ[5][1] -> [3][6]Q 
 (   96.00 ) Msg[15] Ends Trans X2Q[3][1] -> [3][2]X2Q
 (   96.00 ) Msg[73] Decides in X2Q[4][1] -> [1][2]X2Q 
 (   96.00 ) Start Transmit from  X2Q[4][1] -> [3][1]X2Q 
 (   96.00 ) Msg[15] Decides in X2Q[3][1] -> [3][2]Y1Q 
 (   96.00 ) Start Transmit from  X2Q[3][1] -> [3][2]Y1Q 
 (   96.00 ) Msg[16] Ends Trans E1Q[5][2] -> [5][2]PEQ 
               Msg[16] Response Time : 96.00 cycles   Mean Response Time : 67.56 cycles
 (   96.00 ) Msg[17] Ends Trans E2Q[6][3] -> [6][2]E2Q
 (   96.00 ) Msg[17] Decides in E2Q[6][3] -> [6][2]Y2Q 
 (   96.00 ) Start Transmit from  E2Q[6][3] -> [6][2]Y2Q 
 (   96.00 ) Msg[69] Ends Trans E2Q[5][2] -> [5][1]E2Q
 (   96.00 ) Msg[69] Decides in E2Q[5][2] -> [5][1]Y2Q 
 (   96.00 ) Start Transmit from  E2Q[5][2] -> [5][1]Y2Q 
 (   96.00 ) Msg[18] Ends Trans X2Q[3][4] -> [3][3]E2Q
 (   96.00 ) Msg[18] Decides in E2Q[3][4] -> [3][3]Y2Q 
 (   96.00 ) Start Transmit from  E2Q[3][4] -> [3][3]Y2Q 
 (   96.00 ) Msg[22] Ends Trans Y1Q[5][5] -> [5][5]PEQ 
               Msg[22] Response Time : 96.00 cycles   Mean Response Time : 70.40 cycles

End Of The Simulation at T= 96.00 cycles
Injection Rate : 400
Number of Clients Served : 10
The Mean Response Time : 70.40 cycles
Throughput : 0.104 