Simulation Starting Time 2021-08-17 06:00:13
Welcome to Network-On-Chip ExpressCube Simulator 
This simulator was designed based on The Discrete Event Simulation.
It's a final year project to obtain the Master Degree
Student developer : Ziraoui Zakaria 
Supervisor: Prof. Mohamed Ould-Khaoua

Network Simulation Parameters :

Topology : 8 x 8 Express Cube with 2 Hops
Number of Nodes  : 64 
Routing : Dimension-ordered (DOR)
Traffic : Uniform Random
Message length : 32 phits
Injection Rate : 80
Transmission Time Normal  Links : 32 Cycles
Transmission Time Express Links : 32 Cycles
Batch Means Method : Yes

Please wait, Simulation has been started...

Batch N° 1 : Mean Response Time : 256.87 cycles	Mean Waiting Time : 121.69 cycles	Throughput : 0.775
Batch N° 2 : Mean Response Time : 382.31 cycles	Mean Waiting Time : 246.15 cycles	Throughput : 0.790
Batch N° 3 : Mean Response Time : 447.51 cycles	Mean Waiting Time : 310.78 cycles	Throughput : 0.804
Batch N° 4 : Mean Response Time : 559.45 cycles	Mean Waiting Time : 421.28 cycles	Throughput : 0.783
Batch N° 5 : Mean Response Time : 591.36 cycles	Mean Waiting Time : 452.98 cycles	Throughput : 0.786
Batch N° 6 : Mean Response Time : 687.19 cycles	Mean Waiting Time : 548.86 cycles	Throughput : 0.810
Batch N° 7 : Mean Response Time : 790.01 cycles	Mean Waiting Time : 652.24 cycles	Throughput : 0.785
Batch N° 8 : Mean Response Time : 888.83 cycles	Mean Waiting Time : 749.99 cycles	Throughput : 0.802
Batch N° 9 : Mean Response Time : 921.60 cycles	Mean Waiting Time : 785.36 cycles	Throughput : 0.784
Batch N°10 : Mean Response Time : 975.62 cycles	Mean Waiting Time : 838.43 cycles	Throughput : 0.791
Batch N°11 : Mean Response Time : 1004.00 cycles	Mean Waiting Time : 865.40 cycles	Throughput : 0.809
Batch N°12 : Mean Response Time : 1005.65 cycles	Mean Waiting Time : 867.22 cycles	Throughput : 0.800
Batch N°13 : Mean Response Time : 1045.02 cycles	Mean Waiting Time : 906.90 cycles	Throughput : 0.807
Batch N°14 : Mean Response Time : 1023.13 cycles	Mean Waiting Time : 885.68 cycles	Throughput : 0.773
Batch N°15 : Mean Response Time : 1086.17 cycles	Mean Waiting Time : 949.91 cycles	Throughput : 0.795
Batch N°16 : Mean Response Time : 1205.41 cycles	Mean Waiting Time : 1069.97 cycles	Throughput : 0.751
Batch N°17 : Mean Response Time : 1301.33 cycles	Mean Waiting Time : 1165.22 cycles	Throughput : 0.748
Batch N°18 : Mean Response Time : 1266.67 cycles	Mean Waiting Time : 1130.71 cycles	Throughput : 0.753
Batch N°19 : Mean Response Time : 1311.69 cycles	Mean Waiting Time : 1175.92 cycles	Throughput : 0.747
Batch N°20 : Mean Response Time : 1238.82 cycles	Mean Waiting Time : 1102.31 cycles	Throughput : 0.736
Batch N°21 : Mean Response Time : 1153.49 cycles	Mean Waiting Time : 1018.58 cycles	Throughput : 0.741
Batch N°22 : Mean Response Time : 1085.32 cycles	Mean Waiting Time : 948.91 cycles	Throughput : 0.733
Batch N°23 : Mean Response Time : 1053.09 cycles	Mean Waiting Time : 917.83 cycles	Throughput : 0.740
Batch N°24 : Mean Response Time : 990.81 cycles	Mean Waiting Time : 854.48 cycles	Throughput : 0.747
Batch N°25 : Mean Response Time : 1002.67 cycles	Mean Waiting Time : 865.79 cycles	Throughput : 0.749
Batch N°26 : Mean Response Time : 990.52 cycles	Mean Waiting Time : 854.84 cycles	Throughput : 0.729
Batch N°27 : Mean Response Time : 931.59 cycles	Mean Waiting Time : 797.09 cycles	Throughput : 0.718
Batch N°28 : Mean Response Time : 876.81 cycles	Mean Waiting Time : 742.01 cycles	Throughput : 0.736
Batch N°29 : Mean Response Time : 946.63 cycles	Mean Waiting Time : 812.02 cycles	Throughput : 0.710
Batch N°30 : Mean Response Time : 858.73 cycles	Mean Waiting Time : 725.29 cycles	Throughput : 0.711
Batch N°31 : Mean Response Time : 742.05 cycles	Mean Waiting Time : 607.88 cycles	Throughput : 0.710
Batch N°32 : Mean Response Time : 676.92 cycles	Mean Waiting Time : 542.27 cycles	Throughput : 0.710
Batch N°33 : Mean Response Time : 603.36 cycles	Mean Waiting Time : 470.00 cycles	Throughput : 0.678
Batch N°34 : Mean Response Time : 459.77 cycles	Mean Waiting Time : 325.41 cycles	Throughput : 0.689
Batch N°35 : Mean Response Time : 359.61 cycles	Mean Waiting Time : 226.09 cycles	Throughput : 0.671
Batch N°36 : Mean Response Time : 328.76 cycles	Mean Waiting Time : 195.53 cycles	Throughput : 0.664

End Of The Simulation at T= 480298.94 cycles
Injection Rate : 80
Batch Size : 10000
Number of Batches : 36
Number of Clients Served : 360000
Overall Response Time : 862.47 cycles
Overall Waiting  Time : 726.42 cycles
Overall Throughput : 0.752 
Standard Deviation Response Time : 293.05142 cycles
Standard Deviation Waiting  Time : 292.67581 cycles
Standard Deviation Throughput : 0.041617 