Simulation Starting Time 2021-09-02 06:51:14
Welcome to Network-On-Chip ExpressCube Simulator 
This simulator was designed based on The Discrete Event Simulation.
It's a final year project to obtain the Master Degree
Student developer : Ziraoui Zakaria 
Supervisor: Prof. Mohamed Ould-Khaoua

Network Simulation Parameters :

Topology : 32 x 32 Express Cube with 4 Hops
Number of Nodes  : 1024 
Routing : Dimension-ordered (DOR)
Traffic : Uniform Random
Message length : 32 phits
Injection Rate : 180
Transmission Time Normal  Links : 96 Cycles
Transmission Time Express Links : 96 Cycles
Batch Means Method : Yes

Please wait, Simulation has been started...

Batch N° 1 : Mean Response Time : 774.66 cycles	Mean Waiting Time : 112.84 cycles	Throughput : 1.389
Batch N° 2 : Mean Response Time : 1239.71 cycles	Mean Waiting Time : 391.34 cycles	Throughput : 2.315
Batch N° 3 : Mean Response Time : 1577.03 cycles	Mean Waiting Time : 690.07 cycles	Throughput : 2.489
Batch N° 4 : Mean Response Time : 1867.57 cycles	Mean Waiting Time : 958.41 cycles	Throughput : 2.414
Batch N° 5 : Mean Response Time : 2137.50 cycles	Mean Waiting Time : 1243.12 cycles	Throughput : 2.604
Batch N° 6 : Mean Response Time : 2428.74 cycles	Mean Waiting Time : 1499.51 cycles	Throughput : 2.604
Batch N° 7 : Mean Response Time : 2626.87 cycles	Mean Waiting Time : 1730.30 cycles	Throughput : 2.604
Batch N° 8 : Mean Response Time : 2944.79 cycles	Mean Waiting Time : 2011.36 cycles	Throughput : 2.604
Batch N° 9 : Mean Response Time : 3182.82 cycles	Mean Waiting Time : 2256.58 cycles	Throughput : 2.803
Batch N°10 : Mean Response Time : 3403.04 cycles	Mean Waiting Time : 2479.29 cycles	Throughput : 2.708

End Of The Simulation at T= 8460.17 cycles
Injection Rate : 180
Batch Size : 2000
Number of Batches : 10
Number of Clients Served : 20000
Overall Response Time : 2218.27 cycles
Overall Waiting  Time : 1337.28 cycles
Overall Throughput : 2.453 
Standard Deviation Response Time : 859.93573 cycles
Standard Deviation Waiting  Time : 799.29199 cycles
Standard Deviation Throughput : 0.399010 