Simulation Starting Time 2021-08-31 07:00:23
Welcome to Network-On-Chip ExpressCube Simulator 
This simulator was designed based on The Discrete Event Simulation.
It's a final year project to obtain the Master Degree
Student developer : Ziraoui Zakaria 
Supervisor: Prof. Mohamed Ould-Khaoua

Network Simulation Parameters :

Topology : 32 x 32 Express Cube with 8 Hops
Number of Nodes  : 1024 
Routing : Dimension-ordered (DOR)
Traffic : Uniform Random
Message length : 32 phits
Injection Rate : 32000
Transmission Time Normal  Links : 32 Cycles
Transmission Time Express Links : 32 Cycles
Batch Means Method : Yes

Please wait, Simulation has been started...

Batch N° 1 : Mean Response Time : 383.78 cycles	Mean Waiting Time : 2.58 cycles	Throughput : 0.065
Batch N° 2 : Mean Response Time : 378.15 cycles	Mean Waiting Time : 0.02 cycles	Throughput : 0.032
Batch N° 3 : Mean Response Time : 380.63 cycles	Mean Waiting Time : 0.00 cycles	Throughput : 0.032
Batch N° 4 : Mean Response Time : 371.70 cycles	Mean Waiting Time : 0.03 cycles	Throughput : 0.033
Batch N° 5 : Mean Response Time : 377.41 cycles	Mean Waiting Time : 0.02 cycles	Throughput : 0.033
Batch N° 6 : Mean Response Time : 383.07 cycles	Mean Waiting Time : 0.02 cycles	Throughput : 0.032
Batch N° 7 : Mean Response Time : 375.74 cycles	Mean Waiting Time : 0.00 cycles	Throughput : 0.031
Batch N° 8 : Mean Response Time : 376.10 cycles	Mean Waiting Time : 0.01 cycles	Throughput : 0.032
Batch N° 9 : Mean Response Time : 371.79 cycles	Mean Waiting Time : 0.02 cycles	Throughput : 0.033
Batch N°10 : Mean Response Time : 378.13 cycles	Mean Waiting Time : 0.07 cycles	Throughput : 0.032

End Of The Simulation at T= 590700.69 cycles
Injection Rate : 32000
Batch Size : 2000
Number of Batches : 10
Number of Clients Served : 20000
Overall Response Time : 377.65 cycles
Overall Waiting  Time : 0.28 cycles
Overall Throughput : 0.035 
Standard Deviation Response Time : 4.11237 cycles
Standard Deviation Waiting  Time : 0.80852 cycles
Standard Deviation Throughput : 0.010255 