Simulation Starting Time 2021-09-01 06:07:45
Welcome to Network-On-Chip ExpressCube Simulator 
This simulator was designed based on The Discrete Event Simulation.
It's a final year project to obtain the Master Degree
Student developer : Ziraoui Zakaria 
Supervisor: Prof. Mohamed Ould-Khaoua

Network Simulation Parameters :

Topology : 16 x 16 Express Cube with 4 Hops
Number of Nodes  : 256 
Routing : Dimension-ordered (DOR)
Traffic : Hotspot [8][8]
Message length : 32 phits
Injection Rate : 150
Transmission Time Normal  Links : 32 Cycles
Transmission Time Express Links : 32 Cycles
Batch Means Method : Yes

Please wait, Simulation has been started...

Batch N° 1 : Mean Response Time : 260.69 cycles	Mean Waiting Time : 49.61 cycles	Throughput : 1.330
Batch N° 2 : Mean Response Time : 332.08 cycles	Mean Waiting Time : 111.68 cycles	Throughput : 1.420
Batch N° 3 : Mean Response Time : 393.07 cycles	Mean Waiting Time : 169.68 cycles	Throughput : 1.480
Batch N° 4 : Mean Response Time : 441.04 cycles	Mean Waiting Time : 218.06 cycles	Throughput : 1.390
Batch N° 5 : Mean Response Time : 500.98 cycles	Mean Waiting Time : 276.30 cycles	Throughput : 1.453
Batch N° 6 : Mean Response Time : 555.88 cycles	Mean Waiting Time : 332.81 cycles	Throughput : 1.454
Batch N° 7 : Mean Response Time : 642.18 cycles	Mean Waiting Time : 419.37 cycles	Throughput : 1.464
Batch N° 8 : Mean Response Time : 711.94 cycles	Mean Waiting Time : 486.60 cycles	Throughput : 1.413
Batch N° 9 : Mean Response Time : 749.38 cycles	Mean Waiting Time : 525.22 cycles	Throughput : 1.461
Batch N°10 : Mean Response Time : 833.37 cycles	Mean Waiting Time : 609.22 cycles	Throughput : 1.484

End Of The Simulation at T= 13952.00 cycles
Injection Rate : 150
Batch Size : 2000
Number of Batches : 10
Number of Clients Served : 20000
Overall Response Time : 542.06 cycles
Overall Waiting  Time : 319.86 cycles
Overall Throughput : 1.435 
Standard Deviation Response Time : 189.81578 cycles
Standard Deviation Waiting  Time : 187.07040 cycles
Standard Deviation Throughput : 0.047597 