Simulation Starting Time 2021-09-02 06:16:04
Welcome to Network-On-Chip ExpressCube Simulator 
This simulator was designed based on The Discrete Event Simulation.
It's a final year project to obtain the Master Degree
Student developer : Ziraoui Zakaria 
Supervisor: Prof. Mohamed Ould-Khaoua

Network Simulation Parameters :

Topology : 16 x 16 Express Cube with 2 Hops
Number of Nodes  : 256 
Routing : Dimension-ordered (DOR)
Traffic : Uniform Random
Message length : 32 phits
Injection Rate : 200
Transmission Time Normal  Links : 64 Cycles
Transmission Time Express Links : 64 Cycles
Batch Means Method : Yes

Please wait, Simulation has been started...

Batch N° 1 : Mean Response Time : 662.79 cycles	Mean Waiting Time : 218.76 cycles	Throughput : 0.824
Batch N° 2 : Mean Response Time : 1136.00 cycles	Mean Waiting Time : 644.73 cycles	Throughput : 1.015
Batch N° 3 : Mean Response Time : 1540.78 cycles	Mean Waiting Time : 1047.56 cycles	Throughput : 1.035
Batch N° 4 : Mean Response Time : 1841.30 cycles	Mean Waiting Time : 1339.93 cycles	Throughput : 0.998
Batch N° 5 : Mean Response Time : 2175.42 cycles	Mean Waiting Time : 1686.16 cycles	Throughput : 1.001
Batch N° 6 : Mean Response Time : 2452.50 cycles	Mean Waiting Time : 1958.82 cycles	Throughput : 1.022
Batch N° 7 : Mean Response Time : 2792.73 cycles	Mean Waiting Time : 2302.91 cycles	Throughput : 1.038
Batch N° 8 : Mean Response Time : 3123.10 cycles	Mean Waiting Time : 2626.22 cycles	Throughput : 1.018
Batch N° 9 : Mean Response Time : 3413.64 cycles	Mean Waiting Time : 2911.86 cycles	Throughput : 1.025
Batch N°10 : Mean Response Time : 3649.06 cycles	Mean Waiting Time : 3158.40 cycles	Throughput : 1.039

End Of The Simulation at T= 20054.68 cycles
Injection Rate : 200
Batch Size : 2000
Number of Batches : 10
Number of Clients Served : 20000
Overall Response Time : 2278.73 cycles
Overall Waiting  Time : 1789.54 cycles
Overall Throughput : 1.002 
Standard Deviation Response Time : 990.89478 cycles
Standard Deviation Waiting  Time : 981.32086 cycles
Standard Deviation Throughput : 0.064087 