Simulation Starting Time 2021-08-31 07:14:04
Welcome to Network-On-Chip ExpressCube Simulator 
This simulator was designed based on The Discrete Event Simulation.
It's a final year project to obtain the Master Degree
Student developer : Ziraoui Zakaria 
Supervisor: Prof. Mohamed Ould-Khaoua

Network Simulation Parameters :

Topology : 16 x 16 Express Cube with 8 Hops
Number of Nodes  : 256 
Routing : Dimension-ordered (DOR)
Traffic : Uniform Random
Message length : 32 phits
Injection Rate : 180
Transmission Time Normal  Links : 32 Cycles
Transmission Time Express Links : 32 Cycles
Batch Means Method : Yes

Please wait, Simulation has been started...

Batch N° 1 : Mean Response Time : 342.92 cycles	Mean Waiting Time : 54.76 cycles	Throughput : 1.256
Batch N° 2 : Mean Response Time : 393.02 cycles	Mean Waiting Time : 82.13 cycles	Throughput : 1.413
Batch N° 3 : Mean Response Time : 363.77 cycles	Mean Waiting Time : 64.99 cycles	Throughput : 1.400
Batch N° 4 : Mean Response Time : 368.55 cycles	Mean Waiting Time : 68.08 cycles	Throughput : 1.367
Batch N° 5 : Mean Response Time : 385.71 cycles	Mean Waiting Time : 82.16 cycles	Throughput : 1.456
Batch N° 6 : Mean Response Time : 382.16 cycles	Mean Waiting Time : 80.91 cycles	Throughput : 1.427
Batch N° 7 : Mean Response Time : 369.26 cycles	Mean Waiting Time : 66.29 cycles	Throughput : 1.390
Batch N° 8 : Mean Response Time : 375.80 cycles	Mean Waiting Time : 77.31 cycles	Throughput : 1.430
Batch N° 9 : Mean Response Time : 366.36 cycles	Mean Waiting Time : 66.65 cycles	Throughput : 1.420
Batch N°10 : Mean Response Time : 375.60 cycles	Mean Waiting Time : 73.69 cycles	Throughput : 1.432

End Of The Simulation at T= 14317.96 cycles
Injection Rate : 180
Batch Size : 2000
Number of Batches : 10
Number of Clients Served : 20000
Overall Response Time : 372.31 cycles
Overall Waiting  Time : 71.70 cycles
Overall Throughput : 1.399 
Standard Deviation Response Time : 13.84048 cycles
Standard Deviation Waiting  Time : 9.05689 cycles
Standard Deviation Throughput : 0.056041 