Simulation Starting Time 2021-08-31 06:33:05
Welcome to Network-On-Chip 2D Mesh Simulator 
This simulator was designed based on The Discrete Event Simulation.
It's a final year project to obtain the Master Degree
Student developer : Ziraoui Zakaria 
Supervisor: Prof. Mohamed Ould-Khaoua

Network Simulation Parameters :

Topology : 32 x 32 Mesh 
Number of Nodes  : 1024 
Routing : Dimension-ordered (DOR)
Traffic : Uniform Random
Message length : 32 phits
Injection Rate : 10500
Transmission Time : 32 Cycles
Batch Means Method : Yes

Please wait, Simulation has been started...

Batch N° 1 : Mean Response Time : 658.93 cycles	Mean Waiting Time : 1.87 cycles	Throughput : 0.180
Batch N° 2 : Mean Response Time : 670.80 cycles	Mean Waiting Time : 0.08 cycles	Throughput : 0.097
Batch N° 3 : Mean Response Time : 653.80 cycles	Mean Waiting Time : 0.05 cycles	Throughput : 0.099
Batch N° 4 : Mean Response Time : 656.07 cycles	Mean Waiting Time : 0.04 cycles	Throughput : 0.099
Batch N° 5 : Mean Response Time : 653.50 cycles	Mean Waiting Time : 0.14 cycles	Throughput : 0.098
Batch N° 6 : Mean Response Time : 652.76 cycles	Mean Waiting Time : 0.03 cycles	Throughput : 0.095
Batch N° 7 : Mean Response Time : 677.08 cycles	Mean Waiting Time : 0.05 cycles	Throughput : 0.098
Batch N° 8 : Mean Response Time : 663.97 cycles	Mean Waiting Time : 0.05 cycles	Throughput : 0.101
Batch N° 9 : Mean Response Time : 659.30 cycles	Mean Waiting Time : 0.09 cycles	Throughput : 0.095
Batch N°10 : Mean Response Time : 672.92 cycles	Mean Waiting Time : 0.09 cycles	Throughput : 0.095

End Of The Simulation at T= 196003.16 cycles
Injection Rate : 10500
Batch Size : 2000
Number of Batches : 10
Number of Clients Served : 20000
Overall Response Time : 661.91 cycles
Overall Waiting  Time : 0.25 cycles
Overall Throughput : 0.106 
Standard Deviation Response Time : 8.84805 cycles
Standard Deviation Waiting  Time : 0.57128 cycles
Standard Deviation Throughput : 0.026263 