Simulation Starting Time 2021-09-04 04:55:43
Welcome to Network-On-Chip ExpressCube Simulator 
This simulator was designed based on The Discrete Event Simulation.
It's a final year project to obtain the Master Degree
Student developer : Ziraoui Zakaria 
Supervisor: Prof. Mohamed Ould-Khaoua

Network Simulation Parameters :

Topology : 32 x 32 Express Cube with 4 Hops
Number of Nodes  : 1024 
Routing : Dimension-ordered (DOR)
Traffic : Hotspot [16][16]
Message length : 32 phits
Injection Rate : 200
Transmission Time Normal  Links : 96 Cycles
Transmission Time Express Links : 96 Cycles
Batch Means Method : Yes

Please wait, Simulation has been started...

Batch N° 1 : Mean Response Time : 775.46 cycles	Mean Waiting Time : 110.87 cycles	Throughput : 1.302
Batch N° 2 : Mean Response Time : 1217.76 cycles	Mean Waiting Time : 346.51 cycles	Throughput : 2.108
Batch N° 3 : Mean Response Time : 1507.23 cycles	Mean Waiting Time : 603.33 cycles	Throughput : 2.318
Batch N° 4 : Mean Response Time : 1743.15 cycles	Mean Waiting Time : 837.84 cycles	Throughput : 2.284
Batch N° 5 : Mean Response Time : 2015.91 cycles	Mean Waiting Time : 1073.51 cycles	Throughput : 2.470
Batch N° 6 : Mean Response Time : 2268.31 cycles	Mean Waiting Time : 1336.68 cycles	Throughput : 2.430
Batch N° 7 : Mean Response Time : 2411.38 cycles	Mean Waiting Time : 1473.53 cycles	Throughput : 2.428
Batch N° 8 : Mean Response Time : 2686.69 cycles	Mean Waiting Time : 1739.92 cycles	Throughput : 2.413
Batch N° 9 : Mean Response Time : 2967.72 cycles	Mean Waiting Time : 2016.93 cycles	Throughput : 2.371
Batch N°10 : Mean Response Time : 3064.81 cycles	Mean Waiting Time : 2125.89 cycles	Throughput : 2.453

End Of The Simulation at T= 9167.22 cycles
Injection Rate : 200
Batch Size : 2000
Number of Batches : 10
Number of Clients Served : 20000
Overall Response Time : 2065.84 cycles
Overall Waiting  Time : 1166.50 cycles
Overall Throughput : 2.258 
Standard Deviation Response Time : 757.19879 cycles
Standard Deviation Waiting  Time : 692.52032 cycles
Standard Deviation Throughput : 0.352601 