Simulation Starting Time 2021-08-31 05:59:19
Welcome to Network-On-Chip ExpressCube Simulator 
This simulator was designed based on The Discrete Event Simulation.
It's a final year project to obtain the Master Degree
Student developer : Ziraoui Zakaria 
Supervisor: Prof. Mohamed Ould-Khaoua

Network Simulation Parameters :

Topology : 16 x 16 Express Cube with 4 Hops
Number of Nodes  : 256 
Routing : Dimension-ordered (DOR)
Traffic : Uniform Random
Message length : 32 phits
Injection Rate : 150
Transmission Time Normal  Links : 32 Cycles
Transmission Time Express Links : 32 Cycles
Batch Means Method : Yes

Please wait, Simulation has been started...

Batch N° 1 : Mean Response Time : 231.38 cycles	Mean Waiting Time : 25.98 cycles	Throughput : 1.524
Batch N° 2 : Mean Response Time : 279.29 cycles	Mean Waiting Time : 57.72 cycles	Throughput : 1.702
Batch N° 3 : Mean Response Time : 281.94 cycles	Mean Waiting Time : 59.61 cycles	Throughput : 1.699
Batch N° 4 : Mean Response Time : 304.80 cycles	Mean Waiting Time : 81.09 cycles	Throughput : 1.605
Batch N° 5 : Mean Response Time : 320.26 cycles	Mean Waiting Time : 92.02 cycles	Throughput : 1.688
Batch N° 6 : Mean Response Time : 333.57 cycles	Mean Waiting Time : 106.41 cycles	Throughput : 1.688
Batch N° 7 : Mean Response Time : 361.75 cycles	Mean Waiting Time : 132.47 cycles	Throughput : 1.740
Batch N° 8 : Mean Response Time : 326.11 cycles	Mean Waiting Time : 101.66 cycles	Throughput : 1.677
Batch N° 9 : Mean Response Time : 363.43 cycles	Mean Waiting Time : 138.56 cycles	Throughput : 1.769
Batch N°10 : Mean Response Time : 359.67 cycles	Mean Waiting Time : 137.46 cycles	Throughput : 1.722

End Of The Simulation at T= 11912.88 cycles
Injection Rate : 150
Batch Size : 2000
Number of Batches : 10
Number of Clients Served : 20000
Overall Response Time : 316.22 cycles
Overall Waiting  Time : 93.30 cycles
Overall Throughput : 1.682 
Standard Deviation Response Time : 42.78119 cycles
Standard Deviation Waiting  Time : 37.79880 cycles
Standard Deviation Throughput : 0.069942 