Simulation Starting Time 2021-08-31 05:56:04
Welcome to Network-On-Chip 2D Mesh Simulator 
This simulator was designed based on The Discrete Event Simulation.
It's a final year project to obtain the Master Degree
Student developer : Ziraoui Zakaria 
Supervisor: Prof. Mohamed Ould-Khaoua

Network Simulation Parameters :

Topology : 16 x 16 Mesh 
Number of Nodes  : 256 
Routing : Dimension-ordered (DOR)
Traffic : Uniform Random
Message length : 32 phits
Injection Rate : 80
Transmission Time : 32 Cycles
Batch Means Method : Yes

Please wait, Simulation has been started...

Batch N° 1 : Mean Response Time : 478.27 cycles	Mean Waiting Time : 175.19 cycles	Throughput : 1.389
Batch N° 2 : Mean Response Time : 887.00 cycles	Mean Waiting Time : 542.04 cycles	Throughput : 1.786
Batch N° 3 : Mean Response Time : 1210.26 cycles	Mean Waiting Time : 866.18 cycles	Throughput : 1.786
Batch N° 4 : Mean Response Time : 1590.93 cycles	Mean Waiting Time : 1243.00 cycles	Throughput : 1.838
Batch N° 5 : Mean Response Time : 1860.91 cycles	Mean Waiting Time : 1516.58 cycles	Throughput : 1.894
Batch N° 6 : Mean Response Time : 2126.38 cycles	Mean Waiting Time : 1783.82 cycles	Throughput : 1.915
Batch N° 7 : Mean Response Time : 2504.83 cycles	Mean Waiting Time : 2160.05 cycles	Throughput : 1.960
Batch N° 8 : Mean Response Time : 2757.41 cycles	Mean Waiting Time : 2413.01 cycles	Throughput : 1.868
Batch N° 9 : Mean Response Time : 2973.48 cycles	Mean Waiting Time : 2632.73 cycles	Throughput : 1.894
Batch N°10 : Mean Response Time : 3255.78 cycles	Mean Waiting Time : 2913.26 cycles	Throughput : 1.859

End Of The Simulation at T= 11091.97 cycles
Injection Rate : 80
Batch Size : 2000
Number of Batches : 10
Number of Clients Served : 20000
Overall Response Time : 1964.53 cycles
Overall Waiting  Time : 1624.59 cycles
Overall Throughput : 1.819 
Standard Deviation Response Time : 926.24500 cycles
Standard Deviation Waiting  Time : 919.89423 cycles
Standard Deviation Throughput : 0.160464 