Simulation Starting Time 2021-09-04 04:20:26
Welcome to Network-On-Chip ExpressCube Simulator 
This simulator was designed based on The Discrete Event Simulation.
It's a final year project to obtain the Master Degree
Student developer : Ziraoui Zakaria 
Supervisor: Prof. Mohamed Ould-Khaoua

Network Simulation Parameters :

Topology : 16 x 16 Express Cube with 2 Hops
Number of Nodes  : 256 
Routing : Dimension-ordered (DOR)
Traffic : Hotspot [8][8]
Message length : 32 phits
Injection Rate : 50
Transmission Time Normal  Links : 64 Cycles
Transmission Time Express Links : 64 Cycles
Batch Means Method : Yes

Please wait, Simulation has been started...

Batch N° 1 : Mean Response Time : 857.55 cycles	Mean Waiting Time : 457.14 cycles	Throughput : 0.919
Batch N° 2 : Mean Response Time : 1915.25 cycles	Mean Waiting Time : 1461.71 cycles	Throughput : 1.116
Batch N° 3 : Mean Response Time : 2967.46 cycles	Mean Waiting Time : 2494.85 cycles	Throughput : 1.116
Batch N° 4 : Mean Response Time : 3902.19 cycles	Mean Waiting Time : 3440.05 cycles	Throughput : 1.157
Batch N° 5 : Mean Response Time : 4838.08 cycles	Mean Waiting Time : 4383.73 cycles	Throughput : 1.155
Batch N° 6 : Mean Response Time : 5839.44 cycles	Mean Waiting Time : 5374.35 cycles	Throughput : 1.118
Batch N° 7 : Mean Response Time : 6840.05 cycles	Mean Waiting Time : 6382.64 cycles	Throughput : 1.157
Batch N° 8 : Mean Response Time : 7862.86 cycles	Mean Waiting Time : 7392.34 cycles	Throughput : 1.126
Batch N° 9 : Mean Response Time : 8761.20 cycles	Mean Waiting Time : 8292.36 cycles	Throughput : 1.126
Batch N°10 : Mean Response Time : 9809.97 cycles	Mean Waiting Time : 9333.83 cycles	Throughput : 1.137

End Of The Simulation at T= 18048.00 cycles
Injection Rate : 50
Batch Size : 2000
Number of Batches : 10
Number of Clients Served : 20000
Overall Response Time : 5359.40 cycles
Overall Waiting  Time : 4901.30 cycles
Overall Throughput : 1.113 
Standard Deviation Response Time : 2987.29541 cycles
Standard Deviation Waiting  Time : 2972.94336 cycles
Standard Deviation Throughput : 0.070141 