Simulation Starting Time 2021-08-31 07:13:58
Welcome to Network-On-Chip ExpressCube Simulator 
This simulator was designed based on The Discrete Event Simulation.
It's a final year project to obtain the Master Degree
Student developer : Ziraoui Zakaria 
Supervisor: Prof. Mohamed Ould-Khaoua

Network Simulation Parameters :

Topology : 16 x 16 Express Cube with 8 Hops
Number of Nodes  : 256 
Routing : Dimension-ordered (DOR)
Traffic : Uniform Random
Message length : 32 phits
Injection Rate : 350
Transmission Time Normal  Links : 32 Cycles
Transmission Time Express Links : 32 Cycles
Batch Means Method : Yes

Please wait, Simulation has been started...

Batch N° 1 : Mean Response Time : 297.02 cycles	Mean Waiting Time : 10.22 cycles	Throughput : 0.772
Batch N° 2 : Mean Response Time : 291.66 cycles	Mean Waiting Time : 7.18 cycles	Throughput : 0.750
Batch N° 3 : Mean Response Time : 295.36 cycles	Mean Waiting Time : 8.41 cycles	Throughput : 0.739
Batch N° 4 : Mean Response Time : 294.35 cycles	Mean Waiting Time : 7.08 cycles	Throughput : 0.751
Batch N° 5 : Mean Response Time : 292.11 cycles	Mean Waiting Time : 7.75 cycles	Throughput : 0.717
Batch N° 6 : Mean Response Time : 295.48 cycles	Mean Waiting Time : 9.07 cycles	Throughput : 0.752
Batch N° 7 : Mean Response Time : 297.61 cycles	Mean Waiting Time : 7.67 cycles	Throughput : 0.725
Batch N° 8 : Mean Response Time : 291.96 cycles	Mean Waiting Time : 8.32 cycles	Throughput : 0.735
Batch N° 9 : Mean Response Time : 297.60 cycles	Mean Waiting Time : 8.01 cycles	Throughput : 0.742
Batch N°10 : Mean Response Time : 295.22 cycles	Mean Waiting Time : 9.13 cycles	Throughput : 0.737

End Of The Simulation at T= 26960.52 cycles
Injection Rate : 350
Batch Size : 2000
Number of Batches : 10
Number of Clients Served : 20000
Overall Response Time : 294.84 cycles
Overall Waiting  Time : 8.28 cycles
Overall Throughput : 0.742 
Standard Deviation Response Time : 2.28362 cycles
Standard Deviation Waiting  Time : 0.97296 cycles
Standard Deviation Throughput : 0.015347 