Simulation Starting Time 2021-09-02 06:38:17
Welcome to Network-On-Chip ExpressCube Simulator 
This simulator was designed based on The Discrete Event Simulation.
It's a final year project to obtain the Master Degree
Student developer : Ziraoui Zakaria 
Supervisor: Prof. Mohamed Ould-Khaoua

Network Simulation Parameters :

Topology : 32 x 32 Express Cube with 2 Hops
Number of Nodes  : 1024 
Routing : Dimension-ordered (DOR)
Traffic : Uniform Random
Message length : 32 phits
Injection Rate : 9200
Transmission Time Normal  Links : 64 Cycles
Transmission Time Express Links : 64 Cycles
Batch Means Method : Yes

Please wait, Simulation has been started...

Batch N° 1 : Mean Response Time : 799.97 cycles	Mean Waiting Time : 24.16 cycles	Throughput : 0.222
Batch N° 2 : Mean Response Time : 767.68 cycles	Mean Waiting Time : 0.44 cycles	Throughput : 0.114
Batch N° 3 : Mean Response Time : 749.05 cycles	Mean Waiting Time : 0.56 cycles	Throughput : 0.113
Batch N° 4 : Mean Response Time : 763.84 cycles	Mean Waiting Time : 0.44 cycles	Throughput : 0.111
Batch N° 5 : Mean Response Time : 747.15 cycles	Mean Waiting Time : 0.18 cycles	Throughput : 0.114
Batch N° 6 : Mean Response Time : 755.84 cycles	Mean Waiting Time : 0.36 cycles	Throughput : 0.108
Batch N° 7 : Mean Response Time : 745.58 cycles	Mean Waiting Time : 0.24 cycles	Throughput : 0.113
Batch N° 8 : Mean Response Time : 759.87 cycles	Mean Waiting Time : 0.37 cycles	Throughput : 0.110
Batch N° 9 : Mean Response Time : 758.36 cycles	Mean Waiting Time : 0.52 cycles	Throughput : 0.109
Batch N°10 : Mean Response Time : 744.72 cycles	Mean Waiting Time : 0.21 cycles	Throughput : 0.112

End Of The Simulation at T= 170165.14 cycles
Injection Rate : 9200
Batch Size : 2000
Number of Batches : 10
Number of Clients Served : 20000
Overall Response Time : 759.20 cycles
Overall Waiting  Time : 2.75 cycles
Overall Throughput : 0.123 
Standard Deviation Response Time : 16.36934 cycles
Standard Deviation Waiting  Time : 7.52605 cycles
Standard Deviation Throughput : 0.035043 