Simulation Starting Time 2021-08-31 05:57:46
Welcome to Network-On-Chip ExpressCube Simulator 
This simulator was designed based on The Discrete Event Simulation.
It's a final year project to obtain the Master Degree
Student developer : Ziraoui Zakaria 
Supervisor: Prof. Mohamed Ould-Khaoua

Network Simulation Parameters :

Topology : 16 x 16 Express Cube with 2 Hops
Number of Nodes  : 256 
Routing : Dimension-ordered (DOR)
Traffic : Uniform Random
Message length : 32 phits
Injection Rate : 32000
Transmission Time Normal  Links : 32 Cycles
Transmission Time Express Links : 32 Cycles
Batch Means Method : Yes

Please wait, Simulation has been started...

Batch N° 1 : Mean Response Time : 208.73 cycles	Mean Waiting Time : 0.91 cycles	Throughput : 0.009
Batch N° 2 : Mean Response Time : 202.55 cycles	Mean Waiting Time : 0.00 cycles	Throughput : 0.008
Batch N° 3 : Mean Response Time : 205.54 cycles	Mean Waiting Time : 0.02 cycles	Throughput : 0.008
Batch N° 4 : Mean Response Time : 206.65 cycles	Mean Waiting Time : 0.02 cycles	Throughput : 0.008
Batch N° 5 : Mean Response Time : 203.81 cycles	Mean Waiting Time : 0.00 cycles	Throughput : 0.008
Batch N° 6 : Mean Response Time : 204.44 cycles	Mean Waiting Time : 0.02 cycles	Throughput : 0.008
Batch N° 7 : Mean Response Time : 202.96 cycles	Mean Waiting Time : 0.02 cycles	Throughput : 0.008
Batch N° 8 : Mean Response Time : 203.62 cycles	Mean Waiting Time : 0.04 cycles	Throughput : 0.008
Batch N° 9 : Mean Response Time : 202.50 cycles	Mean Waiting Time : 0.02 cycles	Throughput : 0.008
Batch N°10 : Mean Response Time : 203.05 cycles	Mean Waiting Time : 0.04 cycles	Throughput : 0.008

End Of The Simulation at T= 2449776.00 cycles
Injection Rate : 32000
Batch Size : 2000
Number of Batches : 10
Number of Clients Served : 20000
Overall Response Time : 204.38 cycles
Overall Waiting  Time : 0.11 cycles
Overall Throughput : 0.008 
Standard Deviation Response Time : 2.02635 cycles
Standard Deviation Waiting  Time : 0.28349 cycles
Standard Deviation Throughput : 0.000459 