Simulation Starting Time 2021-09-04 04:56:49
Welcome to Network-On-Chip ExpressCube Simulator 
This simulator was designed based on The Discrete Event Simulation.
It's a final year project to obtain the Master Degree
Student developer : Ziraoui Zakaria 
Supervisor: Prof. Mohamed Ould-Khaoua

Network Simulation Parameters :

Topology : 32 x 32 Express Cube with 4 Hops
Number of Nodes  : 1024 
Routing : Dimension-ordered (DOR)
Traffic : Hotspot [16][16]
Message length : 32 phits
Injection Rate : 160
Transmission Time Normal  Links : 96 Cycles
Transmission Time Express Links : 96 Cycles
Batch Means Method : Yes

Please wait, Simulation has been started...

Batch N° 1 : Mean Response Time : 793.65 cycles	Mean Waiting Time : 119.74 cycles	Throughput : 1.302
Batch N° 2 : Mean Response Time : 1251.86 cycles	Mean Waiting Time : 409.57 cycles	Throughput : 2.315
Batch N° 3 : Mean Response Time : 1586.00 cycles	Mean Waiting Time : 702.96 cycles	Throughput : 2.315
Batch N° 4 : Mean Response Time : 1894.51 cycles	Mean Waiting Time : 979.42 cycles	Throughput : 2.315
Batch N° 5 : Mean Response Time : 2108.00 cycles	Mean Waiting Time : 1211.21 cycles	Throughput : 2.491
Batch N° 6 : Mean Response Time : 2356.41 cycles	Mean Waiting Time : 1452.85 cycles	Throughput : 2.412
Batch N° 7 : Mean Response Time : 2666.55 cycles	Mean Waiting Time : 1729.08 cycles	Throughput : 2.604
Batch N° 8 : Mean Response Time : 2913.37 cycles	Mean Waiting Time : 1983.45 cycles	Throughput : 2.499
Batch N° 9 : Mean Response Time : 3145.84 cycles	Mean Waiting Time : 2224.77 cycles	Throughput : 2.464
Batch N°10 : Mean Response Time : 3486.77 cycles	Mean Waiting Time : 2555.69 cycles	Throughput : 2.539

End Of The Simulation at T= 8928.00 cycles
Injection Rate : 160
Batch Size : 2000
Number of Batches : 10
Number of Clients Served : 20000
Overall Response Time : 2220.29 cycles
Overall Waiting  Time : 1336.87 cycles
Overall Throughput : 2.326 
Standard Deviation Response Time : 859.77112 cycles
Standard Deviation Waiting  Time : 799.02264 cycles
Standard Deviation Throughput : 0.373398 