Simulation Starting Time 2021-09-04 04:21:28
Welcome to Network-On-Chip ExpressCube Simulator 
This simulator was designed based on The Discrete Event Simulation.
It's a final year project to obtain the Master Degree
Student developer : Ziraoui Zakaria 
Supervisor: Prof. Mohamed Ould-Khaoua

Network Simulation Parameters :

Topology : 16 x 16 Express Cube with 4 Hops
Number of Nodes  : 256 
Routing : Dimension-ordered (DOR)
Traffic : Hotspot [8][8]
Message length : 32 phits
Injection Rate : 150
Transmission Time Normal  Links : 96 Cycles
Transmission Time Express Links : 96 Cycles
Batch Means Method : Yes

Please wait, Simulation has been started...

Batch N° 1 : Mean Response Time : 876.25 cycles	Mean Waiting Time : 295.30 cycles	Throughput : 0.718
Batch N° 2 : Mean Response Time : 1489.87 cycles	Mean Waiting Time : 825.84 cycles	Throughput : 0.934
Batch N° 3 : Mean Response Time : 1980.93 cycles	Mean Waiting Time : 1308.36 cycles	Throughput : 0.960
Batch N° 4 : Mean Response Time : 2383.04 cycles	Mean Waiting Time : 1716.99 cycles	Throughput : 0.986
Batch N° 5 : Mean Response Time : 2916.98 cycles	Mean Waiting Time : 2223.24 cycles	Throughput : 0.953
Batch N° 6 : Mean Response Time : 3208.44 cycles	Mean Waiting Time : 2519.51 cycles	Throughput : 0.994
Batch N° 7 : Mean Response Time : 3621.96 cycles	Mean Waiting Time : 2931.45 cycles	Throughput : 0.985
Batch N° 8 : Mean Response Time : 3980.99 cycles	Mean Waiting Time : 3297.66 cycles	Throughput : 0.991
Batch N° 9 : Mean Response Time : 4335.68 cycles	Mean Waiting Time : 3644.47 cycles	Throughput : 0.985
Batch N°10 : Mean Response Time : 4671.66 cycles	Mean Waiting Time : 3985.84 cycles	Throughput : 0.955

End Of The Simulation at T= 21323.86 cycles
Injection Rate : 150
Batch Size : 2000
Number of Batches : 10
Number of Clients Served : 20000
Overall Response Time : 2946.58 cycles
Overall Waiting  Time : 2274.87 cycles
Overall Throughput : 0.946 
Standard Deviation Response Time : 1254.30017 cycles
Standard Deviation Waiting  Time : 1229.57520 cycles
Standard Deviation Throughput : 0.082426 