Simulation Starting Time 2021-09-01 06:08:36
Welcome to Network-On-Chip ExpressCube Simulator 
This simulator was designed based on The Discrete Event Simulation.
It's a final year project to obtain the Master Degree
Student developer : Ziraoui Zakaria 
Supervisor: Prof. Mohamed Ould-Khaoua

Network Simulation Parameters :

Topology : 16 x 16 Express Cube with 8 Hops
Number of Nodes  : 256 
Routing : Dimension-ordered (DOR)
Traffic : Hotspot [8][8]
Message length : 32 phits
Injection Rate : 160
Transmission Time Normal  Links : 32 Cycles
Transmission Time Express Links : 32 Cycles
Batch Means Method : Yes

Please wait, Simulation has been started...

Batch N° 1 : Mean Response Time : 350.28 cycles	Mean Waiting Time : 74.70 cycles	Throughput : 1.202
Batch N° 2 : Mean Response Time : 464.73 cycles	Mean Waiting Time : 167.06 cycles	Throughput : 1.302
Batch N° 3 : Mean Response Time : 568.03 cycles	Mean Waiting Time : 270.26 cycles	Throughput : 1.299
Batch N° 4 : Mean Response Time : 671.82 cycles	Mean Waiting Time : 373.63 cycles	Throughput : 1.339
Batch N° 5 : Mean Response Time : 717.87 cycles	Mean Waiting Time : 420.89 cycles	Throughput : 1.337
Batch N° 6 : Mean Response Time : 860.73 cycles	Mean Waiting Time : 561.75 cycles	Throughput : 1.293
Batch N° 7 : Mean Response Time : 901.43 cycles	Mean Waiting Time : 598.21 cycles	Throughput : 1.338
Batch N° 8 : Mean Response Time : 919.55 cycles	Mean Waiting Time : 616.82 cycles	Throughput : 1.376
Batch N° 9 : Mean Response Time : 980.62 cycles	Mean Waiting Time : 688.02 cycles	Throughput : 1.364
Batch N°10 : Mean Response Time : 977.53 cycles	Mean Waiting Time : 678.42 cycles	Throughput : 1.428

End Of The Simulation at T= 15090.34 cycles
Injection Rate : 160
Batch Size : 2000
Number of Batches : 10
Number of Clients Served : 20000
Overall Response Time : 741.26 cycles
Overall Waiting  Time : 444.97 cycles
Overall Throughput : 1.328 
Standard Deviation Response Time : 223.49377 cycles
Standard Deviation Waiting  Time : 218.77110 cycles
Standard Deviation Throughput : 0.060085 