Simulation Starting Time 2021-09-01 06:05:13
Welcome to Network-On-Chip 2D Mesh Simulator 
This simulator was designed based on The Discrete Event Simulation.
It's a final year project to obtain the Master Degree
Student developer : Ziraoui Zakaria 
Supervisor: Prof. Mohamed Ould-Khaoua

Network Simulation Parameters :

Topology : 16 x 16 Mesh 
Number of Nodes  : 256 
Routing : Dimension-ordered (DOR)
Traffic : Hotspot [8][8]
Message length : 32 phits
Injection Rate : 160
Transmission Time : 32 Cycles
Batch Means Method : Yes

Please wait, Simulation has been started...

Batch N° 1 : Mean Response Time : 441.70 cycles	Mean Waiting Time : 117.55 cycles	Throughput : 1.076
Batch N° 2 : Mean Response Time : 621.27 cycles	Mean Waiting Time : 269.81 cycles	Throughput : 1.278
Batch N° 3 : Mean Response Time : 707.20 cycles	Mean Waiting Time : 358.24 cycles	Throughput : 1.302
Batch N° 4 : Mean Response Time : 856.34 cycles	Mean Waiting Time : 504.64 cycles	Throughput : 1.252
Batch N° 5 : Mean Response Time : 978.20 cycles	Mean Waiting Time : 628.11 cycles	Throughput : 1.317
Batch N° 6 : Mean Response Time : 1077.59 cycles	Mean Waiting Time : 727.25 cycles	Throughput : 1.313
Batch N° 7 : Mean Response Time : 1157.14 cycles	Mean Waiting Time : 806.47 cycles	Throughput : 1.303
Batch N° 8 : Mean Response Time : 1241.36 cycles	Mean Waiting Time : 892.35 cycles	Throughput : 1.278
Batch N° 9 : Mean Response Time : 1388.24 cycles	Mean Waiting Time : 1041.43 cycles	Throughput : 1.288
Batch N°10 : Mean Response Time : 1502.38 cycles	Mean Waiting Time : 1157.07 cycles	Throughput : 1.281

End Of The Simulation at T= 15812.83 cycles
Injection Rate : 160
Batch Size : 2000
Number of Batches : 10
Number of Clients Served : 20000
Overall Response Time : 997.14 cycles
Overall Waiting  Time : 650.29 cycles
Overall Throughput : 1.269 
Standard Deviation Response Time : 342.21143 cycles
Standard Deviation Waiting  Time : 339.00220 cycles
Standard Deviation Throughput : 0.070575 