Simulation Starting Time 2021-08-31 05:29:08
Welcome to Network-On-Chip 2D Mesh Simulator 
This simulator was designed based on The Discrete Event Simulation.
It's a final year project to obtain the Master Degree
Student developer : Ziraoui Zakaria 
Supervisor: Prof. Mohamed Ould-Khaoua

Network Simulation Parameters :

Topology : 8 x 8 Mesh 
Number of Nodes  : 64 
Routing : Dimension-ordered (DOR)
Traffic : Uniform Random
Message length : 32 phits
Injection Rate : 80
Transmission Time : 32 Cycles
Batch Means Method : Yes

Please wait, Simulation has been started...

Batch N° 1 : Mean Response Time : 354.21 cycles	Mean Waiting Time : 171.29 cycles	Throughput : 0.679
Batch N° 2 : Mean Response Time : 556.49 cycles	Mean Waiting Time : 367.59 cycles	Throughput : 0.742
Batch N° 3 : Mean Response Time : 740.77 cycles	Mean Waiting Time : 550.10 cycles	Throughput : 0.749
Batch N° 4 : Mean Response Time : 868.60 cycles	Mean Waiting Time : 678.30 cycles	Throughput : 0.725
Batch N° 5 : Mean Response Time : 996.94 cycles	Mean Waiting Time : 805.48 cycles	Throughput : 0.750
Batch N° 6 : Mean Response Time : 1116.58 cycles	Mean Waiting Time : 922.97 cycles	Throughput : 0.752
Batch N° 7 : Mean Response Time : 1211.33 cycles	Mean Waiting Time : 1020.86 cycles	Throughput : 0.769
Batch N° 8 : Mean Response Time : 1337.51 cycles	Mean Waiting Time : 1145.04 cycles	Throughput : 0.765
Batch N° 9 : Mean Response Time : 1405.25 cycles	Mean Waiting Time : 1209.99 cycles	Throughput : 0.747
Batch N°10 : Mean Response Time : 1607.75 cycles	Mean Waiting Time : 1415.40 cycles	Throughput : 0.747

End Of The Simulation at T= 26969.92 cycles
Injection Rate : 80
Batch Size : 2000
Number of Batches : 10
Number of Clients Served : 20000
Overall Response Time : 1019.54 cycles
Overall Waiting  Time : 828.70 cycles
Overall Throughput : 0.742 
Standard Deviation Response Time : 394.42694 cycles
Standard Deviation Waiting  Time : 391.73013 cycles
Standard Deviation Throughput : 0.025261 