Simulation Starting Time 2021-09-01 06:06:30
Welcome to Network-On-Chip ExpressCube Simulator 
This simulator was designed based on The Discrete Event Simulation.
It's a final year project to obtain the Master Degree
Student developer : Ziraoui Zakaria 
Supervisor: Prof. Mohamed Ould-Khaoua

Network Simulation Parameters :

Topology : 16 x 16 Express Cube with 2 Hops
Number of Nodes  : 256 
Routing : Dimension-ordered (DOR)
Traffic : Hotspot [8][8]
Message length : 32 phits
Injection Rate : 90
Transmission Time Normal  Links : 32 Cycles
Transmission Time Express Links : 32 Cycles
Batch Means Method : Yes

Please wait, Simulation has been started...

Batch N° 1 : Mean Response Time : 326.23 cycles	Mean Waiting Time : 108.29 cycles	Throughput : 1.603
Batch N° 2 : Mean Response Time : 556.18 cycles	Mean Waiting Time : 316.15 cycles	Throughput : 1.908
Batch N° 3 : Mean Response Time : 710.31 cycles	Mean Waiting Time : 471.41 cycles	Throughput : 1.925
Batch N° 4 : Mean Response Time : 880.76 cycles	Mean Waiting Time : 631.48 cycles	Throughput : 1.907
Batch N° 5 : Mean Response Time : 1054.91 cycles	Mean Waiting Time : 805.16 cycles	Throughput : 1.920
Batch N° 6 : Mean Response Time : 1200.51 cycles	Mean Waiting Time : 953.33 cycles	Throughput : 2.009
Batch N° 7 : Mean Response Time : 1382.37 cycles	Mean Waiting Time : 1138.20 cycles	Throughput : 1.958
Batch N° 8 : Mean Response Time : 1510.86 cycles	Mean Waiting Time : 1268.77 cycles	Throughput : 1.975
Batch N° 9 : Mean Response Time : 1753.81 cycles	Mean Waiting Time : 1505.46 cycles	Throughput : 1.970
Batch N°10 : Mean Response Time : 1936.33 cycles	Mean Waiting Time : 1688.74 cycles	Throughput : 1.991

End Of The Simulation at T= 10475.40 cycles
Injection Rate : 90
Batch Size : 2000
Number of Batches : 10
Number of Clients Served : 20000
Overall Response Time : 1131.23 cycles
Overall Waiting  Time : 888.70 cycles
Overall Throughput : 1.916 
Standard Deviation Response Time : 524.10968 cycles
Standard Deviation Waiting  Time : 518.05981 cycles
Standard Deviation Throughput : 0.115910 