Simulation Starting Time 2021-08-31 07:03:52
Welcome to Network-On-Chip ExpressCube Simulator 
This simulator was designed based on The Discrete Event Simulation.
It's a final year project to obtain the Master Degree
Student developer : Ziraoui Zakaria 
Supervisor: Prof. Mohamed Ould-Khaoua

Network Simulation Parameters :

Topology : 32 x 32 Express Cube with 8 Hops
Number of Nodes  : 1024 
Routing : Dimension-ordered (DOR)
Traffic : Uniform Random
Message length : 32 phits
Injection Rate : 80
Transmission Time Normal  Links : 32 Cycles
Transmission Time Express Links : 32 Cycles
Batch Means Method : Yes

Please wait, Simulation has been started...

Batch N° 1 : Mean Response Time : 285.85 cycles	Mean Waiting Time : 36.02 cycles	Throughput : 3.489
Batch N° 2 : Mean Response Time : 445.16 cycles	Mean Waiting Time : 116.68 cycles	Throughput : 6.841
Batch N° 3 : Mean Response Time : 546.16 cycles	Mean Waiting Time : 195.97 cycles	Throughput : 6.982
Batch N° 4 : Mean Response Time : 624.25 cycles	Mean Waiting Time : 269.18 cycles	Throughput : 6.998
Batch N° 5 : Mean Response Time : 694.40 cycles	Mean Waiting Time : 340.77 cycles	Throughput : 7.467
Batch N° 6 : Mean Response Time : 759.42 cycles	Mean Waiting Time : 400.40 cycles	Throughput : 7.410
Batch N° 7 : Mean Response Time : 832.98 cycles	Mean Waiting Time : 472.79 cycles	Throughput : 7.461
Batch N° 8 : Mean Response Time : 897.96 cycles	Mean Waiting Time : 537.99 cycles	Throughput : 7.513
Batch N° 9 : Mean Response Time : 949.64 cycles	Mean Waiting Time : 592.64 cycles	Throughput : 7.366
Batch N°10 : Mean Response Time : 1031.56 cycles	Mean Waiting Time : 670.23 cycles	Throughput : 7.635

End Of The Simulation at T= 3043.25 cycles
Injection Rate : 80
Batch Size : 2000
Number of Batches : 10
Number of Clients Served : 20000
Overall Response Time : 706.74 cycles
Overall Waiting  Time : 363.27 cycles
Overall Throughput : 6.916 
Standard Deviation Response Time : 235.25566 cycles
Standard Deviation Waiting  Time : 209.75668 cycles
Standard Deviation Throughput : 1.232890 