Simulation Starting Time 2021-08-31 07:00:41
Welcome to Network-On-Chip ExpressCube Simulator 
This simulator was designed based on The Discrete Event Simulation.
It's a final year project to obtain the Master Degree
Student developer : Ziraoui Zakaria 
Supervisor: Prof. Mohamed Ould-Khaoua

Network Simulation Parameters :

Topology : 32 x 32 Express Cube with 8 Hops
Number of Nodes  : 1024 
Routing : Dimension-ordered (DOR)
Traffic : Uniform Random
Message length : 32 phits
Injection Rate : 350
Transmission Time Normal  Links : 32 Cycles
Transmission Time Express Links : 32 Cycles
Batch Means Method : Yes

Please wait, Simulation has been started...

Batch N° 1 : Mean Response Time : 319.56 cycles	Mean Waiting Time : 14.31 cycles	Throughput : 2.639
Batch N° 2 : Mean Response Time : 442.09 cycles	Mean Waiting Time : 31.63 cycles	Throughput : 2.881
Batch N° 3 : Mean Response Time : 440.49 cycles	Mean Waiting Time : 32.76 cycles	Throughput : 2.956
Batch N° 4 : Mean Response Time : 415.72 cycles	Mean Waiting Time : 25.88 cycles	Throughput : 2.899
Batch N° 5 : Mean Response Time : 422.60 cycles	Mean Waiting Time : 24.52 cycles	Throughput : 2.926
Batch N° 6 : Mean Response Time : 423.23 cycles	Mean Waiting Time : 26.52 cycles	Throughput : 2.956
Batch N° 7 : Mean Response Time : 434.60 cycles	Mean Waiting Time : 33.85 cycles	Throughput : 3.045
Batch N° 8 : Mean Response Time : 427.06 cycles	Mean Waiting Time : 34.48 cycles	Throughput : 2.961
Batch N° 9 : Mean Response Time : 434.44 cycles	Mean Waiting Time : 33.21 cycles	Throughput : 2.954
Batch N°10 : Mean Response Time : 436.46 cycles	Mean Waiting Time : 30.75 cycles	Throughput : 2.988

End Of The Simulation at T= 6857.67 cycles
Injection Rate : 350
Batch Size : 2000
Number of Batches : 10
Number of Clients Served : 20000
Overall Response Time : 419.62 cycles
Overall Waiting  Time : 28.79 cycles
Overall Throughput : 2.920 
Standard Deviation Response Time : 36.16552 cycles
Standard Deviation Waiting  Time : 6.20672 cycles
Standard Deviation Throughput : 0.108717 