Simulation Starting Time 2021-09-02 05:21:11
Welcome to Network-On-Chip ExpressCube Simulator 
This simulator was designed based on The Discrete Event Simulation.
It's a final year project to obtain the Master Degree
Student developer : Ziraoui Zakaria 
Supervisor: Prof. Mohamed Ould-Khaoua

Network Simulation Parameters :

Topology : 8 x 8 Express Cube with 2 Hops
Number of Nodes  : 64 
Routing : Dimension-ordered (DOR)
Traffic : Uniform Random
Message length : 32 phits
Injection Rate : 32000
Transmission Time Normal  Links : 64 Cycles
Transmission Time Express Links : 64 Cycles
Batch Means Method : Yes

Please wait, Simulation has been started...

Batch N° 1 : Mean Response Time : 232.86 cycles	Mean Waiting Time : 0.12 cycles	Throughput : 0.002
Batch N° 2 : Mean Response Time : 230.93 cycles	Mean Waiting Time : 0.05 cycles	Throughput : 0.002
Batch N° 3 : Mean Response Time : 228.51 cycles	Mean Waiting Time : 0.14 cycles	Throughput : 0.002
Batch N° 4 : Mean Response Time : 229.77 cycles	Mean Waiting Time : 0.02 cycles	Throughput : 0.002
Batch N° 5 : Mean Response Time : 226.82 cycles	Mean Waiting Time : 0.11 cycles	Throughput : 0.002
Batch N° 6 : Mean Response Time : 229.50 cycles	Mean Waiting Time : 0.12 cycles	Throughput : 0.002
Batch N° 7 : Mean Response Time : 228.15 cycles	Mean Waiting Time : 0.08 cycles	Throughput : 0.002
Batch N° 8 : Mean Response Time : 230.81 cycles	Mean Waiting Time : 0.16 cycles	Throughput : 0.002
Batch N° 9 : Mean Response Time : 227.96 cycles	Mean Waiting Time : 0.03 cycles	Throughput : 0.002
Batch N°10 : Mean Response Time : 230.46 cycles	Mean Waiting Time : 0.07 cycles	Throughput : 0.002

End Of The Simulation at T= 10084586.00 cycles
Injection Rate : 32000
Batch Size : 2000
Number of Batches : 10
Number of Clients Served : 20000
Overall Response Time : 229.58 cycles
Overall Waiting  Time : 0.09 cycles
Overall Throughput : 0.002 
Standard Deviation Response Time : 1.77496 cycles
Standard Deviation Waiting  Time : 0.04816 cycles
Standard Deviation Throughput : 0.000055 