Simulation Starting Time 2021-08-31 05:29:04
Welcome to Network-On-Chip 2D Mesh Simulator 
This simulator was designed based on The Discrete Event Simulation.
It's a final year project to obtain the Master Degree
Student developer : Ziraoui Zakaria 
Supervisor: Prof. Mohamed Ould-Khaoua

Network Simulation Parameters :

Topology : 8 x 8 Mesh 
Number of Nodes  : 64 
Routing : Dimension-ordered (DOR)
Traffic : Uniform Random
Message length : 32 phits
Injection Rate : 180
Transmission Time : 32 Cycles
Batch Means Method : Yes

Please wait, Simulation has been started...

Batch N° 1 : Mean Response Time : 175.78 cycles	Mean Waiting Time : 13.05 cycles	Throughput : 0.355
Batch N° 2 : Mean Response Time : 181.17 cycles	Mean Waiting Time : 14.69 cycles	Throughput : 0.367
Batch N° 3 : Mean Response Time : 184.57 cycles	Mean Waiting Time : 14.67 cycles	Throughput : 0.350
Batch N° 4 : Mean Response Time : 180.37 cycles	Mean Waiting Time : 13.28 cycles	Throughput : 0.364
Batch N° 5 : Mean Response Time : 178.88 cycles	Mean Waiting Time : 13.02 cycles	Throughput : 0.359
Batch N° 6 : Mean Response Time : 179.07 cycles	Mean Waiting Time : 13.55 cycles	Throughput : 0.359
Batch N° 7 : Mean Response Time : 182.40 cycles	Mean Waiting Time : 13.83 cycles	Throughput : 0.354
Batch N° 8 : Mean Response Time : 182.52 cycles	Mean Waiting Time : 11.90 cycles	Throughput : 0.344
Batch N° 9 : Mean Response Time : 177.72 cycles	Mean Waiting Time : 13.27 cycles	Throughput : 0.354
Batch N°10 : Mean Response Time : 182.27 cycles	Mean Waiting Time : 13.06 cycles	Throughput : 0.353

End Of The Simulation at T= 56218.11 cycles
Injection Rate : 180
Batch Size : 2000
Number of Batches : 10
Number of Clients Served : 20000
Overall Response Time : 180.47 cycles
Overall Waiting  Time : 13.43 cycles
Overall Throughput : 0.356 
Standard Deviation Response Time : 2.63368 cycles
Standard Deviation Waiting  Time : 0.82545 cycles
Standard Deviation Throughput : 0.006639 