Simulation Starting Time 2021-08-31 05:31:34
Welcome to Network-On-Chip ExpressCube Simulator 
This simulator was designed based on The Discrete Event Simulation.
It's a final year project to obtain the Master Degree
Student developer : Ziraoui Zakaria 
Supervisor: Prof. Mohamed Ould-Khaoua

Network Simulation Parameters :

Topology : 8 x 8 Express Cube with 4 Hops
Number of Nodes  : 64 
Routing : Dimension-ordered (DOR)
Traffic : Uniform Random
Message length : 32 phits
Injection Rate : 70
Transmission Time Normal  Links : 32 Cycles
Transmission Time Express Links : 32 Cycles
Batch Means Method : Yes

Please wait, Simulation has been started...

Batch N° 1 : Mean Response Time : 318.53 cycles	Mean Waiting Time : 160.49 cycles	Throughput : 0.791
Batch N° 2 : Mean Response Time : 500.66 cycles	Mean Waiting Time : 336.31 cycles	Throughput : 0.842
Batch N° 3 : Mean Response Time : 623.22 cycles	Mean Waiting Time : 459.72 cycles	Throughput : 0.836
Batch N° 4 : Mean Response Time : 738.69 cycles	Mean Waiting Time : 571.00 cycles	Throughput : 0.848
Batch N° 5 : Mean Response Time : 865.42 cycles	Mean Waiting Time : 698.33 cycles	Throughput : 0.845
Batch N° 6 : Mean Response Time : 1027.36 cycles	Mean Waiting Time : 863.62 cycles	Throughput : 0.816
Batch N° 7 : Mean Response Time : 1136.97 cycles	Mean Waiting Time : 972.47 cycles	Throughput : 0.845
Batch N° 8 : Mean Response Time : 1280.31 cycles	Mean Waiting Time : 1109.56 cycles	Throughput : 0.843
Batch N° 9 : Mean Response Time : 1388.47 cycles	Mean Waiting Time : 1218.86 cycles	Throughput : 0.831
Batch N°10 : Mean Response Time : 1489.89 cycles	Mean Waiting Time : 1324.75 cycles	Throughput : 0.841

End Of The Simulation at T= 23995.80 cycles
Injection Rate : 70
Batch Size : 2000
Number of Batches : 10
Number of Clients Served : 20000
Overall Response Time : 936.95 cycles
Overall Waiting  Time : 771.51 cycles
Overall Throughput : 0.834 
Standard Deviation Response Time : 393.18326 cycles
Standard Deviation Waiting  Time : 390.84869 cycles
Standard Deviation Throughput : 0.017630 