Simulation Starting Time 2021-09-02 05:22:27
Welcome to Network-On-Chip ExpressCube Simulator 
This simulator was designed based on The Discrete Event Simulation.
It's a final year project to obtain the Master Degree
Student developer : Ziraoui Zakaria 
Supervisor: Prof. Mohamed Ould-Khaoua

Network Simulation Parameters :

Topology : 8 x 8 Express Cube with 4 Hops
Number of Nodes  : 64 
Routing : Dimension-ordered (DOR)
Traffic : Uniform Random
Message length : 32 phits
Injection Rate : 9200
Transmission Time Normal  Links : 96 Cycles
Transmission Time Express Links : 96 Cycles
Batch Means Method : Yes

Please wait, Simulation has been started...

Batch N° 1 : Mean Response Time : 415.08 cycles	Mean Waiting Time : 0.70 cycles	Throughput : 0.007
Batch N° 2 : Mean Response Time : 402.50 cycles	Mean Waiting Time : 0.36 cycles	Throughput : 0.007
Batch N° 3 : Mean Response Time : 409.03 cycles	Mean Waiting Time : 0.72 cycles	Throughput : 0.007
Batch N° 4 : Mean Response Time : 403.85 cycles	Mean Waiting Time : 0.41 cycles	Throughput : 0.007
Batch N° 5 : Mean Response Time : 411.51 cycles	Mean Waiting Time : 0.52 cycles	Throughput : 0.007
Batch N° 6 : Mean Response Time : 409.21 cycles	Mean Waiting Time : 0.48 cycles	Throughput : 0.007
Batch N° 7 : Mean Response Time : 399.59 cycles	Mean Waiting Time : 0.34 cycles	Throughput : 0.007
Batch N° 8 : Mean Response Time : 404.94 cycles	Mean Waiting Time : 0.33 cycles	Throughput : 0.007
Batch N° 9 : Mean Response Time : 404.07 cycles	Mean Waiting Time : 0.46 cycles	Throughput : 0.007
Batch N°10 : Mean Response Time : 404.16 cycles	Mean Waiting Time : 0.68 cycles	Throughput : 0.007

End Of The Simulation at T= 2887471.75 cycles
Injection Rate : 9200
Batch Size : 2000
Number of Batches : 10
Number of Clients Served : 20000
Overall Response Time : 406.39 cycles
Overall Waiting  Time : 0.50 cycles
Overall Throughput : 0.007 
Standard Deviation Response Time : 4.67690 cycles
Standard Deviation Waiting  Time : 0.14987 cycles
Standard Deviation Throughput : 0.000133 