Simulation Starting Time 2021-09-02 05:22:30
Welcome to Network-On-Chip ExpressCube Simulator 
This simulator was designed based on The Discrete Event Simulation.
It's a final year project to obtain the Master Degree
Student developer : Ziraoui Zakaria 
Supervisor: Prof. Mohamed Ould-Khaoua

Network Simulation Parameters :

Topology : 8 x 8 Express Cube with 4 Hops
Number of Nodes  : 64 
Routing : Dimension-ordered (DOR)
Traffic : Uniform Random
Message length : 32 phits
Injection Rate : 200
Transmission Time Normal  Links : 96 Cycles
Transmission Time Express Links : 96 Cycles
Batch Means Method : Yes

Please wait, Simulation has been started...

Batch N° 1 : Mean Response Time : 1101.55 cycles	Mean Waiting Time : 622.62 cycles	Throughput : 0.265
Batch N° 2 : Mean Response Time : 1884.08 cycles	Mean Waiting Time : 1381.99 cycles	Throughput : 0.289
Batch N° 3 : Mean Response Time : 2452.47 cycles	Mean Waiting Time : 1948.87 cycles	Throughput : 0.287
Batch N° 4 : Mean Response Time : 2961.71 cycles	Mean Waiting Time : 2465.25 cycles	Throughput : 0.286
Batch N° 5 : Mean Response Time : 3563.74 cycles	Mean Waiting Time : 3065.09 cycles	Throughput : 0.294
Batch N° 6 : Mean Response Time : 3994.03 cycles	Mean Waiting Time : 3490.33 cycles	Throughput : 0.292
Batch N° 7 : Mean Response Time : 4708.32 cycles	Mean Waiting Time : 4195.33 cycles	Throughput : 0.285
Batch N° 8 : Mean Response Time : 5200.51 cycles	Mean Waiting Time : 4691.50 cycles	Throughput : 0.292
Batch N° 9 : Mean Response Time : 5767.42 cycles	Mean Waiting Time : 5258.17 cycles	Throughput : 0.290
Batch N°10 : Mean Response Time : 6099.72 cycles	Mean Waiting Time : 5598.91 cycles	Throughput : 0.282

End Of The Simulation at T= 69958.69 cycles
Injection Rate : 200
Batch Size : 2000
Number of Batches : 10
Number of Clients Served : 20000
Overall Response Time : 3773.35 cycles
Overall Waiting  Time : 3271.81 cycles
Overall Throughput : 0.286 
Standard Deviation Response Time : 1683.35840 cycles
Standard Deviation Waiting  Time : 1676.97644 cycles
Standard Deviation Throughput : 0.008347 