Simulation Starting Time 2021-09-02 06:19:03
Welcome to Network-On-Chip ExpressCube Simulator 
This simulator was designed based on The Discrete Event Simulation.
It's a final year project to obtain the Master Degree
Student developer : Ziraoui Zakaria 
Supervisor: Prof. Mohamed Ould-Khaoua

Network Simulation Parameters :

Topology : 16 x 16 Express Cube with 4 Hops
Number of Nodes  : 256 
Routing : Dimension-ordered (DOR)
Traffic : Uniform Random
Message length : 32 phits
Injection Rate : 10500
Transmission Time Normal  Links : 96 Cycles
Transmission Time Express Links : 96 Cycles
Batch Means Method : Yes

Please wait, Simulation has been started...

Batch N° 1 : Mean Response Time : 617.74 cycles	Mean Waiting Time : 1.27 cycles	Throughput : 0.028
Batch N° 2 : Mean Response Time : 615.45 cycles	Mean Waiting Time : 0.62 cycles	Throughput : 0.025
Batch N° 3 : Mean Response Time : 614.28 cycles	Mean Waiting Time : 0.53 cycles	Throughput : 0.024
Batch N° 4 : Mean Response Time : 594.63 cycles	Mean Waiting Time : 0.43 cycles	Throughput : 0.023
Batch N° 5 : Mean Response Time : 605.82 cycles	Mean Waiting Time : 0.73 cycles	Throughput : 0.024
Batch N° 6 : Mean Response Time : 617.96 cycles	Mean Waiting Time : 0.34 cycles	Throughput : 0.025
Batch N° 7 : Mean Response Time : 615.88 cycles	Mean Waiting Time : 0.56 cycles	Throughput : 0.024
Batch N° 8 : Mean Response Time : 608.50 cycles	Mean Waiting Time : 0.49 cycles	Throughput : 0.025
Batch N° 9 : Mean Response Time : 607.01 cycles	Mean Waiting Time : 0.64 cycles	Throughput : 0.025
Batch N°10 : Mean Response Time : 620.31 cycles	Mean Waiting Time : 0.57 cycles	Throughput : 0.025

End Of The Simulation at T= 809915.81 cycles
Injection Rate : 10500
Batch Size : 2000
Number of Batches : 10
Number of Clients Served : 20000
Overall Response Time : 611.76 cycles
Overall Waiting  Time : 0.62 cycles
Overall Throughput : 0.025 
Standard Deviation Response Time : 7.79053 cycles
Standard Deviation Waiting  Time : 0.25386 cycles
Standard Deviation Throughput : 0.001478 