Simulation Starting Time 2021-09-04 04:20:14
Welcome to Network-On-Chip ExpressCube Simulator 
This simulator was designed based on The Discrete Event Simulation.
It's a final year project to obtain the Master Degree
Student developer : Ziraoui Zakaria 
Supervisor: Prof. Mohamed Ould-Khaoua

Network Simulation Parameters :

Topology : 16 x 16 Express Cube with 2 Hops
Number of Nodes  : 256 
Routing : Dimension-ordered (DOR)
Traffic : Hotspot [8][8]
Message length : 32 phits
Injection Rate : 90
Transmission Time Normal  Links : 64 Cycles
Transmission Time Express Links : 64 Cycles
Batch Means Method : Yes

Please wait, Simulation has been started...

Batch N° 1 : Mean Response Time : 725.86 cycles	Mean Waiting Time : 317.09 cycles	Throughput : 0.913
Batch N° 2 : Mean Response Time : 1471.61 cycles	Mean Waiting Time : 1003.55 cycles	Throughput : 1.058
Batch N° 3 : Mean Response Time : 2116.98 cycles	Mean Waiting Time : 1654.62 cycles	Throughput : 1.106
Batch N° 4 : Mean Response Time : 2774.47 cycles	Mean Waiting Time : 2300.10 cycles	Throughput : 1.078
Batch N° 5 : Mean Response Time : 3463.19 cycles	Mean Waiting Time : 2980.65 cycles	Throughput : 1.078
Batch N° 6 : Mean Response Time : 4041.36 cycles	Mean Waiting Time : 3568.73 cycles	Throughput : 1.116
Batch N° 7 : Mean Response Time : 4642.43 cycles	Mean Waiting Time : 4159.62 cycles	Throughput : 1.116
Batch N° 8 : Mean Response Time : 5344.84 cycles	Mean Waiting Time : 4858.48 cycles	Throughput : 1.078
Batch N° 9 : Mean Response Time : 5837.44 cycles	Mean Waiting Time : 5364.09 cycles	Throughput : 1.116
Batch N°10 : Mean Response Time : 6354.19 cycles	Mean Waiting Time : 5872.16 cycles	Throughput : 1.116

End Of The Simulation at T= 18624.00 cycles
Injection Rate : 90
Batch Size : 2000
Number of Batches : 10
Number of Clients Served : 20000
Overall Response Time : 3677.24 cycles
Overall Waiting  Time : 3207.91 cycles
Overall Throughput : 1.077 
Standard Deviation Response Time : 1901.70361 cycles
Standard Deviation Waiting  Time : 1885.97595 cycles
Standard Deviation Throughput : 0.061699 