Simulation Starting Time 2021-09-02 06:21:25
Welcome to Network-On-Chip ExpressCube Simulator 
This simulator was designed based on The Discrete Event Simulation.
It's a final year project to obtain the Master Degree
Student developer : Ziraoui Zakaria 
Supervisor: Prof. Mohamed Ould-Khaoua

Network Simulation Parameters :

Topology : 16 x 16 Express Cube with 8 Hops
Number of Nodes  : 256 
Routing : Dimension-ordered (DOR)
Traffic : Uniform Random
Message length : 32 phits
Injection Rate : 100
Transmission Time Normal  Links : 160 Cycles
Transmission Time Express Links : 160 Cycles
Batch Means Method : Yes

Please wait, Simulation has been started...

Batch N° 1 : Mean Response Time : 2583.12 cycles	Mean Waiting Time : 1374.73 cycles	Throughput : 0.368
Batch N° 2 : Mean Response Time : 5885.87 cycles	Mean Waiting Time : 4486.88 cycles	Throughput : 0.446
Batch N° 3 : Mean Response Time : 9072.68 cycles	Mean Waiting Time : 7630.99 cycles	Throughput : 0.463
Batch N° 4 : Mean Response Time : 12051.25 cycles	Mean Waiting Time : 10622.19 cycles	Throughput : 0.463
Batch N° 5 : Mean Response Time : 14891.56 cycles	Mean Waiting Time : 13468.23 cycles	Throughput : 0.463
Batch N° 6 : Mean Response Time : 17943.24 cycles	Mean Waiting Time : 16509.91 cycles	Throughput : 0.463
Batch N° 7 : Mean Response Time : 20963.15 cycles	Mean Waiting Time : 19514.61 cycles	Throughput : 0.463
Batch N° 8 : Mean Response Time : 24092.32 cycles	Mean Waiting Time : 22642.99 cycles	Throughput : 0.463
Batch N° 9 : Mean Response Time : 27023.65 cycles	Mean Waiting Time : 25583.31 cycles	Throughput : 0.463
Batch N°10 : Mean Response Time : 29895.15 cycles	Mean Waiting Time : 28455.81 cycles	Throughput : 0.462

End Of The Simulation at T= 44487.76 cycles
Injection Rate : 100
Batch Size : 2000
Number of Batches : 10
Number of Clients Served : 20000
Overall Response Time : 16440.20 cycles
Overall Waiting  Time : 15028.97 cycles
Overall Throughput : 0.452 
Standard Deviation Response Time : 9151.01855 cycles
Standard Deviation Waiting  Time : 9105.07227 cycles
Standard Deviation Throughput : 0.029981 