Simulation Starting Time 2021-09-04 04:21:07
Welcome to Network-On-Chip ExpressCube Simulator 
This simulator was designed based on The Discrete Event Simulation.
It's a final year project to obtain the Master Degree
Student developer : Ziraoui Zakaria 
Supervisor: Prof. Mohamed Ould-Khaoua

Network Simulation Parameters :

Topology : 16 x 16 Express Cube with 4 Hops
Number of Nodes  : 256 
Routing : Dimension-ordered (DOR)
Traffic : Hotspot [8][8]
Message length : 32 phits
Injection Rate : 32000
Transmission Time Normal  Links : 96 Cycles
Transmission Time Express Links : 96 Cycles
Batch Means Method : Yes

Please wait, Simulation has been started...

Batch N° 1 : Mean Response Time : 596.93 cycles	Mean Waiting Time : 4.83 cycles	Throughput : 0.009
Batch N° 2 : Mean Response Time : 590.33 cycles	Mean Waiting Time : 0.65 cycles	Throughput : 0.008
Batch N° 3 : Mean Response Time : 587.22 cycles	Mean Waiting Time : 0.53 cycles	Throughput : 0.008
Batch N° 4 : Mean Response Time : 583.86 cycles	Mean Waiting Time : 0.55 cycles	Throughput : 0.008
Batch N° 5 : Mean Response Time : 579.69 cycles	Mean Waiting Time : 0.47 cycles	Throughput : 0.008
Batch N° 6 : Mean Response Time : 593.65 cycles	Mean Waiting Time : 0.37 cycles	Throughput : 0.008
Batch N° 7 : Mean Response Time : 590.15 cycles	Mean Waiting Time : 0.26 cycles	Throughput : 0.008
Batch N° 8 : Mean Response Time : 590.72 cycles	Mean Waiting Time : 0.40 cycles	Throughput : 0.008
Batch N° 9 : Mean Response Time : 590.59 cycles	Mean Waiting Time : 0.43 cycles	Throughput : 0.008
Batch N°10 : Mean Response Time : 594.58 cycles	Mean Waiting Time : 0.44 cycles	Throughput : 0.008

End Of The Simulation at T= 2466112.00 cycles
Injection Rate : 32000
Batch Size : 2000
Number of Batches : 10
Number of Clients Served : 20000
Overall Response Time : 589.77 cycles
Overall Waiting  Time : 0.89 cycles
Overall Throughput : 0.008 
Standard Deviation Response Time : 5.10494 cycles
Standard Deviation Waiting  Time : 1.38628 cycles
Standard Deviation Throughput : 0.000371 