Simulation Starting Time 2021-09-01 06:09:50
Welcome to Network-On-Chip 2D Mesh Simulator 
This simulator was designed based on The Discrete Event Simulation.
It's a final year project to obtain the Master Degree
Student developer : Ziraoui Zakaria 
Supervisor: Prof. Mohamed Ould-Khaoua

Network Simulation Parameters :

Topology : 32 x 32 Mesh 
Number of Nodes  : 1024 
Routing : Dimension-ordered (DOR)
Traffic : Hotspot [16][16]
Message length : 32 phits
Injection Rate : 10500
Transmission Time : 32 Cycles
Batch Means Method : Yes

Please wait, Simulation has been started...

Batch N° 1 : Mean Response Time : 668.04 cycles	Mean Waiting Time : 31.82 cycles	Throughput : 0.189
Batch N° 2 : Mean Response Time : 638.23 cycles	Mean Waiting Time : 0.73 cycles	Throughput : 0.101
Batch N° 3 : Mean Response Time : 638.78 cycles	Mean Waiting Time : 0.64 cycles	Throughput : 0.098
Batch N° 4 : Mean Response Time : 631.23 cycles	Mean Waiting Time : 0.77 cycles	Throughput : 0.099
Batch N° 5 : Mean Response Time : 637.73 cycles	Mean Waiting Time : 0.94 cycles	Throughput : 0.099
Batch N° 6 : Mean Response Time : 625.89 cycles	Mean Waiting Time : 0.41 cycles	Throughput : 0.103
Batch N° 7 : Mean Response Time : 626.54 cycles	Mean Waiting Time : 0.72 cycles	Throughput : 0.099
Batch N° 8 : Mean Response Time : 626.53 cycles	Mean Waiting Time : 0.95 cycles	Throughput : 0.100
Batch N° 9 : Mean Response Time : 625.78 cycles	Mean Waiting Time : 0.61 cycles	Throughput : 0.101
Batch N°10 : Mean Response Time : 638.22 cycles	Mean Waiting Time : 0.72 cycles	Throughput : 0.097

End Of The Simulation at T= 191647.00 cycles
Injection Rate : 10500
Batch Size : 2000
Number of Batches : 10
Number of Clients Served : 20000
Overall Response Time : 635.70 cycles
Overall Waiting  Time : 3.83 cycles
Overall Throughput : 0.108 
Standard Deviation Response Time : 12.71408 cycles
Standard Deviation Waiting  Time : 9.83631 cycles
Standard Deviation Throughput : 0.028256 