Simulation Starting Time 2021-09-01 06:06:33
Welcome to Network-On-Chip ExpressCube Simulator 
This simulator was designed based on The Discrete Event Simulation.
It's a final year project to obtain the Master Degree
Student developer : Ziraoui Zakaria 
Supervisor: Prof. Mohamed Ould-Khaoua

Network Simulation Parameters :

Topology : 16 x 16 Express Cube with 2 Hops
Number of Nodes  : 256 
Routing : Dimension-ordered (DOR)
Traffic : Hotspot [8][8]
Message length : 32 phits
Injection Rate : 80
Transmission Time Normal  Links : 32 Cycles
Transmission Time Express Links : 32 Cycles
Batch Means Method : Yes

Please wait, Simulation has been started...

Batch N° 1 : Mean Response Time : 329.57 cycles	Mean Waiting Time : 110.95 cycles	Throughput : 1.652
Batch N° 2 : Mean Response Time : 579.08 cycles	Mean Waiting Time : 340.35 cycles	Throughput : 2.006
Batch N° 3 : Mean Response Time : 784.33 cycles	Mean Waiting Time : 541.45 cycles	Throughput : 1.978
Batch N° 4 : Mean Response Time : 1014.20 cycles	Mean Waiting Time : 766.85 cycles	Throughput : 2.038
Batch N° 5 : Mean Response Time : 1191.15 cycles	Mean Waiting Time : 945.52 cycles	Throughput : 1.993
Batch N° 6 : Mean Response Time : 1370.13 cycles	Mean Waiting Time : 1127.07 cycles	Throughput : 2.037
Batch N° 7 : Mean Response Time : 1569.30 cycles	Mean Waiting Time : 1326.20 cycles	Throughput : 1.985
Batch N° 8 : Mean Response Time : 1720.76 cycles	Mean Waiting Time : 1474.48 cycles	Throughput : 2.038
Batch N° 9 : Mean Response Time : 1972.48 cycles	Mean Waiting Time : 1720.34 cycles	Throughput : 2.046
Batch N°10 : Mean Response Time : 2172.78 cycles	Mean Waiting Time : 1925.27 cycles	Throughput : 2.126

End Of The Simulation at T= 10092.83 cycles
Injection Rate : 80
Batch Size : 2000
Number of Batches : 10
Number of Clients Served : 20000
Overall Response Time : 1270.38 cycles
Overall Waiting  Time : 1027.85 cycles
Overall Throughput : 1.990 
Standard Deviation Response Time : 603.74768 cycles
Standard Deviation Waiting  Time : 597.03662 cycles
Standard Deviation Throughput : 0.126239 