Simulation Starting Time 2021-09-01 06:25:12
Welcome to Network-On-Chip ExpressCube Simulator 
This simulator was designed based on The Discrete Event Simulation.
It's a final year project to obtain the Master Degree
Student developer : Ziraoui Zakaria 
Supervisor: Prof. Mohamed Ould-Khaoua

Network Simulation Parameters :

Topology : 32 x 32 Express Cube with 2 Hops
Number of Nodes  : 1024 
Routing : Dimension-ordered (DOR)
Traffic : Hotspot [16][16]
Message length : 32 phits
Injection Rate : 400
Transmission Time Normal  Links : 32 Cycles
Transmission Time Express Links : 32 Cycles
Batch Means Method : Yes

Please wait, Simulation has been started...

Batch N° 1 : Mean Response Time : 412.35 cycles	Mean Waiting Time : 56.40 cycles	Throughput : 2.053
Batch N° 2 : Mean Response Time : 506.27 cycles	Mean Waiting Time : 82.64 cycles	Throughput : 2.361
Batch N° 3 : Mean Response Time : 470.93 cycles	Mean Waiting Time : 70.98 cycles	Throughput : 2.139
Batch N° 4 : Mean Response Time : 486.43 cycles	Mean Waiting Time : 92.31 cycles	Throughput : 2.164
Batch N° 5 : Mean Response Time : 515.32 cycles	Mean Waiting Time : 110.93 cycles	Throughput : 2.196
Batch N° 6 : Mean Response Time : 540.75 cycles	Mean Waiting Time : 137.60 cycles	Throughput : 2.184
Batch N° 7 : Mean Response Time : 564.15 cycles	Mean Waiting Time : 163.09 cycles	Throughput : 2.086
Batch N° 8 : Mean Response Time : 557.01 cycles	Mean Waiting Time : 167.00 cycles	Throughput : 2.197
Batch N° 9 : Mean Response Time : 586.73 cycles	Mean Waiting Time : 181.12 cycles	Throughput : 2.158
Batch N°10 : Mean Response Time : 593.31 cycles	Mean Waiting Time : 195.71 cycles	Throughput : 2.151

End Of The Simulation at T= 9233.33 cycles
Injection Rate : 400
Batch Size : 2000
Number of Batches : 10
Number of Clients Served : 20000
Overall Response Time : 523.32 cycles
Overall Waiting  Time : 125.78 cycles
Overall Throughput : 2.169 
Standard Deviation Response Time : 56.56590 cycles
Standard Deviation Waiting  Time : 49.66783 cycles
Standard Deviation Throughput : 0.082028 