Simulation Starting Time 2021-08-31 07:14:09
Welcome to Network-On-Chip ExpressCube Simulator 
This simulator was designed based on The Discrete Event Simulation.
It's a final year project to obtain the Master Degree
Student developer : Ziraoui Zakaria 
Supervisor: Prof. Mohamed Ould-Khaoua

Network Simulation Parameters :

Topology : 16 x 16 Express Cube with 8 Hops
Number of Nodes  : 256 
Routing : Dimension-ordered (DOR)
Traffic : Uniform Random
Message length : 32 phits
Injection Rate : 150
Transmission Time Normal  Links : 32 Cycles
Transmission Time Express Links : 32 Cycles
Batch Means Method : Yes

Please wait, Simulation has been started...

Batch N° 1 : Mean Response Time : 356.63 cycles	Mean Waiting Time : 73.00 cycles	Throughput : 1.373
Batch N° 2 : Mean Response Time : 453.57 cycles	Mean Waiting Time : 142.73 cycles	Throughput : 1.651
Batch N° 3 : Mean Response Time : 488.14 cycles	Mean Waiting Time : 183.78 cycles	Throughput : 1.697
Batch N° 4 : Mean Response Time : 523.86 cycles	Mean Waiting Time : 215.05 cycles	Throughput : 1.693
Batch N° 5 : Mean Response Time : 526.31 cycles	Mean Waiting Time : 222.85 cycles	Throughput : 1.701
Batch N° 6 : Mean Response Time : 560.78 cycles	Mean Waiting Time : 256.59 cycles	Throughput : 1.697
Batch N° 7 : Mean Response Time : 595.61 cycles	Mean Waiting Time : 284.61 cycles	Throughput : 1.701
Batch N° 8 : Mean Response Time : 613.91 cycles	Mean Waiting Time : 299.40 cycles	Throughput : 1.664
Batch N° 9 : Mean Response Time : 595.94 cycles	Mean Waiting Time : 287.23 cycles	Throughput : 1.689
Batch N°10 : Mean Response Time : 577.43 cycles	Mean Waiting Time : 272.99 cycles	Throughput : 1.676

End Of The Simulation at T= 12138.39 cycles
Injection Rate : 150
Batch Size : 2000
Number of Batches : 10
Number of Clients Served : 20000
Overall Response Time : 529.22 cycles
Overall Waiting  Time : 223.82 cycles
Overall Throughput : 1.654 
Standard Deviation Response Time : 79.29369 cycles
Standard Deviation Waiting  Time : 72.97105 cycles
Standard Deviation Throughput : 0.100246 