Simulation Starting Time 2021-08-31 06:54:39
Welcome to Network-On-Chip ExpressCube Simulator 
This simulator was designed based on The Discrete Event Simulation.
It's a final year project to obtain the Master Degree
Student developer : Ziraoui Zakaria 
Supervisor: Prof. Mohamed Ould-Khaoua

Network Simulation Parameters :

Topology : 32 x 32 Express Cube with 4 Hops
Number of Nodes  : 1024 
Routing : Dimension-ordered (DOR)
Traffic : Uniform Random
Message length : 32 phits
Injection Rate : 250
Transmission Time Normal  Links : 32 Cycles
Transmission Time Express Links : 32 Cycles
Batch Means Method : Yes

Please wait, Simulation has been started...

Batch N° 1 : Mean Response Time : 279.37 cycles	Mean Waiting Time : 19.34 cycles	Throughput : 3.291
Batch N° 2 : Mean Response Time : 348.68 cycles	Mean Waiting Time : 30.59 cycles	Throughput : 4.188
Batch N° 3 : Mean Response Time : 358.77 cycles	Mean Waiting Time : 36.88 cycles	Throughput : 3.900
Batch N° 4 : Mean Response Time : 376.16 cycles	Mean Waiting Time : 49.13 cycles	Throughput : 3.999
Batch N° 5 : Mean Response Time : 382.13 cycles	Mean Waiting Time : 59.14 cycles	Throughput : 4.075
Batch N° 6 : Mean Response Time : 385.14 cycles	Mean Waiting Time : 63.75 cycles	Throughput : 4.063
Batch N° 7 : Mean Response Time : 387.41 cycles	Mean Waiting Time : 70.34 cycles	Throughput : 3.980
Batch N° 8 : Mean Response Time : 408.24 cycles	Mean Waiting Time : 89.64 cycles	Throughput : 3.967
Batch N° 9 : Mean Response Time : 427.76 cycles	Mean Waiting Time : 106.52 cycles	Throughput : 4.246
Batch N°10 : Mean Response Time : 442.20 cycles	Mean Waiting Time : 118.09 cycles	Throughput : 4.164

End Of The Simulation at T= 5039.31 cycles
Injection Rate : 250
Batch Size : 2000
Number of Batches : 10
Number of Clients Served : 20000
Overall Response Time : 379.59 cycles
Overall Waiting  Time : 64.34 cycles
Overall Throughput : 3.987 
Standard Deviation Response Time : 45.46558 cycles
Standard Deviation Waiting  Time : 32.52666 cycles
Standard Deviation Throughput : 0.267704 