Simulation Starting Time 2021-08-31 05:59:14
Welcome to Network-On-Chip ExpressCube Simulator 
This simulator was designed based on The Discrete Event Simulation.
It's a final year project to obtain the Master Degree
Student developer : Ziraoui Zakaria 
Supervisor: Prof. Mohamed Ould-Khaoua

Network Simulation Parameters :

Topology : 16 x 16 Express Cube with 4 Hops
Number of Nodes  : 256 
Routing : Dimension-ordered (DOR)
Traffic : Uniform Random
Message length : 32 phits
Injection Rate : 250
Transmission Time Normal  Links : 32 Cycles
Transmission Time Express Links : 32 Cycles
Batch Means Method : Yes

Please wait, Simulation has been started...

Batch N° 1 : Mean Response Time : 222.14 cycles	Mean Waiting Time : 10.48 cycles	Throughput : 1.060
Batch N° 2 : Mean Response Time : 223.20 cycles	Mean Waiting Time : 8.91 cycles	Throughput : 1.026
Batch N° 3 : Mean Response Time : 223.99 cycles	Mean Waiting Time : 9.22 cycles	Throughput : 0.994
Batch N° 4 : Mean Response Time : 222.33 cycles	Mean Waiting Time : 9.73 cycles	Throughput : 1.035
Batch N° 5 : Mean Response Time : 224.01 cycles	Mean Waiting Time : 12.25 cycles	Throughput : 1.055
Batch N° 6 : Mean Response Time : 226.23 cycles	Mean Waiting Time : 9.47 cycles	Throughput : 1.013
Batch N° 7 : Mean Response Time : 229.66 cycles	Mean Waiting Time : 10.26 cycles	Throughput : 1.014
Batch N° 8 : Mean Response Time : 229.30 cycles	Mean Waiting Time : 12.12 cycles	Throughput : 1.072
Batch N° 9 : Mean Response Time : 223.47 cycles	Mean Waiting Time : 10.26 cycles	Throughput : 1.073
Batch N°10 : Mean Response Time : 222.75 cycles	Mean Waiting Time : 10.07 cycles	Throughput : 1.034

End Of The Simulation at T= 19285.39 cycles
Injection Rate : 250
Batch Size : 2000
Number of Batches : 10
Number of Clients Served : 20000
Overall Response Time : 224.71 cycles
Overall Waiting  Time : 10.28 cycles
Overall Throughput : 1.038 
Standard Deviation Response Time : 2.76597 cycles
Standard Deviation Waiting  Time : 1.12154 cycles
Standard Deviation Throughput : 0.026795 