Simulation Starting Time 2021-08-17 05:43:55
Welcome to Network-On-Chip 2D Mesh Simulator 
This simulator was designed based on The Discrete Event Simulation.
It's a final year project to obtain the Master Degree
Student developer : Ziraoui Zakaria 
Supervisor: Prof. Mohamed Ould-Khaoua

Network Simulation Parameters :

Topology : 8 x 8 Mesh 
Number of Nodes  : 64 
Routing : Dimension-ordered (DOR)
Traffic : Uniform Random
Message length : 32 phits
Injection Rate : 400
Transmission Time : 32 Cycles
Batch Means Method : Yes

Please wait, Simulation has been started...

Batch N° 1 : Mean Response Time : 161.93 cycles	Mean Waiting Time : 2.82 cycles	Throughput : 0.159
Batch N° 2 : Mean Response Time : 161.95 cycles	Mean Waiting Time : 2.78 cycles	Throughput : 0.161
Batch N° 3 : Mean Response Time : 161.69 cycles	Mean Waiting Time : 2.84 cycles	Throughput : 0.159
Batch N° 4 : Mean Response Time : 160.62 cycles	Mean Waiting Time : 2.63 cycles	Throughput : 0.159
Batch N° 5 : Mean Response Time : 161.30 cycles	Mean Waiting Time : 2.89 cycles	Throughput : 0.161
Batch N° 6 : Mean Response Time : 161.24 cycles	Mean Waiting Time : 2.55 cycles	Throughput : 0.159
Batch N° 7 : Mean Response Time : 162.75 cycles	Mean Waiting Time : 2.70 cycles	Throughput : 0.160
Batch N° 8 : Mean Response Time : 162.70 cycles	Mean Waiting Time : 2.72 cycles	Throughput : 0.161
Batch N° 9 : Mean Response Time : 159.91 cycles	Mean Waiting Time : 2.56 cycles	Throughput : 0.156
Batch N°10 : Mean Response Time : 161.41 cycles	Mean Waiting Time : 2.44 cycles	Throughput : 0.157
Batch N°11 : Mean Response Time : 160.48 cycles	Mean Waiting Time : 2.43 cycles	Throughput : 0.156
Batch N°12 : Mean Response Time : 160.85 cycles	Mean Waiting Time : 2.56 cycles	Throughput : 0.154
Batch N°13 : Mean Response Time : 161.62 cycles	Mean Waiting Time : 2.57 cycles	Throughput : 0.154
Batch N°14 : Mean Response Time : 160.75 cycles	Mean Waiting Time : 2.45 cycles	Throughput : 0.153
Batch N°15 : Mean Response Time : 160.90 cycles	Mean Waiting Time : 2.53 cycles	Throughput : 0.153
Batch N°16 : Mean Response Time : 160.78 cycles	Mean Waiting Time : 2.58 cycles	Throughput : 0.154
Batch N°17 : Mean Response Time : 161.12 cycles	Mean Waiting Time : 2.50 cycles	Throughput : 0.151
Batch N°18 : Mean Response Time : 160.59 cycles	Mean Waiting Time : 2.47 cycles	Throughput : 0.153
Batch N°19 : Mean Response Time : 158.74 cycles	Mean Waiting Time : 2.27 cycles	Throughput : 0.150
Batch N°20 : Mean Response Time : 159.55 cycles	Mean Waiting Time : 2.28 cycles	Throughput : 0.151
Batch N°21 : Mean Response Time : 162.55 cycles	Mean Waiting Time : 2.40 cycles	Throughput : 0.150
Batch N°22 : Mean Response Time : 160.04 cycles	Mean Waiting Time : 2.55 cycles	Throughput : 0.151
Batch N°23 : Mean Response Time : 160.92 cycles	Mean Waiting Time : 2.37 cycles	Throughput : 0.151
Batch N°24 : Mean Response Time : 159.95 cycles	Mean Waiting Time : 2.26 cycles	Throughput : 0.149
Batch N°25 : Mean Response Time : 160.54 cycles	Mean Waiting Time : 2.49 cycles	Throughput : 0.147
Batch N°26 : Mean Response Time : 160.59 cycles	Mean Waiting Time : 2.43 cycles	Throughput : 0.146
Batch N°27 : Mean Response Time : 160.22 cycles	Mean Waiting Time : 2.35 cycles	Throughput : 0.148
Batch N°28 : Mean Response Time : 160.81 cycles	Mean Waiting Time : 2.41 cycles	Throughput : 0.147
Batch N°29 : Mean Response Time : 162.01 cycles	Mean Waiting Time : 2.32 cycles	Throughput : 0.148
Batch N°30 : Mean Response Time : 160.48 cycles	Mean Waiting Time : 2.45 cycles	Throughput : 0.148
Batch N°31 : Mean Response Time : 161.09 cycles	Mean Waiting Time : 2.33 cycles	Throughput : 0.147
Batch N°32 : Mean Response Time : 160.78 cycles	Mean Waiting Time : 2.27 cycles	Throughput : 0.149
Batch N°33 : Mean Response Time : 161.99 cycles	Mean Waiting Time : 2.37 cycles	Throughput : 0.145
Batch N°34 : Mean Response Time : 160.92 cycles	Mean Waiting Time : 2.22 cycles	Throughput : 0.144
Batch N°35 : Mean Response Time : 161.17 cycles	Mean Waiting Time : 2.26 cycles	Throughput : 0.145
Batch N°36 : Mean Response Time : 159.19 cycles	Mean Waiting Time : 2.13 cycles	Throughput : 0.141

End Of The Simulation at T= 2369280.75 cycles
Injection Rate : 400
Batch Size : 10000
Number of Batches : 36
Number of Clients Served : 360000
Overall Response Time : 160.95 cycles
Overall Waiting  Time : 2.48 cycles
Overall Throughput : 0.152 
Standard Deviation Response Time : 0.91099 cycles
Standard Deviation Waiting  Time : 0.18492 cycles
Standard Deviation Throughput : 0.005429 