Simulation Starting Time 2021-09-04 05:05:17
Welcome to Network-On-Chip ExpressCube Simulator 
This simulator was designed based on The Discrete Event Simulation.
It's a final year project to obtain the Master Degree
Student developer : Ziraoui Zakaria 
Supervisor: Prof. Mohamed Ould-Khaoua

Network Simulation Parameters :

Topology : 32 x 32 Express Cube with 8 Hops
Number of Nodes  : 1024 
Routing : Dimension-ordered (DOR)
Traffic : Hotspot [16][16]
Message length : 32 phits
Injection Rate : 350
Transmission Time Normal  Links : 160 Cycles
Transmission Time Express Links : 160 Cycles
Batch Means Method : Yes

Please wait, Simulation has been started...

Batch N° 1 : Mean Response Time : 1475.42 cycles	Mean Waiting Time : 193.87 cycles	Throughput : 0.691
Batch N° 2 : Mean Response Time : 2247.67 cycles	Mean Waiting Time : 638.35 cycles	Throughput : 1.160
Batch N° 3 : Mean Response Time : 2813.23 cycles	Mean Waiting Time : 1089.90 cycles	Throughput : 1.244
Batch N° 4 : Mean Response Time : 3261.18 cycles	Mean Waiting Time : 1507.00 cycles	Throughput : 1.273
Batch N° 5 : Mean Response Time : 3727.07 cycles	Mean Waiting Time : 1960.65 cycles	Throughput : 1.351
Batch N° 6 : Mean Response Time : 4102.40 cycles	Mean Waiting Time : 2308.36 cycles	Throughput : 1.389
Batch N° 7 : Mean Response Time : 4485.23 cycles	Mean Waiting Time : 2717.84 cycles	Throughput : 1.328
Batch N° 8 : Mean Response Time : 4886.09 cycles	Mean Waiting Time : 3094.37 cycles	Throughput : 1.304
Batch N° 9 : Mean Response Time : 5281.47 cycles	Mean Waiting Time : 3488.51 cycles	Throughput : 1.389
Batch N°10 : Mean Response Time : 5695.95 cycles	Mean Waiting Time : 3894.18 cycles	Throughput : 1.389

End Of The Simulation at T= 16640.00 cycles
Injection Rate : 350
Batch Size : 2000
Number of Batches : 10
Number of Clients Served : 20000
Overall Response Time : 3797.57 cycles
Overall Waiting  Time : 2089.30 cycles
Overall Throughput : 1.252 
Standard Deviation Response Time : 1358.62122 cycles
Standard Deviation Waiting  Time : 1234.72522 cycles
Standard Deviation Throughput : 0.210501 