Simulation Starting Time 2021-09-02 06:49:32
Welcome to Network-On-Chip ExpressCube Simulator 
This simulator was designed based on The Discrete Event Simulation.
It's a final year project to obtain the Master Degree
Student developer : Ziraoui Zakaria 
Supervisor: Prof. Mohamed Ould-Khaoua

Network Simulation Parameters :

Topology : 32 x 32 Express Cube with 4 Hops
Number of Nodes  : 1024 
Routing : Dimension-ordered (DOR)
Traffic : Uniform Random
Message length : 32 phits
Injection Rate : 350
Transmission Time Normal  Links : 96 Cycles
Transmission Time Express Links : 96 Cycles
Batch Means Method : Yes

Please wait, Simulation has been started...

Batch N° 1 : Mean Response Time : 759.90 cycles	Mean Waiting Time : 73.81 cycles	Throughput : 1.302
Batch N° 2 : Mean Response Time : 1137.09 cycles	Mean Waiting Time : 240.07 cycles	Throughput : 2.155
Batch N° 3 : Mean Response Time : 1320.82 cycles	Mean Waiting Time : 398.83 cycles	Throughput : 2.265
Batch N° 4 : Mean Response Time : 1460.02 cycles	Mean Waiting Time : 530.50 cycles	Throughput : 2.359
Batch N° 5 : Mean Response Time : 1659.91 cycles	Mean Waiting Time : 691.31 cycles	Throughput : 2.398
Batch N° 6 : Mean Response Time : 1752.43 cycles	Mean Waiting Time : 781.13 cycles	Throughput : 2.250
Batch N° 7 : Mean Response Time : 1848.73 cycles	Mean Waiting Time : 888.24 cycles	Throughput : 2.364
Batch N° 8 : Mean Response Time : 2007.00 cycles	Mean Waiting Time : 1040.40 cycles	Throughput : 2.421
Batch N° 9 : Mean Response Time : 2064.18 cycles	Mean Waiting Time : 1104.04 cycles	Throughput : 2.334
Batch N°10 : Mean Response Time : 2218.34 cycles	Mean Waiting Time : 1247.80 cycles	Throughput : 2.412

End Of The Simulation at T= 9276.47 cycles
Injection Rate : 350
Batch Size : 2000
Number of Batches : 10
Number of Clients Served : 20000
Overall Response Time : 1622.84 cycles
Overall Waiting  Time : 699.61 cycles
Overall Throughput : 2.226 
Standard Deviation Response Time : 455.15860 cycles
Standard Deviation Waiting  Time : 386.48892 cycles
Standard Deviation Throughput : 0.335141 