Simulation Starting Time 2021-09-02 06:52:28
Welcome to Network-On-Chip ExpressCube Simulator 
This simulator was designed based on The Discrete Event Simulation.
It's a final year project to obtain the Master Degree
Student developer : Ziraoui Zakaria 
Supervisor: Prof. Mohamed Ould-Khaoua

Network Simulation Parameters :

Topology : 32 x 32 Express Cube with 4 Hops
Number of Nodes  : 1024 
Routing : Dimension-ordered (DOR)
Traffic : Uniform Random
Message length : 32 phits
Injection Rate : 150
Transmission Time Normal  Links : 96 Cycles
Transmission Time Express Links : 96 Cycles
Batch Means Method : Yes

Please wait, Simulation has been started...

Batch N° 1 : Mean Response Time : 771.70 cycles	Mean Waiting Time : 128.02 cycles	Throughput : 1.389
Batch N° 2 : Mean Response Time : 1260.46 cycles	Mean Waiting Time : 428.20 cycles	Throughput : 2.315
Batch N° 3 : Mean Response Time : 1625.12 cycles	Mean Waiting Time : 752.92 cycles	Throughput : 2.604
Batch N° 4 : Mean Response Time : 1935.87 cycles	Mean Waiting Time : 1036.73 cycles	Throughput : 2.604
Batch N° 5 : Mean Response Time : 2228.86 cycles	Mean Waiting Time : 1337.99 cycles	Throughput : 2.604
Batch N° 6 : Mean Response Time : 2574.71 cycles	Mean Waiting Time : 1665.64 cycles	Throughput : 2.604
Batch N° 7 : Mean Response Time : 2866.69 cycles	Mean Waiting Time : 1952.94 cycles	Throughput : 2.685
Batch N° 8 : Mean Response Time : 3080.71 cycles	Mean Waiting Time : 2178.98 cycles	Throughput : 2.832
Batch N° 9 : Mean Response Time : 3436.13 cycles	Mean Waiting Time : 2525.35 cycles	Throughput : 2.642
Batch N°10 : Mean Response Time : 3719.48 cycles	Mean Waiting Time : 2810.81 cycles	Throughput : 2.704

End Of The Simulation at T= 8323.65 cycles
Injection Rate : 150
Batch Size : 2000
Number of Batches : 10
Number of Clients Served : 20000
Overall Response Time : 2349.97 cycles
Overall Waiting  Time : 1481.76 cycles
Overall Throughput : 2.498 
Standard Deviation Response Time : 960.11163 cycles
Standard Deviation Waiting  Time : 899.99487 cycles
Standard Deviation Throughput : 0.410782 