Simulation Starting Time 2021-08-31 07:04:36
Welcome to Network-On-Chip ExpressCube Simulator 
This simulator was designed based on The Discrete Event Simulation.
It's a final year project to obtain the Master Degree
Student developer : Ziraoui Zakaria 
Supervisor: Prof. Mohamed Ould-Khaoua

Network Simulation Parameters :

Topology : 32 x 32 Express Cube with 8 Hops
Number of Nodes  : 1024 
Routing : Dimension-ordered (DOR)
Traffic : Uniform Random
Message length : 32 phits
Injection Rate : 70
Transmission Time Normal  Links : 32 Cycles
Transmission Time Express Links : 32 Cycles
Batch Means Method : Yes

Please wait, Simulation has been started...

Batch N° 1 : Mean Response Time : 287.84 cycles	Mean Waiting Time : 40.12 cycles	Throughput : 3.639
Batch N° 2 : Mean Response Time : 443.79 cycles	Mean Waiting Time : 122.88 cycles	Throughput : 6.495
Batch N° 3 : Mean Response Time : 560.19 cycles	Mean Waiting Time : 216.42 cycles	Throughput : 6.792
Batch N° 4 : Mean Response Time : 657.18 cycles	Mean Waiting Time : 308.85 cycles	Throughput : 7.525
Batch N° 5 : Mean Response Time : 752.53 cycles	Mean Waiting Time : 396.33 cycles	Throughput : 7.189
Batch N° 6 : Mean Response Time : 831.16 cycles	Mean Waiting Time : 473.80 cycles	Throughput : 7.273
Batch N° 7 : Mean Response Time : 920.38 cycles	Mean Waiting Time : 557.15 cycles	Throughput : 7.434
Batch N° 8 : Mean Response Time : 980.89 cycles	Mean Waiting Time : 627.33 cycles	Throughput : 7.777
Batch N° 9 : Mean Response Time : 1065.90 cycles	Mean Waiting Time : 709.28 cycles	Throughput : 7.317
Batch N°10 : Mean Response Time : 1152.61 cycles	Mean Waiting Time : 792.81 cycles	Throughput : 7.422

End Of The Simulation at T= 3040.00 cycles
Injection Rate : 70
Batch Size : 2000
Number of Batches : 10
Number of Clients Served : 20000
Overall Response Time : 765.25 cycles
Overall Waiting  Time : 424.50 cycles
Overall Throughput : 6.886 
Standard Deviation Response Time : 278.98663 cycles
Standard Deviation Waiting  Time : 252.56606 cycles
Standard Deviation Throughput : 1.198199 