Simulation Starting Time 2021-09-02 06:19:40
Welcome to Network-On-Chip ExpressCube Simulator 
This simulator was designed based on The Discrete Event Simulation.
It's a final year project to obtain the Master Degree
Student developer : Ziraoui Zakaria 
Supervisor: Prof. Mohamed Ould-Khaoua

Network Simulation Parameters :

Topology : 16 x 16 Express Cube with 4 Hops
Number of Nodes  : 256 
Routing : Dimension-ordered (DOR)
Traffic : Uniform Random
Message length : 32 phits
Injection Rate : 80
Transmission Time Normal  Links : 96 Cycles
Transmission Time Express Links : 96 Cycles
Batch Means Method : Yes

Please wait, Simulation has been started...

Batch N° 1 : Mean Response Time : 1045.03 cycles	Mean Waiting Time : 470.16 cycles	Throughput : 0.833
Batch N° 2 : Mean Response Time : 2154.29 cycles	Mean Waiting Time : 1481.27 cycles	Throughput : 1.096
Batch N° 3 : Mean Response Time : 3113.88 cycles	Mean Waiting Time : 2437.35 cycles	Throughput : 1.157
Batch N° 4 : Mean Response Time : 4032.80 cycles	Mean Waiting Time : 3345.55 cycles	Throughput : 1.157
Batch N° 5 : Mean Response Time : 4890.99 cycles	Mean Waiting Time : 4215.66 cycles	Throughput : 1.157
Batch N° 6 : Mean Response Time : 5869.63 cycles	Mean Waiting Time : 5176.37 cycles	Throughput : 1.148
Batch N° 7 : Mean Response Time : 6809.22 cycles	Mean Waiting Time : 6123.75 cycles	Throughput : 1.105
Batch N° 8 : Mean Response Time : 7782.49 cycles	Mean Waiting Time : 7085.82 cycles	Throughput : 1.157
Batch N° 9 : Mean Response Time : 8727.76 cycles	Mean Waiting Time : 8024.00 cycles	Throughput : 1.156
Batch N°10 : Mean Response Time : 9520.87 cycles	Mean Waiting Time : 8821.11 cycles	Throughput : 1.130

End Of The Simulation at T= 18187.47 cycles
Injection Rate : 80
Batch Size : 2000
Number of Batches : 10
Number of Clients Served : 20000
Overall Response Time : 5394.70 cycles
Overall Waiting  Time : 4718.10 cycles
Overall Throughput : 1.110 
Standard Deviation Response Time : 2843.96265 cycles
Standard Deviation Waiting  Time : 2816.93115 cycles
Standard Deviation Throughput : 0.099864 