Simulation Starting Time 2021-09-02 06:54:54
Welcome to Network-On-Chip ExpressCube Simulator 
This simulator was designed based on The Discrete Event Simulation.
It's a final year project to obtain the Master Degree
Student developer : Ziraoui Zakaria 
Supervisor: Prof. Mohamed Ould-Khaoua

Network Simulation Parameters :

Topology : 32 x 32 Express Cube with 4 Hops
Number of Nodes  : 1024 
Routing : Dimension-ordered (DOR)
Traffic : Uniform Random
Message length : 32 phits
Injection Rate : 80
Transmission Time Normal  Links : 96 Cycles
Transmission Time Express Links : 96 Cycles
Batch Means Method : Yes

Please wait, Simulation has been started...

Batch N° 1 : Mean Response Time : 811.24 cycles	Mean Waiting Time : 184.46 cycles	Throughput : 1.389
Batch N° 2 : Mean Response Time : 1446.72 cycles	Mean Waiting Time : 631.91 cycles	Throughput : 2.315
Batch N° 3 : Mean Response Time : 1962.19 cycles	Mean Waiting Time : 1102.60 cycles	Throughput : 2.604
Batch N° 4 : Mean Response Time : 2461.46 cycles	Mean Waiting Time : 1580.72 cycles	Throughput : 2.604
Batch N° 5 : Mean Response Time : 2948.77 cycles	Mean Waiting Time : 2064.36 cycles	Throughput : 2.604
Batch N° 6 : Mean Response Time : 3400.23 cycles	Mean Waiting Time : 2518.26 cycles	Throughput : 2.915
Batch N° 7 : Mean Response Time : 3877.74 cycles	Mean Waiting Time : 2987.25 cycles	Throughput : 2.653
Batch N° 8 : Mean Response Time : 4287.58 cycles	Mean Waiting Time : 3395.56 cycles	Throughput : 2.604
Batch N° 9 : Mean Response Time : 4858.37 cycles	Mean Waiting Time : 3957.18 cycles	Throughput : 2.625
Batch N°10 : Mean Response Time : 5202.66 cycles	Mean Waiting Time : 4315.35 cycles	Throughput : 2.950

End Of The Simulation at T= 8256.00 cycles
Injection Rate : 80
Batch Size : 2000
Number of Batches : 10
Number of Clients Served : 20000
Overall Response Time : 3125.70 cycles
Overall Waiting  Time : 2273.77 cycles
Overall Throughput : 2.526 
Standard Deviation Response Time : 1464.72412 cycles
Standard Deviation Waiting  Time : 1405.77686 cycles
Standard Deviation Throughput : 0.436995 