Simulation Starting Time 2021-09-04 05:18:41
Welcome to Network-On-Chip ExpressCube Simulator 
This simulator was designed based on The Discrete Event Simulation.
It's a final year project to obtain the Master Degree
Student developer : Ziraoui Zakaria 
Supervisor: Prof. Mohamed Ould-Khaoua

Network Simulation Parameters :

Topology : 32 x 32 Express Cube with 8 Hops
Number of Nodes  : 1024 
Routing : Dimension-ordered (DOR)
Traffic : Hotspot [16][16]
Message length : 32 phits
Injection Rate : 50
Transmission Time Normal  Links : 160 Cycles
Transmission Time Express Links : 160 Cycles
Batch Means Method : Yes

Please wait, Simulation has been started...

Batch N° 1 : Mean Response Time : 1703.83 cycles	Mean Waiting Time : 548.25 cycles	Throughput : 0.734
Batch N° 2 : Mean Response Time : 3273.61 cycles	Mean Waiting Time : 1710.51 cycles	Throughput : 1.138
Batch N° 3 : Mean Response Time : 4604.98 cycles	Mean Waiting Time : 2978.82 cycles	Throughput : 1.389
Batch N° 4 : Mean Response Time : 5883.70 cycles	Mean Waiting Time : 4195.11 cycles	Throughput : 1.389
Batch N° 5 : Mean Response Time : 7103.76 cycles	Mean Waiting Time : 5392.16 cycles	Throughput : 1.389
Batch N° 6 : Mean Response Time : 8334.41 cycles	Mean Waiting Time : 6655.89 cycles	Throughput : 1.389
Batch N° 7 : Mean Response Time : 9593.63 cycles	Mean Waiting Time : 7887.97 cycles	Throughput : 1.389
Batch N° 8 : Mean Response Time : 10831.56 cycles	Mean Waiting Time : 9099.78 cycles	Throughput : 1.250
Batch N° 9 : Mean Response Time : 12131.75 cycles	Mean Waiting Time : 10413.84 cycles	Throughput : 1.389
Batch N°10 : Mean Response Time : 13325.12 cycles	Mean Waiting Time : 11615.02 cycles	Throughput : 1.389

End Of The Simulation at T= 16160.00 cycles
Injection Rate : 50
Batch Size : 2000
Number of Batches : 10
Number of Clients Served : 20000
Overall Response Time : 7678.64 cycles
Overall Waiting  Time : 6049.74 cycles
Overall Throughput : 1.285 
Standard Deviation Response Time : 3856.49878 cycles
Standard Deviation Waiting  Time : 3733.70361 cycles
Standard Deviation Throughput : 0.211185 