Simulation Starting Time 2021-09-04 04:24:35
Welcome to Network-On-Chip ExpressCube Simulator 
This simulator was designed based on The Discrete Event Simulation.
It's a final year project to obtain the Master Degree
Student developer : Ziraoui Zakaria 
Supervisor: Prof. Mohamed Ould-Khaoua

Network Simulation Parameters :

Topology : 16 x 16 Express Cube with 8 Hops
Number of Nodes  : 256 
Routing : Dimension-ordered (DOR)
Traffic : Hotspot [8][8]
Message length : 32 phits
Injection Rate : 80
Transmission Time Normal  Links : 160 Cycles
Transmission Time Express Links : 160 Cycles
Batch Means Method : Yes

Please wait, Simulation has been started...

Batch N° 1 : Mean Response Time : 2796.56 cycles	Mean Waiting Time : 1574.20 cycles	Throughput : 0.338
Batch N° 2 : Mean Response Time : 6428.07 cycles	Mean Waiting Time : 4997.53 cycles	Throughput : 0.441
Batch N° 3 : Mean Response Time : 9791.87 cycles	Mean Waiting Time : 8377.28 cycles	Throughput : 0.436
Batch N° 4 : Mean Response Time : 13050.68 cycles	Mean Waiting Time : 11636.81 cycles	Throughput : 0.446
Batch N° 5 : Mean Response Time : 16348.78 cycles	Mean Waiting Time : 14918.84 cycles	Throughput : 0.446
Batch N° 6 : Mean Response Time : 19637.42 cycles	Mean Waiting Time : 18201.83 cycles	Throughput : 0.431
Batch N° 7 : Mean Response Time : 22806.22 cycles	Mean Waiting Time : 21399.92 cycles	Throughput : 0.446
Batch N° 8 : Mean Response Time : 26424.79 cycles	Mean Waiting Time : 24984.64 cycles	Throughput : 0.431
Batch N° 9 : Mean Response Time : 29872.64 cycles	Mean Waiting Time : 28446.15 cycles	Throughput : 0.460
Batch N°10 : Mean Response Time : 32881.11 cycles	Mean Waiting Time : 31455.15 cycles	Throughput : 0.449

End Of The Simulation at T= 46560.00 cycles
Injection Rate : 80
Batch Size : 2000
Number of Batches : 10
Number of Clients Served : 20000
Overall Response Time : 18003.81 cycles
Overall Waiting  Time : 16599.23 cycles
Overall Throughput : 0.433 
Standard Deviation Response Time : 10103.98633 cycles
Standard Deviation Waiting  Time : 10068.53711 cycles
Standard Deviation Throughput : 0.034429 