Simulation Starting Time 2021-09-01 06:04:16
Welcome to Network-On-Chip ExpressCube Simulator 
This simulator was designed based on The Discrete Event Simulation.
It's a final year project to obtain the Master Degree
Student developer : Ziraoui Zakaria 
Supervisor: Prof. Mohamed Ould-Khaoua

Network Simulation Parameters :

Topology : 8 x 8 Express Cube with 4 Hops
Number of Nodes  : 64 
Routing : Dimension-ordered (DOR)
Traffic : Hotspot [4][4]
Message length : 32 phits
Injection Rate : 160
Transmission Time Normal  Links : 32 Cycles
Transmission Time Express Links : 32 Cycles
Batch Means Method : Yes

Please wait, Simulation has been started...

Batch N° 1 : Mean Response Time : 193.57 cycles	Mean Waiting Time : 50.38 cycles	Throughput : 0.403
Batch N° 2 : Mean Response Time : 293.59 cycles	Mean Waiting Time : 146.76 cycles	Throughput : 0.392
Batch N° 3 : Mean Response Time : 385.00 cycles	Mean Waiting Time : 244.05 cycles	Throughput : 0.390
Batch N° 4 : Mean Response Time : 516.22 cycles	Mean Waiting Time : 370.93 cycles	Throughput : 0.388
Batch N° 5 : Mean Response Time : 562.52 cycles	Mean Waiting Time : 417.30 cycles	Throughput : 0.388
Batch N° 6 : Mean Response Time : 657.35 cycles	Mean Waiting Time : 511.80 cycles	Throughput : 0.386
Batch N° 7 : Mean Response Time : 781.46 cycles	Mean Waiting Time : 635.77 cycles	Throughput : 0.391
Batch N° 8 : Mean Response Time : 912.34 cycles	Mean Waiting Time : 770.35 cycles	Throughput : 0.386
Batch N° 9 : Mean Response Time : 979.03 cycles	Mean Waiting Time : 833.73 cycles	Throughput : 0.387
Batch N°10 : Mean Response Time : 1031.33 cycles	Mean Waiting Time : 885.31 cycles	Throughput : 0.402

End Of The Simulation at T= 51122.71 cycles
Injection Rate : 160
Batch Size : 2000
Number of Batches : 10
Number of Clients Served : 20000
Overall Response Time : 631.24 cycles
Overall Waiting  Time : 486.64 cycles
Overall Throughput : 0.391 
Standard Deviation Response Time : 292.01300 cycles
Standard Deviation Waiting  Time : 291.67178 cycles
Standard Deviation Throughput : 0.006427 