Simulation Starting Time 2021-08-17 05:45:13
Welcome to Network-On-Chip 2D Mesh Simulator 
This simulator was designed based on The Discrete Event Simulation.
It's a final year project to obtain the Master Degree
Student developer : Ziraoui Zakaria 
Supervisor: Prof. Mohamed Ould-Khaoua

Network Simulation Parameters :

Topology : 8 x 8 Mesh 
Number of Nodes  : 64 
Routing : Dimension-ordered (DOR)
Traffic : Uniform Random
Message length : 32 phits
Injection Rate : 70
Transmission Time : 32 Cycles
Batch Means Method : Yes

Please wait, Simulation has been started...

Batch N° 1 : Mean Response Time : 1092.32 cycles	Mean Waiting Time : 900.82 cycles	Throughput : 0.765
Batch N° 2 : Mean Response Time : 2478.32 cycles	Mean Waiting Time : 2286.15 cycles	Throughput : 0.782
Batch N° 3 : Mean Response Time : 4012.27 cycles	Mean Waiting Time : 3818.65 cycles	Throughput : 0.769
Batch N° 4 : Mean Response Time : 5285.84 cycles	Mean Waiting Time : 5091.72 cycles	Throughput : 0.773
Batch N° 5 : Mean Response Time : 6274.21 cycles	Mean Waiting Time : 6081.87 cycles	Throughput : 0.775
Batch N° 6 : Mean Response Time : 7495.71 cycles	Mean Waiting Time : 7301.59 cycles	Throughput : 0.760
Batch N° 7 : Mean Response Time : 8669.59 cycles	Mean Waiting Time : 8476.60 cycles	Throughput : 0.758
Batch N° 8 : Mean Response Time : 9805.65 cycles	Mean Waiting Time : 9613.73 cycles	Throughput : 0.781
Batch N° 9 : Mean Response Time : 10706.94 cycles	Mean Waiting Time : 10514.06 cycles	Throughput : 0.759
Batch N°10 : Mean Response Time : 11846.65 cycles	Mean Waiting Time : 11653.79 cycles	Throughput : 0.760
Batch N°11 : Mean Response Time : 12767.96 cycles	Mean Waiting Time : 12576.64 cycles	Throughput : 0.771
Batch N°12 : Mean Response Time : 13801.31 cycles	Mean Waiting Time : 13611.14 cycles	Throughput : 0.770
Batch N°13 : Mean Response Time : 14653.14 cycles	Mean Waiting Time : 14459.79 cycles	Throughput : 0.762
Batch N°14 : Mean Response Time : 15704.17 cycles	Mean Waiting Time : 15511.49 cycles	Throughput : 0.776
Batch N°15 : Mean Response Time : 16939.78 cycles	Mean Waiting Time : 16747.03 cycles	Throughput : 0.766
Batch N°16 : Mean Response Time : 17514.87 cycles	Mean Waiting Time : 17323.41 cycles	Throughput : 0.770
Batch N°17 : Mean Response Time : 18890.59 cycles	Mean Waiting Time : 18698.32 cycles	Throughput : 0.769
Batch N°18 : Mean Response Time : 19826.58 cycles	Mean Waiting Time : 19634.39 cycles	Throughput : 0.769
Batch N°19 : Mean Response Time : 20730.47 cycles	Mean Waiting Time : 20540.28 cycles	Throughput : 0.767
Batch N°20 : Mean Response Time : 21977.18 cycles	Mean Waiting Time : 21784.96 cycles	Throughput : 0.761
Batch N°21 : Mean Response Time : 22781.19 cycles	Mean Waiting Time : 22588.75 cycles	Throughput : 0.774
Batch N°22 : Mean Response Time : 24213.79 cycles	Mean Waiting Time : 24023.17 cycles	Throughput : 0.763
Batch N°23 : Mean Response Time : 25280.17 cycles	Mean Waiting Time : 25088.21 cycles	Throughput : 0.765
Batch N°24 : Mean Response Time : 26812.38 cycles	Mean Waiting Time : 26621.42 cycles	Throughput : 0.758
Batch N°25 : Mean Response Time : 27412.13 cycles	Mean Waiting Time : 27221.08 cycles	Throughput : 0.765
Batch N°26 : Mean Response Time : 28431.33 cycles	Mean Waiting Time : 28241.41 cycles	Throughput : 0.750
Batch N°27 : Mean Response Time : 29190.73 cycles	Mean Waiting Time : 28999.50 cycles	Throughput : 0.750
Batch N°28 : Mean Response Time : 30487.65 cycles	Mean Waiting Time : 30296.47 cycles	Throughput : 0.756
Batch N°29 : Mean Response Time : 31964.11 cycles	Mean Waiting Time : 31771.46 cycles	Throughput : 0.749
Batch N°30 : Mean Response Time : 32020.61 cycles	Mean Waiting Time : 31828.74 cycles	Throughput : 0.742
Batch N°31 : Mean Response Time : 32818.43 cycles	Mean Waiting Time : 32625.53 cycles	Throughput : 0.752
Batch N°32 : Mean Response Time : 34332.44 cycles	Mean Waiting Time : 34141.59 cycles	Throughput : 0.754
Batch N°33 : Mean Response Time : 34481.05 cycles	Mean Waiting Time : 34288.78 cycles	Throughput : 0.749
Batch N°34 : Mean Response Time : 36143.13 cycles	Mean Waiting Time : 35951.72 cycles	Throughput : 0.750
Batch N°35 : Mean Response Time : 36964.10 cycles	Mean Waiting Time : 36774.53 cycles	Throughput : 0.737
Batch N°36 : Mean Response Time : 37718.22 cycles	Mean Waiting Time : 37529.33 cycles	Throughput : 0.741

End Of The Simulation at T= 472760.84 cycles
Injection Rate : 70
Batch Size : 10000
Number of Batches : 36
Number of Clients Served : 360000
Overall Response Time : 20320.14 cycles
Overall Waiting  Time : 20128.28 cycles
Overall Throughput : 0.762 
Standard Deviation Response Time : 10917.21191 cycles
Standard Deviation Waiting  Time : 10917.87793 cycles
Standard Deviation Throughput : 0.011083 