Simulation Starting Time 2021-08-17 06:05:16
Welcome to Network-On-Chip ExpressCube Simulator 
This simulator was designed based on The Discrete Event Simulation.
It's a final year project to obtain the Master Degree
Student developer : Ziraoui Zakaria 
Supervisor: Prof. Mohamed Ould-Khaoua

Network Simulation Parameters :

Topology : 8 x 8 Express Cube with 4 Hops
Number of Nodes  : 64 
Routing : Dimension-ordered (DOR)
Traffic : Uniform Random
Message length : 32 phits
Injection Rate : 150
Transmission Time Normal  Links : 32 Cycles
Transmission Time Express Links : 32 Cycles
Batch Means Method : Yes

Please wait, Simulation has been started...

Batch N° 1 : Mean Response Time : 163.68 cycles	Mean Waiting Time : 15.64 cycles	Throughput : 0.428
Batch N° 2 : Mean Response Time : 161.58 cycles	Mean Waiting Time : 14.81 cycles	Throughput : 0.427
Batch N° 3 : Mean Response Time : 163.97 cycles	Mean Waiting Time : 16.42 cycles	Throughput : 0.431
Batch N° 4 : Mean Response Time : 161.78 cycles	Mean Waiting Time : 14.74 cycles	Throughput : 0.422
Batch N° 5 : Mean Response Time : 161.83 cycles	Mean Waiting Time : 14.28 cycles	Throughput : 0.428
Batch N° 6 : Mean Response Time : 160.34 cycles	Mean Waiting Time : 13.70 cycles	Throughput : 0.419
Batch N° 7 : Mean Response Time : 161.50 cycles	Mean Waiting Time : 14.79 cycles	Throughput : 0.430
Batch N° 8 : Mean Response Time : 160.96 cycles	Mean Waiting Time : 14.76 cycles	Throughput : 0.421
Batch N° 9 : Mean Response Time : 159.30 cycles	Mean Waiting Time : 13.61 cycles	Throughput : 0.412
Batch N°10 : Mean Response Time : 159.85 cycles	Mean Waiting Time : 13.21 cycles	Throughput : 0.412
Batch N°11 : Mean Response Time : 161.79 cycles	Mean Waiting Time : 14.30 cycles	Throughput : 0.414
Batch N°12 : Mean Response Time : 158.30 cycles	Mean Waiting Time : 13.01 cycles	Throughput : 0.409
Batch N°13 : Mean Response Time : 159.85 cycles	Mean Waiting Time : 13.43 cycles	Throughput : 0.403
Batch N°14 : Mean Response Time : 158.12 cycles	Mean Waiting Time : 13.24 cycles	Throughput : 0.409
Batch N°15 : Mean Response Time : 160.64 cycles	Mean Waiting Time : 12.69 cycles	Throughput : 0.400
Batch N°16 : Mean Response Time : 161.31 cycles	Mean Waiting Time : 13.46 cycles	Throughput : 0.407
Batch N°17 : Mean Response Time : 160.12 cycles	Mean Waiting Time : 13.48 cycles	Throughput : 0.404
Batch N°18 : Mean Response Time : 160.26 cycles	Mean Waiting Time : 13.67 cycles	Throughput : 0.406
Batch N°19 : Mean Response Time : 158.98 cycles	Mean Waiting Time : 12.07 cycles	Throughput : 0.405
Batch N°20 : Mean Response Time : 158.40 cycles	Mean Waiting Time : 12.45 cycles	Throughput : 0.399
Batch N°21 : Mean Response Time : 158.49 cycles	Mean Waiting Time : 12.30 cycles	Throughput : 0.393
Batch N°22 : Mean Response Time : 157.14 cycles	Mean Waiting Time : 12.12 cycles	Throughput : 0.393
Batch N°23 : Mean Response Time : 159.18 cycles	Mean Waiting Time : 12.27 cycles	Throughput : 0.393
Batch N°24 : Mean Response Time : 157.21 cycles	Mean Waiting Time : 11.97 cycles	Throughput : 0.391
Batch N°25 : Mean Response Time : 157.85 cycles	Mean Waiting Time : 12.04 cycles	Throughput : 0.389
Batch N°26 : Mean Response Time : 157.02 cycles	Mean Waiting Time : 12.01 cycles	Throughput : 0.397
Batch N°27 : Mean Response Time : 158.62 cycles	Mean Waiting Time : 11.53 cycles	Throughput : 0.388
Batch N°28 : Mean Response Time : 158.03 cycles	Mean Waiting Time : 11.93 cycles	Throughput : 0.386
Batch N°29 : Mean Response Time : 158.21 cycles	Mean Waiting Time : 11.77 cycles	Throughput : 0.386
Batch N°30 : Mean Response Time : 157.49 cycles	Mean Waiting Time : 11.34 cycles	Throughput : 0.379
Batch N°31 : Mean Response Time : 156.87 cycles	Mean Waiting Time : 11.64 cycles	Throughput : 0.385
Batch N°32 : Mean Response Time : 155.81 cycles	Mean Waiting Time : 10.32 cycles	Throughput : 0.374
Batch N°33 : Mean Response Time : 156.11 cycles	Mean Waiting Time : 11.38 cycles	Throughput : 0.381
Batch N°34 : Mean Response Time : 155.86 cycles	Mean Waiting Time : 10.26 cycles	Throughput : 0.373
Batch N°35 : Mean Response Time : 156.09 cycles	Mean Waiting Time : 10.68 cycles	Throughput : 0.371
Batch N°36 : Mean Response Time : 154.69 cycles	Mean Waiting Time : 10.52 cycles	Throughput : 0.373

End Of The Simulation at T= 899300.13 cycles
Injection Rate : 150
Batch Size : 10000
Number of Batches : 36
Number of Clients Served : 360000
Overall Response Time : 159.09 cycles
Overall Waiting  Time : 12.83 cycles
Overall Throughput : 0.401 
Standard Deviation Response Time : 2.25897 cycles
Standard Deviation Waiting  Time : 1.51023 cycles
Standard Deviation Throughput : 0.017755 