Simulation Starting Time 2021-07-19 04:53:00
Welcome to Network-On-Chip ExpressCube Simulator 
This simulator was designed based on The Discrete Event Simulation.
It's a final year project to obtain the Master Degree
Student developer : Ziraoui Zakaria 
Supervisor: Prof. Mohamed Ould-Khaoua

Network Simulation Parameters :

Topology : 8 x 8 Express Cube with 2 Hops
Number of Nodes  : 64 
Routing : Dimension-ordered (DOR)
Traffic : Uniform Random
Message length : 32 phits
Injection Rate : 400
Transmission Time Normal  Links : 32 Cycles
Transmission Time Express Links : 32 Cycles

Please wait, Simulation has been started.

 (    0.00 ) Msg[1] Arrives in PEQ[7][7] -> [5][4] 
 (    0.00 ) Msg[1] Decides in PEQ[7][7] -> [5][4]E2Q 
 (    0.00 ) Start Transmit from  PEQ[7][7] -> [5][7]E2Q 
 (    0.00 ) Msg[2] Arrives in PEQ[7][6] -> [1][0] 
 (    0.00 ) Msg[2] Decides in PEQ[7][6] -> [1][0]X2Q 
 (    0.00 ) Start Transmit from  PEQ[7][6] -> [6][6]X2Q 
 (    0.00 ) Msg[3] Arrives in PEQ[7][5] -> [6][3] 
 (    0.00 ) Msg[3] Decides in PEQ[7][5] -> [6][3]X2Q 
 (    0.00 ) Start Transmit from  PEQ[7][5] -> [6][5]X2Q 
 (    0.00 ) Msg[4] Arrives in PEQ[7][4] -> [4][1] 
 (    0.00 ) Msg[4] Decides in PEQ[7][4] -> [4][1]X2Q 
 (    0.00 ) Start Transmit from  PEQ[7][4] -> [6][4]X2Q 
 (    0.00 ) Msg[5] Arrives in PEQ[7][3] -> [1][2] 
 (    0.00 ) Msg[5] Decides in PEQ[7][3] -> [1][2]E2Q 
 (    0.00 ) Start Transmit from  PEQ[7][3] -> [5][3]E2Q 
 (    0.00 ) Msg[6] Arrives in PEQ[7][2] -> [3][6] 
 (    0.00 ) Msg[6] Decides in PEQ[7][2] -> [3][6]X2Q 
 (    0.00 ) Start Transmit from  PEQ[7][2] -> [6][2]X2Q 
 (    0.00 ) Msg[7] Arrives in PEQ[7][1] -> [1][4] 
 (    0.00 ) Msg[7] Decides in PEQ[7][1] -> [1][4]X2Q 
 (    0.00 ) Start Transmit from  PEQ[7][1] -> [6][1]X2Q 
 (    0.00 ) Msg[8] Arrives in PEQ[7][0] -> [0][5] 
 (    0.00 ) Msg[8] Decides in PEQ[7][0] -> [0][5]X2Q 
 (    0.00 ) Start Transmit from  PEQ[7][0] -> [6][0]X2Q 
 (    0.00 ) Msg[9] Arrives in PEQ[6][7] -> [2][2] 
 (    0.00 ) Msg[9] Decides in PEQ[6][7] -> [2][2]X2Q 
 (    0.00 ) Start Transmit from  PEQ[6][7] -> [5][7]X2Q 
 (    0.00 ) Msg[10] Arrives in PEQ[6][6] -> [5][4] 
 (    0.00 ) Msg[10] Decides in PEQ[6][6] -> [5][4]X2Q 
 (    0.00 ) Start Transmit from  PEQ[6][6] -> [5][6]X2Q 
 (    0.00 ) Msg[11] Arrives in PEQ[6][5] -> [2][2] 
 (    0.00 ) Msg[11] Decides in PEQ[6][5] -> [2][2]X2Q 
 (    0.00 ) Start Transmit from  PEQ[6][5] -> [5][5]X2Q 
 (    0.00 ) Msg[12] Arrives in PEQ[6][4] -> [5][6] 
 (    0.00 ) Msg[12] Decides in PEQ[6][4] -> [5][6]X2Q 
 (    0.00 ) Start Transmit from  PEQ[6][4] -> [5][4]X2Q 
 (    0.00 ) Msg[13] Arrives in PEQ[6][3] -> [2][7] 
 (    0.00 ) Msg[13] Decides in PEQ[6][3] -> [2][7]X2Q 
 (    0.00 ) Start Transmit from  PEQ[6][3] -> [5][3]X2Q 
 (    0.00 ) Msg[14] Arrives in PEQ[6][2] -> [2][5] 
 (    0.00 ) Msg[14] Decides in PEQ[6][2] -> [2][5]E2Q 
 (    0.00 ) Start Transmit from  PEQ[6][2] -> [4][2]E2Q 
 (    0.00 ) Msg[15] Arrives in PEQ[6][1] -> [3][1] 
 (    0.00 ) Msg[15] Decides in PEQ[6][1] -> [3][1]X2Q 
 (    0.00 ) Start Transmit from  PEQ[6][1] -> [5][1]X2Q 
 (    0.00 ) Msg[16] Arrives in PEQ[6][0] -> [0][7] 
 (    0.00 ) Msg[16] Decides in PEQ[6][0] -> [0][7]X2Q 
 (    0.00 ) Start Transmit from  PEQ[6][0] -> [5][0]X2Q 
 (    0.00 ) Msg[17] Arrives in PEQ[5][7] -> [7][1] 
 (    0.00 ) Msg[17] Decides in PEQ[5][7] -> [7][1]X1Q 
 (    0.00 ) Start Transmit from  PEQ[5][7] -> [6][7]X1Q 
 (    0.00 ) Msg[18] Arrives in PEQ[5][6] -> [3][2] 
 (    0.00 ) Msg[18] Decides in PEQ[5][6] -> [3][2]X2Q 
 (    0.00 ) Start Transmit from  PEQ[5][6] -> [4][6]X2Q 
 (    0.00 ) Msg[19] Arrives in PEQ[5][5] -> [5][1] 
 (    0.00 ) Msg[19] Decides in PEQ[5][5] -> [5][1]Y2Q 
 (    0.00 ) Start Transmit from  PEQ[5][5] -> [5][4]Y2Q 
 (    0.00 ) Msg[20] Arrives in PEQ[5][4] -> [7][4] 
 (    0.00 ) Msg[20] Decides in PEQ[5][4] -> [7][4]X1Q 
 (    0.00 ) Start Transmit from  PEQ[5][4] -> [6][4]X1Q 
 (    0.00 ) Msg[21] Arrives in PEQ[5][3] -> [2][4] 
 (    0.00 ) Msg[21] Decides in PEQ[5][3] -> [2][4]E2Q 
 (    0.00 ) Start Transmit from  PEQ[5][3] -> [3][3]E2Q 
 (    0.00 ) Msg[22] Arrives in PEQ[5][2] -> [1][1] 
 (    0.00 ) Msg[22] Decides in PEQ[5][2] -> [1][1]X2Q 
 (    0.00 ) Start Transmit from  PEQ[5][2] -> [4][2]X2Q 
 (    0.00 ) Msg[23] Arrives in PEQ[5][1] -> [4][3] 
 (    0.00 ) Msg[23] Decides in PEQ[5][1] -> [4][3]X2Q 
 (    0.00 ) Start Transmit from  PEQ[5][1] -> [4][1]X2Q 
 (    0.00 ) Msg[24] Arrives in PEQ[5][0] -> [1][5] 
 (    0.00 ) Msg[24] Decides in PEQ[5][0] -> [1][5]X2Q 
 (    0.00 ) Start Transmit from  PEQ[5][0] -> [4][0]X2Q 
 (    0.00 ) Msg[25] Arrives in PEQ[4][7] -> [5][7] 
 (    0.00 ) Msg[25] Decides in PEQ[4][7] -> [5][7]X1Q 
 (    0.00 ) Start Transmit from  PEQ[4][7] -> [5][7]X1Q 
 (    0.00 ) Msg[26] Arrives in PEQ[4][6] -> [6][4] 
 (    0.00 ) Msg[26] Decides in PEQ[4][6] -> [6][4]X1Q 
 (    0.00 ) Start Transmit from  PEQ[4][6] -> [5][6]X1Q 
 (    0.00 ) Msg[27] Arrives in PEQ[4][5] -> [1][1] 
 (    0.00 ) Msg[27] Decides in PEQ[4][5] -> [1][1]X2Q 
 (    0.00 ) Start Transmit from  PEQ[4][5] -> [3][5]X2Q 
 (    0.00 ) Msg[28] Arrives in PEQ[4][4] -> [7][5] 
 (    0.00 ) Msg[28] Decides in PEQ[4][4] -> [7][5]E1Q 
 (    0.00 ) Start Transmit from  PEQ[4][4] -> [6][4]E1Q 
 (    0.00 ) Msg[29] Arrives in PEQ[4][3] -> [3][5] 
 (    0.00 ) Msg[29] Decides in PEQ[4][3] -> [3][5]X2Q 
 (    0.00 ) Start Transmit from  PEQ[4][3] -> [3][3]X2Q 
 (    0.00 ) Msg[30] Arrives in PEQ[4][2] -> [2][7] 
 (    0.00 ) Msg[30] Decides in PEQ[4][2] -> [2][7]E2Q 
 (    0.00 ) Start Transmit from  PEQ[4][2] -> [2][2]E2Q 
 (    0.00 ) Msg[31] Arrives in PEQ[4][1] -> [3][4] 
 (    0.00 ) Msg[31] Decides in PEQ[4][1] -> [3][4]X2Q 
 (    0.00 ) Start Transmit from  PEQ[4][1] -> [3][1]X2Q 
 (    0.00 ) Msg[32] Arrives in PEQ[4][0] -> [5][7] 
 (    0.00 ) Msg[32] Decides in PEQ[4][0] -> [5][7]X1Q 
 (    0.00 ) Start Transmit from  PEQ[4][0] -> [5][0]X1Q 
 (    0.00 ) Msg[33] Arrives in PEQ[3][7] -> [4][5] 
 (    0.00 ) Msg[33] Decides in PEQ[3][7] -> [4][5]X1Q 
 (    0.00 ) Start Transmit from  PEQ[3][7] -> [4][7]X1Q 
 (    0.00 ) Msg[34] Arrives in PEQ[3][6] -> [3][2] 
 (    0.00 ) Msg[34] Decides in PEQ[3][6] -> [3][2]E2Q 
 (    0.00 ) Start Transmit from  PEQ[3][6] -> [3][4]E2Q 
 (    0.00 ) Msg[35] Arrives in PEQ[3][5] -> [4][7] 
 (    0.00 ) Msg[35] Decides in PEQ[3][5] -> [4][7]X1Q 
 (    0.00 ) Start Transmit from  PEQ[3][5] -> [4][5]X1Q 
 (    0.00 ) Msg[36] Arrives in PEQ[3][4] -> [5][1] 
 (    0.00 ) Msg[36] Decides in PEQ[3][4] -> [5][1]X1Q 
 (    0.00 ) Start Transmit from  PEQ[3][4] -> [4][4]X1Q 
 (    0.00 ) Msg[37] Arrives in PEQ[3][3] -> [3][0] 
 (    0.00 ) Msg[37] Decides in PEQ[3][3] -> [3][0]Y2Q 
 (    0.00 ) Start Transmit from  PEQ[3][3] -> [3][2]Y2Q 
 (    0.00 ) Msg[38] Arrives in PEQ[3][2] -> [0][2] 
 (    0.00 ) Msg[38] Decides in PEQ[3][2] -> [0][2]X2Q 
 (    0.00 ) Start Transmit from  PEQ[3][2] -> [2][2]X2Q 
 (    0.00 ) Msg[39] Arrives in PEQ[3][1] -> [7][2] 
 (    0.00 ) Msg[39] Decides in PEQ[3][1] -> [7][2]E1Q 
 (    0.00 ) Start Transmit from  PEQ[3][1] -> [5][1]E1Q 
 (    0.00 ) Msg[40] Arrives in PEQ[3][0] -> [0][1] 
 (    0.00 ) Msg[40] Decides in PEQ[3][0] -> [0][1]X2Q 
 (    0.00 ) Start Transmit from  PEQ[3][0] -> [2][0]X2Q 
 (    0.00 ) Msg[41] Arrives in PEQ[2][7] -> [4][1] 
 (    0.00 ) Msg[41] Decides in PEQ[2][7] -> [4][1]X1Q 
 (    0.00 ) Start Transmit from  PEQ[2][7] -> [3][7]X1Q 
 (    0.00 ) Msg[42] Arrives in PEQ[2][6] -> [3][3] 
 (    0.00 ) Msg[42] Decides in PEQ[2][6] -> [3][3]X1Q 
 (    0.00 ) Start Transmit from  PEQ[2][6] -> [3][6]X1Q 
 (    0.00 ) Msg[43] Arrives in PEQ[2][5] -> [6][5] 
 (    0.00 ) Msg[43] Decides in PEQ[2][5] -> [6][5]X1Q 
 (    0.00 ) Start Transmit from  PEQ[2][5] -> [3][5]X1Q 
 (    0.00 ) Msg[44] Arrives in PEQ[2][4] -> [3][6] 
 (    0.00 ) Msg[44] Decides in PEQ[2][4] -> [3][6]X1Q 
 (    0.00 ) Start Transmit from  PEQ[2][4] -> [3][4]X1Q 
 (    0.00 ) Msg[45] Arrives in PEQ[2][3] -> [0][4] 
 (    0.00 ) Msg[45] Decides in PEQ[2][3] -> [0][4]X2Q 
 (    0.00 ) Start Transmit from  PEQ[2][3] -> [1][3]X2Q 
 (    0.00 ) Msg[46] Arrives in PEQ[2][2] -> [6][1] 
 (    0.00 ) Msg[46] Decides in PEQ[2][2] -> [6][1]E1Q 
 (    0.00 ) Start Transmit from  PEQ[2][2] -> [4][2]E1Q 
 (    0.00 ) Msg[47] Arrives in PEQ[2][1] -> [2][2] 
 (    0.00 ) Msg[47] Decides in PEQ[2][1] -> [2][2]Y1Q 
 (    0.00 ) Start Transmit from  PEQ[2][1] -> [2][2]Y1Q 
 (    0.00 ) Msg[48] Arrives in PEQ[2][0] -> [2][6] 
 (    0.00 ) Msg[48] Decides in PEQ[2][0] -> [2][6]Y1Q 
 (    0.00 ) Start Transmit from  PEQ[2][0] -> [2][1]Y1Q 
 (    0.00 ) Msg[49] Arrives in PEQ[1][7] -> [2][7] 
 (    0.00 ) Msg[49] Decides in PEQ[1][7] -> [2][7]X1Q 
 (    0.00 ) Start Transmit from  PEQ[1][7] -> [2][7]X1Q 
 (    0.00 ) Msg[50] Arrives in PEQ[1][6] -> [6][1] 
 (    0.00 ) Msg[50] Decides in PEQ[1][6] -> [6][1]X1Q 
 (    0.00 ) Start Transmit from  PEQ[1][6] -> [2][6]X1Q 
 (    0.00 ) Msg[51] Arrives in PEQ[1][5] -> [3][6] 
 (    0.00 ) Msg[51] Decides in PEQ[1][5] -> [3][6]E1Q 
 (    0.00 ) Start Transmit from  PEQ[1][5] -> [3][5]E1Q 
 (    0.00 ) Msg[52] Arrives in PEQ[1][4] -> [1][6] 
 (    0.00 ) Msg[52] Decides in PEQ[1][4] -> [1][6]E1Q 
 (    0.00 ) Start Transmit from  PEQ[1][4] -> [1][6]E1Q 
 (    0.00 ) Msg[53] Arrives in PEQ[1][3] -> [6][3] 
 (    0.00 ) Msg[53] Decides in PEQ[1][3] -> [6][3]E1Q 
 (    0.00 ) Start Transmit from  PEQ[1][3] -> [3][3]E1Q 
 (    0.00 ) Msg[54] Arrives in PEQ[1][2] -> [0][1] 
 (    0.00 ) Msg[54] Decides in PEQ[1][2] -> [0][1]X2Q 
 (    0.00 ) Start Transmit from  PEQ[1][2] -> [0][2]X2Q 
 (    0.00 ) Msg[55] Arrives in PEQ[1][1] -> [7][4] 
 (    0.00 ) Msg[55] Decides in PEQ[1][1] -> [7][4]E1Q 
 (    0.00 ) Start Transmit from  PEQ[1][1] -> [3][1]E1Q 
 (    0.00 ) Msg[56] Arrives in PEQ[1][0] -> [3][4] 
 (    0.00 ) Msg[56] Decides in PEQ[1][0] -> [3][4]X1Q 
 (    0.00 ) Start Transmit from  PEQ[1][0] -> [2][0]X1Q 
 (    0.00 ) Msg[57] Arrives in PEQ[0][7] -> [6][7] 
 (    0.00 ) Msg[57] Decides in PEQ[0][7] -> [6][7]X1Q 
 (    0.00 ) Start Transmit from  PEQ[0][7] -> [1][7]X1Q 
 (    0.00 ) Msg[58] Arrives in PEQ[0][6] -> [1][4] 
 (    0.00 ) Msg[58] Decides in PEQ[0][6] -> [1][4]X1Q 
 (    0.00 ) Start Transmit from  PEQ[0][6] -> [1][6]X1Q 
 (    0.00 ) Msg[59] Arrives in PEQ[0][5] -> [7][4] 
 (    0.00 ) Msg[59] Decides in PEQ[0][5] -> [7][4]X1Q 
 (    0.00 ) Start Transmit from  PEQ[0][5] -> [1][5]X1Q 
 (    0.00 ) Msg[60] Arrives in PEQ[0][4] -> [2][5] 
 (    0.00 ) Msg[60] Decides in PEQ[0][4] -> [2][5]E1Q 
 (    0.00 ) Start Transmit from  PEQ[0][4] -> [2][4]E1Q 
 (    0.00 ) Msg[61] Arrives in PEQ[0][3] -> [3][0] 
 (    0.00 ) Msg[61] Decides in PEQ[0][3] -> [3][0]X1Q 
 (    0.00 ) Start Transmit from  PEQ[0][3] -> [1][3]X1Q 
 (    0.00 ) Msg[62] Arrives in PEQ[0][2] -> [3][6] 
 (    0.00 ) Msg[62] Decides in PEQ[0][2] -> [3][6]E1Q 
 (    0.00 ) Start Transmit from  PEQ[0][2] -> [2][2]E1Q 
 (    0.00 ) Msg[63] Arrives in PEQ[0][1] -> [7][4] 
 (    0.00 ) Msg[63] Decides in PEQ[0][1] -> [7][4]X1Q 
 (    0.00 ) Start Transmit from  PEQ[0][1] -> [1][1]X1Q 
 (    0.00 ) Msg[64] Arrives in PEQ[0][0] -> [6][4] 
 (    0.00 ) Msg[64] Decides in PEQ[0][0] -> [6][4]E1Q 
 (    0.00 ) Start Transmit from  PEQ[0][0] -> [2][0]E1Q 
 (    1.14 ) Msg[65] Arrives in PEQ[6][4] -> [1][1] 
 (    1.14 ) Msg[65] Not Head Of Queue in PEQ[6][4] -> [1][1] 
 (    2.12 ) Msg[66] Arrives in PEQ[1][0] -> [7][7] 
 (    2.12 ) Msg[66] Not Head Of Queue in PEQ[1][0] -> [7][7] 
 (    4.72 ) Msg[67] Arrives in PEQ[4][3] -> [1][1] 
 (    4.72 ) Msg[67] Not Head Of Queue in PEQ[4][3] -> [1][1] 
 (    8.18 ) Msg[68] Arrives in PEQ[3][5] -> [4][5] 
 (    8.18 ) Msg[68] Not Head Of Queue in PEQ[3][5] -> [4][5] 
 (   10.78 ) Msg[69] Arrives in PEQ[2][7] -> [3][1] 
 (   10.78 ) Msg[69] Not Head Of Queue in PEQ[2][7] -> [3][1] 
 (   21.31 ) Msg[70] Arrives in PEQ[3][6] -> [2][6] 
 (   21.31 ) Msg[70] Not Head Of Queue in PEQ[3][6] -> [2][6] 
 (   21.94 ) Msg[71] Arrives in PEQ[3][4] -> [4][7] 
 (   21.94 ) Msg[71] Not Head Of Queue in PEQ[3][4] -> [4][7] 
 (   25.20 ) Msg[72] Arrives in PEQ[5][6] -> [5][7] 
 (   25.20 ) Msg[72] Not Head Of Queue in PEQ[5][6] -> [5][7] 
 (   25.60 ) Msg[73] Arrives in PEQ[1][1] -> [1][2] 
 (   25.