Simulation Starting Time 2021-08-31 06:35:32
Welcome to Network-On-Chip 2D Mesh Simulator 
This simulator was designed based on The Discrete Event Simulation.
It's a final year project to obtain the Master Degree
Student developer : Ziraoui Zakaria 
Supervisor: Prof. Mohamed Ould-Khaoua

Network Simulation Parameters :

Topology : 32 x 32 Mesh 
Number of Nodes  : 1024 
Routing : Dimension-ordered (DOR)
Traffic : Uniform Random
Message length : 32 phits
Injection Rate : 200
Transmission Time : 32 Cycles
Batch Means Method : Yes

Please wait, Simulation has been started...

Batch N° 1 : Mean Response Time : 500.10 cycles	Mean Waiting Time : 53.02 cycles	Throughput : 1.893
Batch N° 2 : Mean Response Time : 806.07 cycles	Mean Waiting Time : 186.63 cycles	Throughput : 3.293
Batch N° 3 : Mean Response Time : 995.87 cycles	Mean Waiting Time : 345.67 cycles	Throughput : 3.569
Batch N° 4 : Mean Response Time : 1148.48 cycles	Mean Waiting Time : 482.17 cycles	Throughput : 3.696
Batch N° 5 : Mean Response Time : 1301.35 cycles	Mean Waiting Time : 633.93 cycles	Throughput : 3.677
Batch N° 6 : Mean Response Time : 1400.80 cycles	Mean Waiting Time : 734.26 cycles	Throughput : 3.769
Batch N° 7 : Mean Response Time : 1508.30 cycles	Mean Waiting Time : 842.21 cycles	Throughput : 3.823
Batch N° 8 : Mean Response Time : 1647.25 cycles	Mean Waiting Time : 973.09 cycles	Throughput : 3.673
Batch N° 9 : Mean Response Time : 1776.08 cycles	Mean Waiting Time : 1095.33 cycles	Throughput : 3.750
Batch N°10 : Mean Response Time : 1844.21 cycles	Mean Waiting Time : 1177.71 cycles	Throughput : 3.775

End Of The Simulation at T= 5971.00 cycles
Injection Rate : 200
Batch Size : 2000
Number of Batches : 10
Number of Clients Served : 20000
Overall Response Time : 1292.85 cycles
Overall Waiting  Time : 652.40 cycles
Overall Throughput : 3.492 
Standard Deviation Response Time : 434.06351 cycles
Standard Deviation Waiting  Time : 382.57993 cycles
Standard Deviation Throughput : 0.581532 