Simulation Starting Time 2021-08-31 05:57:51
Welcome to Network-On-Chip ExpressCube Simulator 
This simulator was designed based on The Discrete Event Simulation.
It's a final year project to obtain the Master Degree
Student developer : Ziraoui Zakaria 
Supervisor: Prof. Mohamed Ould-Khaoua

Network Simulation Parameters :

Topology : 16 x 16 Express Cube with 2 Hops
Number of Nodes  : 256 
Routing : Dimension-ordered (DOR)
Traffic : Uniform Random
Message length : 32 phits
Injection Rate : 250
Transmission Time Normal  Links : 32 Cycles
Transmission Time Express Links : 32 Cycles
Batch Means Method : Yes

Please wait, Simulation has been started...

Batch N° 1 : Mean Response Time : 231.27 cycles	Mean Waiting Time : 14.84 cycles	Throughput : 1.035
Batch N° 2 : Mean Response Time : 239.79 cycles	Mean Waiting Time : 13.54 cycles	Throughput : 1.008
Batch N° 3 : Mean Response Time : 228.74 cycles	Mean Waiting Time : 12.52 cycles	Throughput : 1.018
Batch N° 4 : Mean Response Time : 244.04 cycles	Mean Waiting Time : 19.00 cycles	Throughput : 1.056
Batch N° 5 : Mean Response Time : 231.54 cycles	Mean Waiting Time : 13.50 cycles	Throughput : 1.027
Batch N° 6 : Mean Response Time : 233.80 cycles	Mean Waiting Time : 13.54 cycles	Throughput : 1.037
Batch N° 7 : Mean Response Time : 234.19 cycles	Mean Waiting Time : 13.71 cycles	Throughput : 1.025
Batch N° 8 : Mean Response Time : 238.87 cycles	Mean Waiting Time : 16.96 cycles	Throughput : 1.036
Batch N° 9 : Mean Response Time : 235.36 cycles	Mean Waiting Time : 12.83 cycles	Throughput : 1.029
Batch N°10 : Mean Response Time : 237.33 cycles	Mean Waiting Time : 14.85 cycles	Throughput : 1.011

End Of The Simulation at T= 19455.39 cycles
Injection Rate : 250
Batch Size : 2000
Number of Batches : 10
Number of Clients Served : 20000
Overall Response Time : 235.49 cycles
Overall Waiting  Time : 14.53 cycles
Overall Throughput : 1.028 
Standard Deviation Response Time : 4.59324 cycles
Standard Deviation Waiting  Time : 2.02061 cycles
Standard Deviation Throughput : 0.014198 