Simulation Starting Time 2021-09-01 06:06:28
Welcome to Network-On-Chip ExpressCube Simulator 
This simulator was designed based on The Discrete Event Simulation.
It's a final year project to obtain the Master Degree
Student developer : Ziraoui Zakaria 
Supervisor: Prof. Mohamed Ould-Khaoua

Network Simulation Parameters :

Topology : 16 x 16 Express Cube with 2 Hops
Number of Nodes  : 256 
Routing : Dimension-ordered (DOR)
Traffic : Hotspot [8][8]
Message length : 32 phits
Injection Rate : 100
Transmission Time Normal  Links : 32 Cycles
Transmission Time Express Links : 32 Cycles
Batch Means Method : Yes

Please wait, Simulation has been started...

Batch N° 1 : Mean Response Time : 323.82 cycles	Mean Waiting Time : 105.87 cycles	Throughput : 1.524
Batch N° 2 : Mean Response Time : 525.68 cycles	Mean Waiting Time : 283.22 cycles	Throughput : 1.876
Batch N° 3 : Mean Response Time : 707.51 cycles	Mean Waiting Time : 459.05 cycles	Throughput : 1.856
Batch N° 4 : Mean Response Time : 845.41 cycles	Mean Waiting Time : 598.63 cycles	Throughput : 1.873
Batch N° 5 : Mean Response Time : 950.76 cycles	Mean Waiting Time : 714.25 cycles	Throughput : 1.858
Batch N° 6 : Mean Response Time : 1133.88 cycles	Mean Waiting Time : 891.18 cycles	Throughput : 1.911
Batch N° 7 : Mean Response Time : 1258.84 cycles	Mean Waiting Time : 1014.35 cycles	Throughput : 1.907
Batch N° 8 : Mean Response Time : 1380.85 cycles	Mean Waiting Time : 1135.77 cycles	Throughput : 1.922
Batch N° 9 : Mean Response Time : 1472.32 cycles	Mean Waiting Time : 1228.67 cycles	Throughput : 1.923
Batch N°10 : Mean Response Time : 1560.67 cycles	Mean Waiting Time : 1318.87 cycles	Throughput : 1.878

End Of The Simulation at T= 10840.84 cycles
Injection Rate : 100
Batch Size : 2000
Number of Batches : 10
Number of Clients Served : 20000
Overall Response Time : 1015.97 cycles
Overall Waiting  Time : 774.99 cycles
Overall Throughput : 1.853 
Standard Deviation Response Time : 416.18900 cycles
Standard Deviation Waiting  Time : 411.87418 cycles
Standard Deviation Throughput : 0.118104 