Simulation Starting Time 2021-09-02 06:43:24
Welcome to Network-On-Chip ExpressCube Simulator 
This simulator was designed based on The Discrete Event Simulation.
It's a final year project to obtain the Master Degree
Student developer : Ziraoui Zakaria 
Supervisor: Prof. Mohamed Ould-Khaoua

Network Simulation Parameters :

Topology : 32 x 32 Express Cube with 2 Hops
Number of Nodes  : 1024 
Routing : Dimension-ordered (DOR)
Traffic : Uniform Random
Message length : 32 phits
Injection Rate : 90
Transmission Time Normal  Links : 64 Cycles
Transmission Time Express Links : 64 Cycles
Batch Means Method : Yes

Please wait, Simulation has been started...

Batch N° 1 : Mean Response Time : 629.43 cycles	Mean Waiting Time : 162.40 cycles	Throughput : 1.423
Batch N° 2 : Mean Response Time : 1171.38 cycles	Mean Waiting Time : 575.00 cycles	Throughput : 2.226
Batch N° 3 : Mean Response Time : 1618.16 cycles	Mean Waiting Time : 986.49 cycles	Throughput : 2.232
Batch N° 4 : Mean Response Time : 2032.00 cycles	Mean Waiting Time : 1402.69 cycles	Throughput : 2.232
Batch N° 5 : Mean Response Time : 2415.84 cycles	Mean Waiting Time : 1779.81 cycles	Throughput : 2.232
Batch N° 6 : Mean Response Time : 2860.44 cycles	Mean Waiting Time : 2215.75 cycles	Throughput : 2.232
Batch N° 7 : Mean Response Time : 3205.07 cycles	Mean Waiting Time : 2567.28 cycles	Throughput : 2.232
Batch N° 8 : Mean Response Time : 3526.45 cycles	Mean Waiting Time : 2898.49 cycles	Throughput : 2.232
Batch N° 9 : Mean Response Time : 4002.61 cycles	Mean Waiting Time : 3354.72 cycles	Throughput : 2.296
Batch N°10 : Mean Response Time : 4434.40 cycles	Mean Waiting Time : 3799.34 cycles	Throughput : 2.334

End Of The Simulation at T= 9408.00 cycles
Injection Rate : 90
Batch Size : 2000
Number of Batches : 10
Number of Clients Served : 20000
Overall Response Time : 2589.58 cycles
Overall Waiting  Time : 1974.20 cycles
Overall Throughput : 2.167 
Standard Deviation Response Time : 1241.33301 cycles
Standard Deviation Waiting  Time : 1205.62402 cycles
Standard Deviation Throughput : 0.263994 