Simulation Starting Time 2021-08-31 05:30:18
Welcome to Network-On-Chip ExpressCube Simulator 
This simulator was designed based on The Discrete Event Simulation.
It's a final year project to obtain the Master Degree
Student developer : Ziraoui Zakaria 
Supervisor: Prof. Mohamed Ould-Khaoua

Network Simulation Parameters :

Topology : 8 x 8 Express Cube with 2 Hops
Number of Nodes  : 64 
Routing : Dimension-ordered (DOR)
Traffic : Uniform Random
Message length : 32 phits
Injection Rate : 400
Transmission Time Normal  Links : 32 Cycles
Transmission Time Express Links : 32 Cycles
Batch Means Method : Yes

Please wait, Simulation has been started...

Batch N° 1 : Mean Response Time : 120.38 cycles	Mean Waiting Time : 2.53 cycles	Throughput : 0.168
Batch N° 2 : Mean Response Time : 119.69 cycles	Mean Waiting Time : 2.02 cycles	Throughput : 0.152
Batch N° 3 : Mean Response Time : 120.94 cycles	Mean Waiting Time : 2.04 cycles	Throughput : 0.156
Batch N° 4 : Mean Response Time : 119.99 cycles	Mean Waiting Time : 2.12 cycles	Throughput : 0.164
Batch N° 5 : Mean Response Time : 120.61 cycles	Mean Waiting Time : 1.90 cycles	Throughput : 0.161
Batch N° 6 : Mean Response Time : 122.36 cycles	Mean Waiting Time : 1.97 cycles	Throughput : 0.158
Batch N° 7 : Mean Response Time : 120.58 cycles	Mean Waiting Time : 1.66 cycles	Throughput : 0.158
Batch N° 8 : Mean Response Time : 120.86 cycles	Mean Waiting Time : 1.90 cycles	Throughput : 0.155
Batch N° 9 : Mean Response Time : 119.79 cycles	Mean Waiting Time : 2.19 cycles	Throughput : 0.160
Batch N°10 : Mean Response Time : 119.20 cycles	Mean Waiting Time : 2.12 cycles	Throughput : 0.164

End Of The Simulation at T= 125447.23 cycles
Injection Rate : 400
Batch Size : 2000
Number of Batches : 10
Number of Clients Served : 20000
Overall Response Time : 120.44 cycles
Overall Waiting  Time : 2.04 cycles
Overall Throughput : 0.160 
Standard Deviation Response Time : 0.87467 cycles
Standard Deviation Waiting  Time : 0.22790 cycles
Standard Deviation Throughput : 0.004791 