Simulation Starting Time 2021-09-01 06:08:45
Welcome to Network-On-Chip ExpressCube Simulator 
This simulator was designed based on The Discrete Event Simulation.
It's a final year project to obtain the Master Degree
Student developer : Ziraoui Zakaria 
Supervisor: Prof. Mohamed Ould-Khaoua

Network Simulation Parameters :

Topology : 16 x 16 Express Cube with 8 Hops
Number of Nodes  : 256 
Routing : Dimension-ordered (DOR)
Traffic : Hotspot [8][8]
Message length : 32 phits
Injection Rate : 90
Transmission Time Normal  Links : 32 Cycles
Transmission Time Express Links : 32 Cycles
Batch Means Method : Yes

Please wait, Simulation has been started...

Batch N° 1 : Mean Response Time : 379.55 cycles	Mean Waiting Time : 113.26 cycles	Throughput : 1.470
Batch N° 2 : Mean Response Time : 605.63 cycles	Mean Waiting Time : 311.27 cycles	Throughput : 1.812
Batch N° 3 : Mean Response Time : 813.96 cycles	Mean Waiting Time : 520.86 cycles	Throughput : 1.874
Batch N° 4 : Mean Response Time : 989.89 cycles	Mean Waiting Time : 692.94 cycles	Throughput : 1.858
Batch N° 5 : Mean Response Time : 1207.69 cycles	Mean Waiting Time : 908.83 cycles	Throughput : 1.838
Batch N° 6 : Mean Response Time : 1367.19 cycles	Mean Waiting Time : 1069.70 cycles	Throughput : 1.859
Batch N° 7 : Mean Response Time : 1519.79 cycles	Mean Waiting Time : 1224.93 cycles	Throughput : 1.876
Batch N° 8 : Mean Response Time : 1707.21 cycles	Mean Waiting Time : 1408.92 cycles	Throughput : 1.876
Batch N° 9 : Mean Response Time : 1957.05 cycles	Mean Waiting Time : 1651.38 cycles	Throughput : 1.888
Batch N°10 : Mean Response Time : 2221.83 cycles	Mean Waiting Time : 1919.66 cycles	Throughput : 1.815

End Of The Simulation at T= 11065.86 cycles
Injection Rate : 90
Batch Size : 2000
Number of Batches : 10
Number of Clients Served : 20000
Overall Response Time : 1276.98 cycles
Overall Waiting  Time : 982.17 cycles
Overall Throughput : 1.817 
Standard Deviation Response Time : 593.02789 cycles
Standard Deviation Waiting  Time : 585.22595 cycles
Standard Deviation Throughput : 0.124568 