Simulation Starting Time 2021-09-02 06:30:50
Welcome to Network-On-Chip 2D Mesh Simulator 
This simulator was designed based on The Discrete Event Simulation.
It's a final year project to obtain the Master Degree
Student developer : Ziraoui Zakaria 
Supervisor: Prof. Mohamed Ould-Khaoua

Network Simulation Parameters :

Topology : 32 x 32 Mesh 
Number of Nodes  : 1024 
Routing : Dimension-ordered (DOR)
Traffic : Uniform Random
Message length : 32 phits
Injection Rate : 90
Transmission Time : 32 Cycles
Batch Means Method : Yes

Please wait, Simulation has been started...

Batch N° 1 : Mean Response Time : 453.88 cycles	Mean Waiting Time : 77.48 cycles	Throughput : 2.075
Batch N° 2 : Mean Response Time : 788.70 cycles	Mean Waiting Time : 269.14 cycles	Throughput : 3.703
Batch N° 3 : Mean Response Time : 1018.48 cycles	Mean Waiting Time : 482.80 cycles	Throughput : 3.676
Batch N° 4 : Mean Response Time : 1266.73 cycles	Mean Waiting Time : 699.07 cycles	Throughput : 3.906
Batch N° 5 : Mean Response Time : 1467.58 cycles	Mean Waiting Time : 903.47 cycles	Throughput : 3.906
Batch N° 6 : Mean Response Time : 1633.15 cycles	Mean Waiting Time : 1081.00 cycles	Throughput : 4.140
Batch N° 7 : Mean Response Time : 1875.05 cycles	Mean Waiting Time : 1303.48 cycles	Throughput : 3.924
Batch N° 8 : Mean Response Time : 2094.46 cycles	Mean Waiting Time : 1519.64 cycles	Throughput : 3.938
Batch N° 9 : Mean Response Time : 2227.49 cycles	Mean Waiting Time : 1666.56 cycles	Throughput : 4.001
Batch N°10 : Mean Response Time : 2479.59 cycles	Mean Waiting Time : 1909.65 cycles	Throughput : 4.036

End Of The Simulation at T= 5568.00 cycles
Injection Rate : 90
Batch Size : 2000
Number of Batches : 10
Number of Clients Served : 20000
Overall Response Time : 1530.51 cycles
Overall Waiting  Time : 991.23 cycles
Overall Throughput : 3.731 
Standard Deviation Response Time : 656.50165 cycles
Standard Deviation Waiting  Time : 613.93610 cycles
Standard Deviation Throughput : 0.598284 