Simulation Starting Time 2021-08-31 07:00:28
Welcome to Network-On-Chip ExpressCube Simulator 
This simulator was designed based on The Discrete Event Simulation.
It's a final year project to obtain the Master Degree
Student developer : Ziraoui Zakaria 
Supervisor: Prof. Mohamed Ould-Khaoua

Network Simulation Parameters :

Topology : 32 x 32 Express Cube with 8 Hops
Number of Nodes  : 1024 
Routing : Dimension-ordered (DOR)
Traffic : Uniform Random
Message length : 32 phits
Injection Rate : 1000
Transmission Time Normal  Links : 32 Cycles
Transmission Time Express Links : 32 Cycles
Batch Means Method : Yes

Please wait, Simulation has been started...

Batch N° 1 : Mean Response Time : 370.82 cycles	Mean Waiting Time : 6.40 cycles	Throughput : 1.487
Batch N° 2 : Mean Response Time : 383.24 cycles	Mean Waiting Time : 1.42 cycles	Throughput : 1.015
Batch N° 3 : Mean Response Time : 389.44 cycles	Mean Waiting Time : 1.58 cycles	Throughput : 1.071
Batch N° 4 : Mean Response Time : 379.71 cycles	Mean Waiting Time : 1.47 cycles	Throughput : 1.012
Batch N° 5 : Mean Response Time : 388.12 cycles	Mean Waiting Time : 1.21 cycles	Throughput : 1.034
Batch N° 6 : Mean Response Time : 385.31 cycles	Mean Waiting Time : 1.49 cycles	Throughput : 0.999
Batch N° 7 : Mean Response Time : 389.09 cycles	Mean Waiting Time : 1.60 cycles	Throughput : 1.028
Batch N° 8 : Mean Response Time : 381.72 cycles	Mean Waiting Time : 2.05 cycles	Throughput : 1.020
Batch N° 9 : Mean Response Time : 391.94 cycles	Mean Waiting Time : 1.78 cycles	Throughput : 1.062
Batch N°10 : Mean Response Time : 386.19 cycles	Mean Waiting Time : 1.24 cycles	Throughput : 1.029

End Of The Simulation at T= 18830.43 cycles
Injection Rate : 1000
Batch Size : 2000
Number of Batches : 10
Number of Clients Served : 20000
Overall Response Time : 384.56 cycles
Overall Waiting  Time : 2.02 cycles
Overall Throughput : 1.076 
Standard Deviation Response Time : 6.11880 cycles
Standard Deviation Waiting  Time : 1.55659 cycles
Standard Deviation Throughput : 0.146132 