Simulation Starting Time 2021-09-02 06:13:29
Welcome to Network-On-Chip 2D Mesh Simulator 
This simulator was designed based on The Discrete Event Simulation.
It's a final year project to obtain the Master Degree
Student developer : Ziraoui Zakaria 
Supervisor: Prof. Mohamed Ould-Khaoua

Network Simulation Parameters :

Topology : 16 x 16 Mesh 
Number of Nodes  : 256 
Routing : Dimension-ordered (DOR)
Traffic : Uniform Random
Message length : 32 phits
Injection Rate : 250
Transmission Time : 32 Cycles
Batch Means Method : Yes

Please wait, Simulation has been started...

Batch N° 1 : Mean Response Time : 361.71 cycles	Mean Waiting Time : 33.19 cycles	Throughput : 0.997
Batch N° 2 : Mean Response Time : 377.47 cycles	Mean Waiting Time : 32.43 cycles	Throughput : 1.023
Batch N° 3 : Mean Response Time : 385.80 cycles	Mean Waiting Time : 34.51 cycles	Throughput : 0.996
Batch N° 4 : Mean Response Time : 374.99 cycles	Mean Waiting Time : 28.99 cycles	Throughput : 1.019
Batch N° 5 : Mean Response Time : 390.99 cycles	Mean Waiting Time : 36.54 cycles	Throughput : 1.002
Batch N° 6 : Mean Response Time : 376.24 cycles	Mean Waiting Time : 31.23 cycles	Throughput : 1.062
Batch N° 7 : Mean Response Time : 368.99 cycles	Mean Waiting Time : 27.66 cycles	Throughput : 0.982
Batch N° 8 : Mean Response Time : 378.06 cycles	Mean Waiting Time : 28.65 cycles	Throughput : 1.019
Batch N° 9 : Mean Response Time : 382.12 cycles	Mean Waiting Time : 34.78 cycles	Throughput : 1.023
Batch N°10 : Mean Response Time : 390.72 cycles	Mean Waiting Time : 33.98 cycles	Throughput : 0.997

End Of The Simulation at T= 19771.78 cycles
Injection Rate : 250
Batch Size : 2000
Number of Batches : 10
Number of Clients Served : 20000
Overall Response Time : 378.71 cycles
Overall Waiting  Time : 32.20 cycles
Overall Throughput : 1.012 
Standard Deviation Response Time : 9.20389 cycles
Standard Deviation Waiting  Time : 2.97008 cycles
Standard Deviation Throughput : 0.022481 