Simulation Starting Time 2021-09-02 05:22:32
Welcome to Network-On-Chip ExpressCube Simulator 
This simulator was designed based on The Discrete Event Simulation.
It's a final year project to obtain the Master Degree
Student developer : Ziraoui Zakaria 
Supervisor: Prof. Mohamed Ould-Khaoua

Network Simulation Parameters :

Topology : 8 x 8 Express Cube with 4 Hops
Number of Nodes  : 64 
Routing : Dimension-ordered (DOR)
Traffic : Uniform Random
Message length : 32 phits
Injection Rate : 160
Transmission Time Normal  Links : 96 Cycles
Transmission Time Express Links : 96 Cycles
Batch Means Method : Yes

Please wait, Simulation has been started...

Batch N° 1 : Mean Response Time : 1287.78 cycles	Mean Waiting Time : 810.03 cycles	Throughput : 0.280
Batch N° 2 : Mean Response Time : 2792.47 cycles	Mean Waiting Time : 2281.53 cycles	Throughput : 0.300
Batch N° 3 : Mean Response Time : 4150.21 cycles	Mean Waiting Time : 3643.10 cycles	Throughput : 0.310
Batch N° 4 : Mean Response Time : 5346.32 cycles	Mean Waiting Time : 4842.54 cycles	Throughput : 0.315
Batch N° 5 : Mean Response Time : 6513.50 cycles	Mean Waiting Time : 6007.64 cycles	Throughput : 0.320
Batch N° 6 : Mean Response Time : 7518.44 cycles	Mean Waiting Time : 7013.55 cycles	Throughput : 0.316
Batch N° 7 : Mean Response Time : 8436.81 cycles	Mean Waiting Time : 7925.35 cycles	Throughput : 0.311
Batch N° 8 : Mean Response Time : 9479.53 cycles	Mean Waiting Time : 8972.78 cycles	Throughput : 0.312
Batch N° 9 : Mean Response Time : 10900.97 cycles	Mean Waiting Time : 10387.11 cycles	Throughput : 0.309
Batch N°10 : Mean Response Time : 11495.88 cycles	Mean Waiting Time : 10982.93 cycles	Throughput : 0.316

End Of The Simulation at T= 64800.00 cycles
Injection Rate : 160
Batch Size : 2000
Number of Batches : 10
Number of Clients Served : 20000
Overall Response Time : 6792.19 cycles
Overall Waiting  Time : 6286.66 cycles
Overall Throughput : 0.309 
Standard Deviation Response Time : 3414.11133 cycles
Standard Deviation Waiting  Time : 3407.24438 cycles
Standard Deviation Throughput : 0.011388 