Simulation Starting Time 2021-08-31 05:59:12
Welcome to Network-On-Chip ExpressCube Simulator 
This simulator was designed based on The Discrete Event Simulation.
It's a final year project to obtain the Master Degree
Student developer : Ziraoui Zakaria 
Supervisor: Prof. Mohamed Ould-Khaoua

Network Simulation Parameters :

Topology : 16 x 16 Express Cube with 4 Hops
Number of Nodes  : 256 
Routing : Dimension-ordered (DOR)
Traffic : Uniform Random
Message length : 32 phits
Injection Rate : 350
Transmission Time Normal  Links : 32 Cycles
Transmission Time Express Links : 32 Cycles
Batch Means Method : Yes

Please wait, Simulation has been started...

Batch N° 1 : Mean Response Time : 212.86 cycles	Mean Waiting Time : 5.00 cycles	Throughput : 0.775
Batch N° 2 : Mean Response Time : 211.40 cycles	Mean Waiting Time : 4.13 cycles	Throughput : 0.704
Batch N° 3 : Mean Response Time : 214.88 cycles	Mean Waiting Time : 4.09 cycles	Throughput : 0.743
Batch N° 4 : Mean Response Time : 215.35 cycles	Mean Waiting Time : 4.06 cycles	Throughput : 0.738
Batch N° 5 : Mean Response Time : 219.92 cycles	Mean Waiting Time : 4.63 cycles	Throughput : 0.728
Batch N° 6 : Mean Response Time : 214.59 cycles	Mean Waiting Time : 3.90 cycles	Throughput : 0.735
Batch N° 7 : Mean Response Time : 213.46 cycles	Mean Waiting Time : 4.14 cycles	Throughput : 0.728
Batch N° 8 : Mean Response Time : 221.51 cycles	Mean Waiting Time : 4.70 cycles	Throughput : 0.715
Batch N° 9 : Mean Response Time : 214.84 cycles	Mean Waiting Time : 3.81 cycles	Throughput : 0.748
Batch N°10 : Mean Response Time : 214.96 cycles	Mean Waiting Time : 3.61 cycles	Throughput : 0.723

End Of The Simulation at T= 27280.10 cycles
Injection Rate : 350
Batch Size : 2000
Number of Batches : 10
Number of Clients Served : 20000
Overall Response Time : 215.38 cycles
Overall Waiting  Time : 4.21 cycles
Overall Throughput : 0.734 
Standard Deviation Response Time : 3.08162 cycles
Standard Deviation Waiting  Time : 0.43512 cycles
Standard Deviation Throughput : 0.019554 