Simulation Starting Time 2021-08-31 05:58:11
Welcome to Network-On-Chip ExpressCube Simulator 
This simulator was designed based on The Discrete Event Simulation.
It's a final year project to obtain the Master Degree
Student developer : Ziraoui Zakaria 
Supervisor: Prof. Mohamed Ould-Khaoua

Network Simulation Parameters :

Topology : 16 x 16 Express Cube with 2 Hops
Number of Nodes  : 256 
Routing : Dimension-ordered (DOR)
Traffic : Uniform Random
Message length : 32 phits
Injection Rate : 70
Transmission Time Normal  Links : 32 Cycles
Transmission Time Express Links : 32 Cycles
Batch Means Method : Yes

Please wait, Simulation has been started...

Batch N° 1 : Mean Response Time : 335.65 cycles	Mean Waiting Time : 122.76 cycles	Throughput : 1.786
Batch N° 2 : Mean Response Time : 634.62 cycles	Mean Waiting Time : 397.84 cycles	Throughput : 2.179
Batch N° 3 : Mean Response Time : 857.52 cycles	Mean Waiting Time : 616.62 cycles	Throughput : 2.207
Batch N° 4 : Mean Response Time : 1085.64 cycles	Mean Waiting Time : 843.03 cycles	Throughput : 2.155
Batch N° 5 : Mean Response Time : 1298.59 cycles	Mean Waiting Time : 1059.11 cycles	Throughput : 2.182
Batch N° 6 : Mean Response Time : 1537.74 cycles	Mean Waiting Time : 1293.55 cycles	Throughput : 2.180
Batch N° 7 : Mean Response Time : 1760.16 cycles	Mean Waiting Time : 1516.46 cycles	Throughput : 2.155
Batch N° 8 : Mean Response Time : 1970.09 cycles	Mean Waiting Time : 1728.55 cycles	Throughput : 2.197
Batch N° 9 : Mean Response Time : 2201.31 cycles	Mean Waiting Time : 1956.80 cycles	Throughput : 2.143
Batch N°10 : Mean Response Time : 2472.62 cycles	Mean Waiting Time : 2227.08 cycles	Throughput : 2.182

End Of The Simulation at T= 9393.98 cycles
Injection Rate : 70
Batch Size : 2000
Number of Batches : 10
Number of Clients Served : 20000
Overall Response Time : 1415.39 cycles
Overall Waiting  Time : 1176.18 cycles
Overall Throughput : 2.137 
Standard Deviation Response Time : 698.09308 cycles
Standard Deviation Waiting  Time : 691.35498 cycles
Standard Deviation Throughput : 0.124889 