Simulation Starting Time 2021-09-02 06:13:22
Welcome to Network-On-Chip 2D Mesh Simulator 
This simulator was designed based on The Discrete Event Simulation.
It's a final year project to obtain the Master Degree
Student developer : Ziraoui Zakaria 
Supervisor: Prof. Mohamed Ould-Khaoua

Network Simulation Parameters :

Topology : 16 x 16 Mesh 
Number of Nodes  : 256 
Routing : Dimension-ordered (DOR)
Traffic : Uniform Random
Message length : 32 phits
Injection Rate : 9200
Transmission Time : 32 Cycles
Batch Means Method : Yes

Please wait, Simulation has been started...

Batch N° 1 : Mean Response Time : 322.86 cycles	Mean Waiting Time : 0.65 cycles	Throughput : 0.030
Batch N° 2 : Mean Response Time : 322.38 cycles	Mean Waiting Time : 0.07 cycles	Throughput : 0.027
Batch N° 3 : Mean Response Time : 317.44 cycles	Mean Waiting Time : 0.05 cycles	Throughput : 0.028
Batch N° 4 : Mean Response Time : 322.60 cycles	Mean Waiting Time : 0.03 cycles	Throughput : 0.027
Batch N° 5 : Mean Response Time : 321.36 cycles	Mean Waiting Time : 0.08 cycles	Throughput : 0.029
Batch N° 6 : Mean Response Time : 329.73 cycles	Mean Waiting Time : 0.02 cycles	Throughput : 0.028
Batch N° 7 : Mean Response Time : 328.66 cycles	Mean Waiting Time : 0.03 cycles	Throughput : 0.028
Batch N° 8 : Mean Response Time : 315.75 cycles	Mean Waiting Time : 0.06 cycles	Throughput : 0.029
Batch N° 9 : Mean Response Time : 316.93 cycles	Mean Waiting Time : 0.07 cycles	Throughput : 0.028
Batch N°10 : Mean Response Time : 320.27 cycles	Mean Waiting Time : 0.08 cycles	Throughput : 0.027

End Of The Simulation at T= 710542.75 cycles
Injection Rate : 9200
Batch Size : 2000
Number of Batches : 10
Number of Clients Served : 20000
Overall Response Time : 321.80 cycles
Overall Waiting  Time : 0.11 cycles
Overall Throughput : 0.028 
Standard Deviation Response Time : 4.63942 cycles
Standard Deviation Waiting  Time : 0.18888 cycles
Standard Deviation Throughput : 0.000999 