Simulation Starting Time 2021-08-31 06:33:21
Welcome to Network-On-Chip 2D Mesh Simulator 
This simulator was designed based on The Discrete Event Simulation.
It's a final year project to obtain the Master Degree
Student developer : Ziraoui Zakaria 
Supervisor: Prof. Mohamed Ould-Khaoua

Network Simulation Parameters :

Topology : 32 x 32 Mesh 
Number of Nodes  : 1024 
Routing : Dimension-ordered (DOR)
Traffic : Uniform Random
Message length : 32 phits
Injection Rate : 400
Transmission Time : 32 Cycles
Batch Means Method : Yes

Please wait, Simulation has been started...

Batch N° 1 : Mean Response Time : 549.57 cycles	Mean Waiting Time : 33.33 cycles	Throughput : 1.689
Batch N° 2 : Mean Response Time : 801.74 cycles	Mean Waiting Time : 83.87 cycles	Throughput : 2.626
Batch N° 3 : Mean Response Time : 779.14 cycles	Mean Waiting Time : 79.48 cycles	Throughput : 2.583
Batch N° 4 : Mean Response Time : 781.43 cycles	Mean Waiting Time : 79.23 cycles	Throughput : 2.571
Batch N° 5 : Mean Response Time : 766.38 cycles	Mean Waiting Time : 71.83 cycles	Throughput : 2.584
Batch N° 6 : Mean Response Time : 759.34 cycles	Mean Waiting Time : 65.46 cycles	Throughput : 2.599
Batch N° 7 : Mean Response Time : 768.21 cycles	Mean Waiting Time : 65.97 cycles	Throughput : 2.478
Batch N° 8 : Mean Response Time : 757.21 cycles	Mean Waiting Time : 64.36 cycles	Throughput : 2.549
Batch N° 9 : Mean Response Time : 786.13 cycles	Mean Waiting Time : 68.57 cycles	Throughput : 2.638
Batch N°10 : Mean Response Time : 763.96 cycles	Mean Waiting Time : 64.01 cycles	Throughput : 2.513

End Of The Simulation at T= 8186.60 cycles
Injection Rate : 400
Batch Size : 2000
Number of Batches : 10
Number of Clients Served : 20000
Overall Response Time : 751.31 cycles
Overall Waiting  Time : 67.61 cycles
Overall Throughput : 2.483 
Standard Deviation Response Time : 72.19594 cycles
Standard Deviation Waiting  Time : 14.00327 cycles
Standard Deviation Throughput : 0.283136 