Simulation Starting Time 2021-09-02 05:21:19
Welcome to Network-On-Chip ExpressCube Simulator 
This simulator was designed based on The Discrete Event Simulation.
It's a final year project to obtain the Master Degree
Student developer : Ziraoui Zakaria 
Supervisor: Prof. Mohamed Ould-Khaoua

Network Simulation Parameters :

Topology : 8 x 8 Express Cube with 2 Hops
Number of Nodes  : 64 
Routing : Dimension-ordered (DOR)
Traffic : Uniform Random
Message length : 32 phits
Injection Rate : 80
Transmission Time Normal  Links : 64 Cycles
Transmission Time Express Links : 64 Cycles
Batch Means Method : Yes

Please wait, Simulation has been started...

Batch N° 1 : Mean Response Time : 861.94 cycles	Mean Waiting Time : 580.25 cycles	Throughput : 0.501
Batch N° 2 : Mean Response Time : 1780.98 cycles	Mean Waiting Time : 1484.17 cycles	Throughput : 0.562
Batch N° 3 : Mean Response Time : 2678.09 cycles	Mean Waiting Time : 2373.51 cycles	Throughput : 0.562
Batch N° 4 : Mean Response Time : 3647.00 cycles	Mean Waiting Time : 3343.75 cycles	Throughput : 0.553
Batch N° 5 : Mean Response Time : 4534.29 cycles	Mean Waiting Time : 4230.75 cycles	Throughput : 0.551
Batch N° 6 : Mean Response Time : 5429.37 cycles	Mean Waiting Time : 5122.66 cycles	Throughput : 0.568
Batch N° 7 : Mean Response Time : 6100.01 cycles	Mean Waiting Time : 5796.06 cycles	Throughput : 0.549
Batch N° 8 : Mean Response Time : 6972.61 cycles	Mean Waiting Time : 6667.83 cycles	Throughput : 0.569
Batch N° 9 : Mean Response Time : 7632.34 cycles	Mean Waiting Time : 7324.92 cycles	Throughput : 0.567
Batch N°10 : Mean Response Time : 8828.86 cycles	Mean Waiting Time : 8521.72 cycles	Throughput : 0.555

End Of The Simulation at T= 36178.52 cycles
Injection Rate : 80
Batch Size : 2000
Number of Batches : 10
Number of Clients Served : 20000
Overall Response Time : 4846.55 cycles
Overall Waiting  Time : 4544.56 cycles
Overall Throughput : 0.554 
Standard Deviation Response Time : 2615.42090 cycles
Standard Deviation Waiting  Time : 2609.65381 cycles
Standard Deviation Throughput : 0.019949 