Simulation Starting Time 2021-08-17 05:43:40
Welcome to Network-On-Chip 2D Mesh Simulator 
This simulator was designed based on The Discrete Event Simulation.
It's a final year project to obtain the Master Degree
Student developer : Ziraoui Zakaria 
Supervisor: Prof. Mohamed Ould-Khaoua

Network Simulation Parameters :

Topology : 8 x 8 Mesh 
Number of Nodes  : 64 
Routing : Dimension-ordered (DOR)
Traffic : Uniform Random
Message length : 32 phits
Injection Rate : 10500
Transmission Time : 32 Cycles
Batch Means Method : Yes

Please wait, Simulation has been started...

Batch N° 1 : Mean Response Time : 154.26 cycles	Mean Waiting Time : 0.08 cycles	Throughput : 0.006
Batch N° 2 : Mean Response Time : 152.55 cycles	Mean Waiting Time : 0.05 cycles	Throughput : 0.006
Batch N° 3 : Mean Response Time : 154.50 cycles	Mean Waiting Time : 0.05 cycles	Throughput : 0.006
Batch N° 4 : Mean Response Time : 153.20 cycles	Mean Waiting Time : 0.06 cycles	Throughput : 0.006
Batch N° 5 : Mean Response Time : 153.57 cycles	Mean Waiting Time : 0.05 cycles	Throughput : 0.006
Batch N° 6 : Mean Response Time : 153.68 cycles	Mean Waiting Time : 0.04 cycles	Throughput : 0.006
Batch N° 7 : Mean Response Time : 155.25 cycles	Mean Waiting Time : 0.06 cycles	Throughput : 0.006
Batch N° 8 : Mean Response Time : 154.02 cycles	Mean Waiting Time : 0.07 cycles	Throughput : 0.006
Batch N° 9 : Mean Response Time : 153.75 cycles	Mean Waiting Time : 0.05 cycles	Throughput : 0.006
Batch N°10 : Mean Response Time : 153.51 cycles	Mean Waiting Time : 0.04 cycles	Throughput : 0.006
Batch N°11 : Mean Response Time : 154.38 cycles	Mean Waiting Time : 0.07 cycles	Throughput : 0.006
Batch N°12 : Mean Response Time : 154.63 cycles	Mean Waiting Time : 0.05 cycles	Throughput : 0.006
Batch N°13 : Mean Response Time : 152.04 cycles	Mean Waiting Time : 0.05 cycles	Throughput : 0.006
Batch N°14 : Mean Response Time : 152.81 cycles	Mean Waiting Time : 0.05 cycles	Throughput : 0.006
Batch N°15 : Mean Response Time : 151.77 cycles	Mean Waiting Time : 0.07 cycles	Throughput : 0.006
Batch N°16 : Mean Response Time : 153.88 cycles	Mean Waiting Time : 0.05 cycles	Throughput : 0.006
Batch N°17 : Mean Response Time : 153.68 cycles	Mean Waiting Time : 0.05 cycles	Throughput : 0.006
Batch N°18 : Mean Response Time : 154.29 cycles	Mean Waiting Time : 0.05 cycles	Throughput : 0.006
Batch N°19 : Mean Response Time : 154.28 cycles	Mean Waiting Time : 0.05 cycles	Throughput : 0.006
Batch N°20 : Mean Response Time : 153.09 cycles	Mean Waiting Time : 0.05 cycles	Throughput : 0.006
Batch N°21 : Mean Response Time : 154.24 cycles	Mean Waiting Time : 0.04 cycles	Throughput : 0.006
Batch N°22 : Mean Response Time : 154.86 cycles	Mean Waiting Time : 0.07 cycles	Throughput : 0.006
Batch N°23 : Mean Response Time : 153.49 cycles	Mean Waiting Time : 0.05 cycles	Throughput : 0.005
Batch N°24 : Mean Response Time : 151.62 cycles	Mean Waiting Time : 0.05 cycles	Throughput : 0.005
Batch N°25 : Mean Response Time : 154.53 cycles	Mean Waiting Time : 0.05 cycles	Throughput : 0.005
Batch N°26 : Mean Response Time : 153.85 cycles	Mean Waiting Time : 0.06 cycles	Throughput : 0.005
Batch N°27 : Mean Response Time : 153.16 cycles	Mean Waiting Time : 0.05 cycles	Throughput : 0.005
Batch N°28 : Mean Response Time : 153.23 cycles	Mean Waiting Time : 0.04 cycles	Throughput : 0.005
Batch N°29 : Mean Response Time : 153.59 cycles	Mean Waiting Time : 0.04 cycles	Throughput : 0.005
Batch N°30 : Mean Response Time : 154.31 cycles	Mean Waiting Time : 0.05 cycles	Throughput : 0.005
Batch N°31 : Mean Response Time : 154.01 cycles	Mean Waiting Time : 0.05 cycles	Throughput : 0.005
Batch N°32 : Mean Response Time : 152.84 cycles	Mean Waiting Time : 0.04 cycles	Throughput : 0.005
Batch N°33 : Mean Response Time : 153.20 cycles	Mean Waiting Time : 0.04 cycles	Throughput : 0.005
Batch N°34 : Mean Response Time : 154.40 cycles	Mean Waiting Time : 0.04 cycles	Throughput : 0.005
Batch N°35 : Mean Response Time : 154.97 cycles	Mean Waiting Time : 0.04 cycles	Throughput : 0.005
Batch N°36 : Mean Response Time : 154.29 cycles	Mean Waiting Time : 0.05 cycles	Throughput : 0.005

End Of The Simulation at T= 66372700.00 cycles
Injection Rate : 10500
Batch Size : 10000
Number of Batches : 36
Number of Clients Served : 360000
Overall Response Time : 153.72 cycles
Overall Waiting  Time : 0.05 cycles
Overall Throughput : 0.005 
Standard Deviation Response Time : 0.86157 cycles
Standard Deviation Waiting  Time : 0.01012 cycles
Standard Deviation Throughput : 0.000392 