Simulation Starting Time 2021-09-04 04:24:52
Welcome to Network-On-Chip ExpressCube Simulator 
This simulator was designed based on The Discrete Event Simulation.
It's a final year project to obtain the Master Degree
Student developer : Ziraoui Zakaria 
Supervisor: Prof. Mohamed Ould-Khaoua

Network Simulation Parameters :

Topology : 16 x 16 Express Cube with 8 Hops
Number of Nodes  : 256 
Routing : Dimension-ordered (DOR)
Traffic : Hotspot [8][8]
Message length : 32 phits
Injection Rate : 50
Transmission Time Normal  Links : 160 Cycles
Transmission Time Express Links : 160 Cycles
Batch Means Method : Yes

Please wait, Simulation has been started...

Batch N° 1 : Mean Response Time : 2982.31 cycles	Mean Waiting Time : 1777.99 cycles	Throughput : 0.338
Batch N° 2 : Mean Response Time : 7066.73 cycles	Mean Waiting Time : 5640.02 cycles	Throughput : 0.442
Batch N° 3 : Mean Response Time : 10922.05 cycles	Mean Waiting Time : 9505.04 cycles	Throughput : 0.436
Batch N° 4 : Mean Response Time : 14640.31 cycles	Mean Waiting Time : 13203.83 cycles	Throughput : 0.446
Batch N° 5 : Mean Response Time : 18380.35 cycles	Mean Waiting Time : 16936.02 cycles	Throughput : 0.445
Batch N° 6 : Mean Response Time : 22185.39 cycles	Mean Waiting Time : 20754.01 cycles	Throughput : 0.432
Batch N° 7 : Mean Response Time : 25963.44 cycles	Mean Waiting Time : 24541.07 cycles	Throughput : 0.431
Batch N° 8 : Mean Response Time : 29837.63 cycles	Mean Waiting Time : 28393.20 cycles	Throughput : 0.440
Batch N° 9 : Mean Response Time : 33479.66 cycles	Mean Waiting Time : 32060.30 cycles	Throughput : 0.453
Batch N°10 : Mean Response Time : 37164.36 cycles	Mean Waiting Time : 35711.84 cycles	Throughput : 0.431

End Of The Simulation at T= 46880.00 cycles
Injection Rate : 50
Batch Size : 2000
Number of Batches : 10
Number of Clients Served : 20000
Overall Response Time : 20262.22 cycles
Overall Waiting  Time : 18852.33 cycles
Overall Throughput : 0.429 
Standard Deviation Response Time : 11466.74414 cycles
Standard Deviation Waiting  Time : 11424.86523 cycles
Standard Deviation Throughput : 0.032982 