Simulation Starting Time 2021-08-31 05:57:47
Welcome to Network-On-Chip ExpressCube Simulator 
This simulator was designed based on The Discrete Event Simulation.
It's a final year project to obtain the Master Degree
Student developer : Ziraoui Zakaria 
Supervisor: Prof. Mohamed Ould-Khaoua

Network Simulation Parameters :

Topology : 16 x 16 Express Cube with 2 Hops
Number of Nodes  : 256 
Routing : Dimension-ordered (DOR)
Traffic : Uniform Random
Message length : 32 phits
Injection Rate : 10500
Transmission Time Normal  Links : 32 Cycles
Transmission Time Express Links : 32 Cycles
Batch Means Method : Yes

Please wait, Simulation has been started...

Batch N° 1 : Mean Response Time : 204.41 cycles	Mean Waiting Time : 1.15 cycles	Throughput : 0.029
Batch N° 2 : Mean Response Time : 203.99 cycles	Mean Waiting Time : 0.04 cycles	Throughput : 0.024
Batch N° 3 : Mean Response Time : 202.14 cycles	Mean Waiting Time : 0.09 cycles	Throughput : 0.024
Batch N° 4 : Mean Response Time : 202.25 cycles	Mean Waiting Time : 0.04 cycles	Throughput : 0.024
Batch N° 5 : Mean Response Time : 199.55 cycles	Mean Waiting Time : 0.06 cycles	Throughput : 0.024
Batch N° 6 : Mean Response Time : 205.79 cycles	Mean Waiting Time : 0.05 cycles	Throughput : 0.025
Batch N° 7 : Mean Response Time : 208.50 cycles	Mean Waiting Time : 0.07 cycles	Throughput : 0.024
Batch N° 8 : Mean Response Time : 204.84 cycles	Mean Waiting Time : 0.05 cycles	Throughput : 0.025
Batch N° 9 : Mean Response Time : 202.86 cycles	Mean Waiting Time : 0.05 cycles	Throughput : 0.025
Batch N°10 : Mean Response Time : 205.03 cycles	Mean Waiting Time : 0.07 cycles	Throughput : 0.024

End Of The Simulation at T= 806881.00 cycles
Injection Rate : 10500
Batch Size : 2000
Number of Batches : 10
Number of Clients Served : 20000
Overall Response Time : 203.94 cycles
Overall Waiting  Time : 0.17 cycles
Overall Throughput : 0.025 
Standard Deviation Response Time : 2.42682 cycles
Standard Deviation Waiting  Time : 0.34698 cycles
Standard Deviation Throughput : 0.001429 