Simulation Starting Time 2021-09-01 06:03:38
Welcome to Network-On-Chip ExpressCube Simulator 
This simulator was designed based on The Discrete Event Simulation.
It's a final year project to obtain the Master Degree
Student developer : Ziraoui Zakaria 
Supervisor: Prof. Mohamed Ould-Khaoua

Network Simulation Parameters :

Topology : 8 x 8 Express Cube with 2 Hops
Number of Nodes  : 64 
Routing : Dimension-ordered (DOR)
Traffic : Hotspot [4][4]
Message length : 32 phits
Injection Rate : 160
Transmission Time Normal  Links : 32 Cycles
Transmission Time Express Links : 32 Cycles
Batch Means Method : Yes

Please wait, Simulation has been started...

Batch N° 1 : Mean Response Time : 177.65 cycles	Mean Waiting Time : 56.71 cycles	Throughput : 0.381
Batch N° 2 : Mean Response Time : 263.65 cycles	Mean Waiting Time : 142.79 cycles	Throughput : 0.394
Batch N° 3 : Mean Response Time : 351.55 cycles	Mean Waiting Time : 228.75 cycles	Throughput : 0.397
Batch N° 4 : Mean Response Time : 396.31 cycles	Mean Waiting Time : 279.82 cycles	Throughput : 0.397
Batch N° 5 : Mean Response Time : 487.63 cycles	Mean Waiting Time : 365.58 cycles	Throughput : 0.406
Batch N° 6 : Mean Response Time : 598.15 cycles	Mean Waiting Time : 480.41 cycles	Throughput : 0.378
Batch N° 7 : Mean Response Time : 653.97 cycles	Mean Waiting Time : 531.73 cycles	Throughput : 0.381
Batch N° 8 : Mean Response Time : 760.14 cycles	Mean Waiting Time : 642.35 cycles	Throughput : 0.392
Batch N° 9 : Mean Response Time : 794.56 cycles	Mean Waiting Time : 672.12 cycles	Throughput : 0.392
Batch N°10 : Mean Response Time : 874.10 cycles	Mean Waiting Time : 752.97 cycles	Throughput : 0.397

End Of The Simulation at T= 51117.95 cycles
Injection Rate : 160
Batch Size : 2000
Number of Batches : 10
Number of Clients Served : 20000
Overall Response Time : 535.77 cycles
Overall Waiting  Time : 415.32 cycles
Overall Throughput : 0.391 
Standard Deviation Response Time : 237.49725 cycles
Standard Deviation Waiting  Time : 237.53372 cycles
Standard Deviation Throughput : 0.009020 