Simulation Starting Time 2021-09-01 06:06:12
Welcome to Network-On-Chip ExpressCube Simulator 
This simulator was designed based on The Discrete Event Simulation.
It's a final year project to obtain the Master Degree
Student developer : Ziraoui Zakaria 
Supervisor: Prof. Mohamed Ould-Khaoua

Network Simulation Parameters :

Topology : 16 x 16 Express Cube with 2 Hops
Number of Nodes  : 256 
Routing : Dimension-ordered (DOR)
Traffic : Hotspot [8][8]
Message length : 32 phits
Injection Rate : 10500
Transmission Time Normal  Links : 32 Cycles
Transmission Time Express Links : 32 Cycles
Batch Means Method : Yes

Please wait, Simulation has been started...

Batch N° 1 : Mean Response Time : 201.62 cycles	Mean Waiting Time : 1.18 cycles	Throughput : 0.029
Batch N° 2 : Mean Response Time : 195.93 cycles	Mean Waiting Time : 0.15 cycles	Throughput : 0.025
Batch N° 3 : Mean Response Time : 192.37 cycles	Mean Waiting Time : 0.22 cycles	Throughput : 0.023
Batch N° 4 : Mean Response Time : 197.96 cycles	Mean Waiting Time : 0.16 cycles	Throughput : 0.024
Batch N° 5 : Mean Response Time : 195.52 cycles	Mean Waiting Time : 0.10 cycles	Throughput : 0.025
Batch N° 6 : Mean Response Time : 196.58 cycles	Mean Waiting Time : 0.13 cycles	Throughput : 0.024
Batch N° 7 : Mean Response Time : 196.43 cycles	Mean Waiting Time : 0.12 cycles	Throughput : 0.024
Batch N° 8 : Mean Response Time : 198.30 cycles	Mean Waiting Time : 0.15 cycles	Throughput : 0.025
Batch N° 9 : Mean Response Time : 196.73 cycles	Mean Waiting Time : 0.19 cycles	Throughput : 0.025
Batch N°10 : Mean Response Time : 194.11 cycles	Mean Waiting Time : 0.14 cycles	Throughput : 0.024

End Of The Simulation at T= 810667.69 cycles
Injection Rate : 10500
Batch Size : 2000
Number of Batches : 10
Number of Clients Served : 20000
Overall Response Time : 196.55 cycles
Overall Waiting  Time : 0.25 cycles
Overall Throughput : 0.025 
Standard Deviation Response Time : 2.48878 cycles
Standard Deviation Waiting  Time : 0.32832 cycles
Standard Deviation Throughput : 0.001683 