Simulation Starting Time 2021-09-01 06:07:41
Welcome to Network-On-Chip ExpressCube Simulator 
This simulator was designed based on The Discrete Event Simulation.
It's a final year project to obtain the Master Degree
Student developer : Ziraoui Zakaria 
Supervisor: Prof. Mohamed Ould-Khaoua

Network Simulation Parameters :

Topology : 16 x 16 Express Cube with 4 Hops
Number of Nodes  : 256 
Routing : Dimension-ordered (DOR)
Traffic : Hotspot [8][8]
Message length : 32 phits
Injection Rate : 200
Transmission Time Normal  Links : 32 Cycles
Transmission Time Express Links : 32 Cycles
Batch Means Method : Yes

Please wait, Simulation has been started...

Batch N° 1 : Mean Response Time : 253.39 cycles	Mean Waiting Time : 41.81 cycles	Throughput : 1.145
Batch N° 2 : Mean Response Time : 312.64 cycles	Mean Waiting Time : 97.98 cycles	Throughput : 1.178
Batch N° 3 : Mean Response Time : 364.13 cycles	Mean Waiting Time : 150.41 cycles	Throughput : 1.139
Batch N° 4 : Mean Response Time : 420.05 cycles	Mean Waiting Time : 201.95 cycles	Throughput : 1.127
Batch N° 5 : Mean Response Time : 527.85 cycles	Mean Waiting Time : 311.95 cycles	Throughput : 1.123
Batch N° 6 : Mean Response Time : 548.47 cycles	Mean Waiting Time : 333.30 cycles	Throughput : 1.178
Batch N° 7 : Mean Response Time : 631.25 cycles	Mean Waiting Time : 411.02 cycles	Throughput : 1.130
Batch N° 8 : Mean Response Time : 708.07 cycles	Mean Waiting Time : 491.41 cycles	Throughput : 1.108
Batch N° 9 : Mean Response Time : 746.55 cycles	Mean Waiting Time : 526.92 cycles	Throughput : 1.167
Batch N°10 : Mean Response Time : 834.31 cycles	Mean Waiting Time : 618.88 cycles	Throughput : 1.143

End Of The Simulation at T= 17491.59 cycles
Injection Rate : 200
Batch Size : 2000
Number of Batches : 10
Number of Clients Served : 20000
Overall Response Time : 534.67 cycles
Overall Waiting  Time : 318.56 cycles
Overall Throughput : 1.144 
Standard Deviation Response Time : 195.77390 cycles
Standard Deviation Waiting  Time : 194.19576 cycles
Standard Deviation Throughput : 0.023690 