Simulation Starting Time 2021-09-01 06:04:56
Welcome to Network-On-Chip 2D Mesh Simulator 
This simulator was designed based on The Discrete Event Simulation.
It's a final year project to obtain the Master Degree
Student developer : Ziraoui Zakaria 
Supervisor: Prof. Mohamed Ould-Khaoua

Network Simulation Parameters :

Topology : 16 x 16 Mesh 
Number of Nodes  : 256 
Routing : Dimension-ordered (DOR)
Traffic : Hotspot [8][8]
Message length : 32 phits
Injection Rate : 32000
Transmission Time : 32 Cycles
Batch Means Method : Yes

Please wait, Simulation has been started...

Batch N° 1 : Mean Response Time : 307.15 cycles	Mean Waiting Time : 1.41 cycles	Throughput : 0.009
Batch N° 2 : Mean Response Time : 302.09 cycles	Mean Waiting Time : 0.04 cycles	Throughput : 0.008
Batch N° 3 : Mean Response Time : 311.11 cycles	Mean Waiting Time : 0.05 cycles	Throughput : 0.008
Batch N° 4 : Mean Response Time : 313.28 cycles	Mean Waiting Time : 0.04 cycles	Throughput : 0.008
Batch N° 5 : Mean Response Time : 311.31 cycles	Mean Waiting Time : 0.07 cycles	Throughput : 0.008
Batch N° 6 : Mean Response Time : 307.44 cycles	Mean Waiting Time : 0.08 cycles	Throughput : 0.008
Batch N° 7 : Mean Response Time : 309.60 cycles	Mean Waiting Time : 0.03 cycles	Throughput : 0.008
Batch N° 8 : Mean Response Time : 305.34 cycles	Mean Waiting Time : 0.04 cycles	Throughput : 0.008
Batch N° 9 : Mean Response Time : 303.33 cycles	Mean Waiting Time : 0.05 cycles	Throughput : 0.008
Batch N°10 : Mean Response Time : 308.75 cycles	Mean Waiting Time : 0.08 cycles	Throughput : 0.008

End Of The Simulation at T= 2452786.00 cycles
Injection Rate : 32000
Batch Size : 2000
Number of Batches : 10
Number of Clients Served : 20000
Overall Response Time : 307.94 cycles
Overall Waiting  Time : 0.19 cycles
Overall Throughput : 0.008 
Standard Deviation Response Time : 3.59482 cycles
Standard Deviation Waiting  Time : 0.43072 cycles
Standard Deviation Throughput : 0.000460 