Simulation Starting Time 2021-08-31 05:57:52
Welcome to Network-On-Chip ExpressCube Simulator 
This simulator was designed based on The Discrete Event Simulation.
It's a final year project to obtain the Master Degree
Student developer : Ziraoui Zakaria 
Supervisor: Prof. Mohamed Ould-Khaoua

Network Simulation Parameters :

Topology : 16 x 16 Express Cube with 2 Hops
Number of Nodes  : 256 
Routing : Dimension-ordered (DOR)
Traffic : Uniform Random
Message length : 32 phits
Injection Rate : 200
Transmission Time Normal  Links : 32 Cycles
Transmission Time Express Links : 32 Cycles
Batch Means Method : Yes

Please wait, Simulation has been started...

Batch N° 1 : Mean Response Time : 255.41 cycles	Mean Waiting Time : 35.12 cycles	Throughput : 1.286
Batch N° 2 : Mean Response Time : 256.32 cycles	Mean Waiting Time : 31.14 cycles	Throughput : 1.258
Batch N° 3 : Mean Response Time : 262.28 cycles	Mean Waiting Time : 34.48 cycles	Throughput : 1.286
Batch N° 4 : Mean Response Time : 255.03 cycles	Mean Waiting Time : 26.89 cycles	Throughput : 1.280
Batch N° 5 : Mean Response Time : 257.16 cycles	Mean Waiting Time : 29.08 cycles	Throughput : 1.268
Batch N° 6 : Mean Response Time : 251.60 cycles	Mean Waiting Time : 27.42 cycles	Throughput : 1.263
Batch N° 7 : Mean Response Time : 246.84 cycles	Mean Waiting Time : 25.11 cycles	Throughput : 1.272
Batch N° 8 : Mean Response Time : 265.43 cycles	Mean Waiting Time : 33.82 cycles	Throughput : 1.292
Batch N° 9 : Mean Response Time : 269.20 cycles	Mean Waiting Time : 36.65 cycles	Throughput : 1.303
Batch N°10 : Mean Response Time : 267.51 cycles	Mean Waiting Time : 36.19 cycles	Throughput : 1.274

End Of The Simulation at T= 15649.44 cycles
Injection Rate : 200
Batch Size : 2000
Number of Batches : 10
Number of Clients Served : 20000
Overall Response Time : 258.68 cycles
Overall Waiting  Time : 31.59 cycles
Overall Throughput : 1.278 
Standard Deviation Response Time : 7.22149 cycles
Standard Deviation Waiting  Time : 4.22397 cycles
Standard Deviation Throughput : 0.013797 