Simulation Starting Time 2021-09-01 06:08:24
Welcome to Network-On-Chip ExpressCube Simulator 
This simulator was designed based on The Discrete Event Simulation.
It's a final year project to obtain the Master Degree
Student developer : Ziraoui Zakaria 
Supervisor: Prof. Mohamed Ould-Khaoua

Network Simulation Parameters :

Topology : 16 x 16 Express Cube with 8 Hops
Number of Nodes  : 256 
Routing : Dimension-ordered (DOR)
Traffic : Hotspot [8][8]
Message length : 32 phits
Injection Rate : 1000
Transmission Time Normal  Links : 32 Cycles
Transmission Time Express Links : 32 Cycles
Batch Means Method : Yes

Please wait, Simulation has been started...

Batch N° 1 : Mean Response Time : 273.21 cycles	Mean Waiting Time : 5.59 cycles	Throughput : 0.285
Batch N° 2 : Mean Response Time : 280.28 cycles	Mean Waiting Time : 5.78 cycles	Throughput : 0.247
Batch N° 3 : Mean Response Time : 276.49 cycles	Mean Waiting Time : 8.53 cycles	Throughput : 0.257
Batch N° 4 : Mean Response Time : 279.09 cycles	Mean Waiting Time : 10.27 cycles	Throughput : 0.253
Batch N° 5 : Mean Response Time : 277.56 cycles	Mean Waiting Time : 5.50 cycles	Throughput : 0.263
Batch N° 6 : Mean Response Time : 281.39 cycles	Mean Waiting Time : 10.72 cycles	Throughput : 0.261
Batch N° 7 : Mean Response Time : 280.98 cycles	Mean Waiting Time : 8.51 cycles	Throughput : 0.254
Batch N° 8 : Mean Response Time : 278.58 cycles	Mean Waiting Time : 6.74 cycles	Throughput : 0.256
Batch N° 9 : Mean Response Time : 282.09 cycles	Mean Waiting Time : 10.07 cycles	Throughput : 0.257
Batch N°10 : Mean Response Time : 276.70 cycles	Mean Waiting Time : 6.69 cycles	Throughput : 0.255

End Of The Simulation at T= 77352.12 cycles
Injection Rate : 1000
Batch Size : 2000
Number of Batches : 10
Number of Clients Served : 20000
Overall Response Time : 278.64 cycles
Overall Waiting  Time : 7.84 cycles
Overall Throughput : 0.259 
Standard Deviation Response Time : 2.72721 cycles
Standard Deviation Waiting  Time : 2.03705 cycles
Standard Deviation Throughput : 0.010045 