Simulation Starting Time 2021-08-17 05:43:36
Welcome to Network-On-Chip 2D Mesh Simulator 
This simulator was designed based on The Discrete Event Simulation.
It's a final year project to obtain the Master Degree
Student developer : Ziraoui Zakaria 
Supervisor: Prof. Mohamed Ould-Khaoua

Network Simulation Parameters :

Topology : 8 x 8 Mesh 
Number of Nodes  : 64 
Routing : Dimension-ordered (DOR)
Traffic : Uniform Random
Message length : 32 phits
Injection Rate : 32000
Transmission Time : 32 Cycles
Batch Means Method : Yes

Please wait, Simulation has been started...

Batch N° 1 : Mean Response Time : 153.65 cycles	Mean Waiting Time : 0.02 cycles	Throughput : 0.002
Batch N° 2 : Mean Response Time : 153.90 cycles	Mean Waiting Time : 0.02 cycles	Throughput : 0.002
Batch N° 3 : Mean Response Time : 153.91 cycles	Mean Waiting Time : 0.02 cycles	Throughput : 0.002
Batch N° 4 : Mean Response Time : 153.95 cycles	Mean Waiting Time : 0.01 cycles	Throughput : 0.002
Batch N° 5 : Mean Response Time : 154.73 cycles	Mean Waiting Time : 0.02 cycles	Throughput : 0.002
Batch N° 6 : Mean Response Time : 152.52 cycles	Mean Waiting Time : 0.02 cycles	Throughput : 0.002
Batch N° 7 : Mean Response Time : 153.56 cycles	Mean Waiting Time : 0.02 cycles	Throughput : 0.002
Batch N° 8 : Mean Response Time : 153.24 cycles	Mean Waiting Time : 0.02 cycles	Throughput : 0.002
Batch N° 9 : Mean Response Time : 154.48 cycles	Mean Waiting Time : 0.02 cycles	Throughput : 0.002
Batch N°10 : Mean Response Time : 153.87 cycles	Mean Waiting Time : 0.01 cycles	Throughput : 0.002
Batch N°11 : Mean Response Time : 153.31 cycles	Mean Waiting Time : 0.03 cycles	Throughput : 0.002
Batch N°12 : Mean Response Time : 154.19 cycles	Mean Waiting Time : 0.01 cycles	Throughput : 0.002
Batch N°13 : Mean Response Time : 153.87 cycles	Mean Waiting Time : 0.01 cycles	Throughput : 0.002
Batch N°14 : Mean Response Time : 153.57 cycles	Mean Waiting Time : 0.02 cycles	Throughput : 0.002
Batch N°15 : Mean Response Time : 154.58 cycles	Mean Waiting Time : 0.02 cycles	Throughput : 0.002
Batch N°16 : Mean Response Time : 153.49 cycles	Mean Waiting Time : 0.02 cycles	Throughput : 0.002
Batch N°17 : Mean Response Time : 153.99 cycles	Mean Waiting Time : 0.01 cycles	Throughput : 0.002
Batch N°18 : Mean Response Time : 153.47 cycles	Mean Waiting Time : 0.01 cycles	Throughput : 0.002
Batch N°19 : Mean Response Time : 153.58 cycles	Mean Waiting Time : 0.02 cycles	Throughput : 0.002
Batch N°20 : Mean Response Time : 152.96 cycles	Mean Waiting Time : 0.01 cycles	Throughput : 0.002
Batch N°21 : Mean Response Time : 154.74 cycles	Mean Waiting Time : 0.02 cycles	Throughput : 0.002
Batch N°22 : Mean Response Time : 153.89 cycles	Mean Waiting Time : 0.01 cycles	Throughput : 0.002
Batch N°23 : Mean Response Time : 154.20 cycles	Mean Waiting Time : 0.02 cycles	Throughput : 0.002
Batch N°24 : Mean Response Time : 152.40 cycles	Mean Waiting Time : 0.01 cycles	Throughput : 0.002
Batch N°25 : Mean Response Time : 153.05 cycles	Mean Waiting Time : 0.02 cycles	Throughput : 0.002
Batch N°26 : Mean Response Time : 153.02 cycles	Mean Waiting Time : 0.01 cycles	Throughput : 0.002
Batch N°27 : Mean Response Time : 152.48 cycles	Mean Waiting Time : 0.01 cycles	Throughput : 0.002
Batch N°28 : Mean Response Time : 154.21 cycles	Mean Waiting Time : 0.02 cycles	Throughput : 0.002
Batch N°29 : Mean Response Time : 152.19 cycles	Mean Waiting Time : 0.01 cycles	Throughput : 0.002
Batch N°30 : Mean Response Time : 153.69 cycles	Mean Waiting Time : 0.02 cycles	Throughput : 0.002
Batch N°31 : Mean Response Time : 153.16 cycles	Mean Waiting Time : 0.02 cycles	Throughput : 0.002
Batch N°32 : Mean Response Time : 153.98 cycles	Mean Waiting Time : 0.02 cycles	Throughput : 0.002
Batch N°33 : Mean Response Time : 154.03 cycles	Mean Waiting Time : 0.02 cycles	Throughput : 0.002
Batch N°34 : Mean Response Time : 153.21 cycles	Mean Waiting Time : 0.01 cycles	Throughput : 0.002
Batch N°35 : Mean Response Time : 153.55 cycles	Mean Waiting Time : 0.01 cycles	Throughput : 0.002
Batch N°36 : Mean Response Time : 153.97 cycles	Mean Waiting Time : 0.02 cycles	Throughput : 0.002

End Of The Simulation at T= 199911456.00 cycles
Injection Rate : 32000
Batch Size : 10000
Number of Batches : 36
Number of Clients Served : 360000
Overall Response Time : 153.63 cycles
Overall Waiting  Time : 0.02 cycles
Overall Throughput : 0.002 
Standard Deviation Response Time : 0.63298 cycles
Standard Deviation Waiting  Time : 0.00485 cycles
Standard Deviation Throughput : 0.000112 