Simulation Starting Time 2021-09-04 05:04:35
Welcome to Network-On-Chip ExpressCube Simulator 
This simulator was designed based on The Discrete Event Simulation.
It's a final year project to obtain the Master Degree
Student developer : Ziraoui Zakaria 
Supervisor: Prof. Mohamed Ould-Khaoua

Network Simulation Parameters :

Topology : 32 x 32 Express Cube with 8 Hops
Number of Nodes  : 1024 
Routing : Dimension-ordered (DOR)
Traffic : Hotspot [16][16]
Message length : 32 phits
Injection Rate : 400
Transmission Time Normal  Links : 160 Cycles
Transmission Time Express Links : 160 Cycles
Batch Means Method : Yes

Please wait, Simulation has been started...

Batch N° 1 : Mean Response Time : 1472.27 cycles	Mean Waiting Time : 183.43 cycles	Throughput : 0.692
Batch N° 2 : Mean Response Time : 2250.75 cycles	Mean Waiting Time : 586.89 cycles	Throughput : 1.144
Batch N° 3 : Mean Response Time : 2708.86 cycles	Mean Waiting Time : 968.04 cycles	Throughput : 1.294
Batch N° 4 : Mean Response Time : 3145.25 cycles	Mean Waiting Time : 1355.44 cycles	Throughput : 1.232
Batch N° 5 : Mean Response Time : 3576.74 cycles	Mean Waiting Time : 1758.70 cycles	Throughput : 1.359
Batch N° 6 : Mean Response Time : 3880.93 cycles	Mean Waiting Time : 2086.01 cycles	Throughput : 1.328
Batch N° 7 : Mean Response Time : 4121.02 cycles	Mean Waiting Time : 2335.13 cycles	Throughput : 1.278
Batch N° 8 : Mean Response Time : 4446.91 cycles	Mean Waiting Time : 2628.93 cycles	Throughput : 1.282
Batch N° 9 : Mean Response Time : 5016.04 cycles	Mean Waiting Time : 3197.40 cycles	Throughput : 1.344
Batch N°10 : Mean Response Time : 5229.78 cycles	Mean Waiting Time : 3396.18 cycles	Throughput : 1.379

End Of The Simulation at T= 16849.10 cycles
Injection Rate : 400
Batch Size : 2000
Number of Batches : 10
Number of Clients Served : 20000
Overall Response Time : 3584.86 cycles
Overall Waiting  Time : 1849.61 cycles
Overall Throughput : 1.233 
Standard Deviation Response Time : 1205.35120 cycles
Standard Deviation Waiting  Time : 1080.51599 cycles
Standard Deviation Throughput : 0.202129 