Simulation Starting Time 2021-08-17 06:04:29
Welcome to Network-On-Chip ExpressCube Simulator 
This simulator was designed based on The Discrete Event Simulation.
It's a final year project to obtain the Master Degree
Student developer : Ziraoui Zakaria 
Supervisor: Prof. Mohamed Ould-Khaoua

Network Simulation Parameters :

Topology : 8 x 8 Express Cube with 4 Hops
Number of Nodes  : 64 
Routing : Dimension-ordered (DOR)
Traffic : Uniform Random
Message length : 32 phits
Injection Rate : 400
Transmission Time Normal  Links : 32 Cycles
Transmission Time Express Links : 32 Cycles
Batch Means Method : Yes

Please wait, Simulation has been started...

Batch N° 1 : Mean Response Time : 141.78 cycles	Mean Waiting Time : 2.21 cycles	Throughput : 0.160
Batch N° 2 : Mean Response Time : 140.05 cycles	Mean Waiting Time : 2.41 cycles	Throughput : 0.162
Batch N° 3 : Mean Response Time : 141.12 cycles	Mean Waiting Time : 2.38 cycles	Throughput : 0.159
Batch N° 4 : Mean Response Time : 140.28 cycles	Mean Waiting Time : 2.19 cycles	Throughput : 0.156
Batch N° 5 : Mean Response Time : 140.26 cycles	Mean Waiting Time : 2.24 cycles	Throughput : 0.157
Batch N° 6 : Mean Response Time : 140.54 cycles	Mean Waiting Time : 2.14 cycles	Throughput : 0.158
Batch N° 7 : Mean Response Time : 141.09 cycles	Mean Waiting Time : 1.91 cycles	Throughput : 0.149
Batch N° 8 : Mean Response Time : 140.62 cycles	Mean Waiting Time : 2.13 cycles	Throughput : 0.150
Batch N° 9 : Mean Response Time : 142.09 cycles	Mean Waiting Time : 1.98 cycles	Throughput : 0.149
Batch N°10 : Mean Response Time : 139.97 cycles	Mean Waiting Time : 2.12 cycles	Throughput : 0.149
Batch N°11 : Mean Response Time : 138.70 cycles	Mean Waiting Time : 1.96 cycles	Throughput : 0.151
Batch N°12 : Mean Response Time : 139.49 cycles	Mean Waiting Time : 2.11 cycles	Throughput : 0.151
Batch N°13 : Mean Response Time : 141.49 cycles	Mean Waiting Time : 2.05 cycles	Throughput : 0.149
Batch N°14 : Mean Response Time : 140.61 cycles	Mean Waiting Time : 2.10 cycles	Throughput : 0.147
Batch N°15 : Mean Response Time : 140.58 cycles	Mean Waiting Time : 2.13 cycles	Throughput : 0.145
Batch N°16 : Mean Response Time : 139.90 cycles	Mean Waiting Time : 2.00 cycles	Throughput : 0.148
Batch N°17 : Mean Response Time : 140.40 cycles	Mean Waiting Time : 1.99 cycles	Throughput : 0.142
Batch N°18 : Mean Response Time : 139.40 cycles	Mean Waiting Time : 1.83 cycles	Throughput : 0.143
Batch N°19 : Mean Response Time : 140.94 cycles	Mean Waiting Time : 1.98 cycles	Throughput : 0.145
Batch N°20 : Mean Response Time : 139.02 cycles	Mean Waiting Time : 1.86 cycles	Throughput : 0.145
Batch N°21 : Mean Response Time : 139.70 cycles	Mean Waiting Time : 1.89 cycles	Throughput : 0.143
Batch N°22 : Mean Response Time : 138.56 cycles	Mean Waiting Time : 1.95 cycles	Throughput : 0.141
Batch N°23 : Mean Response Time : 140.75 cycles	Mean Waiting Time : 1.86 cycles	Throughput : 0.141
Batch N°24 : Mean Response Time : 140.45 cycles	Mean Waiting Time : 1.81 cycles	Throughput : 0.142
Batch N°25 : Mean Response Time : 139.09 cycles	Mean Waiting Time : 1.91 cycles	Throughput : 0.141
Batch N°26 : Mean Response Time : 141.21 cycles	Mean Waiting Time : 2.05 cycles	Throughput : 0.145
Batch N°27 : Mean Response Time : 139.09 cycles	Mean Waiting Time : 1.93 cycles	Throughput : 0.143
Batch N°28 : Mean Response Time : 140.39 cycles	Mean Waiting Time : 1.94 cycles	Throughput : 0.142
Batch N°29 : Mean Response Time : 139.22 cycles	Mean Waiting Time : 1.82 cycles	Throughput : 0.138
Batch N°30 : Mean Response Time : 139.88 cycles	Mean Waiting Time : 1.87 cycles	Throughput : 0.138
Batch N°31 : Mean Response Time : 139.82 cycles	Mean Waiting Time : 1.80 cycles	Throughput : 0.137
Batch N°32 : Mean Response Time : 140.00 cycles	Mean Waiting Time : 1.74 cycles	Throughput : 0.132
Batch N°33 : Mean Response Time : 140.36 cycles	Mean Waiting Time : 1.77 cycles	Throughput : 0.135
Batch N°34 : Mean Response Time : 140.64 cycles	Mean Waiting Time : 1.68 cycles	Throughput : 0.132
Batch N°35 : Mean Response Time : 139.07 cycles	Mean Waiting Time : 1.63 cycles	Throughput : 0.131
Batch N°36 : Mean Response Time : 139.96 cycles	Mean Waiting Time : 1.65 cycles	Throughput : 0.128

End Of The Simulation at T= 2490121.50 cycles
Injection Rate : 400
Batch Size : 10000
Number of Batches : 36
Number of Clients Served : 360000
Overall Response Time : 140.18 cycles
Overall Waiting  Time : 1.97 cycles
Overall Throughput : 0.145 
Standard Deviation Response Time : 0.84689 cycles
Standard Deviation Waiting  Time : 0.18820 cycles
Standard Deviation Throughput : 0.008507 