Simulation Starting Time 2021-08-31 06:34:48
Welcome to Network-On-Chip 2D Mesh Simulator 
This simulator was designed based on The Discrete Event Simulation.
It's a final year project to obtain the Master Degree
Student developer : Ziraoui Zakaria 
Supervisor: Prof. Mohamed Ould-Khaoua

Network Simulation Parameters :

Topology : 32 x 32 Mesh 
Number of Nodes  : 1024 
Routing : Dimension-ordered (DOR)
Traffic : Uniform Random
Message length : 32 phits
Injection Rate : 250
Transmission Time : 32 Cycles
Batch Means Method : Yes

Please wait, Simulation has been started...

Batch N° 1 : Mean Response Time : 520.70 cycles	Mean Waiting Time : 46.84 cycles	Throughput : 1.838
Batch N° 2 : Mean Response Time : 809.34 cycles	Mean Waiting Time : 159.08 cycles	Throughput : 3.148
Batch N° 3 : Mean Response Time : 947.48 cycles	Mean Waiting Time : 263.61 cycles	Throughput : 3.394
Batch N° 4 : Mean Response Time : 1029.29 cycles	Mean Waiting Time : 349.06 cycles	Throughput : 3.524
Batch N° 5 : Mean Response Time : 1118.40 cycles	Mean Waiting Time : 433.20 cycles	Throughput : 3.472
Batch N° 6 : Mean Response Time : 1158.66 cycles	Mean Waiting Time : 482.34 cycles	Throughput : 3.597
Batch N° 7 : Mean Response Time : 1269.13 cycles	Mean Waiting Time : 574.00 cycles	Throughput : 3.546
Batch N° 8 : Mean Response Time : 1359.50 cycles	Mean Waiting Time : 651.22 cycles	Throughput : 3.472
Batch N° 9 : Mean Response Time : 1406.40 cycles	Mean Waiting Time : 705.70 cycles	Throughput : 3.647
Batch N°10 : Mean Response Time : 1453.58 cycles	Mean Waiting Time : 762.22 cycles	Throughput : 3.645

End Of The Simulation at T= 6249.07 cycles
Injection Rate : 250
Batch Size : 2000
Number of Batches : 10
Number of Clients Served : 20000
Overall Response Time : 1107.25 cycles
Overall Waiting  Time : 442.73 cycles
Overall Throughput : 3.328 
Standard Deviation Response Time : 291.82230 cycles
Standard Deviation Waiting  Time : 238.42828 cycles
Standard Deviation Throughput : 0.543500 