Simulation Starting Time Wed Jul 14 08:11:38 2021
Welcome to Network-On-Chip 2D Mesh Simulator 
This simulator was designed based on The Discrete Event Simulation.
It's a final year project to obtain the Master Degree
Student developer : Ziraoui Zakaria 
Supervisor: Prof. Mohamed Ould-Khaoua

Network Simulation Parameters :

Topology : 8 x 8 Mesh 
Number of Nodes  : 64 
Routing : Dimension-ordered (DOR)
Traffic : Uniform Random
Injection Rate : 80
Transmission Time : 32 ns

Please wait, Simulation has been started.

 (   0.00 ns) Msg[1] Arrives in PEQ[7][7] -> [6][2] 
 (   0.00 ns) Msg[1] Decides in PEQ[7][7] -> [6][2]X2Q 
 (   0.00 ns) Start Transmit from  PEQ[7][7] -> [6][7]X2Q 
 (   0.00 ns) Msg[2] Arrives in PEQ[7][6] -> [2][3] 
 (   0.00 ns) Msg[2] Decides in PEQ[7][6] -> [2][3]X2Q 
 (   0.00 ns) Start Transmit from  PEQ[7][6] -> [6][6]X2Q 
 (   0.00 ns) Msg[3] Arrives in PEQ[7][5] -> [4][5] 
 (   0.00 ns) Msg[3] Decides in PEQ[7][5] -> [4][5]X2Q 
 (   0.00 ns) Start Transmit from  PEQ[7][5] -> [6][5]X2Q 
 (   0.00 ns) Msg[4] Arrives in PEQ[7][4] -> [0][2] 
 (   0.00 ns) Msg[4] Decides in PEQ[7][4] -> [0][2]X2Q 
 (   0.00 ns) Start Transmit from  PEQ[7][4] -> [6][4]X2Q 
 (   0.00 ns) Msg[5] Arrives in PEQ[7][3] -> [2][2] 
 (   0.00 ns) Msg[5] Decides in PEQ[7][3] -> [2][2]X2Q 
 (   0.00 ns) Start Transmit from  PEQ[7][3] -> [6][3]X2Q 
 (   0.00 ns) Msg[6] Arrives in PEQ[7][2] -> [1][2] 
 (   0.00 ns) Msg[6] Decides in PEQ[7][2] -> [1][2]X2Q 
 (   0.00 ns) Start Transmit from  PEQ[7][2] -> [6][2]X2Q 
 (   0.00 ns) Msg[7] Arrives in PEQ[7][1] -> [4][0] 
 (   0.00 ns) Msg[7] Decides in PEQ[7][1] -> [4][0]X2Q 
 (   0.00 ns) Start Transmit from  PEQ[7][1] -> [6][1]X2Q 
 (   0.00 ns) Msg[8] Arrives in PEQ[7][0] -> [1][3] 
 (   0.00 ns) Msg[8] Decides in PEQ[7][0] -> [1][3]X2Q 
 (   0.00 ns) Start Transmit from  PEQ[7][0] -> [6][0]X2Q 
 (   0.00 ns) Msg[9] Arrives in PEQ[6][7] -> [6][0] 
 (   0.00 ns) Msg[9] Decides in PEQ[6][7] -> [6][0]Y2Q 
 (   0.00 ns) Start Transmit from  PEQ[6][7] -> [6][6]Y2Q 
 (   0.00 ns) Msg[10] Arrives in PEQ[6][6] -> [3][7] 
 (   0.00 ns) Msg[10] Decides in PEQ[6][6] -> [3][7]X2Q 
 (   0.00 ns) Start Transmit from  PEQ[6][6] -> [5][6]X2Q 
 (   0.00 ns) Msg[11] Arrives in PEQ[6][5] -> [4][5] 
 (   0.00 ns) Msg[11] Decides in PEQ[6][5] -> [4][5]X2Q 
 (   0.00 ns) Start Transmit from  PEQ[6][5] -> [5][5]X2Q 
 (   0.00 ns) Msg[12] Arrives in PEQ[6][4] -> [5][2] 
 (   0.00 ns) Msg[12] Decides in PEQ[6][4] -> [5][2]X2Q 
 (   0.00 ns) Start Transmit from  PEQ[6][4] -> [5][4]X2Q 
 (   0.00 ns) Msg[13] Arrives in PEQ[6][3] -> [1][6] 
 (   0.00 ns) Msg[13] Decides in PEQ[6][3] -> [1][6]X2Q 
 (   0.00 ns) Start Transmit from  PEQ[6][3] -> [5][3]X2Q 
 (   0.00 ns) Msg[14] Arrives in PEQ[6][2] -> [5][1] 
 (   0.00 ns) Msg[14] Decides in PEQ[6][2] -> [5][1]X2Q 
 (   0.00 ns) Start Transmit from  PEQ[6][2] -> [5][2]X2Q 
 (   0.00 ns) Msg[15] Arrives in PEQ[6][1] -> [5][2] 
 (   0.00 ns) Msg[15] Decides in PEQ[6][1] -> [5][2]X2Q 
 (   0.00 ns) Start Transmit from  PEQ[6][1] -> [5][1]X2Q 
 (   0.00 ns) Msg[16] Arrives in PEQ[6][0] -> [2][5] 
 (   0.00 ns) Msg[16] Decides in PEQ[6][0] -> [2][5]X2Q 
 (   0.00 ns) Start Transmit from  PEQ[6][0] -> [5][0]X2Q 
 (   0.00 ns) Msg[17] Arrives in PEQ[5][7] -> [1][4] 
 (   0.00 ns) Msg[17] Decides in PEQ[5][7] -> [1][4]X2Q 
 (   0.00 ns) Start Transmit from  PEQ[5][7] -> [4][7]X2Q 
 (   0.00 ns) Msg[18] Arrives in PEQ[5][6] -> [5][1] 
 (   0.00 ns) Msg[18] Decides in PEQ[5][6] -> [5][1]Y2Q 
 (   0.00 ns) Start Transmit from  PEQ[5][6] -> [5][5]Y2Q 
 (   0.00 ns) Msg[19] Arrives in PEQ[5][5] -> [3][3] 
 (   0.00 ns) Msg[19] Decides in PEQ[5][5] -> [3][3]X2Q 
 (   0.00 ns) Start Transmit from  PEQ[5][5] -> [4][5]X2Q 
 (   0.00 ns) Msg[20] Arrives in PEQ[5][4] -> [4][6] 
 (   0.00 ns) Msg[20] Decides in PEQ[5][4] -> [4][6]X2Q 
 (   0.00 ns) Start Transmit from  PEQ[5][4] -> [4][4]X2Q 
 (   0.00 ns) Msg[21] Arrives in PEQ[5][3] -> [4][5] 
 (   0.00 ns) Msg[21] Decides in PEQ[5][3] -> [4][5]X2Q 
 (   0.00 ns) Start Transmit from  PEQ[5][3] -> [4][3]X2Q 
 (   0.00 ns) Msg[22] Arrives in PEQ[5][2] -> [2][2] 
 (   0.00 ns) Msg[22] Decides in PEQ[5][2] -> [2][2]X2Q 
 (   0.00 ns) Start Transmit from  PEQ[5][2] -> [4][2]X2Q 
 (   0.00 ns) Msg[23] Arrives in PEQ[5][1] -> [1][6] 
 (   0.00 ns) Msg[23] Decides in PEQ[5][1] -> [1][6]X2Q 
 (   0.00 ns) Start Transmit from  PEQ[5][1] -> [4][1]X2Q 
 (   0.00 ns) Msg[24] Arrives in PEQ[5][0] -> [2][7] 
 (   0.00 ns) Msg[24] Decides in PEQ[5][0] -> [2][7]X2Q 
 (   0.00 ns) Start Transmit from  PEQ[5][0] -> [4][0]X2Q 
 (   0.00 ns) Msg[25] Arrives in PEQ[4][7] -> [2][5] 
 (   0.00 ns) Msg[25] Decides in PEQ[4][7] -> [2][5]X2Q 
 (   0.00 ns) Start Transmit from  PEQ[4][7] -> [3][7]X2Q 
 (   0.00 ns) Msg[26] Arrives in PEQ[4][6] -> [3][6] 
 (   0.00 ns) Msg[26] Decides in PEQ[4][6] -> [3][6]X2Q 
 (   0.00 ns) Start Transmit from  PEQ[4][6] -> [3][6]X2Q 
 (   0.00 ns) Msg[27] Arrives in PEQ[4][5] -> [3][4] 
 (   0.00 ns) Msg[27] Decides in PEQ[4][5] -> [3][4]X2Q 
 (   0.00 ns) Start Transmit from  PEQ[4][5] -> [3][5]X2Q 
 (   0.00 ns) Msg[28] Arrives in PEQ[4][4] -> [2][4] 
 (   0.00 ns) Msg[28] Decides in PEQ[4][4] -> [2][4]X2Q 
 (   0.00 ns) Start Transmit from  PEQ[4][4] -> [3][4]X2Q 
 (   0.00 ns) Msg[29] Arrives in PEQ[4][3] -> [3][3] 
 (   0.00 ns) Msg[29] Decides in PEQ[4][3] -> [3][3]X2Q 
 (   0.00 ns) Start Transmit from  PEQ[4][3] -> [3][3]X2Q 
 (   0.00 ns) Msg[30] Arrives in PEQ[4][2] -> [7][2] 
 (   0.00 ns) Msg[30] Decides in PEQ[4][2] -> [7][2]X1Q 
 (   0.00 ns) Start Transmit from  PEQ[4][2] -> [5][2]X1Q 
 (   0.00 ns) Msg[31] Arrives in PEQ[4][1] -> [6][2] 
 (   0.00 ns) Msg[31] Decides in PEQ[4][1] -> [6][2]X1Q 
 (   0.00 ns) Start Transmit from  PEQ[4][1] -> [5][1]X1Q 
 (   0.00 ns) Msg[32] Arrives in PEQ[4][0] -> [7][2] 
 (   0.00 ns) Msg[32] Decides in PEQ[4][0] -> [7][2]X1Q 
 (   0.00 ns) Start Transmit from  PEQ[4][0] -> [5][0]X1Q 
 (   0.00 ns) Msg[33] Arrives in PEQ[3][7] -> [4][6] 
 (   0.00 ns) Msg[33] Decides in PEQ[3][7] -> [4][6]X1Q 
 (   0.00 ns) Start Transmit from  PEQ[3][7] -> [4][7]X1Q 
 (   0.00 ns) Msg[34] Arrives in PEQ[3][6] -> [2][1] 
 (   0.00 ns) Msg[34] Decides in PEQ[3][6] -> [2][1]X2Q 
 (   0.00 ns) Start Transmit from  PEQ[3][6] -> [2][6]X2Q 
 (   0.00 ns) Msg[35] Arrives in PEQ[3][5] -> [2][2] 
 (   0.00 ns) Msg[35] Decides in PEQ[3][5] -> [2][2]X2Q 
 (   0.00 ns) Start Transmit from  PEQ[3][5] -> [2][5]X2Q 
 (   0.00 ns) Msg[36] Arrives in PEQ[3][4] -> [7][4] 
 (   0.00 ns) Msg[36] Decides in PEQ[3][4] -> [7][4]X1Q 
 (   0.00 ns) Start Transmit from  PEQ[3][4] -> [4][4]X1Q 
 (   0.00 ns) Msg[37] Arrives in PEQ[3][3] -> [6][3] 
 (   0.00 ns) Msg[37] Decides in PEQ[3][3] -> [6][3]X1Q 
 (   0.00 ns) Start Transmit from  PEQ[3][3] -> [4][3]X1Q 
 (   0.00 ns) Msg[38] Arrives in PEQ[3][2] -> [1][5] 
 (   0.00 ns) Msg[38] Decides in PEQ[3][2] -> [1][5]X2Q 
 (   0.00 ns) Start Transmit from  PEQ[3][2] -> [2][2]X2Q 
 (   0.00 ns) Msg[39] Arrives in PEQ[3][1] -> [1][7] 
 (   0.00 ns) Msg[39] Decides in PEQ[3][1] -> [1][7]X2Q 
 (   0.00 ns) Start Transmit from  PEQ[3][1] -> [2][1]X2Q 
 (   0.00 ns) Msg[40] Arrives in PEQ[3][0] -> [6][5] 
 (   0.00 ns) Msg[40] Decides in PEQ[3][0] -> [6][5]X1Q 
 (   0.00 ns) Start Transmit from  PEQ[3][0] -> [4][0]X1Q 
 (   0.00 ns) Msg[41] Arrives in PEQ[2][7] -> [2][1] 
 (   0.00 ns) Msg[41] Decides in PEQ[2][7] -> [2][1]Y2Q 
 (   0.00 ns) Start Transmit from  PEQ[2][7] -> [2][6]Y2Q 
 (   0.00 ns) Msg[42] Arrives in PEQ[2][6] -> [4][1] 
 (   0.00 ns) Msg[42] Decides in PEQ[2][6] -> [4][1]X1Q 
 (   0.00 ns) Start Transmit from  PEQ[2][6] -> [3][6]X1Q 
 (   0.00 ns) Msg[43] Arrives in PEQ[2][5] -> [5][5] 
 (   0.00 ns) Msg[43] Decides in PEQ[2][5] -> [5][5]X1Q 
 (   0.00 ns) Start Transmit from  PEQ[2][5] -> [3][5]X1Q 
 (   0.00 ns) Msg[44] Arrives in PEQ[2][4] -> [5][6] 
 (   0.00 ns) Msg[44] Decides in PEQ[2][4] -> [5][6]X1Q 
 (   0.00 ns) Start Transmit from  PEQ[2][4] -> [3][4]X1Q 
 (   0.00 ns) Msg[45] Arrives in PEQ[2][3] -> [6][6] 
 (   0.00 ns) Msg[45] Decides in PEQ[2][3] -> [6][6]X1Q 
 (   0.00 ns) Start Transmit from  PEQ[2][3] -> [3][3]X1Q 
 (   0.00 ns) Msg[46] Arrives in PEQ[2][2] -> [0][6] 
 (   0.00 ns) Msg[46] Decides in PEQ[2][2] -> [0][6]X2Q 
 (   0.00 ns) Start Transmit from  PEQ[2][2] -> [1][2]X2Q 
 (   0.00 ns) Msg[47] Arrives in PEQ[2][1] -> [6][7] 
 (   0.00 ns) Msg[47] Decides in PEQ[2][1] -> [6][7]X1Q 
 (   0.00 ns) Start Transmit from  PEQ[2][1] -> [3][1]X1Q 
 (   0.00 ns) Msg[48] Arrives in PEQ[2][0] -> [6][4] 
 (   0.00 ns) Msg[48] Decides in PEQ[2][0] -> [6][4]X1Q 
 (   0.00 ns) Start Transmit from  PEQ[2][0] -> [3][0]X1Q 
 (   0.00 ns) Msg[49] Arrives in PEQ[1][7] -> [5][6] 
 (   0.00 ns) Msg[49] Decides in PEQ[1][7] -> [5][6]X1Q 
 (   0.00 ns) Start Transmit from  PEQ[1][7] -> [2][7]X1Q 
 (   0.00 ns) Msg[50] Arrives in PEQ[1][6] -> [3][1] 
 (   0.00 ns) Msg[50] Decides in PEQ[1][6] -> [3][1]X1Q 
 (   0.00 ns) Start Transmit from  PEQ[1][6] -> [2][6]X1Q 
 (   0.00 ns) Msg[51] Arrives in PEQ[1][5] -> [3][6] 
 (   0.00 ns) Msg[51] Decides in PEQ[1][5] -> [3][6]X1Q 
 (   0.00 ns) Start Transmit from  PEQ[1][5] -> [2][5]X1Q 
 (   0.00 ns) Msg[52] Arrives in PEQ[1][4] -> [0][2] 
 (   0.00 ns) Msg[52] Decides in PEQ[1][4] -> [0][2]X2Q 
 (   0.00 ns) Start Transmit from  PEQ[1][4] -> [0][4]X2Q 
 (   0.00 ns) Msg[53] Arrives in PEQ[1][3] -> [6][2] 
 (   0.00 ns) Msg[53] Decides in PEQ[1][3] -> [6][2]X1Q 
 (   0.00 ns) Start Transmit from  PEQ[1][3] -> [2][3]X1Q 
 (   0.00 ns) Msg[54] Arrives in PEQ[1][2] -> [5][2] 
 (   0.00 ns) Msg[54] Decides in PEQ[1][2] -> [5][2]X1Q 
 (   0.00 ns) Start Transmit from  PEQ[1][2] -> [2][2]X1Q 
 (   0.00 ns) Msg[55] Arrives in PEQ[1][1] -> [2][1] 
 (   0.00 ns) Msg[55] Decides in PEQ[1][1] -> [2][1]X1Q 
 (   0.00 ns) Start Transmit from  PEQ[1][1] -> [2][1]X1Q 
 (   0.00 ns) Msg[56] Arrives in PEQ[1][0] -> [4][3] 
 (   0.00 ns) Msg[56] Decides in PEQ[1][0] -> [4][3]X1Q 
 (   0.00 ns) Start Transmit from  PEQ[1][0] -> [2][0]X1Q 
 (   0.00 ns) Msg[57] Arrives in PEQ[0][7] -> [3][6] 
 (   0.00 ns) Msg[57] Decides in PEQ[0][7] -> [3][6]X1Q 
 (   0.00 ns) Start Transmit from  PEQ[0][7] -> [1][7]X1Q 
 (   0.00 ns) Msg[58] Arrives in PEQ[0][6] -> [6][1] 
 (   0.00 ns) Msg[58] Decides in PEQ[0][6] -> [6][1]X1Q 
 (   0.00 ns) Start Transmit from  PEQ[0][6] -> [1][6]X1Q 
 (   0.00 ns) Msg[59] Arrives in PEQ[0][5] -> [2][2] 
 (   0.00 ns) Msg[59] Decides in PEQ[0][5] -> [2][2]X1Q 
 (   0.00 ns) Start Transmit from  PEQ[0][5] -> [1][5]X1Q 
 (   0.00 ns) Msg[60] Arrives in PEQ[0][4] -> [6][7] 
 (   0.00 ns) Msg[60] Decides in PEQ[0][4] -> [6][7]X1Q 
 (   0.00 ns) Start Transmit from  PEQ[0][4] -> [1][4]X1Q 
 (   0.00 ns) Msg[61] Arrives in PEQ[0][3] -> [2][4] 
 (   0.00 ns) Msg[61] Decides in PEQ[0][3] -> [2][4]X1Q 
 (   0.00 ns) Start Transmit from  PEQ[0][3] -> [1][3]X1Q 
 (   0.00 ns) Msg[62] Arrives in PEQ[0][2] -> [6][4] 
 (   0.00 ns) Msg[62] Decides in PEQ[0][2] -> [6][4]X1Q 
 (   0.00 ns) Start Transmit from  PEQ[0][2] -> [1][2]X1Q 
 (   0.00 ns) Msg[63] Arrives in PEQ[0][1] -> [4][1] 
 (   0.00 ns) Msg[63] Decides in PEQ[0][1] -> [4][1]X1Q 
 (   0.00 ns) Start Transmit from  PEQ[0][1] -> [1][1]X1Q 
 (   0.00 ns) Msg[64] Arrives in PEQ[0][0] -> [4][2] 
 (   0.00 ns) Msg[64] Decides in PEQ[0][0] -> [4][2]X1Q 
 (   0.00 ns) Start Transmit from  PEQ[0][0] -> [1][0]X1Q 
 (   2.93 ns) Msg[65] Arrives in PEQ[2][1] -> [5][6] 
 (   2.93 ns) Msg[65] Not Head Of Queue in PEQ[2][1] -> [5][6] 
 (   4.74 ns) Msg[66] Arrives in PEQ[6][6] -> [3][3] 
 (   4.74 ns) Msg[66] Not Head Of Queue in PEQ[6][6] -> [3][3] 
 (   6.43 ns) Msg[67] Arrives in PEQ[7][2] -> [4][3] 
 (   6.43 ns) Msg[67] Not Head Of Queue in PEQ[7][2] -> [4][3] 
 (  13.00 ns) Msg[68] Arrives in PEQ[6][4] -> [6][0] 
 (  13.00 ns) Msg[68] Not Head Of Queue in PEQ[6][4] -> [6][0] 
 (  13.19 ns) Msg[69] Arrives in PEQ[2][1] -> [1][1] 
 (  13.19 ns) Msg[69] Not Head Of Queue in PEQ[2][1] -> [1][1] 
 (  13.42 ns) Msg[70] Arrives in PEQ[4][5] -> [5][2] 
 (  13.42 ns) Msg[70] Not Head Of Queue in PEQ[4][5] -> [5][2] 
 (  13.51 ns) Msg[71] Arrives in PEQ[6][2] -> [5][5] 
 (  13.51 ns) Msg[71] Not Head Of Queue in PEQ[6][2] -> [5][5] 
 (  14.49 ns) Msg[72] Arrives in PEQ[1][2] -> [5][0] 
 (  14.49 ns) Msg[72] Not Head Of Queue in PEQ[1][2] -> [5][0] 
 (  14.97 ns) Msg[73] Arrives in PEQ[2][2] -> [4][2] 
 (  14.97 ns) Msg[73] Not Head Of Queue in PEQ[2][2] -> [4][2] 
 (  15.81 ns) Msg[74] Arrives in PEQ[3][3] -> [4][3] 
 (  15.81 ns) Msg[74] Not Head Of Queue in PEQ[3][3] -> [4][3] 
 (  16.08 ns) Msg[75] Arrives in PEQ[6][7] -> [3][6] 
 (  16.08 ns) Msg[75] Not Head Of Queue in PEQ[6][7] -> [3][6] 
 (  16.84 ns) Msg[76] Arrives in PEQ[5][5] -> [5][1] 
 (  16.84 ns) Msg[76] Not Head Of Queue in PEQ[5][5] -> [5][1] 
 (  17.50 ns) Msg[77] Arrives in PEQ[5][1] -> [5][4] 
 (  17.50 ns) Msg[77] Not Head Of Queue in PEQ[5][1] -> [5][4] 
 (  19.25 ns) Msg[78] Arrives in PEQ[2][2] -> [2][6] 
 (  19.25 ns) Msg[78] Not Head Of Queue in PEQ[2][2] -> [2][6] 
 (  21.34 ns) Msg[79] Arrives in PEQ[1][6] -> [5][5] 
 (  21.34 ns) Msg[79] Not Head Of Queue in PEQ[1][6] -> [5][5] 
 (  23.98 ns) Msg[80] Arrives in PEQ[5][5] -> [6][4] 
 (  23.98 ns) Msg[80] Not Head Of Queue in PEQ[5][5] -> [6][4] 
 (  24.37 ns) Msg[81] Arrives in PEQ[7][2] -> [2][4] 
 (  24.37 ns) Msg[81] Not Head Of Queue in PEQ[7][2] -> [2][4] 
 (  24.80 ns) Msg[82] Arrives in PEQ[4][5] -> [4][1] 
 (  24.80 ns) Msg[82] Not Head Of Queue in PEQ[4][5] -> [4][1] 
 (  25.65 ns) Msg[83] Arrives in PEQ[6][2] -> [1][3] 
 (  25.65 ns) Msg[83] Not Head Of Queue in PEQ[6][2] -> [1][3] 
 (  26.09 ns) Msg[84] Arrives in PEQ[4][2] -> [2][2] 
 (  26.09 ns) Msg[84] Not Head Of Queue in PEQ[4][2] -> [2][2] 
 (  26.16 ns) Msg[85] Arrives in PEQ[6][7] -> [4][0] 
 (  26.16 ns) Msg[85] Not Head Of Queue in PEQ[6][7] -> [4][0] 
 (  27.03 ns) Msg[86] Arrives in PEQ[2][6] -> [1][2] 
 (  27.03 ns) Msg[86] Not Head Of Queue in PEQ[2][6] -> [1][2] 
 (  27.13 ns) Msg[87] Arrives in PEQ[6][3] -> [2][2] 
 (  27.13 ns) Msg[87] Not Head Of Queue in PEQ[6][3] -> [2][2] 
 (  27.17 ns) Msg[88] Arrives in PEQ[6][4] -> [1][5] 
 (  27.17 ns) Msg[88] Not Head Of Queue in PEQ[6][4] -> [1][5] 
 (  27.25 ns) Msg[89] Arrives in PEQ[4][2] -> [7][6] 
 (  27.25 ns) Msg[89] Not Head Of Queue in PEQ[4][2] -> [7][6] 
 (  28.55 ns) Msg[90] Arrives in PEQ[3][6] -> [7][7] 
 (  28.55 ns) Msg[90] Not Head Of Queue in PEQ[3][6] -> [7][7] 
 (  30.74 ns) Msg[91] Arrives in PEQ[3][6] -> [2][5] 
 (  30.74 ns) Msg[91] Not Head Of Queue in PEQ[3][6] -> [2][5] 
 (  30.87 ns) Msg[92] Arrives in PEQ[5][0] -> [2][7] 
 (  30.87 ns) Msg[92] Not Head Of Queue in PEQ[5][0] -> [2][7] 
 (  30.89 ns) Msg[93] Arrives in PEQ[0][2] -> [2][4] 
 (  30.89 ns) Msg[93] Not Head Of Queue in PEQ[0][2] -> [2][4] 
 (  31.61 ns) Msg[94] Arrives in PEQ[1][5] -> [1][2] 
 (  31.61 ns) Msg[94] Not Head Of Queue in PEQ[1][5] -> [1][2] 
 (  32.00 ns) Msg[1] Ends Trans PEQ[6][7] -> [6][2]X2Q
 (  32.00 ns) Msg[1] Decides in X2Q[6][7] -> [6][2]Q 
 (  32.00 ns) Msg[2] Ends Trans PEQ[6][6] -> [2][3]X2Q
 (  32.00 ns) Msg[2] Decides in X2Q[6][6] -> [2][3]Q 
 (  32.00 ns) Msg[3] Ends Trans PEQ[6][5] -> [4][5]X2Q
 (  32.00 ns) Msg[3] Decides in X2Q[6][5] -> [4][5]Q 
 (  32.00 ns) Msg[4] Ends Trans PEQ[6][4] -> [0][2]X2Q
 (  32.00 ns) Msg[4] Decides in X2Q[6][4] -> [0][2]Q 
 (  32.00 ns) Msg[5] Ends Trans PEQ[6][3] -> [2][2]X2Q
 (  32.00 ns) Msg[5] Decides in X2Q[6][3] -> [2][2]Q 
 (  32.00 ns) Msg[6] Ends Trans PEQ[6][2] -> [1][2]X2Q
 (  32.00 ns) Msg[67] Decides in PEQ[7][2] -> [4][3]X2Q 
 (  32.00 ns) Start Transmit from  PEQ[7][2] -> [6][2]X2Q 
 (  32.00 ns) Msg[6] Decides in X2Q[6][2] -> [1][2]Q 
 (  32.00 ns) Msg[7] Ends Trans PEQ[6][1] -> [4][0]X2Q
 (  32.00 ns) Msg[7] Decides in X2Q[6][1] -> [4][0]Q 
 (  32.00 ns) Msg[8] Ends Trans PEQ[6][0] -> [1][3]X2Q
 (  32.00 ns) Msg[8] Decides in X2Q[6][0] -> [1][3]Q 
 (  32.00 ns) Msg[9] Ends Trans PEQ[6][6] -> [6][0]Y2Q
 (  32.00 ns) Start Transmit from  X2Q[6][7] -> [6][6]Y2Q 
 (  32.00 ns) Msg[75] Decides in PEQ[6][7] -> [3][6]X2Q 
 (  32.00 ns) Start Transmit from  PEQ[6][7] -> [5][7]X2Q 
 (  32.00 ns) Msg[9] Decides in Y2Q[6][6] -> [6][0]Y2Q 
 (  32.00 ns) Start Transmit from  Y2Q[6][6] -> [6][5]Y2Q 
 (  32.00 ns) Msg[10] Ends Trans PEQ[5][6] -> [3][7]X2Q
 (  32.00 ns) Start Transmit from  X2Q[6][6] -> [5][6]X2Q 
 (  32.00 ns) Msg[66] Decides in PEQ[6][6] -> [3][3]Q 
 (  32.00 ns) Msg[10] Decides in X2Q[5][6] -> [3][7]X2Q 
 (  32.00 ns) Start Transmit from  X2Q[5][6] -> [4][6]X2Q 
 (  32.00 ns) Msg[11] Ends Trans PEQ[5][5] -> [4][5]X2Q
 (  32.00 ns) Start Transmit from  X2Q[6][5] -> [5][5]X2Q 
 (  32.00 ns) Msg[11] Decides in X2Q[5][5] -> [4][5]Q 
 (  32.00 ns) Msg[12] Ends Trans PEQ[5][4] -> [5][2]X2Q
 (  32.00 ns) Start Transmit from  X2Q[6][4] -> [5][4]X2Q 
 (  32.00 ns) Msg[68] Decides in PEQ[6][4] -> [6][0]Y2Q 
 (  32.00 ns) Start Transmit from  PEQ[6][4] -> [6][3]Y2Q 
 (  32.00 ns) Msg[12] Decides in X2Q[5][4] -> [5][2]Y2Q 
 (  32.00 ns) Start Transmit from  X2Q[5][4] -> [5][3]Y2Q 
 (  32.00 ns) Msg[13] Ends Trans PEQ[5][3] -> [1][6]X2Q
 (  32.00 ns) Start Transmit from  X2Q[6][3] -> [5][3]X2Q 
 (  32.00 ns) Msg[87] Decides in PEQ[6][3] -> [2][2]Q 
 (  32.00 ns) Msg[13] Decides in X2Q[5][3] -> [1][6]Q 
 (  32.00 ns) Msg[14] Ends Trans PEQ[5][2] -> [5][1]X2Q
 (  32.00 ns) Start Transmit from  X2Q[6][2] -> [5][2]X2Q 
 (  32.00 ns) Msg[71] Decides in PEQ[6][2] -> [5][5]Q 
 (  32.00 ns) Msg[14] Decides in X2Q[5][2] -> [5][1]Y2Q 
 (  32.00 ns) Start Transmit from  X2Q[5][2] -> [5][1]Y2Q 
 (  32.00 ns) Msg[15] Ends Trans PEQ[5][1] -> [5][2]X2Q
 (  32.00 ns) Start Transmit from  X2Q[6][1] -> [5][1]X2Q 
 (  32.00 ns) Msg[15] Decides in X2Q[5][1] -> [5][2]Y1Q 
 (  32.00 ns) Start Transmit from  X2Q[5][1] -> [5][2]Y1Q 
 (  32.00 ns) Msg[16] Ends Trans PEQ[5][0] -> [2][5]X2Q
 (  32.00 ns) Start Transmit from  X2Q[6][0] -> [5][0]X2Q 
 (  32.00 ns) Msg[16] Decides in X2Q[5][0] -> [2][5]Q 
 (  32.00 ns) Msg[17] Ends Trans PEQ[4][7] -> [1][4]X2Q
 (  32.00 ns) Msg[17] Decides in X2Q[4][7] -> [1][4]Q 
 (  32.00 ns) Msg[18] Ends Trans PEQ[5][5] -> [5][1]Y2Q
 (  32.00 ns) Msg[18] Decides in Y2Q[5][5] -> [5][1]Y2Q 
 (  32.00 ns) Start Transmit from  Y2Q[5][5] -> [5][4]Y2Q 
 (  32.00 ns) Msg[19] Ends Trans PEQ[4][5] -> [3][3]X2Q
 (  32.00 ns) Start Transmit from  X2Q[5][5] -> [4][5]X2Q 
 (  32.00 ns) Msg[76] Decides in PEQ[5][5] -> [5][1]Q 
 (  32.00 ns) Msg[19] Decides in X2Q[4][5] -> [3][3]Q 
 (  32.00 ns) Msg[20] Ends Trans PEQ[4][4] -> [4][6]X2Q
 (  32.00 ns) Msg[20] Decides in X2Q[4][4] -> [4][6]Y1Q 
 (  32.00 ns) Start Transmit from  X2Q[4][4] -> [4][5]Y1Q 
 (  32.00 ns) Msg[21] Ends Trans PEQ[4][3] -> [4][5]X2Q
 (  32.00 ns) Start Transmit from  X2Q[5][3] -> [4][3]X2Q 
 (  32.00 ns) Msg[21] Decides in X2Q[4][3] -> [4][5]Y1Q 
 (  32.00 ns) Start Transmit from  X2Q[4][3] -> [4][4]Y1Q 
 (  32.00 ns) Msg[22] Ends Trans PEQ[4][2] -> [2][2]X2Q
 (  32.00 ns) Msg[22] Decides in X2Q[4][2] -> [2][2]X2Q 
 (  32.00 ns) Start Transmit from  X2Q[4][2] -> [3][2]X2Q 
 (  32.00 ns) Msg[23] Ends Trans PEQ[4][1] -> [1][6]X2Q
 (  32.00 ns) Msg[77] Decides in PEQ[5][1] -> [5][4]Q 
 (  32.00 ns) Msg[23] Decides in X2Q[4][1] -> [1][6]X2Q 
 (  32.00 ns) Start Transmit from  X2Q[4][1] -> [3][1]X2Q 
 (  32.00 ns) Msg[24] Ends Trans PEQ[4][0] -> [2][7]X2Q
 (  32.00 ns) Start Transmit from  X2Q[5][0] -> [4][0]X2Q 
 (  32.00 ns) Msg[92] Decides in PEQ[5][0] -> [2][7]Q 
 (  32.00 ns) Msg[24] Decides in X2Q[4][0] -> [2][7]X2Q 
 (  32.00 ns) Start Transmit from  X2Q[4][0] -> [3][0]X2Q 
 (  32.00 ns) Msg[25] Ends Trans PEQ[3][7] -> [2][5]X2Q
 (  32.00 ns) Start Transmit from  X2Q[4][7] -> [3][7]X2Q 
 (  32.00 ns) Msg[25] Decides in X2Q[3][7] -> [2][5]X2Q 
 (  32.00 ns) Start Transmit from  X2Q[3][7] -> [2][7]X2Q 
 (  32.00 ns) Msg[26] Ends Trans PEQ[3][6] -> [3][6]X2Q
 (  32.00 ns) Msg[26] Decides in X2Q[3][6] -> [3][6]PEQ 
 (  32.00 ns) Start Transmit from  X2Q[3][6] -> [3][6]PEQ 
 (  32.00 ns) Msg[27] Ends Trans PEQ[3][5] -> [3][4]X2Q
 (  32.00 ns) Start Transmit from  X2Q[4][5] -> [3][5]X2Q 
 (  32.00 ns) Msg[70] Decides in PEQ[4][5] -> [5][2]X1Q 
 (  32.00 ns) Start Transmit from  PEQ[4][5] -> [5][5]X1Q 
 (  32.00 ns) Msg[27] Decides in X2Q[3][5] -> [3][4]Y2Q 
 (  32.00 ns) Start Transmit from  X2Q[3][5] -> [3][4]Y2Q 
 (  32.00 ns) Msg[28] Ends Trans PEQ[3][4] -> [2][4]X2Q
 (  32.00 ns) Msg[28] Decides in X2Q[3][4] -> [2][4]X2Q 
 (  32.00 ns) Start Transmit from  X2Q[3][4] -> [2][4]X2Q 
 (  32.00 ns) Msg[29] Ends Trans PEQ[3][3] -> [3][3]X2Q
 (  32.00 ns) Msg[29] Decides in X2Q[3][3] -> [3][3]PEQ 
 (  32.00 ns) Start Transmit from  X2Q[3][3] -> [3][3]PEQ 
 (  32.00 ns) Msg[30] Ends Trans PEQ[5][2] -> [7][2]X1Q
 (  32.00 ns) Msg[84] Decides in PEQ[4][2] -> [2][2]Q 
 (  32.00 ns) Msg[30] Decides in X1Q[5][2] -> [7][2]X1Q 
 (  32.00 ns) Start Transmit from  X1Q[5][2] -> [6][2]X1Q 
 (  32.00 ns) Msg[31] Ends Trans PEQ[5][1] -> [6][2]X1Q
 (  32.00 ns) Msg[31] Decides in X1Q[5][1] -> [6][2]X1Q 
 (  32.00 ns) Start Transmit from  X1Q[5][1] -> [6][1]X1Q 
 (  32.00 ns) Msg[32] Ends Trans PEQ[5][0] -> [7][2]X1Q
 (  32.00 ns) Msg[32] Decides in X1Q[5][0] -> [7][2]X1Q 
 (  32.00 ns) Start Transmit from  X1Q[5][0] -> [6][0]X1Q 
 (  32.00 ns) Msg[33] Ends Trans PEQ[4][7] -> [4][6]X1Q
 (  32.00 ns) Msg[33] Decides in X1Q[4][7] -> [4][6]Y2Q 
 (  32.00 ns) Start Transmit from  X1Q[4][7] -> [4][6]Y2Q 
 (  32.00 ns) Msg[34] Ends Trans PEQ[2][6] -> [2][1]X2Q
 (  32.00 ns) Msg[90] Decides in PEQ[3][6] -> [7][7]X1Q 
 (  32.00 ns) Start Transmit from  PEQ[3][6] -> [4][6]X1Q 
 (  32.00 ns) Msg[34] Decides in X2Q[2][6] -> [2][1]Y2Q 
 (  32.00 ns) Start Transmit from  X2Q[2][6] -> [2][5]Y2Q 
 (  32.00 ns) Msg[35] Ends Trans PEQ[2][5] -> [2][2]X2Q
 (  32.00 ns) Msg[35] Decides in X2Q[2][5] -> [2][2]Y2Q 
 (  32.00 ns) Start Transmit from  X2Q[2][5] -> [2][4]Y2Q 
 (  32.00 ns) Msg[36] Ends Trans PEQ[4][4] -> [7][4]X1Q
 (  32.00 ns) Msg[36] Decides in X1Q[4][4] -> [7][4]X1Q 
 (  32.00 ns) Start Transmit from  X1Q[4][4] -> [5][4]X1Q 
 (  32.00 ns) Msg[37] Ends Trans PEQ[4][3] -> [6][3]X1Q
 (  32.00 ns) Msg[74] Decides in PEQ[3][3] -> [4][3]X1Q 
 (  32.00 ns) Start Transmit from  PEQ[3][3] -> [4][3]X1Q 
 (  32.00 ns) Msg[37] Decides in X1Q[4][3] -> [6][3]X1Q 
 (  32.00 ns) Start Transmit from  X1Q[4][3] -> [5][3]X1Q 
 (  32.00 ns) Msg[38] Ends Trans PEQ[2][2] -> [1][5]X2Q
 (  32.00 ns) Msg[38] Decides in X2Q[2][2] -> [1][5]Q 
 (  32.00 ns) Msg[39] Ends Trans PEQ[2][1] -> [1][7]X2Q
 (  32.00 ns) Msg[39] Decides in X2Q[2][1] -> [1][7]X2Q 
 (  32.00 ns) Start Transmit from  X2Q[2][1] -> [1][1]X2Q 
 (  32.00 ns) Msg[40] Ends Trans PEQ[4][0] -> [6][5]X1Q
 (  32.00 ns) Msg[40] Decides in X1Q[4][0] -> [6][5]X1Q 
 (  32.00 ns) Start Transmit from  X1Q[4][0] -> [5][0]X1Q 
 (  32.00 ns) Msg[41] Ends Trans PEQ[2][6] -> [2][1]Y2Q
 (  32.00 ns) Msg[41] Decides in Y2Q[2][6] -> [2][1]Q 
 (  32.00 ns) Msg[42] Ends Trans PEQ[3][6] -> [4][1]X1Q
 (  32.00 ns) Msg[86] Decides in PEQ[2][6] -> [1][2]X2Q 
 (  32.00 ns) Start Transmit from  PEQ[2][6] -> [1][6]X2Q 
 (  32.00 ns) Msg[42] Decides in X1Q[3][6] -> [4][1]Q 
 (  32.00 ns) Msg[43] Ends Trans PEQ[3][5] -> [5][5]X1Q
 (  32.00 ns) Msg[43] Decides in X1Q[3][5] -> [5][5]X1Q 
 (  32.00 ns) Start Transmit from  X1Q[3][5] -> [4][5]X1Q 
 (  32.00 ns) Msg[44] Ends Trans PEQ[3][4] -> [5][6]X1Q
 (  32.00 ns) Msg[44] Decides in X1Q[3][4] -> [5][6]X1Q 
 (  32.00 ns) Start Transmit from  X1Q[3][4] -> [4][4]X1Q 
 (  32.00 ns) Msg[45] Ends Trans PEQ[3][3] -> [6][6]X1Q
 (  32.00 ns) Msg[45] Decides in X1Q[3][3] -> [6][6]Q 
 (  32.00 ns) Msg[46] Ends Trans PEQ[1][2] -> [0][6]X2Q
 (  32.00 ns) Start Transmit from  X2Q[2][2] -> [1][2]X2Q 
 (  32.00 ns) Msg[73] Decides in PEQ[2][2] -> [4][2]X1Q 
 (  32.00 ns) Start Transmit from  PEQ[2][2] -> [3][2]X1Q 
 (  32.00 ns) Msg[46] Decides in X2Q[1][2] -> [0][6]X2Q 
 (  32.00 ns) Start Transmit from  X2Q[1][2] -> [0][2]X2Q 
 (  32.00 ns) Msg[47] Ends Trans PEQ[3][1] -> [6][7]X1Q
 (  32.00 ns) Msg[65] Decides in PEQ[2][1] -> [5][6]X1Q 
 (  32.00 ns) Start Transmit from  PEQ[2][1] -> [3][1]X1Q 
 (  32.00 ns) Msg[47] Decides in X1Q[3][1] -> [6][7]X1Q 
 (  32.00 ns) Start Transmit from  X1Q[3][1] -> [4][1]X1Q 
 (  32.00 ns) Msg[48] Ends Trans PEQ[3][0] -> [6][4]X1Q
 (  32.00 ns) Msg[48] Decides in X1Q[3][0] -> [6][4]X1Q 
 (  32.00 ns) Start Transmit from  X1Q[3][0] -> [4][0]X1Q 
 (  32.00 ns) Msg[49] Ends Trans PEQ[2][7] -> [5][6]X1Q
 (  32.00 ns) Msg[49] Decides in X1Q[2][7] -> [5][6]X1Q 
 (  32.00 ns) Start Transmit from  X1Q[2][7] -> [3][7]X1Q 
 (  32.00 ns) Msg[50] Ends Trans PEQ[2][6] -> [3][1]X1Q
 (  32.00 ns) Msg[79] Decides in PEQ[1][6] -> [5][5]X1Q 
 (  32.00 ns) Start Transmit from  PEQ[1][6] -> [2][6]X1Q 
 (  32.00 ns) Msg[50] Decides in X1Q[2][6] -> [3][1]X1Q 
 (  32.00 ns) Start Transmit from  X1Q[2][6] -> [3][6]X1Q 
 (  32.00 ns) Msg[51] Ends Trans PEQ[2][5] -> [3][6]X1Q
 (  32.00 ns) Msg[94] Decides in PEQ[1][5] -> [1][2]Y2Q 
 (  32.00 ns) Start Transmit from  PEQ[1][5] -> [1][4]Y2Q 
 (  32.00 ns) Msg[51] Decides in X1Q[2][5] -> [3][6]X1Q 
 (  32.00 ns) Start Transmit from  X1Q[2][5] -> [3][5]X1Q 
 (  32.00 ns) Msg[52] Ends Trans PEQ[0][4] -> [0][2]X2Q
 (  32.00 ns) Msg[52] Decides in X2Q[0][4] -> [0][2]Y2Q 
 (  32.00 ns) Start Transmit from  X2Q[0][4] -> [0][3]Y2Q 
 (  32.00 ns) Msg[53] Ends Trans PEQ[2][3] -> [6][2]X1Q
 (  32.00 ns) Msg[53] Decides in X1Q[2][3] -> [6][2]X1Q 
 (  32.00 ns) Start Transmit from  X1Q[2][3] -> [3][3]X1Q 
 (  32.00 ns) Msg[54] Ends Trans PEQ[2][2] -> [5][2]X1Q
 (  32.00 ns) Msg[72] Decides in PEQ[1][2] -> [5][0]X1Q 
 (  32.00 ns) Start Transmit from  PEQ[1][2] -> [2][2]X1Q 
 (  32.00 ns) Msg[54] Decides in X1Q[2][2] -> [5][2]Q 
 (  32.00 ns) Msg[55] Ends Trans PEQ[2][1] -> [2][1]X1Q
 (  32.00 ns) Msg[55] Decides in X1Q[2][1] -> [2][1]PEQ 
 (  32.00 ns) Start Transmit from  X1Q[2][1] -> [2][1]PEQ 
 (  32.00 ns) Msg[56] Ends Trans PEQ[2][0] -> [4][3]X1Q
 (  32.00 ns) Msg[56] Decides in X1Q[2][0] -> [4][3]X1Q 
 (  32.00 ns) Start Transmit from  X1Q[2][0] -> [3][0]X1Q 
 (  32.00 ns) Msg[57] Ends Trans PEQ[1][7] -> [3][6]X1Q
 (  32.00 ns) Msg[57] Decides in X1Q[1][7] -> [3][6]X1Q 
 (  32.00 ns) Start Transmit from  X1Q[1][7] -> [2][7]X1Q 
 (  32.00 ns) Msg[58] Ends Trans PEQ[1][6] -> [6][1]X1Q
 (  32.00 ns) Msg[58] Decides in X1Q[1][6] -> [6][1]Q 
 (  32.00 ns) Msg[59] Ends Trans PEQ[1][5] -> [2][2]X1Q
 (  32.00 ns) Msg[59] Decides in X1Q[1][5] -> [2][2]X1Q 
 (  32.00 ns) Start Transmit from  X1Q[1][5] -> [2][5]X1Q 
 (  32.00 ns) Msg[60] Ends Trans PEQ[1][4] -> [6][7]X1Q
 (  32.00 ns) Msg[60] Decides in X1Q[1][4] -> [6][7]X1Q 
 (  32.00 ns) Start Transmit from  X1Q[1][4] -> [2][4]X1Q 
 (  32.00 ns) Msg[61] Ends Trans PEQ[1][3] -> [2][4]X1Q
 (  32.00 ns) Msg[61] Decides in X1Q[1][3] -> [2][4]X1Q 
 (  32.00 ns) Start Transmit from  X1Q[1][3] -> [2][3]X1Q 
 (  32.00 ns) Msg[62] Ends Trans PEQ[1][2] -> [6][4]X1Q
 (  32.00 ns) Msg[93] Decides in PEQ[0][2] -> [2][4]X1Q 
 (  32.00 ns) Start Transmit from  PEQ[0][2] -> [1][2]X1Q 
 (  32.00 ns) Msg[62] Decides in X1Q[1][2] -> [6][4]Q 
 (  32.00 ns) Msg[63] Ends Trans PEQ[1][1] -> [4][1]X1Q
 (  32.00 ns) Msg[63] Decides in X1Q[1][1] -> [4][1]X1Q 
 (  32.00 ns) Start Transmit from  X1Q[1][1] -> [2][1]X1Q 
 (  32.00 ns) Msg[64] Ends Trans PEQ[1][0] -> [4][2]X1Q
 (  32.00 ns) Msg[64] Decides in X1Q[1][0] -> [4][2]X1Q 
 (  32.00 ns) Start Transmit from  X1Q[1][0] -> [2][0]X1Q 
 (  35.67 ns) Msg[95] Arrives in PEQ[4][3] -> [0][1] 
 (  35.67 ns) Msg[95] Decides in PEQ[4][3] -> [0][1]X2Q 
 (  35.67 ns) Start Transmit from  PEQ[4][3] -> [3][3]X2Q 
 (  35.76 ns) Msg[96] Arrives in PEQ[4][1] -> [5][4] 
 (  35.76 ns) Msg[96] Decides in PEQ[4][1] -> [5][4]X1Q 
 (  35.76 ns) Start Transmit from  PEQ[4][1] -> [5][1]X1Q 
 (  36.67 ns) Msg[97] Arrives in PEQ[2][2] -> [3][5] 
 (  36.67 ns) Msg[97] Not Head Of Queue in PEQ[2][2] -> [3][5] 
 (  37.11 ns) Msg[98] Arrives in PEQ[0][1] -> [2][6] 
 (  37.11 ns) Msg[98] Decides in PEQ[0][1] -> [2][6]X1Q 
 (  37.11 ns) Start Transmit from  PEQ[0][1] -> [1][1]X1Q 
 (  37.18 ns) Msg[99] Arrives in PEQ[3][3] -> [3][1] 
 (  37.18 ns) Msg[99] Not Head Of Queue in PEQ[3][3] -> [3][1] 
 (  40.77 ns) Msg[100] Arrives in PEQ[5][1] -> [6][6] 
 (  40.77 ns) Msg[100] Not Head Of Queue in PEQ[5][1] -> [6][6] 
 (  45.75 ns) Msg[101] Arrives in PEQ[5][6] -> [2][3] 
 (  45.75 ns) Msg[101] Decides in PEQ[5][6] -> [2][3]Q 
 (  49.69 ns) Msg[102] Arrives in PEQ[5][6] -> [4][2] 
 (  49.69 ns) Msg[102] Not Head Of Queue in PEQ[5][6] -> [4][2] 
 (  50.93 ns) Msg[103] Arrives in PEQ[2][5] -> [5][5] 
 (  50.93 ns) Msg[103] Decides in PEQ[2][5] -> [5][5]Q 
 (  51.66 ns) Msg[104] Arrives in PEQ[1][3] -> [5][4] 
 (  51.66 ns) Msg[104] Decides in PEQ[1][3] -> [5][4]Q 
 (  52.49 ns) Msg[105] Arrives in PEQ[3][5] -> [2][5] 
 (  52.49 ns) Msg[105] Decides in PEQ[3][5] -> [2][5]X2Q 
 (  52.49 ns) Start Transmit from  PEQ[3][5] -> [2][5]X2Q 
 (  56.04 ns) Msg[106] Arrives in PEQ[2][2] -> [2][4] 
 (  56.04 ns) Msg[106] Not Head Of Queue in PEQ[2][2] -> [2][4] 
 (  58.13 ns) Msg[107] Arrives in PEQ[4][0] -> [6][7] 
 (  58.13 ns) Msg[107] Decides in PEQ[4][0] -> [6][7]Q 
 (  60.35 ns) Msg[108] Arrives in PEQ[5][4] -> [5][0] 
 (  60.35 ns) Msg[108] Decides in PEQ[5][4] -> [5][0]Q 
 (  61.69 ns) Msg[109] Arrives in PEQ[5][5] -> [1][5] 
 (  61.69 ns) Msg[109] Not Head Of Queue in PEQ[5][5] -> [1][5] 
 (  61.76 ns) Msg[110] Arrives in PEQ[2][5] -> [6][2] 
 (  61.76 ns) Msg[110] Not Head Of Queue in PEQ[2][5] -> [6][2] 
 (  64.00 ns) Msg[67] Ends Trans PEQ[6][2] -> [4][3]X2Q
 (  64.00 ns) Msg[81] Decides in PEQ[7][2] -> [2][4]X2Q 
 (  64.00 ns) Start Transmit from  PEQ[7][2] -> [6][2]X2Q 
 (  64.00 ns) Msg[1] Ends Trans X2Q[6][6] -> [6][2]Y2Q
Queue [ (Msg[9],TAr:0.00,Dest:[6][0])(Msg[1],TAr:0.00,Dest:[6][2]) ]
 (  64.00 ns) Msg[75] Ends Trans PEQ[5][7] -> [3][6]X2Q
 (  64.00 ns) Msg[85] Decides in PEQ[6][7] -> [4][0]X2Q 
 (  64.00 ns) Start Transmit from  PEQ[6][7] -> [5][7]X2Q 
 (  64.00 ns) Msg[75] Decides in X2Q[5][7] -> [3][6]X2Q 
 (  64.00 ns) Start Transmit from  X2Q[5][7] -> [4][7]X2Q 
 (  64.00 ns) Msg[9] Ends Trans Y2Q[6][5] -> [6][0]Y2Q
 (  64.00 ns) Msg[1] Decides in Y2Q[6][6] -> [6][2]Y2Q 
 (  64.00 ns) Start Transmit from  Y2Q[6][6] -> [6][5]Y2Q 
 (  64.00 ns) Msg[9] Decides in Y2Q[6][5] -> [6][0]Y2Q 
 (  64.00 ns) Start Transmit from  Y2Q[6][5] -> [6][4]Y2Q 
 (  64.00 ns) Msg[2] Ends Trans X2Q[5][6] -> [2][3]X2Q
 (  64.00 ns) Start Transmit from  PEQ[6][6] -> [5][6]X2Q 
 (  64.00 ns) Msg[10] Ends Trans X2Q[4][6] -> [3][7]X2Q
 (  64.00 ns) Start Transmit from  PEQ[5][6] -> [4][6]X2Q 
 (  64.00 ns) Msg[2] Decides in X2Q[5][6] -> [2][3]Q 
 (  64.00 ns) Msg[10] Decides in X2Q[4][6] -> [3][7]X2Q 
 (  64.00 ns) Start Transmit from  X2Q[4][6] -> [3][6]X2Q 
 (  64.00 ns) Msg[3] Ends Trans X2Q[5][5] -> [4][5]X2Q
 (  64.00 ns) Msg[4] Ends Trans X2Q[5][4] -> [0][2]X2Q
 (  64.00 ns) Msg[68] Ends Trans PEQ[6][3] -> [6][0]Y2Q
 (  64.00 ns) Msg[88] Decides in PEQ[6][4] -> [1][5]X2Q 
 (  64.00 ns) Start Transmit from  PEQ[6][4] -> [5][4]X2Q 
 (  64.00 ns) Msg[68] Decides in Y2Q[6][3] -> [6][0]Y2Q 
 (  64.00 ns) Start Transmit from  Y2Q[6][3] -> [6][2]Y2Q 
 (  64.00 ns) Msg[12] Ends Trans X2Q[5][3] -> [5][2]Y2Q
 (  64.00 ns) Start Transmit from  PEQ[5][4] -> [5][3]Y2Q 
 (  64.00 ns) Msg[4] Decides in X2Q[5][4] -> [0][2]X2Q 
 (  64.00 ns) Start Transmit from  X2Q[5][4] -> [4][4]X2Q 
 (  64.00 ns) Msg[12] Decides in Y2Q[5][3] -> [5][2]Y2Q 
 (  64.00 ns) Start Transmit from  Y2Q[5][3] -> [5][2]Y2Q 
 (  64.00 ns) Msg[5] Ends Trans X2Q[5][3] -> [2][2]X2Q
 (  64.00 ns) Start Transmit from  PEQ[6][3] -> [5][3]X2Q 
 (  64.00 ns) Msg[6] Ends Trans X2Q[5][2] -> [1][2]X2Q
 (  64.00 ns) Start Transmit from  PEQ[6][2] -> [5][2]X2Q 
 (  64.00 ns) Msg[67] Decides in X2Q[6][2] -> [4][3]Q 
 (  64.00 ns) Msg[14] Ends Trans X2Q[5][1] -> [5][1]Y2Q
 (  64.00 ns) Msg[6] Decides in X2Q[5][2] -> [1][2]X2Q 
 (  64.00 ns) Start Transmit from  X2Q[5][2] -> [4][2]X2Q 
 (  64.00 ns) Msg[14] Decides in Y2Q[5][1] -> [5][1]PEQ 
 (  64.00 ns) Start Transmit from  Y2Q[5][1] -> [5][1]PEQ 
 (  64.00 ns) Msg[7] Ends Trans X2Q[5][1] -> [4][0]X2Q
 (  64.00 ns) Msg[15] Ends Trans X2Q[5][2] -> [5][2]Y1Q
 (  64.00 ns) Start Transmit from  PEQ[5][1] -> [5][2]Y1Q 
 (  64.00 ns) Msg[7] Decides in X2Q[5][1] -> [4][0]X2Q 
 (  64.00 ns) Start Transmit from  X2Q[5][1] -> [4][1]X2Q 
 (  64.00 ns) Msg[15] Decides in Y1Q[5][2] -> [5][2]PEQ 
 (  64.00 ns) Start Transmit from  Y1Q[5][2] -> [5][2]PEQ 
 (  64.00 ns) Msg[8] Ends Trans X2Q[5][0] -> [1][3]X2Q
 (  64.00 ns) Msg[18] Ends Trans Y2Q[5][4] -> [5][1]Y2Q
 (  64.00 ns) Start Transmit from  PEQ[5][5] -> [5][4]Y2Q 
 (  64.00 ns) Msg[18] Decides in Y2Q[5][4] -> [5][1]Q 
 (  64.00 ns) Msg[11] Ends Trans X2Q[4][5] -> [4][5]X2Q
 (  64.00 ns) Msg[3] Decides in X2Q[5][5] -> [4][5]X2Q 
 (  64.00 ns) Start Transmit from  X2Q[5][5] -> [4][5]X2Q 
 (  64.00 ns) Msg[20] Ends Trans X2Q[4][5] -> [4][6]Y1Q
 (  64.00 ns) Msg[20] Decides in Y1Q[4][5] -> [4][6]Y1Q 
 (  64.00 ns) Start Transmit from  Y1Q[4][5] -> [4][6]Y1Q 
 (  64.00 ns) Msg[13] Ends Trans X2Q[4][3] -> [1][6]X2Q
 (  64.00 ns) Msg[5] Decides in X2Q[5][3] -> [2][2]X2Q 
 (  64.00 ns) Start Transmit from  X2Q[5][3] -> [4][3]X2Q 
 (  64.00 ns) Msg[21] Ends Trans X2Q[4][4] -> [4][5]Y1Q
 (  64.00 ns) Msg[13] Decides in X2Q[4][3] -> [1][6]Q 
 (  64.00 ns) Msg[21] Decides in Y1Q[4][4] -> [4][5]Y1Q 
 (  64.00 ns) Start Transmit from  Y1Q[4][4] -> [4][5]Y1Q 
 (  64.00 ns) Msg[22] Ends Trans X2Q[3][2] -> [2][2]X2Q
 (  64.00 ns) Start Transmit from  PEQ[4][2] -> [3][2]X2Q 
 (  64.00 ns) Msg[22] Decides in X2Q[3][2] -> [2][2]X2Q 
 (  64.00 ns) Start Transmit from  X2Q[3][2] -> [2][2]X2Q 
 (  64.00 ns) Msg[23] Ends Trans X2Q[3][1] -> [1][6]X2Q
 (  64.00 ns) Msg[23] Decides in X2Q[3][1] -> [1][6]X2Q 
 (  64.00 ns) Start Transmit from  X2Q[3][1] -> [2][1]X2Q 
 (  64.00 ns) Msg[16] Ends Trans X2Q[4][0] -> [2][5]X2Q
 (  64.00 ns) Start Transmit from  PEQ[5][0] -> [4][0]X2Q 
 (  64.00 ns) Msg[8] Decides in X2Q[5][0] -> [1][3]Q 
 (  64.00 ns) Msg[24] Ends Trans X2Q[3][0] -> [2][7]X2Q
 (  64.00 ns) Msg[16] Decides in X2Q[4][0] -> [2][5]X2Q 
 (  64.00 ns) Start Transmit from  X2Q[4][0] -> [3][0]X2Q 
 (  64.00 ns) Msg[24] Decides in X2Q[3][0] -> [2][7]X2Q 
 (  64.00 ns) Start Transmit from  X2Q[3][0] -> [2][0]X2Q 
 (  64.00 ns) Msg[17] Ends Trans X2Q[3][7] -> [1][4]X2Q
 (  64.00 ns) Msg[25] Ends Trans X2Q[2][7] -> [2][5]X2Q
 (  64.00 ns) Msg[17] Decides in X2Q[3][7] -> [1][4]X2Q 
 (  64.00 ns) Start Transmit from  X2Q[3][7] -> [2][7]X2Q 
 (  64.00 ns) Msg[25] Decides in X2Q[2][7] -> [2][5]Y2Q 
 (  64.00 ns) Start Transmit from  X2Q[2][7] -> [2][6]Y2Q 
 (  64.00 ns) Msg[26] Ends Trans X2Q[3][6] -> [3][6]PEQ 
               Msg[26] Response Time : 64.00 ns   Mean Response Time : 64.00 ns
 (  64.00 ns) Msg[19] Ends Trans X2Q[3][5] -> [3][3]X2Q
 (  64.00 ns) Msg[11] Decides in X2Q[4][5] -> [4][5]PEQ 
 (  64.00 ns) Start Transmit from  X2Q[4][5] -> [4][5]PEQ 
 (  64.00 ns) Msg[70] Ends Trans PEQ[5][5] -> [5][2]X1Q
 (  64.00 ns) Msg[82] Decides in PEQ[4][5] -> [4][1]Y2Q 
 (  64.00 ns) Start Transmit from  PEQ[4][5] -> [4][4]Y2Q 
 (  64.00 ns) Msg[70] Decides in X1Q[5][5] -> [5][2]Q 
 (  64.00 ns) Msg[27] Ends Trans X2Q[3][4] -> [3][4]Y2Q
 (  64.00 ns) Msg[19] Decides in X2Q[3][5] -> [3][3]Y2Q 
 (  64.00 ns) Start Transmit from  X2Q[3][5] -> [3][4]Y2Q 
 (  64.00 ns) Msg[27] Decides in Y2Q[3][4] -> [3][4]PEQ 
 (  64.00 ns) Start Transmit from  Y2Q[3][4] -> [3][4]PEQ 
 (  64.00 ns) Msg[28] Ends Trans X2Q[2][4] -> [2][4]X2Q
 (  64.00 ns) Msg[28] Decides in X2Q[2][4] -> [2][4]PEQ 
 (  64.00 ns) Start Transmit from  X2Q[2][4] -> [2][4]PEQ 
 (  64.00 ns) Msg[29] Ends Trans X2Q[3][3] -> [3][3]PEQ 
               Msg[29] Response Time : 64.00 ns   Mean Response Time : 64.00 ns
 (  64.00 ns) Msg[30] Ends Trans X1Q[6][2] -> [7][2]X1Q
 (  64.00 ns) Msg[30] Decides in X1Q[6][2] -> [7][2]X1Q 
 (  64.00 ns) Start Transmit from  X1Q[6][2] -> [7][2]X1Q 
 (  64.00 ns) Msg[31] Ends Trans X1Q[6][1] -> [6][2]X1Q
 (  64.00 ns) Msg[31] Decides in X1Q[6][1] -> [6][2]Y1Q 
 (  64.00 ns) Start Transmit from  X1Q[6][1] -> [6][2]Y1Q 
 (  64.00 ns) Msg[32] Ends Trans X1Q[6][0] -> [7][2]X1Q
 (  64.00 ns) Msg[32] Decides in X1Q[6][0] -> [7][2]X1Q 
 (  64.00 ns) Start Transmit from  X1Q[6][0] -> [7][0]X1Q 
 (  64.00 ns) Msg[33] Ends Trans X1Q[4][6] -> [4][6]Y2Q
 (  64.00 ns) Msg[33] Decides in Y2Q[4][6] -> [4][6]PEQ 
 (  64.00 ns) Start Transmit from  Y2Q[4][6] -> [4][6]PEQ 
 (  64.00 ns) Msg[90] Ends Trans PEQ[4][6] -> [7][7]X1Q
 (  64.00 ns) Start Transmit from  X1Q[3][6] -> [4][6]X1Q 
 (  64.00 ns) Msg[91] Decides in PEQ[3][6] -> [2][5]X2Q 
 (  64.00 ns) Start Transmit from  PEQ[3][6] -> [2][6]X2Q 
 (  64.00 ns) Msg[90] Decides in X1Q[4][6] -> [7][7]X1Q 
 (  64.00 ns) Start Transmit from  X1Q[4][6] -> [5][6]X1Q 
 (  64.00 ns) Msg[34] Ends Trans X2Q[2][5] -> [2][1]Y2Q
 (  64.00 ns) Start Transmit from  Y2Q[2][6] -> [2][5]Y2Q 
 (  64.00 ns) Msg[34] Decides in Y2Q[2][5] -> [2][1]Q 
 (  64.00 ns) Msg[35] Ends Trans X2Q[2][4] -> [2][2]Y2Q
 (  64.00 ns) Start Transmit from  Y2Q[2][5] -> [2][4]Y2Q 
 (  64.00 ns) Msg[35] Decides in Y2Q[2][4] -> [2][2]Y2Q 
 (  64.00 ns) Start Transmit from  Y2Q[2][4] -> [2][3]Y2Q 
 (  64.00 ns) Msg[36] Ends Trans X1Q[5][4] -> [7][4]X1Q
 (  64.00 ns) Msg[36] Decides in X1Q[5][4] -> [7][4]X1Q 
 (  64.00 ns) Start Transmit from  X1Q[5][4] -> [6][4]X1Q 
 (  64.00 ns) Msg[74] Ends Trans PEQ[4][3] -> [4][3]X1Q
 (  64.00 ns) Start Transmit from  X1Q[3][3] -> [4][3]X1Q 
 (  64.00 ns) Msg[99] Decides in PEQ[3][3] -> [3][1]Y2Q 
 (  64.00 ns) Start Transmit from  PEQ[3][3] -> [3][2]Y2Q 
 (  64.00 ns) Msg[37] Ends Trans X1Q[5][3] -> [6][3]X1Q
 (  64.00 ns) Msg[74] Decides in X1Q[4][3] -> [4][3]PEQ 
 (  64.00 ns) Start Transmit from  X1Q[4][3] -> [4][3]PEQ 
 (  64.00 ns) Msg[37] Decides in X1Q[5][3] -> [6][3]X1Q 
 (  64.00 ns) Start Transmit from  X1Q[5][3] -> [6][3]X1Q 
 (  64.00 ns) Msg[39] Ends Trans X2Q[1][1] -> [1][7]X2Q
 (  64.00 ns) Msg[39] Decides in X2Q[1][1] -> [1][7]Y1Q 
 (  64.00 ns) Start Transmit from  X2Q[1][1] -> [1][2]Y1Q 
 (  64.00 ns) Msg[40] Ends Trans X1Q[5][0] -> [6][5]X1Q
 (  64.00 ns) Start Transmit from  PEQ[4][0] -> [5][0]X1Q 
 (  64.00 ns) Msg[40] Decides in X1Q[5][0] -> [6][5]X1Q 
 (  64.00 ns) Start Transmit from  X1Q[5][0] -> [6][0]X1Q 
 (  64.00 ns) Msg[86] Ends Trans PEQ[1][6] -> [1][2]X2Q
 (  64.00 ns) Msg[86] Decides in X2Q[1][6] -> [1][2]Y2Q 
 (  64.00 ns) Start Transmit from  X2Q[1][6] -> [1][5]Y2Q 
 (  64.00 ns) Msg[43] Ends Trans X1Q[4][5] -> [5][5]X1Q
 (  64.00 ns) Msg[43] Decides in X1Q[4][5] -> [5][5]X1Q 
 (  64.00 ns) Start Transmit from  X1Q[4][5] -> [5][5]X1Q 
 (  64.00 ns) Msg[44] Ends Trans X1Q[4][4] -> [5][6]X1Q
 (  64.00 ns) Msg[44] Decides in X1Q[4][4] -> [5][6]X1Q 
 (  64.00 ns) Start Transmit from  X1Q[4][4] -> [5][4]X1Q 
 (  64.00 ns) Msg[38] Ends Trans X2Q[1][2] -> [1][5]X2Q
 (  64.00 ns) Msg[73] Ends Trans PEQ[3][2] -> [4][2]X1Q
 (  64.00 ns) Start Transmit from  X1Q[2][2] -> [3][2]X1Q 
 (  64.00 ns) Msg[78] Decides in PEQ[2][2] -> [2][6]Y1Q 
 (  64.00 ns) Start Transmit from  PEQ[2][2] -> [2][3]Y1Q 
 (  64.00 ns) Msg[73] Decides in X1Q[3][2] -> [4][2]X1Q 
 (  64.00 ns) Start Transmit from  X1Q[3][2] -> [4][2]X1Q 
 (  64.00 ns) Msg[46] Ends Trans X2Q[0][2] -> [0][6]X2Q
 (  64.00 ns) Msg[38] Decides in X2Q[1][2] -> [1][5]Y1Q 
 (  64.00 ns) Start Transmit from  X2Q[1][2] -> [1][3]Y1Q 
 (  64.00 ns) Msg[46] Decides in X2Q[0][2] -> [0][6]Y1Q 
 (  64.00 ns) Start Transmit from  X2Q[0][2] -> [0][3]Y1Q 
 (  64.00 ns) Msg[65] Ends Trans PEQ[3][1] -> [5][6]X1Q
 (  64.00 ns) Msg[69] Decides in PEQ[2][1] -> [1][1]X2Q 
 (  64.00 ns) Start Transmit from  PEQ[2][1] -> [1][1]X2Q 
 (  64.00 ns) Msg[47] Ends Trans X1Q[4][1] -> [6][7]X1Q
 (  64.00 ns) Msg[65] Decides in X1Q[3][1] -> [5][6]X1Q 
 (  64.00 ns) Start Transmit from  X1Q[3][1] -> [4][1]X1Q 
 (  64.00 ns) Msg[47] Decides in X1Q[4][1] -> [6][7]Q 
 (  64.00 ns) Msg[48] Ends Trans X1Q[4][0] -> [6][4]X1Q
 (  64.00 ns) Msg[48] Decides in X1Q[4][0] -> [6][4]Q 
 (  64.00 ns) Msg[49] Ends Trans X1Q[3][7] -> [5][6]X1Q
 (  64.00 ns) Msg[49] Decides in X1Q[3][7] -> [5][6]X1Q 
 (  64.00 ns) Start Transmit from  X1Q[3][7] -> [4][7]X1Q 
 (  64.00 ns) Msg[79] Ends Trans PEQ[2][6] -> [5][5]X1Q
 (  64.00 ns) Start Transmit from  X1Q[1][6] -> [2][6]X1Q 
 (  64.00 ns) Msg[50] Ends Trans X1Q[3][6] -> [3][1]X1Q
 (  64.00 ns) Msg[79] Decides in X1Q[2][6] -> [5][5]X1Q 
 (  64.00 ns) Start Transmit from  X1Q[2][6] -> [3][6]X1Q 
 (  64.00 ns) Msg[94] Ends Trans PEQ[1][4] -> [1][2]Y2Q
 (  64.00 ns) Msg[94] Decides in Y2Q[1][4] -> [1][2]Y2Q 
 (  64.00 ns) Start Transmit from  Y2Q[1][4] -> [1][3]Y2Q 
 (  64.00 ns) Msg[51] Ends Trans X1Q[3][5] -> [3][6]X1Q
 (  64.00 ns) Start Transmit from  PEQ[2][5] -> [3][5]X1Q 
 (  64.00 ns) Msg[51] Decides in X1Q[3][5] -> [3][6]Y1Q 
 (  64.00 ns) Start Transmit from  X1Q[3][5] -> [3][6]Y1Q 
 (  64.00 ns) Msg[52] Ends Trans X2Q[0][3] -> [0][2]Y2Q
 (  64.00 ns) Msg[52] Decides in Y2Q[0][3] -> [0][2]Y2Q 
 (  64.00 ns) Start Transmit from  Y2Q[0][3] -> [0][2]Y2Q 
 (  64.00 ns) Msg[53] Ends Trans X1Q[3][3] -> [6][2]X1Q
 (  64.00 ns) Msg[72] Ends Trans PEQ[2][2] -> [5][0]X1Q
 (  64.00 ns) Start Transmit from  X1Q[1][2] -> [2][2]X1Q 
 (  64.00 ns) Msg[55] Ends Trans X1Q[2][1] -> [2][1]PEQ 
               Msg[55] Response Time : 64.00 ns   Mean Response Time : 64.00 ns
 (  64.00 ns) Msg[56] Ends Trans X1Q[3][0] -> [4][3]X1Q
 (  64.00 ns) Msg[56] Decides in X1Q[3][0] -> [4][3]X1Q 
 (  64.00 ns) Start Transmit from  X1Q[3][0] -> [4][0]X1Q 
 (  64.00 ns) Msg[57] Ends Trans X1Q[2][7] -> [3][6]X1Q
 (  64.00 ns) Msg[57] Decides in X1Q[2][7] -> [3][6]X1Q 
 (  64.00 ns) Start Transmit from  X1Q[2][7] -> [3][7]X1Q 
 (  64.00 ns) Msg[59] Ends Trans X1Q[2][5] -> [2][2]X1Q
 (  64.00 ns) Msg[59] Decides in X1Q[2][5] -> [2][2]Q 
 (  64.00 ns) Msg[60] Ends Trans X1Q[2][4] -> [6][7]X1Q
 (  64.00 ns) Msg[60] Decides in X1Q[2][4] -> [6][7]X1Q 
 (  64.00 ns) Start Transmit from  X1Q[2][4] -> [3][4]X1Q 
 (  64.00 ns) Msg[61] Ends Trans X1Q[2][3] -> [2][4]X1Q
 (  64.00 ns) Start Transmit from  PEQ[1][3] -> [2][3]X1Q 
 (  64.00 ns) Msg[61] Decides in X1Q[2][3] -> [2][4]Y1Q 
 (  64.00 ns) Start Transmit from  X1Q[2][3] -> [2][4]Y1Q 
 (  64.00 ns) Msg[93] Ends Trans PEQ[1][2] -> [2][4]X1Q
 (  64.00 ns) Msg[63] Ends Trans X1Q[2][1] -> [4][1]X1Q
 (  64.00 ns) Msg[63] Decides in X1Q[2][1] -> [4][1]X1Q 
 (  64.00 ns) Start Transmit from  X1Q[2][1] -> [3][1]X1Q 
 (  64.00 ns) Msg[64] Ends Trans X1Q[2][0] -> [4][2]X1Q
 (  64.00 ns) Msg[64] Decides in X1Q[2][0] -> [4][2]X1Q 
 (  64.00 ns) Start Transmit from  X1Q[2][0] -> [3][0]X1Q 
 (  64.15 ns) Msg[111] Arrives in PEQ[5][1] -> [0][3] 
 (  64.15 ns) Msg[111] Not Head Of Queue in PEQ[5][1] -> [0][3] 
 (  64.16 ns) Msg[112] Arrives in PEQ[2][7] -> [2][1] 
 (  64.16 ns) Msg[112] Decides in PEQ[2][7] -> [2][1]Q 
 (  64.49 ns) Msg[113] Arrives in PEQ[6][5] -> [5][1] 
 (  64.49 ns) Msg[113] Decides in PEQ[6][5] -> [5][1]X2Q 
 (  64.49 ns) Start Transmit from  PEQ[6][5] -> [5][5]X2Q 
 (  65.04 ns) Msg[114] Arrives in PEQ[1][2] -> [1][0] 
 (  65.04 ns) Msg[114] Decides in PEQ[1][2] -> [1][0]Y2Q 
 (  65.04 ns) Start Transmit from  PEQ[1][2] -> [1][1]Y2Q 
 (  66.64 ns) Msg[115] Arrives in PEQ[2][6] -> [2][4] 
 (  66.64 ns) Msg[115] Decides in PEQ[2][6] -> [2][4]Q 
 (  67.17 ns) Msg[116] Arrives in PEQ[2][2] -> [3][4] 
 (  67.17 ns) Msg[116] Not Head Of Queue in PEQ[2][2] -> [3][4] 
 (  67.67 ns) Msg[95] Ends Trans PEQ[3][3] -> [0][1]X2Q
 (  67.67 ns) Start Transmit from  X2Q[4][3] -> [3][3]X2Q 
 (  67.67 ns) Msg[95] Decides in X2Q[3][3] -> [0][1]X2Q 
 (  67.67 ns) Start Transmit from  X2Q[3][3] -> [2][3]X2Q 
 (  67.76 ns) Msg[96] Ends Trans PEQ[5][1] -> [5][4]X1Q
 (  67.76 ns) Start Transmit from  X1Q[4][1] -> [5][1]X1Q 
 (  67.76 ns) Msg[96] Decides in X1Q[5][1] -> [5][4]Q 
 (  67.83 ns) Msg[117] Arrives in PEQ[5][4] -> [0][7] 
 (  67.83 ns) Msg[117] Not Head Of Queue in PEQ[5][4] -> [0][7] 
 (  67.99 ns) Msg[118] Arrives in PEQ[2][7] -> [2][1] 
 (  67.99 ns) Msg[118] Not Head Of Queue in PEQ[2][7] -> [2][1] 
 (  69.11 ns) Msg[98] Ends Trans PEQ[1][1] -> [2][6]X1Q
 (  69.11 ns) Msg[98] Decides in X1Q[1][1] -> [2][6]X1Q 
 (  69.11 ns) Start Transmit from  X1Q[1][1] -> [2][1]X1Q 
 (  69.71 ns) Msg[119] Arrives in PEQ[5][2] -> [1][6] 
 (  69.71 ns) Msg[119] Decides in PEQ[5][2] -> [1][6]Q 
 (  70.45 ns) Msg[120] Arrives in PEQ[3][3] -> [1][1] 
 (  70.45 ns) Msg[120] Not Head Of Queue in PEQ[3][3] -> [1][1] 
 (  70.99 ns) Msg[121] Arrives in PEQ[2][4] -> [4][7] 
 (  70.99 ns) Msg[121] Decides in PEQ[2][4] -> [4][7]Q 
 (  71.10 ns) Msg[122] Arrives in PEQ[0][6] -> [0][5] 
 (  71.10 ns) Msg[122] Decides in PEQ[0][6] -> [0][5]Y2Q 
 (  71.10 ns) Start Transmit from  PEQ[0][6] -> [0][5]Y2Q 
 (  72.03 ns) Msg[123] Arrives in PEQ[4][2] -> [2][5] 
 (  72.03 ns) Msg[123] Not Head Of Queue in PEQ[4][2] -> [2][5] 
 (  73.54 ns) Msg[124] Arrives in PEQ[4][0] -> [7][3] 
 (  73.54 ns) Msg[124] Not Head Of Queue in PEQ[4][0] -> [7][3] 
 (  74.49 ns) Msg[125] Arrives in PEQ[6][6] -> [2][2] 
 (  74.49 ns) Msg[125] Not Head Of Queue in PEQ[6][6] -> [2][2] 
 (  75.22 ns) Msg[126] Arrives in PEQ[1][3] -> [3][6] 
 (  75.22 ns) Msg[126] Not Head Of Queue in PEQ[1][3] -> [3][6] 
 (  77.82 ns) Msg[127] Arrives in PEQ[6][0] -> [3][2] 
 (  77.82 ns) Msg[127] Decides in PEQ[6][0] -> [3][2]X2Q 
 (  77.82 ns) Start Transmit from  PEQ[6][0] -> [5][0]X2Q 
 (  81.49 ns) Msg[128] Arrives in PEQ[3][7] -> [0][6] 
 (  81.49 ns) Msg[128] Decides in PEQ[3][7] -> [0][6]Q 
 (  81.53 ns) Msg[129] Arrives in PEQ[2][5] -> [1][4] 
 (  81.53 ns) Msg[129] Not Head Of Queue in PEQ[2][5] -> [1][4] 
 (  81.60 ns) Msg[130] Arrives in PEQ[1][4] -> [1][5] 
 (  81.60 ns) Msg[130] Decides in PEQ[1][4] -> [1][5]Y1Q 
 (  81.60 ns) Start Transmit from  PEQ[1][4] -> [1][5]Y1Q 
 (  81.74 ns) Msg[131] Arrives in PEQ[1][1] -> [1][4] 
 (  81.74 ns) Msg[131] Decides in PEQ[1][1] -> [1][4]Q 
 (  82.67 ns) Msg[132] Arrives in PEQ[1][6] -> [2][1] 
 (  82.67 ns) Msg[132] Decides in PEQ[1][6] -> [2][1]Q 
 (  82.86 ns) Msg[133] Arrives in PEQ[2][1] -> [3][4] 
 (  82.86 ns) Msg[133] Not Head Of Queue in PEQ[2][1] -> [3][4] 
 (  83.70 ns) Msg[134] Arrives in PEQ[3][4] -> [6][7] 
 (  83.70 ns) Msg[134] Decides in PEQ[3][4] -> [6][7]X1Q 
 (  83.70 ns) Start Transmit from  PEQ[3][4] -> [4][4]X1Q 
 (  84.49 ns) Msg[105] Ends Trans PEQ[2][5] -> [2][5]X2Q
 (  84.49 ns) Msg[105] Decides in X2Q[2][5] -> [2][5]PEQ 
 (  84.49 ns) Start Transmit from  X2Q[2][5] -> [2][5]PEQ 
 (  85.08 ns) Msg[135] Arrives in PEQ[4][7] -> [1][6] 
 (  85.08 ns) Msg[135] Decides in PEQ[4][7] -> [1][6]X2Q 
 (  85.08 ns) Start Transmit from  PEQ[4][7] -> [3][7]X2Q 
 (  85.20 ns) Msg[136] Arrives in PEQ[2][4] -> [2][2] 
 (  85.20 ns) Msg[136] Not Head Of Queue in PEQ[2][4] -> [2][2] 
 (  86.22 ns) Msg[137] Arrives in PEQ[2][2] -> [0][3] 
 (  86.22 ns) Msg[137] Not Head Of Queue in PEQ[2][2] -> [0][3] 
 (  86.26 ns) Msg[138] Arrives in PEQ[2][1] -> [5][0] 
 (  86.26 ns) Msg[138] Not Head Of Queue in PEQ[2][1] -> [5][0] 
 (  86.39 ns) Msg[139] Arrives in PEQ[6][7] -> [3][6] 
 (  86.39 ns) Msg[139] Not Head Of Queue in PEQ[6][7] -> [3][6] 
 (  89.78 ns) Msg[140] Arrives in PEQ[0][5] -> [4][1] 
 (  89.78 ns) Msg[140] Decides in PEQ[0][5] -> [4][1]X1Q 
 (  89.78 ns) Start Transmit from  PEQ[0][5] -> [1][5]X1Q 
 (  89.93 ns) Msg[141] Arrives in PEQ[2][1] -> [3][6] 
 (  89.93 ns) Msg[141] Not Head Of Queue in PEQ[2][1] -> [3][6] 
 (  89.99 ns) Msg[142] Arrives in PEQ[7][3] -> [6][1] 
 (  89.99 ns) Msg[142] Decides in PEQ[7][3] -> [6][1]X2Q 
 (  89.99 ns) Start Transmit from  PEQ[7][3] -> [6][3]X2Q 
 (  91.56 ns) Msg[143] Arrives in PEQ[1][7] -> [6][2] 
 (  91.56 ns) Msg[143] Decides in PEQ[1][7] -> [6][2]X1Q 
 (  91.56 ns) Start Transmit from  PEQ[1][7] -> [2][7]X1Q 
 (  91.98 ns) Msg[144] Arrives in PEQ[5][2] -> [4][6] 
 (  91.98 ns) Msg[144] Not Head Of Queue in PEQ[5][2] -> [4][6] 
 (  92.11 ns) Msg[145] Arrives in PEQ[4][3] -> [4][4] 
 (  92.11 ns) Msg[145] Decides in PEQ[4][3] -> [4][4]Y1Q 
 (  92.11 ns) Start Transmit from  PEQ[4][3] -> [4][4]Y1Q 
 (  93.89 ns) Msg[146] Arrives in PEQ[2][3] -> [1][4] 
 (  93.89 ns) Msg[146] Decides in PEQ[2][3] -> [1][4]X2Q 
 (  93.89 ns) Start Transmit from  PEQ[2][3] -> [1][3]X2Q 
 (  93.97 ns) Msg[147] Arrives in PEQ[5][0] -> [2][2] 
 (  93.97 ns) Msg[147] Not Head Of Queue in PEQ[5][0] -> [2][2] 
 (  95.52 ns) Msg[148] Arrives in PEQ[1][5] -> [4][6] 
 (  95.52 ns) Msg[148] Decides in PEQ[1][5] -> [4][6]X1Q 
 (  95.52 ns) Start Transmit from  PEQ[1][5] -> [2][5]X1Q 
 (  96.00 ns) Msg[81] Ends Trans PEQ[6][2] -> [2][4]X2Q
 (  96.00 ns) Msg[85] Ends Trans PEQ[5][7] -> [4][0]X2Q
 (  96.00 ns) Msg[139] Decides in PEQ[6][7] -> [3][6]X2Q 
 (  96.00 ns) Start Transmit from  PEQ[6][7] -> [5][7]X2Q 
 (  96.00 ns) Msg[75] Ends Trans X2Q[4][7] -> [3][6]X2Q
 (  96.00 ns) Msg[85] Decides in X2Q[5][7] -> [4][0]X2Q 
 (  96.00 ns) Start Transmit from  X2Q[5][7] -> [4][7]X2Q 
 (  96.00 ns) Msg[75] Decides in X2Q[4][7] -> [3][6]Q 
 (  96.00 ns) Msg[1] Ends Trans Y2Q[6][5] -> [6][2]Y2Q
 (  96.00 ns) Msg[9] Ends Trans Y2Q[6][4] -> [6][0]Y2Q
 (  96.00 ns) Msg[1] Decides in Y2Q[6][5] -> [6][2]Y2Q 
 (  96.00 ns) Start Transmit from  Y2Q[6][5] -> [6][4]Y2Q 
 (  96.00 ns) Msg[9] Decides in Y2Q[6][4] -> [6][0]Y2Q 
 (  96.00 ns) Start Transmit from  Y2Q[6][4] -> [6][3]Y2Q 
 (  96.00 ns) Msg[66] Ends Trans PEQ[5][6] -> [3][3]X2Q
 (  96.00 ns) Msg[125] Decides in PEQ[6][6] -> [2][2]X2Q 
 (  96.00 ns) Start Transmit from  PEQ[6][6] -> [5][6]X2Q 
 (  96.00 ns) Msg[101] Ends Trans PEQ[4][6] -> [2][3]X2Q
 (  96.00 ns) Start Transmit from  X2Q[5][6] -> [4][6]X2Q 
 (  96.00 ns) Msg[102] Decides in PEQ[5][6] -> [4][2]Q 
 (  96.00 ns) Msg[10] Ends Trans X2Q[3][6] -> [3][7]X2Q
 (  96.00 ns) Msg[101] Decides in X2Q[4][6] -> [2][3]X2Q 
 (  96.00 ns) Start Transmit from  X2Q[4][6] -> [3][6]X2Q 
 (  96.00 ns) Msg[10] Decides in X2Q[3][6] -> [3][7]Y1Q 
 (  96.00 ns) Start Transmit from  X2Q[3][6] -> [3][7]Y1Q 
 (  96.00 ns) Msg[88] Ends Trans PEQ[5][4] -> [1][5]X2Q
 (  96.00 ns) Msg[68] Ends Trans Y2Q[6][2] -> [6][0]Y2Q
 (  96.00 ns) Msg[68] Decides in Y2Q[6][2] -> [6][0]Y2Q 
 (  96.00 ns) Start Transmit from  Y2Q[6][2] -> [6][1]Y2Q 
 (  96.00 ns) Msg[108] Ends Trans PEQ[5][3] -> [5][0]Y2Q
 (  96.00 ns) Start Transmit from  Y2Q[5][4] -> [5][3]Y2Q 
 (  96.00 ns) Msg[117] Decides in PEQ[5][4] -> [0][7]Q 
 (  96.00 ns) Msg[4] Ends Trans X2Q[4][4] -> [0][2]X2Q
 (  96.00 ns) Start Transmit from  PEQ[5][4] -> [4][4]X2Q 
 (  96.00 ns) Msg[88] Decides in X2Q[5][4] -> [1][5]Q 
 (  96.00 ns) Msg[4] Decides in X2Q[4][4] -> [0][2]X2Q 
 (  96.00 ns) Start Transmit from  X2Q[4][4] -> [3][4]X2Q 
 (  96.00 ns) Msg[12] Ends Trans Y2Q[5][2] -> [5][2]Y2Q
 (  96.00 ns) Msg[108] Decides in Y2Q[5][3] -> [5][0]Y2Q 
 (  96.00 ns) Start Transmit from  Y2Q[5][3] -> [5][2]Y2Q 
 (  96.00 ns) Msg[12] Decides in Y2Q[5][2] -> [5][2]Q 
 (  96.00 ns) Msg[87] Ends Trans PEQ[5][3] -> [2][2]X2Q
 (  96.00 ns) Msg[71] Ends Trans PEQ[5][2] -> [5][5]X2Q
 (  96.00 ns) Start Transmit from  X2Q[6][2] -> [5][2]X2Q 
 (  96.00 ns) Msg[83] Decides in PEQ[6][2] -> [1][3]Q 
 (  96.00 ns) Msg[6] Ends Trans X2Q[4][2] -> [1][2]X2Q
 (  96.00 ns) Start Transmit from  PEQ[5][2] -> [4][2]X2Q 
 (  96.00 ns) Msg[71] Decides in X2Q[5][2] -> [5][5]Y1Q 
 (  96.00 ns) Start Transmit from  X2Q[5][2] -> [5][3]Y1Q 
 (  96.00 ns) Msg[6] Decides in X2Q[4][2] -> [1][2]Q 
 (  96.00 ns) Msg[14] Ends Trans Y2Q[5][1] -> [5][1]PEQ 
               Msg[14] Response Time : 96.00 ns   Mean Response Time : 72.00 ns
 (  96.00 ns) Msg[77] Ends Trans PEQ[5][2] -> [5][4]Y1Q
 (  96.00 ns) Start Transmit from  X1Q[5][1] -> [5][2]Y1Q 
 (  96.00 ns) Msg[100] Decides in PEQ[5][1] -> [6][6]X1Q 
 (  96.00 ns) Start Transmit from  PEQ[5][1] -> [6][1]X1Q 
 (  96.00 ns) Msg[7] Ends Trans X2Q[4][1] -> [4][0]X2Q
 (  96.00 ns) Msg[7] Decides in X2Q[4][1] -> [4][0]Y2Q 
 (  96.00 ns) Start Transmit from  X2Q[4][1] -> [4][0]Y2Q 
 (  96.00 ns) Msg[15] Ends Trans Y1Q[5][2] -> [5][2]PEQ 
               Msg[15] Response Time : 96.00 ns   Mean Response Time : 76.80 ns
 (  96.00 ns) Start Transmit from  Y2Q[5][2] -> [5][2]PEQ 
 (  96.00 ns) Msg[77] Decides in Y1Q[5][2] -> [5][4]Q 
 (  96.00 ns) Msg[76] Ends Trans PEQ[5][4] -> [5][1]Y2Q
 (  96.00 ns) Start Transmit from  X1Q[5][5] -> [5][4]Y2Q 
 (  96.00 ns) Msg[80] Decides in PEQ[5][5] -> [6][4]X1Q 
 (  96.00 ns) Start Transmit from  PEQ[5][5] -> [6][5]X1Q 
 (  96.00 ns) Msg[3] Ends Trans X2Q[4][5] -> [4][5]X2Q
 (  96.00 ns) Msg[20] Ends Trans Y1Q[4][6] -> [4][6]Y1Q
 (  96.00 ns) Msg[20] Decides in Y1Q[4][6] -> [4][6]Q 
 (  96.00 ns) Msg[5] Ends Trans X2Q[4][3] -> [2][2]X2Q
 (  96.00 ns) Msg[87] Decides in X2Q[5][3] -> [2][2]X2Q 
 (  96.00 ns) Start Transmit from  X2Q[5][3] -> [4][3]X2Q 
 (  96.00 ns) Msg[21] Ends Trans Y1Q[4][5] -> [4][5]Y1Q
 (  96.00 ns) Msg[21] Decides in Y1Q[4][5] -> [4][5]Q 
 (  96.00 ns) Msg[84] Ends Trans PEQ[3][2] -> [2][2]X2Q
 (  96.00 ns) Start Transmit from  X2Q[4][2] -> [3][2]X2Q 
 (  96.00 ns) Msg[89] Decides in PEQ[4][2] -> [7][6]X1Q 
 (  96.00 ns) Start Transmit from  PEQ[4][2] -> [5][2]X1Q 
 (  96.00 ns) Msg[22] Ends Trans X2Q[2][2] -> [2][2]X2Q
 (  96.00 ns) Msg[84] Decides in X2Q[3][2] -> [2][2]X2Q 
 (  96.00 ns) Start Transmit from  X2Q[3][2] -> [2][2]X2Q 
 (  96.00 ns) Msg[22] Decides in X2Q[2][2] -> [2][2]PEQ 
 (  96.00 ns) Start Transmit from  X2Q[2][2] -> [2][2]PEQ 
 (  96.00 ns) Msg[23] Ends Trans X2Q[2][1] -> [1][6]X2Q
 (  96.00 ns) Msg[23] Decides in X2Q[2][1] -> [1][6]Q 
 (  96.00 ns) Msg[92] Ends Trans PEQ[4][0] -> [2][7]X2Q
 (  96.00 ns) Start Transmit from  X2Q[5][0] -> [4][0]X2Q 
 (  96.00 ns) Msg[147] Decides in PEQ[5][0] -> [2][2]Q 
 (  96.00 ns) Msg[16] Ends Trans X2Q[3][0] -> [2][5]X2Q
 (  96.00 ns) Msg[92] Decides in X2Q[4][0] -> [2][7]X2Q 
 (  96.00 ns) Start Transmit from  X2Q[4][0] -> [3][0]X2Q 
 (  96.00 ns) Msg[24] Ends Trans X2Q[2][0] -> [2][7]X2Q
 (  96.00 ns) Msg[16] Decides in X2Q[3][0] -> [2][5]X2Q 
 (  96.00 ns) Start Transmit from  X2Q[3][0] -> [2][0]X2Q 
 (  96.00 ns) Msg[24] Decides in X2Q[2][0] -> [2][7]Y1Q 
 (  96.00 ns) Start Transmit from  X2Q[2][0] -> [2][1]Y1Q 
 (  96.00 ns) Msg[17] Ends Trans X2Q[2][7] -> [1][4]X2Q
 (  96.00 ns) Start Transmit from  PEQ[3][7] -> [2][7]X2Q 
 (  96.00 ns) Msg[25] Ends Trans X2Q[2][6] -> [2][5]Y2Q
Queue [ (Msg[41],TAr:0.00,Dest:[2][1])(Msg[25],TAr:0.00,Dest:[2][5]) ]
 (  96.00 ns) Start Transmit from  PEQ[2][7] -> [2][6]Y2Q 
 (  96.00 ns) Msg[17] Decides in X2Q[2][7] -> [1][4]X2Q 
 (  96.00 ns) Start Transmit from  X2Q[2][7] -> [1][7]X2Q 
 (  96.00 ns) Msg[11] Ends Trans X2Q[4][5] -> [4][5]PEQ 
               Msg[11] Response Time : 96.00 ns   Mean Response Time : 80.00 ns
 (  96.00 ns) Start Transmit from  Y1Q[4][5] -> [4][5]PEQ 
 (  96.00 ns) Msg[3] Decides in X2Q[4][5] -> [4][5]Q 
 (  96.00 ns) Msg[82] Ends Trans PEQ[4][4] -> [4][1]Y2Q
 (  96.00 ns) Msg[82] Decides in Y2Q[4][4] -> [4][1]Y2Q 
 (  96.00 ns) Start Transmit from  Y2Q[4][4] -> [4][3]Y2Q 
 (  96.00 ns) Msg[19] Ends Trans X2Q[3][4] -> [3][3]Y2Q
Queue [ (Msg[27],TAr:0.00,Dest:[3][4])(Msg[19],TAr:0.00,Dest:[3][3]) ]
 (  96.00 ns) Msg[27] Ends Trans Y2Q[3][4] -> [3][4]PEQ 
               Msg[27] Response Time : 96.00 ns   Mean Response Time : 82.29 ns
 (  96.00 ns) Msg[19] Decides in Y2Q[3][4] -> [3][3]Y2Q 
 (  96.00 ns) Start Transmit from  Y2Q[3][4] -> [3][3]Y2Q 
 (  96.00 ns) Msg[28] Ends Trans X2Q[2][4] -> [2][4]PEQ 
               Msg[28] Response Time : 96.00 ns   Mean Response Time : 84.00 ns
 (  96.00 ns) Msg[30] Ends Trans X1Q[7][2] -> [7][2]X1Q
 (  96.00 ns) Msg[30] Decides in X1Q[7][2] -> [7][2]PEQ 
 (  96.00 ns) Start Transmit from  X1Q[7][2] -> [7][2]PEQ 
 (  96.00 ns) Msg[31] Ends Trans X1Q[6][2] -> [6][2]Y1Q
 (  96.00 ns) Msg[31] Decides in Y1Q[6][2] -> [6][2]PEQ 
 (  96.00 ns) Start Transmit from  Y1Q[6][2] -> [6][2]PEQ 
 (  96.00 ns) Msg[32] Ends Trans X1Q[7][0] -> [7][2]X1Q
 (  96.00 ns) Msg[32] Decides in X1Q[7][0] -> [7][2]Y1Q 
 (  96.00 ns) Start Transmit from  X1Q[7][0] -> [7][1]Y1Q 
 (  96.00 ns) Msg[33] Ends Trans Y2Q[4][6] -> [4][6]PEQ 
               Msg[33] Response Time : 96.00 ns   Mean Response Time : 85.33 ns
 (  96.00 ns) Start Transmit from  Y1Q[4][6] -> [4][6]PEQ 
 (  96.00 ns) Msg[42] Ends Trans X1Q[4][6] -> [4][1]X1Q
 (  96.00 ns) Msg[50] Decides in X1Q[3][6] -> [3][1]Y2Q 
 (  96.00 ns) Start Transmit from  X1Q[3][6] -> [3][5]Y2Q 
 (  96.00 ns) Msg[91] Ends Trans PEQ[2][6] -> [2][5]X2Q
 (  96.00 ns) Msg[91] Decides in X2Q[2][6] -> [2][5]Q 
 (  96.00 ns) Msg[90] Ends Trans X1Q[5][6] -> [7][7]X1Q
 (  96.00 ns) Msg[42] Decides in X1Q[4][6] -> [4][1]Y2Q 
 (  96.00 ns) Start Transmit from  X1Q[4][6] -> [4][5]Y2Q 
 (  96.00 ns) Msg[90] Decides in X1Q[5][6] -> [7][7]X1Q 
 (  96.00 ns) Start Transmit from  X1Q[5][6] -> [6][6]X1Q 
 (  96.00 ns) Msg[41] Ends Trans Y2Q[2][5] -> [2][1]Y2Q
 (  96.00 ns) Start Transmit from  PEQ[2][6] -> [2][5]Y2Q 
 (  96.00 ns) Msg[25] Decides in Y2Q[2][6] -> [2][5]Q 
 (  96.00 ns) Msg[34] Ends Trans Y2Q[2][4] -> [2][1]Y2Q
 (  96.00 ns) Start Transmit from  X1Q[2][5] -> [2][4]Y2Q 
 (  96.00 ns) Msg[41] Decides in Y2Q[2][5] -> [2][1]Q 
 (  96.00 ns) Msg[35] Ends Trans Y2Q[2][3] -> [2][2]Y2Q
 (  96.00 ns) Msg[34] Decides in Y2Q[2][4] -> [2][1]Y2Q 
 (  96.00 ns) Start Transmit from  Y2Q[2][4] -> [2][3]Y2Q 
 (  96.00 ns) Msg[35] Decides in Y2Q[2][3] -> [2][2]Y2Q 
 (  96.00 ns) Start Transmit from  Y2Q[2][3] -> [2][2]Y2Q 
 (  96.00 ns) Msg[36] Ends Trans X1Q[6][4] -> [7][4]X1Q
 (  96.00 ns) Msg[36] Decides in X1Q[6][4] -> [7][4]X1Q 
 (  96.00 ns) Start Transmit from  X1Q[6][4] -> [7][4]X1Q 
 (  96.00 ns) Msg[45] Ends Trans X1Q[4][3] -> [6][6]X1Q
 (  96.00 ns) Msg[53] Decides in X1Q[3][3] -> [6][2]X1Q 
 (  96.00 ns) Start Transmit from  X1Q[3][3] -> [4][3]X1Q 
 (  96.00 ns) Msg[99] Ends Trans PEQ[3][2] -> [3][1]Y2Q
 (  96.00 ns) Msg[120] Decides in PEQ[3][3] -> [1][1]Q 
 (  96.00 ns) Msg[99] Decides in Y2Q[3][2] -> [3][1]Y2Q 
 (  96.00 ns) Start Transmit from  Y2Q[3][2] -> [3][1]Y2Q 
 (  96.00 ns) Msg[74] Ends Trans X1Q[4][3] -> [4][3]PEQ 
               Msg[74] Response Time : 80.19 ns   Mean Response Time : 84.82 ns

End Of The Simulation at T= 96.00 ns
Injection Rate : 80
Number of Clients Served : 10
The Mean Response Time : 84.82 ns
Throughput : 0.104 