Simulation Starting Time 2021-08-31 07:00:32
Welcome to Network-On-Chip ExpressCube Simulator 
This simulator was designed based on The Discrete Event Simulation.
It's a final year project to obtain the Master Degree
Student developer : Ziraoui Zakaria 
Supervisor: Prof. Mohamed Ould-Khaoua

Network Simulation Parameters :

Topology : 32 x 32 Express Cube with 8 Hops
Number of Nodes  : 1024 
Routing : Dimension-ordered (DOR)
Traffic : Uniform Random
Message length : 32 phits
Injection Rate : 400
Transmission Time Normal  Links : 32 Cycles
Transmission Time Express Links : 32 Cycles
Batch Means Method : Yes

Please wait, Simulation has been started...

Batch N° 1 : Mean Response Time : 330.56 cycles	Mean Waiting Time : 13.23 cycles	Throughput : 2.428
Batch N° 2 : Mean Response Time : 443.50 cycles	Mean Waiting Time : 30.37 cycles	Throughput : 2.687
Batch N° 3 : Mean Response Time : 422.76 cycles	Mean Waiting Time : 22.88 cycles	Throughput : 2.653
Batch N° 4 : Mean Response Time : 413.28 cycles	Mean Waiting Time : 15.78 cycles	Throughput : 2.602
Batch N° 5 : Mean Response Time : 412.38 cycles	Mean Waiting Time : 16.79 cycles	Throughput : 2.600
Batch N° 6 : Mean Response Time : 403.38 cycles	Mean Waiting Time : 14.34 cycles	Throughput : 2.534
Batch N° 7 : Mean Response Time : 406.47 cycles	Mean Waiting Time : 16.23 cycles	Throughput : 2.605
Batch N° 8 : Mean Response Time : 417.14 cycles	Mean Waiting Time : 17.94 cycles	Throughput : 2.562
Batch N° 9 : Mean Response Time : 414.67 cycles	Mean Waiting Time : 17.66 cycles	Throughput : 2.594
Batch N°10 : Mean Response Time : 409.20 cycles	Mean Waiting Time : 17.69 cycles	Throughput : 2.574

End Of The Simulation at T= 7745.48 cycles
Injection Rate : 400
Batch Size : 2000
Number of Batches : 10
Number of Clients Served : 20000
Overall Response Time : 407.33 cycles
Overall Waiting  Time : 18.29 cycles
Overall Throughput : 2.584 
Standard Deviation Response Time : 29.19572 cycles
Standard Deviation Waiting  Time : 4.96430 cycles
Standard Deviation Throughput : 0.069672 