Simulation Starting Time 2021-09-02 06:21:07
Welcome to Network-On-Chip ExpressCube Simulator 
This simulator was designed based on The Discrete Event Simulation.
It's a final year project to obtain the Master Degree
Student developer : Ziraoui Zakaria 
Supervisor: Prof. Mohamed Ould-Khaoua

Network Simulation Parameters :

Topology : 16 x 16 Express Cube with 8 Hops
Number of Nodes  : 256 
Routing : Dimension-ordered (DOR)
Traffic : Uniform Random
Message length : 32 phits
Injection Rate : 160
Transmission Time Normal  Links : 160 Cycles
Transmission Time Express Links : 160 Cycles
Batch Means Method : Yes

Please wait, Simulation has been started...

Batch N° 1 : Mean Response Time : 2312.56 cycles	Mean Waiting Time : 1114.40 cycles	Throughput : 0.357
Batch N° 2 : Mean Response Time : 5141.12 cycles	Mean Waiting Time : 3722.13 cycles	Throughput : 0.431
Batch N° 3 : Mean Response Time : 7898.94 cycles	Mean Waiting Time : 6446.07 cycles	Throughput : 0.447
Batch N° 4 : Mean Response Time : 10249.65 cycles	Mean Waiting Time : 8828.35 cycles	Throughput : 0.480
Batch N° 5 : Mean Response Time : 12709.67 cycles	Mean Waiting Time : 11243.19 cycles	Throughput : 0.463
Batch N° 6 : Mean Response Time : 14961.21 cycles	Mean Waiting Time : 13521.45 cycles	Throughput : 0.463
Batch N° 7 : Mean Response Time : 17634.94 cycles	Mean Waiting Time : 16201.15 cycles	Throughput : 0.446
Batch N° 8 : Mean Response Time : 20056.49 cycles	Mean Waiting Time : 18615.09 cycles	Throughput : 0.468
Batch N° 9 : Mean Response Time : 22294.49 cycles	Mean Waiting Time : 20844.90 cycles	Throughput : 0.476
Batch N°10 : Mean Response Time : 24873.58 cycles	Mean Waiting Time : 23434.16 cycles	Throughput : 0.463

End Of The Simulation at T= 44800.00 cycles
Injection Rate : 160
Batch Size : 2000
Number of Batches : 10
Number of Clients Served : 20000
Overall Response Time : 13813.27 cycles
Overall Waiting  Time : 12397.09 cycles
Overall Throughput : 0.449 
Standard Deviation Response Time : 7494.67627 cycles
Standard Deviation Waiting  Time : 7450.70605 cycles
Standard Deviation Throughput : 0.035577 