Simulation Starting Time 2021-09-04 04:13:51
Welcome to Network-On-Chip ExpressCube Simulator 
This simulator was designed based on The Discrete Event Simulation.
It's a final year project to obtain the Master Degree
Student developer : Ziraoui Zakaria 
Supervisor: Prof. Mohamed Ould-Khaoua

Network Simulation Parameters :

Topology : 8 x 8 Express Cube with 2 Hops
Number of Nodes  : 64 
Routing : Dimension-ordered (DOR)
Traffic : Hotspot [4][4]
Message length : 32 phits
Injection Rate : 9200
Transmission Time Normal  Links : 64 Cycles
Transmission Time Express Links : 64 Cycles
Batch Means Method : Yes

Please wait, Simulation has been started...

Batch N° 1 : Mean Response Time : 226.47 cycles	Mean Waiting Time : 0.55 cycles	Throughput : 0.007
Batch N° 2 : Mean Response Time : 221.74 cycles	Mean Waiting Time : 0.29 cycles	Throughput : 0.007
Batch N° 3 : Mean Response Time : 229.21 cycles	Mean Waiting Time : 0.25 cycles	Throughput : 0.007
Batch N° 4 : Mean Response Time : 222.46 cycles	Mean Waiting Time : 0.38 cycles	Throughput : 0.007
Batch N° 5 : Mean Response Time : 222.33 cycles	Mean Waiting Time : 0.20 cycles	Throughput : 0.007
Batch N° 6 : Mean Response Time : 225.30 cycles	Mean Waiting Time : 0.26 cycles	Throughput : 0.006
Batch N° 7 : Mean Response Time : 229.06 cycles	Mean Waiting Time : 0.24 cycles	Throughput : 0.007
Batch N° 8 : Mean Response Time : 220.19 cycles	Mean Waiting Time : 0.25 cycles	Throughput : 0.007
Batch N° 9 : Mean Response Time : 230.33 cycles	Mean Waiting Time : 0.28 cycles	Throughput : 0.007
Batch N°10 : Mean Response Time : 226.21 cycles	Mean Waiting Time : 0.50 cycles	Throughput : 0.007

End Of The Simulation at T= 2945265.00 cycles
Injection Rate : 9200
Batch Size : 2000
Number of Batches : 10
Number of Clients Served : 20000
Overall Response Time : 225.33 cycles
Overall Waiting  Time : 0.32 cycles
Overall Throughput : 0.007 
Standard Deviation Response Time : 3.53873 cycles
Standard Deviation Waiting  Time : 0.11978 cycles
Standard Deviation Throughput : 0.000224 