Simulation Starting Time 2021-08-31 07:02:34
Welcome to Network-On-Chip ExpressCube Simulator 
This simulator was designed based on The Discrete Event Simulation.
It's a final year project to obtain the Master Degree
Student developer : Ziraoui Zakaria 
Supervisor: Prof. Mohamed Ould-Khaoua

Network Simulation Parameters :

Topology : 32 x 32 Express Cube with 8 Hops
Number of Nodes  : 1024 
Routing : Dimension-ordered (DOR)
Traffic : Uniform Random
Message length : 32 phits
Injection Rate : 100
Transmission Time Normal  Links : 32 Cycles
Transmission Time Express Links : 32 Cycles
Batch Means Method : Yes

Please wait, Simulation has been started...

Batch N° 1 : Mean Response Time : 291.13 cycles	Mean Waiting Time : 33.36 cycles	Throughput : 3.472
Batch N° 2 : Mean Response Time : 440.28 cycles	Mean Waiting Time : 100.83 cycles	Throughput : 6.250
Batch N° 3 : Mean Response Time : 514.94 cycles	Mean Waiting Time : 163.59 cycles	Throughput : 6.539
Batch N° 4 : Mean Response Time : 583.29 cycles	Mean Waiting Time : 222.29 cycles	Throughput : 6.979
Batch N° 5 : Mean Response Time : 631.74 cycles	Mean Waiting Time : 268.91 cycles	Throughput : 6.868
Batch N° 6 : Mean Response Time : 703.88 cycles	Mean Waiting Time : 334.73 cycles	Throughput : 7.144
Batch N° 7 : Mean Response Time : 724.80 cycles	Mean Waiting Time : 358.63 cycles	Throughput : 7.236
Batch N° 8 : Mean Response Time : 795.46 cycles	Mean Waiting Time : 427.94 cycles	Throughput : 6.958
Batch N° 9 : Mean Response Time : 823.88 cycles	Mean Waiting Time : 457.94 cycles	Throughput : 7.575
Batch N°10 : Mean Response Time : 874.19 cycles	Mean Waiting Time : 505.73 cycles	Throughput : 7.101

End Of The Simulation at T= 3169.12 cycles
Injection Rate : 100
Batch Size : 2000
Number of Batches : 10
Number of Clients Served : 20000
Overall Response Time : 638.36 cycles
Overall Waiting  Time : 287.40 cycles
Overall Throughput : 6.612 
Standard Deviation Response Time : 183.96579 cycles
Standard Deviation Waiting  Time : 157.43469 cycles
Standard Deviation Throughput : 1.162045 