Simulation Starting Time 2021-09-02 05:19:51
Welcome to Network-On-Chip 2D Mesh Simulator 
This simulator was designed based on The Discrete Event Simulation.
It's a final year project to obtain the Master Degree
Student developer : Ziraoui Zakaria 
Supervisor: Prof. Mohamed Ould-Khaoua

Network Simulation Parameters :

Topology : 8 x 8 Mesh 
Number of Nodes  : 64 
Routing : Dimension-ordered (DOR)
Traffic : Uniform Random
Message length : 32 phits
Injection Rate : 70
Transmission Time : 32 Cycles
Batch Means Method : Yes

Please wait, Simulation has been started...

Batch N° 1 : Mean Response Time : 367.10 cycles	Mean Waiting Time : 185.76 cycles	Throughput : 0.720
Batch N° 2 : Mean Response Time : 733.32 cycles	Mean Waiting Time : 540.00 cycles	Throughput : 0.762
Batch N° 3 : Mean Response Time : 999.63 cycles	Mean Waiting Time : 814.17 cycles	Throughput : 0.792
Batch N° 4 : Mean Response Time : 1333.20 cycles	Mean Waiting Time : 1137.29 cycles	Throughput : 0.789
Batch N° 5 : Mean Response Time : 1594.39 cycles	Mean Waiting Time : 1404.04 cycles	Throughput : 0.806
Batch N° 6 : Mean Response Time : 1879.03 cycles	Mean Waiting Time : 1687.75 cycles	Throughput : 0.783
Batch N° 7 : Mean Response Time : 2157.78 cycles	Mean Waiting Time : 1966.42 cycles	Throughput : 0.766
Batch N° 8 : Mean Response Time : 2545.07 cycles	Mean Waiting Time : 2347.75 cycles	Throughput : 0.795
Batch N° 9 : Mean Response Time : 2931.29 cycles	Mean Waiting Time : 2737.27 cycles	Throughput : 0.781
Batch N°10 : Mean Response Time : 3135.41 cycles	Mean Waiting Time : 2940.02 cycles	Throughput : 0.787

End Of The Simulation at T= 25730.25 cycles
Injection Rate : 70
Batch Size : 2000
Number of Batches : 10
Number of Clients Served : 20000
Overall Response Time : 1767.62 cycles
Overall Waiting  Time : 1576.05 cycles
Overall Throughput : 0.778 
Standard Deviation Response Time : 932.96472 cycles
Standard Deviation Waiting  Time : 929.64130 cycles
Standard Deviation Throughput : 0.024255 