Simulation Starting Time 2021-09-04 04:23:39
Welcome to Network-On-Chip ExpressCube Simulator 
This simulator was designed based on The Discrete Event Simulation.
It's a final year project to obtain the Master Degree
Student developer : Ziraoui Zakaria 
Supervisor: Prof. Mohamed Ould-Khaoua

Network Simulation Parameters :

Topology : 16 x 16 Express Cube with 8 Hops
Number of Nodes  : 256 
Routing : Dimension-ordered (DOR)
Traffic : Hotspot [8][8]
Message length : 32 phits
Injection Rate : 32000
Transmission Time Normal  Links : 160 Cycles
Transmission Time Express Links : 160 Cycles
Batch Means Method : Yes

Please wait, Simulation has been started...

Batch N° 1 : Mean Response Time : 1379.78 cycles	Mean Waiting Time : 6.03 cycles	Throughput : 0.009
Batch N° 2 : Mean Response Time : 1340.47 cycles	Mean Waiting Time : 1.31 cycles	Throughput : 0.008
Batch N° 3 : Mean Response Time : 1360.96 cycles	Mean Waiting Time : 1.26 cycles	Throughput : 0.008
Batch N° 4 : Mean Response Time : 1326.31 cycles	Mean Waiting Time : 1.70 cycles	Throughput : 0.008
Batch N° 5 : Mean Response Time : 1322.61 cycles	Mean Waiting Time : 1.47 cycles	Throughput : 0.008
Batch N° 6 : Mean Response Time : 1307.70 cycles	Mean Waiting Time : 1.42 cycles	Throughput : 0.008
Batch N° 7 : Mean Response Time : 1340.90 cycles	Mean Waiting Time : 1.37 cycles	Throughput : 0.008
Batch N° 8 : Mean Response Time : 1312.39 cycles	Mean Waiting Time : 1.66 cycles	Throughput : 0.008
Batch N° 9 : Mean Response Time : 1332.95 cycles	Mean Waiting Time : 1.03 cycles	Throughput : 0.008
Batch N°10 : Mean Response Time : 1341.98 cycles	Mean Waiting Time : 1.03 cycles	Throughput : 0.008

End Of The Simulation at T= 2423199.00 cycles
Injection Rate : 32000
Batch Size : 2000
Number of Batches : 10
Number of Clients Served : 20000
Overall Response Time : 1336.60 cycles
Overall Waiting  Time : 1.83 cycles
Overall Throughput : 0.008 
Standard Deviation Response Time : 21.74719 cycles
Standard Deviation Waiting  Time : 1.49413 cycles
Standard Deviation Throughput : 0.000302 