Simulation Starting Time 2021-09-01 06:05:04
Welcome to Network-On-Chip 2D Mesh Simulator 
This simulator was designed based on The Discrete Event Simulation.
It's a final year project to obtain the Master Degree
Student developer : Ziraoui Zakaria 
Supervisor: Prof. Mohamed Ould-Khaoua

Network Simulation Parameters :

Topology : 16 x 16 Mesh 
Number of Nodes  : 256 
Routing : Dimension-ordered (DOR)
Traffic : Hotspot [8][8]
Message length : 32 phits
Injection Rate : 250
Transmission Time : 32 Cycles
Batch Means Method : Yes

Please wait, Simulation has been started...

Batch N° 1 : Mean Response Time : 401.32 cycles	Mean Waiting Time : 72.11 cycles	Throughput : 0.857
Batch N° 2 : Mean Response Time : 503.15 cycles	Mean Waiting Time : 164.53 cycles	Throughput : 0.902
Batch N° 3 : Mean Response Time : 613.82 cycles	Mean Waiting Time : 278.98 cycles	Throughput : 0.912
Batch N° 4 : Mean Response Time : 701.32 cycles	Mean Waiting Time : 365.06 cycles	Throughput : 0.914
Batch N° 5 : Mean Response Time : 809.31 cycles	Mean Waiting Time : 477.14 cycles	Throughput : 0.891
Batch N° 6 : Mean Response Time : 951.99 cycles	Mean Waiting Time : 619.35 cycles	Throughput : 0.878
Batch N° 7 : Mean Response Time : 1090.29 cycles	Mean Waiting Time : 760.78 cycles	Throughput : 0.881
Batch N° 8 : Mean Response Time : 1156.38 cycles	Mean Waiting Time : 820.07 cycles	Throughput : 0.899
Batch N° 9 : Mean Response Time : 1181.10 cycles	Mean Waiting Time : 845.60 cycles	Throughput : 0.919
Batch N°10 : Mean Response Time : 1341.18 cycles	Mean Waiting Time : 1003.96 cycles	Throughput : 0.893

End Of The Simulation at T= 22368.00 cycles
Injection Rate : 250
Batch Size : 2000
Number of Batches : 10
Number of Clients Served : 20000
Overall Response Time : 874.99 cycles
Overall Waiting  Time : 540.76 cycles
Overall Throughput : 0.895 
Standard Deviation Response Time : 317.59814 cycles
Standard Deviation Waiting  Time : 317.05316 cycles
Standard Deviation Throughput : 0.019046 