Simulation Starting Time 2021-09-04 04:26:40
Welcome to Network-On-Chip 2D Mesh Simulator 
This simulator was designed based on The Discrete Event Simulation.
It's a final year project to obtain the Master Degree
Student developer : Ziraoui Zakaria 
Supervisor: Prof. Mohamed Ould-Khaoua

Network Simulation Parameters :

Topology : 32 x 32 Mesh 
Number of Nodes  : 1024 
Routing : Dimension-ordered (DOR)
Traffic : Hotspot [16][16]
Message length : 32 phits
Injection Rate : 32000
Transmission Time : 32 Cycles
Batch Means Method : Yes

Please wait, Simulation has been started...

Batch N° 1 : Mean Response Time : 702.21 cycles	Mean Waiting Time : 53.01 cycles	Throughput : 0.067
Batch N° 2 : Mean Response Time : 627.83 cycles	Mean Waiting Time : 0.19 cycles	Throughput : 0.032
Batch N° 3 : Mean Response Time : 636.30 cycles	Mean Waiting Time : 0.11 cycles	Throughput : 0.032
Batch N° 4 : Mean Response Time : 634.18 cycles	Mean Waiting Time : 0.11 cycles	Throughput : 0.032
Batch N° 5 : Mean Response Time : 632.51 cycles	Mean Waiting Time : 0.20 cycles	Throughput : 0.032
Batch N° 6 : Mean Response Time : 630.79 cycles	Mean Waiting Time : 0.16 cycles	Throughput : 0.032
Batch N° 7 : Mean Response Time : 631.68 cycles	Mean Waiting Time : 0.23 cycles	Throughput : 0.033
Batch N° 8 : Mean Response Time : 641.07 cycles	Mean Waiting Time : 0.14 cycles	Throughput : 0.032
Batch N° 9 : Mean Response Time : 626.26 cycles	Mean Waiting Time : 0.18 cycles	Throughput : 0.032
Batch N°10 : Mean Response Time : 625.09 cycles	Mean Waiting Time : 0.16 cycles	Throughput : 0.032

End Of The Simulation at T= 592487.50 cycles
Injection Rate : 32000
Batch Size : 2000
Number of Batches : 10
Number of Clients Served : 20000
Overall Response Time : 638.79 cycles
Overall Waiting  Time : 5.45 cycles
Overall Throughput : 0.036 
Standard Deviation Response Time : 22.78783 cycles
Standard Deviation Waiting  Time : 16.71081 cycles
Standard Deviation Throughput : 0.011184 