Simulation Starting Time 2021-09-04 05:01:58
Welcome to Network-On-Chip ExpressCube Simulator 
This simulator was designed based on The Discrete Event Simulation.
It's a final year project to obtain the Master Degree
Student developer : Ziraoui Zakaria 
Supervisor: Prof. Mohamed Ould-Khaoua

Network Simulation Parameters :

Topology : 32 x 32 Express Cube with 4 Hops
Number of Nodes  : 1024 
Routing : Dimension-ordered (DOR)
Traffic : Hotspot [16][16]
Message length : 32 phits
Injection Rate : 50
Transmission Time Normal  Links : 96 Cycles
Transmission Time Express Links : 96 Cycles
Batch Means Method : Yes

Please wait, Simulation has been started...

Batch N° 1 : Mean Response Time : 846.49 cycles	Mean Waiting Time : 223.52 cycles	Throughput : 1.389
Batch N° 2 : Mean Response Time : 1576.48 cycles	Mean Waiting Time : 752.90 cycles	Throughput : 2.315
Batch N° 3 : Mean Response Time : 2196.39 cycles	Mean Waiting Time : 1331.67 cycles	Throughput : 2.315
Batch N° 4 : Mean Response Time : 2801.76 cycles	Mean Waiting Time : 1927.94 cycles	Throughput : 2.604
Batch N° 5 : Mean Response Time : 3404.43 cycles	Mean Waiting Time : 2518.97 cycles	Throughput : 2.604
Batch N° 6 : Mean Response Time : 3969.57 cycles	Mean Waiting Time : 3062.95 cycles	Throughput : 2.315
Batch N° 7 : Mean Response Time : 4546.62 cycles	Mean Waiting Time : 3645.56 cycles	Throughput : 2.604
Batch N° 8 : Mean Response Time : 5134.49 cycles	Mean Waiting Time : 4229.18 cycles	Throughput : 2.604
Batch N° 9 : Mean Response Time : 5697.36 cycles	Mean Waiting Time : 4813.87 cycles	Throughput : 2.604
Batch N°10 : Mean Response Time : 6267.51 cycles	Mean Waiting Time : 5366.65 cycles	Throughput : 2.604

End Of The Simulation at T= 8640.00 cycles
Injection Rate : 50
Batch Size : 2000
Number of Batches : 10
Number of Clients Served : 20000
Overall Response Time : 3644.11 cycles
Overall Waiting  Time : 2787.32 cycles
Overall Throughput : 2.396 
Standard Deviation Response Time : 1801.36963 cycles
Standard Deviation Waiting  Time : 1741.41528 cycles
Standard Deviation Throughput : 0.379187 