Simulation Starting Time 2021-08-31 05:29:00
Welcome to Network-On-Chip 2D Mesh Simulator 
This simulator was designed based on The Discrete Event Simulation.
It's a final year project to obtain the Master Degree
Student developer : Ziraoui Zakaria 
Supervisor: Prof. Mohamed Ould-Khaoua

Network Simulation Parameters :

Topology : 8 x 8 Mesh 
Number of Nodes  : 64 
Routing : Dimension-ordered (DOR)
Traffic : Uniform Random
Message length : 32 phits
Injection Rate : 9200
Transmission Time : 32 Cycles
Batch Means Method : Yes

Please wait, Simulation has been started...

Batch N° 1 : Mean Response Time : 154.84 cycles	Mean Waiting Time : 0.02 cycles	Throughput : 0.007
Batch N° 2 : Mean Response Time : 154.34 cycles	Mean Waiting Time : 0.08 cycles	Throughput : 0.007
Batch N° 3 : Mean Response Time : 151.67 cycles	Mean Waiting Time : 0.09 cycles	Throughput : 0.007
Batch N° 4 : Mean Response Time : 153.72 cycles	Mean Waiting Time : 0.03 cycles	Throughput : 0.007
Batch N° 5 : Mean Response Time : 153.04 cycles	Mean Waiting Time : 0.09 cycles	Throughput : 0.007
Batch N° 6 : Mean Response Time : 151.08 cycles	Mean Waiting Time : 0.02 cycles	Throughput : 0.007
Batch N° 7 : Mean Response Time : 150.97 cycles	Mean Waiting Time : 0.03 cycles	Throughput : 0.007
Batch N° 8 : Mean Response Time : 156.84 cycles	Mean Waiting Time : 0.04 cycles	Throughput : 0.007
Batch N° 9 : Mean Response Time : 151.62 cycles	Mean Waiting Time : 0.11 cycles	Throughput : 0.007
Batch N°10 : Mean Response Time : 155.82 cycles	Mean Waiting Time : 0.10 cycles	Throughput : 0.007

End Of The Simulation at T= 2888838.00 cycles
Injection Rate : 9200
Batch Size : 2000
Number of Batches : 10
Number of Clients Served : 20000
Overall Response Time : 153.39 cycles
Overall Waiting  Time : 0.06 cycles
Overall Throughput : 0.007 
Standard Deviation Response Time : 2.06298 cycles
Standard Deviation Waiting  Time : 0.03530 cycles
Standard Deviation Throughput : 0.000174 