Simulation Starting Time 2021-08-31 05:31:33
Welcome to Network-On-Chip ExpressCube Simulator 
This simulator was designed based on The Discrete Event Simulation.
It's a final year project to obtain the Master Degree
Student developer : Ziraoui Zakaria 
Supervisor: Prof. Mohamed Ould-Khaoua

Network Simulation Parameters :

Topology : 8 x 8 Express Cube with 4 Hops
Number of Nodes  : 64 
Routing : Dimension-ordered (DOR)
Traffic : Uniform Random
Message length : 32 phits
Injection Rate : 90
Transmission Time Normal  Links : 32 Cycles
Transmission Time Express Links : 32 Cycles
Batch Means Method : Yes

Please wait, Simulation has been started...

Batch N° 1 : Mean Response Time : 236.12 cycles	Mean Waiting Time : 78.43 cycles	Throughput : 0.666
Batch N° 2 : Mean Response Time : 291.74 cycles	Mean Waiting Time : 131.04 cycles	Throughput : 0.732
Batch N° 3 : Mean Response Time : 306.75 cycles	Mean Waiting Time : 146.50 cycles	Throughput : 0.714
Batch N° 4 : Mean Response Time : 314.11 cycles	Mean Waiting Time : 150.41 cycles	Throughput : 0.717
Batch N° 5 : Mean Response Time : 355.54 cycles	Mean Waiting Time : 193.26 cycles	Throughput : 0.711
Batch N° 6 : Mean Response Time : 378.51 cycles	Mean Waiting Time : 216.87 cycles	Throughput : 0.703
Batch N° 7 : Mean Response Time : 413.28 cycles	Mean Waiting Time : 251.11 cycles	Throughput : 0.715
Batch N° 8 : Mean Response Time : 361.72 cycles	Mean Waiting Time : 198.65 cycles	Throughput : 0.715
Batch N° 9 : Mean Response Time : 314.18 cycles	Mean Waiting Time : 153.10 cycles	Throughput : 0.716
Batch N°10 : Mean Response Time : 276.13 cycles	Mean Waiting Time : 114.65 cycles	Throughput : 0.716

End Of The Simulation at T= 28158.22 cycles
Injection Rate : 90
Batch Size : 2000
Number of Batches : 10
Number of Clients Served : 20000
Overall Response Time : 324.81 cycles
Overall Waiting  Time : 163.40 cycles
Overall Throughput : 0.711 
Standard Deviation Response Time : 52.60025 cycles
Standard Deviation Waiting  Time : 51.52182 cycles
Standard Deviation Throughput : 0.017354 