Simulation Starting Time 2021-08-17 06:04:55
Welcome to Network-On-Chip ExpressCube Simulator 
This simulator was designed based on The Discrete Event Simulation.
It's a final year project to obtain the Master Degree
Student developer : Ziraoui Zakaria 
Supervisor: Prof. Mohamed Ould-Khaoua

Network Simulation Parameters :

Topology : 8 x 8 Express Cube with 4 Hops
Number of Nodes  : 64 
Routing : Dimension-ordered (DOR)
Traffic : Uniform Random
Message length : 32 phits
Injection Rate : 200
Transmission Time Normal  Links : 32 Cycles
Transmission Time Express Links : 32 Cycles
Batch Means Method : Yes

Please wait, Simulation has been started...

Batch N° 1 : Mean Response Time : 150.93 cycles	Mean Waiting Time : 7.52 cycles	Throughput : 0.317
Batch N° 2 : Mean Response Time : 150.64 cycles	Mean Waiting Time : 7.85 cycles	Throughput : 0.321
Batch N° 3 : Mean Response Time : 152.06 cycles	Mean Waiting Time : 7.79 cycles	Throughput : 0.312
Batch N° 4 : Mean Response Time : 151.60 cycles	Mean Waiting Time : 7.47 cycles	Throughput : 0.314
Batch N° 5 : Mean Response Time : 150.48 cycles	Mean Waiting Time : 7.03 cycles	Throughput : 0.302
Batch N° 6 : Mean Response Time : 149.92 cycles	Mean Waiting Time : 7.26 cycles	Throughput : 0.306
Batch N° 7 : Mean Response Time : 151.59 cycles	Mean Waiting Time : 7.48 cycles	Throughput : 0.309
Batch N° 8 : Mean Response Time : 148.85 cycles	Mean Waiting Time : 6.90 cycles	Throughput : 0.301
Batch N° 9 : Mean Response Time : 149.82 cycles	Mean Waiting Time : 6.83 cycles	Throughput : 0.309
Batch N°10 : Mean Response Time : 149.35 cycles	Mean Waiting Time : 6.78 cycles	Throughput : 0.301
Batch N°11 : Mean Response Time : 149.86 cycles	Mean Waiting Time : 6.85 cycles	Throughput : 0.303
Batch N°12 : Mean Response Time : 150.21 cycles	Mean Waiting Time : 7.15 cycles	Throughput : 0.304
Batch N°13 : Mean Response Time : 148.87 cycles	Mean Waiting Time : 6.80 cycles	Throughput : 0.295
Batch N°14 : Mean Response Time : 149.27 cycles	Mean Waiting Time : 6.47 cycles	Throughput : 0.293
Batch N°15 : Mean Response Time : 149.91 cycles	Mean Waiting Time : 6.55 cycles	Throughput : 0.294
Batch N°16 : Mean Response Time : 148.88 cycles	Mean Waiting Time : 6.49 cycles	Throughput : 0.294
Batch N°17 : Mean Response Time : 148.60 cycles	Mean Waiting Time : 6.06 cycles	Throughput : 0.289
Batch N°18 : Mean Response Time : 147.40 cycles	Mean Waiting Time : 5.81 cycles	Throughput : 0.288
Batch N°19 : Mean Response Time : 148.57 cycles	Mean Waiting Time : 6.19 cycles	Throughput : 0.291
Batch N°20 : Mean Response Time : 147.07 cycles	Mean Waiting Time : 6.37 cycles	Throughput : 0.287
Batch N°21 : Mean Response Time : 148.28 cycles	Mean Waiting Time : 6.01 cycles	Throughput : 0.284
Batch N°22 : Mean Response Time : 147.43 cycles	Mean Waiting Time : 5.93 cycles	Throughput : 0.289
Batch N°23 : Mean Response Time : 148.13 cycles	Mean Waiting Time : 5.73 cycles	Throughput : 0.280
Batch N°24 : Mean Response Time : 146.84 cycles	Mean Waiting Time : 5.75 cycles	Throughput : 0.276
Batch N°25 : Mean Response Time : 147.64 cycles	Mean Waiting Time : 5.31 cycles	Throughput : 0.273
Batch N°26 : Mean Response Time : 146.91 cycles	Mean Waiting Time : 5.54 cycles	Throughput : 0.278
Batch N°27 : Mean Response Time : 146.93 cycles	Mean Waiting Time : 5.44 cycles	Throughput : 0.277
Batch N°28 : Mean Response Time : 148.67 cycles	Mean Waiting Time : 5.64 cycles	Throughput : 0.276
Batch N°29 : Mean Response Time : 148.04 cycles	Mean Waiting Time : 5.80 cycles	Throughput : 0.277
Batch N°30 : Mean Response Time : 147.84 cycles	Mean Waiting Time : 5.21 cycles	Throughput : 0.277
Batch N°31 : Mean Response Time : 148.74 cycles	Mean Waiting Time : 5.71 cycles	Throughput : 0.279
Batch N°32 : Mean Response Time : 147.61 cycles	Mean Waiting Time : 5.60 cycles	Throughput : 0.275
Batch N°33 : Mean Response Time : 146.46 cycles	Mean Waiting Time : 5.31 cycles	Throughput : 0.273
Batch N°34 : Mean Response Time : 148.81 cycles	Mean Waiting Time : 5.79 cycles	Throughput : 0.276
Batch N°35 : Mean Response Time : 149.52 cycles	Mean Waiting Time : 6.18 cycles	Throughput : 0.275
Batch N°36 : Mean Response Time : 146.98 cycles	Mean Waiting Time : 5.62 cycles	Throughput : 0.274

End Of The Simulation at T= 1240717.63 cycles
Injection Rate : 200
Batch Size : 10000
Number of Batches : 36
Number of Clients Served : 360000
Overall Response Time : 148.85 cycles
Overall Waiting  Time : 6.34 cycles
Overall Throughput : 0.291 
Standard Deviation Response Time : 1.47612 cycles
Standard Deviation Waiting  Time : 0.76435 cycles
Standard Deviation Throughput : 0.014381 