Simulation Starting Time 2021-09-04 04:30:23
Welcome to Network-On-Chip 2D Mesh Simulator 
This simulator was designed based on The Discrete Event Simulation.
It's a final year project to obtain the Master Degree
Student developer : Ziraoui Zakaria 
Supervisor: Prof. Mohamed Ould-Khaoua

Network Simulation Parameters :

Topology : 32 x 32 Mesh 
Number of Nodes  : 1024 
Routing : Dimension-ordered (DOR)
Traffic : Hotspot [16][16]
Message length : 32 phits
Injection Rate : 160
Transmission Time : 32 Cycles
Batch Means Method : Yes

Please wait, Simulation has been started...

Batch N° 1 : Mean Response Time : 509.01 cycles	Mean Waiting Time : 71.10 cycles	Throughput : 1.799
Batch N° 2 : Mean Response Time : 839.11 cycles	Mean Waiting Time : 226.03 cycles	Throughput : 3.244
Batch N° 3 : Mean Response Time : 1026.48 cycles	Mean Waiting Time : 389.53 cycles	Throughput : 3.289
Batch N° 4 : Mean Response Time : 1192.97 cycles	Mean Waiting Time : 562.40 cycles	Throughput : 3.448
Batch N° 5 : Mean Response Time : 1346.68 cycles	Mean Waiting Time : 707.12 cycles	Throughput : 3.361
Batch N° 6 : Mean Response Time : 1513.30 cycles	Mean Waiting Time : 860.30 cycles	Throughput : 3.382
Batch N° 7 : Mean Response Time : 1625.64 cycles	Mean Waiting Time : 981.48 cycles	Throughput : 3.529
Batch N° 8 : Mean Response Time : 1779.78 cycles	Mean Waiting Time : 1134.12 cycles	Throughput : 3.651
Batch N° 9 : Mean Response Time : 1963.75 cycles	Mean Waiting Time : 1314.65 cycles	Throughput : 3.477
Batch N°10 : Mean Response Time : 2092.38 cycles	Mean Waiting Time : 1446.65 cycles	Throughput : 3.472

End Of The Simulation at T= 6368.00 cycles
Injection Rate : 160
Batch Size : 2000
Number of Batches : 10
Number of Clients Served : 20000
Overall Response Time : 1388.91 cycles
Overall Waiting  Time : 769.34 cycles
Overall Throughput : 3.265 
Standard Deviation Response Time : 505.26733 cycles
Standard Deviation Waiting  Time : 461.41467 cycles
Standard Deviation Throughput : 0.528325 