Simulation Starting Time 2021-09-02 06:16:35
Welcome to Network-On-Chip ExpressCube Simulator 
This simulator was designed based on The Discrete Event Simulation.
It's a final year project to obtain the Master Degree
Student developer : Ziraoui Zakaria 
Supervisor: Prof. Mohamed Ould-Khaoua

Network Simulation Parameters :

Topology : 16 x 16 Express Cube with 2 Hops
Number of Nodes  : 256 
Routing : Dimension-ordered (DOR)
Traffic : Uniform Random
Message length : 32 phits
Injection Rate : 50
Transmission Time Normal  Links : 64 Cycles
Transmission Time Express Links : 64 Cycles
Batch Means Method : Yes

Please wait, Simulation has been started...

Batch N° 1 : Mean Response Time : 857.53 cycles	Mean Waiting Time : 463.08 cycles	Throughput : 0.947
Batch N° 2 : Mean Response Time : 1970.37 cycles	Mean Waiting Time : 1519.63 cycles	Throughput : 1.157
Batch N° 3 : Mean Response Time : 3065.88 cycles	Mean Waiting Time : 2603.52 cycles	Throughput : 1.116
Batch N° 4 : Mean Response Time : 4102.11 cycles	Mean Waiting Time : 3640.74 cycles	Throughput : 1.157
Batch N° 5 : Mean Response Time : 5084.87 cycles	Mean Waiting Time : 4620.14 cycles	Throughput : 1.202
Batch N° 6 : Mean Response Time : 6220.97 cycles	Mean Waiting Time : 5753.84 cycles	Throughput : 1.157
Batch N° 7 : Mean Response Time : 7099.09 cycles	Mean Waiting Time : 6632.49 cycles	Throughput : 1.202
Batch N° 8 : Mean Response Time : 8238.79 cycles	Mean Waiting Time : 7771.88 cycles	Throughput : 1.157
Batch N° 9 : Mean Response Time : 9157.26 cycles	Mean Waiting Time : 8700.75 cycles	Throughput : 1.202
Batch N°10 : Mean Response Time : 10339.42 cycles	Mean Waiting Time : 9876.09 cycles	Throughput : 1.202

End Of The Simulation at T= 17472.00 cycles
Injection Rate : 50
Batch Size : 2000
Number of Batches : 10
Number of Clients Served : 20000
Overall Response Time : 5613.63 cycles
Overall Waiting  Time : 5158.22 cycles
Overall Throughput : 1.150 
Standard Deviation Response Time : 3150.07007 cycles
Standard Deviation Waiting  Time : 3137.05103 cycles
Standard Deviation Throughput : 0.077011 