Simulation Starting Time 2021-08-31 05:55:47
Welcome to Network-On-Chip 2D Mesh Simulator 
This simulator was designed based on The Discrete Event Simulation.
It's a final year project to obtain the Master Degree
Student developer : Ziraoui Zakaria 
Supervisor: Prof. Mohamed Ould-Khaoua

Network Simulation Parameters :

Topology : 16 x 16 Mesh 
Number of Nodes  : 256 
Routing : Dimension-ordered (DOR)
Traffic : Uniform Random
Message length : 32 phits
Injection Rate : 150
Transmission Time : 32 Cycles
Batch Means Method : Yes

Please wait, Simulation has been started...

Batch N° 1 : Mean Response Time : 427.41 cycles	Mean Waiting Time : 103.93 cycles	Throughput : 1.250
Batch N° 2 : Mean Response Time : 592.64 cycles	Mean Waiting Time : 232.14 cycles	Throughput : 1.596
Batch N° 3 : Mean Response Time : 675.01 cycles	Mean Waiting Time : 312.28 cycles	Throughput : 1.563
Batch N° 4 : Mean Response Time : 758.32 cycles	Mean Waiting Time : 394.43 cycles	Throughput : 1.671
Batch N° 5 : Mean Response Time : 802.22 cycles	Mean Waiting Time : 437.53 cycles	Throughput : 1.648
Batch N° 6 : Mean Response Time : 850.86 cycles	Mean Waiting Time : 487.72 cycles	Throughput : 1.646
Batch N° 7 : Mean Response Time : 925.77 cycles	Mean Waiting Time : 558.86 cycles	Throughput : 1.641
Batch N° 8 : Mean Response Time : 950.62 cycles	Mean Waiting Time : 585.06 cycles	Throughput : 1.612
Batch N° 9 : Mean Response Time : 1010.73 cycles	Mean Waiting Time : 640.60 cycles	Throughput : 1.634
Batch N°10 : Mean Response Time : 1052.65 cycles	Mean Waiting Time : 688.07 cycles	Throughput : 1.636

End Of The Simulation at T= 12663.69 cycles
Injection Rate : 150
Batch Size : 2000
Number of Batches : 10
Number of Clients Served : 20000
Overall Response Time : 804.62 cycles
Overall Waiting  Time : 444.06 cycles
Overall Throughput : 1.590 
Standard Deviation Response Time : 196.72472 cycles
Standard Deviation Waiting  Time : 186.66881 cycles
Standard Deviation Throughput : 0.123183 