Simulation Starting Time 2021-08-31 05:59:10
Welcome to Network-On-Chip ExpressCube Simulator 
This simulator was designed based on The Discrete Event Simulation.
It's a final year project to obtain the Master Degree
Student developer : Ziraoui Zakaria 
Supervisor: Prof. Mohamed Ould-Khaoua

Network Simulation Parameters :

Topology : 16 x 16 Express Cube with 4 Hops
Number of Nodes  : 256 
Routing : Dimension-ordered (DOR)
Traffic : Uniform Random
Message length : 32 phits
Injection Rate : 400
Transmission Time Normal  Links : 32 Cycles
Transmission Time Express Links : 32 Cycles
Batch Means Method : Yes

Please wait, Simulation has been started...

Batch N° 1 : Mean Response Time : 211.83 cycles	Mean Waiting Time : 4.18 cycles	Throughput : 0.682
Batch N° 2 : Mean Response Time : 215.23 cycles	Mean Waiting Time : 3.32 cycles	Throughput : 0.636
Batch N° 3 : Mean Response Time : 218.43 cycles	Mean Waiting Time : 3.54 cycles	Throughput : 0.626
Batch N° 4 : Mean Response Time : 216.99 cycles	Mean Waiting Time : 2.65 cycles	Throughput : 0.609
Batch N° 5 : Mean Response Time : 208.99 cycles	Mean Waiting Time : 3.19 cycles	Throughput : 0.658
Batch N° 6 : Mean Response Time : 211.03 cycles	Mean Waiting Time : 3.26 cycles	Throughput : 0.642
Batch N° 7 : Mean Response Time : 214.11 cycles	Mean Waiting Time : 4.21 cycles	Throughput : 0.632
Batch N° 8 : Mean Response Time : 218.57 cycles	Mean Waiting Time : 3.51 cycles	Throughput : 0.659
Batch N° 9 : Mean Response Time : 212.86 cycles	Mean Waiting Time : 3.25 cycles	Throughput : 0.648
Batch N°10 : Mean Response Time : 212.20 cycles	Mean Waiting Time : 2.98 cycles	Throughput : 0.624

End Of The Simulation at T= 31202.74 cycles
Injection Rate : 400
Batch Size : 2000
Number of Batches : 10
Number of Clients Served : 20000
Overall Response Time : 214.02 cycles
Overall Waiting  Time : 3.41 cycles
Overall Throughput : 0.642 
Standard Deviation Response Time : 3.23481 cycles
Standard Deviation Waiting  Time : 0.48782 cycles
Standard Deviation Throughput : 0.020979 