Simulation Starting Time 2021-09-04 04:18:03
Welcome to Network-On-Chip 2D Mesh Simulator 
This simulator was designed based on The Discrete Event Simulation.
It's a final year project to obtain the Master Degree
Student developer : Ziraoui Zakaria 
Supervisor: Prof. Mohamed Ould-Khaoua

Network Simulation Parameters :

Topology : 16 x 16 Mesh 
Number of Nodes  : 256 
Routing : Dimension-ordered (DOR)
Traffic : Hotspot [8][8]
Message length : 32 phits
Injection Rate : 80
Transmission Time : 32 Cycles
Batch Means Method : Yes

Please wait, Simulation has been started...

Batch N° 1 : Mean Response Time : 483.48 cycles	Mean Waiting Time : 179.00 cycles	Throughput : 1.319
Batch N° 2 : Mean Response Time : 851.39 cycles	Mean Waiting Time : 517.83 cycles	Throughput : 1.648
Batch N° 3 : Mean Response Time : 1182.33 cycles	Mean Waiting Time : 846.76 cycles	Throughput : 1.669
Batch N° 4 : Mean Response Time : 1428.70 cycles	Mean Waiting Time : 1091.66 cycles	Throughput : 1.705
Batch N° 5 : Mean Response Time : 1719.73 cycles	Mean Waiting Time : 1381.84 cycles	Throughput : 1.736
Batch N° 6 : Mean Response Time : 1990.05 cycles	Mean Waiting Time : 1645.27 cycles	Throughput : 1.741
Batch N° 7 : Mean Response Time : 2349.10 cycles	Mean Waiting Time : 2006.34 cycles	Throughput : 1.718
Batch N° 8 : Mean Response Time : 2527.58 cycles	Mean Waiting Time : 2187.39 cycles	Throughput : 1.754
Batch N° 9 : Mean Response Time : 2815.58 cycles	Mean Waiting Time : 2481.70 cycles	Throughput : 1.722
Batch N°10 : Mean Response Time : 3125.42 cycles	Mean Waiting Time : 2781.85 cycles	Throughput : 1.700

End Of The Simulation at T= 12043.46 cycles
Injection Rate : 80
Batch Size : 2000
Number of Batches : 10
Number of Clients Served : 20000
Overall Response Time : 1847.34 cycles
Overall Waiting  Time : 1511.96 cycles
Overall Throughput : 1.671 
Standard Deviation Response Time : 868.69299 cycles
Standard Deviation Waiting  Time : 861.04089 cycles
Standard Deviation Throughput : 0.127887 