Simulation Starting Time 2021-08-31 06:48:47
Welcome to Network-On-Chip ExpressCube Simulator 
This simulator was designed based on The Discrete Event Simulation.
It's a final year project to obtain the Master Degree
Student developer : Ziraoui Zakaria 
Supervisor: Prof. Mohamed Ould-Khaoua

Network Simulation Parameters :

Topology : 32 x 32 Express Cube with 2 Hops
Number of Nodes  : 1024 
Routing : Dimension-ordered (DOR)
Traffic : Uniform Random
Message length : 32 phits
Injection Rate : 250
Transmission Time Normal  Links : 32 Cycles
Transmission Time Express Links : 32 Cycles
Batch Means Method : Yes

Please wait, Simulation has been started...

Batch N° 1 : Mean Response Time : 365.73 cycles	Mean Waiting Time : 53.15 cycles	Throughput : 2.419
Batch N° 2 : Mean Response Time : 581.49 cycles	Mean Waiting Time : 171.31 cycles	Throughput : 3.499
Batch N° 3 : Mean Response Time : 662.31 cycles	Mean Waiting Time : 257.88 cycles	Throughput : 3.835
Batch N° 4 : Mean Response Time : 736.44 cycles	Mean Waiting Time : 321.83 cycles	Throughput : 3.685
Batch N° 5 : Mean Response Time : 786.18 cycles	Mean Waiting Time : 366.57 cycles	Throughput : 3.750
Batch N° 6 : Mean Response Time : 827.48 cycles	Mean Waiting Time : 402.53 cycles	Throughput : 3.597
Batch N° 7 : Mean Response Time : 856.37 cycles	Mean Waiting Time : 440.45 cycles	Throughput : 3.763
Batch N° 8 : Mean Response Time : 893.14 cycles	Mean Waiting Time : 481.33 cycles	Throughput : 3.849
Batch N° 9 : Mean Response Time : 968.16 cycles	Mean Waiting Time : 544.66 cycles	Throughput : 3.679
Batch N°10 : Mean Response Time : 996.27 cycles	Mean Waiting Time : 573.52 cycles	Throughput : 3.826

End Of The Simulation at T= 5669.54 cycles
Injection Rate : 250
Batch Size : 2000
Number of Batches : 10
Number of Clients Served : 20000
Overall Response Time : 767.36 cycles
Overall Waiting  Time : 361.32 cycles
Overall Throughput : 3.590 
Standard Deviation Response Time : 190.98567 cycles
Standard Deviation Waiting  Time : 164.77776 cycles
Standard Deviation Throughput : 0.426187 