Simulation Starting Time 2021-09-02 06:38:25
Welcome to Network-On-Chip ExpressCube Simulator 
This simulator was designed based on The Discrete Event Simulation.
It's a final year project to obtain the Master Degree
Student developer : Ziraoui Zakaria 
Supervisor: Prof. Mohamed Ould-Khaoua

Network Simulation Parameters :

Topology : 32 x 32 Express Cube with 2 Hops
Number of Nodes  : 1024 
Routing : Dimension-ordered (DOR)
Traffic : Uniform Random
Message length : 32 phits
Injection Rate : 400
Transmission Time Normal  Links : 64 Cycles
Transmission Time Express Links : 64 Cycles
Batch Means Method : Yes

Please wait, Simulation has been started...

Batch N° 1 : Mean Response Time : 715.76 cycles	Mean Waiting Time : 108.06 cycles	Throughput : 1.229
Batch N° 2 : Mean Response Time : 1183.50 cycles	Mean Waiting Time : 392.98 cycles	Throughput : 1.780
Batch N° 3 : Mean Response Time : 1517.13 cycles	Mean Waiting Time : 688.57 cycles	Throughput : 1.952
Batch N° 4 : Mean Response Time : 1726.18 cycles	Mean Waiting Time : 904.07 cycles	Throughput : 1.953
Batch N° 5 : Mean Response Time : 1919.69 cycles	Mean Waiting Time : 1092.58 cycles	Throughput : 1.953
Batch N° 6 : Mean Response Time : 2108.13 cycles	Mean Waiting Time : 1287.15 cycles	Throughput : 1.969
Batch N° 7 : Mean Response Time : 2308.58 cycles	Mean Waiting Time : 1492.24 cycles	Throughput : 2.039
Batch N° 8 : Mean Response Time : 2437.35 cycles	Mean Waiting Time : 1613.65 cycles	Throughput : 1.962
Batch N° 9 : Mean Response Time : 2757.73 cycles	Mean Waiting Time : 1921.08 cycles	Throughput : 1.940
Batch N°10 : Mean Response Time : 2759.80 cycles	Mean Waiting Time : 1941.96 cycles	Throughput : 1.983

End Of The Simulation at T= 10880.00 cycles
Injection Rate : 400
Batch Size : 2000
Number of Batches : 10
Number of Clients Served : 20000
Overall Response Time : 1943.39 cycles
Overall Waiting  Time : 1144.23 cycles
Overall Throughput : 1.876 
Standard Deviation Response Time : 670.66589 cycles
Standard Deviation Waiting  Time : 624.29938 cycles
Standard Deviation Throughput : 0.236543 