Simulation Starting Time 2021-09-01 06:08:25
Welcome to Network-On-Chip ExpressCube Simulator 
This simulator was designed based on The Discrete Event Simulation.
It's a final year project to obtain the Master Degree
Student developer : Ziraoui Zakaria 
Supervisor: Prof. Mohamed Ould-Khaoua

Network Simulation Parameters :

Topology : 16 x 16 Express Cube with 8 Hops
Number of Nodes  : 256 
Routing : Dimension-ordered (DOR)
Traffic : Hotspot [8][8]
Message length : 32 phits
Injection Rate : 400
Transmission Time Normal  Links : 32 Cycles
Transmission Time Express Links : 32 Cycles
Batch Means Method : Yes

Please wait, Simulation has been started...

Batch N° 1 : Mean Response Time : 355.95 cycles	Mean Waiting Time : 78.14 cycles	Throughput : 0.605
Batch N° 2 : Mean Response Time : 503.52 cycles	Mean Waiting Time : 226.03 cycles	Throughput : 0.591
Batch N° 3 : Mean Response Time : 574.70 cycles	Mean Waiting Time : 296.30 cycles	Throughput : 0.611
Batch N° 4 : Mean Response Time : 735.14 cycles	Mean Waiting Time : 453.54 cycles	Throughput : 0.592
Batch N° 5 : Mean Response Time : 802.45 cycles	Mean Waiting Time : 519.86 cycles	Throughput : 0.624
Batch N° 6 : Mean Response Time : 930.94 cycles	Mean Waiting Time : 655.88 cycles	Throughput : 0.602
Batch N° 7 : Mean Response Time : 1037.68 cycles	Mean Waiting Time : 752.19 cycles	Throughput : 0.601
Batch N° 8 : Mean Response Time : 1198.30 cycles	Mean Waiting Time : 919.93 cycles	Throughput : 0.580
Batch N° 9 : Mean Response Time : 1278.11 cycles	Mean Waiting Time : 995.26 cycles	Throughput : 0.603
Batch N°10 : Mean Response Time : 1402.36 cycles	Mean Waiting Time : 1123.50 cycles	Throughput : 0.610

End Of The Simulation at T= 33242.85 cycles
Injection Rate : 400
Batch Size : 2000
Number of Batches : 10
Number of Clients Served : 20000
Overall Response Time : 881.92 cycles
Overall Waiting  Time : 602.06 cycles
Overall Throughput : 0.602 
Standard Deviation Response Time : 349.07214 cycles
Standard Deviation Waiting  Time : 348.19992 cycles
Standard Deviation Throughput : 0.012080 