Simulation Starting Time 2021-09-01 06:06:25
Welcome to Network-On-Chip ExpressCube Simulator 
This simulator was designed based on The Discrete Event Simulation.
It's a final year project to obtain the Master Degree
Student developer : Ziraoui Zakaria 
Supervisor: Prof. Mohamed Ould-Khaoua

Network Simulation Parameters :

Topology : 16 x 16 Express Cube with 2 Hops
Number of Nodes  : 256 
Routing : Dimension-ordered (DOR)
Traffic : Hotspot [8][8]
Message length : 32 phits
Injection Rate : 150
Transmission Time Normal  Links : 32 Cycles
Transmission Time Express Links : 32 Cycles
Batch Means Method : Yes

Please wait, Simulation has been started...

Batch N° 1 : Mean Response Time : 299.48 cycles	Mean Waiting Time : 76.70 cycles	Throughput : 1.307
Batch N° 2 : Mean Response Time : 363.14 cycles	Mean Waiting Time : 130.22 cycles	Throughput : 1.454
Batch N° 3 : Mean Response Time : 422.87 cycles	Mean Waiting Time : 188.17 cycles	Throughput : 1.448
Batch N° 4 : Mean Response Time : 455.86 cycles	Mean Waiting Time : 228.27 cycles	Throughput : 1.449
Batch N° 5 : Mean Response Time : 508.72 cycles	Mean Waiting Time : 280.00 cycles	Throughput : 1.451
Batch N° 6 : Mean Response Time : 542.38 cycles	Mean Waiting Time : 307.48 cycles	Throughput : 1.488
Batch N° 7 : Mean Response Time : 622.45 cycles	Mean Waiting Time : 393.17 cycles	Throughput : 1.497
Batch N° 8 : Mean Response Time : 707.48 cycles	Mean Waiting Time : 472.75 cycles	Throughput : 1.477
Batch N° 9 : Mean Response Time : 691.03 cycles	Mean Waiting Time : 456.44 cycles	Throughput : 1.489
Batch N°10 : Mean Response Time : 736.61 cycles	Mean Waiting Time : 507.28 cycles	Throughput : 1.378

End Of The Simulation at T= 13874.17 cycles
Injection Rate : 150
Batch Size : 2000
Number of Batches : 10
Number of Clients Served : 20000
Overall Response Time : 535.00 cycles
Overall Waiting  Time : 304.05 cycles
Overall Throughput : 1.444 
Standard Deviation Response Time : 151.64894 cycles
Standard Deviation Waiting  Time : 150.03448 cycles
Standard Deviation Throughput : 0.058950 