Simulation Starting Time 2021-08-07 22:49:49
Welcome to Network-On-Chip 2D Mesh Simulator 
This simulator was designed based on The Discrete Event Simulation.
It's a final year project to obtain the Master Degree
Student developer : Ziraoui Zakaria 
Supervisor: Prof. Mohamed Ould-Khaoua

Network Simulation Parameters :

Topology : 8 x 8 Mesh 
Number of Nodes  : 64 
Routing : Dimension-ordered (DOR)
Traffic : Uniform Random
Message length : 32 phits
Injection Rate : 80
Transmission Time : 32 Cycles

Please wait, Simulation has been started.

 (    0.00 ) Msg[1] Arrives in PEQ[7][7] -> [5][2] 
 (    0.00 ) Msg[1] Decides in PEQ[7][7] -> [5][2]X2Q 
 (    0.00 ) Start Transmit from  PEQ[7][7] -> [6][7]X2Q 
 (    0.00 ) Msg[2] Arrives in PEQ[7][6] -> [5][3] 
 (    0.00 ) Msg[2] Decides in PEQ[7][6] -> [5][3]X2Q 
 (    0.00 ) Start Transmit from  PEQ[7][6] -> [6][6]X2Q 
 (    0.00 ) Msg[3] Arrives in PEQ[7][5] -> [1][0] 
 (    0.00 ) Msg[3] Decides in PEQ[7][5] -> [1][0]X2Q 
 (    0.00 ) Start Transmit from  PEQ[7][5] -> [6][5]X2Q 
 (    0.00 ) Msg[4] Arrives in PEQ[7][4] -> [4][6] 
 (    0.00 ) Msg[4] Decides in PEQ[7][4] -> [4][6]X2Q 
 (    0.00 ) Start Transmit from  PEQ[7][4] -> [6][4]X2Q 
 (    0.00 ) Msg[5] Arrives in PEQ[7][3] -> [3][7] 
 (    0.00 ) Msg[5] Decides in PEQ[7][3] -> [3][7]X2Q 
 (    0.00 ) Start Transmit from  PEQ[7][3] -> [6][3]X2Q 
 (    0.00 ) Msg[6] Arrives in PEQ[7][2] -> [6][6] 
 (    0.00 ) Msg[6] Decides in PEQ[7][2] -> [6][6]X2Q 
 (    0.00 ) Start Transmit from  PEQ[7][2] -> [6][2]X2Q 
 (    0.00 ) Msg[7] Arrives in PEQ[7][1] -> [4][2] 
 (    0.00 ) Msg[7] Decides in PEQ[7][1] -> [4][2]X2Q 
 (    0.00 ) Start Transmit from  PEQ[7][1] -> [6][1]X2Q 
 (    0.00 ) Msg[8] Arrives in PEQ[7][0] -> [4][2] 
 (    0.00 ) Msg[8] Decides in PEQ[7][0] -> [4][2]X2Q 
 (    0.00 ) Start Transmit from  PEQ[7][0] -> [6][0]X2Q 
 (    0.00 ) Msg[9] Arrives in PEQ[6][7] -> [6][0] 
 (    0.00 ) Msg[9] Decides in PEQ[6][7] -> [6][0]Y2Q 
 (    0.00 ) Start Transmit from  PEQ[6][7] -> [6][6]Y2Q 
 (    0.00 ) Msg[10] Arrives in PEQ[6][6] -> [2][6] 
 (    0.00 ) Msg[10] Decides in PEQ[6][6] -> [2][6]X2Q 
 (    0.00 ) Start Transmit from  PEQ[6][6] -> [5][6]X2Q 
 (    0.00 ) Msg[11] Arrives in PEQ[6][5] -> [4][1] 
 (    0.00 ) Msg[11] Decides in PEQ[6][5] -> [4][1]X2Q 
 (    0.00 ) Start Transmit from  PEQ[6][5] -> [5][5]X2Q 
 (    0.00 ) Msg[12] Arrives in PEQ[6][4] -> [1][6] 
 (    0.00 ) Msg[12] Decides in PEQ[6][4] -> [1][6]X2Q 
 (    0.00 ) Start Transmit from  PEQ[6][4] -> [5][4]X2Q 
 (    0.00 ) Msg[13] Arrives in PEQ[6][3] -> [6][6] 
 (    0.00 ) Msg[13] Decides in PEQ[6][3] -> [6][6]Y1Q 
 (    0.00 ) Start Transmit from  PEQ[6][3] -> [6][4]Y1Q 
 (    0.00 ) Msg[14] Arrives in PEQ[6][2] -> [1][0] 
 (    0.00 ) Msg[14] Decides in PEQ[6][2] -> [1][0]X2Q 
 (    0.00 ) Start Transmit from  PEQ[6][2] -> [5][2]X2Q 
 (    0.00 ) Msg[15] Arrives in PEQ[6][1] -> [6][4] 
 (    0.00 ) Msg[15] Decides in PEQ[6][1] -> [6][4]Y1Q 
 (    0.00 ) Start Transmit from  PEQ[6][1] -> [6][2]Y1Q 
 (    0.00 ) Msg[16] Arrives in PEQ[6][0] -> [6][1] 
 (    0.00 ) Msg[16] Decides in PEQ[6][0] -> [6][1]Y1Q 
 (    0.00 ) Start Transmit from  PEQ[6][0] -> [6][1]Y1Q 
 (    0.00 ) Msg[17] Arrives in PEQ[5][7] -> [1][1] 
 (    0.00 ) Msg[17] Decides in PEQ[5][7] -> [1][1]X2Q 
 (    0.00 ) Start Transmit from  PEQ[5][7] -> [4][7]X2Q 
 (    0.00 ) Msg[18] Arrives in PEQ[5][6] -> [0][7] 
 (    0.00 ) Msg[18] Decides in PEQ[5][6] -> [0][7]X2Q 
 (    0.00 ) Start Transmit from  PEQ[5][6] -> [4][6]X2Q 
 (    0.00 ) Msg[19] Arrives in PEQ[5][5] -> [6][4] 
 (    0.00 ) Msg[19] Decides in PEQ[5][5] -> [6][4]X1Q 
 (    0.00 ) Start Transmit from  PEQ[5][5] -> [6][5]X1Q 
 (    0.00 ) Msg[20] Arrives in PEQ[5][4] -> [4][6] 
 (    0.00 ) Msg[20] Decides in PEQ[5][4] -> [4][6]X2Q 
 (    0.00 ) Start Transmit from  PEQ[5][4] -> [4][4]X2Q 
 (    0.00 ) Msg[21] Arrives in PEQ[5][3] -> [3][4] 
 (    0.00 ) Msg[21] Decides in PEQ[5][3] -> [3][4]X2Q 
 (    0.00 ) Start Transmit from  PEQ[5][3] -> [4][3]X2Q 
 (    0.00 ) Msg[22] Arrives in PEQ[5][2] -> [6][6] 
 (    0.00 ) Msg[22] Decides in PEQ[5][2] -> [6][6]X1Q 
 (    0.00 ) Start Transmit from  PEQ[5][2] -> [6][2]X1Q 
 (    0.00 ) Msg[23] Arrives in PEQ[5][1] -> [6][3] 
 (    0.00 ) Msg[23] Decides in PEQ[5][1] -> [6][3]X1Q 
 (    0.00 ) Start Transmit from  PEQ[5][1] -> [6][1]X1Q 
 (    0.00 ) Msg[24] Arrives in PEQ[5][0] -> [4][5] 
 (    0.00 ) Msg[24] Decides in PEQ[5][0] -> [4][5]X2Q 
 (    0.00 ) Start Transmit from  PEQ[5][0] -> [4][0]X2Q 
 (    0.00 ) Msg[25] Arrives in PEQ[4][7] -> [1][4] 
 (    0.00 ) Msg[25] Decides in PEQ[4][7] -> [1][4]X2Q 
 (    0.00 ) Start Transmit from  PEQ[4][7] -> [3][7]X2Q 
 (    0.00 ) Msg[26] Arrives in PEQ[4][6] -> [2][0] 
 (    0.00 ) Msg[26] Decides in PEQ[4][6] -> [2][0]X2Q 
 (    0.00 ) Start Transmit from  PEQ[4][6] -> [3][6]X2Q 
 (    0.00 ) Msg[27] Arrives in PEQ[4][5] -> [1][4] 
 (    0.00 ) Msg[27] Decides in PEQ[4][5] -> [1][4]X2Q 
 (    0.00 ) Start Transmit from  PEQ[4][5] -> [3][5]X2Q 
 (    0.00 ) Msg[28] Arrives in PEQ[4][4] -> [1][2] 
 (    0.00 ) Msg[28] Decides in PEQ[4][4] -> [1][2]X2Q 
 (    0.00 ) Start Transmit from  PEQ[4][4] -> [3][4]X2Q 
 (    0.00 ) Msg[29] Arrives in PEQ[4][3] -> [2][2] 
 (    0.00 ) Msg[29] Decides in PEQ[4][3] -> [2][2]X2Q 
 (    0.00 ) Start Transmit from  PEQ[4][3] -> [3][3]X2Q 
 (    0.00 ) Msg[30] Arrives in PEQ[4][2] -> [5][4] 
 (    0.00 ) Msg[30] Decides in PEQ[4][2] -> [5][4]X1Q 
 (    0.00 ) Start Transmit from  PEQ[4][2] -> [5][2]X1Q 
 (    0.00 ) Msg[31] Arrives in PEQ[4][1] -> [6][4] 
 (    0.00 ) Msg[31] Decides in PEQ[4][1] -> [6][4]X1Q 
 (    0.00 ) Start Transmit from  PEQ[4][1] -> [5][1]X1Q 
 (    0.00 ) Msg[32] Arrives in PEQ[4][0] -> [7][0] 
 (    0.00 ) Msg[32] Decides in PEQ[4][0] -> [7][0]X1Q 
 (    0.00 ) Start Transmit from  PEQ[4][0] -> [5][0]X1Q 
 (    0.00 ) Msg[33] Arrives in PEQ[3][7] -> [6][7] 
 (    0.00 ) Msg[33] Decides in PEQ[3][7] -> [6][7]X1Q 
 (    0.00 ) Start Transmit from  PEQ[3][7] -> [4][7]X1Q 
 (    0.00 ) Msg[34] Arrives in PEQ[3][6] -> [1][5] 
 (    0.00 ) Msg[34] Decides in PEQ[3][6] -> [1][5]X2Q 
 (    0.00 ) Start Transmit from  PEQ[3][6] -> [2][6]X2Q 
 (    0.00 ) Msg[35] Arrives in PEQ[3][5] -> [6][0] 
 (    0.00 ) Msg[35] Decides in PEQ[3][5] -> [6][0]X1Q 
 (    0.00 ) Start Transmit from  PEQ[3][5] -> [4][5]X1Q 
 (    0.00 ) Msg[36] Arrives in PEQ[3][4] -> [1][2] 
 (    0.00 ) Msg[36] Decides in PEQ[3][4] -> [1][2]X2Q 
 (    0.00 ) Start Transmit from  PEQ[3][4] -> [2][4]X2Q 
 (    0.00 ) Msg[37] Arrives in PEQ[3][3] -> [4][3] 
 (    0.00 ) Msg[37] Decides in PEQ[3][3] -> [4][3]X1Q 
 (    0.00 ) Start Transmit from  PEQ[3][3] -> [4][3]X1Q 
 (    0.00 ) Msg[38] Arrives in PEQ[3][2] -> [4][6] 
 (    0.00 ) Msg[38] Decides in PEQ[3][2] -> [4][6]X1Q 
 (    0.00 ) Start Transmit from  PEQ[3][2] -> [4][2]X1Q 
 (    0.00 ) Msg[39] Arrives in PEQ[3][1] -> [4][2] 
 (    0.00 ) Msg[39] Decides in PEQ[3][1] -> [4][2]X1Q 
 (    0.00 ) Start Transmit from  PEQ[3][1] -> [4][1]X1Q 
 (    0.00 ) Msg[40] Arrives in PEQ[3][0] -> [6][0] 
 (    0.00 ) Msg[40] Decides in PEQ[3][0] -> [6][0]X1Q 
 (    0.00 ) Start Transmit from  PEQ[3][0] -> [4][0]X1Q 
 (    0.00 ) Msg[41] Arrives in PEQ[2][7] -> [4][2] 
 (    0.00 ) Msg[41] Decides in PEQ[2][7] -> [4][2]X1Q 
 (    0.00 ) Start Transmit from  PEQ[2][7] -> [3][7]X1Q 
 (    0.00 ) Msg[42] Arrives in PEQ[2][6] -> [2][5] 
 (    0.00 ) Msg[42] Decides in PEQ[2][6] -> [2][5]Y2Q 
 (    0.00 ) Start Transmit from  PEQ[2][6] -> [2][5]Y2Q 
 (    0.00 ) Msg[43] Arrives in PEQ[2][5] -> [4][4] 
 (    0.00 ) Msg[43] Decides in PEQ[2][5] -> [4][4]X1Q 
 (    0.00 ) Start Transmit from  PEQ[2][5] -> [3][5]X1Q 
 (    0.00 ) Msg[44] Arrives in PEQ[2][4] -> [4][4] 
 (    0.00 ) Msg[44] Decides in PEQ[2][4] -> [4][4]X1Q 
 (    0.00 ) Start Transmit from  PEQ[2][4] -> [3][4]X1Q 
 (    0.00 ) Msg[45] Arrives in PEQ[2][3] -> [5][7] 
 (    0.00 ) Msg[45] Decides in PEQ[2][3] -> [5][7]X1Q 
 (    0.00 ) Start Transmit from  PEQ[2][3] -> [3][3]X1Q 
 (    0.00 ) Msg[46] Arrives in PEQ[2][2] -> [2][6] 
 (    0.00 ) Msg[46] Decides in PEQ[2][2] -> [2][6]Y1Q 
 (    0.00 ) Start Transmit from  PEQ[2][2] -> [2][3]Y1Q 
 (    0.00 ) Msg[47] Arrives in PEQ[2][1] -> [5][5] 
 (    0.00 ) Msg[47] Decides in PEQ[2][1] -> [5][5]X1Q 
 (    0.00 ) Start Transmit from  PEQ[2][1] -> [3][1]X1Q 
 (    0.00 ) Msg[48] Arrives in PEQ[2][0] -> [7][2] 
 (    0.00 ) Msg[48] Decides in PEQ[2][0] -> [7][2]X1Q 
 (    0.00 ) Start Transmit from  PEQ[2][0] -> [3][0]X1Q 
 (    0.00 ) Msg[49] Arrives in PEQ[1][7] -> [0][4] 
 (    0.00 ) Msg[49] Decides in PEQ[1][7] -> [0][4]X2Q 
 (    0.00 ) Start Transmit from  PEQ[1][7] -> [0][7]X2Q 
 (    0.00 ) Msg[50] Arrives in PEQ[1][6] -> [2][2] 
 (    0.00 ) Msg[50] Decides in PEQ[1][6] -> [2][2]X1Q 
 (    0.00 ) Start Transmit from  PEQ[1][6] -> [2][6]X1Q 
 (    0.00 ) Msg[51] Arrives in PEQ[1][5] -> [3][6] 
 (    0.00 ) Msg[51] Decides in PEQ[1][5] -> [3][6]X1Q 
 (    0.00 ) Start Transmit from  PEQ[1][5] -> [2][5]X1Q 
 (    0.00 ) Msg[52] Arrives in PEQ[1][4] -> [1][5] 
 (    0.00 ) Msg[52] Decides in PEQ[1][4] -> [1][5]Y1Q 
 (    0.00 ) Start Transmit from  PEQ[1][4] -> [1][5]Y1Q 
 (    0.00 ) Msg[53] Arrives in PEQ[1][3] -> [6][3] 
 (    0.00 ) Msg[53] Decides in PEQ[1][3] -> [6][3]X1Q 
 (    0.00 ) Start Transmit from  PEQ[1][3] -> [2][3]X1Q 
 (    0.00 ) Msg[54] Arrives in PEQ[1][2] -> [5][2] 
 (    0.00 ) Msg[54] Decides in PEQ[1][2] -> [5][2]X1Q 
 (    0.00 ) Start Transmit from  PEQ[1][2] -> [2][2]X1Q 
 (    0.00 ) Msg[55] Arrives in PEQ[1][1] -> [6][5] 
 (    0.00 ) Msg[55] Decides in PEQ[1][1] -> [6][5]X1Q 
 (    0.00 ) Start Transmit from  PEQ[1][1] -> [2][1]X1Q 
 (    0.00 ) Msg[56] Arrives in PEQ[1][0] -> [3][3] 
 (    0.00 ) Msg[56] Decides in PEQ[1][0] -> [3][3]X1Q 
 (    0.00 ) Start Transmit from  PEQ[1][0] -> [2][0]X1Q 
 (    0.00 ) Msg[57] Arrives in PEQ[0][7] -> [4][1] 
 (    0.00 ) Msg[57] Decides in PEQ[0][7] -> [4][1]X1Q 
 (    0.00 ) Start Transmit from  PEQ[0][7] -> [1][7]X1Q 
 (    0.00 ) Msg[58] Arrives in PEQ[0][6] -> [6][6] 
 (    0.00 ) Msg[58] Decides in PEQ[0][6] -> [6][6]X1Q 
 (    0.00 ) Start Transmit from  PEQ[0][6] -> [1][6]X1Q 
 (    0.00 ) Msg[59] Arrives in PEQ[0][5] -> [5][2] 
 (    0.00 ) Msg[59] Decides in PEQ[0][5] -> [5][2]X1Q 
 (    0.00 ) Start Transmit from  PEQ[0][5] -> [1][5]X1Q 
 (    0.00 ) Msg[60] Arrives in PEQ[0][4] -> [6][2] 
 (    0.00 ) Msg[60] Decides in PEQ[0][4] -> [6][2]X1Q 
 (    0.00 ) Start Transmit from  PEQ[0][4] -> [1][4]X1Q 
 (    0.00 ) Msg[61] Arrives in PEQ[0][3] -> [5][1] 
 (    0.00 ) Msg[61] Decides in PEQ[0][3] -> [5][1]X1Q 
 (    0.00 ) Start Transmit from  PEQ[0][3] -> [1][3]X1Q 
 (    0.00 ) Msg[62] Arrives in PEQ[0][2] -> [3][2] 
 (    0.00 ) Msg[62] Decides in PEQ[0][2] -> [3][2]X1Q 
 (    0.00 ) Start Transmit from  PEQ[0][2] -> [1][2]X1Q 
 (    0.00 ) Msg[63] Arrives in PEQ[0][1] -> [7][7] 
 (    0.00 ) Msg[63] Decides in PEQ[0][1] -> [7][7]X1Q 
 (    0.00 ) Start Transmit from  PEQ[0][1] -> [1][1]X1Q 
 (    0.00 ) Msg[64] Arrives in PEQ[0][0] -> [5][3] 
 (    0.00 ) Msg[64] Decides in PEQ[0][0] -> [5][3]X1Q 
 (    0.00 ) Start Transmit from  PEQ[0][0] -> [1][0]X1Q 
 (    0.32 ) Msg[65] Arrives in PEQ[5][5] -> [1][5] 
 (    0.32 ) Msg[65] Not Head Of Queue in PEQ[5][5] -> [1][5] 
 (    1.71 ) Msg[66] Arrives in PEQ[2][6] -> [5][4] 
 (    1.71 ) Msg[66] Not Head Of Queue in PEQ[2][6] -> [5][4] 
 (    1.98 ) Msg[67] Arrives in PEQ[3][6] -> [3][3] 
 (    1.98 ) Msg[67] Not Head Of Queue in PEQ[3][6] -> [3][3] 
 (    5.63 ) Msg[68] Arrives in PEQ[3][4] -> [6][0] 
 (    5.63 ) Msg[68] Not Head Of Queue in PEQ[3][4] -> [6][0] 
 (    7.43 ) Msg[69] Arrives in PEQ[6][6] -> [1][4] 
 (    7.43 ) Msg[69] Not Head Of Queue in PEQ[6][6] -> [1][4] 
 (    7.83 ) Msg[70] Arrives in PEQ[4][5] -> [2][3] 
 (    7.83 ) Msg[70] Not Head Of Queue in PEQ[4][5] -> [2][3] 
 (    7.99 ) Msg[71] Arrives in PEQ[1][5] -> [4][6] 
 (    7.99 ) Msg[71] Not Head Of Queue in PEQ[1][5] -> [4][6] 
 (    8.34 ) Msg[72] Arrives in PEQ[4][2] -> [7][2] 
 (    8.34 ) Msg[72] Not Head Of Queue in PEQ[4][2] -> [7][2] 
 (    8.88 ) Msg[73] Arrives in PEQ[6][2] -> [4][1] 
 (    8.88 ) Msg[73] Not Head Of Queue in PEQ[6][2] -> [4][1] 
 (   12.88 ) Msg[74] Arrives in PEQ[6][6] -> [2][5] 
 (   12.88 ) Msg[74] Not Head Of Queue in PEQ[6][6] -> [2][5] 
 (   12.90 ) Msg[75] Arrives in PEQ[6][1] -> [1][6] 
 (   12.90 ) Msg[75] Not Head Of Queue in PEQ[6][1] -> [1][6] 
 (   14.81 ) Msg[76] Arrives in PEQ[6][3] -> [3][6] 
 (   14.81 ) Msg[76] Not Head Of Queue in PEQ[6][3] -> [3][6] 
 (   16.15 ) Msg[77] Arrives in PEQ[5][2] -> [4][5] 
 (   16.15 ) Msg[77] Not Head Of Queue in PEQ[5][2] -> [4][5] 
 (   16.60 ) Msg[78] Arrives in PEQ[6][7] -> [2][1] 
 (   16.60 ) Msg[78] Not Head Of Queue in PEQ[6][7] -> [2][1] 
 (   16.63 ) Msg[79] Arrives in PEQ[5][1] -> [6][4] 
 (   16.63 ) Msg[79] Not Head Of Queue in PEQ[5][1] -> [6][4] 
 (   17.95 ) Msg[80] Arrives in PEQ[6][4] -> [1][3] 
 (   17.95 ) Msg[80] Not Head Of Queue in PEQ[6][4] -> [1][3] 
 (   18.55 ) Msg[81] Arrives in PEQ[1][1] -> [7][6] 
 (   18.55 ) Msg[81] Not Head Of Queue in PEQ[1][1] -> [7][6] 
 (   18.69 ) Msg[82] Arrives in PEQ[1][4] -> [2][7] 
 (   18.69 ) Msg[82] Not Head Of Queue in PEQ[1][4] -> [2][7] 
 (   19.90 ) Msg[83] Arrives in PEQ[6][0] -> [3][3] 
 (   19.90 ) Msg[83] Not Head Of Queue in PEQ[6][0] -> [3][3] 
 (   23.10 ) Msg[84] Arrives in PEQ[3][6] -> [4][6] 
 (   23.10 ) Msg[84] Not Head Of Queue in PEQ[3][6] -> [4][6] 
 (   23.73 ) Msg[85] Arrives in PEQ[3][3] -> [2][7] 
 (   23.73 ) Msg[85] Not Head Of Queue in PEQ[3][3] -> [2][7] 
 (   24.70 ) Msg[86] Arrives in PEQ[6][6] -> [2][4] 
 (   24.70 ) Msg[86] Not Head Of Queue in PEQ[6][6] -> [2][4] 
 (   24.84 ) Msg[87] Arrives in PEQ[7][2] -> [1][3] 
 (   24.84 ) Msg[87] Not Head Of Queue in PEQ[7][2] -> [1][3] 
 (   25.12 ) Msg[88] Arrives in PEQ[2][7] -> [6][5] 
 (   25.12 ) Msg[88] Not Head Of Queue in PEQ[2][7] -> [6][5] 
 (   25.59 ) Msg[89] Arrives in PEQ[2][6] -> [3][4] 
 (   25.59 ) Msg[89] Not Head Of Queue in PEQ[2][6] -> [3][4] 
 (   27.60 ) Msg[90] Arrives in PEQ[6][0] -> [7][7] 
 (   27.60 ) Msg[90] Not Head Of Queue in PEQ[6][0] -> [7][7] 
 (   28.09 ) Msg[91] Arrives in PEQ[4][4] -> [7][1] 
 (   28.09 ) Msg[91] Not Head Of Queue in PEQ[4][4] -> [7][1] 
 (   29.75 ) Msg[92] Arrives in PEQ[2][3] -> [6][5] 
 (   29.75 ) Msg[92] Not Head Of Queue in PEQ[2][3] -> [6][5] 
 (   30.03 ) Msg[93] Arrives in PEQ[1][4] -> [7][4] 
 (   30.03 ) Msg[93] Not Head Of Queue in PEQ[1][4] -> [7][4] 
 (   32.00 ) Msg[1] Ends Trans PEQ[6][7] -> [5][2]X2Q
 (   32.00 ) Msg[1] Decides in X2Q[6][7] -> [5][2]X2Q 
 (   32.00 ) Start Transmit from  X2Q[6][7] -> [5][7]X2Q 
 (   32.00 ) Msg[2] Ends Trans PEQ[6][6] -> [5][3]X2Q
 (   32.00 ) Msg[2] Decides in X2Q[6][6] -> [5][3]Q 
 (   32.00 ) Msg[3] Ends Trans PEQ[6][5] -> [1][0]X2Q
 (   32.00 ) Msg[3] Decides in X2Q[6][5] -> [1][0]Q 
 (   32.00 ) Msg[4] Ends Trans PEQ[6][4] -> [4][6]X2Q
 (   32.00 ) Msg[4] Decides in X2Q[6][4] -> [4][6]Q 
 (   32.00 ) Msg[5] Ends Trans PEQ[6][3] -> [3][7]X2Q
 (   32.00 ) Msg[5] Decides in X2Q[6][3] -> [3][7]X2Q 
 (   32.00 ) Start Transmit from  X2Q[6][3] -> [5][3]X2Q 
 (   32.00 ) Msg[6] Ends Trans PEQ[6][2] -> [6][6]X2Q
 (   32.00 ) Msg[87] Decides in PEQ[7][2] -> [1][3]X2Q 
 (   32.00 ) Start Transmit from  PEQ[7][2] -> [6][2]X2Q 
 (   32.00 ) Msg[6] Decides in X2Q[6][2] -> [6][6]Y1Q 
 (   32.00 ) Start Transmit from  X2Q[6][2] -> [6][3]Y1Q 
 (   32.00 ) Msg[7] Ends Trans PEQ[6][1] -> [4][2]X2Q
 (   32.00 ) Msg[7] Decides in X2Q[6][1] -> [4][2]X2Q 
 (   32.00 ) Start Transmit from  X2Q[6][1] -> [5][1]X2Q 
 (   32.00 ) Msg[8] Ends Trans PEQ[6][0] -> [4][2]X2Q
 (   32.00 ) Msg[8] Decides in X2Q[6][0] -> [4][2]X2Q 
 (   32.00 ) Start Transmit from  X2Q[6][0] -> [5][0]X2Q 
 (   32.00 ) Msg[9] Ends Trans PEQ[6][6] -> [6][0]Y2Q
 (   32.00 ) Msg[78] Decides in PEQ[6][7] -> [2][1]Q 
 (   32.00 ) Msg[9] Decides in Y2Q[6][6] -> [6][0]Y2Q 
 (   32.00 ) Start Transmit from  Y2Q[6][6] -> [6][5]Y2Q 
 (   32.00 ) Msg[10] Ends Trans PEQ[5][6] -> [2][6]X2Q
 (   32.00 ) Start Transmit from  X2Q[6][6] -> [5][6]X2Q 
 (   32.00 ) Msg[69] Decides in PEQ[6][6] -> [1][4]Q 
 (   32.00 ) Msg[10] Decides in X2Q[5][6] -> [2][6]Q 
 (   32.00 ) Msg[11] Ends Trans PEQ[5][5] -> [4][1]X2Q
 (   32.00 ) Start Transmit from  X2Q[6][5] -> [5][5]X2Q 
 (   32.00 ) Msg[11] Decides in X2Q[5][5] -> [4][1]X2Q 
 (   32.00 ) Start Transmit from  X2Q[5][5] -> [4][5]X2Q 
 (   32.00 ) Msg[12] Ends Trans PEQ[5][4] -> [1][6]X2Q
 (   32.00 ) Start Transmit from  X2Q[6][4] -> [5][4]X2Q 
 (   32.00 ) Msg[80] Decides in PEQ[6][4] -> [1][3]Q 
 (   32.00 ) Msg[12] Decides in X2Q[5][4] -> [1][6]Q 
 (   32.00 ) Msg[13] Ends Trans PEQ[6][4] -> [6][6]Y1Q
 (   32.00 ) Msg[76] Decides in PEQ[6][3] -> [3][6]Q 
 (   32.00 ) Msg[13] Decides in Y1Q[6][4] -> [6][6]Y1Q 
 (   32.00 ) Start Transmit from  Y1Q[6][4] -> [6][5]Y1Q 
 (   32.00 ) Msg[14] Ends Trans PEQ[5][2] -> [1][0]X2Q
 (   32.00 ) Msg[73] Decides in PEQ[6][2] -> [4][1]X2Q 
 (   32.00 ) Start Transmit from  PEQ[6][2] -> [5][2]X2Q 
 (   32.00 ) Msg[14] Decides in X2Q[5][2] -> [1][0]X2Q 
 (   32.00 ) Start Transmit from  X2Q[5][2] -> [4][2]X2Q 
 (   32.00 ) Msg[15] Ends Trans PEQ[6][2] -> [6][4]Y1Q
 (   32.00 ) Msg[75] Decides in PEQ[6][1] -> [1][6]Q 
 (   32.00 ) Msg[15] Decides in Y1Q[6][2] -> [6][4]Q 
 (   32.00 ) Msg[16] Ends Trans PEQ[6][1] -> [6][1]Y1Q
 (   32.00 ) Msg[83] Decides in PEQ[6][0] -> [3][3]Q 
 (   32.00 ) Msg[16] Decides in Y1Q[6][1] -> [6][1]PEQ 
 (   32.00 ) Start Transmit from  Y1Q[6][1] -> [6][1]PEQ 
 (   32.00 ) Msg[17] Ends Trans PEQ[4][7] -> [1][1]X2Q
 (   32.00 ) Msg[17] Decides in X2Q[4][7] -> [1][1]Q 
 (   32.00 ) Msg[18] Ends Trans PEQ[4][6] -> [0][7]X2Q
 (   32.00 ) Start Transmit from  X2Q[5][6] -> [4][6]X2Q 
 (   32.00 ) Msg[18] Decides in X2Q[4][6] -> [0][7]Q 
 (   32.00 ) Msg[19] Ends Trans PEQ[6][5] -> [6][4]X1Q
 (   32.00 ) Msg[65] Decides in PEQ[5][5] -> [1][5]Q 
 (   32.00 ) Msg[19] Decides in X1Q[6][5] -> [6][4]Y2Q 
 (   32.00 ) Start Transmit from  X1Q[6][5] -> [6][4]Y2Q 
 (   32.00 ) Msg[20] Ends Trans PEQ[4][4] -> [4][6]X2Q
 (   32.00 ) Start Transmit from  X2Q[5][4] -> [4][4]X2Q 
 (   32.00 ) Msg[20] Decides in X2Q[4][4] -> [4][6]Y1Q 
 (   32.00 ) Start Transmit from  X2Q[4][4] -> [4][5]Y1Q 
 (   32.00 ) Msg[21] Ends Trans PEQ[4][3] -> [3][4]X2Q
 (   32.00 ) Msg[21] Decides in X2Q[4][3] -> [3][4]Q 
 (   32.00 ) Msg[22] Ends Trans PEQ[6][2] -> [6][6]X1Q
 (   32.00 ) Msg[77] Decides in PEQ[5][2] -> [4][5]Q 
 (   32.00 ) Msg[22] Decides in X1Q[6][2] -> [6][6]Q 
 (   32.00 ) Msg[23] Ends Trans PEQ[6][1] -> [6][3]X1Q
 (   32.00 ) Msg[79] Decides in PEQ[5][1] -> [6][4]X1Q 
 (   32.00 ) Start Transmit from  PEQ[5][1] -> [6][1]X1Q 
 (   32.00 ) Msg[23] Decides in X1Q[6][1] -> [6][3]Y1Q 
 (   32.00 ) Start Transmit from  X1Q[6][1] -> [6][2]Y1Q 
 (   32.00 ) Msg[24] Ends Trans PEQ[4][0] -> [4][5]X2Q
 (   32.00 ) Msg[24] Decides in X2Q[4][0] -> [4][5]Y1Q 
 (   32.00 ) Start Transmit from  X2Q[4][0] -> [4][1]Y1Q 
 (   32.00 ) Msg[25] Ends Trans PEQ[3][7] -> [1][4]X2Q
 (   32.00 ) Start Transmit from  X2Q[4][7] -> [3][7]X2Q 
 (   32.00 ) Msg[25] Decides in X2Q[3][7] -> [1][4]X2Q 
 (   32.00 ) Start Transmit from  X2Q[3][7] -> [2][7]X2Q 
 (   32.00 ) Msg[26] Ends Trans PEQ[3][6] -> [2][0]X2Q
 (   32.00 ) Start Transmit from  X2Q[4][6] -> [3][6]X2Q 
 (   32.00 ) Msg[26] Decides in X2Q[3][6] -> [2][0]Q 
 (   32.00 ) Msg[27] Ends Trans PEQ[3][5] -> [1][4]X2Q
 (   32.00 ) Msg[70] Decides in PEQ[4][5] -> [2][3]X2Q 
 (   32.00 ) Start Transmit from  PEQ[4][5] -> [3][5]X2Q 
 (   32.00 ) Msg[27] Decides in X2Q[3][5] -> [1][4]X2Q 
 (   32.00 ) Start Transmit from  X2Q[3][5] -> [2][5]X2Q 
 (   32.00 ) Msg[28] Ends Trans PEQ[3][4] -> [1][2]X2Q
 (   32.00 ) Msg[91] Decides in PEQ[4][4] -> [7][1]X1Q 
 (   32.00 ) Start Transmit from  PEQ[4][4] -> [5][4]X1Q 
 (   32.00 ) Msg[28] Decides in X2Q[3][4] -> [1][2]Q 
 (   32.00 ) Msg[29] Ends Trans PEQ[3][3] -> [2][2]X2Q
 (   32.00 ) Start Transmit from  X2Q[4][3] -> [3][3]X2Q 
 (   32.00 ) Msg[29] Decides in X2Q[3][3] -> [2][2]X2Q 
 (   32.00 ) Start Transmit from  X2Q[3][3] -> [2][3]X2Q 
 (   32.00 ) Msg[30] Ends Trans PEQ[5][2] -> [5][4]X1Q
 (   32.00 ) Msg[72] Decides in PEQ[4][2] -> [7][2]X1Q 
 (   32.00 ) Start Transmit from  PEQ[4][2] -> [5][2]X1Q 
 (   32.00 ) Msg[30] Decides in X1Q[5][2] -> [5][4]Y1Q 
 (   32.00 ) Start Transmit from  X1Q[5][2] -> [5][3]Y1Q 
 (   32.00 ) Msg[31] Ends Trans PEQ[5][1] -> [6][4]X1Q
 (   32.00 ) Msg[31] Decides in X1Q[5][1] -> [6][4]Q 
 (   32.00 ) Msg[32] Ends Trans PEQ[5][0] -> [7][0]X1Q
 (   32.00 ) Msg[32] Decides in X1Q[5][0] -> [7][0]X1Q 
 (   32.00 ) Start Transmit from  X1Q[5][0] -> [6][0]X1Q 
 (   32.00 ) Msg[33] Ends Trans PEQ[4][7] -> [6][7]X1Q
 (   32.00 ) Msg[33] Decides in X1Q[4][7] -> [6][7]X1Q 
 (   32.00 ) Start Transmit from  X1Q[4][7] -> [5][7]X1Q 
 (   32.00 ) Msg[34] Ends Trans PEQ[2][6] -> [1][5]X2Q
 (   32.00 ) Start Transmit from  X2Q[3][6] -> [2][6]X2Q 
 (   32.00 ) Msg[67] Decides in PEQ[3][6] -> [3][3]Y2Q 
 (   32.00 ) Start Transmit from  PEQ[3][6] -> [3][5]Y2Q 
 (   32.00 ) Msg[34] Decides in X2Q[2][6] -> [1][5]X2Q 
 (   32.00 ) Start Transmit from  X2Q[2][6] -> [1][6]X2Q 
 (   32.00 ) Msg[35] Ends Trans PEQ[4][5] -> [6][0]X1Q
 (   32.00 ) Msg[35] Decides in X1Q[4][5] -> [6][0]X1Q 
 (   32.00 ) Start Transmit from  X1Q[4][5] -> [5][5]X1Q 
 (   32.00 ) Msg[36] Ends Trans PEQ[2][4] -> [1][2]X2Q
 (   32.00 ) Start Transmit from  X2Q[3][4] -> [2][4]X2Q 
 (   32.00 ) Msg[68] Decides in PEQ[3][4] -> [6][0]X1Q 
 (   32.00 ) Start Transmit from  PEQ[3][4] -> [4][4]X1Q 
 (   32.00 ) Msg[36] Decides in X2Q[2][4] -> [1][2]X2Q 
 (   32.00 ) Start Transmit from  X2Q[2][4] -> [1][4]X2Q 
 (   32.00 ) Msg[37] Ends Trans PEQ[4][3] -> [4][3]X1Q
 (   32.00 ) Msg[85] Decides in PEQ[3][3] -> [2][7]Q 
 (   32.00 ) Msg[37] Decides in X1Q[4][3] -> [4][3]PEQ 
 (   32.00 ) Start Transmit from  X1Q[4][3] -> [4][3]PEQ 
 (   32.00 ) Msg[38] Ends Trans PEQ[4][2] -> [4][6]X1Q
 (   32.00 ) Msg[38] Decides in X1Q[4][2] -> [4][6]Y1Q 
 (   32.00 ) Start Transmit from  X1Q[4][2] -> [4][3]Y1Q 
 (   32.00 ) Msg[39] Ends Trans PEQ[4][1] -> [4][2]X1Q
 (   32.00 ) Msg[39] Decides in X1Q[4][1] -> [4][2]Y1Q 
 (   32.00 ) Start Transmit from  X1Q[4][1] -> [4][2]Y1Q 
 (   32.00 ) Msg[40] Ends Trans PEQ[4][0] -> [6][0]X1Q
 (   32.00 ) Msg[40] Decides in X1Q[4][0] -> [6][0]X1Q 
 (   32.00 ) Start Transmit from  X1Q[4][0] -> [5][0]X1Q 
 (   32.00 ) Msg[41] Ends Trans PEQ[3][7] -> [4][2]X1Q
 (   32.00 ) Msg[88] Decides in PEQ[2][7] -> [6][5]X1Q 
 (   32.00 ) Start Transmit from  PEQ[2][7] -> [3][7]X1Q 
 (   32.00 ) Msg[41] Decides in X1Q[3][7] -> [4][2]X1Q 
 (   32.00 ) Start Transmit from  X1Q[3][7] -> [4][7]X1Q 
 (   32.00 ) Msg[42] Ends Trans PEQ[2][5] -> [2][5]Y2Q
 (   32.00 ) Msg[66] Decides in PEQ[2][6] -> [5][4]X1Q 
 (   32.00 ) Start Transmit from  PEQ[2][6] -> [3][6]X1Q 
 (   32.00 ) Msg[42] Decides in Y2Q[2][5] -> [2][5]PEQ 
 (   32.00 ) Start Transmit from  Y2Q[2][5] -> [2][5]PEQ 
 (   32.00 ) Msg[43] Ends Trans PEQ[3][5] -> [4][4]X1Q
 (   32.00 ) Msg[43] Decides in X1Q[3][5] -> [4][4]X1Q 
 (   32.00 ) Start Transmit from  X1Q[3][5] -> [4][5]X1Q 
 (   32.00 ) Msg[44] Ends Trans PEQ[3][4] -> [4][4]X1Q
 (   32.00 ) Msg[44] Decides in X1Q[3][4] -> [4][4]Q 
 (   32.00 ) Msg[45] Ends Trans PEQ[3][3] -> [5][7]X1Q
 (   32.00 ) Msg[92] Decides in PEQ[2][3] -> [6][5]X1Q 
 (   32.00 ) Start Transmit from  PEQ[2][3] -> [3][3]X1Q 
 (   32.00 ) Msg[45] Decides in X1Q[3][3] -> [5][7]X1Q 
 (   32.00 ) Start Transmit from  X1Q[3][3] -> [4][3]X1Q 
 (   32.00 ) Msg[46] Ends Trans PEQ[2][3] -> [2][6]Y1Q
 (   32.00 ) Msg[46] Decides in Y1Q[2][3] -> [2][6]Y1Q 
 (   32.00 ) Start Transmit from  Y1Q[2][3] -> [2][4]Y1Q 
 (   32.00 ) Msg[47] Ends Trans PEQ[3][1] -> [5][5]X1Q
 (   32.00 ) Msg[47] Decides in X1Q[3][1] -> [5][5]X1Q 
 (   32.00 ) Start Transmit from  X1Q[3][1] -> [4][1]X1Q 
 (   32.00 ) Msg[48] Ends Trans PEQ[3][0] -> [7][2]X1Q
 (   32.00 ) Msg[48] Decides in X1Q[3][0] -> [7][2]X1Q 
 (   32.00 ) Start Transmit from  X1Q[3][0] -> [4][0]X1Q 
 (   32.00 ) Msg[49] Ends Trans PEQ[0][7] -> [0][4]X2Q
 (   32.00 ) Msg[49] Decides in X2Q[0][7] -> [0][4]Y2Q 
 (   32.00 ) Start Transmit from  X2Q[0][7] -> [0][6]Y2Q 
 (   32.00 ) Msg[50] Ends Trans PEQ[2][6] -> [2][2]X1Q
 (   32.00 ) Msg[50] Decides in X1Q[2][6] -> [2][2]Y2Q 
 (   32.00 ) Start Transmit from  X1Q[2][6] -> [2][5]Y2Q 
 (   32.00 ) Msg[51] Ends Trans PEQ[2][5] -> [3][6]X1Q
 (   32.00 ) Msg[71] Decides in PEQ[1][5] -> [4][6]X1Q 
 (   32.00 ) Start Transmit from  PEQ[1][5] -> [2][5]X1Q 
 (   32.00 ) Msg[51] Decides in X1Q[2][5] -> [3][6]X1Q 
 (   32.00 ) Start Transmit from  X1Q[2][5] -> [3][5]X1Q 
 (   32.00 ) Msg[52] Ends Trans PEQ[1][5] -> [1][5]Y1Q
 (   32.00 ) Msg[82] Decides in PEQ[1][4] -> [2][7]X1Q 
 (   32.00 ) Start Transmit from  PEQ[1][4] -> [2][4]X1Q 
 (   32.00 ) Msg[52] Decides in Y1Q[1][5] -> [1][5]PEQ 
 (   32.00 ) Start Transmit from  Y1Q[1][5] -> [1][5]PEQ 
 (   32.00 ) Msg[53] Ends Trans PEQ[2][3] -> [6][3]X1Q
 (   32.00 ) Msg[53] Decides in X1Q[2][3] -> [6][3]Q 
 (   32.00 ) Msg[54] Ends Trans PEQ[2][2] -> [5][2]X1Q
 (   32.00 ) Msg[54] Decides in X1Q[2][2] -> [5][2]X1Q 
 (   32.00 ) Start Transmit from  X1Q[2][2] -> [3][2]X1Q 
 (   32.00 ) Msg[55] Ends Trans PEQ[2][1] -> [6][5]X1Q
 (   32.00 ) Msg[81] Decides in PEQ[1][1] -> [7][6]X1Q 
 (   32.00 ) Start Transmit from  PEQ[1][1] -> [2][1]X1Q 
 (   32.00 ) Msg[55] Decides in X1Q[2][1] -> [6][5]X1Q 
 (   32.00 ) Start Transmit from  X1Q[2][1] -> [3][1]X1Q 
 (   32.00 ) Msg[56] Ends Trans PEQ[2][0] -> [3][3]X1Q
 (   32.00 ) Msg[56] Decides in X1Q[2][0] -> [3][3]X1Q 
 (   32.00 ) Start Transmit from  X1Q[2][0] -> [3][0]X1Q 
 (   32.00 ) Msg[57] Ends Trans PEQ[1][7] -> [4][1]X1Q
 (   32.00 ) Msg[57] Decides in X1Q[1][7] -> [4][1]X1Q 
 (   32.00 ) Start Transmit from  X1Q[1][7] -> [2][7]X1Q 
 (   32.00 ) Msg[58] Ends Trans PEQ[1][6] -> [6][6]X1Q
 (   32.00 ) Msg[58] Decides in X1Q[1][6] -> [6][6]X1Q 
 (   32.00 ) Start Transmit from  X1Q[1][6] -> [2][6]X1Q 
 (   32.00 ) Msg[59] Ends Trans PEQ[1][5] -> [5][2]X1Q
 (   32.00 ) Msg[59] Decides in X1Q[1][5] -> [5][2]Q 
 (   32.00 ) Msg[60] Ends Trans PEQ[1][4] -> [6][2]X1Q
 (   32.00 ) Msg[60] Decides in X1Q[1][4] -> [6][2]Q 
 (   32.00 ) Msg[61] Ends Trans PEQ[1][3] -> [5][1]X1Q
 (   32.00 ) Msg[61] Decides in X1Q[1][3] -> [5][1]X1Q 
 (   32.00 ) Start Transmit from  X1Q[1][3] -> [2][3]X1Q 
 (   32.00 ) Msg[62] Ends Trans PEQ[1][2] -> [3][2]X1Q
 (   32.00 ) Msg[62] Decides in X1Q[1][2] -> [3][2]X1Q 
 (   32.00 ) Start Transmit from  X1Q[1][2] -> [2][2]X1Q 
 (   32.00 ) Msg[63] Ends Trans PEQ[1][1] -> [7][7]X1Q
 (   32.00 ) Msg[63] Decides in X1Q[1][1] -> [7][7]Q 
 (   32.00 ) Msg[64] Ends Trans PEQ[1][0] -> [5][3]X1Q
 (   32.00 ) Msg[64] Decides in X1Q[1][0] -> [5][3]X1Q 
 (   32.00 ) Start Transmit from  X1Q[1][0] -> [2][0]X1Q 
 (   33.02 ) Msg[94] Arrives in PEQ[4][2] -> [4][6] 
 (   33.02 ) Msg[94] Not Head Of Queue in PEQ[4][2] -> [4][6] 
 (   33.49 ) Msg[95] Arrives in PEQ[5][3] -> [6][1] 
 (   33.49 ) Msg[95] Decides in PEQ[5][3] -> [6][1]X1Q 
 (   33.49 ) Start Transmit from  PEQ[5][3] -> [6][3]X1Q 
 (   35.73 ) Msg[96] Arrives in PEQ[6][4] -> [5][6] 
 (   35.73 ) Msg[96] Not Head Of Queue in PEQ[6][4] -> [5][6] 
 (   35.90 ) Msg[97] Arrives in PEQ[4][6] -> [1][0] 
 (   35.90 ) Msg[97] Decides in PEQ[4][6] -> [1][0]Q 
 (   36.09 ) Msg[98] Arrives in PEQ[4][5] -> [3][4] 
 (   36.09 ) Msg[98] Not Head Of Queue in PEQ[4][5] -> [3][4] 
 (   38.50 ) Msg[99] Arrives in PEQ[3][7] -> [3][5] 
 (   38.50 ) Msg[99] Decides in PEQ[3][7] -> [3][5]Y2Q 
 (   38.50 ) Start Transmit from  PEQ[3][7] -> [3][6]Y2Q 
 (   38.85 ) Msg[100] Arrives in PEQ[1][0] -> [4][4] 
 (   38.85 ) Msg[100] Decides in PEQ[1][0] -> [4][4]Q 
 (   42.41 ) Msg[101] Arrives in PEQ[4][4] -> [2][1] 
 (   42.41 ) Msg[101] Not Head Of Queue in PEQ[4][4] -> [2][1] 
 (   43.75 ) Msg[102] Arrives in PEQ[6][4] -> [5][3] 
 (   43.75 ) Msg[102] Not Head Of Queue in PEQ[6][4] -> [5][3] 
 (   44.36 ) Msg[103] Arrives in PEQ[7][7] -> [1][6] 
 (   44.36 ) Msg[103] Decides in PEQ[7][7] -> [1][6]X2Q 
 (   44.36 ) Start Transmit from  PEQ[7][7] -> [6][7]X2Q 
 (   44.44 ) Msg[104] Arrives in PEQ[2][7] -> [2][2] 
 (   44.44 ) Msg[104] Not Head Of Queue in PEQ[2][7] -> [2][2] 
 (   44.62 ) Msg[105] Arrives in PEQ[4][4] -> [1][7] 
 (   44.62 ) Msg[105] Not Head Of Queue in PEQ[4][4] -> [1][7] 
 (   45.57 ) Msg[106] Arrives in PEQ[2][1] -> [1][3] 
 (   45.57 ) Msg[106] Decides in PEQ[2][1] -> [1][3]X2Q 
 (   45.57 ) Start Transmit from  PEQ[2][1] -> [1][1]X2Q 
 (   45.86 ) Msg[107] Arrives in PEQ[5][4] -> [7][6] 
 (   45.86 ) Msg[107] Decides in PEQ[5][4] -> [7][6]X1Q 
 (   45.86 ) Start Transmit from  PEQ[5][4] -> [6][4]X1Q 
 (   49.23 ) Msg[108] Arrives in PEQ[4][1] -> [6][1] 
 (   49.23 ) Msg[108] Decides in PEQ[4][1] -> [6][1]X1Q 
 (   49.23 ) Start Transmit from  PEQ[4][1] -> [5][1]X1Q 
 (   49.54 ) Msg[109] Arrives in PEQ[5][6] -> [7][4] 
 (   49.54 ) Msg[109] Decides in PEQ[5][6] -> [7][4]X1Q 
 (   49.54 ) Start Transmit from  PEQ[5][6] -> [6][6]X1Q 
 (   50.17 ) Msg[110] Arrives in PEQ[5][3] -> [3][6] 
 (   50.17 ) Msg[110] Not Head Of Queue in PEQ[5][3] -> [3][6] 
 (   50.29 ) Msg[111] Arrives in PEQ[2][5] -> [2][1] 
 (   50.29 ) Msg[111] Decides in PEQ[2][5] -> [2][1]Y2Q 
 (   50.29 ) Start Transmit from  PEQ[2][5] -> [2][4]Y2Q 
 (   51.02 ) Msg[112] Arrives in PEQ[4][1] -> [6][3] 
 (   51.02 ) Msg[112] Not Head Of Queue in PEQ[4][1] -> [6][3] 
 (   52.80 ) Msg[113] Arrives in PEQ[3][6] -> [1][1] 
 (   52.80 ) Msg[113] Not Head Of Queue in PEQ[3][6] -> [1][1] 
 (   54.02 ) Msg[114] Arrives in PEQ[1][0] -> [1][3] 
 (   54.02 ) Msg[114] Not Head Of Queue in PEQ[1][0] -> [1][3] 
 (   54.24 ) Msg[115] Arrives in PEQ[1][0] -> [5][1] 
 (   54.24 ) Msg[115] Not Head Of Queue in PEQ[1][0] -> [5][1] 
 (   56.76 ) Msg[116] Arrives in PEQ[2][1] -> [6][3] 
 (   56.76 ) Msg[116] Not Head Of Queue in PEQ[2][1] -> [6][3] 
 (   58.22 ) Msg[117] Arrives in PEQ[5][2] -> [1][1] 
 (   58.22 ) Msg[117] Not Head Of Queue in PEQ[5][2] -> [1][1] 
 (   61.33 ) Msg[118] Arrives in PEQ[1][1] -> [6][2] 
 (   61.33 ) Msg[118] Not Head Of Queue in PEQ[1][1] -> [6][2] 
 (   62.10 ) Msg[119] Arrives in PEQ[0][4] -> [3][1] 
 (   62.10 ) Msg[119] Decides in PEQ[0][4] -> [3][1]X1Q 
 (   62.10 ) Start Transmit from  PEQ[0][4] -> [1][4]X1Q 
 (   62.13 ) Msg[120] Arrives in PEQ[6][5] -> [1][3] 
 (   62.13 ) Msg[120] Decides in PEQ[6][5] -> [1][3]Q 
 (   64.00 ) Msg[1] Ends Trans X2Q[5][7] -> [5][2]X2Q
 (   64.00 ) Start Transmit from  PEQ[6][7] -> [5][7]X2Q 
 (   64.00 ) Msg[1] Decides in X2Q[5][7] -> [5][2]Y2Q 
 (   64.00 ) Start Transmit from  X2Q[5][7] -> [5][6]Y2Q 
 (   64.00 ) Msg[5] Ends Trans X2Q[5][3] -> [3][7]X2Q
 (   64.00 ) Start Transmit from  PEQ[6][3] -> [5][3]X2Q 
 (   64.00 ) Msg[5] Decides in X2Q[5][3] -> [3][7]X2Q 
 (   64.00 ) Start Transmit from  X2Q[5][3] -> [4][3]X2Q 
 (   64.00 ) Msg[87] Ends Trans PEQ[6][2] -> [1][3]X2Q
 (   64.00 ) Msg[6] Ends Trans X2Q[6][3] -> [6][6]Y1Q
 (   64.00 ) Start Transmit from  X1Q[6][2] -> [6][3]Y1Q 
 (   64.00 ) Msg[87] Decides in X2Q[6][2] -> [1][3]Q 
 (   64.00 ) Msg[6] Decides in Y1Q[6][3] -> [6][6]Y1Q 
 (   64.00 ) Start Transmit from  Y1Q[6][3] -> [6][4]Y1Q 
 (   64.00 ) Msg[7] Ends Trans X2Q[5][1] -> [4][2]X2Q
 (   64.00 ) Start Transmit from  PEQ[6][1] -> [5][1]X2Q 
 (   64.00 ) Msg[7] Decides in X2Q[5][1] -> [4][2]X2Q 
 (   64.00 ) Start Transmit from  X2Q[5][1] -> [4][1]X2Q 
 (   64.00 ) Msg[8] Ends Trans X2Q[5][0] -> [4][2]X2Q
 (   64.00 ) Start Transmit from  PEQ[6][0] -> [5][0]X2Q 
 (   64.00 ) Msg[8] Decides in X2Q[5][0] -> [4][2]X2Q 
 (   64.00 ) Start Transmit from  X2Q[5][0] -> [4][0]X2Q 
 (   64.00 ) Msg[9] Ends Trans Y2Q[6][5] -> [6][0]Y2Q
 (   64.00 ) Msg[9] Decides in Y2Q[6][5] -> [6][0]Q 
 (   64.00 ) Msg[2] Ends Trans X2Q[5][6] -> [5][3]X2Q
 (   64.00 ) Start Transmit from  PEQ[6][6] -> [5][6]X2Q 
 (   64.00 ) Msg[3] Ends Trans X2Q[5][5] -> [1][0]X2Q
 (   64.00 ) Start Transmit from  PEQ[6][5] -> [5][5]X2Q 
 (   64.00 ) Msg[11] Ends Trans X2Q[4][5] -> [4][1]X2Q
 (   64.00 ) Start Transmit from  PEQ[5][5] -> [4][5]X2Q 
 (   64.00 ) Msg[3] Decides in X2Q[5][5] -> [1][0]Q 
 (   64.00 ) Msg[11] Decides in X2Q[4][5] -> [4][1]Y2Q 
 (   64.00 ) Start Transmit from  X2Q[4][5] -> [4][4]Y2Q 
 (   64.00 ) Msg[4] Ends Trans X2Q[5][4] -> [4][6]X2Q
 (   64.00 ) Start Transmit from  PEQ[6][4] -> [5][4]X2Q 
 (   64.00 ) Msg[13] Ends Trans Y1Q[6][5] -> [6][6]Y1Q
 (   64.00 ) Msg[13] Decides in Y1Q[6][5] -> [6][6]Y1Q 
 (   64.00 ) Start Transmit from  Y1Q[6][5] -> [6][6]Y1Q 
 (   64.00 ) Msg[73] Ends Trans PEQ[5][2] -> [4][1]X2Q
 (   64.00 ) Start Transmit from  X2Q[6][2] -> [5][2]X2Q 
 (   64.00 ) Msg[14] Ends Trans X2Q[4][2] -> [1][0]X2Q
 (   64.00 ) Start Transmit from  PEQ[5][2] -> [4][2]X2Q 
 (   64.00 ) Msg[73] Decides in X2Q[5][2] -> [4][1]Q 
 (   64.00 ) Msg[14] Decides in X2Q[4][2] -> [1][0]X2Q 
 (   64.00 ) Start Transmit from  X2Q[4][2] -> [3][2]X2Q 
 (   64.00 ) Msg[16] Ends Trans Y1Q[6][1] -> [6][1]PEQ 
               Msg[16] Response Time : 64.00 cycles   Mean Response Time : 64.00 cycles
 (   64.00 ) Msg[10] Ends Trans X2Q[4][6] -> [2][6]X2Q
 (   64.00 ) Msg[2] Decides in X2Q[5][6] -> [5][3]Y2Q 
 (   64.00 ) Start Transmit from  X2Q[5][6] -> [5][5]Y2Q 
 (   64.00 ) Msg[19] Ends Trans X1Q[6][4] -> [6][4]Y2Q
 (   64.00 ) Start Transmit from  Y2Q[6][5] -> [6][4]Y2Q 
 (   64.00 ) Msg[19] Decides in Y2Q[6][4] -> [6][4]PEQ 
 (   64.00 ) Start Transmit from  Y2Q[6][4] -> [6][4]PEQ 
 (   64.00 ) Msg[12] Ends Trans X2Q[4][4] -> [1][6]X2Q
 (   64.00 ) Msg[4] Decides in X2Q[5][4] -> [4][6]X2Q 
 (   64.00 ) Start Transmit from  X2Q[5][4] -> [4][4]X2Q 
 (   64.00 ) Msg[20] Ends Trans X2Q[4][5] -> [4][6]Y1Q
 (   64.00 ) Msg[12] Decides in X2Q[4][4] -> [1][6]X2Q 
 (   64.00 ) Start Transmit from  X2Q[4][4] -> [3][4]X2Q 
 (   64.00 ) Msg[20] Decides in Y1Q[4][5] -> [4][6]Y1Q 
 (   64.00 ) Start Transmit from  Y1Q[4][5] -> [4][6]Y1Q 
 (   64.00 ) Msg[79] Ends Trans PEQ[6][1] -> [6][4]X1Q
 (   64.00 ) Start Transmit from  X1Q[5][1] -> [6][1]X1Q 
 (   64.00 ) Msg[23] Ends Trans X1Q[6][2] -> [6][3]Y1Q
 (   64.00 ) Msg[79] Decides in X1Q[6][1] -> [6][4]Y1Q 
 (   64.00 ) Start Transmit from  X1Q[6][1] -> [6][2]Y1Q 
 (   64.00 ) Msg[24] Ends Trans X2Q[4][1] -> [4][5]Y1Q
 (   64.00 ) Msg[24] Decides in Y1Q[4][1] -> [4][5]Q 
 (   64.00 ) Msg[17] Ends Trans X2Q[3][7] -> [1][1]X2Q
 (   64.00 ) Msg[25] Ends Trans X2Q[2][7] -> [1][4]X2Q
 (   64.00 ) Msg[17] Decides in X2Q[3][7] -> [1][1]X2Q 
 (   64.00 ) Start Transmit from  X2Q[3][7] -> [2][7]X2Q 
 (   64.00 ) Msg[25] Decides in X2Q[2][7] -> [1][4]X2Q 
 (   64.00 ) Start Transmit from  X2Q[2][7] -> [1][7]X2Q 
 (   64.00 ) Msg[18] Ends Trans X2Q[3][6] -> [0][7]X2Q
 (   64.00 ) Start Transmit from  PEQ[4][6] -> [3][6]X2Q 
 (   64.00 ) Msg[10] Decides in X2Q[4][6] -> [2][6]Q 
 (   64.00 ) Msg[70] Ends Trans PEQ[3][5] -> [2][3]X2Q
 (   64.00 ) Msg[98] Decides in PEQ[4][5] -> [3][4]X2Q 
 (   64.00 ) Start Transmit from  PEQ[4][5] -> [3][5]X2Q 
 (   64.00 ) Msg[27] Ends Trans X2Q[2][5] -> [1][4]X2Q
 (   64.00 ) Msg[70] Decides in X2Q[3][5] -> [2][3]X2Q 
 (   64.00 ) Start Transmit from  X2Q[3][5] -> [2][5]X2Q 
 (   64.00 ) Msg[27] Decides in X2Q[2][5] -> [1][4]X2Q 
 (   64.00 ) Start Transmit from  X2Q[2][5] -> [1][5]X2Q 
 (   64.00 ) Msg[91] Ends Trans PEQ[5][4] -> [7][1]X1Q
 (   64.00 ) Msg[101] Decides in PEQ[4][4] -> [2][1]Q 
 (   64.00 ) Msg[91] Decides in X1Q[5][4] -> [7][1]Q 
 (   64.00 ) Msg[21] Ends Trans X2Q[3][3] -> [3][4]X2Q
 (   64.00 ) Msg[29] Ends Trans X2Q[2][3] -> [2][2]X2Q
 (   64.00 ) Start Transmit from  PEQ[3][3] -> [2][3]X2Q 
 (   64.00 ) Msg[21] Decides in X2Q[3][3] -> [3][4]Y1Q 
 (   64.00 ) Start Transmit from  X2Q[3][3] -> [3][4]Y1Q 
 (   64.00 ) Msg[29] Decides in X2Q[2][3] -> [2][2]Y2Q 
 (   64.00 ) Start Transmit from  X2Q[2][3] -> [2][2]Y2Q 
 (   64.00 ) Msg[72] Ends Trans PEQ[5][2] -> [7][2]X1Q
 (   64.00 ) Msg[94] Decides in PEQ[4][2] -> [4][6]Q 
 (   64.00 ) Msg[30] Ends Trans X1Q[5][3] -> [5][4]Y1Q
 (   64.00 ) Msg[72] Decides in X1Q[5][2] -> [7][2]X1Q 
 (   64.00 ) Start Transmit from  X1Q[5][2] -> [6][2]X1Q 
 (   64.00 ) Msg[30] Decides in Y1Q[5][3] -> [5][4]Y1Q 
 (   64.00 ) Start Transmit from  Y1Q[5][3] -> [5][4]Y1Q 
 (   64.00 ) Msg[32] Ends Trans X1Q[6][0] -> [7][0]X1Q
 (   64.00 ) Msg[32] Decides in X1Q[6][0] -> [7][0]X1Q 
 (   64.00 ) Start Transmit from  X1Q[6][0] -> [7][0]X1Q 
 (   64.00 ) Msg[33] Ends Trans X1Q[5][7] -> [6][7]X1Q
 (   64.00 ) Msg[33] Decides in X1Q[5][7] -> [6][7]X1Q 
 (   64.00 ) Start Transmit from  X1Q[5][7] -> [6][7]X1Q 
 (   64.00 ) Msg[26] Ends Trans X2Q[2][6] -> [2][0]X2Q
 (   64.00 ) Msg[18] Decides in X2Q[3][6] -> [0][7]X2Q 
 (   64.00 ) Start Transmit from  X2Q[3][6] -> [2][6]X2Q 
 (   64.00 ) Msg[67] Ends Trans PEQ[3][5] -> [3][3]Y2Q
 (   64.00 ) Msg[84] Decides in PEQ[3][6] -> [4][6]X1Q 
 (   64.00 ) Start Transmit from  PEQ[3][6] -> [4][6]X1Q 
 (   64.00 ) Msg[67] Decides in Y2Q[3][5] -> [3][3]Y2Q 
 (   64.00 ) Start Transmit from  Y2Q[3][5] -> [3][4]Y2Q 
 (   64.00 ) Msg[34] Ends Trans X2Q[1][6] -> [1][5]X2Q
 (   64.00 ) Msg[26] Decides in X2Q[2][6] -> [2][0]Q 
 (   64.00 ) Msg[34] Decides in X2Q[1][6] -> [1][5]Y2Q 
 (   64.00 ) Start Transmit from  X2Q[1][6] -> [1][5]Y2Q 
 (   64.00 ) Msg[35] Ends Trans X1Q[5][5] -> [6][0]X1Q
 (   64.00 ) Msg[35] Decides in X1Q[5][5] -> [6][0]X1Q 
 (   64.00 ) Start Transmit from  X1Q[5][5] -> [6][5]X1Q 
 (   64.00 ) Msg[28] Ends Trans X2Q[2][4] -> [1][2]X2Q
 (   64.00 ) Msg[68] Ends Trans PEQ[4][4] -> [6][0]X1Q
 (   64.00 ) Start Transmit from  X1Q[3][4] -> [4][4]X1Q 
 (   64.00 ) Msg[68] Decides in X1Q[4][4] -> [6][0]X1Q 
 (   64.00 ) Start Transmit from  X1Q[4][4] -> [5][4]X1Q 
 (   64.00 ) Msg[36] Ends Trans X2Q[1][4] -> [1][2]X2Q
 (   64.00 ) Msg[28] Decides in X2Q[2][4] -> [1][2]X2Q 
 (   64.00 ) Start Transmit from  X2Q[2][4] -> [1][4]X2Q 
 (   64.00 ) Msg[36] Decides in X2Q[1][4] -> [1][2]Y2Q 
 (   64.00 ) Start Transmit from  X2Q[1][4] -> [1][3]Y2Q 
 (   64.00 ) Msg[37] Ends Trans X1Q[4][3] -> [4][3]PEQ 
               Msg[37] Response Time : 64.00 cycles   Mean Response Time : 64.00 cycles
 (   64.00 ) Msg[38] Ends Trans X1Q[4][3] -> [4][6]Y1Q
 (   64.00 ) Start Transmit from  PEQ[4][2] -> [4][3]Y1Q 
 (   64.00 ) Msg[38] Decides in Y1Q[4][3] -> [4][6]Y1Q 
 (   64.00 ) Start Transmit from  Y1Q[4][3] -> [4][4]Y1Q 
 (   64.00 ) Msg[39] Ends Trans X1Q[4][2] -> [4][2]Y1Q
 (   64.00 ) Start Transmit from  Y1Q[4][1] -> [4][2]Y1Q 
 (   64.00 ) Msg[39] Decides in Y1Q[4][2] -> [4][2]PEQ 
 (   64.00 ) Start Transmit from  Y1Q[4][2] -> [4][2]PEQ 
 (   64.00 ) Msg[40] Ends Trans X1Q[5][0] -> [6][0]X1Q
 (   64.00 ) Msg[40] Decides in X1Q[5][0] -> [6][0]X1Q 
 (   64.00 ) Start Transmit from  X1Q[5][0] -> [6][0]X1Q 
 (   64.00 ) Msg[88] Ends Trans PEQ[3][7] -> [6][5]X1Q
 (   64.00 ) Msg[104] Decides in PEQ[2][7] -> [2][2]Y2Q 
 (   64.00 ) Start Transmit from  PEQ[2][7] -> [2][6]Y2Q 
 (   64.00 ) Msg[41] Ends Trans X1Q[4][7] -> [4][2]X1Q
 (   64.00 ) Msg[88] Decides in X1Q[3][7] -> [6][5]X1Q 
 (   64.00 ) Start Transmit from  X1Q[3][7] -> [4][7]X1Q 
 (   64.00 ) Msg[41] Decides in X1Q[4][7] -> [4][2]Y2Q 
 (   64.00 ) Start Transmit from  X1Q[4][7] -> [4][6]Y2Q 
 (   64.00 ) Msg[66] Ends Trans PEQ[3][6] -> [5][4]X1Q
 (   64.00 ) Msg[89] Decides in PEQ[2][6] -> [3][4]X1Q 
 (   64.00 ) Start Transmit from  PEQ[2][6] -> [3][6]X1Q 
 (   64.00 ) Msg[66] Decides in X1Q[3][6] -> [5][4]Q 
 (   64.00 ) Msg[42] Ends Trans Y2Q[2][5] -> [2][5]PEQ 
               Msg[42] Response Time : 64.00 cycles   Mean Response Time : 64.00 cycles
 (   64.00 ) Msg[43] Ends Trans X1Q[4][5] -> [4][4]X1Q
 (   64.00 ) Msg[43] Decides in X1Q[4][5] -> [4][4]Q 
 (   64.00 ) Msg[92] Ends Trans PEQ[3][3] -> [6][5]X1Q
 (   64.00 ) Start Transmit from  X1Q[2][3] -> [3][3]X1Q 
 (   64.00 ) Msg[45] Ends Trans X1Q[4][3] -> [5][7]X1Q
 (   64.00 ) Msg[92] Decides in X1Q[3][3] -> [6][5]X1Q 
 (   64.00 ) Start Transmit from  X1Q[3][3] -> [4][3]X1Q 
 (   64.00 ) Msg[45] Decides in X1Q[4][3] -> [5][7]X1Q 
 (   64.00 ) Start Transmit from  X1Q[4][3] -> [5][3]X1Q 
 (   64.00 ) Msg[46] Ends Trans Y1Q[2][4] -> [2][6]Y1Q
 (   64.00 ) Msg[46] Decides in Y1Q[2][4] -> [2][6]Y1Q 
 (   64.00 ) Start Transmit from  Y1Q[2][4] -> [2][5]Y1Q 
 (   64.00 ) Msg[47] Ends Trans X1Q[4][1] -> [5][5]X1Q
 (   64.00 ) Msg[47] Decides in X1Q[4][1] -> [5][5]Q 
 (   64.00 ) Msg[48] Ends Trans X1Q[4][0] -> [7][2]X1Q
 (   64.00 ) Msg[48] Decides in X1Q[4][0] -> [7][2]X1Q 
 (   64.00 ) Start Transmit from  X1Q[4][0] -> [5][0]X1Q 
 (   64.00 ) Msg[49] Ends Trans X2Q[0][6] -> [0][4]Y2Q
 (   64.00 ) Msg[49] Decides in Y2Q[0][6] -> [0][4]Y2Q 
 (   64.00 ) Start Transmit from  Y2Q[0][6] -> [0][5]Y2Q 
 (   64.00 ) Msg[50] Ends Trans X1Q[2][5] -> [2][2]Y2Q
 (   64.00 ) Start Transmit from  X2Q[2][6] -> [2][5]Y2Q 
 (   64.00 ) Msg[50] Decides in Y2Q[2][5] -> [2][2]Q 
 (   64.00 ) Msg[71] Ends Trans PEQ[2][5] -> [4][6]X1Q
 (   64.00 ) Start Transmit from  X1Q[1][5] -> [2][5]X1Q 
 (   64.00 ) Msg[51] Ends Trans X1Q[3][5] -> [3][6]X1Q
 (   64.00 ) Msg[71] Decides in X1Q[2][5] -> [4][6]X1Q 
 (   64.00 ) Start Transmit from  X1Q[2][5] -> [3][5]X1Q 
 (   64.00 ) Msg[51] Decides in X1Q[3][5] -> [3][6]Y1Q 
 (   64.00 ) Start Transmit from  X1Q[3][5] -> [3][6]Y1Q 
 (   64.00 ) Msg[82] Ends Trans PEQ[2][4] -> [2][7]X1Q
 (   64.00 ) Start Transmit from  X1Q[1][4] -> [2][4]X1Q 
 (   64.00 ) Msg[93] Decides in PEQ[1][4] -> [7][4]Q 
 (   64.00 ) Msg[82] Decides in X1Q[2][4] -> [2][7]Q 
 (   64.00 ) Msg[52] Ends Trans Y1Q[1][5] -> [1][5]PEQ 
               Msg[52] Response Time : 64.00 cycles   Mean Response Time : 64.00 cycles
 (   64.00 ) Msg[54] Ends Trans X1Q[3][2] -> [5][2]X1Q
 (   64.00 ) Msg[54] Decides in X1Q[3][2] -> [5][2]X1Q 
 (   64.00 ) Start Transmit from  X1Q[3][2] -> [4][2]X1Q 
 (   64.00 ) Msg[81] Ends Trans PEQ[2][1] -> [7][6]X1Q
 (   64.00 ) Start Transmit from  X1Q[1][1] -> [2][1]X1Q 
 (   64.00 ) Msg[118] Decides in PEQ[1][1] -> [6][2]Q 
 (   64.00 ) Msg[55] Ends Trans X1Q[3][1] -> [6][5]X1Q
 (   64.00 ) Msg[81] Decides in X1Q[2][1] -> [7][6]X1Q 
 (   64.00 ) Start Transmit from  X1Q[2][1] -> [3][1]X1Q 
 (   64.00 ) Msg[55] Decides in X1Q[3][1] -> [6][5]X1Q 
 (   64.00 ) Start Transmit from  X1Q[3][1] -> [4][1]X1Q 
 (   64.00 ) Msg[56] Ends Trans X1Q[3][0] -> [3][3]X1Q
 (   64.00 ) Msg[56] Decides in X1Q[3][0] -> [3][3]Y1Q 
 (   64.00 ) Start Transmit from  X1Q[3][0] -> [3][1]Y1Q 
 (   64.00 ) Msg[57] Ends Trans X1Q[2][7] -> [4][1]X1Q
 (   64.00 ) Msg[57] Decides in X1Q[2][7] -> [4][1]X1Q 
 (   64.00 ) Start Transmit from  X1Q[2][7] -> [3][7]X1Q 
 (   64.00 ) Msg[58] Ends Trans X1Q[2][6] -> [6][6]X1Q
 (   64.00 ) Msg[58] Decides in X1Q[2][6] -> [6][6]Q 
 (   64.00 ) Msg[61] Ends Trans X1Q[2][3] -> [5][1]X1Q
 (   64.00 ) Msg[62] Ends Trans X1Q[2][2] -> [3][2]X1Q
 (   64.00 ) Msg[62] Decides in X1Q[2][2] -> [3][2]X1Q 
 (   64.00 ) Start Transmit from  X1Q[2][2] -> [3][2]X1Q 
 (   64.00 ) Msg[64] Ends Trans X1Q[2][0] -> [5][3]X1Q
 (   64.00 ) Start Transmit from  PEQ[1][0] -> [2][0]X1Q 
 (   64.00 ) Msg[64] Decides in X1Q[2][0] -> [5][3]X1Q 
 (   64.00 ) Start Transmit from  X1Q[2][0] -> [3][0]X1Q 
 (   64.29 ) Msg[121] Arrives in PEQ[1][3] -> [7][5] 
 (   64.29 ) Msg[121] Decides in PEQ[1][3] -> [7][5]X1Q 
 (   64.29 ) Start Transmit from  PEQ[1][3] -> [2][3]X1Q 
 (   64.40 ) Msg[122] Arrives in PEQ[1][5] -> [7][1] 
 (   64.40 ) Msg[122] Decides in PEQ[1][5] -> [7][1]Q 
 (   64.60 ) Msg[123] Arrives in PEQ[1][2] -> [3][5] 
 (   64.60 ) Msg[123] Decides in PEQ[1][2] -> [3][5]X1Q 
 (   64.60 ) Start Transmit from  PEQ[1][2] -> [2][2]X1Q 
 (   64.61 ) Msg[124] Arrives in PEQ[6][5] -> [2][3] 
 (   64.61 ) Msg[124] Not Head Of Queue in PEQ[6][5] -> [2][3] 
 (   65.23 ) Msg[125] Arrives in PEQ[6][4] -> [4][1] 
 (   65.23 ) Msg[125] Not Head Of Queue in PEQ[6][4] -> [4][1] 
 (   65.49 ) Msg[95] Ends Trans PEQ[6][3] -> [6][1]X1Q
 (   65.49 ) Msg[110] Decides in PEQ[5][3] -> [3][6]Q 
 (   65.49 ) Msg[95] Decides in X1Q[6][3] -> [6][1]Y2Q 
 (   65.49 ) Start Transmit from  X1Q[6][3] -> [6][2]Y2Q 
 (   66.11 ) Msg[126] Arrives in PEQ[3][5] -> [3][6] 
 (   66.11 ) Msg[126] Decides in PEQ[3][5] -> [3][6]Q 
 (   67.84 ) Msg[127] Arrives in PEQ[4][2] -> [1][3] 
 (   67.84 ) Msg[127] Not Head Of Queue in PEQ[4][2] -> [1][3] 
 (   69.15 ) Msg[128] Arrives in PEQ[7][1] -> [2][1] 
 (   69.15 ) Msg[128] Decides in PEQ[7][1] -> [2][1]X2Q 
 (   69.15 ) Start Transmit from  PEQ[7][1] -> [6][1]X2Q 
 (   70.26 ) Msg[129] Arrives in PEQ[4][3] -> [3][1] 
 (   70.26 ) Msg[129] Decides in PEQ[4][3] -> [3][1]X2Q 
 (   70.26 ) Start Transmit from  PEQ[4][3] -> [3][3]X2Q 
 (   70.50 ) Msg[99] Ends Trans PEQ[3][6] -> [3][5]Y2Q
 (   70.50 ) Msg[99] Decides in Y2Q[3][6] -> [3][5]Y2Q 
 (   70.50 ) Start Transmit from  Y2Q[3][6] -> [3][5]Y2Q 
 (   72.69 ) Msg[130] Arrives in PEQ[5][4] -> [3][6] 
 (   72.69 ) Msg[130] Not Head Of Queue in PEQ[5][4] -> [3][6] 
 (   75.63 ) Msg[131] Arrives in PEQ[3][3] -> [1][5] 
 (   75.63 ) Msg[131] Not Head Of Queue in PEQ[3][3] -> [1][5] 
 (   76.15 ) Msg[132] Arrives in PEQ[6][3] -> [5][7] 
 (   76.15 ) Msg[132] Not Head Of Queue in PEQ[6][3] -> [5][7] 
 (   76.36 ) Msg[103] Ends Trans PEQ[6][7] -> [1][6]X2Q
 (   76.36 ) Msg[103] Decides in X2Q[6][7] -> [1][6]Q 
 (   76.87 ) Msg[133] Arrives in PEQ[6][6] -> [7][6] 
 (   76.87 ) Msg[133] Not Head Of Queue in PEQ[6][6] -> [7][6] 
 (   77.37 ) Msg[134] Arrives in PEQ[4][1] -> [1][5] 
 (   77.37 ) Msg[134] Not Head Of Queue in PEQ[4][1] -> [1][5] 
 (   77.57 ) Msg[106] Ends Trans PEQ[1][1] -> [1][3]X2Q
 (   77.57 ) Msg[116] Decides in PEQ[2][1] -> [6][3]Q 
 (   77.57 ) Msg[106] Decides in X2Q[1][1] -> [1][3]Y1Q 
 (   77.57 ) Start Transmit from  X2Q[1][1] -> [1][2]Y1Q 
 (   77.86 ) Msg[107] Ends Trans PEQ[6][4] -> [7][6]X1Q
 (   77.86 ) Start Transmit from  X1Q[5][4] -> [6][4]X1Q 
 (   77.86 ) Msg[130] Decides in PEQ[5][4] -> [3][6]Q 
 (   77.86 ) Msg[107] Decides in X1Q[6][4] -> [7][6]X1Q 
 (   77.86 ) Start Transmit from  X1Q[6][4] -> [7][4]X1Q 
 (   78.89 ) Msg[135] Arrives in PEQ[4][2] -> [0][0] 
 (   78.89 ) Msg[135] Not Head Of Queue in PEQ[4][2] -> [0][0] 
 (   80.49 ) Msg[136] Arrives in PEQ[6][5] -> [5][4] 
 (   80.49 ) Msg[136] Not Head Of Queue in PEQ[6][5] -> [5][4] 
 (   81.23 ) Msg[108] Ends Trans PEQ[5][1] -> [6][1]X1Q
 (   81.23 ) Start Transmit from  X1Q[4][1] -> [5][1]X1Q 
 (   81.23 ) Msg[112] Decides in PEQ[4][1] -> [6][3]Q 
 (   81.54 ) Msg[109] Ends Trans PEQ[6][6] -> [7][4]X1Q
 (   81.54 ) Msg[109] Decides in X1Q[6][6] -> [7][4]X1Q 
 (   81.54 ) Start Transmit from  X1Q[6][6] -> [7][6]X1Q 
 (   82.29 ) Msg[111] Ends Trans PEQ[2][4] -> [2][1]Y2Q
 (   82.29 ) Start Transmit from  Y2Q[2][5] -> [2][4]Y2Q 
 (   82.29 ) Msg[111] Decides in Y2Q[2][4] -> [2][1]Y2Q 
 (   82.29 ) Start Transmit from  Y2Q[2][4] -> [2][3]Y2Q 
 (   82.31 ) Msg[137] Arrives in PEQ[2][2] -> [1][2] 
 (   82.31 ) Msg[137] Decides in PEQ[2][2] -> [1][2]X2Q 
 (   82.31 ) Start Transmit from  PEQ[2][2] -> [1][2]X2Q 
 (   83.92 ) Msg[138] Arrives in PEQ[3][6] -> [3][1] 
 (   83.92 ) Msg[138] Not Head Of Queue in PEQ[3][6] -> [3][1] 
 (   85.70 ) Msg[139] Arrives in PEQ[6][0] -> [3][4] 
 (   85.70 ) Msg[139] Not Head Of Queue in PEQ[6][0] -> [3][4] 
 (   90.90 ) Msg[140] Arrives in PEQ[2][1] -> [4][4] 
 (   90.90 ) Msg[140] Not Head Of Queue in PEQ[2][1] -> [4][4] 
 (   91.41 ) Msg[141] Arrives in PEQ[1][1] -> [1][2] 
 (   91.41 ) Msg[141] Not Head Of Queue in PEQ[1][1] -> [1][2] 
 (   94.10 ) Msg[119] Ends Trans PEQ[1][4] -> [3][1]X1Q
 (   95.15 ) Msg[142] Arrives in PEQ[5][2] -> [3][5] 
 (   95.15 ) Msg[142] Not Head Of Queue in PEQ[5][2] -> [3][5] 
 (   96.00 ) Msg[78] Ends Trans PEQ[5][7] -> [2][1]X2Q
 (   96.00 ) Start Transmit from  X2Q[6][7] -> [5][7]X2Q 
 (   96.00 ) Msg[1] Ends Trans X2Q[5][6] -> [5][2]Y2Q
 (   96.00 ) Msg[78] Decides in X2Q[5][7] -> [2][1]X2Q 
 (   96.00 ) Start Transmit from  X2Q[5][7] -> [4][7]X2Q 
 (   96.00 ) Msg[1] Decides in Y2Q[5][6] -> [5][2]Q 
 (   96.00 ) Msg[76] Ends Trans PEQ[5][3] -> [3][6]X2Q
 (   96.00 ) Msg[132] Decides in PEQ[6][3] -> [5][7]X2Q 
 (   96.00 ) Start Transmit from  PEQ[6][3] -> [5][3]X2Q 
 (   96.00 ) Msg[5] Ends Trans X2Q[4][3] -> [3][7]X2Q
 (   96.00 ) Start Transmit from  PEQ[5][3] -> [4][3]X2Q 
 (   96.00 ) Msg[76] Decides in X2Q[5][3] -> [3][6]Q 
 (   96.00 ) Msg[5] Decides in X2Q[4][3] -> [3][7]Q 
 (   96.00 ) Msg[22] Ends Trans X1Q[6][3] -> [6][6]Y1Q
 (   96.00 ) Start Transmit from  Y1Q[6][2] -> [6][3]Y1Q 
 (   96.00 ) Msg[6] Ends Trans Y1Q[6][4] -> [6][6]Y1Q
 (   96.00 ) Msg[22] Decides in Y1Q[6][3] -> [6][6]Y1Q 
 (   96.00 ) Start Transmit from  Y1Q[6][3] -> [6][4]Y1Q 
 (   96.00 ) Msg[6] Decides in Y1Q[6][4] -> [6][6]Y1Q 
 (   96.00 ) Start Transmit from  Y1Q[6][4] -> [6][5]Y1Q 
 (   96.00 ) Msg[75] Ends Trans PEQ[5][1] -> [1][6]X2Q
 (   96.00 ) Msg[7] Ends Trans X2Q[4][1] -> [4][2]X2Q
 (   96.00 ) Msg[75] Decides in X2Q[5][1] -> [1][6]X2Q 
 (   96.00 ) Start Transmit from  X2Q[5][1] -> [4][1]X2Q 
 (   96.00 ) Msg[7] Decides in X2Q[4][1] -> [4][2]Q 
 (   96.00 ) Msg[83] Ends Trans PEQ[5][0] -> [3][3]X2Q
 (   96.00 ) Msg[90] Decides in PEQ[6][0] -> [7][7]Q 
 (   96.00 ) Msg[8] Ends Trans X2Q[4][0] -> [4][2]X2Q
 (   96.00 ) Msg[83] Decides in X2Q[5][0] -> [3][3]X2Q 
 (   96.00 ) Start Transmit from  X2Q[5][0] -> [4][0]X2Q 
 (   96.00 ) Msg[8] Decides in X2Q[4][0] -> [4][2]Y1Q 
 (   96.00 ) Start Transmit from  X2Q[4][0] -> [4][1]Y1Q 
 (   96.00 ) Msg[69] Ends Trans PEQ[5][6] -> [1][4]X2Q
 (   96.00 ) Msg[74] Decides in PEQ[6][6] -> [2][5]X2Q 
 (   96.00 ) Start Transmit from  PEQ[6][6] -> [5][6]X2Q 
 (   96.00 ) Msg[120] Ends Trans PEQ[5][5] -> [1][3]X2Q
 (   96.00 ) Msg[124] Decides in PEQ[6][5] -> [2][3]X2Q 
 (   96.00 ) Start Transmit from  PEQ[6][5] -> [5][5]X2Q 
 (   96.00 ) Msg[65] Ends Trans PEQ[4][5] -> [1][5]X2Q
 (   96.00 ) Start Transmit from  X2Q[5][5] -> [4][5]X2Q 
 (   96.00 ) Msg[11] Ends Trans X2Q[4][4] -> [4][1]Y2Q
 (   96.00 ) Start Transmit from  X1Q[4][5] -> [4][4]Y2Q 
 (   96.00 ) Msg[65] Decides in X2Q[4][5] -> [1][5]Q 
 (   96.00 ) Msg[11] Decides in Y2Q[4][4] -> [4][1]Y2Q 
 (   96.00 ) Start Transmit from  Y2Q[4][4] -> [4][3]Y2Q 
 (   96.00 ) Msg[80] Ends Trans PEQ[5][4] -> [1][3]X2Q
 (   96.00 ) Msg[96] Decides in PEQ[6][4] -> [5][6]X2Q 
 (   96.00 ) Start Transmit from  PEQ[6][4] -> [5][4]X2Q 
 (   96.00 ) Msg[13] Ends Trans Y1Q[6][6] -> [6][6]Y1Q
 (   96.00 ) Msg[13] Decides in Y1Q[6][6] -> [6][6]PEQ 
 (   96.00 ) Start Transmit from  Y1Q[6][6] -> [6][6]PEQ 
 (   96.00 ) Msg[87] Ends Trans X2Q[5][2] -> [1][3]X2Q
 (   96.00 ) Msg[77] Ends Trans PEQ[4][2] -> [4][5]X2Q
 (   96.00 ) Start Transmit from  X2Q[5][2] -> [4][2]X2Q 
 (   96.00 ) Msg[117] Decides in PEQ[5][2] -> [1][1]Q 
 (   96.00 ) Msg[14] Ends Trans X2Q[3][2] -> [1][0]X2Q
 (   96.00 ) Msg[77] Decides in X2Q[4][2] -> [4][5]Q 
 (   96.00 ) Msg[14] Decides in X2Q[3][2] -> [1][0]X2Q 
 (   96.00 ) Start Transmit from  X2Q[3][2] -> [2][2]X2Q 
 (   96.00 ) Msg[2] Ends Trans X2Q[5][5] -> [5][3]Y2Q
 (   96.00 ) Start Transmit from  Y2Q[5][6] -> [5][5]Y2Q 
 (   96.00 ) Msg[69] Decides in X2Q[5][6] -> [1][4]X2Q 
 (   96.00 ) Start Transmit from  X2Q[5][6] -> [4][6]X2Q 
 (   96.00 ) Msg[2] Decides in Y2Q[5][5] -> [5][3]Y2Q 
 (   96.00 ) Start Transmit from  Y2Q[5][5] -> [5][4]Y2Q 
 (   96.00 ) Msg[9] Ends Trans Y2Q[6][4] -> [6][0]Y2Q
 (   96.00 ) Msg[19] Ends Trans Y2Q[6][4] -> [6][4]PEQ 
               Msg[19] Response Time : 96.00 cycles   Mean Response Time : 70.40 cycles
 (   96.00 ) Msg[9] Decides in Y2Q[6][4] -> [6][0]Y2Q 
 (   96.00 ) Start Transmit from  Y2Q[6][4] -> [6][3]Y2Q 
 (   96.00 ) Msg[4] Ends Trans X2Q[4][4] -> [4][6]X2Q
 (   96.00 ) Start Transmit from  PEQ[5][4] -> [4][4]X2Q 
 (   96.00 ) Msg[80] Decides in X2Q[5][4] -> [1][3]Q 
 (   96.00 ) Msg[12] Ends Trans X2Q[3][4] -> [1][6]X2Q
 (   96.00 ) Start Transmit from  PEQ[4][4] -> [3][4]X2Q 
 (   96.00 ) Msg[4] Decides in X2Q[4][4] -> [4][6]Y1Q 
 (   96.00 ) Start Transmit from  X2Q[4][4] -> [4][5]Y1Q 
 (   96.00 ) Msg[12] Decides in X2Q[3][4] -> [1][6]X2Q 
 (   96.00 ) Start Transmit from  X2Q[3][4] -> [2][4]X2Q 
 (   96.00 ) Msg[20] Ends Trans Y1Q[4][6] -> [4][6]Y1Q
 (   96.00 ) Msg[20] Decides in Y1Q[4][6] -> [4][6]PEQ 
 (   96.00 ) Start Transmit from  Y1Q[4][6] -> [4][6]PEQ 
 (   96.00 ) Msg[31] Ends Trans X1Q[6][1] -> [6][4]X1Q
 (   96.00 ) Msg[108] Decides in X1Q[5][1] -> [6][1]X1Q 
 (   96.00 ) Start Transmit from  X1Q[5][1] -> [6][1]X1Q 
 (   96.00 ) Msg[79] Ends Trans X1Q[6][2] -> [6][4]Y1Q
 (   96.00 ) Msg[31] Decides in X1Q[6][1] -> [6][4]Y1Q 
 (   96.00 ) Start Transmit from  X1Q[6][1] -> [6][2]Y1Q 
 (   96.00 ) Msg[17] Ends Trans X2Q[2][7] -> [1][1]X2Q
 (   96.00 ) Msg[25] Ends Trans X2Q[1][7] -> [1][4]X2Q
 (   96.00 ) Msg[17] Decides in X2Q[2][7] -> [1][1]X2Q 
 (   96.00 ) Start Transmit from  X2Q[2][7] -> [1][7]X2Q 
 (   96.00 ) Msg[25] Decides in X2Q[1][7] -> [1][4]Y2Q 
 (   96.00 ) Start Transmit from  X2Q[1][7] -> [1][6]Y2Q 
 (   96.00 ) Msg[97] Ends Trans PEQ[3][6] -> [1][0]X2Q
 (   96.00 ) Start Transmit from  X2Q[4][6] -> [3][6]X2Q 
 (   96.00 ) Msg[98] Ends Trans PEQ[3][5] -> [3][4]X2Q
 (   96.00 ) Start Transmit from  X2Q[4][5] -> [3][5]X2Q 
 (   96.00 ) Msg[70] Ends Trans X2Q[2][5] -> [2][3]X2Q
 (   96.00 ) Msg[98] Decides in X2Q[3][5] -> [3][4]Q 
 (   96.00 ) Msg[27] Ends Trans X2Q[1][5] -> [1][4]X2Q
 (   96.00 ) Msg[70] Decides in X2Q[2][5] -> [2][3]Q 
 (   96.00 ) Msg[27] Decides in X2Q[1][5] -> [1][4]Y2Q 
 (   96.00 ) Start Transmit from  X2Q[1][5] -> [1][4]Y2Q 
 (   96.00 ) Msg[85] Ends Trans PEQ[2][3] -> [2][7]X2Q
 (   96.00 ) Msg[131] Decides in PEQ[3][3] -> [1][5]X2Q 
 (   96.00 ) Start Transmit from  PEQ[3][3] -> [2][3]X2Q 
 (   96.00 ) Msg[21] Ends Trans X2Q[3][4] -> [3][4]Y1Q
 (   96.00 ) Msg[21] Decides in Y1Q[3][4] -> [3][4]PEQ 
 (   96.00 ) Start Transmit from  Y1Q[3][4] -> [3][4]PEQ 
 (   96.00 ) Msg[29] Ends Trans X2Q[2][2] -> [2][2]Y2Q
 (   96.00 ) Msg[85] Decides in X2Q[2][3] -> [2][7]Y1Q 
 (   96.00 ) Start Transmit from  X2Q[2][3] -> [2][4]Y1Q 
 (   96.00 ) Msg[29] Decides in Y2Q[2][2] -> [2][2]PEQ 
 (   96.00 ) Start Transmit from  Y2Q[2][2] -> [2][2]PEQ 
 (   96.00 ) Msg[72] Ends Trans X1Q[6][2] -> [7][2]X1Q
 (   96.00 ) Msg[72] Decides in X1Q[6][2] -> [7][2]X1Q 
 (   96.00 ) Start Transmit from  X1Q[6][2] -> [7][2]X1Q 
 (   96.00 ) Msg[30] Ends Trans Y1Q[5][4] -> [5][4]Y1Q
 (   96.00 ) Msg[30] Decides in Y1Q[5][4] -> [5][4]PEQ 
 (   96.00 ) Start Transmit from  Y1Q[5][4] -> [5][4]PEQ 
 (   96.00 ) Msg[32] Ends Trans X1Q[7][0] -> [7][0]X1Q
 (   96.00 ) Start Transmit from  PEQ[6][0] -> [7][0]X1Q 
 (   96.00 ) Msg[32] Decides in X1Q[7][0] -> [7][0]PEQ 
 (   96.00 ) Start Transmit from  X1Q[7][0] -> [7][0]PEQ 
 (   96.00 ) Msg[33] Ends Trans X1Q[6][7] -> [6][7]X1Q
 (   96.00 ) Msg[33] Decides in X1Q[6][7] -> [6][7]PEQ 
 (   96.00 ) Start Transmit from  X1Q[6][7] -> [6][7]PEQ 
 (   96.00 ) Msg[18] Ends Trans X2Q[2][6] -> [0][7]X2Q
 (   96.00 ) Msg[97] Decides in X2Q[3][6] -> [1][0]X2Q 
 (   96.00 ) Start Transmit from  X2Q[3][6] -> [2][6]X2Q 
 (   96.00 ) Msg[84] Ends Trans PEQ[4][6] -> [4][6]X1Q
 (   96.00 ) Start Transmit from  X1Q[3][6] -> [4][6]X1Q 
 (   96.00 ) Msg[113] Decides in PEQ[3][6] -> [1][1]Q 
 (   96.00 ) Msg[84] Decides in X1Q[4][6] -> [4][6]Q 
 (   96.00 ) Msg[67] Ends Trans Y2Q[3][4] -> [3][3]Y2Q
 (   96.00 ) Start Transmit from  X2Q[3][5] -> [3][4]Y2Q 
 (   96.00 ) Msg[67] Decides in Y2Q[3][4] -> [3][3]Y2Q 
 (   96.00 ) Start Transmit from  Y2Q[3][4] -> [3][3]Y2Q 
 (   96.00 ) Msg[34] Ends Trans X2Q[1][5] -> [1][5]Y2Q
 (   96.00 ) Msg[34] Decides in Y2Q[1][5] -> [1][5]PEQ 
 (   96.00 ) Start Transmit from  Y2Q[1][5] -> [1][5]PEQ 
 (   96.00 ) Msg[35] Ends Trans X1Q[6][5] -> [6][0]X1Q
 (   96.00 ) Msg[35] Decides in X1Q[6][5] -> [6][0]Y2Q 
 (   96.00 ) Start Transmit from  X1Q[6][5] -> [6][4]Y2Q 
 (   96.00 ) Msg[44] Ends Trans X1Q[4][4] -> [4][4]X1Q
 (   96.00 ) Msg[68] Ends Trans X1Q[5][4] -> [6][0]X1Q
 (   96.00 ) Msg[44] Decides in X1Q[4][4] -> [4][4]PEQ 
 (   96.00 ) Start Transmit from  X1Q[4][4] -> [4][4]PEQ 
 (   96.00 ) Msg[28] Ends Trans X2Q[1][4] -> [1][2]X2Q
 (   96.00 ) Msg[36] Ends Trans X2Q[1][3] -> [1][2]Y2Q
 (   96.00 ) Msg[28] Decides in X2Q[1][4] -> [1][2]Y2Q 
 (   96.00 ) Start Transmit from  X2Q[1][4] -> [1][3]Y2Q 
 (   96.00 ) Msg[36] Decides in Y2Q[1][3] -> [1][2]Y2Q 
 (   96.00 ) Start Transmit from  Y2Q[1][3] -> [1][2]Y2Q 
 (   96.00 ) Msg[94] Ends Trans PEQ[4][3] -> [4][6]Y1Q
 (   96.00 ) Start Transmit from  X2Q[4][2] -> [4][3]Y1Q 
 (   96.00 ) Msg[127] Decides in PEQ[4][2] -> [1][3]X2Q 
 (   96.00 ) Start Transmit from  PEQ[4][2] -> [3][2]X2Q 
 (   96.00 ) Msg[38] Ends Trans Y1Q[4][4] -> [4][6]Y1Q
 (   96.00 ) Msg[94] Decides in Y1Q[4][3] -> [4][6]Y1Q 
 (   96.00 ) Start Transmit from  Y1Q[4][3] -> [4][4]Y1Q 
 (   96.00 ) Msg[38] Decides in Y1Q[4][4] -> [4][6]Q 
 (   96.00 ) Msg[24] Ends Trans Y1Q[4][2] -> [4][5]Y1Q
 (   96.00 ) Start Transmit from  X2Q[4][1] -> [4][2]Y1Q 
 (   96.00 ) Msg[39] Ends Trans Y1Q[4][2] -> [4][2]PEQ 
               Msg[39] Response Time : 96.00 cycles   Mean Response Time : 74.67 cycles
 (   96.00 ) Msg[24] Decides in Y1Q[4][2] -> [4][5]Q 
 (   96.00 ) Msg[40] Ends Trans X1Q[6][0] -> [6][0]X1Q
 (   96.00 ) Msg[40] Decides in X1Q[6][0] -> [6][0]PEQ 
 (   96.00 ) Start Transmit from  X1Q[6][0] -> [6][0]PEQ 
 (   96.00 ) Msg[104] Ends Trans PEQ[2][6] -> [2][2]Y2Q
 (   96.00 ) Msg[104] Decides in Y2Q[2][6] -> [2][2]Q 
 (   96.00 ) Msg[88] Ends Trans X1Q[4][7] -> [6][5]X1Q
 (   96.00 ) Msg[41] Ends Trans X1Q[4][6] -> [4][2]Y2Q
 (   96.00 ) Msg[88] Decides in X1Q[4][7] -> [6][5]X1Q 
 (   96.00 ) Start Transmit from  X1Q[4][7] -> [5][7]X1Q 
 (   96.00 ) Msg[41] Decides in Y2Q[4][6] -> [4][2]Y2Q 
 (   96.00 ) Start Transmit from  Y2Q[4][6] -> [4][5]Y2Q 
 (   96.00 ) Msg[89] Ends Trans PEQ[3][6] -> [3][4]X1Q
 (   96.00 ) Start Transmit from  X1Q[2][6] -> [3][6]X1Q 
 (   96.00 ) Msg[53] Ends Trans X1Q[3][3] -> [6][3]X1Q
 (   96.00 ) Msg[61] Decides in X1Q[2][3] -> [5][1]X1Q 
 (   96.00 ) Start Transmit from  X1Q[2][3] -> [3][3]X1Q 
 (   96.00 ) Msg[92] Ends Trans X1Q[4][3] -> [6][5]X1Q
 (   96.00 ) Msg[53] Decides in X1Q[3][3] -> [6][3]X1Q 
 (   96.00 ) Start Transmit from  X1Q[3][3] -> [4][3]X1Q 
 (   96.00 ) Msg[45] Ends Trans X1Q[5][3] -> [5][7]X1Q
 (   96.00 ) Msg[92] Decides in X1Q[4][3] -> [6][5]X1Q 
 (   96.00 ) Start Transmit from  X1Q[4][3] -> [5][3]X1Q 
 (   96.00 ) Msg[45] Decides in X1Q[5][3] -> [5][7]Y1Q 
 (   96.00 ) Start Transmit from  X1Q[5][3] -> [5][4]Y1Q 
 (   96.00 ) Msg[46] Ends Trans Y1Q[2][5] -> [2][6]Y1Q
 (   96.00 ) Start Transmit from  X1Q[2][4] -> [2][5]Y1Q 
 (   96.00 ) Msg[46] Decides in Y1Q[2][5] -> [2][6]Y1Q 
 (   96.00 ) Start Transmit from  Y1Q[2][5] -> [2][6]Y1Q 
 (   96.00 ) Msg[48] Ends Trans X1Q[5][0] -> [7][2]X1Q
 (   96.00 ) Msg[48] Decides in X1Q[5][0] -> [7][2]X1Q 
 (   96.00 ) Start Transmit from  X1Q[5][0] -> [6][0]X1Q 
 (   96.00 ) Msg[49] Ends Trans Y2Q[0][5] -> [0][4]Y2Q
 (   96.00 ) Msg[49] Decides in Y2Q[0][5] -> [0][4]Y2Q 
 (   96.00 ) Start Transmit from  Y2Q[0][5] -> [0][4]Y2Q 
 (   96.00 ) Msg[26] Ends Trans X2Q[2][5] -> [2][0]Y2Q
 Y2Q[2][5] [ (Msg[50],TAr:0.00,Dest:[2][2])(Msg[26],TAr:0.00,Dest:[2][0]) ]
 (   96.00 ) Start Transmit from  Y2Q[2][6] -> [2][5]Y2Q 
 (   96.00 ) Msg[18] Decides in X2Q[2][6] -> [0][7]X2Q 
 (   96.00 ) Start Transmit from  X2Q[2][6] -> [1][6]X2Q 
 (   96.00 ) Msg[59] Ends Trans X1Q[2][5] -> [5][2]X1Q
 (   96.00 ) Start Transmit from  PEQ[1][5] -> [2][5]X1Q 
 (   96.00 ) Msg[71] Ends Trans X1Q[3][5] -> [4][6]X1Q
 (   96.00 ) Msg[59] Decides in X1Q[2][5] -> [5][2]X1Q 
 (   96.00 ) Start Transmit from  X1Q[2][5] -> [3][5]X1Q 
 (   96.00 ) Msg[51] Ends Trans X1Q[3][6] -> [3][6]Y1Q
 (   96.00 ) Start Transmit from  PEQ[3][5] -> [3][6]Y1Q 
 (   96.00 ) Msg[71] Decides in X1Q[3][5] -> [4][6]X1Q 
 (   96.00 ) Start Transmit from  X1Q[3][5] -> [4][5]X1Q 
 (   96.00 ) Msg[51] Decides in Y1Q[3][6] -> [3][6]PEQ 
 (   96.00 ) Start Transmit from  Y1Q[3][6] -> [3][6]PEQ 
 (   96.00 ) Msg[60] Ends Trans X1Q[2][4] -> [6][2]X1Q
 (   96.00 ) Start Transmit from  PEQ[1][4] -> [2][4]X1Q 
 (   96.00 ) Msg[119] Decides in X1Q[1][4] -> [3][1]Q 
 (   96.00 ) Msg[54] Ends Trans X1Q[4][2] -> [5][2]X1Q
 (   96.00 ) Msg[54] Decides in X1Q[4][2] -> [5][2]X1Q 
 (   96.00 ) Start Transmit from  X1Q[4][2] -> [5][2]X1Q 
 (   96.00 ) Msg[63] Ends Trans X1Q[2][1] -> [7][7]X1Q
 (   96.00 ) Start Transmit from  PEQ[1][1] -> [2][1]X1Q 
 (   96.00 ) Msg[81] Ends Trans X1Q[3][1] -> [7][6]X1Q
 (   96.00 ) Start Transmit from  PEQ[2][1] -> [3][1]X1Q 
 (   96.00 ) Msg[63] Decides in X1Q[2][1] -> [7][7]Q 
 (   96.00 ) Msg[55] Ends Trans X1Q[4][1] -> [6][5]X1Q
 (   96.00 ) Msg[81] Decides in X1Q[3][1] -> [7][6]X1Q 
 (   96.00 ) Start Transmit from  X1Q[3][1] -> [4][1]X1Q 
 (   96.00 ) Msg[56] Ends Trans X1Q[3][1] -> [3][3]Y1Q
 (   96.00 ) Msg[56] Decides in Y1Q[3][1] -> [3][3]Y1Q 
 (   96.00 ) Start Transmit from  Y1Q[3][1] -> [3][2]Y1Q 
 (   96.00 ) Msg[57] Ends Trans X1Q[3][7] -> [4][1]X1Q
 (   96.00 ) Msg[57] Decides in X1Q[3][7] -> [4][1]X1Q 
 (   96.00 ) Start Transmit from  X1Q[3][7] -> [4][7]X1Q 
 (   96.00 ) Msg[62] Ends Trans X1Q[3][2] -> [3][2]X1Q
 (   96.00 ) Msg[62] Decides in X1Q[3][2] -> [3][2]PEQ 
 (   96.00 ) Start Transmit from  X1Q[3][2] -> [3][2]PEQ 
 (   96.00 ) Msg[100] Ends Trans PEQ[2][0] -> [4][4]X1Q
 (   96.00 ) Msg[114] Decides in PEQ[1][0] -> [1][3]Y1Q 
 (   96.00 ) Start Transmit from  PEQ[1][0] -> [1][1]Y1Q 
 (   96.00 ) Msg[64] Ends Trans X1Q[3][0] -> [5][3]X1Q
 (   96.00 ) Msg[100] Decides in X1Q[2][0] -> [4][4]X1Q 
 (   96.00 ) Start Transmit from  X1Q[2][0] -> [3][0]X1Q 
 (   96.00 ) Msg[64] Decides in X1Q[3][0] -> [5][3]X1Q 
 (   96.00 ) Start Transmit from  X1Q[3][0] -> [4][0]X1Q 
 (   96.29 ) Msg[121] Ends Trans PEQ[2][3] -> [7][5]X1Q
 (   96.34 ) Msg[143] Arrives in PEQ[3][5] -> [6][3] 
 (   96.34 ) Msg[143] Not Head Of Queue in PEQ[3][5] -> [6][3] 
 (   96.41 ) Msg[144] Arrives in PEQ[1][2] -> [1][1] 
 (   96.41 ) Msg[144] Not Head Of Queue in PEQ[1][2] -> [1][1] 
 (   96.60 ) Msg[123] Ends Trans PEQ[2][2] -> [3][5]X1Q
 (   96.60 ) Msg[144] Decides in PEQ[1][2] -> [1][1]Y2Q 
 (   96.60 ) Start Transmit from  PEQ[1][2] -> [1][1]Y2Q 
 (   96.60 ) Msg[123] Decides in X1Q[2][2] -> [3][5]X1Q 
 (   96.60 ) Start Transmit from  X1Q[2][2] -> [3][2]X1Q 
 (   97.49 ) Msg[95] Ends Trans X1Q[6][2] -> [6][1]Y2Q
 (   97.49 ) Msg[95] Decides in Y2Q[6][2] -> [6][1]Y2Q 
 (   97.49 ) Start Transmit from  Y2Q[6][2] -> [6][1]Y2Q 
 (   99.42 ) Msg[145] Arrives in PEQ[3][5] -> [6][6] 
 (   99.42 ) Msg[145] Not Head Of Queue in PEQ[3][5] -> [6][6] 
 (  101.15 ) Msg[128] Ends Trans PEQ[6][1] -> [2][1]X2Q
 (  101.15 ) Msg[128] Decides in X2Q[6][1] -> [2][1]X2Q 
 (  101.15 ) Start Transmit from  X2Q[6][1] -> [5][1]X2Q 
 (  102.26 ) Msg[129] Ends Trans PEQ[3][3] -> [3][1]X2Q
 (  102.26 ) Start Transmit from  X2Q[4][3] -> [3][3]X2Q 
 (  102.26 ) Msg[129] Decides in X2Q[3][3] -> [3][1]Y2Q 
 (  102.26 ) Start Transmit from  X2Q[3][3] -> [3][2]Y2Q 
 (  102.50 ) Msg[99] Ends Trans Y2Q[3][5] -> [3][5]Y2Q
 (  102.50 ) Msg[99] Decides in Y2Q[3][5] -> [3][5]PEQ 
 (  102.50 ) Start Transmit from  Y2Q[3][5] -> [3][5]PEQ 
 (  102.77 ) Msg[146] Arrives in PEQ[1][3] -> [6][1] 
 (  102.77 ) Msg[146] Decides in PEQ[1][3] -> [6][1]X1Q 
 (  102.77 ) Start Transmit from  PEQ[1][3] -> [2][3]X1Q 
 (  103.97 ) Msg[147] Arrives in PEQ[2][4] -> [4][0] 
 (  103.97 ) Msg[147] Decides in PEQ[2][4] -> [4][0]X1Q 
 (  103.97 ) Start Transmit from  PEQ[2][4] -> [3][4]X1Q 
 (  104.24 ) Msg[148] Arrives in PEQ[2][2] -> [1][2] 
 (  104.24 ) Msg[148] Not Head Of Queue in PEQ[2][2] -> [1][2] 
 (  105.50 ) Msg[149] Arrives in PEQ[6][6] -> [7][4] 
 (  105.50 ) Msg[149] Not Head Of Queue in PEQ[6][6] -> [7][4] 
 (  106.94 ) Msg[150] Arrives in PEQ[5][1] -> [2][7] 
 (  106.94 ) Msg[150] Decides in PEQ[5][1] -> [2][7]Q 
 (  109.57 ) Msg[106] Ends Trans X2Q[1][2] -> [1][3]Y1Q
 (  109.57 ) Msg[106] Decides in Y1Q[1][2] -> [1][3]Y1Q 
 (  109.57 ) Start Transmit from  Y1Q[1][2] -> [1][3]Y1Q 
 (  109.86 ) Msg[91] Ends Trans X1Q[6][4] -> [7][1]X1Q
 (  109.86 ) Msg[68] Decides in X1Q[5][4] -> [6][0]X1Q 
 (  109.86 ) Start Transmit from  X1Q[5][4] -> [6][4]X1Q 
 (  109.86 ) Msg[107] Ends Trans X1Q[7][4] -> [7][6]X1Q
 (  109.86 ) Msg[91] Decides in X1Q[6][4] -> [7][1]X1Q 
 (  109.86 ) Start Transmit from  X1Q[6][4] -> [7][4]X1Q 
 (  109.86 ) Msg[107] Decides in X1Q[7][4] -> [7][6]Y1Q 
 (  109.86 ) Start Transmit from  X1Q[7][4] -> [7][5]Y1Q 
 (  110.33 ) Msg[151] Arrives in PEQ[1][5] -> [6][7] 
 (  110.33 ) Msg[151] Not Head Of Queue in PEQ[1][5] -> [6][7] 
 (  112.39 ) Msg[152] Arrives in PEQ[2][7] -> [4][5] 
 (  112.39 ) Msg[152] Decides in PEQ[2][7] -> [4][5]X1Q 
 (  112.39 ) Start Transmit from  PEQ[2][7] -> [3][7]X1Q 
 (  113.23 ) Msg[47] Ends Trans X1Q[5][1] -> [5][5]X1Q
 (  113.23 ) Start Transmit from  PEQ[4][1] -> [5][1]X1Q 
 (  113.23 ) Msg[55] Decides in X1Q[4][1] -> [6][5]Q 
 (  113.54 ) Msg[109] Ends Trans X1Q[7][6] -> [7][4]X1Q
 (  113.54 ) Msg[109] Decides in X1Q[7][6] -> [7][4]Y2Q 
 (  113.54 ) Start Transmit from  X1Q[7][6] -> [7][5]Y2Q 
 (  114.00 ) Msg[153] Arrives in PEQ[7][6] -> [3][3] 
 (  114.00 ) Msg[153] Decides in PEQ[7][6] -> [3][3]X2Q 
 (  114.00 ) Start Transmit from  PEQ[7][6] -> [6][6]X2Q 
 (  114.22 ) Msg[154] Arrives in PEQ[1][7] -> [1][3] 
 (  114.22 ) Msg[154] Decides in PEQ[1][7] -> [1][3]Q 
 (  114.26 ) Msg[155] Arrives in PEQ[7][1] -> [6][6] 
 (  114.26 ) Msg[155] Decides in PEQ[7][1] -> [6][6]X2Q 
 (  114.26 ) Start Transmit from  PEQ[7][1] -> [6][1]X2Q 
 (  114.29 ) Msg[50] Ends Trans Y2Q[2][4] -> [2][2]Y2Q
 (  114.29 ) Start Transmit from  X2Q[2][5] -> [2][4]Y2Q 
 (  114.29 ) Msg[26] Decides in Y2Q[2][5] -> [2][0]Q 
 (  114.29 ) Msg[111] Ends Trans Y2Q[2][3] -> [2][1]Y2Q
 (  114.29 ) Msg[50] Decides in Y2Q[2][4] -> [2][2]Y2Q 
 (  114.29 ) Start Transmit from  Y2Q[2][4] -> [2][3]Y2Q 
 (  114.29 ) Msg[111] Decides in Y2Q[2][3] -> [2][1]Y2Q 
 (  114.29 ) Start Transmit from  Y2Q[2][3] -> [2][2]Y2Q 
 (  114.31 ) Msg[137] Ends Trans PEQ[1][2] -> [1][2]X2Q
 (  114.31 ) Msg[148] Decides in PEQ[2][2] -> [1][2]X2Q 
 (  114.31 ) Start Transmit from  PEQ[2][2] -> [1][2]X2Q 
 (  114.31 ) Msg[137] Decides in X2Q[1][2] -> [1][2]PEQ 
 (  114.31 ) Start Transmit from  X2Q[1][2] -> [1][2]PEQ 
 (  117.25 ) Msg[156] Arrives in PEQ[5][7] -> [6][6] 
 (  117.25 ) Msg[156] Decides in PEQ[5][7] -> [6][6]X1Q 
 (  117.25 ) Start Transmit from  PEQ[5][7] -> [6][7]X1Q 
 (  120.61 ) Msg[157] Arrives in PEQ[6][7] -> [5][5] 
 (  120.61 ) Msg[157] Decides in PEQ[6][7] -> [5][5]Q 
 (  121.72 ) Msg[158] Arrives in PEQ[1][2] -> [2][7] 
 (  121.72 ) Msg[158] Not Head Of Queue in PEQ[1][2] -> [2][7] 
 (  122.65 ) Msg[159] Arrives in PEQ[3][1] -> [6][3] 
 (  122.65 ) Msg[159] Decides in PEQ[3][1] -> [6][3]Q 
 (  125.00 ) Msg[160] Arrives in PEQ[2][1] -> [6][3] 
 (  125.00 ) Msg[160] Not Head Of Queue in PEQ[2][1] -> [6][3] 
 (  125.68 ) Msg[161] Arrives in PEQ[6][3] -> [2][2] 
 (  125.68 ) Msg[161] Not Head Of Queue in PEQ[6][3] -> [2][2] 
 (  125.78 ) Msg[162] Arrives in PEQ[4][6] -> [7][5] 
 (  125.78 ) Msg[162] Decides in PEQ[4][6] -> [7][5]X1Q 
 (  125.78 ) Start Transmit from  PEQ[4][6] -> [5][6]X1Q 
 (  127.77 ) Msg[163] Arrives in PEQ[7][4] -> [5][5] 
 (  127.77 ) Msg[163] Decides in PEQ[7][4] -> [5][5]X2Q 
 (  127.77 ) Start Transmit from  PEQ[7][4] -> [6][4]X2Q 
 (  128.00 ) Msg[103] Ends Trans X2Q[5][7] -> [1][6]X2Q
 (  128.00 ) Start Transmit from  PEQ[6][7] -> [5][7]X2Q 
 (  128.00 ) Msg[78] Ends Trans X2Q[4][7] -> [2][1]X2Q
 (  128.00 ) Msg[103] Decides in X2Q[5][7] -> [1][6]X2Q 
 (  128.00 ) Start Transmit from  X2Q[5][7] -> [4][7]X2Q 
 (  128.00 ) Msg[78] Decides in X2Q[4][7] -> [2][1]X2Q 
 (  128.00 ) Start Transmit from  X2Q[4][7] -> [3][7]X2Q 
 (  128.00 ) Msg[132] Ends Trans PEQ[5][3] -> [5][7]X2Q
 (  128.00 ) Msg[161] Decides in PEQ[6][3] -> [2][2]X2Q 
 (  128.00 ) Start Transmit from  PEQ[6][3] -> [5][3]X2Q 
 (  128.00 ) Msg[110] Ends Trans PEQ[4][3] -> [3][6]X2Q
 (  128.00 ) Start Transmit from  X2Q[5][3] -> [4][3]X2Q 
 (  128.00 ) Msg[15] Ends Trans Y1Q[6][3] -> [6][4]Y1Q
 (  128.00 ) Msg[23] Decides in Y1Q[6][2] -> [6][3]Y1Q 
 (  128.00 ) Start Transmit from  Y1Q[6][2] -> [6][3]Y1Q 
 (  128.00 ) Msg[22] Ends Trans Y1Q[6][4] -> [6][6]Y1Q
 (  128.00 ) Msg[15] Decides in Y1Q[6][3] -> [6][4]Y1Q 
 (  128.00 ) Start Transmit from  Y1Q[6][3] -> [6][4]Y1Q 
 (  128.00 ) Msg[6] Ends Trans Y1Q[6][5] -> [6][6]Y1Q
 (  128.00 ) Msg[22] Decides in Y1Q[6][4] -> [6][6]Y1Q 
 (  128.00 ) Start Transmit from  Y1Q[6][4] -> [6][5]Y1Q 
 (  128.00 ) Msg[6] Decides in Y1Q[6][5] -> [6][6]Y1Q 
 (  128.00 ) Start Transmit from  Y1Q[6][5] -> [6][6]Y1Q 
 (  128.00 ) Msg[75] Ends Trans X2Q[4][1] -> [1][6]X2Q
 (  128.00 ) Start Transmit from  PEQ[5][1] -> [4][1]X2Q 
 (  128.00 ) Msg[83] Ends Trans X2Q[4][0] -> [3][3]X2Q
 (  128.00 ) Msg[8] Ends Trans X2Q[4][1] -> [4][2]Y1Q
 (  128.00 ) Msg[83] Decides in X2Q[4][0] -> [3][3]X2Q 
 (  128.00 ) Start Transmit from  X2Q[4][0] -> [3][0]X2Q 
 (  128.00 ) Msg[8] Decides in Y1Q[4][1] -> [4][2]Q 
 (  128.00 ) Msg[74] Ends Trans PEQ[5][6] -> [2][5]X2Q
 (  128.00 ) Msg[86] Decides in PEQ[6][6] -> [2][4]X2Q 
 (  128.00 ) Start Transmit from  PEQ[6][6] -> [5][6]X2Q 
 (  128.00 ) Msg[124] Ends Trans PEQ[5][5] -> [2][3]X2Q
 (  128.00 ) Msg[136] Decides in PEQ[6][5] -> [5][4]X2Q 
 (  128.00 ) Start Transmit from  PEQ[6][5] -> [5][5]X2Q 
 (  128.00 ) Msg[3] Ends Trans X2Q[4][5] -> [1][0]X2Q
 (  128.00 ) Msg[120] Decides in X2Q[5][5] -> [1][3]X2Q 
 (  128.00 ) Start Transmit from  X2Q[5][5] -> [4][5]X2Q 
 (  128.00 ) Msg[43] Ends Trans X1Q[4][4] -> [4][4]Y2Q
 (  128.00 ) Msg[11] Ends Trans Y2Q[4][3] -> [4][1]Y2Q
 (  128.00 ) Msg[43] Decides in Y2Q[4][4] -> [4][4]Q 
 (  128.00 ) Msg[11] Decides in Y2Q[4][3] -> [4][1]Y2Q 
 (  128.00 ) Start Transmit from  Y2Q[4][3] -> [4][2]Y2Q 
 (  128.00 ) Msg[96] Ends Trans PEQ[5][4] -> [5][6]X2Q
 (  128.00 ) Msg[102] Decides in PEQ[6][4] -> [5][3]X2Q 
 (  128.00 ) Start Transmit from  PEQ[6][4] -> [5][4]X2Q 
 (  128.00 ) Msg[13] Ends Trans Y1Q[6][6] -> [6][6]PEQ 
               Msg[13] Response Time : 128.00 cycles   Mean Response Time : 82.29 cycles
 (  128.00 ) Msg[73] Ends Trans X2Q[4][2] -> [4][1]X2Q
 (  128.00 ) Start Transmit from  PEQ[5][2] -> [4][2]X2Q 
 (  128.00 ) Msg[87] Decides in X2Q[5][2] -> [1][3]Q 
 (  128.00 ) Msg[14] Ends Trans X2Q[2][2] -> [1][0]X2Q
 (  128.00 ) Msg[14] Decides in X2Q[2][2] -> [1][0]Q 
 (  128.00 ) Msg[1] Ends Trans Y2Q[5][5] -> [5][2]Y2Q
 (  128.00 ) Msg[69] Ends Trans X2Q[4][6] -> [1][4]X2Q
 (  128.00 ) Msg[74] Decides in X2Q[5][6] -> [2][5]X2Q 
 (  128.00 ) Start Transmit from  X2Q[5][6] -> [4][6]X2Q 
 (  128.00 ) Msg[2] Ends Trans Y2Q[5][4] -> [5][3]Y2Q
 (  128.00 ) Msg[1] Decides in Y2Q[5][5] -> [5][2]Y2Q 
 (  128.00 ) Start Transmit from  Y2Q[5][5] -> [5][4]Y2Q 
 (  128.00 ) Msg[2] Decides in Y2Q[5][4] -> [5][3]Y2Q 
 (  128.00 ) Start Transmit from  Y2Q[5][4] -> [5][3]Y2Q 
 (  128.00 ) Msg[9] Ends Trans Y2Q[6][3] -> [6][0]Y2Q
 (  128.00 ) Msg[9] Decides in Y2Q[6][3] -> [6][0]Y2Q 
 (  128.00 ) Start Transmit from  Y2Q[6][3] -> [6][2]Y2Q 
 (  128.00 ) Msg[130] Ends Trans PEQ[4][4] -> [3][6]X2Q
 (  128.00 ) Start Transmit from  X2Q[5][4] -> [4][4]X2Q 
 (  128.00 ) Msg[101] Ends Trans PEQ[3][4] -> [2][1]X2Q
 (  128.00 ) Msg[105] Decides in PEQ[4][4] -> [1][7]X2Q 
 (  128.00 ) Start Transmit from  PEQ[4][4] -> [3][4]X2Q 
 (  128.00 ) Msg[4] Ends Trans X2Q[4][5] -> [4][6]Y1Q
 (  128.00 ) Start Transmit from  Y1Q[4][4] -> [4][5]Y1Q 
 (  128.00 ) Msg[130] Decides in X2Q[4][4] -> [3][6]Q 
 (  128.00 ) Msg[4] Decides in Y1Q[4][5] -> [4][6]Y1Q 
 (  128.00 ) Start Transmit from  Y1Q[4][5] -> [4][6]Y1Q 
 (  128.00 ) Msg[12] Ends Trans X2Q[2][4] -> [1][6]X2Q
 (  128.00 ) Msg[101] Decides in X2Q[3][4] -> [2][1]X2Q 
 (  128.00 ) Start Transmit from  X2Q[3][4] -> [2][4]X2Q 
 (  128.00 ) Msg[12] Decides in X2Q[2][4] -> [1][6]X2Q 
 (  128.00 ) Start Transmit from  X2Q[2][4] -> [1][4]X2Q 
 (  128.00 ) Msg[20] Ends Trans Y1Q[4][6] -> [4][6]PEQ 
               Msg[20] Response Time : 128.00 cycles   Mean Response Time : 88.00 cycles
 (  128.00 ) Start Transmit from  X1Q[4][6] -> [4][6]PEQ 
 (  128.00 ) Msg[108] Ends Trans X1Q[6][1] -> [6][1]X1Q
 (  128.00 ) Msg[47] Decides in X1Q[5][1] -> [5][5]Y1Q 
 (  128.00 ) Start Transmit from  X1Q[5][1] -> [5][2]Y1Q 
 (  128.00 ) Msg[31] Ends Trans X1Q[6][2] -> [6][4]Y1Q
 (  128.00 ) Msg[108] Decides in X1Q[6][1] -> [6][1]PEQ 
 (  128.00 ) Start Transmit from  X1Q[6][1] -> [6][1]PEQ 
 (  128.00 ) Msg[17] Ends Trans X2Q[1][7] -> [1][1]X2Q
 (  128.00 ) Msg[25] Ends Trans X2Q[1][6] -> [1][4]Y2Q
 (  128.00 ) Start Transmit from  PEQ[1][7] -> [1][6]Y2Q 
 (  128.00 ) Msg[17] Decides in X2Q[1][7] -> [1][1]Q 
 (  128.00 ) Msg[25] Decides in Y2Q[1][6] -> [1][4]Y2Q 
 (  128.00 ) Start Transmit from  Y2Q[1][6] -> [1][5]Y2Q 
 (  128.00 ) Msg[10] Ends Trans X2Q[3][6] -> [2][6]X2Q
 (  128.00 ) Msg[69] Decides in X2Q[4][6] -> [1][4]X2Q 
 (  128.00 ) Start Transmit from  X2Q[4][6] -> [3][6]X2Q 
 (  128.00 ) Msg[65] Ends Trans X2Q[3][5] -> [1][5]X2Q
 (  128.00 ) Msg[3] Decides in X2Q[4][5] -> [1][0]X2Q 
 (  128.00 ) Start Transmit from  X2Q[4][5] -> [3][5]X2Q 
 (  128.00 ) Msg[27] Ends Trans X2Q[1][4] -> [1][4]Y2Q
 (  128.00 ) Msg[27] Decides in Y2Q[1][4] -> [1][4]PEQ 
 (  128.00 ) Start Transmit from  Y2Q[1][4] -> [1][4]PEQ 
 (  128.00 ) Msg[131] Ends Trans PEQ[2][3] -> [1][5]X2Q
 (  128.00 ) Msg[21] Ends Trans Y1Q[3][4] -> [3][4]PEQ 
               Msg[21] Response Time : 128.00 cycles   Mean Response Time : 92.44 cycles
 (  128.00 ) Msg[85] Ends Trans X2Q[2][4] -> [2][7]Y1Q
 (  128.00 ) Msg[131] Decides in X2Q[2][3] -> [1][5]X2Q 
 (  128.00 ) Start Transmit from  X2Q[2][3] -> [1][3]X2Q 
 (  128.00 ) Msg[85] Decides in Y1Q[2][4] -> [2][7]Q 
 (  128.00 ) Msg[29] Ends Trans Y2Q[2][2] -> [2][2]PEQ 
               Msg[29] Response Time : 128.00 cycles   Mean Response Time : 96.00 cycles

End Of The Simulation at T= 128.00 cycles
Injection Rate : 80
Number of Clients Served : 10
The Mean Response Time : 96.00 cycles
Throughput : 0.078 