Simulation Starting Time 2021-08-31 05:55:23
Welcome to Network-On-Chip 2D Mesh Simulator 
This simulator was designed based on The Discrete Event Simulation.
It's a final year project to obtain the Master Degree
Student developer : Ziraoui Zakaria 
Supervisor: Prof. Mohamed Ould-Khaoua

Network Simulation Parameters :

Topology : 16 x 16 Mesh 
Number of Nodes  : 256 
Routing : Dimension-ordered (DOR)
Traffic : Uniform Random
Message length : 32 phits
Injection Rate : 32000
Transmission Time : 32 Cycles
Batch Means Method : Yes

Please wait, Simulation has been started...

Batch N° 1 : Mean Response Time : 316.18 cycles	Mean Waiting Time : 0.61 cycles	Throughput : 0.009
Batch N° 2 : Mean Response Time : 317.91 cycles	Mean Waiting Time : 0.01 cycles	Throughput : 0.008
Batch N° 3 : Mean Response Time : 320.76 cycles	Mean Waiting Time : 0.02 cycles	Throughput : 0.008
Batch N° 4 : Mean Response Time : 325.99 cycles	Mean Waiting Time : 0.00 cycles	Throughput : 0.008
Batch N° 5 : Mean Response Time : 319.10 cycles	Mean Waiting Time : 0.02 cycles	Throughput : 0.008
Batch N° 6 : Mean Response Time : 316.30 cycles	Mean Waiting Time : 0.00 cycles	Throughput : 0.008
Batch N° 7 : Mean Response Time : 322.89 cycles	Mean Waiting Time : 0.02 cycles	Throughput : 0.008
Batch N° 8 : Mean Response Time : 324.27 cycles	Mean Waiting Time : 0.04 cycles	Throughput : 0.008
Batch N° 9 : Mean Response Time : 322.38 cycles	Mean Waiting Time : 0.02 cycles	Throughput : 0.008
Batch N°10 : Mean Response Time : 323.38 cycles	Mean Waiting Time : 0.02 cycles	Throughput : 0.008

End Of The Simulation at T= 2455039.75 cycles
Injection Rate : 32000
Batch Size : 2000
Number of Batches : 10
Number of Clients Served : 20000
Overall Response Time : 320.92 cycles
Overall Waiting  Time : 0.08 cycles
Overall Throughput : 0.008 
Standard Deviation Response Time : 3.41924 cycles
Standard Deviation Waiting  Time : 0.18745 cycles
Standard Deviation Throughput : 0.000330 