Simulation Starting Time 2021-09-02 06:15:59
Welcome to Network-On-Chip ExpressCube Simulator 
This simulator was designed based on The Discrete Event Simulation.
It's a final year project to obtain the Master Degree
Student developer : Ziraoui Zakaria 
Supervisor: Prof. Mohamed Ould-Khaoua

Network Simulation Parameters :

Topology : 16 x 16 Express Cube with 2 Hops
Number of Nodes  : 256 
Routing : Dimension-ordered (DOR)
Traffic : Uniform Random
Message length : 32 phits
Injection Rate : 350
Transmission Time Normal  Links : 64 Cycles
Transmission Time Express Links : 64 Cycles
Batch Means Method : Yes

Please wait, Simulation has been started...

Batch N° 1 : Mean Response Time : 523.38 cycles	Mean Waiting Time : 83.47 cycles	Throughput : 0.665
Batch N° 2 : Mean Response Time : 582.30 cycles	Mean Waiting Time : 107.38 cycles	Throughput : 0.743
Batch N° 3 : Mean Response Time : 569.95 cycles	Mean Waiting Time : 99.28 cycles	Throughput : 0.705
Batch N° 4 : Mean Response Time : 555.10 cycles	Mean Waiting Time : 87.93 cycles	Throughput : 0.722
Batch N° 5 : Mean Response Time : 564.50 cycles	Mean Waiting Time : 94.16 cycles	Throughput : 0.732
Batch N° 6 : Mean Response Time : 548.20 cycles	Mean Waiting Time : 85.44 cycles	Throughput : 0.716
Batch N° 7 : Mean Response Time : 580.98 cycles	Mean Waiting Time : 98.73 cycles	Throughput : 0.725
Batch N° 8 : Mean Response Time : 595.60 cycles	Mean Waiting Time : 118.55 cycles	Throughput : 0.735
Batch N° 9 : Mean Response Time : 572.45 cycles	Mean Waiting Time : 103.79 cycles	Throughput : 0.737
Batch N°10 : Mean Response Time : 588.72 cycles	Mean Waiting Time : 115.48 cycles	Throughput : 0.717

End Of The Simulation at T= 27817.73 cycles
Injection Rate : 350
Batch Size : 2000
Number of Batches : 10
Number of Clients Served : 20000
Overall Response Time : 568.12 cycles
Overall Waiting  Time : 99.42 cycles
Overall Throughput : 0.720 
Standard Deviation Response Time : 21.47115 cycles
Standard Deviation Waiting  Time : 12.09349 cycles
Standard Deviation Throughput : 0.022224 