Simulation Starting Time 2021-09-01 06:07:39
Welcome to Network-On-Chip ExpressCube Simulator 
This simulator was designed based on The Discrete Event Simulation.
It's a final year project to obtain the Master Degree
Student developer : Ziraoui Zakaria 
Supervisor: Prof. Mohamed Ould-Khaoua

Network Simulation Parameters :

Topology : 16 x 16 Express Cube with 4 Hops
Number of Nodes  : 256 
Routing : Dimension-ordered (DOR)
Traffic : Hotspot [8][8]
Message length : 32 phits
Injection Rate : 300
Transmission Time Normal  Links : 32 Cycles
Transmission Time Express Links : 32 Cycles
Batch Means Method : Yes

Please wait, Simulation has been started...

Batch N° 1 : Mean Response Time : 261.12 cycles	Mean Waiting Time : 54.36 cycles	Throughput : 0.798
Batch N° 2 : Mean Response Time : 375.31 cycles	Mean Waiting Time : 162.19 cycles	Throughput : 0.802
Batch N° 3 : Mean Response Time : 471.75 cycles	Mean Waiting Time : 262.03 cycles	Throughput : 0.801
Batch N° 4 : Mean Response Time : 543.45 cycles	Mean Waiting Time : 329.36 cycles	Throughput : 0.771
Batch N° 5 : Mean Response Time : 626.14 cycles	Mean Waiting Time : 417.58 cycles	Throughput : 0.795
Batch N° 6 : Mean Response Time : 685.04 cycles	Mean Waiting Time : 473.79 cycles	Throughput : 0.798
Batch N° 7 : Mean Response Time : 839.76 cycles	Mean Waiting Time : 630.20 cycles	Throughput : 0.777
Batch N° 8 : Mean Response Time : 879.66 cycles	Mean Waiting Time : 667.55 cycles	Throughput : 0.789
Batch N° 9 : Mean Response Time : 1102.45 cycles	Mean Waiting Time : 890.62 cycles	Throughput : 0.767
Batch N°10 : Mean Response Time : 1022.39 cycles	Mean Waiting Time : 809.13 cycles	Throughput : 0.817

End Of The Simulation at T= 25280.73 cycles
Injection Rate : 300
Batch Size : 2000
Number of Batches : 10
Number of Clients Served : 20000
Overall Response Time : 680.71 cycles
Overall Waiting  Time : 469.68 cycles
Overall Throughput : 0.791 
Standard Deviation Response Time : 277.75061 cycles
Standard Deviation Waiting  Time : 276.87109 cycles
Standard Deviation Throughput : 0.015568 