Simulation Starting Time 2021-08-31 05:59:20
Welcome to Network-On-Chip ExpressCube Simulator 
This simulator was designed based on The Discrete Event Simulation.
It's a final year project to obtain the Master Degree
Student developer : Ziraoui Zakaria 
Supervisor: Prof. Mohamed Ould-Khaoua

Network Simulation Parameters :

Topology : 16 x 16 Express Cube with 4 Hops
Number of Nodes  : 256 
Routing : Dimension-ordered (DOR)
Traffic : Uniform Random
Message length : 32 phits
Injection Rate : 100
Transmission Time Normal  Links : 32 Cycles
Transmission Time Express Links : 32 Cycles
Batch Means Method : Yes

Please wait, Simulation has been started...

Batch N° 1 : Mean Response Time : 262.79 cycles	Mean Waiting Time : 55.25 cycles	Throughput : 1.950
Batch N° 2 : Mean Response Time : 341.85 cycles	Mean Waiting Time : 118.51 cycles	Throughput : 2.376
Batch N° 3 : Mean Response Time : 394.11 cycles	Mean Waiting Time : 171.04 cycles	Throughput : 2.301
Batch N° 4 : Mean Response Time : 464.60 cycles	Mean Waiting Time : 236.45 cycles	Throughput : 2.311
Batch N° 5 : Mean Response Time : 509.61 cycles	Mean Waiting Time : 284.01 cycles	Throughput : 2.265
Batch N° 6 : Mean Response Time : 555.52 cycles	Mean Waiting Time : 328.92 cycles	Throughput : 2.288
Batch N° 7 : Mean Response Time : 634.26 cycles	Mean Waiting Time : 406.34 cycles	Throughput : 2.354
Batch N° 8 : Mean Response Time : 693.36 cycles	Mean Waiting Time : 466.09 cycles	Throughput : 2.284
Batch N° 9 : Mean Response Time : 746.29 cycles	Mean Waiting Time : 517.17 cycles	Throughput : 2.237
Batch N°10 : Mean Response Time : 824.78 cycles	Mean Waiting Time : 597.09 cycles	Throughput : 2.331

End Of The Simulation at T= 8835.73 cycles
Injection Rate : 100
Batch Size : 2000
Number of Batches : 10
Number of Clients Served : 20000
Overall Response Time : 542.72 cycles
Overall Waiting  Time : 318.09 cycles
Overall Throughput : 2.270 
Standard Deviation Response Time : 182.64297 cycles
Standard Deviation Waiting  Time : 178.15236 cycles
Standard Deviation Throughput : 0.119478 