Simulation Starting Time 2021-08-31 06:48:14
Welcome to Network-On-Chip ExpressCube Simulator 
This simulator was designed based on The Discrete Event Simulation.
It's a final year project to obtain the Master Degree
Student developer : Ziraoui Zakaria 
Supervisor: Prof. Mohamed Ould-Khaoua

Network Simulation Parameters :

Topology : 32 x 32 Express Cube with 2 Hops
Number of Nodes  : 1024 
Routing : Dimension-ordered (DOR)
Traffic : Uniform Random
Message length : 32 phits
Injection Rate : 9200
Transmission Time Normal  Links : 32 Cycles
Transmission Time Express Links : 32 Cycles
Batch Means Method : Yes

Please wait, Simulation has been started...

Batch N° 1 : Mean Response Time : 399.85 cycles	Mean Waiting Time : 13.30 cycles	Throughput : 0.220
Batch N° 2 : Mean Response Time : 381.33 cycles	Mean Waiting Time : 0.06 cycles	Throughput : 0.112
Batch N° 3 : Mean Response Time : 384.18 cycles	Mean Waiting Time : 0.12 cycles	Throughput : 0.107
Batch N° 4 : Mean Response Time : 379.97 cycles	Mean Waiting Time : 0.08 cycles	Throughput : 0.114
Batch N° 5 : Mean Response Time : 378.47 cycles	Mean Waiting Time : 0.06 cycles	Throughput : 0.111
Batch N° 6 : Mean Response Time : 372.98 cycles	Mean Waiting Time : 0.04 cycles	Throughput : 0.111
Batch N° 7 : Mean Response Time : 377.21 cycles	Mean Waiting Time : 0.05 cycles	Throughput : 0.114
Batch N° 8 : Mean Response Time : 378.44 cycles	Mean Waiting Time : 0.06 cycles	Throughput : 0.110
Batch N° 9 : Mean Response Time : 383.10 cycles	Mean Waiting Time : 0.08 cycles	Throughput : 0.112
Batch N°10 : Mean Response Time : 386.91 cycles	Mean Waiting Time : 0.10 cycles	Throughput : 0.112

End Of The Simulation at T= 170451.53 cycles
Injection Rate : 9200
Batch Size : 2000
Number of Batches : 10
Number of Clients Served : 20000
Overall Response Time : 382.24 cycles
Overall Waiting  Time : 1.40 cycles
Overall Throughput : 0.122 
Standard Deviation Response Time : 7.31740 cycles
Standard Deviation Waiting  Time : 4.18472 cycles
Standard Deviation Throughput : 0.034444 