Simulation Starting Time 2021-09-04 04:41:25
Welcome to Network-On-Chip ExpressCube Simulator 
This simulator was designed based on The Discrete Event Simulation.
It's a final year project to obtain the Master Degree
Student developer : Ziraoui Zakaria 
Supervisor: Prof. Mohamed Ould-Khaoua

Network Simulation Parameters :

Topology : 32 x 32 Express Cube with 2 Hops
Number of Nodes  : 1024 
Routing : Dimension-ordered (DOR)
Traffic : Hotspot [16][16]
Message length : 32 phits
Injection Rate : 9200
Transmission Time Normal  Links : 64 Cycles
Transmission Time Express Links : 64 Cycles
Batch Means Method : Yes

Please wait, Simulation has been started...

Batch N° 1 : Mean Response Time : 898.38 cycles	Mean Waiting Time : 133.29 cycles	Throughput : 0.212
Batch N° 2 : Mean Response Time : 730.55 cycles	Mean Waiting Time : 8.48 cycles	Throughput : 0.114
Batch N° 3 : Mean Response Time : 736.31 cycles	Mean Waiting Time : 4.03 cycles	Throughput : 0.115
Batch N° 4 : Mean Response Time : 737.63 cycles	Mean Waiting Time : 13.13 cycles	Throughput : 0.110
Batch N° 5 : Mean Response Time : 727.36 cycles	Mean Waiting Time : 4.85 cycles	Throughput : 0.106
Batch N° 6 : Mean Response Time : 729.86 cycles	Mean Waiting Time : 4.78 cycles	Throughput : 0.111
Batch N° 7 : Mean Response Time : 732.72 cycles	Mean Waiting Time : 5.22 cycles	Throughput : 0.112
Batch N° 8 : Mean Response Time : 723.97 cycles	Mean Waiting Time : 5.31 cycles	Throughput : 0.112
Batch N° 9 : Mean Response Time : 715.91 cycles	Mean Waiting Time : 5.72 cycles	Throughput : 0.111
Batch N°10 : Mean Response Time : 731.73 cycles	Mean Waiting Time : 4.98 cycles	Throughput : 0.109

End Of The Simulation at T= 171469.81 cycles
Injection Rate : 9200
Batch Size : 2000
Number of Batches : 10
Number of Clients Served : 20000
Overall Response Time : 746.44 cycles
Overall Waiting  Time : 18.98 cycles
Overall Throughput : 0.121 
Standard Deviation Response Time : 53.74618 cycles
Standard Deviation Waiting  Time : 40.25457 cycles
Standard Deviation Throughput : 0.032028 