Simulation Starting Time 2021-08-31 07:03:12
Welcome to Network-On-Chip ExpressCube Simulator 
This simulator was designed based on The Discrete Event Simulation.
It's a final year project to obtain the Master Degree
Student developer : Ziraoui Zakaria 
Supervisor: Prof. Mohamed Ould-Khaoua

Network Simulation Parameters :

Topology : 32 x 32 Express Cube with 8 Hops
Number of Nodes  : 1024 
Routing : Dimension-ordered (DOR)
Traffic : Uniform Random
Message length : 32 phits
Injection Rate : 90
Transmission Time Normal  Links : 32 Cycles
Transmission Time Express Links : 32 Cycles
Batch Means Method : Yes

Please wait, Simulation has been started...

Batch N° 1 : Mean Response Time : 285.08 cycles	Mean Waiting Time : 32.45 cycles	Throughput : 3.518
Batch N° 2 : Mean Response Time : 433.81 cycles	Mean Waiting Time : 100.24 cycles	Throughput : 6.239
Batch N° 3 : Mean Response Time : 535.13 cycles	Mean Waiting Time : 181.54 cycles	Throughput : 6.779
Batch N° 4 : Mean Response Time : 613.47 cycles	Mean Waiting Time : 252.13 cycles	Throughput : 6.616
Batch N° 5 : Mean Response Time : 678.44 cycles	Mean Waiting Time : 311.21 cycles	Throughput : 7.312
Batch N° 6 : Mean Response Time : 741.52 cycles	Mean Waiting Time : 374.85 cycles	Throughput : 6.944
Batch N° 7 : Mean Response Time : 797.40 cycles	Mean Waiting Time : 431.54 cycles	Throughput : 7.499
Batch N° 8 : Mean Response Time : 834.51 cycles	Mean Waiting Time : 476.23 cycles	Throughput : 7.294
Batch N° 9 : Mean Response Time : 920.42 cycles	Mean Waiting Time : 548.29 cycles	Throughput : 7.582
Batch N°10 : Mean Response Time : 946.69 cycles	Mean Waiting Time : 577.06 cycles	Throughput : 7.321

End Of The Simulation at T= 3125.86 cycles
Injection Rate : 90
Batch Size : 2000
Number of Batches : 10
Number of Clients Served : 20000
Overall Response Time : 678.65 cycles
Overall Waiting  Time : 328.55 cycles
Overall Throughput : 6.710 
Standard Deviation Response Time : 214.04289 cycles
Standard Deviation Waiting  Time : 186.23669 cycles
Standard Deviation Throughput : 1.199095 