Simulation Starting Time 2021-08-31 06:53:05
Welcome to Network-On-Chip ExpressCube Simulator 
This simulator was designed based on The Discrete Event Simulation.
It's a final year project to obtain the Master Degree
Student developer : Ziraoui Zakaria 
Supervisor: Prof. Mohamed Ould-Khaoua

Network Simulation Parameters :

Topology : 32 x 32 Express Cube with 2 Hops
Number of Nodes  : 1024 
Routing : Dimension-ordered (DOR)
Traffic : Uniform Random
Message length : 32 phits
Injection Rate : 50
Transmission Time Normal  Links : 32 Cycles
Transmission Time Express Links : 32 Cycles
Batch Means Method : Yes

Please wait, Simulation has been started...

Batch N° 1 : Mean Response Time : 307.95 cycles	Mean Waiting Time : 74.87 cycles	Throughput : 2.919
Batch N° 2 : Mean Response Time : 572.26 cycles	Mean Waiting Time : 260.43 cycles	Throughput : 4.270
Batch N° 3 : Mean Response Time : 787.40 cycles	Mean Waiting Time : 471.02 cycles	Throughput : 4.181
Batch N° 4 : Mean Response Time : 979.16 cycles	Mean Waiting Time : 661.75 cycles	Throughput : 4.464
Batch N° 5 : Mean Response Time : 1161.75 cycles	Mean Waiting Time : 844.93 cycles	Throughput : 4.464
Batch N° 6 : Mean Response Time : 1401.06 cycles	Mean Waiting Time : 1072.90 cycles	Throughput : 4.545
Batch N° 7 : Mean Response Time : 1555.72 cycles	Mean Waiting Time : 1232.59 cycles	Throughput : 4.440
Batch N° 8 : Mean Response Time : 1732.34 cycles	Mean Waiting Time : 1410.66 cycles	Throughput : 4.410
Batch N° 9 : Mean Response Time : 1907.26 cycles	Mean Waiting Time : 1580.31 cycles	Throughput : 4.464
Batch N°10 : Mean Response Time : 2099.99 cycles	Mean Waiting Time : 1776.38 cycles	Throughput : 4.698

End Of The Simulation at T= 4745.69 cycles
Injection Rate : 50
Batch Size : 2000
Number of Batches : 10
Number of Clients Served : 20000
Overall Response Time : 1250.49 cycles
Overall Waiting  Time : 938.58 cycles
Overall Throughput : 4.286 
Standard Deviation Response Time : 591.16956 cycles
Standard Deviation Waiting  Time : 572.61249 cycles
Standard Deviation Throughput : 0.500300 