Simulation Starting Time 2021-09-04 04:41:23
Welcome to Network-On-Chip ExpressCube Simulator 
This simulator was designed based on The Discrete Event Simulation.
It's a final year project to obtain the Master Degree
Student developer : Ziraoui Zakaria 
Supervisor: Prof. Mohamed Ould-Khaoua

Network Simulation Parameters :

Topology : 32 x 32 Express Cube with 2 Hops
Number of Nodes  : 1024 
Routing : Dimension-ordered (DOR)
Traffic : Hotspot [16][16]
Message length : 32 phits
Injection Rate : 32000
Transmission Time Normal  Links : 64 Cycles
Transmission Time Express Links : 64 Cycles
Batch Means Method : Yes

Please wait, Simulation has been started...

Batch N° 1 : Mean Response Time : 916.97 cycles	Mean Waiting Time : 141.86 cycles	Throughput : 0.066
Batch N° 2 : Mean Response Time : 700.99 cycles	Mean Waiting Time : 0.79 cycles	Throughput : 0.032
Batch N° 3 : Mean Response Time : 715.72 cycles	Mean Waiting Time : 0.81 cycles	Throughput : 0.033
Batch N° 4 : Mean Response Time : 713.90 cycles	Mean Waiting Time : 0.87 cycles	Throughput : 0.032
Batch N° 5 : Mean Response Time : 726.21 cycles	Mean Waiting Time : 0.71 cycles	Throughput : 0.032
Batch N° 6 : Mean Response Time : 724.43 cycles	Mean Waiting Time : 0.75 cycles	Throughput : 0.032
Batch N° 7 : Mean Response Time : 716.16 cycles	Mean Waiting Time : 0.74 cycles	Throughput : 0.033
Batch N° 8 : Mean Response Time : 713.42 cycles	Mean Waiting Time : 0.49 cycles	Throughput : 0.031
Batch N° 9 : Mean Response Time : 722.43 cycles	Mean Waiting Time : 0.65 cycles	Throughput : 0.033
Batch N°10 : Mean Response Time : 719.05 cycles	Mean Waiting Time : 0.67 cycles	Throughput : 0.032

End Of The Simulation at T= 589374.50 cycles
Injection Rate : 32000
Batch Size : 2000
Number of Batches : 10
Number of Clients Served : 20000
Overall Response Time : 736.93 cycles
Overall Waiting  Time : 14.83 cycles
Overall Throughput : 0.036 
Standard Deviation Response Time : 63.65769 cycles
Standard Deviation Waiting  Time : 44.63355 cycles
Standard Deviation Throughput : 0.010720 