Simulation Starting Time 2021-09-04 04:19:51
Welcome to Network-On-Chip ExpressCube Simulator 
This simulator was designed based on The Discrete Event Simulation.
It's a final year project to obtain the Master Degree
Student developer : Ziraoui Zakaria 
Supervisor: Prof. Mohamed Ould-Khaoua

Network Simulation Parameters :

Topology : 16 x 16 Express Cube with 2 Hops
Number of Nodes  : 256 
Routing : Dimension-ordered (DOR)
Traffic : Hotspot [8][8]
Message length : 32 phits
Injection Rate : 400
Transmission Time Normal  Links : 64 Cycles
Transmission Time Express Links : 64 Cycles
Batch Means Method : Yes

Please wait, Simulation has been started...

Batch N° 1 : Mean Response Time : 539.96 cycles	Mean Waiting Time : 107.05 cycles	Throughput : 0.549
Batch N° 2 : Mean Response Time : 681.49 cycles	Mean Waiting Time : 237.56 cycles	Throughput : 0.550
Batch N° 3 : Mean Response Time : 838.99 cycles	Mean Waiting Time : 387.03 cycles	Throughput : 0.566
Batch N° 4 : Mean Response Time : 980.61 cycles	Mean Waiting Time : 533.59 cycles	Throughput : 0.565
Batch N° 5 : Mean Response Time : 1064.28 cycles	Mean Waiting Time : 617.69 cycles	Throughput : 0.560
Batch N° 6 : Mean Response Time : 1275.66 cycles	Mean Waiting Time : 832.19 cycles	Throughput : 0.556
Batch N° 7 : Mean Response Time : 1400.51 cycles	Mean Waiting Time : 955.39 cycles	Throughput : 0.558
Batch N° 8 : Mean Response Time : 1475.21 cycles	Mean Waiting Time : 1022.87 cycles	Throughput : 0.563
Batch N° 9 : Mean Response Time : 1493.32 cycles	Mean Waiting Time : 1043.68 cycles	Throughput : 0.584
Batch N°10 : Mean Response Time : 1857.54 cycles	Mean Waiting Time : 1412.19 cycles	Throughput : 0.562

End Of The Simulation at T= 35645.27 cycles
Injection Rate : 400
Batch Size : 2000
Number of Batches : 10
Number of Clients Served : 20000
Overall Response Time : 1160.76 cycles
Overall Waiting  Time : 714.93 cycles
Overall Throughput : 0.561 
Standard Deviation Response Time : 411.77780 cycles
Standard Deviation Waiting  Time : 409.32248 cycles
Standard Deviation Throughput : 0.009894 