Simulation Starting Time 2021-08-31 06:55:24
Welcome to Network-On-Chip ExpressCube Simulator 
This simulator was designed based on The Discrete Event Simulation.
It's a final year project to obtain the Master Degree
Student developer : Ziraoui Zakaria 
Supervisor: Prof. Mohamed Ould-Khaoua

Network Simulation Parameters :

Topology : 32 x 32 Express Cube with 4 Hops
Number of Nodes  : 1024 
Routing : Dimension-ordered (DOR)
Traffic : Uniform Random
Message length : 32 phits
Injection Rate : 150
Transmission Time Normal  Links : 32 Cycles
Transmission Time Express Links : 32 Cycles
Batch Means Method : Yes

Please wait, Simulation has been started...

Batch N° 1 : Mean Response Time : 269.05 cycles	Mean Waiting Time : 24.99 cycles	Throughput : 3.676
Batch N° 2 : Mean Response Time : 369.77 cycles	Mean Waiting Time : 65.09 cycles	Throughput : 5.885
Batch N° 3 : Mean Response Time : 402.82 cycles	Mean Waiting Time : 91.95 cycles	Throughput : 6.021
Batch N° 4 : Mean Response Time : 441.02 cycles	Mean Waiting Time : 121.01 cycles	Throughput : 6.293
Batch N° 5 : Mean Response Time : 454.37 cycles	Mean Waiting Time : 134.68 cycles	Throughput : 6.067
Batch N° 6 : Mean Response Time : 465.93 cycles	Mean Waiting Time : 144.29 cycles	Throughput : 6.178
Batch N° 7 : Mean Response Time : 484.90 cycles	Mean Waiting Time : 161.68 cycles	Throughput : 6.314
Batch N° 8 : Mean Response Time : 503.77 cycles	Mean Waiting Time : 182.62 cycles	Throughput : 6.239
Batch N° 9 : Mean Response Time : 527.18 cycles	Mean Waiting Time : 205.33 cycles	Throughput : 6.421
Batch N°10 : Mean Response Time : 530.58 cycles	Mean Waiting Time : 211.33 cycles	Throughput : 6.229

End Of The Simulation at T= 3457.09 cycles
Injection Rate : 150
Batch Size : 2000
Number of Batches : 10
Number of Clients Served : 20000
Overall Response Time : 444.94 cycles
Overall Waiting  Time : 134.30 cycles
Overall Throughput : 5.932 
Standard Deviation Response Time : 80.31921 cycles
Standard Deviation Waiting  Time : 60.43811 cycles
Standard Deviation Throughput : 0.807872 