Simulation Starting Time 2021-08-31 06:55:11
Welcome to Network-On-Chip ExpressCube Simulator 
This simulator was designed based on The Discrete Event Simulation.
It's a final year project to obtain the Master Degree
Student developer : Ziraoui Zakaria 
Supervisor: Prof. Mohamed Ould-Khaoua

Network Simulation Parameters :

Topology : 32 x 32 Express Cube with 4 Hops
Number of Nodes  : 1024 
Routing : Dimension-ordered (DOR)
Traffic : Uniform Random
Message length : 32 phits
Injection Rate : 160
Transmission Time Normal  Links : 32 Cycles
Transmission Time Express Links : 32 Cycles
Batch Means Method : Yes

Please wait, Simulation has been started...

Batch N° 1 : Mean Response Time : 266.40 cycles	Mean Waiting Time : 23.36 cycles	Throughput : 3.676
Batch N° 2 : Mean Response Time : 370.30 cycles	Mean Waiting Time : 61.38 cycles	Throughput : 5.954
Batch N° 3 : Mean Response Time : 398.76 cycles	Mean Waiting Time : 80.70 cycles	Throughput : 5.777
Batch N° 4 : Mean Response Time : 415.45 cycles	Mean Waiting Time : 98.56 cycles	Throughput : 5.863
Batch N° 5 : Mean Response Time : 435.24 cycles	Mean Waiting Time : 112.19 cycles	Throughput : 5.927
Batch N° 6 : Mean Response Time : 448.14 cycles	Mean Waiting Time : 125.69 cycles	Throughput : 5.965
Batch N° 7 : Mean Response Time : 456.56 cycles	Mean Waiting Time : 139.94 cycles	Throughput : 6.008
Batch N° 8 : Mean Response Time : 486.28 cycles	Mean Waiting Time : 162.04 cycles	Throughput : 5.997
Batch N° 9 : Mean Response Time : 486.98 cycles	Mean Waiting Time : 165.41 cycles	Throughput : 6.184
Batch N°10 : Mean Response Time : 509.20 cycles	Mean Waiting Time : 182.23 cycles	Throughput : 6.029

End Of The Simulation at T= 3561.56 cycles
Injection Rate : 160
Batch Size : 2000
Number of Batches : 10
Number of Clients Served : 20000
Overall Response Time : 427.33 cycles
Overall Waiting  Time : 115.15 cycles
Overall Throughput : 5.738 
Standard Deviation Response Time : 70.86316 cycles
Standard Deviation Waiting  Time : 50.26295 cycles
Standard Deviation Throughput : 0.732096 