Simulation Starting Time 2021-09-04 04:16:31
Welcome to Network-On-Chip ExpressCube Simulator 
This simulator was designed based on The Discrete Event Simulation.
It's a final year project to obtain the Master Degree
Student developer : Ziraoui Zakaria 
Supervisor: Prof. Mohamed Ould-Khaoua

Network Simulation Parameters :

Topology : 8 x 8 Express Cube with 4 Hops
Number of Nodes  : 64 
Routing : Dimension-ordered (DOR)
Traffic : Hotspot [4][4]
Message length : 32 phits
Injection Rate : 160
Transmission Time Normal  Links : 96 Cycles
Transmission Time Express Links : 96 Cycles
Batch Means Method : Yes

Please wait, Simulation has been started...

Batch N° 1 : Mean Response Time : 1314.37 cycles	Mean Waiting Time : 838.79 cycles	Throughput : 0.268
Batch N° 2 : Mean Response Time : 2603.67 cycles	Mean Waiting Time : 2103.28 cycles	Throughput : 0.283
Batch N° 3 : Mean Response Time : 3825.90 cycles	Mean Waiting Time : 3330.56 cycles	Throughput : 0.280
Batch N° 4 : Mean Response Time : 5111.69 cycles	Mean Waiting Time : 4611.07 cycles	Throughput : 0.290
Batch N° 5 : Mean Response Time : 6177.17 cycles	Mean Waiting Time : 5673.24 cycles	Throughput : 0.291
Batch N° 6 : Mean Response Time : 7763.16 cycles	Mean Waiting Time : 7270.33 cycles	Throughput : 0.295
Batch N° 7 : Mean Response Time : 8763.48 cycles	Mean Waiting Time : 8271.42 cycles	Throughput : 0.290
Batch N° 8 : Mean Response Time : 9852.02 cycles	Mean Waiting Time : 9352.36 cycles	Throughput : 0.289
Batch N° 9 : Mean Response Time : 11206.89 cycles	Mean Waiting Time : 10712.31 cycles	Throughput : 0.282
Batch N°10 : Mean Response Time : 12244.58 cycles	Mean Waiting Time : 11743.74 cycles	Throughput : 0.292

End Of The Simulation at T= 70000.30 cycles
Injection Rate : 160
Batch Size : 2000
Number of Batches : 10
Number of Clients Served : 20000
Overall Response Time : 6886.29 cycles
Overall Waiting  Time : 6390.71 cycles
Overall Throughput : 0.286 
Standard Deviation Response Time : 3694.92725 cycles
Standard Deviation Waiting  Time : 3691.81616 cycles
Standard Deviation Throughput : 0.008137 