Simulation Starting Time 2021-08-31 06:56:00
Welcome to Network-On-Chip ExpressCube Simulator 
This simulator was designed based on The Discrete Event Simulation.
It's a final year project to obtain the Master Degree
Student developer : Ziraoui Zakaria 
Supervisor: Prof. Mohamed Ould-Khaoua

Network Simulation Parameters :

Topology : 32 x 32 Express Cube with 4 Hops
Number of Nodes  : 1024 
Routing : Dimension-ordered (DOR)
Traffic : Uniform Random
Message length : 32 phits
Injection Rate : 90
Transmission Time Normal  Links : 32 Cycles
Transmission Time Express Links : 32 Cycles
Batch Means Method : Yes

Please wait, Simulation has been started...

Batch N° 1 : Mean Response Time : 260.21 cycles	Mean Waiting Time : 30.28 cycles	Throughput : 3.994
Batch N° 2 : Mean Response Time : 396.59 cycles	Mean Waiting Time : 102.84 cycles	Throughput : 6.684
Batch N° 3 : Mean Response Time : 475.41 cycles	Mean Waiting Time : 169.27 cycles	Throughput : 7.444
Batch N° 4 : Mean Response Time : 529.99 cycles	Mean Waiting Time : 224.39 cycles	Throughput : 7.264
Batch N° 5 : Mean Response Time : 621.55 cycles	Mean Waiting Time : 304.19 cycles	Throughput : 7.273
Batch N° 6 : Mean Response Time : 667.22 cycles	Mean Waiting Time : 353.56 cycles	Throughput : 7.461
Batch N° 7 : Mean Response Time : 722.83 cycles	Mean Waiting Time : 408.70 cycles	Throughput : 7.784
Batch N° 8 : Mean Response Time : 789.38 cycles	Mean Waiting Time : 476.19 cycles	Throughput : 7.813
Batch N° 9 : Mean Response Time : 863.05 cycles	Mean Waiting Time : 543.99 cycles	Throughput : 7.416
Batch N°10 : Mean Response Time : 905.30 cycles	Mean Waiting Time : 589.12 cycles	Throughput : 7.625

End Of The Simulation at T= 2931.98 cycles
Injection Rate : 90
Batch Size : 2000
Number of Batches : 10
Number of Clients Served : 20000
Overall Response Time : 623.15 cycles
Overall Waiting  Time : 320.25 cycles
Overall Throughput : 7.076 
Standard Deviation Response Time : 208.23015 cycles
Standard Deviation Waiting  Time : 188.32271 cycles
Standard Deviation Throughput : 1.129026 