Simulation Starting Time 2021-09-04 04:19:56
Welcome to Network-On-Chip ExpressCube Simulator 
This simulator was designed based on The Discrete Event Simulation.
It's a final year project to obtain the Master Degree
Student developer : Ziraoui Zakaria 
Supervisor: Prof. Mohamed Ould-Khaoua

Network Simulation Parameters :

Topology : 16 x 16 Express Cube with 2 Hops
Number of Nodes  : 256 
Routing : Dimension-ordered (DOR)
Traffic : Hotspot [8][8]
Message length : 32 phits
Injection Rate : 250
Transmission Time Normal  Links : 64 Cycles
Transmission Time Express Links : 64 Cycles
Batch Means Method : Yes

Please wait, Simulation has been started...

Batch N° 1 : Mean Response Time : 623.91 cycles	Mean Waiting Time : 173.58 cycles	Throughput : 0.711
Batch N° 2 : Mean Response Time : 833.66 cycles	Mean Waiting Time : 359.92 cycles	Throughput : 0.838
Batch N° 3 : Mean Response Time : 1014.94 cycles	Mean Waiting Time : 534.84 cycles	Throughput : 0.816
Batch N° 4 : Mean Response Time : 1228.75 cycles	Mean Waiting Time : 742.53 cycles	Throughput : 0.824
Batch N° 5 : Mean Response Time : 1441.31 cycles	Mean Waiting Time : 956.49 cycles	Throughput : 0.843
Batch N° 6 : Mean Response Time : 1536.79 cycles	Mean Waiting Time : 1047.73 cycles	Throughput : 0.804
Batch N° 7 : Mean Response Time : 1632.37 cycles	Mean Waiting Time : 1146.30 cycles	Throughput : 0.851
Batch N° 8 : Mean Response Time : 1731.03 cycles	Mean Waiting Time : 1248.48 cycles	Throughput : 0.832
Batch N° 9 : Mean Response Time : 1907.68 cycles	Mean Waiting Time : 1422.48 cycles	Throughput : 0.831
Batch N°10 : Mean Response Time : 1886.57 cycles	Mean Waiting Time : 1407.65 cycles	Throughput : 0.839

End Of The Simulation at T= 24481.94 cycles
Injection Rate : 250
Batch Size : 2000
Number of Batches : 10
Number of Clients Served : 20000
Overall Response Time : 1383.70 cycles
Overall Waiting  Time : 904.00 cycles
Overall Throughput : 0.819 
Standard Deviation Response Time : 444.28290 cycles
Standard Deviation Waiting  Time : 436.54703 cycles
Standard Deviation Throughput : 0.040077 