Simulation Starting Time 2021-08-31 05:59:15
Welcome to Network-On-Chip ExpressCube Simulator 
This simulator was designed based on The Discrete Event Simulation.
It's a final year project to obtain the Master Degree
Student developer : Ziraoui Zakaria 
Supervisor: Prof. Mohamed Ould-Khaoua

Network Simulation Parameters :

Topology : 16 x 16 Express Cube with 4 Hops
Number of Nodes  : 256 
Routing : Dimension-ordered (DOR)
Traffic : Uniform Random
Message length : 32 phits
Injection Rate : 200
Transmission Time Normal  Links : 32 Cycles
Transmission Time Express Links : 32 Cycles
Batch Means Method : Yes

Please wait, Simulation has been started...

Batch N° 1 : Mean Response Time : 226.75 cycles	Mean Waiting Time : 17.10 cycles	Throughput : 1.229
Batch N° 2 : Mean Response Time : 233.51 cycles	Mean Waiting Time : 15.61 cycles	Throughput : 1.251
Batch N° 3 : Mean Response Time : 227.29 cycles	Mean Waiting Time : 14.50 cycles	Throughput : 1.239
Batch N° 4 : Mean Response Time : 235.14 cycles	Mean Waiting Time : 16.60 cycles	Throughput : 1.315
Batch N° 5 : Mean Response Time : 233.74 cycles	Mean Waiting Time : 17.75 cycles	Throughput : 1.273
Batch N° 6 : Mean Response Time : 234.29 cycles	Mean Waiting Time : 15.75 cycles	Throughput : 1.273
Batch N° 7 : Mean Response Time : 227.79 cycles	Mean Waiting Time : 13.03 cycles	Throughput : 1.231
Batch N° 8 : Mean Response Time : 237.54 cycles	Mean Waiting Time : 16.82 cycles	Throughput : 1.251
Batch N° 9 : Mean Response Time : 236.60 cycles	Mean Waiting Time : 17.48 cycles	Throughput : 1.241
Batch N°10 : Mean Response Time : 237.31 cycles	Mean Waiting Time : 18.92 cycles	Throughput : 1.281

End Of The Simulation at T= 15899.04 cycles
Injection Rate : 200
Batch Size : 2000
Number of Batches : 10
Number of Clients Served : 20000
Overall Response Time : 233.00 cycles
Overall Waiting  Time : 16.36 cycles
Overall Throughput : 1.258 
Standard Deviation Response Time : 4.19036 cycles
Standard Deviation Waiting  Time : 1.70085 cycles
Standard Deviation Throughput : 0.026950 