Simulation Starting Time 2021-09-01 06:06:41
Welcome to Network-On-Chip ExpressCube Simulator 
This simulator was designed based on The Discrete Event Simulation.
It's a final year project to obtain the Master Degree
Student developer : Ziraoui Zakaria 
Supervisor: Prof. Mohamed Ould-Khaoua

Network Simulation Parameters :

Topology : 16 x 16 Express Cube with 2 Hops
Number of Nodes  : 256 
Routing : Dimension-ordered (DOR)
Traffic : Hotspot [8][8]
Message length : 32 phits
Injection Rate : 50
Transmission Time Normal  Links : 32 Cycles
Transmission Time Express Links : 32 Cycles
Batch Means Method : Yes

Please wait, Simulation has been started...

Batch N° 1 : Mean Response Time : 352.27 cycles	Mean Waiting Time : 149.34 cycles	Throughput : 1.736
Batch N° 2 : Mean Response Time : 708.35 cycles	Mean Waiting Time : 470.00 cycles	Throughput : 2.138
Batch N° 3 : Mean Response Time : 1039.21 cycles	Mean Waiting Time : 796.87 cycles	Throughput : 2.083
Batch N° 4 : Mean Response Time : 1307.00 cycles	Mean Waiting Time : 1068.80 cycles	Throughput : 2.209
Batch N° 5 : Mean Response Time : 1618.51 cycles	Mean Waiting Time : 1382.27 cycles	Throughput : 2.194
Batch N° 6 : Mean Response Time : 1922.79 cycles	Mean Waiting Time : 1682.47 cycles	Throughput : 2.156
Batch N° 7 : Mean Response Time : 2174.45 cycles	Mean Waiting Time : 1936.21 cycles	Throughput : 2.155
Batch N° 8 : Mean Response Time : 2403.40 cycles	Mean Waiting Time : 2162.45 cycles	Throughput : 2.194
Batch N° 9 : Mean Response Time : 2816.72 cycles	Mean Waiting Time : 2575.54 cycles	Throughput : 2.160
Batch N°10 : Mean Response Time : 2952.13 cycles	Mean Waiting Time : 2713.41 cycles	Throughput : 2.187

End Of The Simulation at T= 9472.00 cycles
Injection Rate : 50
Batch Size : 2000
Number of Batches : 10
Number of Clients Served : 20000
Overall Response Time : 1729.48 cycles
Overall Waiting  Time : 1493.74 cycles
Overall Throughput : 2.121 
Standard Deviation Response Time : 880.22723 cycles
Standard Deviation Waiting  Time : 873.72424 cycles
Standard Deviation Throughput : 0.140015 