Simulation Starting Time 2021-08-31 05:31:28
Welcome to Network-On-Chip ExpressCube Simulator 
This simulator was designed based on The Discrete Event Simulation.
It's a final year project to obtain the Master Degree
Student developer : Ziraoui Zakaria 
Supervisor: Prof. Mohamed Ould-Khaoua

Network Simulation Parameters :

Topology : 8 x 8 Express Cube with 4 Hops
Number of Nodes  : 64 
Routing : Dimension-ordered (DOR)
Traffic : Uniform Random
Message length : 32 phits
Injection Rate : 350
Transmission Time Normal  Links : 32 Cycles
Transmission Time Express Links : 32 Cycles
Batch Means Method : Yes

Please wait, Simulation has been started...

Batch N° 1 : Mean Response Time : 145.11 cycles	Mean Waiting Time : 3.27 cycles	Throughput : 0.191
Batch N° 2 : Mean Response Time : 141.77 cycles	Mean Waiting Time : 2.79 cycles	Throughput : 0.185
Batch N° 3 : Mean Response Time : 137.28 cycles	Mean Waiting Time : 2.88 cycles	Throughput : 0.182
Batch N° 4 : Mean Response Time : 141.16 cycles	Mean Waiting Time : 2.47 cycles	Throughput : 0.177
Batch N° 5 : Mean Response Time : 142.14 cycles	Mean Waiting Time : 2.54 cycles	Throughput : 0.180
Batch N° 6 : Mean Response Time : 144.58 cycles	Mean Waiting Time : 3.25 cycles	Throughput : 0.185
Batch N° 7 : Mean Response Time : 144.08 cycles	Mean Waiting Time : 2.54 cycles	Throughput : 0.171
Batch N° 8 : Mean Response Time : 142.30 cycles	Mean Waiting Time : 2.62 cycles	Throughput : 0.185
Batch N° 9 : Mean Response Time : 143.17 cycles	Mean Waiting Time : 2.59 cycles	Throughput : 0.179
Batch N°10 : Mean Response Time : 141.83 cycles	Mean Waiting Time : 2.39 cycles	Throughput : 0.179

End Of The Simulation at T= 110367.83 cycles
Injection Rate : 350
Batch Size : 2000
Number of Batches : 10
Number of Clients Served : 20000
Overall Response Time : 142.34 cycles
Overall Waiting  Time : 2.73 cycles
Overall Throughput : 0.181 
Standard Deviation Response Time : 2.21371 cycles
Standard Deviation Waiting  Time : 0.31142 cycles
Standard Deviation Throughput : 0.005442 