Simulation Starting Time 2021-08-17 06:05:49
Welcome to Network-On-Chip ExpressCube Simulator 
This simulator was designed based on The Discrete Event Simulation.
It's a final year project to obtain the Master Degree
Student developer : Ziraoui Zakaria 
Supervisor: Prof. Mohamed Ould-Khaoua

Network Simulation Parameters :

Topology : 8 x 8 Express Cube with 4 Hops
Number of Nodes  : 64 
Routing : Dimension-ordered (DOR)
Traffic : Uniform Random
Message length : 32 phits
Injection Rate : 70
Transmission Time Normal  Links : 32 Cycles
Transmission Time Express Links : 32 Cycles
Batch Means Method : Yes

Please wait, Simulation has been started...

Batch N° 1 : Mean Response Time : 681.37 cycles	Mean Waiting Time : 515.55 cycles	Throughput : 0.825
Batch N° 2 : Mean Response Time : 1395.26 cycles	Mean Waiting Time : 1227.92 cycles	Throughput : 0.858
Batch N° 3 : Mean Response Time : 2105.43 cycles	Mean Waiting Time : 1937.48 cycles	Throughput : 0.845
Batch N° 4 : Mean Response Time : 2707.99 cycles	Mean Waiting Time : 2542.60 cycles	Throughput : 0.850
Batch N° 5 : Mean Response Time : 3341.18 cycles	Mean Waiting Time : 3174.67 cycles	Throughput : 0.853
Batch N° 6 : Mean Response Time : 3898.58 cycles	Mean Waiting Time : 3732.46 cycles	Throughput : 0.850
Batch N° 7 : Mean Response Time : 4513.26 cycles	Mean Waiting Time : 4345.92 cycles	Throughput : 0.848
Batch N° 8 : Mean Response Time : 5222.50 cycles	Mean Waiting Time : 5054.60 cycles	Throughput : 0.850
Batch N° 9 : Mean Response Time : 5824.09 cycles	Mean Waiting Time : 5656.19 cycles	Throughput : 0.855
Batch N°10 : Mean Response Time : 6366.12 cycles	Mean Waiting Time : 6199.06 cycles	Throughput : 0.849
Batch N°11 : Mean Response Time : 6850.13 cycles	Mean Waiting Time : 6681.92 cycles	Throughput : 0.849
Batch N°12 : Mean Response Time : 7575.16 cycles	Mean Waiting Time : 7407.26 cycles	Throughput : 0.848
Batch N°13 : Mean Response Time : 7979.56 cycles	Mean Waiting Time : 7812.36 cycles	Throughput : 0.842
Batch N°14 : Mean Response Time : 8492.97 cycles	Mean Waiting Time : 8325.04 cycles	Throughput : 0.847
Batch N°15 : Mean Response Time : 8720.56 cycles	Mean Waiting Time : 8552.89 cycles	Throughput : 0.840
Batch N°16 : Mean Response Time : 9733.48 cycles	Mean Waiting Time : 9567.29 cycles	Throughput : 0.843
Batch N°17 : Mean Response Time : 10186.35 cycles	Mean Waiting Time : 10019.54 cycles	Throughput : 0.844
Batch N°18 : Mean Response Time : 10762.73 cycles	Mean Waiting Time : 10596.63 cycles	Throughput : 0.842
Batch N°19 : Mean Response Time : 11359.92 cycles	Mean Waiting Time : 11193.19 cycles	Throughput : 0.847
Batch N°20 : Mean Response Time : 12355.69 cycles	Mean Waiting Time : 12188.46 cycles	Throughput : 0.833
Batch N°21 : Mean Response Time : 13008.85 cycles	Mean Waiting Time : 12840.40 cycles	Throughput : 0.828
Batch N°22 : Mean Response Time : 13568.51 cycles	Mean Waiting Time : 13402.10 cycles	Throughput : 0.832
Batch N°23 : Mean Response Time : 14457.20 cycles	Mean Waiting Time : 14289.32 cycles	Throughput : 0.819
Batch N°24 : Mean Response Time : 14655.66 cycles	Mean Waiting Time : 14487.30 cycles	Throughput : 0.835
Batch N°25 : Mean Response Time : 15043.41 cycles	Mean Waiting Time : 14875.90 cycles	Throughput : 0.837
Batch N°26 : Mean Response Time : 16198.90 cycles	Mean Waiting Time : 16034.89 cycles	Throughput : 0.823
Batch N°27 : Mean Response Time : 16546.23 cycles	Mean Waiting Time : 16380.27 cycles	Throughput : 0.823
Batch N°28 : Mean Response Time : 16951.49 cycles	Mean Waiting Time : 16784.10 cycles	Throughput : 0.830
Batch N°29 : Mean Response Time : 17213.94 cycles	Mean Waiting Time : 17047.77 cycles	Throughput : 0.828
Batch N°30 : Mean Response Time : 18231.15 cycles	Mean Waiting Time : 18063.13 cycles	Throughput : 0.821
Batch N°31 : Mean Response Time : 18889.58 cycles	Mean Waiting Time : 18722.89 cycles	Throughput : 0.812
Batch N°32 : Mean Response Time : 19768.17 cycles	Mean Waiting Time : 19601.51 cycles	Throughput : 0.830
Batch N°33 : Mean Response Time : 19545.98 cycles	Mean Waiting Time : 19379.22 cycles	Throughput : 0.816
Batch N°34 : Mean Response Time : 20016.36 cycles	Mean Waiting Time : 19850.97 cycles	Throughput : 0.818
Batch N°35 : Mean Response Time : 20666.95 cycles	Mean Waiting Time : 20499.89 cycles	Throughput : 0.802
Batch N°36 : Mean Response Time : 20644.68 cycles	Mean Waiting Time : 20477.82 cycles	Throughput : 0.822

End Of The Simulation at T= 430780.06 cycles
Injection Rate : 70
Batch Size : 10000
Number of Batches : 36
Number of Clients Served : 360000
Overall Response Time : 11263.32 cycles
Overall Waiting  Time : 11096.35 cycles
Overall Throughput : 0.836 
Standard Deviation Response Time : 6203.88721 cycles
Standard Deviation Waiting  Time : 6204.01172 cycles
Standard Deviation Throughput : 0.013881 