Simulation Starting Time 2021-08-31 06:33:08
Welcome to Network-On-Chip 2D Mesh Simulator 
This simulator was designed based on The Discrete Event Simulation.
It's a final year project to obtain the Master Degree
Student developer : Ziraoui Zakaria 
Supervisor: Prof. Mohamed Ould-Khaoua

Network Simulation Parameters :

Topology : 32 x 32 Mesh 
Number of Nodes  : 1024 
Routing : Dimension-ordered (DOR)
Traffic : Uniform Random
Message length : 32 phits
Injection Rate : 9200
Transmission Time : 32 Cycles
Batch Means Method : Yes

Please wait, Simulation has been started...

Batch N° 1 : Mean Response Time : 655.68 cycles	Mean Waiting Time : 2.07 cycles	Throughput : 0.209
Batch N° 2 : Mean Response Time : 669.16 cycles	Mean Waiting Time : 0.09 cycles	Throughput : 0.111
Batch N° 3 : Mean Response Time : 682.08 cycles	Mean Waiting Time : 0.12 cycles	Throughput : 0.112
Batch N° 4 : Mean Response Time : 663.77 cycles	Mean Waiting Time : 0.11 cycles	Throughput : 0.112
Batch N° 5 : Mean Response Time : 661.97 cycles	Mean Waiting Time : 0.03 cycles	Throughput : 0.112
Batch N° 6 : Mean Response Time : 672.13 cycles	Mean Waiting Time : 0.09 cycles	Throughput : 0.112
Batch N° 7 : Mean Response Time : 647.29 cycles	Mean Waiting Time : 0.05 cycles	Throughput : 0.112
Batch N° 8 : Mean Response Time : 679.66 cycles	Mean Waiting Time : 0.08 cycles	Throughput : 0.107
Batch N° 9 : Mean Response Time : 669.17 cycles	Mean Waiting Time : 0.04 cycles	Throughput : 0.121
Batch N°10 : Mean Response Time : 659.39 cycles	Mean Waiting Time : 0.08 cycles	Throughput : 0.109

End Of The Simulation at T= 170523.36 cycles
Injection Rate : 9200
Batch Size : 2000
Number of Batches : 10
Number of Clients Served : 20000
Overall Response Time : 666.03 cycles
Overall Waiting  Time : 0.28 cycles
Overall Throughput : 0.122 
Standard Deviation Response Time : 10.66882 cycles
Standard Deviation Waiting  Time : 0.63213 cycles
Standard Deviation Throughput : 0.030960 