Simulation Starting Time 2021-09-04 05:04:11
Welcome to Network-On-Chip ExpressCube Simulator 
This simulator was designed based on The Discrete Event Simulation.
It's a final year project to obtain the Master Degree
Student developer : Ziraoui Zakaria 
Supervisor: Prof. Mohamed Ould-Khaoua

Network Simulation Parameters :

Topology : 32 x 32 Express Cube with 8 Hops
Number of Nodes  : 1024 
Routing : Dimension-ordered (DOR)
Traffic : Hotspot [16][16]
Message length : 32 phits
Injection Rate : 32000
Transmission Time Normal  Links : 160 Cycles
Transmission Time Express Links : 160 Cycles
Batch Means Method : Yes

Please wait, Simulation has been started...

Batch N° 1 : Mean Response Time : 2043.22 cycles	Mean Waiting Time : 172.19 cycles	Throughput : 0.063
Batch N° 2 : Mean Response Time : 1829.32 cycles	Mean Waiting Time : 8.33 cycles	Throughput : 0.034
Batch N° 3 : Mean Response Time : 1818.97 cycles	Mean Waiting Time : 7.79 cycles	Throughput : 0.033
Batch N° 4 : Mean Response Time : 1877.76 cycles	Mean Waiting Time : 9.68 cycles	Throughput : 0.032
Batch N° 5 : Mean Response Time : 1818.35 cycles	Mean Waiting Time : 4.05 cycles	Throughput : 0.033
Batch N° 6 : Mean Response Time : 1832.13 cycles	Mean Waiting Time : 4.84 cycles	Throughput : 0.032
Batch N° 7 : Mean Response Time : 1830.44 cycles	Mean Waiting Time : 6.39 cycles	Throughput : 0.031
Batch N° 8 : Mean Response Time : 1825.41 cycles	Mean Waiting Time : 8.21 cycles	Throughput : 0.032
Batch N° 9 : Mean Response Time : 1836.72 cycles	Mean Waiting Time : 7.49 cycles	Throughput : 0.033
Batch N°10 : Mean Response Time : 1837.01 cycles	Mean Waiting Time : 8.57 cycles	Throughput : 0.032

End Of The Simulation at T= 588804.25 cycles
Injection Rate : 32000
Batch Size : 2000
Number of Batches : 10
Number of Clients Served : 20000
Overall Response Time : 1854.93 cycles
Overall Waiting  Time : 23.75 cycles
Overall Throughput : 0.035 
Standard Deviation Response Time : 68.23448 cycles
Standard Deviation Waiting  Time : 52.18354 cycles
Standard Deviation Throughput : 0.009635 