Simulation Starting Time 2021-09-02 06:13:56
Welcome to Network-On-Chip 2D Mesh Simulator 
This simulator was designed based on The Discrete Event Simulation.
It's a final year project to obtain the Master Degree
Student developer : Ziraoui Zakaria 
Supervisor: Prof. Mohamed Ould-Khaoua

Network Simulation Parameters :

Topology : 16 x 16 Mesh 
Number of Nodes  : 256 
Routing : Dimension-ordered (DOR)
Traffic : Uniform Random
Message length : 32 phits
Injection Rate : 80
Transmission Time : 32 Cycles
Batch Means Method : Yes

Please wait, Simulation has been started...

Batch N° 1 : Mean Response Time : 482.76 cycles	Mean Waiting Time : 179.03 cycles	Throughput : 1.359
Batch N° 2 : Mean Response Time : 887.59 cycles	Mean Waiting Time : 544.75 cycles	Throughput : 1.838
Batch N° 3 : Mean Response Time : 1215.93 cycles	Mean Waiting Time : 871.32 cycles	Throughput : 1.838
Batch N° 4 : Mean Response Time : 1510.75 cycles	Mean Waiting Time : 1172.63 cycles	Throughput : 1.894
Batch N° 5 : Mean Response Time : 1814.75 cycles	Mean Waiting Time : 1475.85 cycles	Throughput : 1.894
Batch N° 6 : Mean Response Time : 2109.99 cycles	Mean Waiting Time : 1766.35 cycles	Throughput : 1.924
Batch N° 7 : Mean Response Time : 2349.68 cycles	Mean Waiting Time : 2004.71 cycles	Throughput : 1.865
Batch N° 8 : Mean Response Time : 2710.44 cycles	Mean Waiting Time : 2364.90 cycles	Throughput : 1.833
Batch N° 9 : Mean Response Time : 3100.40 cycles	Mean Waiting Time : 2753.27 cycles	Throughput : 1.920
Batch N°10 : Mean Response Time : 3278.09 cycles	Mean Waiting Time : 2928.80 cycles	Throughput : 1.875

End Of The Simulation at T= 11072.00 cycles
Injection Rate : 80
Batch Size : 2000
Number of Batches : 10
Number of Clients Served : 20000
Overall Response Time : 1946.04 cycles
Overall Waiting  Time : 1606.16 cycles
Overall Throughput : 1.824 
Standard Deviation Response Time : 935.84857 cycles
Standard Deviation Waiting  Time : 926.97876 cycles
Standard Deviation Throughput : 0.166716 