Simulation Starting Time 2021-09-02 05:19:43
Welcome to Network-On-Chip 2D Mesh Simulator 
This simulator was designed based on The Discrete Event Simulation.
It's a final year project to obtain the Master Degree
Student developer : Ziraoui Zakaria 
Supervisor: Prof. Mohamed Ould-Khaoua

Network Simulation Parameters :

Topology : 8 x 8 Mesh 
Number of Nodes  : 64 
Routing : Dimension-ordered (DOR)
Traffic : Uniform Random
Message length : 32 phits
Injection Rate : 9200
Transmission Time : 32 Cycles
Batch Means Method : Yes

Please wait, Simulation has been started...

Batch N° 1 : Mean Response Time : 156.40 cycles	Mean Waiting Time : 0.09 cycles	Throughput : 0.007
Batch N° 2 : Mean Response Time : 154.68 cycles	Mean Waiting Time : 0.06 cycles	Throughput : 0.007
Batch N° 3 : Mean Response Time : 150.53 cycles	Mean Waiting Time : 0.04 cycles	Throughput : 0.007
Batch N° 4 : Mean Response Time : 152.39 cycles	Mean Waiting Time : 0.05 cycles	Throughput : 0.007
Batch N° 5 : Mean Response Time : 149.39 cycles	Mean Waiting Time : 0.06 cycles	Throughput : 0.007
Batch N° 6 : Mean Response Time : 151.71 cycles	Mean Waiting Time : 0.13 cycles	Throughput : 0.007
Batch N° 7 : Mean Response Time : 151.97 cycles	Mean Waiting Time : 0.06 cycles	Throughput : 0.007
Batch N° 8 : Mean Response Time : 154.01 cycles	Mean Waiting Time : 0.06 cycles	Throughput : 0.007
Batch N° 9 : Mean Response Time : 157.23 cycles	Mean Waiting Time : 0.09 cycles	Throughput : 0.007
Batch N°10 : Mean Response Time : 153.67 cycles	Mean Waiting Time : 0.04 cycles	Throughput : 0.007

End Of The Simulation at T= 2857575.75 cycles
Injection Rate : 9200
Batch Size : 2000
Number of Batches : 10
Number of Clients Served : 20000
Overall Response Time : 153.20 cycles
Overall Waiting  Time : 0.07 cycles
Overall Throughput : 0.007 
Standard Deviation Response Time : 2.48658 cycles
Standard Deviation Waiting  Time : 0.02888 cycles
Standard Deviation Throughput : 0.000203 