Simulation Starting Time 2021-09-01 06:27:47
Welcome to Network-On-Chip ExpressCube Simulator 
This simulator was designed based on The Discrete Event Simulation.
It's a final year project to obtain the Master Degree
Student developer : Ziraoui Zakaria 
Supervisor: Prof. Mohamed Ould-Khaoua

Network Simulation Parameters :

Topology : 32 x 32 Express Cube with 2 Hops
Number of Nodes  : 1024 
Routing : Dimension-ordered (DOR)
Traffic : Hotspot [16][16]
Message length : 32 phits
Injection Rate : 90
Transmission Time Normal  Links : 32 Cycles
Transmission Time Express Links : 32 Cycles
Batch Means Method : Yes

Please wait, Simulation has been started...

Batch N° 1 : Mean Response Time : 332.33 cycles	Mean Waiting Time : 61.39 cycles	Throughput : 2.604
Batch N° 2 : Mean Response Time : 577.83 cycles	Mean Waiting Time : 229.18 cycles	Throughput : 3.988
Batch N° 3 : Mean Response Time : 744.28 cycles	Mean Waiting Time : 386.35 cycles	Throughput : 4.078
Batch N° 4 : Mean Response Time : 900.04 cycles	Mean Waiting Time : 536.19 cycles	Throughput : 4.167
Batch N° 5 : Mean Response Time : 1056.07 cycles	Mean Waiting Time : 690.50 cycles	Throughput : 4.149
Batch N° 6 : Mean Response Time : 1198.70 cycles	Mean Waiting Time : 833.74 cycles	Throughput : 4.203
Batch N° 7 : Mean Response Time : 1341.25 cycles	Mean Waiting Time : 977.94 cycles	Throughput : 4.159
Batch N° 8 : Mean Response Time : 1515.41 cycles	Mean Waiting Time : 1135.48 cycles	Throughput : 4.157
Batch N° 9 : Mean Response Time : 1603.35 cycles	Mean Waiting Time : 1239.81 cycles	Throughput : 4.167
Batch N°10 : Mean Response Time : 1825.77 cycles	Mean Waiting Time : 1453.66 cycles	Throughput : 4.175

End Of The Simulation at T= 5119.09 cycles
Injection Rate : 90
Batch Size : 2000
Number of Batches : 10
Number of Clients Served : 20000
Overall Response Time : 1109.50 cycles
Overall Waiting  Time : 754.42 cycles
Overall Throughput : 3.984 
Standard Deviation Response Time : 477.27643 cycles
Standard Deviation Waiting  Time : 455.74588 cycles
Standard Deviation Throughput : 0.488899 