Simulation Starting Time 2021-08-17 05:59:03
Welcome to Network-On-Chip ExpressCube Simulator 
This simulator was designed based on The Discrete Event Simulation.
It's a final year project to obtain the Master Degree
Student developer : Ziraoui Zakaria 
Supervisor: Prof. Mohamed Ould-Khaoua

Network Simulation Parameters :

Topology : 8 x 8 Express Cube with 2 Hops
Number of Nodes  : 64 
Routing : Dimension-ordered (DOR)
Traffic : Uniform Random
Message length : 32 phits
Injection Rate : 1000
Transmission Time Normal  Links : 32 Cycles
Transmission Time Express Links : 32 Cycles
Batch Means Method : Yes

Please wait, Simulation has been started...

Batch N° 1 : Mean Response Time : 116.31 cycles	Mean Waiting Time : 0.69 cycles	Throughput : 0.065
Batch N° 2 : Mean Response Time : 118.38 cycles	Mean Waiting Time : 0.69 cycles	Throughput : 0.064
Batch N° 3 : Mean Response Time : 117.55 cycles	Mean Waiting Time : 0.60 cycles	Throughput : 0.064
Batch N° 4 : Mean Response Time : 116.99 cycles	Mean Waiting Time : 0.62 cycles	Throughput : 0.063
Batch N° 5 : Mean Response Time : 116.41 cycles	Mean Waiting Time : 0.61 cycles	Throughput : 0.062
Batch N° 6 : Mean Response Time : 118.00 cycles	Mean Waiting Time : 0.59 cycles	Throughput : 0.063
Batch N° 7 : Mean Response Time : 117.49 cycles	Mean Waiting Time : 0.69 cycles	Throughput : 0.063
Batch N° 8 : Mean Response Time : 117.25 cycles	Mean Waiting Time : 0.64 cycles	Throughput : 0.062
Batch N° 9 : Mean Response Time : 115.77 cycles	Mean Waiting Time : 0.65 cycles	Throughput : 0.062
Batch N°10 : Mean Response Time : 116.35 cycles	Mean Waiting Time : 0.65 cycles	Throughput : 0.063
Batch N°11 : Mean Response Time : 117.53 cycles	Mean Waiting Time : 0.58 cycles	Throughput : 0.063
Batch N°12 : Mean Response Time : 116.66 cycles	Mean Waiting Time : 0.66 cycles	Throughput : 0.062
Batch N°13 : Mean Response Time : 116.92 cycles	Mean Waiting Time : 0.68 cycles	Throughput : 0.062
Batch N°14 : Mean Response Time : 117.47 cycles	Mean Waiting Time : 0.59 cycles	Throughput : 0.063
Batch N°15 : Mean Response Time : 116.96 cycles	Mean Waiting Time : 0.63 cycles	Throughput : 0.063
Batch N°16 : Mean Response Time : 116.62 cycles	Mean Waiting Time : 0.59 cycles	Throughput : 0.063
Batch N°17 : Mean Response Time : 118.41 cycles	Mean Waiting Time : 0.61 cycles	Throughput : 0.063
Batch N°18 : Mean Response Time : 116.08 cycles	Mean Waiting Time : 0.63 cycles	Throughput : 0.063
Batch N°19 : Mean Response Time : 118.15 cycles	Mean Waiting Time : 0.64 cycles	Throughput : 0.064
Batch N°20 : Mean Response Time : 117.80 cycles	Mean Waiting Time : 0.73 cycles	Throughput : 0.064
Batch N°21 : Mean Response Time : 116.97 cycles	Mean Waiting Time : 0.61 cycles	Throughput : 0.062
Batch N°22 : Mean Response Time : 116.40 cycles	Mean Waiting Time : 0.57 cycles	Throughput : 0.061
Batch N°23 : Mean Response Time : 116.29 cycles	Mean Waiting Time : 0.60 cycles	Throughput : 0.062
Batch N°24 : Mean Response Time : 116.58 cycles	Mean Waiting Time : 0.63 cycles	Throughput : 0.063
Batch N°25 : Mean Response Time : 117.20 cycles	Mean Waiting Time : 0.63 cycles	Throughput : 0.063
Batch N°26 : Mean Response Time : 115.86 cycles	Mean Waiting Time : 0.53 cycles	Throughput : 0.062
Batch N°27 : Mean Response Time : 116.27 cycles	Mean Waiting Time : 0.62 cycles	Throughput : 0.061
Batch N°28 : Mean Response Time : 117.82 cycles	Mean Waiting Time : 0.58 cycles	Throughput : 0.060
Batch N°29 : Mean Response Time : 117.22 cycles	Mean Waiting Time : 0.55 cycles	Throughput : 0.060
Batch N°30 : Mean Response Time : 117.32 cycles	Mean Waiting Time : 0.58 cycles	Throughput : 0.060
Batch N°31 : Mean Response Time : 117.95 cycles	Mean Waiting Time : 0.53 cycles	Throughput : 0.059
Batch N°32 : Mean Response Time : 116.38 cycles	Mean Waiting Time : 0.56 cycles	Throughput : 0.057
Batch N°33 : Mean Response Time : 117.34 cycles	Mean Waiting Time : 0.54 cycles	Throughput : 0.057
Batch N°34 : Mean Response Time : 116.88 cycles	Mean Waiting Time : 0.58 cycles	Throughput : 0.055
Batch N°35 : Mean Response Time : 117.06 cycles	Mean Waiting Time : 0.55 cycles	Throughput : 0.054
Batch N°36 : Mean Response Time : 116.78 cycles	Mean Waiting Time : 0.48 cycles	Throughput : 0.055

End Of The Simulation at T= 5873482.00 cycles
Injection Rate : 1000
Batch Size : 10000
Number of Batches : 36
Number of Clients Served : 360000
Overall Response Time : 117.04 cycles
Overall Waiting  Time : 0.61 cycles
Overall Throughput : 0.061 
Standard Deviation Response Time : 0.69653 cycles
Standard Deviation Waiting  Time : 0.05371 cycles
Standard Deviation Throughput : 0.002805 