Simulation Starting Time 2021-09-01 06:07:59
Welcome to Network-On-Chip ExpressCube Simulator 
This simulator was designed based on The Discrete Event Simulation.
It's a final year project to obtain the Master Degree
Student developer : Ziraoui Zakaria 
Supervisor: Prof. Mohamed Ould-Khaoua

Network Simulation Parameters :

Topology : 16 x 16 Express Cube with 4 Hops
Number of Nodes  : 256 
Routing : Dimension-ordered (DOR)
Traffic : Hotspot [8][8]
Message length : 32 phits
Injection Rate : 50
Transmission Time Normal  Links : 32 Cycles
Transmission Time Express Links : 32 Cycles
Batch Means Method : Yes

Please wait, Simulation has been started...

Batch N° 1 : Mean Response Time : 290.14 cycles	Mean Waiting Time : 94.36 cycles	Throughput : 2.184
Batch N° 2 : Mean Response Time : 498.45 cycles	Mean Waiting Time : 273.71 cycles	Throughput : 2.774
Batch N° 3 : Mean Response Time : 665.62 cycles	Mean Waiting Time : 442.09 cycles	Throughput : 2.860
Batch N° 4 : Mean Response Time : 833.54 cycles	Mean Waiting Time : 605.40 cycles	Throughput : 2.940
Batch N° 5 : Mean Response Time : 935.83 cycles	Mean Waiting Time : 709.72 cycles	Throughput : 2.875
Batch N° 6 : Mean Response Time : 1094.58 cycles	Mean Waiting Time : 866.40 cycles	Throughput : 2.976
Batch N° 7 : Mean Response Time : 1206.38 cycles	Mean Waiting Time : 979.38 cycles	Throughput : 2.976
Batch N° 8 : Mean Response Time : 1363.78 cycles	Mean Waiting Time : 1136.40 cycles	Throughput : 2.976
Batch N° 9 : Mean Response Time : 1486.05 cycles	Mean Waiting Time : 1256.84 cycles	Throughput : 2.976
Batch N°10 : Mean Response Time : 1600.77 cycles	Mean Waiting Time : 1374.41 cycles	Throughput : 2.976

End Of The Simulation at T= 7072.00 cycles
Injection Rate : 50
Batch Size : 2000
Number of Batches : 10
Number of Clients Served : 20000
Overall Response Time : 997.51 cycles
Overall Waiting  Time : 773.87 cycles
Overall Throughput : 2.851 
Standard Deviation Response Time : 432.05881 cycles
Standard Deviation Waiting  Time : 425.64911 cycles
Standard Deviation Throughput : 0.244367 