Simulation Starting Time 2021-08-31 07:00:26
Welcome to Network-On-Chip ExpressCube Simulator 
This simulator was designed based on The Discrete Event Simulation.
It's a final year project to obtain the Master Degree
Student developer : Ziraoui Zakaria 
Supervisor: Prof. Mohamed Ould-Khaoua

Network Simulation Parameters :

Topology : 32 x 32 Express Cube with 8 Hops
Number of Nodes  : 1024 
Routing : Dimension-ordered (DOR)
Traffic : Uniform Random
Message length : 32 phits
Injection Rate : 9200
Transmission Time Normal  Links : 32 Cycles
Transmission Time Express Links : 32 Cycles
Batch Means Method : Yes

Please wait, Simulation has been started...

Batch N° 1 : Mean Response Time : 391.31 cycles	Mean Waiting Time : 2.58 cycles	Throughput : 0.221
Batch N° 2 : Mean Response Time : 375.80 cycles	Mean Waiting Time : 0.08 cycles	Throughput : 0.115
Batch N° 3 : Mean Response Time : 386.80 cycles	Mean Waiting Time : 0.03 cycles	Throughput : 0.111
Batch N° 4 : Mean Response Time : 377.66 cycles	Mean Waiting Time : 0.12 cycles	Throughput : 0.109
Batch N° 5 : Mean Response Time : 379.12 cycles	Mean Waiting Time : 0.04 cycles	Throughput : 0.116
Batch N° 6 : Mean Response Time : 379.52 cycles	Mean Waiting Time : 0.04 cycles	Throughput : 0.109
Batch N° 7 : Mean Response Time : 382.05 cycles	Mean Waiting Time : 0.07 cycles	Throughput : 0.115
Batch N° 8 : Mean Response Time : 381.75 cycles	Mean Waiting Time : 0.06 cycles	Throughput : 0.115
Batch N° 9 : Mean Response Time : 378.39 cycles	Mean Waiting Time : 0.13 cycles	Throughput : 0.113
Batch N°10 : Mean Response Time : 376.68 cycles	Mean Waiting Time : 0.06 cycles	Throughput : 0.107

End Of The Simulation at T= 169443.98 cycles
Injection Rate : 9200
Batch Size : 2000
Number of Batches : 10
Number of Clients Served : 20000
Overall Response Time : 380.91 cycles
Overall Waiting  Time : 0.32 cycles
Overall Throughput : 0.123 
Standard Deviation Response Time : 4.84125 cycles
Standard Deviation Waiting  Time : 0.79450 cycles
Standard Deviation Throughput : 0.034661 