Simulation Starting Time 2021-08-31 05:30:19
Welcome to Network-On-Chip ExpressCube Simulator 
This simulator was designed based on The Discrete Event Simulation.
It's a final year project to obtain the Master Degree
Student developer : Ziraoui Zakaria 
Supervisor: Prof. Mohamed Ould-Khaoua

Network Simulation Parameters :

Topology : 8 x 8 Express Cube with 2 Hops
Number of Nodes  : 64 
Routing : Dimension-ordered (DOR)
Traffic : Uniform Random
Message length : 32 phits
Injection Rate : 300
Transmission Time Normal  Links : 32 Cycles
Transmission Time Express Links : 32 Cycles
Batch Means Method : Yes

Please wait, Simulation has been started...

Batch N° 1 : Mean Response Time : 123.97 cycles	Mean Waiting Time : 3.21 cycles	Throughput : 0.216
Batch N° 2 : Mean Response Time : 121.05 cycles	Mean Waiting Time : 2.60 cycles	Throughput : 0.216
Batch N° 3 : Mean Response Time : 123.81 cycles	Mean Waiting Time : 3.20 cycles	Throughput : 0.209
Batch N° 4 : Mean Response Time : 125.00 cycles	Mean Waiting Time : 2.59 cycles	Throughput : 0.217
Batch N° 5 : Mean Response Time : 121.04 cycles	Mean Waiting Time : 2.50 cycles	Throughput : 0.212
Batch N° 6 : Mean Response Time : 124.47 cycles	Mean Waiting Time : 3.19 cycles	Throughput : 0.212
Batch N° 7 : Mean Response Time : 122.34 cycles	Mean Waiting Time : 2.80 cycles	Throughput : 0.218
Batch N° 8 : Mean Response Time : 124.36 cycles	Mean Waiting Time : 3.13 cycles	Throughput : 0.214
Batch N° 9 : Mean Response Time : 119.73 cycles	Mean Waiting Time : 3.08 cycles	Throughput : 0.211
Batch N°10 : Mean Response Time : 123.86 cycles	Mean Waiting Time : 3.12 cycles	Throughput : 0.215

End Of The Simulation at T= 93476.46 cycles
Injection Rate : 300
Batch Size : 2000
Number of Batches : 10
Number of Clients Served : 20000
Overall Response Time : 122.96 cycles
Overall Waiting  Time : 2.94 cycles
Overall Throughput : 0.214 
Standard Deviation Response Time : 1.79880 cycles
Standard Deviation Waiting  Time : 0.28824 cycles
Standard Deviation Throughput : 0.002796 