Simulation Starting Time 2021-09-01 06:06:24
Welcome to Network-On-Chip ExpressCube Simulator 
This simulator was designed based on The Discrete Event Simulation.
It's a final year project to obtain the Master Degree
Student developer : Ziraoui Zakaria 
Supervisor: Prof. Mohamed Ould-Khaoua

Network Simulation Parameters :

Topology : 16 x 16 Express Cube with 2 Hops
Number of Nodes  : 256 
Routing : Dimension-ordered (DOR)
Traffic : Hotspot [8][8]
Message length : 32 phits
Injection Rate : 160
Transmission Time Normal  Links : 32 Cycles
Transmission Time Express Links : 32 Cycles
Batch Means Method : Yes

Please wait, Simulation has been started...

Batch N° 1 : Mean Response Time : 274.92 cycles	Mean Waiting Time : 57.53 cycles	Throughput : 1.252
Batch N° 2 : Mean Response Time : 379.64 cycles	Mean Waiting Time : 145.74 cycles	Throughput : 1.379
Batch N° 3 : Mean Response Time : 404.46 cycles	Mean Waiting Time : 173.40 cycles	Throughput : 1.381
Batch N° 4 : Mean Response Time : 460.78 cycles	Mean Waiting Time : 223.45 cycles	Throughput : 1.373
Batch N° 5 : Mean Response Time : 487.59 cycles	Mean Waiting Time : 254.78 cycles	Throughput : 1.379
Batch N° 6 : Mean Response Time : 566.74 cycles	Mean Waiting Time : 340.00 cycles	Throughput : 1.372
Batch N° 7 : Mean Response Time : 636.45 cycles	Mean Waiting Time : 400.48 cycles	Throughput : 1.334
Batch N° 8 : Mean Response Time : 669.30 cycles	Mean Waiting Time : 441.95 cycles	Throughput : 1.355
Batch N° 9 : Mean Response Time : 726.85 cycles	Mean Waiting Time : 494.23 cycles	Throughput : 1.363
Batch N°10 : Mean Response Time : 825.26 cycles	Mean Waiting Time : 587.35 cycles	Throughput : 1.373

End Of The Simulation at T= 14759.53 cycles
Injection Rate : 160
Batch Size : 2000
Number of Batches : 10
Number of Clients Served : 20000
Overall Response Time : 543.20 cycles
Overall Waiting  Time : 311.89 cycles
Overall Throughput : 1.356 
Standard Deviation Response Time : 172.01254 cycles
Standard Deviation Waiting  Time : 169.06491 cycles
Standard Deviation Throughput : 0.039132 