Simulation Starting Time 2021-09-04 05:04:15
Welcome to Network-On-Chip ExpressCube Simulator 
This simulator was designed based on The Discrete Event Simulation.
It's a final year project to obtain the Master Degree
Student developer : Ziraoui Zakaria 
Supervisor: Prof. Mohamed Ould-Khaoua

Network Simulation Parameters :

Topology : 32 x 32 Express Cube with 8 Hops
Number of Nodes  : 1024 
Routing : Dimension-ordered (DOR)
Traffic : Hotspot [16][16]
Message length : 32 phits
Injection Rate : 9200
Transmission Time Normal  Links : 160 Cycles
Transmission Time Express Links : 160 Cycles
Batch Means Method : Yes

Please wait, Simulation has been started...

Batch N° 1 : Mean Response Time : 2151.21 cycles	Mean Waiting Time : 281.63 cycles	Throughput : 0.184
Batch N° 2 : Mean Response Time : 2557.42 cycles	Mean Waiting Time : 697.73 cycles	Throughput : 0.108
Batch N° 3 : Mean Response Time : 2741.88 cycles	Mean Waiting Time : 885.34 cycles	Throughput : 0.103
Batch N° 4 : Mean Response Time : 3076.04 cycles	Mean Waiting Time : 1233.61 cycles	Throughput : 0.107
Batch N° 5 : Mean Response Time : 3516.44 cycles	Mean Waiting Time : 1633.78 cycles	Throughput : 0.106
Batch N° 6 : Mean Response Time : 4039.85 cycles	Mean Waiting Time : 2149.35 cycles	Throughput : 0.102
Batch N° 7 : Mean Response Time : 4332.09 cycles	Mean Waiting Time : 2467.60 cycles	Throughput : 0.104
Batch N° 8 : Mean Response Time : 4843.70 cycles	Mean Waiting Time : 3008.71 cycles	Throughput : 0.104
Batch N° 9 : Mean Response Time : 5259.94 cycles	Mean Waiting Time : 3388.62 cycles	Throughput : 0.105
Batch N°10 : Mean Response Time : 5661.33 cycles	Mean Waiting Time : 3790.27 cycles	Throughput : 0.108

End Of The Simulation at T= 181771.06 cycles
Injection Rate : 9200
Batch Size : 2000
Number of Batches : 10
Number of Clients Served : 20000
Overall Response Time : 3817.99 cycles
Overall Waiting  Time : 1953.66 cycles
Overall Throughput : 0.113 
Standard Deviation Response Time : 1202.28247 cycles
Standard Deviation Waiting  Time : 1201.06128 cycles
Standard Deviation Throughput : 0.024896 