Simulation Starting Time 2021-08-31 05:31:32
Welcome to Network-On-Chip ExpressCube Simulator 
This simulator was designed based on The Discrete Event Simulation.
It's a final year project to obtain the Master Degree
Student developer : Ziraoui Zakaria 
Supervisor: Prof. Mohamed Ould-Khaoua

Network Simulation Parameters :

Topology : 8 x 8 Express Cube with 4 Hops
Number of Nodes  : 64 
Routing : Dimension-ordered (DOR)
Traffic : Uniform Random
Message length : 32 phits
Injection Rate : 100
Transmission Time Normal  Links : 32 Cycles
Transmission Time Express Links : 32 Cycles
Batch Means Method : Yes

Please wait, Simulation has been started...

Batch N° 1 : Mean Response Time : 210.72 cycles	Mean Waiting Time : 56.21 cycles	Throughput : 0.608
Batch N° 2 : Mean Response Time : 213.80 cycles	Mean Waiting Time : 59.67 cycles	Throughput : 0.624
Batch N° 3 : Mean Response Time : 227.49 cycles	Mean Waiting Time : 69.13 cycles	Throughput : 0.628
Batch N° 4 : Mean Response Time : 219.21 cycles	Mean Waiting Time : 65.08 cycles	Throughput : 0.625
Batch N° 5 : Mean Response Time : 222.88 cycles	Mean Waiting Time : 66.73 cycles	Throughput : 0.629
Batch N° 6 : Mean Response Time : 214.96 cycles	Mean Waiting Time : 57.72 cycles	Throughput : 0.642
Batch N° 7 : Mean Response Time : 222.48 cycles	Mean Waiting Time : 66.04 cycles	Throughput : 0.650
Batch N° 8 : Mean Response Time : 199.42 cycles	Mean Waiting Time : 44.45 cycles	Throughput : 0.625
Batch N° 9 : Mean Response Time : 274.83 cycles	Mean Waiting Time : 116.26 cycles	Throughput : 0.651
Batch N°10 : Mean Response Time : 258.82 cycles	Mean Waiting Time : 101.28 cycles	Throughput : 0.641

End Of The Simulation at T= 31640.98 cycles
Injection Rate : 100
Batch Size : 2000
Number of Batches : 10
Number of Clients Served : 20000
Overall Response Time : 226.46 cycles
Overall Waiting  Time : 70.26 cycles
Overall Throughput : 0.632 
Standard Deviation Response Time : 22.94929 cycles
Standard Deviation Waiting  Time : 21.78122 cycles
Standard Deviation Throughput : 0.013474 