Simulation Starting Time 2021-08-31 05:31:25
Welcome to Network-On-Chip ExpressCube Simulator 
This simulator was designed based on The Discrete Event Simulation.
It's a final year project to obtain the Master Degree
Student developer : Ziraoui Zakaria 
Supervisor: Prof. Mohamed Ould-Khaoua

Network Simulation Parameters :

Topology : 8 x 8 Express Cube with 4 Hops
Number of Nodes  : 64 
Routing : Dimension-ordered (DOR)
Traffic : Uniform Random
Message length : 32 phits
Injection Rate : 32000
Transmission Time Normal  Links : 32 Cycles
Transmission Time Express Links : 32 Cycles
Batch Means Method : Yes

Please wait, Simulation has been started...

Batch N° 1 : Mean Response Time : 136.15 cycles	Mean Waiting Time : 0.10 cycles	Throughput : 0.002
Batch N° 2 : Mean Response Time : 137.56 cycles	Mean Waiting Time : 0.01 cycles	Throughput : 0.002
Batch N° 3 : Mean Response Time : 137.56 cycles	Mean Waiting Time : 0.06 cycles	Throughput : 0.002
Batch N° 4 : Mean Response Time : 133.85 cycles	Mean Waiting Time : 0.01 cycles	Throughput : 0.002
Batch N° 5 : Mean Response Time : 133.21 cycles	Mean Waiting Time : 0.02 cycles	Throughput : 0.002
Batch N° 6 : Mean Response Time : 134.36 cycles	Mean Waiting Time : 0.01 cycles	Throughput : 0.002
Batch N° 7 : Mean Response Time : 135.41 cycles	Mean Waiting Time : 0.01 cycles	Throughput : 0.002
Batch N° 8 : Mean Response Time : 135.31 cycles	Mean Waiting Time : 0.02 cycles	Throughput : 0.002
Batch N° 9 : Mean Response Time : 133.05 cycles	Mean Waiting Time : 0.02 cycles	Throughput : 0.002
Batch N°10 : Mean Response Time : 132.16 cycles	Mean Waiting Time : 0.02 cycles	Throughput : 0.002

End Of The Simulation at T= 10165611.00 cycles
Injection Rate : 32000
Batch Size : 2000
Number of Batches : 10
Number of Clients Served : 20000
Overall Response Time : 134.86 cycles
Overall Waiting  Time : 0.03 cycles
Overall Throughput : 0.002 
Standard Deviation Response Time : 1.86455 cycles
Standard Deviation Waiting  Time : 0.02967 cycles
Standard Deviation Throughput : 0.000045 