Simulation Starting Time 2021-08-31 06:54:16
Welcome to Network-On-Chip ExpressCube Simulator 
This simulator was designed based on The Discrete Event Simulation.
It's a final year project to obtain the Master Degree
Student developer : Ziraoui Zakaria 
Supervisor: Prof. Mohamed Ould-Khaoua

Network Simulation Parameters :

Topology : 32 x 32 Express Cube with 4 Hops
Number of Nodes  : 1024 
Routing : Dimension-ordered (DOR)
Traffic : Uniform Random
Message length : 32 phits
Injection Rate : 10500
Transmission Time Normal  Links : 32 Cycles
Transmission Time Express Links : 32 Cycles
Batch Means Method : Yes

Please wait, Simulation has been started...

Batch N° 1 : Mean Response Time : 317.46 cycles	Mean Waiting Time : 4.61 cycles	Throughput : 0.190
Batch N° 2 : Mean Response Time : 298.76 cycles	Mean Waiting Time : 0.06 cycles	Throughput : 0.098
Batch N° 3 : Mean Response Time : 304.24 cycles	Mean Waiting Time : 0.08 cycles	Throughput : 0.098
Batch N° 4 : Mean Response Time : 299.62 cycles	Mean Waiting Time : 0.05 cycles	Throughput : 0.096
Batch N° 5 : Mean Response Time : 302.08 cycles	Mean Waiting Time : 0.08 cycles	Throughput : 0.100
Batch N° 6 : Mean Response Time : 307.49 cycles	Mean Waiting Time : 0.02 cycles	Throughput : 0.094
Batch N° 7 : Mean Response Time : 308.41 cycles	Mean Waiting Time : 0.05 cycles	Throughput : 0.096
Batch N° 8 : Mean Response Time : 307.83 cycles	Mean Waiting Time : 0.04 cycles	Throughput : 0.093
Batch N° 9 : Mean Response Time : 297.86 cycles	Mean Waiting Time : 0.06 cycles	Throughput : 0.099
Batch N°10 : Mean Response Time : 304.05 cycles	Mean Waiting Time : 0.03 cycles	Throughput : 0.095

End Of The Simulation at T= 197144.31 cycles
Injection Rate : 10500
Batch Size : 2000
Number of Batches : 10
Number of Clients Served : 20000
Overall Response Time : 304.78 cycles
Overall Waiting  Time : 0.51 cycles
Overall Throughput : 0.106 
Standard Deviation Response Time : 5.86564 cycles
Standard Deviation Waiting  Time : 1.44318 cycles
Standard Deviation Throughput : 0.029641 