Simulation Starting Time 2021-08-31 06:49:23
Welcome to Network-On-Chip ExpressCube Simulator 
This simulator was designed based on The Discrete Event Simulation.
It's a final year project to obtain the Master Degree
Student developer : Ziraoui Zakaria 
Supervisor: Prof. Mohamed Ould-Khaoua

Network Simulation Parameters :

Topology : 32 x 32 Express Cube with 2 Hops
Number of Nodes  : 1024 
Routing : Dimension-ordered (DOR)
Traffic : Uniform Random
Message length : 32 phits
Injection Rate : 180
Transmission Time Normal  Links : 32 Cycles
Transmission Time Express Links : 32 Cycles
Batch Means Method : Yes

Please wait, Simulation has been started...

Batch N° 1 : Mean Response Time : 347.84 cycles	Mean Waiting Time : 56.70 cycles	Throughput : 2.604
Batch N° 2 : Mean Response Time : 575.06 cycles	Mean Waiting Time : 189.91 cycles	Throughput : 3.700
Batch N° 3 : Mean Response Time : 717.20 cycles	Mean Waiting Time : 322.16 cycles	Throughput : 3.981
Batch N° 4 : Mean Response Time : 848.90 cycles	Mean Waiting Time : 446.34 cycles	Throughput : 3.938
Batch N° 5 : Mean Response Time : 988.54 cycles	Mean Waiting Time : 583.27 cycles	Throughput : 4.022
Batch N° 6 : Mean Response Time : 1084.42 cycles	Mean Waiting Time : 675.00 cycles	Throughput : 4.063
Batch N° 7 : Mean Response Time : 1221.76 cycles	Mean Waiting Time : 818.20 cycles	Throughput : 4.002
Batch N° 8 : Mean Response Time : 1350.63 cycles	Mean Waiting Time : 939.89 cycles	Throughput : 3.988
Batch N° 9 : Mean Response Time : 1417.24 cycles	Mean Waiting Time : 1013.07 cycles	Throughput : 3.907
Batch N°10 : Mean Response Time : 1564.60 cycles	Mean Waiting Time : 1160.94 cycles	Throughput : 3.911

End Of The Simulation at T= 5332.74 cycles
Injection Rate : 180
Batch Size : 2000
Number of Batches : 10
Number of Clients Served : 20000
Overall Response Time : 1011.62 cycles
Overall Waiting  Time : 620.55 cycles
Overall Throughput : 3.812 
Standard Deviation Response Time : 391.51852 cycles
Standard Deviation Waiting  Time : 367.31091 cycles
Standard Deviation Throughput : 0.435754 