Simulation Starting Time 2021-09-02 05:21:15
Welcome to Network-On-Chip ExpressCube Simulator 
This simulator was designed based on The Discrete Event Simulation.
It's a final year project to obtain the Master Degree
Student developer : Ziraoui Zakaria 
Supervisor: Prof. Mohamed Ould-Khaoua

Network Simulation Parameters :

Topology : 8 x 8 Express Cube with 2 Hops
Number of Nodes  : 64 
Routing : Dimension-ordered (DOR)
Traffic : Uniform Random
Message length : 32 phits
Injection Rate : 200
Transmission Time Normal  Links : 64 Cycles
Transmission Time Express Links : 64 Cycles
Batch Means Method : Yes

Please wait, Simulation has been started...

Batch N° 1 : Mean Response Time : 311.54 cycles	Mean Waiting Time : 57.54 cycles	Throughput : 0.314
Batch N° 2 : Mean Response Time : 339.36 cycles	Mean Waiting Time : 74.50 cycles	Throughput : 0.318
Batch N° 3 : Mean Response Time : 331.25 cycles	Mean Waiting Time : 67.98 cycles	Throughput : 0.319
Batch N° 4 : Mean Response Time : 316.04 cycles	Mean Waiting Time : 50.72 cycles	Throughput : 0.310
Batch N° 5 : Mean Response Time : 316.38 cycles	Mean Waiting Time : 58.34 cycles	Throughput : 0.326
Batch N° 6 : Mean Response Time : 354.85 cycles	Mean Waiting Time : 85.40 cycles	Throughput : 0.326
Batch N° 7 : Mean Response Time : 308.15 cycles	Mean Waiting Time : 49.80 cycles	Throughput : 0.315
Batch N° 8 : Mean Response Time : 315.08 cycles	Mean Waiting Time : 58.48 cycles	Throughput : 0.329
Batch N° 9 : Mean Response Time : 327.24 cycles	Mean Waiting Time : 62.59 cycles	Throughput : 0.329
Batch N°10 : Mean Response Time : 343.76 cycles	Mean Waiting Time : 81.95 cycles	Throughput : 0.326

End Of The Simulation at T= 62259.56 cycles
Injection Rate : 200
Batch Size : 2000
Number of Batches : 10
Number of Clients Served : 20000
Overall Response Time : 326.36 cycles
Overall Waiting  Time : 64.73 cycles
Overall Throughput : 0.321 
Standard Deviation Response Time : 15.60816 cycles
Standard Deviation Waiting  Time : 12.40550 cycles
Standard Deviation Throughput : 0.006988 