Simulation Starting Time 2021-09-02 06:49:11
Welcome to Network-On-Chip ExpressCube Simulator 
This simulator was designed based on The Discrete Event Simulation.
It's a final year project to obtain the Master Degree
Student developer : Ziraoui Zakaria 
Supervisor: Prof. Mohamed Ould-Khaoua

Network Simulation Parameters :

Topology : 32 x 32 Express Cube with 4 Hops
Number of Nodes  : 1024 
Routing : Dimension-ordered (DOR)
Traffic : Uniform Random
Message length : 32 phits
Injection Rate : 1000
Transmission Time Normal  Links : 96 Cycles
Transmission Time Express Links : 96 Cycles
Batch Means Method : Yes

Please wait, Simulation has been started...

Batch N° 1 : Mean Response Time : 834.49 cycles	Mean Waiting Time : 44.91 cycles	Throughput : 1.005
Batch N° 2 : Mean Response Time : 1020.52 cycles	Mean Waiting Time : 60.13 cycles	Throughput : 1.049
Batch N° 3 : Mean Response Time : 1031.44 cycles	Mean Waiting Time : 65.88 cycles	Throughput : 0.992
Batch N° 4 : Mean Response Time : 1044.32 cycles	Mean Waiting Time : 76.92 cycles	Throughput : 1.048
Batch N° 5 : Mean Response Time : 1038.02 cycles	Mean Waiting Time : 76.10 cycles	Throughput : 1.002
Batch N° 6 : Mean Response Time : 1020.37 cycles	Mean Waiting Time : 70.08 cycles	Throughput : 1.004
Batch N° 7 : Mean Response Time : 1045.00 cycles	Mean Waiting Time : 75.02 cycles	Throughput : 1.033
Batch N° 8 : Mean Response Time : 1032.29 cycles	Mean Waiting Time : 62.46 cycles	Throughput : 1.025
Batch N° 9 : Mean Response Time : 1014.28 cycles	Mean Waiting Time : 57.46 cycles	Throughput : 1.059
Batch N°10 : Mean Response Time : 1015.96 cycles	Mean Waiting Time : 63.83 cycles	Throughput : 1.004

End Of The Simulation at T= 19575.59 cycles
Injection Rate : 1000
Batch Size : 2000
Number of Batches : 10
Number of Clients Served : 20000
Overall Response Time : 1009.67 cycles
Overall Waiting  Time : 65.28 cycles
Overall Throughput : 1.022 
Standard Deviation Response Time : 62.55484 cycles
Standard Deviation Waiting  Time : 9.90817 cycles
Standard Deviation Throughput : 0.023860 