Simulation Starting Time 2021-09-04 04:26:43
Welcome to Network-On-Chip 2D Mesh Simulator 
This simulator was designed based on The Discrete Event Simulation.
It's a final year project to obtain the Master Degree
Student developer : Ziraoui Zakaria 
Supervisor: Prof. Mohamed Ould-Khaoua

Network Simulation Parameters :

Topology : 32 x 32 Mesh 
Number of Nodes  : 1024 
Routing : Dimension-ordered (DOR)
Traffic : Hotspot [16][16]
Message length : 32 phits
Injection Rate : 9200
Transmission Time : 32 Cycles
Batch Means Method : Yes

Please wait, Simulation has been started...

Batch N° 1 : Mean Response Time : 670.07 cycles	Mean Waiting Time : 28.50 cycles	Throughput : 0.212
Batch N° 2 : Mean Response Time : 632.29 cycles	Mean Waiting Time : 0.69 cycles	Throughput : 0.110
Batch N° 3 : Mean Response Time : 625.14 cycles	Mean Waiting Time : 1.37 cycles	Throughput : 0.112
Batch N° 4 : Mean Response Time : 638.68 cycles	Mean Waiting Time : 1.36 cycles	Throughput : 0.114
Batch N° 5 : Mean Response Time : 643.15 cycles	Mean Waiting Time : 0.62 cycles	Throughput : 0.113
Batch N° 6 : Mean Response Time : 624.76 cycles	Mean Waiting Time : 0.79 cycles	Throughput : 0.109
Batch N° 7 : Mean Response Time : 644.43 cycles	Mean Waiting Time : 0.98 cycles	Throughput : 0.113
Batch N° 8 : Mean Response Time : 637.62 cycles	Mean Waiting Time : 1.26 cycles	Throughput : 0.112
Batch N° 9 : Mean Response Time : 637.06 cycles	Mean Waiting Time : 0.74 cycles	Throughput : 0.110
Batch N°10 : Mean Response Time : 626.77 cycles	Mean Waiting Time : 1.06 cycles	Throughput : 0.114

End Of The Simulation at T= 170396.94 cycles
Injection Rate : 9200
Batch Size : 2000
Number of Batches : 10
Number of Clients Served : 20000
Overall Response Time : 638.00 cycles
Overall Waiting  Time : 3.74 cycles
Overall Throughput : 0.122 
Standard Deviation Response Time : 13.32162 cycles
Standard Deviation Waiting  Time : 8.70588 cycles
Standard Deviation Throughput : 0.031766 