Simulation Starting Time 2021-08-17 06:00:05
Welcome to Network-On-Chip ExpressCube Simulator 
This simulator was designed based on The Discrete Event Simulation.
It's a final year project to obtain the Master Degree
Student developer : Ziraoui Zakaria 
Supervisor: Prof. Mohamed Ould-Khaoua

Network Simulation Parameters :

Topology : 8 x 8 Express Cube with 2 Hops
Number of Nodes  : 64 
Routing : Dimension-ordered (DOR)
Traffic : Uniform Random
Message length : 32 phits
Injection Rate : 90
Transmission Time Normal  Links : 32 Cycles
Transmission Time Express Links : 32 Cycles
Batch Means Method : Yes

Please wait, Simulation has been started...

Batch N° 1 : Mean Response Time : 183.35 cycles	Mean Waiting Time : 50.52 cycles	Throughput : 0.706
Batch N° 2 : Mean Response Time : 192.17 cycles	Mean Waiting Time : 58.35 cycles	Throughput : 0.712
Batch N° 3 : Mean Response Time : 188.79 cycles	Mean Waiting Time : 55.14 cycles	Throughput : 0.700
Batch N° 4 : Mean Response Time : 177.94 cycles	Mean Waiting Time : 45.84 cycles	Throughput : 0.698
Batch N° 5 : Mean Response Time : 181.45 cycles	Mean Waiting Time : 48.15 cycles	Throughput : 0.686
Batch N° 6 : Mean Response Time : 170.93 cycles	Mean Waiting Time : 38.81 cycles	Throughput : 0.664
Batch N° 7 : Mean Response Time : 177.37 cycles	Mean Waiting Time : 44.99 cycles	Throughput : 0.656
Batch N° 8 : Mean Response Time : 171.47 cycles	Mean Waiting Time : 40.00 cycles	Throughput : 0.671
Batch N° 9 : Mean Response Time : 174.39 cycles	Mean Waiting Time : 39.00 cycles	Throughput : 0.665
Batch N°10 : Mean Response Time : 169.66 cycles	Mean Waiting Time : 38.27 cycles	Throughput : 0.646
Batch N°11 : Mean Response Time : 169.51 cycles	Mean Waiting Time : 38.63 cycles	Throughput : 0.652
Batch N°12 : Mean Response Time : 162.89 cycles	Mean Waiting Time : 31.65 cycles	Throughput : 0.630
Batch N°13 : Mean Response Time : 168.21 cycles	Mean Waiting Time : 36.68 cycles	Throughput : 0.640
Batch N°14 : Mean Response Time : 162.61 cycles	Mean Waiting Time : 30.83 cycles	Throughput : 0.635
Batch N°15 : Mean Response Time : 162.65 cycles	Mean Waiting Time : 30.94 cycles	Throughput : 0.637
Batch N°16 : Mean Response Time : 161.70 cycles	Mean Waiting Time : 29.80 cycles	Throughput : 0.634
Batch N°17 : Mean Response Time : 160.51 cycles	Mean Waiting Time : 31.00 cycles	Throughput : 0.642
Batch N°18 : Mean Response Time : 158.77 cycles	Mean Waiting Time : 27.88 cycles	Throughput : 0.635
Batch N°19 : Mean Response Time : 170.63 cycles	Mean Waiting Time : 39.77 cycles	Throughput : 0.653
Batch N°20 : Mean Response Time : 163.19 cycles	Mean Waiting Time : 31.92 cycles	Throughput : 0.642
Batch N°21 : Mean Response Time : 161.76 cycles	Mean Waiting Time : 30.80 cycles	Throughput : 0.643
Batch N°22 : Mean Response Time : 162.51 cycles	Mean Waiting Time : 31.06 cycles	Throughput : 0.639
Batch N°23 : Mean Response Time : 162.75 cycles	Mean Waiting Time : 31.50 cycles	Throughput : 0.638
Batch N°24 : Mean Response Time : 172.72 cycles	Mean Waiting Time : 40.41 cycles	Throughput : 0.648
Batch N°25 : Mean Response Time : 161.28 cycles	Mean Waiting Time : 31.65 cycles	Throughput : 0.623
Batch N°26 : Mean Response Time : 163.34 cycles	Mean Waiting Time : 32.63 cycles	Throughput : 0.639
Batch N°27 : Mean Response Time : 162.02 cycles	Mean Waiting Time : 29.50 cycles	Throughput : 0.634
Batch N°28 : Mean Response Time : 158.86 cycles	Mean Waiting Time : 28.30 cycles	Throughput : 0.629
Batch N°29 : Mean Response Time : 160.69 cycles	Mean Waiting Time : 29.48 cycles	Throughput : 0.632
Batch N°30 : Mean Response Time : 160.63 cycles	Mean Waiting Time : 29.65 cycles	Throughput : 0.616
Batch N°31 : Mean Response Time : 155.31 cycles	Mean Waiting Time : 25.91 cycles	Throughput : 0.606
Batch N°32 : Mean Response Time : 161.48 cycles	Mean Waiting Time : 31.43 cycles	Throughput : 0.615
Batch N°33 : Mean Response Time : 162.14 cycles	Mean Waiting Time : 31.01 cycles	Throughput : 0.606
Batch N°34 : Mean Response Time : 160.90 cycles	Mean Waiting Time : 29.44 cycles	Throughput : 0.621
Batch N°35 : Mean Response Time : 155.43 cycles	Mean Waiting Time : 25.16 cycles	Throughput : 0.602
Batch N°36 : Mean Response Time : 149.53 cycles	Mean Waiting Time : 21.45 cycles	Throughput : 0.594

End Of The Simulation at T= 559949.81 cycles
Injection Rate : 90
Batch Size : 10000
Number of Batches : 36
Number of Clients Served : 360000
Overall Response Time : 166.65 cycles
Overall Waiting  Time : 35.21 cycles
Overall Throughput : 0.644 
Standard Deviation Response Time : 9.43554 cycles
Standard Deviation Waiting  Time : 8.42119 cycles
Standard Deviation Throughput : 0.028765 