Simulation Starting Time 2021-08-31 06:55:00
Welcome to Network-On-Chip ExpressCube Simulator 
This simulator was designed based on The Discrete Event Simulation.
It's a final year project to obtain the Master Degree
Student developer : Ziraoui Zakaria 
Supervisor: Prof. Mohamed Ould-Khaoua

Network Simulation Parameters :

Topology : 32 x 32 Express Cube with 4 Hops
Number of Nodes  : 1024 
Routing : Dimension-ordered (DOR)
Traffic : Uniform Random
Message length : 32 phits
Injection Rate : 180
Transmission Time Normal  Links : 32 Cycles
Transmission Time Express Links : 32 Cycles
Batch Means Method : Yes

Please wait, Simulation has been started...

Batch N° 1 : Mean Response Time : 270.95 cycles	Mean Waiting Time : 21.94 cycles	Throughput : 3.513
Batch N° 2 : Mean Response Time : 362.28 cycles	Mean Waiting Time : 53.67 cycles	Throughput : 5.555
Batch N° 3 : Mean Response Time : 380.73 cycles	Mean Waiting Time : 66.77 cycles	Throughput : 5.584
Batch N° 4 : Mean Response Time : 389.35 cycles	Mean Waiting Time : 73.98 cycles	Throughput : 5.192
Batch N° 5 : Mean Response Time : 415.86 cycles	Mean Waiting Time : 91.34 cycles	Throughput : 5.182
Batch N° 6 : Mean Response Time : 413.03 cycles	Mean Waiting Time : 95.70 cycles	Throughput : 5.376
Batch N° 7 : Mean Response Time : 433.63 cycles	Mean Waiting Time : 113.93 cycles	Throughput : 5.441
Batch N° 8 : Mean Response Time : 440.82 cycles	Mean Waiting Time : 121.92 cycles	Throughput : 5.512
Batch N° 9 : Mean Response Time : 457.82 cycles	Mean Waiting Time : 141.44 cycles	Throughput : 5.447
Batch N°10 : Mean Response Time : 458.43 cycles	Mean Waiting Time : 141.40 cycles	Throughput : 5.529

End Of The Simulation at T= 3889.82 cycles
Injection Rate : 180
Batch Size : 2000
Number of Batches : 10
Number of Clients Served : 20000
Overall Response Time : 402.29 cycles
Overall Waiting  Time : 92.21 cycles
Overall Throughput : 5.233 
Standard Deviation Response Time : 56.25897 cycles
Standard Deviation Waiting  Time : 38.89156 cycles
Standard Deviation Throughput : 0.620384 