Simulation Starting Time 2021-08-17 05:44:02
Welcome to Network-On-Chip 2D Mesh Simulator 
This simulator was designed based on The Discrete Event Simulation.
It's a final year project to obtain the Master Degree
Student developer : Ziraoui Zakaria 
Supervisor: Prof. Mohamed Ould-Khaoua

Network Simulation Parameters :

Topology : 8 x 8 Mesh 
Number of Nodes  : 64 
Routing : Dimension-ordered (DOR)
Traffic : Uniform Random
Message length : 32 phits
Injection Rate : 350
Transmission Time : 32 Cycles
Batch Means Method : Yes

Please wait, Simulation has been started...

Batch N° 1 : Mean Response Time : 162.09 cycles	Mean Waiting Time : 3.27 cycles	Throughput : 0.183
Batch N° 2 : Mean Response Time : 161.70 cycles	Mean Waiting Time : 3.15 cycles	Throughput : 0.183
Batch N° 3 : Mean Response Time : 163.33 cycles	Mean Waiting Time : 3.18 cycles	Throughput : 0.178
Batch N° 4 : Mean Response Time : 162.54 cycles	Mean Waiting Time : 3.26 cycles	Throughput : 0.183
Batch N° 5 : Mean Response Time : 161.29 cycles	Mean Waiting Time : 3.12 cycles	Throughput : 0.180
Batch N° 6 : Mean Response Time : 161.56 cycles	Mean Waiting Time : 3.27 cycles	Throughput : 0.180
Batch N° 7 : Mean Response Time : 162.20 cycles	Mean Waiting Time : 3.23 cycles	Throughput : 0.178
Batch N° 8 : Mean Response Time : 161.93 cycles	Mean Waiting Time : 3.29 cycles	Throughput : 0.177
Batch N° 9 : Mean Response Time : 161.58 cycles	Mean Waiting Time : 2.98 cycles	Throughput : 0.173
Batch N°10 : Mean Response Time : 163.01 cycles	Mean Waiting Time : 2.91 cycles	Throughput : 0.177
Batch N°11 : Mean Response Time : 161.36 cycles	Mean Waiting Time : 2.70 cycles	Throughput : 0.169
Batch N°12 : Mean Response Time : 160.95 cycles	Mean Waiting Time : 2.68 cycles	Throughput : 0.171
Batch N°13 : Mean Response Time : 161.84 cycles	Mean Waiting Time : 3.03 cycles	Throughput : 0.166
Batch N°14 : Mean Response Time : 162.04 cycles	Mean Waiting Time : 2.65 cycles	Throughput : 0.163
Batch N°15 : Mean Response Time : 161.58 cycles	Mean Waiting Time : 2.67 cycles	Throughput : 0.163
Batch N°16 : Mean Response Time : 160.95 cycles	Mean Waiting Time : 2.66 cycles	Throughput : 0.163
Batch N°17 : Mean Response Time : 160.33 cycles	Mean Waiting Time : 2.67 cycles	Throughput : 0.160
Batch N°18 : Mean Response Time : 160.42 cycles	Mean Waiting Time : 2.62 cycles	Throughput : 0.161
Batch N°19 : Mean Response Time : 161.51 cycles	Mean Waiting Time : 2.99 cycles	Throughput : 0.166
Batch N°20 : Mean Response Time : 160.78 cycles	Mean Waiting Time : 2.57 cycles	Throughput : 0.162
Batch N°21 : Mean Response Time : 160.74 cycles	Mean Waiting Time : 2.48 cycles	Throughput : 0.159
Batch N°22 : Mean Response Time : 160.22 cycles	Mean Waiting Time : 2.82 cycles	Throughput : 0.158
Batch N°23 : Mean Response Time : 160.92 cycles	Mean Waiting Time : 2.52 cycles	Throughput : 0.161
Batch N°24 : Mean Response Time : 161.66 cycles	Mean Waiting Time : 2.36 cycles	Throughput : 0.161
Batch N°25 : Mean Response Time : 161.41 cycles	Mean Waiting Time : 2.72 cycles	Throughput : 0.159
Batch N°26 : Mean Response Time : 159.73 cycles	Mean Waiting Time : 2.67 cycles	Throughput : 0.159
Batch N°27 : Mean Response Time : 160.93 cycles	Mean Waiting Time : 2.64 cycles	Throughput : 0.161
Batch N°28 : Mean Response Time : 160.49 cycles	Mean Waiting Time : 2.49 cycles	Throughput : 0.159
Batch N°29 : Mean Response Time : 160.14 cycles	Mean Waiting Time : 2.35 cycles	Throughput : 0.158
Batch N°30 : Mean Response Time : 159.42 cycles	Mean Waiting Time : 2.47 cycles	Throughput : 0.153
Batch N°31 : Mean Response Time : 161.09 cycles	Mean Waiting Time : 2.33 cycles	Throughput : 0.152
Batch N°32 : Mean Response Time : 162.07 cycles	Mean Waiting Time : 2.36 cycles	Throughput : 0.151
Batch N°33 : Mean Response Time : 160.41 cycles	Mean Waiting Time : 2.32 cycles	Throughput : 0.152
Batch N°34 : Mean Response Time : 162.07 cycles	Mean Waiting Time : 2.54 cycles	Throughput : 0.153
Batch N°35 : Mean Response Time : 161.03 cycles	Mean Waiting Time : 2.50 cycles	Throughput : 0.153
Batch N°36 : Mean Response Time : 162.44 cycles	Mean Waiting Time : 2.34 cycles	Throughput : 0.149

End Of The Simulation at T= 2193851.25 cycles
Injection Rate : 350
Batch Size : 10000
Number of Batches : 36
Number of Clients Served : 360000
Overall Response Time : 161.33 cycles
Overall Waiting  Time : 2.74 cycles
Overall Throughput : 0.165 
Standard Deviation Response Time : 0.88087 cycles
Standard Deviation Waiting  Time : 0.31588 cycles
Standard Deviation Throughput : 0.010366 