Simulation Starting Time 2021-09-04 05:14:08
Welcome to Network-On-Chip ExpressCube Simulator 
This simulator was designed based on The Discrete Event Simulation.
It's a final year project to obtain the Master Degree
Student developer : Ziraoui Zakaria 
Supervisor: Prof. Mohamed Ould-Khaoua

Network Simulation Parameters :

Topology : 32 x 32 Express Cube with 8 Hops
Number of Nodes  : 1024 
Routing : Dimension-ordered (DOR)
Traffic : Hotspot [16][16]
Message length : 32 phits
Injection Rate : 90
Transmission Time Normal  Links : 160 Cycles
Transmission Time Express Links : 160 Cycles
Batch Means Method : Yes

Please wait, Simulation has been started...

Batch N° 1 : Mean Response Time : 1596.93 cycles	Mean Waiting Time : 433.85 cycles	Throughput : 0.735
Batch N° 2 : Mean Response Time : 2976.56 cycles	Mean Waiting Time : 1422.90 cycles	Throughput : 1.250
Batch N° 3 : Mean Response Time : 4164.72 cycles	Mean Waiting Time : 2494.57 cycles	Throughput : 1.250
Batch N° 4 : Mean Response Time : 5314.07 cycles	Mean Waiting Time : 3621.14 cycles	Throughput : 1.389
Batch N° 5 : Mean Response Time : 6436.87 cycles	Mean Waiting Time : 4705.83 cycles	Throughput : 1.358
Batch N° 6 : Mean Response Time : 7511.86 cycles	Mean Waiting Time : 5829.81 cycles	Throughput : 1.276
Batch N° 7 : Mean Response Time : 8612.89 cycles	Mean Waiting Time : 6909.60 cycles	Throughput : 1.389
Batch N° 8 : Mean Response Time : 9743.20 cycles	Mean Waiting Time : 8026.46 cycles	Throughput : 1.389
Batch N° 9 : Mean Response Time : 10824.37 cycles	Mean Waiting Time : 9105.06 cycles	Throughput : 1.389
Batch N°10 : Mean Response Time : 11910.50 cycles	Mean Waiting Time : 10199.16 cycles	Throughput : 1.389

End Of The Simulation at T= 16160.00 cycles
Injection Rate : 90
Batch Size : 2000
Number of Batches : 10
Number of Clients Served : 20000
Overall Response Time : 6909.20 cycles
Overall Waiting  Time : 5274.84 cycles
Overall Throughput : 1.281 
Standard Deviation Response Time : 3425.79297 cycles
Standard Deviation Waiting  Time : 3308.78174 cycles
Standard Deviation Throughput : 0.201071 