Simulation Starting Time 2021-09-01 06:08:54
Welcome to Network-On-Chip ExpressCube Simulator 
This simulator was designed based on The Discrete Event Simulation.
It's a final year project to obtain the Master Degree
Student developer : Ziraoui Zakaria 
Supervisor: Prof. Mohamed Ould-Khaoua

Network Simulation Parameters :

Topology : 16 x 16 Express Cube with 8 Hops
Number of Nodes  : 256 
Routing : Dimension-ordered (DOR)
Traffic : Hotspot [8][8]
Message length : 32 phits
Injection Rate : 70
Transmission Time Normal  Links : 32 Cycles
Transmission Time Express Links : 32 Cycles
Batch Means Method : Yes

Please wait, Simulation has been started...

Batch N° 1 : Mean Response Time : 404.76 cycles	Mean Waiting Time : 143.64 cycles	Throughput : 1.563
Batch N° 2 : Mean Response Time : 703.98 cycles	Mean Waiting Time : 414.18 cycles	Throughput : 1.953
Batch N° 3 : Mean Response Time : 981.21 cycles	Mean Waiting Time : 689.79 cycles	Throughput : 2.055
Batch N° 4 : Mean Response Time : 1233.35 cycles	Mean Waiting Time : 938.43 cycles	Throughput : 1.979
Batch N° 5 : Mean Response Time : 1501.62 cycles	Mean Waiting Time : 1209.75 cycles	Throughput : 2.026
Batch N° 6 : Mean Response Time : 1736.81 cycles	Mean Waiting Time : 1436.30 cycles	Throughput : 1.983
Batch N° 7 : Mean Response Time : 1948.86 cycles	Mean Waiting Time : 1655.34 cycles	Throughput : 2.099
Batch N° 8 : Mean Response Time : 2194.44 cycles	Mean Waiting Time : 1894.99 cycles	Throughput : 1.999
Batch N° 9 : Mean Response Time : 2457.93 cycles	Mean Waiting Time : 2161.92 cycles	Throughput : 2.024
Batch N°10 : Mean Response Time : 2648.96 cycles	Mean Waiting Time : 2353.14 cycles	Throughput : 2.043

End Of The Simulation at T= 10203.86 cycles
Injection Rate : 70
Batch Size : 2000
Number of Batches : 10
Number of Clients Served : 20000
Overall Response Time : 1581.19 cycles
Overall Waiting  Time : 1289.75 cycles
Overall Throughput : 1.972 
Standard Deviation Response Time : 751.67047 cycles
Standard Deviation Waiting  Time : 744.07898 cycles
Standard Deviation Throughput : 0.150072 