Simulation Starting Time 2021-08-31 05:59:13
Welcome to Network-On-Chip ExpressCube Simulator 
This simulator was designed based on The Discrete Event Simulation.
It's a final year project to obtain the Master Degree
Student developer : Ziraoui Zakaria 
Supervisor: Prof. Mohamed Ould-Khaoua

Network Simulation Parameters :

Topology : 16 x 16 Express Cube with 4 Hops
Number of Nodes  : 256 
Routing : Dimension-ordered (DOR)
Traffic : Uniform Random
Message length : 32 phits
Injection Rate : 300
Transmission Time Normal  Links : 32 Cycles
Transmission Time Express Links : 32 Cycles
Batch Means Method : Yes

Please wait, Simulation has been started...

Batch N° 1 : Mean Response Time : 220.56 cycles	Mean Waiting Time : 8.62 cycles	Throughput : 0.896
Batch N° 2 : Mean Response Time : 219.13 cycles	Mean Waiting Time : 5.36 cycles	Throughput : 0.857
Batch N° 3 : Mean Response Time : 220.21 cycles	Mean Waiting Time : 5.07 cycles	Throughput : 0.859
Batch N° 4 : Mean Response Time : 217.61 cycles	Mean Waiting Time : 5.33 cycles	Throughput : 0.871
Batch N° 5 : Mean Response Time : 217.65 cycles	Mean Waiting Time : 5.53 cycles	Throughput : 0.856
Batch N° 6 : Mean Response Time : 214.93 cycles	Mean Waiting Time : 4.82 cycles	Throughput : 0.829
Batch N° 7 : Mean Response Time : 219.09 cycles	Mean Waiting Time : 6.21 cycles	Throughput : 0.850
Batch N° 8 : Mean Response Time : 214.51 cycles	Mean Waiting Time : 4.99 cycles	Throughput : 0.874
Batch N° 9 : Mean Response Time : 214.85 cycles	Mean Waiting Time : 4.89 cycles	Throughput : 0.814
Batch N°10 : Mean Response Time : 214.77 cycles	Mean Waiting Time : 5.15 cycles	Throughput : 0.836

End Of The Simulation at T= 23427.49 cycles
Injection Rate : 300
Batch Size : 2000
Number of Batches : 10
Number of Clients Served : 20000
Overall Response Time : 217.33 cycles
Overall Waiting  Time : 5.60 cycles
Overall Throughput : 0.854 
Standard Deviation Response Time : 2.39756 cycles
Standard Deviation Waiting  Time : 1.13421 cycles
Standard Deviation Throughput : 0.023711 