Simulation Starting Time 2021-09-01 06:07:36
Welcome to Network-On-Chip ExpressCube Simulator 
This simulator was designed based on The Discrete Event Simulation.
It's a final year project to obtain the Master Degree
Student developer : Ziraoui Zakaria 
Supervisor: Prof. Mohamed Ould-Khaoua

Network Simulation Parameters :

Topology : 16 x 16 Express Cube with 4 Hops
Number of Nodes  : 256 
Routing : Dimension-ordered (DOR)
Traffic : Hotspot [8][8]
Message length : 32 phits
Injection Rate : 9200
Transmission Time Normal  Links : 32 Cycles
Transmission Time Express Links : 32 Cycles
Batch Means Method : Yes

Please wait, Simulation has been started...

Batch N° 1 : Mean Response Time : 198.26 cycles	Mean Waiting Time : 1.14 cycles	Throughput : 0.032
Batch N° 2 : Mean Response Time : 193.64 cycles	Mean Waiting Time : 0.23 cycles	Throughput : 0.028
Batch N° 3 : Mean Response Time : 200.57 cycles	Mean Waiting Time : 0.16 cycles	Throughput : 0.029
Batch N° 4 : Mean Response Time : 201.20 cycles	Mean Waiting Time : 0.17 cycles	Throughput : 0.028
Batch N° 5 : Mean Response Time : 195.37 cycles	Mean Waiting Time : 0.26 cycles	Throughput : 0.028
Batch N° 6 : Mean Response Time : 195.89 cycles	Mean Waiting Time : 0.19 cycles	Throughput : 0.028
Batch N° 7 : Mean Response Time : 196.74 cycles	Mean Waiting Time : 0.16 cycles	Throughput : 0.028
Batch N° 8 : Mean Response Time : 198.93 cycles	Mean Waiting Time : 0.29 cycles	Throughput : 0.027
Batch N° 9 : Mean Response Time : 198.02 cycles	Mean Waiting Time : 0.16 cycles	Throughput : 0.027
Batch N°10 : Mean Response Time : 197.95 cycles	Mean Waiting Time : 0.14 cycles	Throughput : 0.027

End Of The Simulation at T= 713780.50 cycles
Injection Rate : 9200
Batch Size : 2000
Number of Batches : 10
Number of Clients Served : 20000
Overall Response Time : 197.66 cycles
Overall Waiting  Time : 0.29 cycles
Overall Throughput : 0.028 
Standard Deviation Response Time : 2.32401 cycles
Standard Deviation Waiting  Time : 0.30100 cycles
Standard Deviation Throughput : 0.001490 