Simulation Starting Time 2021-08-31 07:01:30
Welcome to Network-On-Chip ExpressCube Simulator 
This simulator was designed based on The Discrete Event Simulation.
It's a final year project to obtain the Master Degree
Student developer : Ziraoui Zakaria 
Supervisor: Prof. Mohamed Ould-Khaoua

Network Simulation Parameters :

Topology : 32 x 32 Express Cube with 8 Hops
Number of Nodes  : 1024 
Routing : Dimension-ordered (DOR)
Traffic : Uniform Random
Message length : 32 phits
Injection Rate : 180
Transmission Time Normal  Links : 32 Cycles
Transmission Time Express Links : 32 Cycles
Batch Means Method : Yes

Please wait, Simulation has been started...

Batch N° 1 : Mean Response Time : 310.51 cycles	Mean Waiting Time : 23.02 cycles	Throughput : 3.125
Batch N° 2 : Mean Response Time : 418.61 cycles	Mean Waiting Time : 59.41 cycles	Throughput : 4.808
Batch N° 3 : Mean Response Time : 458.33 cycles	Mean Waiting Time : 89.63 cycles	Throughput : 5.161
Batch N° 4 : Mean Response Time : 515.29 cycles	Mean Waiting Time : 130.99 cycles	Throughput : 4.849
Batch N° 5 : Mean Response Time : 556.24 cycles	Mean Waiting Time : 175.84 cycles	Throughput : 5.030
Batch N° 6 : Mean Response Time : 586.23 cycles	Mean Waiting Time : 202.01 cycles	Throughput : 4.909
Batch N° 7 : Mean Response Time : 603.03 cycles	Mean Waiting Time : 222.92 cycles	Throughput : 5.056
Batch N° 8 : Mean Response Time : 647.95 cycles	Mean Waiting Time : 264.67 cycles	Throughput : 4.934
Batch N° 9 : Mean Response Time : 662.07 cycles	Mean Waiting Time : 275.73 cycles	Throughput : 4.878
Batch N°10 : Mean Response Time : 715.96 cycles	Mean Waiting Time : 329.39 cycles	Throughput : 5.051

End Of The Simulation at T= 4267.96 cycles
Injection Rate : 180
Batch Size : 2000
Number of Batches : 10
Number of Clients Served : 20000
Overall Response Time : 547.42 cycles
Overall Waiting  Time : 177.36 cycles
Overall Throughput : 4.780 
Standard Deviation Response Time : 123.83687 cycles
Standard Deviation Waiting  Time : 100.37573 cycles
Standard Deviation Throughput : 0.591741 