Simulation Starting Time 2021-08-31 06:48:36
Welcome to Network-On-Chip ExpressCube Simulator 
This simulator was designed based on The Discrete Event Simulation.
It's a final year project to obtain the Master Degree
Student developer : Ziraoui Zakaria 
Supervisor: Prof. Mohamed Ould-Khaoua

Network Simulation Parameters :

Topology : 32 x 32 Express Cube with 2 Hops
Number of Nodes  : 1024 
Routing : Dimension-ordered (DOR)
Traffic : Uniform Random
Message length : 32 phits
Injection Rate : 300
Transmission Time Normal  Links : 32 Cycles
Transmission Time Express Links : 32 Cycles
Batch Means Method : Yes

Please wait, Simulation has been started...

Batch N° 1 : Mean Response Time : 382.80 cycles	Mean Waiting Time : 52.76 cycles	Throughput : 2.336
Batch N° 2 : Mean Response Time : 558.66 cycles	Mean Waiting Time : 138.34 cycles	Throughput : 3.427
Batch N° 3 : Mean Response Time : 600.06 cycles	Mean Waiting Time : 174.84 cycles	Throughput : 3.447
Batch N° 4 : Mean Response Time : 598.92 cycles	Mean Waiting Time : 181.46 cycles	Throughput : 3.332
Batch N° 5 : Mean Response Time : 627.18 cycles	Mean Waiting Time : 202.02 cycles	Throughput : 3.337
Batch N° 6 : Mean Response Time : 608.17 cycles	Mean Waiting Time : 195.41 cycles	Throughput : 3.401
Batch N° 7 : Mean Response Time : 619.39 cycles	Mean Waiting Time : 201.98 cycles	Throughput : 3.482
Batch N° 8 : Mean Response Time : 601.18 cycles	Mean Waiting Time : 184.57 cycles	Throughput : 3.361
Batch N° 9 : Mean Response Time : 624.83 cycles	Mean Waiting Time : 200.38 cycles	Throughput : 3.371
Batch N°10 : Mean Response Time : 643.95 cycles	Mean Waiting Time : 218.18 cycles	Throughput : 3.507

End Of The Simulation at T= 6141.26 cycles
Injection Rate : 300
Batch Size : 2000
Number of Batches : 10
Number of Clients Served : 20000
Overall Response Time : 586.51 cycles
Overall Waiting  Time : 174.99 cycles
Overall Throughput : 3.300 
Standard Deviation Response Time : 75.12811 cycles
Standard Deviation Waiting  Time : 48.07904 cycles
Standard Deviation Throughput : 0.343939 