Simulation Starting Time 2021-09-02 05:22:31
Welcome to Network-On-Chip ExpressCube Simulator 
This simulator was designed based on The Discrete Event Simulation.
It's a final year project to obtain the Master Degree
Student developer : Ziraoui Zakaria 
Supervisor: Prof. Mohamed Ould-Khaoua

Network Simulation Parameters :

Topology : 8 x 8 Express Cube with 4 Hops
Number of Nodes  : 64 
Routing : Dimension-ordered (DOR)
Traffic : Uniform Random
Message length : 32 phits
Injection Rate : 180
Transmission Time Normal  Links : 96 Cycles
Transmission Time Express Links : 96 Cycles
Batch Means Method : Yes

Please wait, Simulation has been started...

Batch N° 1 : Mean Response Time : 1122.74 cycles	Mean Waiting Time : 640.85 cycles	Throughput : 0.273
Batch N° 2 : Mean Response Time : 2125.68 cycles	Mean Waiting Time : 1626.49 cycles	Throughput : 0.298
Batch N° 3 : Mean Response Time : 3043.24 cycles	Mean Waiting Time : 2545.34 cycles	Throughput : 0.299
Batch N° 4 : Mean Response Time : 3561.39 cycles	Mean Waiting Time : 3055.66 cycles	Throughput : 0.305
Batch N° 5 : Mean Response Time : 4348.12 cycles	Mean Waiting Time : 3844.29 cycles	Throughput : 0.308
Batch N° 6 : Mean Response Time : 5222.30 cycles	Mean Waiting Time : 4709.17 cycles	Throughput : 0.297
Batch N° 7 : Mean Response Time : 5698.29 cycles	Mean Waiting Time : 5193.48 cycles	Throughput : 0.307
Batch N° 8 : Mean Response Time : 6366.36 cycles	Mean Waiting Time : 5871.52 cycles	Throughput : 0.309
Batch N° 9 : Mean Response Time : 7286.32 cycles	Mean Waiting Time : 6776.01 cycles	Throughput : 0.303
Batch N°10 : Mean Response Time : 8643.75 cycles	Mean Waiting Time : 8136.20 cycles	Throughput : 0.301

End Of The Simulation at T= 66747.47 cycles
Injection Rate : 180
Batch Size : 2000
Number of Batches : 10
Number of Clients Served : 20000
Overall Response Time : 4741.82 cycles
Overall Waiting  Time : 4239.90 cycles
Overall Throughput : 0.300 
Standard Deviation Response Time : 2353.71729 cycles
Standard Deviation Waiting  Time : 2348.00757 cycles
Standard Deviation Throughput : 0.010299 