Simulation Starting Time 2021-09-02 06:19:30
Welcome to Network-On-Chip ExpressCube Simulator 
This simulator was designed based on The Discrete Event Simulation.
It's a final year project to obtain the Master Degree
Student developer : Ziraoui Zakaria 
Supervisor: Prof. Mohamed Ould-Khaoua

Network Simulation Parameters :

Topology : 16 x 16 Express Cube with 4 Hops
Number of Nodes  : 256 
Routing : Dimension-ordered (DOR)
Traffic : Uniform Random
Message length : 32 phits
Injection Rate : 100
Transmission Time Normal  Links : 96 Cycles
Transmission Time Express Links : 96 Cycles
Batch Means Method : Yes

Please wait, Simulation has been started...

Batch N° 1 : Mean Response Time : 998.44 cycles	Mean Waiting Time : 410.69 cycles	Throughput : 0.801
Batch N° 2 : Mean Response Time : 1993.83 cycles	Mean Waiting Time : 1316.16 cycles	Throughput : 1.042
Batch N° 3 : Mean Response Time : 2841.41 cycles	Mean Waiting Time : 2143.74 cycles	Throughput : 1.105
Batch N° 4 : Mean Response Time : 3594.20 cycles	Mean Waiting Time : 2906.73 cycles	Throughput : 1.148
Batch N° 5 : Mean Response Time : 4392.07 cycles	Mean Waiting Time : 3699.70 cycles	Throughput : 1.141
Batch N° 6 : Mean Response Time : 5159.11 cycles	Mean Waiting Time : 4464.94 cycles	Throughput : 1.151
Batch N° 7 : Mean Response Time : 5941.13 cycles	Mean Waiting Time : 5248.55 cycles	Throughput : 1.181
Batch N° 8 : Mean Response Time : 6689.27 cycles	Mean Waiting Time : 6003.06 cycles	Throughput : 1.146
Batch N° 9 : Mean Response Time : 7467.26 cycles	Mean Waiting Time : 6779.15 cycles	Throughput : 1.103
Batch N°10 : Mean Response Time : 8268.93 cycles	Mean Waiting Time : 7573.62 cycles	Throughput : 1.162

End Of The Simulation at T= 18432.00 cycles
Injection Rate : 100
Batch Size : 2000
Number of Batches : 10
Number of Clients Served : 20000
Overall Response Time : 4734.56 cycles
Overall Waiting  Time : 4054.63 cycles
Overall Throughput : 1.098 
Standard Deviation Response Time : 2401.11841 cycles
Standard Deviation Waiting  Time : 2382.08960 cycles
Standard Deviation Throughput : 0.111405 