Simulation Starting Time 2021-08-31 06:51:39
Welcome to Network-On-Chip ExpressCube Simulator 
This simulator was designed based on The Discrete Event Simulation.
It's a final year project to obtain the Master Degree
Student developer : Ziraoui Zakaria 
Supervisor: Prof. Mohamed Ould-Khaoua

Network Simulation Parameters :

Topology : 32 x 32 Express Cube with 2 Hops
Number of Nodes  : 1024 
Routing : Dimension-ordered (DOR)
Traffic : Uniform Random
Message length : 32 phits
Injection Rate : 80
Transmission Time Normal  Links : 32 Cycles
Transmission Time Express Links : 32 Cycles
Batch Means Method : Yes

Please wait, Simulation has been started...

Batch N° 1 : Mean Response Time : 308.65 cycles	Mean Waiting Time : 60.69 cycles	Throughput : 2.841
Batch N° 2 : Mean Response Time : 551.43 cycles	Mean Waiting Time : 224.08 cycles	Throughput : 4.167
Batch N° 3 : Mean Response Time : 748.21 cycles	Mean Waiting Time : 404.79 cycles	Throughput : 4.167
Batch N° 4 : Mean Response Time : 931.51 cycles	Mean Waiting Time : 587.10 cycles	Throughput : 4.175
Batch N° 5 : Mean Response Time : 1087.68 cycles	Mean Waiting Time : 737.24 cycles	Throughput : 4.455
Batch N° 6 : Mean Response Time : 1244.21 cycles	Mean Waiting Time : 900.87 cycles	Throughput : 4.444
Batch N° 7 : Mean Response Time : 1416.31 cycles	Mean Waiting Time : 1066.82 cycles	Throughput : 4.339
Batch N° 8 : Mean Response Time : 1599.45 cycles	Mean Waiting Time : 1245.77 cycles	Throughput : 4.403
Batch N° 9 : Mean Response Time : 1721.33 cycles	Mean Waiting Time : 1370.05 cycles	Throughput : 4.550
Batch N°10 : Mean Response Time : 1916.28 cycles	Mean Waiting Time : 1562.25 cycles	Throughput : 4.281

End Of The Simulation at T= 4864.00 cycles
Injection Rate : 80
Batch Size : 2000
Number of Batches : 10
Number of Clients Served : 20000
Overall Response Time : 1152.51 cycles
Overall Waiting  Time : 815.97 cycles
Overall Throughput : 4.182 
Standard Deviation Response Time : 524.35657 cycles
Standard Deviation Waiting  Time : 501.90958 cycles
Standard Deviation Throughput : 0.489968 