Simulation Starting Time 2021-08-31 05:59:17
Welcome to Network-On-Chip ExpressCube Simulator 
This simulator was designed based on The Discrete Event Simulation.
It's a final year project to obtain the Master Degree
Student developer : Ziraoui Zakaria 
Supervisor: Prof. Mohamed Ould-Khaoua

Network Simulation Parameters :

Topology : 16 x 16 Express Cube with 4 Hops
Number of Nodes  : 256 
Routing : Dimension-ordered (DOR)
Traffic : Uniform Random
Message length : 32 phits
Injection Rate : 160
Transmission Time Normal  Links : 32 Cycles
Transmission Time Express Links : 32 Cycles
Batch Means Method : Yes

Please wait, Simulation has been started...

Batch N° 1 : Mean Response Time : 235.11 cycles	Mean Waiting Time : 26.77 cycles	Throughput : 1.489
Batch N° 2 : Mean Response Time : 282.42 cycles	Mean Waiting Time : 57.92 cycles	Throughput : 1.573
Batch N° 3 : Mean Response Time : 277.28 cycles	Mean Waiting Time : 52.12 cycles	Throughput : 1.602
Batch N° 4 : Mean Response Time : 284.68 cycles	Mean Waiting Time : 59.33 cycles	Throughput : 1.625
Batch N° 5 : Mean Response Time : 291.85 cycles	Mean Waiting Time : 66.91 cycles	Throughput : 1.571
Batch N° 6 : Mean Response Time : 266.99 cycles	Mean Waiting Time : 50.29 cycles	Throughput : 1.625
Batch N° 7 : Mean Response Time : 278.80 cycles	Mean Waiting Time : 57.43 cycles	Throughput : 1.589
Batch N° 8 : Mean Response Time : 286.67 cycles	Mean Waiting Time : 59.31 cycles	Throughput : 1.621
Batch N° 9 : Mean Response Time : 288.06 cycles	Mean Waiting Time : 63.29 cycles	Throughput : 1.560
Batch N°10 : Mean Response Time : 268.72 cycles	Mean Waiting Time : 47.59 cycles	Throughput : 1.654

End Of The Simulation at T= 12582.22 cycles
Injection Rate : 160
Batch Size : 2000
Number of Batches : 10
Number of Clients Served : 20000
Overall Response Time : 276.06 cycles
Overall Waiting  Time : 54.10 cycles
Overall Throughput : 1.591 
Standard Deviation Response Time : 16.47480 cycles
Standard Deviation Waiting  Time : 11.23730 cycles
Standard Deviation Throughput : 0.046438 