Simulation Starting Time 2021-08-31 06:54:49
Welcome to Network-On-Chip ExpressCube Simulator 
This simulator was designed based on The Discrete Event Simulation.
It's a final year project to obtain the Master Degree
Student developer : Ziraoui Zakaria 
Supervisor: Prof. Mohamed Ould-Khaoua

Network Simulation Parameters :

Topology : 32 x 32 Express Cube with 4 Hops
Number of Nodes  : 1024 
Routing : Dimension-ordered (DOR)
Traffic : Uniform Random
Message length : 32 phits
Injection Rate : 200
Transmission Time Normal  Links : 32 Cycles
Transmission Time Express Links : 32 Cycles
Batch Means Method : Yes

Please wait, Simulation has been started...

Batch N° 1 : Mean Response Time : 272.17 cycles	Mean Waiting Time : 20.62 cycles	Throughput : 3.492
Batch N° 2 : Mean Response Time : 356.83 cycles	Mean Waiting Time : 46.90 cycles	Throughput : 4.931
Batch N° 3 : Mean Response Time : 375.82 cycles	Mean Waiting Time : 53.64 cycles	Throughput : 5.080
Batch N° 4 : Mean Response Time : 376.91 cycles	Mean Waiting Time : 61.25 cycles	Throughput : 5.000
Batch N° 5 : Mean Response Time : 384.49 cycles	Mean Waiting Time : 68.61 cycles	Throughput : 4.954
Batch N° 6 : Mean Response Time : 418.01 cycles	Mean Waiting Time : 94.26 cycles	Throughput : 4.972
Batch N° 7 : Mean Response Time : 426.33 cycles	Mean Waiting Time : 102.63 cycles	Throughput : 4.970
Batch N° 8 : Mean Response Time : 431.39 cycles	Mean Waiting Time : 108.41 cycles	Throughput : 4.954
Batch N° 9 : Mean Response Time : 442.36 cycles	Mean Waiting Time : 117.10 cycles	Throughput : 5.104
Batch N°10 : Mean Response Time : 442.78 cycles	Mean Waiting Time : 120.28 cycles	Throughput : 4.831

End Of The Simulation at T= 4190.02 cycles
Injection Rate : 200
Batch Size : 2000
Number of Batches : 10
Number of Clients Served : 20000
Overall Response Time : 392.71 cycles
Overall Waiting  Time : 79.37 cycles
Overall Throughput : 4.829 
Standard Deviation Response Time : 52.34411 cycles
Standard Deviation Waiting  Time : 33.85415 cycles
Standard Deviation Throughput : 0.475770 