Simulation Starting Time 2021-08-31 07:14:07
Welcome to Network-On-Chip ExpressCube Simulator 
This simulator was designed based on The Discrete Event Simulation.
It's a final year project to obtain the Master Degree
Student developer : Ziraoui Zakaria 
Supervisor: Prof. Mohamed Ould-Khaoua

Network Simulation Parameters :

Topology : 16 x 16 Express Cube with 8 Hops
Number of Nodes  : 256 
Routing : Dimension-ordered (DOR)
Traffic : Uniform Random
Message length : 32 phits
Injection Rate : 160
Transmission Time Normal  Links : 32 Cycles
Transmission Time Express Links : 32 Cycles
Batch Means Method : Yes

Please wait, Simulation has been started...

Batch N° 1 : Mean Response Time : 339.39 cycles	Mean Waiting Time : 55.77 cycles	Throughput : 1.330
Batch N° 2 : Mean Response Time : 405.14 cycles	Mean Waiting Time : 101.81 cycles	Throughput : 1.535
Batch N° 3 : Mean Response Time : 412.12 cycles	Mean Waiting Time : 109.98 cycles	Throughput : 1.567
Batch N° 4 : Mean Response Time : 416.00 cycles	Mean Waiting Time : 112.17 cycles	Throughput : 1.530
Batch N° 5 : Mean Response Time : 433.76 cycles	Mean Waiting Time : 132.66 cycles	Throughput : 1.585
Batch N° 6 : Mean Response Time : 449.18 cycles	Mean Waiting Time : 146.48 cycles	Throughput : 1.648
Batch N° 7 : Mean Response Time : 473.29 cycles	Mean Waiting Time : 164.77 cycles	Throughput : 1.595
Batch N° 8 : Mean Response Time : 479.47 cycles	Mean Waiting Time : 174.75 cycles	Throughput : 1.530
Batch N° 9 : Mean Response Time : 477.82 cycles	Mean Waiting Time : 168.74 cycles	Throughput : 1.617
Batch N°10 : Mean Response Time : 472.61 cycles	Mean Waiting Time : 169.33 cycles	Throughput : 1.642

End Of The Simulation at T= 12881.55 cycles
Injection Rate : 160
Batch Size : 2000
Number of Batches : 10
Number of Clients Served : 20000
Overall Response Time : 435.88 cycles
Overall Waiting  Time : 133.64 cycles
Overall Throughput : 1.558 
Standard Deviation Response Time : 44.47757 cycles
Standard Deviation Waiting  Time : 38.62756 cycles
Standard Deviation Throughput : 0.091284 