Simulation Starting Time 2021-08-31 06:54:18
Welcome to Network-On-Chip ExpressCube Simulator 
This simulator was designed based on The Discrete Event Simulation.
It's a final year project to obtain the Master Degree
Student developer : Ziraoui Zakaria 
Supervisor: Prof. Mohamed Ould-Khaoua

Network Simulation Parameters :

Topology : 32 x 32 Express Cube with 4 Hops
Number of Nodes  : 1024 
Routing : Dimension-ordered (DOR)
Traffic : Uniform Random
Message length : 32 phits
Injection Rate : 9200
Transmission Time Normal  Links : 32 Cycles
Transmission Time Express Links : 32 Cycles
Batch Means Method : Yes

Please wait, Simulation has been started...

Batch N° 1 : Mean Response Time : 321.41 cycles	Mean Waiting Time : 4.16 cycles	Throughput : 0.221
Batch N° 2 : Mean Response Time : 306.96 cycles	Mean Waiting Time : 0.09 cycles	Throughput : 0.111
Batch N° 3 : Mean Response Time : 305.81 cycles	Mean Waiting Time : 0.04 cycles	Throughput : 0.114
Batch N° 4 : Mean Response Time : 305.99 cycles	Mean Waiting Time : 0.05 cycles	Throughput : 0.108
Batch N° 5 : Mean Response Time : 303.16 cycles	Mean Waiting Time : 0.11 cycles	Throughput : 0.109
Batch N° 6 : Mean Response Time : 310.93 cycles	Mean Waiting Time : 0.07 cycles	Throughput : 0.109
Batch N° 7 : Mean Response Time : 305.08 cycles	Mean Waiting Time : 0.09 cycles	Throughput : 0.112
Batch N° 8 : Mean Response Time : 301.65 cycles	Mean Waiting Time : 0.03 cycles	Throughput : 0.114
Batch N° 9 : Mean Response Time : 304.86 cycles	Mean Waiting Time : 0.06 cycles	Throughput : 0.112
Batch N°10 : Mean Response Time : 300.58 cycles	Mean Waiting Time : 0.04 cycles	Throughput : 0.109

End Of The Simulation at T= 171365.11 cycles
Injection Rate : 9200
Batch Size : 2000
Number of Batches : 10
Number of Clients Served : 20000
Overall Response Time : 306.64 cycles
Overall Waiting  Time : 0.47 cycles
Overall Throughput : 0.122 
Standard Deviation Response Time : 5.93568 cycles
Standard Deviation Waiting  Time : 1.29493 cycles
Standard Deviation Throughput : 0.034992 