Simulation Starting Time 2021-09-02 06:29:22
Welcome to Network-On-Chip 2D Mesh Simulator 
This simulator was designed based on The Discrete Event Simulation.
It's a final year project to obtain the Master Degree
Student developer : Ziraoui Zakaria 
Supervisor: Prof. Mohamed Ould-Khaoua

Network Simulation Parameters :

Topology : 32 x 32 Mesh 
Number of Nodes  : 1024 
Routing : Dimension-ordered (DOR)
Traffic : Uniform Random
Message length : 32 phits
Injection Rate : 100
Transmission Time : 32 Cycles
Batch Means Method : Yes

Please wait, Simulation has been started...

Batch N° 1 : Mean Response Time : 459.24 cycles	Mean Waiting Time : 80.08 cycles	Throughput : 2.076
Batch N° 2 : Mean Response Time : 786.46 cycles	Mean Waiting Time : 259.16 cycles	Throughput : 3.701
Batch N° 3 : Mean Response Time : 1005.38 cycles	Mean Waiting Time : 446.41 cycles	Throughput : 3.906
Batch N° 4 : Mean Response Time : 1231.50 cycles	Mean Waiting Time : 653.67 cycles	Throughput : 3.888
Batch N° 5 : Mean Response Time : 1388.89 cycles	Mean Waiting Time : 820.92 cycles	Throughput : 3.900
Batch N° 6 : Mean Response Time : 1622.80 cycles	Mean Waiting Time : 1038.81 cycles	Throughput : 3.931
Batch N° 7 : Mean Response Time : 1808.98 cycles	Mean Waiting Time : 1223.53 cycles	Throughput : 3.906
Batch N° 8 : Mean Response Time : 2042.62 cycles	Mean Waiting Time : 1454.46 cycles	Throughput : 3.906
Batch N° 9 : Mean Response Time : 2182.85 cycles	Mean Waiting Time : 1606.04 cycles	Throughput : 3.906
Batch N°10 : Mean Response Time : 2382.34 cycles	Mean Waiting Time : 1797.23 cycles	Throughput : 4.017

End Of The Simulation at T= 5585.83 cycles
Injection Rate : 100
Batch Size : 2000
Number of Batches : 10
Number of Clients Served : 20000
Overall Response Time : 1491.11 cycles
Overall Waiting  Time : 938.03 cycles
Overall Throughput : 3.714 
Standard Deviation Response Time : 629.84955 cycles
Standard Deviation Waiting  Time : 584.62115 cycles
Standard Deviation Throughput : 0.580828 