Simulation Starting Time 2021-08-31 06:54:19
Welcome to Network-On-Chip ExpressCube Simulator 
This simulator was designed based on The Discrete Event Simulation.
It's a final year project to obtain the Master Degree
Student developer : Ziraoui Zakaria 
Supervisor: Prof. Mohamed Ould-Khaoua

Network Simulation Parameters :

Topology : 32 x 32 Express Cube with 4 Hops
Number of Nodes  : 1024 
Routing : Dimension-ordered (DOR)
Traffic : Uniform Random
Message length : 32 phits
Injection Rate : 1000
Transmission Time Normal  Links : 32 Cycles
Transmission Time Express Links : 32 Cycles
Batch Means Method : Yes

Please wait, Simulation has been started...

Batch N° 1 : Mean Response Time : 309.91 cycles	Mean Waiting Time : 7.60 cycles	Throughput : 1.575
Batch N° 2 : Mean Response Time : 301.98 cycles	Mean Waiting Time : 0.95 cycles	Throughput : 1.001
Batch N° 3 : Mean Response Time : 319.72 cycles	Mean Waiting Time : 1.31 cycles	Throughput : 1.037
Batch N° 4 : Mean Response Time : 311.43 cycles	Mean Waiting Time : 1.32 cycles	Throughput : 1.046
Batch N° 5 : Mean Response Time : 308.49 cycles	Mean Waiting Time : 1.10 cycles	Throughput : 0.983
Batch N° 6 : Mean Response Time : 314.29 cycles	Mean Waiting Time : 1.36 cycles	Throughput : 1.057
Batch N° 7 : Mean Response Time : 307.28 cycles	Mean Waiting Time : 1.22 cycles	Throughput : 1.008
Batch N° 8 : Mean Response Time : 307.59 cycles	Mean Waiting Time : 0.93 cycles	Throughput : 1.026
Batch N° 9 : Mean Response Time : 309.31 cycles	Mean Waiting Time : 0.96 cycles	Throughput : 1.017
Batch N°10 : Mean Response Time : 310.11 cycles	Mean Waiting Time : 1.41 cycles	Throughput : 1.022

End Of The Simulation at T= 18892.75 cycles
Injection Rate : 1000
Batch Size : 2000
Number of Batches : 10
Number of Clients Served : 20000
Overall Response Time : 310.01 cycles
Overall Waiting  Time : 1.82 cycles
Overall Throughput : 1.077 
Standard Deviation Response Time : 4.65570 cycles
Standard Deviation Waiting  Time : 2.04059 cycles
Standard Deviation Throughput : 0.176285 