Simulation Starting Time 2021-09-04 04:26:41
Welcome to Network-On-Chip 2D Mesh Simulator 
This simulator was designed based on The Discrete Event Simulation.
It's a final year project to obtain the Master Degree
Student developer : Ziraoui Zakaria 
Supervisor: Prof. Mohamed Ould-Khaoua

Network Simulation Parameters :

Topology : 32 x 32 Mesh 
Number of Nodes  : 1024 
Routing : Dimension-ordered (DOR)
Traffic : Hotspot [16][16]
Message length : 32 phits
Injection Rate : 10500
Transmission Time : 32 Cycles
Batch Means Method : Yes

Please wait, Simulation has been started...

Batch N° 1 : Mean Response Time : 682.56 cycles	Mean Waiting Time : 33.69 cycles	Throughput : 0.181
Batch N° 2 : Mean Response Time : 634.08 cycles	Mean Waiting Time : 0.91 cycles	Throughput : 0.095
Batch N° 3 : Mean Response Time : 628.50 cycles	Mean Waiting Time : 0.71 cycles	Throughput : 0.098
Batch N° 4 : Mean Response Time : 628.73 cycles	Mean Waiting Time : 0.74 cycles	Throughput : 0.101
Batch N° 5 : Mean Response Time : 631.35 cycles	Mean Waiting Time : 0.94 cycles	Throughput : 0.099
Batch N° 6 : Mean Response Time : 630.65 cycles	Mean Waiting Time : 0.79 cycles	Throughput : 0.098
Batch N° 7 : Mean Response Time : 635.28 cycles	Mean Waiting Time : 0.62 cycles	Throughput : 0.100
Batch N° 8 : Mean Response Time : 623.88 cycles	Mean Waiting Time : 0.80 cycles	Throughput : 0.101
Batch N° 9 : Mean Response Time : 631.38 cycles	Mean Waiting Time : 0.59 cycles	Throughput : 0.097
Batch N°10 : Mean Response Time : 619.90 cycles	Mean Waiting Time : 0.73 cycles	Throughput : 0.097

End Of The Simulation at T= 194309.31 cycles
Injection Rate : 10500
Batch Size : 2000
Number of Batches : 10
Number of Clients Served : 20000
Overall Response Time : 634.63 cycles
Overall Waiting  Time : 4.05 cycles
Overall Throughput : 0.107 
Standard Deviation Response Time : 17.44885 cycles
Standard Deviation Waiting  Time : 10.41511 cycles
Standard Deviation Throughput : 0.026218 