Simulation Starting Time 2021-09-02 06:13:41
Welcome to Network-On-Chip 2D Mesh Simulator 
This simulator was designed based on The Discrete Event Simulation.
It's a final year project to obtain the Master Degree
Student developer : Ziraoui Zakaria 
Supervisor: Prof. Mohamed Ould-Khaoua

Network Simulation Parameters :

Topology : 16 x 16 Mesh 
Number of Nodes  : 256 
Routing : Dimension-ordered (DOR)
Traffic : Uniform Random
Message length : 32 phits
Injection Rate : 150
Transmission Time : 32 Cycles
Batch Means Method : Yes

Please wait, Simulation has been started...

Batch N° 1 : Mean Response Time : 418.52 cycles	Mean Waiting Time : 96.51 cycles	Throughput : 1.246
Batch N° 2 : Mean Response Time : 594.61 cycles	Mean Waiting Time : 230.68 cycles	Throughput : 1.563
Batch N° 3 : Mean Response Time : 637.85 cycles	Mean Waiting Time : 277.78 cycles	Throughput : 1.607
Batch N° 4 : Mean Response Time : 700.19 cycles	Mean Waiting Time : 339.05 cycles	Throughput : 1.623
Batch N° 5 : Mean Response Time : 769.57 cycles	Mean Waiting Time : 404.04 cycles	Throughput : 1.622
Batch N° 6 : Mean Response Time : 794.39 cycles	Mean Waiting Time : 437.07 cycles	Throughput : 1.588
Batch N° 7 : Mean Response Time : 886.79 cycles	Mean Waiting Time : 521.16 cycles	Throughput : 1.645
Batch N° 8 : Mean Response Time : 937.32 cycles	Mean Waiting Time : 571.50 cycles	Throughput : 1.642
Batch N° 9 : Mean Response Time : 971.81 cycles	Mean Waiting Time : 606.21 cycles	Throughput : 1.620
Batch N°10 : Mean Response Time : 1033.79 cycles	Mean Waiting Time : 667.63 cycles	Throughput : 1.643

End Of The Simulation at T= 12740.73 cycles
Injection Rate : 150
Batch Size : 2000
Number of Batches : 10
Number of Clients Served : 20000
Overall Response Time : 774.48 cycles
Overall Waiting  Time : 415.16 cycles
Overall Throughput : 1.580 
Standard Deviation Response Time : 191.18903 cycles
Standard Deviation Waiting  Time : 181.58649 cycles
Standard Deviation Throughput : 0.120176 