Simulation Starting Time 2021-09-01 06:04:12
Welcome to Network-On-Chip ExpressCube Simulator 
This simulator was designed based on The Discrete Event Simulation.
It's a final year project to obtain the Master Degree
Student developer : Ziraoui Zakaria 
Supervisor: Prof. Mohamed Ould-Khaoua

Network Simulation Parameters :

Topology : 8 x 8 Express Cube with 4 Hops
Number of Nodes  : 64 
Routing : Dimension-ordered (DOR)
Traffic : Hotspot [4][4]
Message length : 32 phits
Injection Rate : 400
Transmission Time Normal  Links : 32 Cycles
Transmission Time Express Links : 32 Cycles
Batch Means Method : Yes

Please wait, Simulation has been started...

Batch N° 1 : Mean Response Time : 137.50 cycles	Mean Waiting Time : 3.83 cycles	Throughput : 0.163
Batch N° 2 : Mean Response Time : 137.28 cycles	Mean Waiting Time : 3.45 cycles	Throughput : 0.161
Batch N° 3 : Mean Response Time : 137.71 cycles	Mean Waiting Time : 3.40 cycles	Throughput : 0.157
Batch N° 4 : Mean Response Time : 138.01 cycles	Mean Waiting Time : 3.05 cycles	Throughput : 0.157
Batch N° 5 : Mean Response Time : 141.28 cycles	Mean Waiting Time : 3.45 cycles	Throughput : 0.163
Batch N° 6 : Mean Response Time : 141.75 cycles	Mean Waiting Time : 3.03 cycles	Throughput : 0.161
Batch N° 7 : Mean Response Time : 141.66 cycles	Mean Waiting Time : 3.83 cycles	Throughput : 0.161
Batch N° 8 : Mean Response Time : 139.45 cycles	Mean Waiting Time : 3.07 cycles	Throughput : 0.155
Batch N° 9 : Mean Response Time : 138.30 cycles	Mean Waiting Time : 4.02 cycles	Throughput : 0.154
Batch N°10 : Mean Response Time : 139.20 cycles	Mean Waiting Time : 3.04 cycles	Throughput : 0.153

End Of The Simulation at T= 126198.40 cycles
Injection Rate : 400
Batch Size : 2000
Number of Batches : 10
Number of Clients Served : 20000
Overall Response Time : 139.21 cycles
Overall Waiting  Time : 3.42 cycles
Overall Throughput : 0.159 
Standard Deviation Response Time : 1.76404 cycles
Standard Deviation Waiting  Time : 0.37287 cycles
Standard Deviation Throughput : 0.003699 