Simulation Starting Time 2021-09-01 06:04:09
Welcome to Network-On-Chip ExpressCube Simulator 
This simulator was designed based on The Discrete Event Simulation.
It's a final year project to obtain the Master Degree
Student developer : Ziraoui Zakaria 
Supervisor: Prof. Mohamed Ould-Khaoua

Network Simulation Parameters :

Topology : 8 x 8 Express Cube with 4 Hops
Number of Nodes  : 64 
Routing : Dimension-ordered (DOR)
Traffic : Hotspot [4][4]
Message length : 32 phits
Injection Rate : 32000
Transmission Time Normal  Links : 32 Cycles
Transmission Time Express Links : 32 Cycles
Batch Means Method : Yes

Please wait, Simulation has been started...

Batch N° 1 : Mean Response Time : 133.11 cycles	Mean Waiting Time : 0.17 cycles	Throughput : 0.002
Batch N° 2 : Mean Response Time : 130.22 cycles	Mean Waiting Time : 0.02 cycles	Throughput : 0.002
Batch N° 3 : Mean Response Time : 131.77 cycles	Mean Waiting Time : 0.00 cycles	Throughput : 0.002
Batch N° 4 : Mean Response Time : 130.29 cycles	Mean Waiting Time : 0.02 cycles	Throughput : 0.002
Batch N° 5 : Mean Response Time : 130.03 cycles	Mean Waiting Time : 0.02 cycles	Throughput : 0.002
Batch N° 6 : Mean Response Time : 129.10 cycles	Mean Waiting Time : 0.00 cycles	Throughput : 0.002
Batch N° 7 : Mean Response Time : 131.26 cycles	Mean Waiting Time : 0.03 cycles	Throughput : 0.002
Batch N° 8 : Mean Response Time : 129.73 cycles	Mean Waiting Time : 0.01 cycles	Throughput : 0.002
Batch N° 9 : Mean Response Time : 131.64 cycles	Mean Waiting Time : 0.01 cycles	Throughput : 0.002
Batch N°10 : Mean Response Time : 130.99 cycles	Mean Waiting Time : 0.05 cycles	Throughput : 0.002

End Of The Simulation at T= 10042852.00 cycles
Injection Rate : 32000
Batch Size : 2000
Number of Batches : 10
Number of Clients Served : 20000
Overall Response Time : 130.81 cycles
Overall Waiting  Time : 0.03 cycles
Overall Throughput : 0.002 
Standard Deviation Response Time : 1.17512 cycles
Standard Deviation Waiting  Time : 0.05009 cycles
Standard Deviation Throughput : 0.000066 