Simulation Starting Time 2021-09-01 06:08:26
Welcome to Network-On-Chip ExpressCube Simulator 
This simulator was designed based on The Discrete Event Simulation.
It's a final year project to obtain the Master Degree
Student developer : Ziraoui Zakaria 
Supervisor: Prof. Mohamed Ould-Khaoua

Network Simulation Parameters :

Topology : 16 x 16 Express Cube with 8 Hops
Number of Nodes  : 256 
Routing : Dimension-ordered (DOR)
Traffic : Hotspot [8][8]
Message length : 32 phits
Injection Rate : 350
Transmission Time Normal  Links : 32 Cycles
Transmission Time Express Links : 32 Cycles
Batch Means Method : Yes

Please wait, Simulation has been started...

Batch N° 1 : Mean Response Time : 343.86 cycles	Mean Waiting Time : 67.47 cycles	Throughput : 0.702
Batch N° 2 : Mean Response Time : 496.72 cycles	Mean Waiting Time : 214.91 cycles	Throughput : 0.668
Batch N° 3 : Mean Response Time : 615.11 cycles	Mean Waiting Time : 330.95 cycles	Throughput : 0.682
Batch N° 4 : Mean Response Time : 735.11 cycles	Mean Waiting Time : 450.35 cycles	Throughput : 0.666
Batch N° 5 : Mean Response Time : 825.51 cycles	Mean Waiting Time : 547.56 cycles	Throughput : 0.694
Batch N° 6 : Mean Response Time : 950.95 cycles	Mean Waiting Time : 670.50 cycles	Throughput : 0.678
Batch N° 7 : Mean Response Time : 1070.05 cycles	Mean Waiting Time : 791.99 cycles	Throughput : 0.662
Batch N° 8 : Mean Response Time : 1147.34 cycles	Mean Waiting Time : 863.30 cycles	Throughput : 0.675
Batch N° 9 : Mean Response Time : 1260.72 cycles	Mean Waiting Time : 977.77 cycles	Throughput : 0.692
Batch N°10 : Mean Response Time : 1507.81 cycles	Mean Waiting Time : 1228.70 cycles	Throughput : 0.661

End Of The Simulation at T= 29504.00 cycles
Injection Rate : 350
Batch Size : 2000
Number of Batches : 10
Number of Clients Served : 20000
Overall Response Time : 895.32 cycles
Overall Waiting  Time : 614.35 cycles
Overall Throughput : 0.678 
Standard Deviation Response Time : 361.76205 cycles
Standard Deviation Waiting  Time : 361.55344 cycles
Standard Deviation Throughput : 0.014315 