Simulation Starting Time 2021-08-31 06:48:16
Welcome to Network-On-Chip ExpressCube Simulator 
This simulator was designed based on The Discrete Event Simulation.
It's a final year project to obtain the Master Degree
Student developer : Ziraoui Zakaria 
Supervisor: Prof. Mohamed Ould-Khaoua

Network Simulation Parameters :

Topology : 32 x 32 Express Cube with 2 Hops
Number of Nodes  : 1024 
Routing : Dimension-ordered (DOR)
Traffic : Uniform Random
Message length : 32 phits
Injection Rate : 1000
Transmission Time Normal  Links : 32 Cycles
Transmission Time Express Links : 32 Cycles
Batch Means Method : Yes

Please wait, Simulation has been started...

Batch N° 1 : Mean Response Time : 404.33 cycles	Mean Waiting Time : 22.31 cycles	Throughput : 1.477
Batch N° 2 : Mean Response Time : 389.25 cycles	Mean Waiting Time : 3.34 cycles	Throughput : 1.026
Batch N° 3 : Mean Response Time : 377.12 cycles	Mean Waiting Time : 1.99 cycles	Throughput : 1.020
Batch N° 4 : Mean Response Time : 382.15 cycles	Mean Waiting Time : 2.45 cycles	Throughput : 1.031
Batch N° 5 : Mean Response Time : 389.48 cycles	Mean Waiting Time : 2.74 cycles	Throughput : 1.023
Batch N° 6 : Mean Response Time : 388.46 cycles	Mean Waiting Time : 2.99 cycles	Throughput : 1.009
Batch N° 7 : Mean Response Time : 384.67 cycles	Mean Waiting Time : 2.19 cycles	Throughput : 1.020
Batch N° 8 : Mean Response Time : 382.17 cycles	Mean Waiting Time : 2.38 cycles	Throughput : 1.007
Batch N° 9 : Mean Response Time : 392.42 cycles	Mean Waiting Time : 2.88 cycles	Throughput : 1.012
Batch N°10 : Mean Response Time : 384.23 cycles	Mean Waiting Time : 2.79 cycles	Throughput : 1.014

End Of The Simulation at T= 19032.65 cycles
Injection Rate : 1000
Batch Size : 2000
Number of Batches : 10
Number of Clients Served : 20000
Overall Response Time : 387.43 cycles
Overall Waiting  Time : 4.61 cycles
Overall Throughput : 1.064 
Standard Deviation Response Time : 7.44527 cycles
Standard Deviation Waiting  Time : 6.23213 cycles
Standard Deviation Throughput : 0.145431 