Simulation Starting Time 2021-09-01 06:40:30
Welcome to Network-On-Chip ExpressCube Simulator 
This simulator was designed based on The Discrete Event Simulation.
It's a final year project to obtain the Master Degree
Student developer : Ziraoui Zakaria 
Supervisor: Prof. Mohamed Ould-Khaoua

Network Simulation Parameters :

Topology : 32 x 32 Express Cube with 8 Hops
Number of Nodes  : 1024 
Routing : Dimension-ordered (DOR)
Traffic : Hotspot [16][16]
Message length : 32 phits
Injection Rate : 1000
Transmission Time Normal  Links : 32 Cycles
Transmission Time Express Links : 32 Cycles
Batch Means Method : Yes

Please wait, Simulation has been started...

Batch N° 1 : Mean Response Time : 394.60 cycles	Mean Waiting Time : 28.19 cycles	Throughput : 1.258
Batch N° 2 : Mean Response Time : 516.26 cycles	Mean Waiting Time : 132.53 cycles	Throughput : 0.913
Batch N° 3 : Mean Response Time : 624.98 cycles	Mean Waiting Time : 257.93 cycles	Throughput : 0.935
Batch N° 4 : Mean Response Time : 735.63 cycles	Mean Waiting Time : 353.23 cycles	Throughput : 0.938
Batch N° 5 : Mean Response Time : 804.05 cycles	Mean Waiting Time : 428.51 cycles	Throughput : 0.918
Batch N° 6 : Mean Response Time : 927.17 cycles	Mean Waiting Time : 554.83 cycles	Throughput : 0.908
Batch N° 7 : Mean Response Time : 1002.36 cycles	Mean Waiting Time : 619.39 cycles	Throughput : 0.936
Batch N° 8 : Mean Response Time : 1116.36 cycles	Mean Waiting Time : 737.96 cycles	Throughput : 0.898
Batch N° 9 : Mean Response Time : 1253.15 cycles	Mean Waiting Time : 869.81 cycles	Throughput : 0.939
Batch N°10 : Mean Response Time : 1271.55 cycles	Mean Waiting Time : 888.21 cycles	Throughput : 0.931

End Of The Simulation at T= 21078.51 cycles
Injection Rate : 1000
Batch Size : 2000
Number of Batches : 10
Number of Clients Served : 20000
Overall Response Time : 864.61 cycles
Overall Waiting  Time : 487.06 cycles
Overall Throughput : 0.957 
Standard Deviation Response Time : 302.36185 cycles
Standard Deviation Waiting  Time : 298.62003 cycles
Standard Deviation Throughput : 0.106620 