Simulation Starting Time 2021-09-02 07:08:37
Welcome to Network-On-Chip ExpressCube Simulator 
This simulator was designed based on The Discrete Event Simulation.
It's a final year project to obtain the Master Degree
Student developer : Ziraoui Zakaria 
Supervisor: Prof. Mohamed Ould-Khaoua

Network Simulation Parameters :

Topology : 32 x 32 Express Cube with 8 Hops
Number of Nodes  : 1024 
Routing : Dimension-ordered (DOR)
Traffic : Uniform Random
Message length : 32 phits
Injection Rate : 90
Transmission Time Normal  Links : 160 Cycles
Transmission Time Express Links : 160 Cycles
Batch Means Method : Yes

Please wait, Simulation has been started...

Batch N° 1 : Mean Response Time : 1585.59 cycles	Mean Waiting Time : 431.06 cycles	Throughput : 0.735
Batch N° 2 : Mean Response Time : 2955.94 cycles	Mean Waiting Time : 1426.11 cycles	Throughput : 1.389
Batch N° 3 : Mean Response Time : 4133.00 cycles	Mean Waiting Time : 2490.53 cycles	Throughput : 1.389
Batch N° 4 : Mean Response Time : 5192.15 cycles	Mean Waiting Time : 3555.85 cycles	Throughput : 1.389
Batch N° 5 : Mean Response Time : 6274.32 cycles	Mean Waiting Time : 4569.54 cycles	Throughput : 1.563
Batch N° 6 : Mean Response Time : 7315.18 cycles	Mean Waiting Time : 5580.03 cycles	Throughput : 1.389
Batch N° 7 : Mean Response Time : 8423.14 cycles	Mean Waiting Time : 6677.86 cycles	Throughput : 1.563
Batch N° 8 : Mean Response Time : 9391.11 cycles	Mean Waiting Time : 7658.75 cycles	Throughput : 1.389
Batch N° 9 : Mean Response Time : 10476.96 cycles	Mean Waiting Time : 8726.23 cycles	Throughput : 1.563
Batch N°10 : Mean Response Time : 11462.88 cycles	Mean Waiting Time : 9718.38 cycles	Throughput : 1.563

End Of The Simulation at T= 15040.00 cycles
Injection Rate : 90
Batch Size : 2000
Number of Batches : 10
Number of Clients Served : 20000
Overall Response Time : 6721.03 cycles
Overall Waiting  Time : 5083.44 cycles
Overall Throughput : 1.393 
Standard Deviation Response Time : 3278.80908 cycles
Standard Deviation Waiting  Time : 3136.08130 cycles
Standard Deviation Throughput : 0.246663 