Simulation Starting Time 2021-09-01 06:03:39
Welcome to Network-On-Chip ExpressCube Simulator 
This simulator was designed based on The Discrete Event Simulation.
It's a final year project to obtain the Master Degree
Student developer : Ziraoui Zakaria 
Supervisor: Prof. Mohamed Ould-Khaoua

Network Simulation Parameters :

Topology : 8 x 8 Express Cube with 2 Hops
Number of Nodes  : 64 
Routing : Dimension-ordered (DOR)
Traffic : Hotspot [4][4]
Message length : 32 phits
Injection Rate : 100
Transmission Time Normal  Links : 32 Cycles
Transmission Time Express Links : 32 Cycles
Batch Means Method : Yes

Please wait, Simulation has been started...

Batch N° 1 : Mean Response Time : 183.51 cycles	Mean Waiting Time : 55.18 cycles	Throughput : 0.572
Batch N° 2 : Mean Response Time : 276.62 cycles	Mean Waiting Time : 148.54 cycles	Throughput : 0.592
Batch N° 3 : Mean Response Time : 350.38 cycles	Mean Waiting Time : 221.10 cycles	Throughput : 0.605
Batch N° 4 : Mean Response Time : 418.56 cycles	Mean Waiting Time : 285.88 cycles	Throughput : 0.611
Batch N° 5 : Mean Response Time : 506.71 cycles	Mean Waiting Time : 376.09 cycles	Throughput : 0.628
Batch N° 6 : Mean Response Time : 550.07 cycles	Mean Waiting Time : 421.16 cycles	Throughput : 0.641
Batch N° 7 : Mean Response Time : 683.36 cycles	Mean Waiting Time : 555.45 cycles	Throughput : 0.607
Batch N° 8 : Mean Response Time : 816.39 cycles	Mean Waiting Time : 690.46 cycles	Throughput : 0.611
Batch N° 9 : Mean Response Time : 861.97 cycles	Mean Waiting Time : 731.40 cycles	Throughput : 0.625
Batch N°10 : Mean Response Time : 898.18 cycles	Mean Waiting Time : 769.08 cycles	Throughput : 0.609

End Of The Simulation at T= 32813.00 cycles
Injection Rate : 100
Batch Size : 2000
Number of Batches : 10
Number of Clients Served : 20000
Overall Response Time : 554.57 cycles
Overall Waiting  Time : 425.43 cycles
Overall Throughput : 0.610 
Standard Deviation Response Time : 252.79462 cycles
Standard Deviation Waiting  Time : 253.04454 cycles
Standard Deviation Throughput : 0.019211 