Simulation Starting Time 2021-09-01 06:06:20
Welcome to Network-On-Chip ExpressCube Simulator 
This simulator was designed based on The Discrete Event Simulation.
It's a final year project to obtain the Master Degree
Student developer : Ziraoui Zakaria 
Supervisor: Prof. Mohamed Ould-Khaoua

Network Simulation Parameters :

Topology : 16 x 16 Express Cube with 2 Hops
Number of Nodes  : 256 
Routing : Dimension-ordered (DOR)
Traffic : Hotspot [8][8]
Message length : 32 phits
Injection Rate : 200
Transmission Time Normal  Links : 32 Cycles
Transmission Time Express Links : 32 Cycles
Batch Means Method : Yes

Please wait, Simulation has been started...

Batch N° 1 : Mean Response Time : 273.87 cycles	Mean Waiting Time : 53.86 cycles	Throughput : 1.135
Batch N° 2 : Mean Response Time : 362.00 cycles	Mean Waiting Time : 130.09 cycles	Throughput : 1.127
Batch N° 3 : Mean Response Time : 405.88 cycles	Mean Waiting Time : 184.56 cycles	Throughput : 1.115
Batch N° 4 : Mean Response Time : 489.11 cycles	Mean Waiting Time : 265.23 cycles	Throughput : 1.113
Batch N° 5 : Mean Response Time : 566.97 cycles	Mean Waiting Time : 338.39 cycles	Throughput : 1.132
Batch N° 6 : Mean Response Time : 575.47 cycles	Mean Waiting Time : 351.56 cycles	Throughput : 1.148
Batch N° 7 : Mean Response Time : 664.86 cycles	Mean Waiting Time : 439.42 cycles	Throughput : 1.090
Batch N° 8 : Mean Response Time : 745.28 cycles	Mean Waiting Time : 520.54 cycles	Throughput : 1.148
Batch N° 9 : Mean Response Time : 878.70 cycles	Mean Waiting Time : 655.36 cycles	Throughput : 1.149
Batch N°10 : Mean Response Time : 848.49 cycles	Mean Waiting Time : 629.99 cycles	Throughput : 1.102

End Of The Simulation at T= 17766.38 cycles
Injection Rate : 200
Batch Size : 2000
Number of Batches : 10
Number of Clients Served : 20000
Overall Response Time : 581.06 cycles
Overall Waiting  Time : 356.90 cycles
Overall Throughput : 1.126 
Standard Deviation Response Time : 204.34885 cycles
Standard Deviation Waiting  Time : 205.20798 cycles
Standard Deviation Throughput : 0.020383 