Simulation Starting Time 2021-09-02 06:22:59
Welcome to Network-On-Chip 2D Mesh Simulator 
This simulator was designed based on The Discrete Event Simulation.
It's a final year project to obtain the Master Degree
Student developer : Ziraoui Zakaria 
Supervisor: Prof. Mohamed Ould-Khaoua

Network Simulation Parameters :

Topology : 32 x 32 Mesh 
Number of Nodes  : 1024 
Routing : Dimension-ordered (DOR)
Traffic : Uniform Random
Message length : 32 phits
Injection Rate : 32000
Transmission Time : 32 Cycles
Batch Means Method : Yes

Please wait, Simulation has been started...

Batch N° 1 : Mean Response Time : 667.99 cycles	Mean Waiting Time : 1.80 cycles	Throughput : 0.062
Batch N° 2 : Mean Response Time : 670.35 cycles	Mean Waiting Time : 0.00 cycles	Throughput : 0.031
Batch N° 3 : Mean Response Time : 660.68 cycles	Mean Waiting Time : 0.03 cycles	Throughput : 0.032
Batch N° 4 : Mean Response Time : 671.36 cycles	Mean Waiting Time : 0.00 cycles	Throughput : 0.033
Batch N° 5 : Mean Response Time : 653.08 cycles	Mean Waiting Time : 0.03 cycles	Throughput : 0.031
Batch N° 6 : Mean Response Time : 655.33 cycles	Mean Waiting Time : 0.03 cycles	Throughput : 0.031
Batch N° 7 : Mean Response Time : 663.41 cycles	Mean Waiting Time : 0.04 cycles	Throughput : 0.031
Batch N° 8 : Mean Response Time : 665.29 cycles	Mean Waiting Time : 0.01 cycles	Throughput : 0.033
Batch N° 9 : Mean Response Time : 683.94 cycles	Mean Waiting Time : 0.01 cycles	Throughput : 0.032
Batch N°10 : Mean Response Time : 657.61 cycles	Mean Waiting Time : 0.05 cycles	Throughput : 0.031

End Of The Simulation at T= 599676.44 cycles
Injection Rate : 32000
Batch Size : 2000
Number of Batches : 10
Number of Clients Served : 20000
Overall Response Time : 664.91 cycles
Overall Waiting  Time : 0.20 cycles
Overall Throughput : 0.035 
Standard Deviation Response Time : 9.11817 cycles
Standard Deviation Waiting  Time : 0.56148 cycles
Standard Deviation Throughput : 0.009702 