Simulation Starting Time 2021-09-04 04:23:50
Welcome to Network-On-Chip ExpressCube Simulator 
This simulator was designed based on The Discrete Event Simulation.
It's a final year project to obtain the Master Degree
Student developer : Ziraoui Zakaria 
Supervisor: Prof. Mohamed Ould-Khaoua

Network Simulation Parameters :

Topology : 16 x 16 Express Cube with 8 Hops
Number of Nodes  : 256 
Routing : Dimension-ordered (DOR)
Traffic : Hotspot [8][8]
Message length : 32 phits
Injection Rate : 300
Transmission Time Normal  Links : 160 Cycles
Transmission Time Express Links : 160 Cycles
Batch Means Method : Yes

Please wait, Simulation has been started...

Batch N° 1 : Mean Response Time : 2012.84 cycles	Mean Waiting Time : 734.56 cycles	Throughput : 0.321
Batch N° 2 : Mean Response Time : 3692.20 cycles	Mean Waiting Time : 2270.51 cycles	Throughput : 0.410
Batch N° 3 : Mean Response Time : 5186.72 cycles	Mean Waiting Time : 3758.67 cycles	Throughput : 0.410
Batch N° 4 : Mean Response Time : 6603.66 cycles	Mean Waiting Time : 5186.99 cycles	Throughput : 0.417
Batch N° 5 : Mean Response Time : 8003.72 cycles	Mean Waiting Time : 6542.51 cycles	Throughput : 0.417
Batch N° 6 : Mean Response Time : 9094.04 cycles	Mean Waiting Time : 7628.22 cycles	Throughput : 0.430
Batch N° 7 : Mean Response Time : 10652.33 cycles	Mean Waiting Time : 9178.60 cycles	Throughput : 0.417
Batch N° 8 : Mean Response Time : 11531.35 cycles	Mean Waiting Time : 10095.79 cycles	Throughput : 0.416
Batch N° 9 : Mean Response Time : 13258.32 cycles	Mean Waiting Time : 11788.75 cycles	Throughput : 0.432
Batch N°10 : Mean Response Time : 14177.79 cycles	Mean Waiting Time : 12720.04 cycles	Throughput : 0.425

End Of The Simulation at T= 49187.38 cycles
Injection Rate : 300
Batch Size : 2000
Number of Batches : 10
Number of Clients Served : 20000
Overall Response Time : 8421.30 cycles
Overall Waiting  Time : 6990.46 cycles
Overall Throughput : 0.409 
Standard Deviation Response Time : 4068.98462 cycles
Standard Deviation Waiting  Time : 4027.69922 cycles
Standard Deviation Throughput : 0.032100 