Simulation Starting Time 2021-09-04 04:21:32
Welcome to Network-On-Chip ExpressCube Simulator 
This simulator was designed based on The Discrete Event Simulation.
It's a final year project to obtain the Master Degree
Student developer : Ziraoui Zakaria 
Supervisor: Prof. Mohamed Ould-Khaoua

Network Simulation Parameters :

Topology : 16 x 16 Express Cube with 4 Hops
Number of Nodes  : 256 
Routing : Dimension-ordered (DOR)
Traffic : Hotspot [8][8]
Message length : 32 phits
Injection Rate : 100
Transmission Time Normal  Links : 96 Cycles
Transmission Time Express Links : 96 Cycles
Batch Means Method : Yes

Please wait, Simulation has been started...

Batch N° 1 : Mean Response Time : 987.87 cycles	Mean Waiting Time : 405.91 cycles	Throughput : 0.772
Batch N° 2 : Mean Response Time : 1979.24 cycles	Mean Waiting Time : 1303.20 cycles	Throughput : 0.992
Batch N° 3 : Mean Response Time : 2822.21 cycles	Mean Waiting Time : 2150.84 cycles	Throughput : 0.992
Batch N° 4 : Mean Response Time : 3599.97 cycles	Mean Waiting Time : 2928.50 cycles	Throughput : 0.992
Batch N° 5 : Mean Response Time : 4516.31 cycles	Mean Waiting Time : 3827.22 cycles	Throughput : 0.992
Batch N° 6 : Mean Response Time : 5277.74 cycles	Mean Waiting Time : 4592.81 cycles	Throughput : 1.042
Batch N° 7 : Mean Response Time : 6129.85 cycles	Mean Waiting Time : 5433.50 cycles	Throughput : 1.042
Batch N° 8 : Mean Response Time : 6835.46 cycles	Mean Waiting Time : 6145.38 cycles	Throughput : 1.028
Batch N° 9 : Mean Response Time : 7489.93 cycles	Mean Waiting Time : 6802.61 cycles	Throughput : 1.056
Batch N°10 : Mean Response Time : 8173.96 cycles	Mean Waiting Time : 7487.02 cycles	Throughput : 1.042

End Of The Simulation at T= 20256.00 cycles
Injection Rate : 100
Batch Size : 2000
Number of Batches : 10
Number of Clients Served : 20000
Overall Response Time : 4781.25 cycles
Overall Waiting  Time : 4107.70 cycles
Overall Throughput : 0.995 
Standard Deviation Response Time : 2419.29614 cycles
Standard Deviation Waiting  Time : 2396.63086 cycles
Standard Deviation Throughput : 0.082497 