Simulation Starting Time 2021-08-31 07:14:26
Welcome to Network-On-Chip ExpressCube Simulator 
This simulator was designed based on The Discrete Event Simulation.
It's a final year project to obtain the Master Degree
Student developer : Ziraoui Zakaria 
Supervisor: Prof. Mohamed Ould-Khaoua

Network Simulation Parameters :

Topology : 16 x 16 Express Cube with 8 Hops
Number of Nodes  : 256 
Routing : Dimension-ordered (DOR)
Traffic : Uniform Random
Message length : 32 phits
Injection Rate : 70
Transmission Time Normal  Links : 32 Cycles
Transmission Time Express Links : 32 Cycles
Batch Means Method : Yes

Please wait, Simulation has been started...

Batch N° 1 : Mean Response Time : 389.68 cycles	Mean Waiting Time : 133.25 cycles	Throughput : 1.687
Batch N° 2 : Mean Response Time : 697.20 cycles	Mean Waiting Time : 403.98 cycles	Throughput : 2.158
Batch N° 3 : Mean Response Time : 945.66 cycles	Mean Waiting Time : 648.38 cycles	Throughput : 2.155
Batch N° 4 : Mean Response Time : 1205.60 cycles	Mean Waiting Time : 907.73 cycles	Throughput : 2.155
Batch N° 5 : Mean Response Time : 1449.05 cycles	Mean Waiting Time : 1152.62 cycles	Throughput : 2.147
Batch N° 6 : Mean Response Time : 1658.10 cycles	Mean Waiting Time : 1358.93 cycles	Throughput : 2.191
Batch N° 7 : Mean Response Time : 1889.55 cycles	Mean Waiting Time : 1594.53 cycles	Throughput : 2.204
Batch N° 8 : Mean Response Time : 2201.96 cycles	Mean Waiting Time : 1904.23 cycles	Throughput : 2.241
Batch N° 9 : Mean Response Time : 2389.54 cycles	Mean Waiting Time : 2091.27 cycles	Throughput : 2.215
Batch N°10 : Mean Response Time : 2588.39 cycles	Mean Waiting Time : 2290.31 cycles	Throughput : 2.232

End Of The Simulation at T= 9411.74 cycles
Injection Rate : 70
Batch Size : 2000
Number of Batches : 10
Number of Clients Served : 20000
Overall Response Time : 1541.47 cycles
Overall Waiting  Time : 1248.52 cycles
Overall Throughput : 2.138 
Standard Deviation Response Time : 738.01666 cycles
Standard Deviation Waiting  Time : 730.29730 cycles
Standard Deviation Throughput : 0.162146 