Simulation Starting Time 2021-08-31 06:45:34
Welcome to Network-On-Chip 2D Mesh Simulator 
This simulator was designed based on The Discrete Event Simulation.
It's a final year project to obtain the Master Degree
Student developer : Ziraoui Zakaria 
Supervisor: Prof. Mohamed Ould-Khaoua

Network Simulation Parameters :

Topology : 32 x 32 Mesh 
Number of Nodes  : 1024 
Routing : Dimension-ordered (DOR)
Traffic : Uniform Random
Message length : 32 phits
Injection Rate : 50
Transmission Time : 32 Cycles
Batch Means Method : Yes

Please wait, Simulation has been started...

Batch N° 1 : Mean Response Time : 465.31 cycles	Mean Waiting Time : 117.72 cycles	Throughput : 2.117
Batch N° 2 : Mean Response Time : 845.24 cycles	Mean Waiting Time : 363.47 cycles	Throughput : 3.792
Batch N° 3 : Mean Response Time : 1138.09 cycles	Mean Waiting Time : 632.03 cycles	Throughput : 3.906
Batch N° 4 : Mean Response Time : 1386.62 cycles	Mean Waiting Time : 879.40 cycles	Throughput : 4.106
Batch N° 5 : Mean Response Time : 1680.73 cycles	Mean Waiting Time : 1163.10 cycles	Throughput : 3.961
Batch N° 6 : Mean Response Time : 1904.08 cycles	Mean Waiting Time : 1391.00 cycles	Throughput : 3.906
Batch N° 7 : Mean Response Time : 2175.32 cycles	Mean Waiting Time : 1652.07 cycles	Throughput : 4.167
Batch N° 8 : Mean Response Time : 2388.74 cycles	Mean Waiting Time : 1880.40 cycles	Throughput : 4.006
Batch N° 9 : Mean Response Time : 2712.12 cycles	Mean Waiting Time : 2184.14 cycles	Throughput : 4.059
Batch N°10 : Mean Response Time : 2888.16 cycles	Mean Waiting Time : 2373.02 cycles	Throughput : 4.167

End Of The Simulation at T= 5440.00 cycles
Injection Rate : 50
Batch Size : 2000
Number of Batches : 10
Number of Clients Served : 20000
Overall Response Time : 1758.44 cycles
Overall Waiting  Time : 1263.64 cycles
Overall Throughput : 3.819 
Standard Deviation Response Time : 803.69043 cycles
Standard Deviation Waiting  Time : 767.80005 cycles
Standard Deviation Throughput : 0.609908 