Simulation Starting Time 2021-09-04 04:23:44
Welcome to Network-On-Chip ExpressCube Simulator 
This simulator was designed based on The Discrete Event Simulation.
It's a final year project to obtain the Master Degree
Student developer : Ziraoui Zakaria 
Supervisor: Prof. Mohamed Ould-Khaoua

Network Simulation Parameters :

Topology : 16 x 16 Express Cube with 8 Hops
Number of Nodes  : 256 
Routing : Dimension-ordered (DOR)
Traffic : Hotspot [8][8]
Message length : 32 phits
Injection Rate : 350
Transmission Time Normal  Links : 160 Cycles
Transmission Time Express Links : 160 Cycles
Batch Means Method : Yes

Please wait, Simulation has been started...

Batch N° 1 : Mean Response Time : 2016.81 cycles	Mean Waiting Time : 711.41 cycles	Throughput : 0.306
Batch N° 2 : Mean Response Time : 3568.07 cycles	Mean Waiting Time : 2123.22 cycles	Throughput : 0.388
Batch N° 3 : Mean Response Time : 4832.28 cycles	Mean Waiting Time : 3375.57 cycles	Throughput : 0.403
Batch N° 4 : Mean Response Time : 6161.10 cycles	Mean Waiting Time : 4693.83 cycles	Throughput : 0.414
Batch N° 5 : Mean Response Time : 7083.53 cycles	Mean Waiting Time : 5613.54 cycles	Throughput : 0.405
Batch N° 6 : Mean Response Time : 8420.90 cycles	Mean Waiting Time : 6945.01 cycles	Throughput : 0.417
Batch N° 7 : Mean Response Time : 9477.25 cycles	Mean Waiting Time : 7993.54 cycles	Throughput : 0.403
Batch N° 8 : Mean Response Time : 10708.93 cycles	Mean Waiting Time : 9231.40 cycles	Throughput : 0.403
Batch N° 9 : Mean Response Time : 11733.69 cycles	Mean Waiting Time : 10253.29 cycles	Throughput : 0.391
Batch N°10 : Mean Response Time : 12855.87 cycles	Mean Waiting Time : 11379.87 cycles	Throughput : 0.403

End Of The Simulation at T= 51200.00 cycles
Injection Rate : 350
Batch Size : 2000
Number of Batches : 10
Number of Clients Served : 20000
Overall Response Time : 7685.84 cycles
Overall Waiting  Time : 6232.07 cycles
Overall Throughput : 0.393 
Standard Deviation Response Time : 3588.98218 cycles
Standard Deviation Waiting  Time : 3551.92798 cycles
Standard Deviation Throughput : 0.031825 