Simulation Starting Time 2021-09-02 05:19:45
Welcome to Network-On-Chip 2D Mesh Simulator 
This simulator was designed based on The Discrete Event Simulation.
It's a final year project to obtain the Master Degree
Student developer : Ziraoui Zakaria 
Supervisor: Prof. Mohamed Ould-Khaoua

Network Simulation Parameters :

Topology : 8 x 8 Mesh 
Number of Nodes  : 64 
Routing : Dimension-ordered (DOR)
Traffic : Uniform Random
Message length : 32 phits
Injection Rate : 300
Transmission Time : 32 Cycles
Batch Means Method : Yes

Please wait, Simulation has been started...

Batch N° 1 : Mean Response Time : 163.53 cycles	Mean Waiting Time : 4.40 cycles	Throughput : 0.217
Batch N° 2 : Mean Response Time : 166.72 cycles	Mean Waiting Time : 4.44 cycles	Throughput : 0.209
Batch N° 3 : Mean Response Time : 162.33 cycles	Mean Waiting Time : 3.48 cycles	Throughput : 0.206
Batch N° 4 : Mean Response Time : 163.12 cycles	Mean Waiting Time : 4.49 cycles	Throughput : 0.214
Batch N° 5 : Mean Response Time : 167.23 cycles	Mean Waiting Time : 4.46 cycles	Throughput : 0.217
Batch N° 6 : Mean Response Time : 165.83 cycles	Mean Waiting Time : 4.85 cycles	Throughput : 0.220
Batch N° 7 : Mean Response Time : 162.70 cycles	Mean Waiting Time : 4.09 cycles	Throughput : 0.215
Batch N° 8 : Mean Response Time : 167.07 cycles	Mean Waiting Time : 4.86 cycles	Throughput : 0.217
Batch N° 9 : Mean Response Time : 163.43 cycles	Mean Waiting Time : 4.22 cycles	Throughput : 0.218
Batch N°10 : Mean Response Time : 165.09 cycles	Mean Waiting Time : 4.95 cycles	Throughput : 0.212

End Of The Simulation at T= 93271.63 cycles
Injection Rate : 300
Batch Size : 2000
Number of Batches : 10
Number of Clients Served : 20000
Overall Response Time : 164.71 cycles
Overall Waiting  Time : 4.43 cycles
Overall Throughput : 0.215 
Standard Deviation Response Time : 1.90327 cycles
Standard Deviation Waiting  Time : 0.43364 cycles
Standard Deviation Throughput : 0.004355 