Simulation Starting Time 2021-09-04 04:28:47
Welcome to Network-On-Chip 2D Mesh Simulator 
This simulator was designed based on The Discrete Event Simulation.
It's a final year project to obtain the Master Degree
Student developer : Ziraoui Zakaria 
Supervisor: Prof. Mohamed Ould-Khaoua

Network Simulation Parameters :

Topology : 32 x 32 Mesh 
Number of Nodes  : 1024 
Routing : Dimension-ordered (DOR)
Traffic : Hotspot [16][16]
Message length : 32 phits
Injection Rate : 200
Transmission Time : 32 Cycles
Batch Means Method : Yes

Please wait, Simulation has been started...

Batch N° 1 : Mean Response Time : 511.57 cycles	Mean Waiting Time : 57.94 cycles	Throughput : 1.823
Batch N° 2 : Mean Response Time : 809.17 cycles	Mean Waiting Time : 185.12 cycles	Throughput : 3.017
Batch N° 3 : Mean Response Time : 983.20 cycles	Mean Waiting Time : 329.04 cycles	Throughput : 3.073
Batch N° 4 : Mean Response Time : 1102.04 cycles	Mean Waiting Time : 454.75 cycles	Throughput : 3.179
Batch N° 5 : Mean Response Time : 1225.76 cycles	Mean Waiting Time : 562.88 cycles	Throughput : 3.192
Batch N° 6 : Mean Response Time : 1329.66 cycles	Mean Waiting Time : 668.42 cycles	Throughput : 3.393
Batch N° 7 : Mean Response Time : 1470.65 cycles	Mean Waiting Time : 801.24 cycles	Throughput : 3.125
Batch N° 8 : Mean Response Time : 1547.34 cycles	Mean Waiting Time : 894.29 cycles	Throughput : 3.299
Batch N° 9 : Mean Response Time : 1723.17 cycles	Mean Waiting Time : 1052.45 cycles	Throughput : 3.230
Batch N°10 : Mean Response Time : 1784.28 cycles	Mean Waiting Time : 1122.07 cycles	Throughput : 3.293

End Of The Simulation at T= 6728.66 cycles
Injection Rate : 200
Batch Size : 2000
Number of Batches : 10
Number of Clients Served : 20000
Overall Response Time : 1248.68 cycles
Overall Waiting  Time : 612.82 cycles
Overall Throughput : 3.062 
Standard Deviation Response Time : 406.34491 cycles
Standard Deviation Waiting  Time : 360.44162 cycles
Standard Deviation Throughput : 0.449593 