Simulation Starting Time 2021-09-02 05:22:26
Welcome to Network-On-Chip ExpressCube Simulator 
This simulator was designed based on The Discrete Event Simulation.
It's a final year project to obtain the Master Degree
Student developer : Ziraoui Zakaria 
Supervisor: Prof. Mohamed Ould-Khaoua

Network Simulation Parameters :

Topology : 8 x 8 Express Cube with 4 Hops
Number of Nodes  : 64 
Routing : Dimension-ordered (DOR)
Traffic : Uniform Random
Message length : 32 phits
Injection Rate : 10500
Transmission Time Normal  Links : 96 Cycles
Transmission Time Express Links : 96 Cycles
Batch Means Method : Yes

Please wait, Simulation has been started...

Batch N° 1 : Mean Response Time : 405.58 cycles	Mean Waiting Time : 0.58 cycles	Throughput : 0.006
Batch N° 2 : Mean Response Time : 407.51 cycles	Mean Waiting Time : 0.47 cycles	Throughput : 0.006
Batch N° 3 : Mean Response Time : 400.90 cycles	Mean Waiting Time : 0.63 cycles	Throughput : 0.006
Batch N° 4 : Mean Response Time : 409.33 cycles	Mean Waiting Time : 0.42 cycles	Throughput : 0.006
Batch N° 5 : Mean Response Time : 400.83 cycles	Mean Waiting Time : 0.61 cycles	Throughput : 0.006
Batch N° 6 : Mean Response Time : 408.66 cycles	Mean Waiting Time : 0.70 cycles	Throughput : 0.006
Batch N° 7 : Mean Response Time : 406.47 cycles	Mean Waiting Time : 0.32 cycles	Throughput : 0.006
Batch N° 8 : Mean Response Time : 411.24 cycles	Mean Waiting Time : 0.43 cycles	Throughput : 0.006
Batch N° 9 : Mean Response Time : 409.39 cycles	Mean Waiting Time : 0.47 cycles	Throughput : 0.006
Batch N°10 : Mean Response Time : 401.99 cycles	Mean Waiting Time : 0.61 cycles	Throughput : 0.006

End Of The Simulation at T= 3361843.75 cycles
Injection Rate : 10500
Batch Size : 2000
Number of Batches : 10
Number of Clients Served : 20000
Overall Response Time : 406.19 cycles
Overall Waiting  Time : 0.52 cycles
Overall Throughput : 0.006 
Standard Deviation Response Time : 3.77462 cycles
Standard Deviation Waiting  Time : 0.11974 cycles
Standard Deviation Throughput : 0.000129 