Simulation Starting Time 2021-09-04 04:17:55
Welcome to Network-On-Chip 2D Mesh Simulator 
This simulator was designed based on The Discrete Event Simulation.
It's a final year project to obtain the Master Degree
Student developer : Ziraoui Zakaria 
Supervisor: Prof. Mohamed Ould-Khaoua

Network Simulation Parameters :

Topology : 16 x 16 Mesh 
Number of Nodes  : 256 
Routing : Dimension-ordered (DOR)
Traffic : Hotspot [8][8]
Message length : 32 phits
Injection Rate : 180
Transmission Time : 32 Cycles
Batch Means Method : Yes

Please wait, Simulation has been started...

Batch N° 1 : Mean Response Time : 410.17 cycles	Mean Waiting Time : 85.60 cycles	Throughput : 1.043
Batch N° 2 : Mean Response Time : 537.61 cycles	Mean Waiting Time : 193.68 cycles	Throughput : 1.140
Batch N° 3 : Mean Response Time : 616.33 cycles	Mean Waiting Time : 267.84 cycles	Throughput : 1.225
Batch N° 4 : Mean Response Time : 689.14 cycles	Mean Waiting Time : 344.91 cycles	Throughput : 1.215
Batch N° 5 : Mean Response Time : 801.95 cycles	Mean Waiting Time : 454.78 cycles	Throughput : 1.230
Batch N° 6 : Mean Response Time : 894.26 cycles	Mean Waiting Time : 534.24 cycles	Throughput : 1.176
Batch N° 7 : Mean Response Time : 929.52 cycles	Mean Waiting Time : 584.89 cycles	Throughput : 1.177
Batch N° 8 : Mean Response Time : 1024.72 cycles	Mean Waiting Time : 679.70 cycles	Throughput : 1.226
Batch N° 9 : Mean Response Time : 1139.63 cycles	Mean Waiting Time : 792.10 cycles	Throughput : 1.188
Batch N°10 : Mean Response Time : 1167.80 cycles	Mean Waiting Time : 819.49 cycles	Throughput : 1.246

End Of The Simulation at T= 16897.61 cycles
Injection Rate : 180
Batch Size : 2000
Number of Batches : 10
Number of Clients Served : 20000
Overall Response Time : 821.11 cycles
Overall Waiting  Time : 475.72 cycles
Overall Throughput : 1.187 
Standard Deviation Response Time : 255.85747 cycles
Standard Deviation Waiting  Time : 251.16049 cycles
Standard Deviation Throughput : 0.059785 