Simulation Starting Time 2021-09-01 06:25:04
Welcome to Network-On-Chip ExpressCube Simulator 
This simulator was designed based on The Discrete Event Simulation.
It's a final year project to obtain the Master Degree
Student developer : Ziraoui Zakaria 
Supervisor: Prof. Mohamed Ould-Khaoua

Network Simulation Parameters :

Topology : 32 x 32 Express Cube with 2 Hops
Number of Nodes  : 1024 
Routing : Dimension-ordered (DOR)
Traffic : Hotspot [16][16]
Message length : 32 phits
Injection Rate : 32000
Transmission Time Normal  Links : 32 Cycles
Transmission Time Express Links : 32 Cycles
Batch Means Method : Yes

Please wait, Simulation has been started...

Batch N° 1 : Mean Response Time : 439.45 cycles	Mean Waiting Time : 57.71 cycles	Throughput : 0.064
Batch N° 2 : Mean Response Time : 356.72 cycles	Mean Waiting Time : 0.17 cycles	Throughput : 0.032
Batch N° 3 : Mean Response Time : 357.70 cycles	Mean Waiting Time : 0.12 cycles	Throughput : 0.031
Batch N° 4 : Mean Response Time : 368.06 cycles	Mean Waiting Time : 0.11 cycles	Throughput : 0.032
Batch N° 5 : Mean Response Time : 360.45 cycles	Mean Waiting Time : 0.12 cycles	Throughput : 0.032
Batch N° 6 : Mean Response Time : 367.36 cycles	Mean Waiting Time : 0.11 cycles	Throughput : 0.031
Batch N° 7 : Mean Response Time : 363.74 cycles	Mean Waiting Time : 0.15 cycles	Throughput : 0.033
Batch N° 8 : Mean Response Time : 365.13 cycles	Mean Waiting Time : 0.17 cycles	Throughput : 0.031
Batch N° 9 : Mean Response Time : 364.39 cycles	Mean Waiting Time : 0.16 cycles	Throughput : 0.032
Batch N°10 : Mean Response Time : 358.90 cycles	Mean Waiting Time : 0.16 cycles	Throughput : 0.034

End Of The Simulation at T= 596483.88 cycles
Injection Rate : 32000
Batch Size : 2000
Number of Batches : 10
Number of Clients Served : 20000
Overall Response Time : 370.19 cycles
Overall Waiting  Time : 5.90 cycles
Overall Throughput : 0.035 
Standard Deviation Response Time : 24.65404 cycles
Standard Deviation Waiting  Time : 18.20504 cycles
Standard Deviation Throughput : 0.010159 