Simulation Starting Time 2021-08-31 05:59:23
Welcome to Network-On-Chip ExpressCube Simulator 
This simulator was designed based on The Discrete Event Simulation.
It's a final year project to obtain the Master Degree
Student developer : Ziraoui Zakaria 
Supervisor: Prof. Mohamed Ould-Khaoua

Network Simulation Parameters :

Topology : 16 x 16 Express Cube with 4 Hops
Number of Nodes  : 256 
Routing : Dimension-ordered (DOR)
Traffic : Uniform Random
Message length : 32 phits
Injection Rate : 90
Transmission Time Normal  Links : 32 Cycles
Transmission Time Express Links : 32 Cycles
Batch Means Method : Yes

Please wait, Simulation has been started...

Batch N° 1 : Mean Response Time : 248.58 cycles	Mean Waiting Time : 46.40 cycles	Throughput : 1.986
Batch N° 2 : Mean Response Time : 337.68 cycles	Mean Waiting Time : 115.17 cycles	Throughput : 2.477
Batch N° 3 : Mean Response Time : 399.27 cycles	Mean Waiting Time : 177.10 cycles	Throughput : 2.468
Batch N° 4 : Mean Response Time : 462.95 cycles	Mean Waiting Time : 236.90 cycles	Throughput : 2.541
Batch N° 5 : Mean Response Time : 513.56 cycles	Mean Waiting Time : 287.83 cycles	Throughput : 2.465
Batch N° 6 : Mean Response Time : 592.54 cycles	Mean Waiting Time : 363.99 cycles	Throughput : 2.552
Batch N° 7 : Mean Response Time : 615.93 cycles	Mean Waiting Time : 390.92 cycles	Throughput : 2.462
Batch N° 8 : Mean Response Time : 678.29 cycles	Mean Waiting Time : 452.63 cycles	Throughput : 2.593
Batch N° 9 : Mean Response Time : 724.99 cycles	Mean Waiting Time : 496.74 cycles	Throughput : 2.480
Batch N°10 : Mean Response Time : 822.75 cycles	Mean Waiting Time : 598.00 cycles	Throughput : 2.499

End Of The Simulation at T= 8197.54 cycles
Injection Rate : 90
Batch Size : 2000
Number of Batches : 10
Number of Clients Served : 20000
Overall Response Time : 539.65 cycles
Overall Waiting  Time : 316.57 cycles
Overall Throughput : 2.452 
Standard Deviation Response Time : 180.77657 cycles
Standard Deviation Waiting  Time : 175.79355 cycles
Standard Deviation Throughput : 0.169783 