Simulation Starting Time 2021-09-01 06:06:37
Welcome to Network-On-Chip ExpressCube Simulator 
This simulator was designed based on The Discrete Event Simulation.
It's a final year project to obtain the Master Degree
Student developer : Ziraoui Zakaria 
Supervisor: Prof. Mohamed Ould-Khaoua

Network Simulation Parameters :

Topology : 16 x 16 Express Cube with 2 Hops
Number of Nodes  : 256 
Routing : Dimension-ordered (DOR)
Traffic : Hotspot [8][8]
Message length : 32 phits
Injection Rate : 70
Transmission Time Normal  Links : 32 Cycles
Transmission Time Express Links : 32 Cycles
Batch Means Method : Yes

Please wait, Simulation has been started...

Batch N° 1 : Mean Response Time : 346.45 cycles	Mean Waiting Time : 134.00 cycles	Throughput : 1.645
Batch N° 2 : Mean Response Time : 657.18 cycles	Mean Waiting Time : 414.02 cycles	Throughput : 2.016
Batch N° 3 : Mean Response Time : 906.31 cycles	Mean Waiting Time : 662.98 cycles	Throughput : 2.016
Batch N° 4 : Mean Response Time : 1091.75 cycles	Mean Waiting Time : 849.85 cycles	Throughput : 2.083
Batch N° 5 : Mean Response Time : 1325.90 cycles	Mean Waiting Time : 1079.06 cycles	Throughput : 2.083
Batch N° 6 : Mean Response Time : 1537.97 cycles	Mean Waiting Time : 1294.84 cycles	Throughput : 2.030
Batch N° 7 : Mean Response Time : 1723.72 cycles	Mean Waiting Time : 1481.54 cycles	Throughput : 2.066
Batch N° 8 : Mean Response Time : 1949.45 cycles	Mean Waiting Time : 1701.06 cycles	Throughput : 2.034
Batch N° 9 : Mean Response Time : 2178.72 cycles	Mean Waiting Time : 1935.02 cycles	Throughput : 2.090
Batch N°10 : Mean Response Time : 2343.59 cycles	Mean Waiting Time : 2098.76 cycles	Throughput : 2.060

End Of The Simulation at T= 9984.00 cycles
Injection Rate : 70
Batch Size : 2000
Number of Batches : 10
Number of Clients Served : 20000
Overall Response Time : 1406.10 cycles
Overall Waiting  Time : 1165.11 cycles
Overall Throughput : 2.012 
Standard Deviation Response Time : 660.64807 cycles
Standard Deviation Waiting  Time : 654.46454 cycles
Standard Deviation Throughput : 0.132195 