Simulation Starting Time 2021-09-04 04:56:14
Welcome to Network-On-Chip ExpressCube Simulator 
This simulator was designed based on The Discrete Event Simulation.
It's a final year project to obtain the Master Degree
Student developer : Ziraoui Zakaria 
Supervisor: Prof. Mohamed Ould-Khaoua

Network Simulation Parameters :

Topology : 32 x 32 Express Cube with 4 Hops
Number of Nodes  : 1024 
Routing : Dimension-ordered (DOR)
Traffic : Hotspot [16][16]
Message length : 32 phits
Injection Rate : 180
Transmission Time Normal  Links : 96 Cycles
Transmission Time Express Links : 96 Cycles
Batch Means Method : Yes

Please wait, Simulation has been started...

Batch N° 1 : Mean Response Time : 774.20 cycles	Mean Waiting Time : 107.87 cycles	Throughput : 1.302
Batch N° 2 : Mean Response Time : 1247.12 cycles	Mean Waiting Time : 382.08 cycles	Throughput : 2.315
Batch N° 3 : Mean Response Time : 1519.29 cycles	Mean Waiting Time : 626.30 cycles	Throughput : 2.315
Batch N° 4 : Mean Response Time : 1808.71 cycles	Mean Waiting Time : 895.98 cycles	Throughput : 2.412
Batch N° 5 : Mean Response Time : 2051.67 cycles	Mean Waiting Time : 1135.68 cycles	Throughput : 2.459
Batch N° 6 : Mean Response Time : 2263.50 cycles	Mean Waiting Time : 1345.65 cycles	Throughput : 2.409
Batch N° 7 : Mean Response Time : 2532.36 cycles	Mean Waiting Time : 1608.27 cycles	Throughput : 2.493
Batch N° 8 : Mean Response Time : 2793.44 cycles	Mean Waiting Time : 1858.62 cycles	Throughput : 2.448
Batch N° 9 : Mean Response Time : 3018.87 cycles	Mean Waiting Time : 2072.47 cycles	Throughput : 2.488
Batch N°10 : Mean Response Time : 3233.92 cycles	Mean Waiting Time : 2298.15 cycles	Throughput : 2.385

End Of The Simulation at T= 8998.40 cycles
Injection Rate : 180
Batch Size : 2000
Number of Batches : 10
Number of Clients Served : 20000
Overall Response Time : 2124.31 cycles
Overall Waiting  Time : 1233.11 cycles
Overall Throughput : 2.303 
Standard Deviation Response Time : 797.79352 cycles
Standard Deviation Waiting  Time : 735.24847 cycles
Standard Deviation Throughput : 0.357080 