Simulation Starting Time 2021-09-04 04:19:49
Welcome to Network-On-Chip ExpressCube Simulator 
This simulator was designed based on The Discrete Event Simulation.
It's a final year project to obtain the Master Degree
Student developer : Ziraoui Zakaria 
Supervisor: Prof. Mohamed Ould-Khaoua

Network Simulation Parameters :

Topology : 16 x 16 Express Cube with 2 Hops
Number of Nodes  : 256 
Routing : Dimension-ordered (DOR)
Traffic : Hotspot [8][8]
Message length : 32 phits
Injection Rate : 9200
Transmission Time Normal  Links : 64 Cycles
Transmission Time Express Links : 64 Cycles
Batch Means Method : Yes

Please wait, Simulation has been started...

Batch N° 1 : Mean Response Time : 400.89 cycles	Mean Waiting Time : 5.38 cycles	Throughput : 0.032
Batch N° 2 : Mean Response Time : 387.97 cycles	Mean Waiting Time : 0.60 cycles	Throughput : 0.027
Batch N° 3 : Mean Response Time : 384.01 cycles	Mean Waiting Time : 0.83 cycles	Throughput : 0.027
Batch N° 4 : Mean Response Time : 393.16 cycles	Mean Waiting Time : 0.93 cycles	Throughput : 0.028
Batch N° 5 : Mean Response Time : 395.49 cycles	Mean Waiting Time : 0.81 cycles	Throughput : 0.029
Batch N° 6 : Mean Response Time : 388.65 cycles	Mean Waiting Time : 0.98 cycles	Throughput : 0.028
Batch N° 7 : Mean Response Time : 393.99 cycles	Mean Waiting Time : 0.63 cycles	Throughput : 0.028
Batch N° 8 : Mean Response Time : 399.88 cycles	Mean Waiting Time : 0.68 cycles	Throughput : 0.029
Batch N° 9 : Mean Response Time : 394.29 cycles	Mean Waiting Time : 0.67 cycles	Throughput : 0.027
Batch N°10 : Mean Response Time : 398.46 cycles	Mean Waiting Time : 0.71 cycles	Throughput : 0.027

End Of The Simulation at T= 712128.13 cycles
Injection Rate : 9200
Batch Size : 2000
Number of Batches : 10
Number of Clients Served : 20000
Overall Response Time : 393.68 cycles
Overall Waiting  Time : 1.22 cycles
Overall Throughput : 0.028 
Standard Deviation Response Time : 5.46417 cycles
Standard Deviation Waiting  Time : 1.46777 cycles
Standard Deviation Throughput : 0.001489 