Simulation Starting Time 2021-08-31 06:39:35
Welcome to Network-On-Chip 2D Mesh Simulator 
This simulator was designed based on The Discrete Event Simulation.
It's a final year project to obtain the Master Degree
Student developer : Ziraoui Zakaria 
Supervisor: Prof. Mohamed Ould-Khaoua

Network Simulation Parameters :

Topology : 32 x 32 Mesh 
Number of Nodes  : 1024 
Routing : Dimension-ordered (DOR)
Traffic : Uniform Random
Message length : 32 phits
Injection Rate : 100
Transmission Time : 32 Cycles
Batch Means Method : Yes

Please wait, Simulation has been started...

Batch N° 1 : Mean Response Time : 460.08 cycles	Mean Waiting Time : 76.76 cycles	Throughput : 2.083
Batch N° 2 : Mean Response Time : 792.19 cycles	Mean Waiting Time : 256.19 cycles	Throughput : 3.666
Batch N° 3 : Mean Response Time : 1005.51 cycles	Mean Waiting Time : 445.78 cycles	Throughput : 3.801
Batch N° 4 : Mean Response Time : 1229.04 cycles	Mean Waiting Time : 657.54 cycles	Throughput : 3.787
Batch N° 5 : Mean Response Time : 1422.03 cycles	Mean Waiting Time : 847.39 cycles	Throughput : 3.906
Batch N° 6 : Mean Response Time : 1594.78 cycles	Mean Waiting Time : 1018.51 cycles	Throughput : 4.114
Batch N° 7 : Mean Response Time : 1811.69 cycles	Mean Waiting Time : 1230.16 cycles	Throughput : 3.954
Batch N° 8 : Mean Response Time : 2004.74 cycles	Mean Waiting Time : 1416.91 cycles	Throughput : 3.994
Batch N° 9 : Mean Response Time : 2141.41 cycles	Mean Waiting Time : 1573.39 cycles	Throughput : 4.250
Batch N°10 : Mean Response Time : 2426.15 cycles	Mean Waiting Time : 1832.32 cycles	Throughput : 3.929

End Of The Simulation at T= 5544.39 cycles
Injection Rate : 100
Batch Size : 2000
Number of Batches : 10
Number of Clients Served : 20000
Overall Response Time : 1488.76 cycles
Overall Waiting  Time : 935.50 cycles
Overall Throughput : 3.748 
Standard Deviation Response Time : 626.73981 cycles
Standard Deviation Waiting  Time : 583.13409 cycles
Standard Deviation Throughput : 0.608167 