Simulation Starting Time 2021-09-01 06:08:42
Welcome to Network-On-Chip ExpressCube Simulator 
This simulator was designed based on The Discrete Event Simulation.
It's a final year project to obtain the Master Degree
Student developer : Ziraoui Zakaria 
Supervisor: Prof. Mohamed Ould-Khaoua

Network Simulation Parameters :

Topology : 16 x 16 Express Cube with 8 Hops
Number of Nodes  : 256 
Routing : Dimension-ordered (DOR)
Traffic : Hotspot [8][8]
Message length : 32 phits
Injection Rate : 100
Transmission Time Normal  Links : 32 Cycles
Transmission Time Express Links : 32 Cycles
Batch Means Method : Yes

Please wait, Simulation has been started...

Batch N° 1 : Mean Response Time : 393.64 cycles	Mean Waiting Time : 121.50 cycles	Throughput : 1.409
Batch N° 2 : Mean Response Time : 624.20 cycles	Mean Waiting Time : 326.77 cycles	Throughput : 1.698
Batch N° 3 : Mean Response Time : 779.48 cycles	Mean Waiting Time : 482.79 cycles	Throughput : 1.794
Batch N° 4 : Mean Response Time : 932.02 cycles	Mean Waiting Time : 636.92 cycles	Throughput : 1.793
Batch N° 5 : Mean Response Time : 1081.21 cycles	Mean Waiting Time : 783.27 cycles	Throughput : 1.774
Batch N° 6 : Mean Response Time : 1222.53 cycles	Mean Waiting Time : 929.44 cycles	Throughput : 1.789
Batch N° 7 : Mean Response Time : 1426.64 cycles	Mean Waiting Time : 1125.24 cycles	Throughput : 1.786
Batch N° 8 : Mean Response Time : 1560.85 cycles	Mean Waiting Time : 1260.91 cycles	Throughput : 1.786
Batch N° 9 : Mean Response Time : 1742.80 cycles	Mean Waiting Time : 1444.59 cycles	Throughput : 1.706
Batch N°10 : Mean Response Time : 1840.62 cycles	Mean Waiting Time : 1540.12 cycles	Throughput : 1.821

End Of The Simulation at T= 11582.83 cycles
Injection Rate : 100
Batch Size : 2000
Number of Batches : 10
Number of Clients Served : 20000
Overall Response Time : 1160.40 cycles
Overall Waiting  Time : 865.16 cycles
Overall Throughput : 1.736 
Standard Deviation Response Time : 484.87619 cycles
Standard Deviation Waiting  Time : 479.30499 cycles
Standard Deviation Throughput : 0.121249 