Simulation Starting Time 2021-08-31 06:33:02
Welcome to Network-On-Chip 2D Mesh Simulator 
This simulator was designed based on The Discrete Event Simulation.
It's a final year project to obtain the Master Degree
Student developer : Ziraoui Zakaria 
Supervisor: Prof. Mohamed Ould-Khaoua

Network Simulation Parameters :

Topology : 32 x 32 Mesh 
Number of Nodes  : 1024 
Routing : Dimension-ordered (DOR)
Traffic : Uniform Random
Message length : 32 phits
Injection Rate : 32000
Transmission Time : 32 Cycles
Batch Means Method : Yes

Please wait, Simulation has been started...

Batch N° 1 : Mean Response Time : 670.55 cycles	Mean Waiting Time : 2.01 cycles	Throughput : 0.066
Batch N° 2 : Mean Response Time : 650.89 cycles	Mean Waiting Time : 0.02 cycles	Throughput : 0.032
Batch N° 3 : Mean Response Time : 664.59 cycles	Mean Waiting Time : 0.03 cycles	Throughput : 0.033
Batch N° 4 : Mean Response Time : 666.23 cycles	Mean Waiting Time : 0.02 cycles	Throughput : 0.033
Batch N° 5 : Mean Response Time : 671.49 cycles	Mean Waiting Time : 0.00 cycles	Throughput : 0.032
Batch N° 6 : Mean Response Time : 665.13 cycles	Mean Waiting Time : 0.01 cycles	Throughput : 0.032
Batch N° 7 : Mean Response Time : 656.43 cycles	Mean Waiting Time : 0.02 cycles	Throughput : 0.033
Batch N° 8 : Mean Response Time : 667.60 cycles	Mean Waiting Time : 0.00 cycles	Throughput : 0.032
Batch N° 9 : Mean Response Time : 674.68 cycles	Mean Waiting Time : 0.03 cycles	Throughput : 0.032
Batch N°10 : Mean Response Time : 673.39 cycles	Mean Waiting Time : 0.03 cycles	Throughput : 0.032

End Of The Simulation at T= 589601.00 cycles
Injection Rate : 32000
Batch Size : 2000
Number of Batches : 10
Number of Clients Served : 20000
Overall Response Time : 666.10 cycles
Overall Waiting  Time : 0.22 cycles
Overall Throughput : 0.036 
Standard Deviation Response Time : 7.49714 cycles
Standard Deviation Waiting  Time : 0.62948 cycles
Standard Deviation Throughput : 0.010692 