Simulation Starting Time 2021-09-01 06:41:53
Welcome to Network-On-Chip ExpressCube Simulator 
This simulator was designed based on The Discrete Event Simulation.
It's a final year project to obtain the Master Degree
Student developer : Ziraoui Zakaria 
Supervisor: Prof. Mohamed Ould-Khaoua

Network Simulation Parameters :

Topology : 32 x 32 Express Cube with 8 Hops
Number of Nodes  : 1024 
Routing : Dimension-ordered (DOR)
Traffic : Hotspot [16][16]
Message length : 32 phits
Injection Rate : 160
Transmission Time Normal  Links : 32 Cycles
Transmission Time Express Links : 32 Cycles
Batch Means Method : Yes

Please wait, Simulation has been started...

Batch N° 1 : Mean Response Time : 311.66 cycles	Mean Waiting Time : 26.89 cycles	Throughput : 2.976
Batch N° 2 : Mean Response Time : 437.10 cycles	Mean Waiting Time : 72.40 cycles	Throughput : 4.464
Batch N° 3 : Mean Response Time : 485.07 cycles	Mean Waiting Time : 110.70 cycles	Throughput : 4.464
Batch N° 4 : Mean Response Time : 542.50 cycles	Mean Waiting Time : 164.80 cycles	Throughput : 4.458
Batch N° 5 : Mean Response Time : 583.42 cycles	Mean Waiting Time : 204.95 cycles	Throughput : 4.471
Batch N° 6 : Mean Response Time : 602.73 cycles	Mean Waiting Time : 229.94 cycles	Throughput : 4.469
Batch N° 7 : Mean Response Time : 680.21 cycles	Mean Waiting Time : 299.89 cycles	Throughput : 4.608
Batch N° 8 : Mean Response Time : 711.76 cycles	Mean Waiting Time : 334.59 cycles	Throughput : 4.713
Batch N° 9 : Mean Response Time : 749.20 cycles	Mean Waiting Time : 371.69 cycles	Throughput : 4.567
Batch N°10 : Mean Response Time : 801.15 cycles	Mean Waiting Time : 427.79 cycles	Throughput : 4.845

End Of The Simulation at T= 4620.65 cycles
Injection Rate : 160
Batch Size : 2000
Number of Batches : 10
Number of Clients Served : 20000
Overall Response Time : 590.48 cycles
Overall Waiting  Time : 224.36 cycles
Overall Throughput : 4.404 
Standard Deviation Response Time : 151.73718 cycles
Standard Deviation Waiting  Time : 133.29350 cycles
Standard Deviation Throughput : 0.518096 