Simulation Starting Time 2021-09-01 06:08:33
Welcome to Network-On-Chip ExpressCube Simulator 
This simulator was designed based on The Discrete Event Simulation.
It's a final year project to obtain the Master Degree
Student developer : Ziraoui Zakaria 
Supervisor: Prof. Mohamed Ould-Khaoua

Network Simulation Parameters :

Topology : 16 x 16 Express Cube with 8 Hops
Number of Nodes  : 256 
Routing : Dimension-ordered (DOR)
Traffic : Hotspot [8][8]
Message length : 32 phits
Injection Rate : 180
Transmission Time Normal  Links : 32 Cycles
Transmission Time Express Links : 32 Cycles
Batch Means Method : Yes

Please wait, Simulation has been started...

Batch N° 1 : Mean Response Time : 352.17 cycles	Mean Waiting Time : 76.25 cycles	Throughput : 1.157
Batch N° 2 : Mean Response Time : 451.55 cycles	Mean Waiting Time : 152.71 cycles	Throughput : 1.228
Batch N° 3 : Mean Response Time : 522.42 cycles	Mean Waiting Time : 229.13 cycles	Throughput : 1.210
Batch N° 4 : Mean Response Time : 588.50 cycles	Mean Waiting Time : 291.58 cycles	Throughput : 1.190
Batch N° 5 : Mean Response Time : 627.80 cycles	Mean Waiting Time : 339.77 cycles	Throughput : 1.206
Batch N° 6 : Mean Response Time : 719.88 cycles	Mean Waiting Time : 422.49 cycles	Throughput : 1.261
Batch N° 7 : Mean Response Time : 740.07 cycles	Mean Waiting Time : 448.72 cycles	Throughput : 1.200
Batch N° 8 : Mean Response Time : 829.44 cycles	Mean Waiting Time : 536.17 cycles	Throughput : 1.214
Batch N° 9 : Mean Response Time : 876.96 cycles	Mean Waiting Time : 583.29 cycles	Throughput : 1.222
Batch N°10 : Mean Response Time : 927.71 cycles	Mean Waiting Time : 624.19 cycles	Throughput : 1.235

End Of The Simulation at T= 16505.57 cycles
Injection Rate : 180
Batch Size : 2000
Number of Batches : 10
Number of Clients Served : 20000
Overall Response Time : 663.65 cycles
Overall Waiting  Time : 370.43 cycles
Overall Throughput : 1.212 
Standard Deviation Response Time : 188.74075 cycles
Standard Deviation Waiting  Time : 184.71799 cycles
Standard Deviation Throughput : 0.027711 