Simulation Starting Time 2021-09-04 04:23:54
Welcome to Network-On-Chip ExpressCube Simulator 
This simulator was designed based on The Discrete Event Simulation.
It's a final year project to obtain the Master Degree
Student developer : Ziraoui Zakaria 
Supervisor: Prof. Mohamed Ould-Khaoua

Network Simulation Parameters :

Topology : 16 x 16 Express Cube with 8 Hops
Number of Nodes  : 256 
Routing : Dimension-ordered (DOR)
Traffic : Hotspot [8][8]
Message length : 32 phits
Injection Rate : 250
Transmission Time Normal  Links : 160 Cycles
Transmission Time Express Links : 160 Cycles
Batch Means Method : Yes

Please wait, Simulation has been started...

Batch N° 1 : Mean Response Time : 2122.36 cycles	Mean Waiting Time : 883.39 cycles	Throughput : 0.329
Batch N° 2 : Mean Response Time : 4128.89 cycles	Mean Waiting Time : 2694.44 cycles	Throughput : 0.410
Batch N° 3 : Mean Response Time : 5753.80 cycles	Mean Waiting Time : 4327.22 cycles	Throughput : 0.409
Batch N° 4 : Mean Response Time : 7589.83 cycles	Mean Waiting Time : 6129.42 cycles	Throughput : 0.417
Batch N° 5 : Mean Response Time : 8985.30 cycles	Mean Waiting Time : 7566.74 cycles	Throughput : 0.431
Batch N° 6 : Mean Response Time : 10766.10 cycles	Mean Waiting Time : 9312.80 cycles	Throughput : 0.431
Batch N° 7 : Mean Response Time : 12070.27 cycles	Mean Waiting Time : 10644.31 cycles	Throughput : 0.440
Batch N° 8 : Mean Response Time : 13660.29 cycles	Mean Waiting Time : 12205.68 cycles	Throughput : 0.435
Batch N° 9 : Mean Response Time : 15318.79 cycles	Mean Waiting Time : 13855.61 cycles	Throughput : 0.432
Batch N°10 : Mean Response Time : 16113.45 cycles	Mean Waiting Time : 14672.37 cycles	Throughput : 0.440

End Of The Simulation at T= 48221.89 cycles
Injection Rate : 250
Batch Size : 2000
Number of Batches : 10
Number of Clients Served : 20000
Overall Response Time : 9650.91 cycles
Overall Waiting  Time : 8229.20 cycles
Overall Throughput : 0.418 
Standard Deviation Response Time : 4762.25537 cycles
Standard Deviation Waiting  Time : 4721.79492 cycles
Standard Deviation Throughput : 0.033174 