Simulation Starting Time 2021-08-31 05:31:31
Welcome to Network-On-Chip ExpressCube Simulator 
This simulator was designed based on The Discrete Event Simulation.
It's a final year project to obtain the Master Degree
Student developer : Ziraoui Zakaria 
Supervisor: Prof. Mohamed Ould-Khaoua

Network Simulation Parameters :

Topology : 8 x 8 Express Cube with 4 Hops
Number of Nodes  : 64 
Routing : Dimension-ordered (DOR)
Traffic : Uniform Random
Message length : 32 phits
Injection Rate : 160
Transmission Time Normal  Links : 32 Cycles
Transmission Time Express Links : 32 Cycles
Batch Means Method : Yes

Please wait, Simulation has been started...

Batch N° 1 : Mean Response Time : 160.35 cycles	Mean Waiting Time : 13.67 cycles	Throughput : 0.398
Batch N° 2 : Mean Response Time : 158.24 cycles	Mean Waiting Time : 12.20 cycles	Throughput : 0.375
Batch N° 3 : Mean Response Time : 157.72 cycles	Mean Waiting Time : 12.10 cycles	Throughput : 0.398
Batch N° 4 : Mean Response Time : 155.37 cycles	Mean Waiting Time : 11.46 cycles	Throughput : 0.385
Batch N° 5 : Mean Response Time : 158.12 cycles	Mean Waiting Time : 12.29 cycles	Throughput : 0.387
Batch N° 6 : Mean Response Time : 161.31 cycles	Mean Waiting Time : 12.62 cycles	Throughput : 0.408
Batch N° 7 : Mean Response Time : 160.42 cycles	Mean Waiting Time : 14.29 cycles	Throughput : 0.409
Batch N° 8 : Mean Response Time : 157.79 cycles	Mean Waiting Time : 13.14 cycles	Throughput : 0.408
Batch N° 9 : Mean Response Time : 156.77 cycles	Mean Waiting Time : 11.49 cycles	Throughput : 0.396
Batch N°10 : Mean Response Time : 157.15 cycles	Mean Waiting Time : 11.06 cycles	Throughput : 0.398

End Of The Simulation at T= 50526.17 cycles
Injection Rate : 160
Batch Size : 2000
Number of Batches : 10
Number of Clients Served : 20000
Overall Response Time : 158.32 cycles
Overall Waiting  Time : 12.43 cycles
Overall Throughput : 0.396 
Standard Deviation Response Time : 1.84636 cycles
Standard Deviation Waiting  Time : 1.02300 cycles
Standard Deviation Throughput : 0.010950 