Simulation Starting Time 2021-09-04 04:54:11
Welcome to Network-On-Chip ExpressCube Simulator 
This simulator was designed based on The Discrete Event Simulation.
It's a final year project to obtain the Master Degree
Student developer : Ziraoui Zakaria 
Supervisor: Prof. Mohamed Ould-Khaoua

Network Simulation Parameters :

Topology : 32 x 32 Express Cube with 4 Hops
Number of Nodes  : 1024 
Routing : Dimension-ordered (DOR)
Traffic : Hotspot [16][16]
Message length : 32 phits
Injection Rate : 32000
Transmission Time Normal  Links : 96 Cycles
Transmission Time Express Links : 96 Cycles
Batch Means Method : Yes

Please wait, Simulation has been started...

Batch N° 1 : Mean Response Time : 1037.87 cycles	Mean Waiting Time : 119.65 cycles	Throughput : 0.063
Batch N° 2 : Mean Response Time : 868.68 cycles	Mean Waiting Time : 3.17 cycles	Throughput : 0.033
Batch N° 3 : Mean Response Time : 876.06 cycles	Mean Waiting Time : 3.04 cycles	Throughput : 0.034
Batch N° 4 : Mean Response Time : 890.74 cycles	Mean Waiting Time : 1.63 cycles	Throughput : 0.032
Batch N° 5 : Mean Response Time : 879.85 cycles	Mean Waiting Time : 1.48 cycles	Throughput : 0.033
Batch N° 6 : Mean Response Time : 872.31 cycles	Mean Waiting Time : 2.29 cycles	Throughput : 0.032
Batch N° 7 : Mean Response Time : 901.68 cycles	Mean Waiting Time : 2.29 cycles	Throughput : 0.033
Batch N° 8 : Mean Response Time : 872.48 cycles	Mean Waiting Time : 1.51 cycles	Throughput : 0.032
Batch N° 9 : Mean Response Time : 865.95 cycles	Mean Waiting Time : 1.45 cycles	Throughput : 0.032
Batch N°10 : Mean Response Time : 857.41 cycles	Mean Waiting Time : 2.32 cycles	Throughput : 0.033

End Of The Simulation at T= 582972.75 cycles
Injection Rate : 32000
Batch Size : 2000
Number of Batches : 10
Number of Clients Served : 20000
Overall Response Time : 892.30 cycles
Overall Waiting  Time : 13.88 cycles
Overall Throughput : 0.036 
Standard Deviation Response Time : 52.66396 cycles
Standard Deviation Waiting  Time : 37.16899 cycles
Standard Deviation Throughput : 0.009539 