Simulation Starting Time 2021-08-31 05:59:29
Welcome to Network-On-Chip ExpressCube Simulator 
This simulator was designed based on The Discrete Event Simulation.
It's a final year project to obtain the Master Degree
Student developer : Ziraoui Zakaria 
Supervisor: Prof. Mohamed Ould-Khaoua

Network Simulation Parameters :

Topology : 16 x 16 Express Cube with 4 Hops
Number of Nodes  : 256 
Routing : Dimension-ordered (DOR)
Traffic : Uniform Random
Message length : 32 phits
Injection Rate : 70
Transmission Time Normal  Links : 32 Cycles
Transmission Time Express Links : 32 Cycles
Batch Means Method : Yes

Please wait, Simulation has been started...

Batch N° 1 : Mean Response Time : 270.35 cycles	Mean Waiting Time : 68.72 cycles	Throughput : 2.157
Batch N° 2 : Mean Response Time : 403.97 cycles	Mean Waiting Time : 181.01 cycles	Throughput : 2.970
Batch N° 3 : Mean Response Time : 499.04 cycles	Mean Waiting Time : 268.11 cycles	Throughput : 2.974
Batch N° 4 : Mean Response Time : 552.38 cycles	Mean Waiting Time : 324.50 cycles	Throughput : 2.863
Batch N° 5 : Mean Response Time : 611.35 cycles	Mean Waiting Time : 387.48 cycles	Throughput : 3.045
Batch N° 6 : Mean Response Time : 668.38 cycles	Mean Waiting Time : 444.35 cycles	Throughput : 2.940
Batch N° 7 : Mean Response Time : 734.70 cycles	Mean Waiting Time : 505.50 cycles	Throughput : 3.000
Batch N° 8 : Mean Response Time : 808.56 cycles	Mean Waiting Time : 584.26 cycles	Throughput : 2.961
Batch N° 9 : Mean Response Time : 865.68 cycles	Mean Waiting Time : 637.93 cycles	Throughput : 2.998
Batch N°10 : Mean Response Time : 1004.00 cycles	Mean Waiting Time : 772.99 cycles	Throughput : 3.030

End Of The Simulation at T= 6978.13 cycles
Injection Rate : 70
Batch Size : 2000
Number of Batches : 10
Number of Clients Served : 20000
Overall Response Time : 641.84 cycles
Overall Waiting  Time : 417.48 cycles
Overall Throughput : 2.894 
Standard Deviation Response Time : 221.68610 cycles
Standard Deviation Waiting  Time : 216.19919 cycles
Standard Deviation Throughput : 0.263811 