Simulation Starting Time 2021-09-01 06:26:11
Welcome to Network-On-Chip ExpressCube Simulator 
This simulator was designed based on The Discrete Event Simulation.
It's a final year project to obtain the Master Degree
Student developer : Ziraoui Zakaria 
Supervisor: Prof. Mohamed Ould-Khaoua

Network Simulation Parameters :

Topology : 32 x 32 Express Cube with 2 Hops
Number of Nodes  : 1024 
Routing : Dimension-ordered (DOR)
Traffic : Hotspot [16][16]
Message length : 32 phits
Injection Rate : 180
Transmission Time Normal  Links : 32 Cycles
Transmission Time Express Links : 32 Cycles
Batch Means Method : Yes

Please wait, Simulation has been started...

Batch N° 1 : Mean Response Time : 356.16 cycles	Mean Waiting Time : 54.43 cycles	Throughput : 2.414
Batch N° 2 : Mean Response Time : 586.64 cycles	Mean Waiting Time : 194.96 cycles	Throughput : 3.521
Batch N° 3 : Mean Response Time : 699.83 cycles	Mean Waiting Time : 300.95 cycles	Throughput : 3.610
Batch N° 4 : Mean Response Time : 819.51 cycles	Mean Waiting Time : 419.85 cycles	Throughput : 3.851
Batch N° 5 : Mean Response Time : 928.05 cycles	Mean Waiting Time : 519.17 cycles	Throughput : 3.573
Batch N° 6 : Mean Response Time : 1025.95 cycles	Mean Waiting Time : 622.05 cycles	Throughput : 3.657
Batch N° 7 : Mean Response Time : 1144.55 cycles	Mean Waiting Time : 734.64 cycles	Throughput : 3.707
Batch N° 8 : Mean Response Time : 1205.69 cycles	Mean Waiting Time : 803.33 cycles	Throughput : 3.779
Batch N° 9 : Mean Response Time : 1344.09 cycles	Mean Waiting Time : 933.88 cycles	Throughput : 3.713
Batch N°10 : Mean Response Time : 1395.98 cycles	Mean Waiting Time : 987.42 cycles	Throughput : 3.786

End Of The Simulation at T= 5712.21 cycles
Injection Rate : 180
Batch Size : 2000
Number of Batches : 10
Number of Clients Served : 20000
Overall Response Time : 950.64 cycles
Overall Waiting  Time : 557.07 cycles
Overall Throughput : 3.561 
Standard Deviation Response Time : 337.96268 cycles
Standard Deviation Waiting  Time : 315.03494 cycles
Standard Deviation Throughput : 0.415869 