Simulation Starting Time 2021-09-02 06:20:41
Welcome to Network-On-Chip ExpressCube Simulator 
This simulator was designed based on The Discrete Event Simulation.
It's a final year project to obtain the Master Degree
Student developer : Ziraoui Zakaria 
Supervisor: Prof. Mohamed Ould-Khaoua

Network Simulation Parameters :

Topology : 16 x 16 Express Cube with 8 Hops
Number of Nodes  : 256 
Routing : Dimension-ordered (DOR)
Traffic : Uniform Random
Message length : 32 phits
Injection Rate : 300
Transmission Time Normal  Links : 160 Cycles
Transmission Time Express Links : 160 Cycles
Batch Means Method : Yes

Please wait, Simulation has been started...

Batch N° 1 : Mean Response Time : 1996.66 cycles	Mean Waiting Time : 742.41 cycles	Throughput : 0.347
Batch N° 2 : Mean Response Time : 3789.62 cycles	Mean Waiting Time : 2341.66 cycles	Throughput : 0.432
Batch N° 3 : Mean Response Time : 5263.46 cycles	Mean Waiting Time : 3818.66 cycles	Throughput : 0.446
Batch N° 4 : Mean Response Time : 6747.45 cycles	Mean Waiting Time : 5282.42 cycles	Throughput : 0.446
Batch N° 5 : Mean Response Time : 8391.76 cycles	Mean Waiting Time : 6918.25 cycles	Throughput : 0.446
Batch N° 6 : Mean Response Time : 9371.72 cycles	Mean Waiting Time : 7913.27 cycles	Throughput : 0.456
Batch N° 7 : Mean Response Time : 10764.22 cycles	Mean Waiting Time : 9300.80 cycles	Throughput : 0.437
Batch N° 8 : Mean Response Time : 12161.81 cycles	Mean Waiting Time : 10707.95 cycles	Throughput : 0.432
Batch N° 9 : Mean Response Time : 13484.52 cycles	Mean Waiting Time : 12030.28 cycles	Throughput : 0.460
Batch N°10 : Mean Response Time : 14324.50 cycles	Mean Waiting Time : 12875.10 cycles	Throughput : 0.465

End Of The Simulation at T= 46080.00 cycles
Injection Rate : 300
Batch Size : 2000
Number of Batches : 10
Number of Clients Served : 20000
Overall Response Time : 8629.57 cycles
Overall Waiting  Time : 7193.08 cycles
Overall Throughput : 0.437 
Standard Deviation Response Time : 4162.49414 cycles
Standard Deviation Waiting  Time : 4126.60352 cycles
Standard Deviation Throughput : 0.033576 