Simulation Starting Time 2021-08-31 05:57:50
Welcome to Network-On-Chip ExpressCube Simulator 
This simulator was designed based on The Discrete Event Simulation.
It's a final year project to obtain the Master Degree
Student developer : Ziraoui Zakaria 
Supervisor: Prof. Mohamed Ould-Khaoua

Network Simulation Parameters :

Topology : 16 x 16 Express Cube with 2 Hops
Number of Nodes  : 256 
Routing : Dimension-ordered (DOR)
Traffic : Uniform Random
Message length : 32 phits
Injection Rate : 300
Transmission Time Normal  Links : 32 Cycles
Transmission Time Express Links : 32 Cycles
Batch Means Method : Yes

Please wait, Simulation has been started...

Batch N° 1 : Mean Response Time : 225.27 cycles	Mean Waiting Time : 10.76 cycles	Throughput : 0.862
Batch N° 2 : Mean Response Time : 228.23 cycles	Mean Waiting Time : 7.34 cycles	Throughput : 0.850
Batch N° 3 : Mean Response Time : 224.20 cycles	Mean Waiting Time : 7.61 cycles	Throughput : 0.852
Batch N° 4 : Mean Response Time : 220.59 cycles	Mean Waiting Time : 8.09 cycles	Throughput : 0.861
Batch N° 5 : Mean Response Time : 227.75 cycles	Mean Waiting Time : 7.98 cycles	Throughput : 0.836
Batch N° 6 : Mean Response Time : 229.95 cycles	Mean Waiting Time : 8.53 cycles	Throughput : 0.862
Batch N° 7 : Mean Response Time : 239.02 cycles	Mean Waiting Time : 11.41 cycles	Throughput : 0.845
Batch N° 8 : Mean Response Time : 228.22 cycles	Mean Waiting Time : 7.36 cycles	Throughput : 0.822
Batch N° 9 : Mean Response Time : 232.07 cycles	Mean Waiting Time : 9.19 cycles	Throughput : 0.861
Batch N°10 : Mean Response Time : 228.21 cycles	Mean Waiting Time : 8.40 cycles	Throughput : 0.863

End Of The Simulation at T= 23496.21 cycles
Injection Rate : 300
Batch Size : 2000
Number of Batches : 10
Number of Clients Served : 20000
Overall Response Time : 228.35 cycles
Overall Waiting  Time : 8.67 cycles
Overall Throughput : 0.851 
Standard Deviation Response Time : 4.91640 cycles
Standard Deviation Waiting  Time : 1.39877 cycles
Standard Deviation Throughput : 0.013831 