Simulation Starting Time 2021-09-01 06:40:42
Welcome to Network-On-Chip ExpressCube Simulator 
This simulator was designed based on The Discrete Event Simulation.
It's a final year project to obtain the Master Degree
Student developer : Ziraoui Zakaria 
Supervisor: Prof. Mohamed Ould-Khaoua

Network Simulation Parameters :

Topology : 32 x 32 Express Cube with 8 Hops
Number of Nodes  : 1024 
Routing : Dimension-ordered (DOR)
Traffic : Hotspot [16][16]
Message length : 32 phits
Injection Rate : 350
Transmission Time Normal  Links : 32 Cycles
Transmission Time Express Links : 32 Cycles
Batch Means Method : Yes

Please wait, Simulation has been started...

Batch N° 1 : Mean Response Time : 343.06 cycles	Mean Waiting Time : 18.86 cycles	Throughput : 2.281
Batch N° 2 : Mean Response Time : 454.39 cycles	Mean Waiting Time : 53.31 cycles	Throughput : 2.569
Batch N° 3 : Mean Response Time : 461.56 cycles	Mean Waiting Time : 64.41 cycles	Throughput : 2.459
Batch N° 4 : Mean Response Time : 480.29 cycles	Mean Waiting Time : 84.75 cycles	Throughput : 2.486
Batch N° 5 : Mean Response Time : 492.87 cycles	Mean Waiting Time : 90.56 cycles	Throughput : 2.548
Batch N° 6 : Mean Response Time : 504.53 cycles	Mean Waiting Time : 113.71 cycles	Throughput : 2.446
Batch N° 7 : Mean Response Time : 503.73 cycles	Mean Waiting Time : 115.15 cycles	Throughput : 2.486
Batch N° 8 : Mean Response Time : 538.63 cycles	Mean Waiting Time : 148.64 cycles	Throughput : 2.410
Batch N° 9 : Mean Response Time : 543.10 cycles	Mean Waiting Time : 155.27 cycles	Throughput : 2.479
Batch N°10 : Mean Response Time : 587.65 cycles	Mean Waiting Time : 187.57 cycles	Throughput : 2.583

End Of The Simulation at T= 8091.23 cycles
Injection Rate : 350
Batch Size : 2000
Number of Batches : 10
Number of Clients Served : 20000
Overall Response Time : 490.98 cycles
Overall Waiting  Time : 103.22 cycles
Overall Throughput : 2.475 
Standard Deviation Response Time : 65.72731 cycles
Standard Deviation Waiting  Time : 51.37414 cycles
Standard Deviation Throughput : 0.087550 